[2015/11/28 - 17:30:21] Thong Vu has deleted BusinessID 54.
[2015/11/28 - 17:30:28] Thong Vu has deleted BusinessID 96.
[2015/11/28 - 17:31:56] Thong Vu has deleted BusinessID 44.
[2015/11/28 - 19:34:56] Thong Vu has changed BusinessID 1's Exterior to X:-2442.633056 Y:755.099670 Z:35.171875
[2015/11/28 - 19:34:59] Thong Vu has changed BusinessID 1's Exterior to X:-2442.627441 Y:755.227355 Z:35.171875
[2015/11/28 - 19:41:57] Thong Vu has changed BusinessID 2's Exterior to X:-1702.543823 Y:1257.505249 Z:7.179687
[2015/11/28 - 20:06:22] Thong Vu has changed BusinessID 9's Exterior to X:-1808.680419 Y:945.940246 Z:24.890625
[2015/11/28 - 20:07:22] Thong Vu has deleted BusinessID 13.
[2015/11/28 - 20:09:05] Thong Vu has deleted BusinessID 18.
[2015/11/28 - 20:09:41] Thong Vu has changed BusinessID 20's Exterior to X:-2355.817138 Y:1008.195800 Z:50.898437
[2015/11/28 - 20:09:52] Thong Vu has deleted BusinessID 21.
[2015/11/28 - 20:11:37] Thong Vu has changed BusinessID 24's Exterior to X:-2551.520996 Y:552.206909 Z:14.613033
[2015/11/28 - 20:13:02] Thong Vu has changed BusinessID 26's Exterior to X:-2373.774414 Y:910.191772 Z:45.445312
[2015/11/28 - 20:13:34] Thong Vu has changed BusinessID 27's Exterior to X:-2625.963867 Y:208.244522 Z:4.812500
[2015/11/28 - 20:14:01] Thong Vu has changed BusinessID 28's Exterior to X:-2586.323974 Y:552.095886 Z:14.609375
[2015/11/28 - 20:15:00] Thong Vu has changed BusinessID 31's Exterior to X:-1882.201049 Y:866.446716 Z:35.171875
[2015/11/28 - 20:16:31] Thong Vu has changed BusinessID 32's Exterior to X:-2645.053710 Y:552.206115 Z:14.609375
[2015/11/28 - 20:34:15] Thong Vu has deleted BusinessID 97.
[2015/11/28 - 20:35:54] Thong Vu has deleted BusinessID 50.
[2016/1/31 - 15:38:35] Bee Lee has changed BusinessID 44's Exterior to X:-2107.004150 Y:-194.450195 Z:35.320312
[2016/1/31 - 15:38:59] Bee Lee has edited business ID 44's name to Phong an Avengers.
[2016/1/31 - 15:39:31] Bee Lee has changed BusinessID 44's Supply Point to X:-2107.228759 Y:-195.060668 Z:35.320312
[2016/1/31 - 15:39:40] Bee Lee has changed BusinessID 44's Supply Point to X:-2106.467285 Y:-196.082138 Z:35.320312
[2016/1/31 - 15:39:46] Bee Lee has changed BusinessID 44's Supply Point to X:-2106.674804 Y:-196.735855 Z:35.320312
[2016/1/31 - 15:39:55] Bee Lee has changed BusinessID 44's Supply Point to X:-2106.964355 Y:-196.029739 Z:35.320312
[2016/1/31 - 15:40:05] Bee Lee has changed BusinessID 44's Inventory to 0.
[2016/1/31 - 15:40:08] Bee Lee has changed BusinessID 44's Inventory to 1.
[2016/1/31 - 15:40:26] Bee Lee has changed BusinessID 1's vw to 0
[2016/1/31 - 15:40:42] Bee Lee has deleted BusinessID 44.
[2016/1/31 - 15:45:38] Bee Lee has changed BusinessID 44's Exterior to X:-2106.860351 Y:-194.455276 Z:35.320312
[2016/1/31 - 15:46:32] Bee Lee has changed BusinessID 44's Interior to X:6.009588 Y:-31.767210 Z:1003.549438
[2016/1/31 - 15:47:30] Bee Lee has changed BusinessID 44's Interior to X:362.913665 Y:-75.209548 Z:1001.507812
[2016/1/31 - 15:47:54] Bee Lee has changed BusinessID 44's Inventory Capacity to 0.
[2016/1/31 - 15:48:20] Bee Lee has changed BusinessID 44's safe to 1.
[2016/1/31 - 15:49:19] Bee Lee has changed BusinessID 44's Months to 1
[2016/1/31 - 15:49:39] Bee Lee has changed BusinessID 44's Grade to 1
[2016/1/31 - 15:49:49] Bee Lee has changed BusinessID 44's vw to 1
[2016/1/31 - 15:51:34] Bee Lee has changed BusinessID 44's Type to Tram xang (1).
[2016/1/31 - 15:51:37] Bee Lee has changed BusinessID 44's Type to Tram xang (1).
[2016/1/31 - 15:51:38] Bee Lee has changed BusinessID 44's Type to Shop quan ao (2).
[2016/1/31 - 15:51:39] Bee Lee has changed BusinessID 44's Type to Nha hang (3).
[2016/1/31 - 15:53:03] Bee Lee has changed BusinessID 44's vw to 11
[2016/1/31 - 15:53:36] Bee Lee has changed BusinessID 44's Months to 4444
[2016/1/31 - 15:54:11] Bee Lee has changed BusinessID 44's Inventory to 11.
[2016/1/31 - 15:54:22] Bee Lee has changed BusinessID 44's Inventory to -558038585.
[2016/1/31 - 15:54:31] Bee Lee has changed BusinessID 44's Inventory to 1111111111.
[2016/1/31 - 15:54:57] Bee Lee has edited business ID 44's name to Cua hang an Avengers.
[2016/2/1 - 18:08:23] Vila Anonymous has changed BusinessID 1's Price to $1.
[2016/2/1 - 18:08:42] Vila Anonymous has changed BusinessID 1's Price to $1000000.
[2016/2/1 - 18:08:44] Vila Anonymous has changed BusinessID 1's Price to $10000000.
[2016/2/1 - 18:09:10] Vila Anonymous has changed BusinessID 54's Price to $10000000.
[2016/2/1 - 18:09:16] Vila Anonymous has changed BusinessID 96's Price to $10000000.
[2016/2/1 - 18:11:23] Vila Anonymous has changed BusinessID 22's Price to $10000000.
[2016/2/1 - 18:11:39] Vila Anonymous has changed BusinessID 31's Price to $10000000.
[2016/2/1 - 18:12:02] Vila Anonymous has changed BusinessID 26's Price to $10000000.
[2016/2/1 - 18:12:16] Vila Anonymous has changed BusinessID 28's Price to $10000000.
[2016/2/1 - 18:12:23] Vila Anonymous has changed BusinessID 29's Price to $10000000.
[2016/2/1 - 18:12:46] Vila Anonymous has changed BusinessID 34's Price to $10000000.
[2016/2/1 - 18:13:00] Vila Anonymous has changed BusinessID 37's Price to $10000000.
[2016/2/1 - 18:13:13] Vila Anonymous has changed BusinessID 45's Price to $10000000.
[2016/2/1 - 18:15:05] Vila Anonymous has changed BusinessID 60's Price to $100000000.
[2016/2/1 - 18:15:16] Vila Anonymous has changed BusinessID 62's Price to $100000000.
[2016/2/1 - 18:15:50] Vila Anonymous has changed BusinessID 63's Grade to 1
[2016/2/1 - 18:16:23] Vila Anonymous has changed BusinessID 64's Price to $10000000.
[2016/2/1 - 18:17:24] Vila Anonymous has changed BusinessID 78's Price to $10000000.
[2016/2/1 - 20:31:18] Bee Lee has changed BusinessID 44's Exterior to X:-2119.752441 Y:-194.447631 Z:35.320312
[2016/2/1 - 20:32:18] Bee Lee has changed BusinessID 44's Interior to X:372.397125 Y:-133.522994 Z:1001.492187
[2016/2/1 - 20:32:45] Bee Lee has changed BusinessID 44's Type to Khong xac dinh (0).
[2016/2/1 - 20:32:49] Bee Lee has changed BusinessID 44's Type to Tram xang (1).
[2016/2/1 - 20:32:50] Bee Lee has changed BusinessID 44's Type to Tram xang (1).
[2016/2/1 - 20:32:52] Bee Lee has changed BusinessID 44's Type to Shop quan ao (2).
[2016/2/1 - 20:32:53] Bee Lee has changed BusinessID 44's Type to Nha hang (3).
[2016/2/1 - 20:32:57] Bee Lee has changed BusinessID 44's Type to Shop vu khi (4).
[2016/2/1 - 20:32:58] Bee Lee has changed BusinessID 44's Type to Dai ly xe moi (5).
[2016/2/1 - 20:32:59] Bee Lee has changed BusinessID 44's Type to Dai ly xe cu (6).
[2016/2/1 - 20:33:01] Bee Lee has changed BusinessID 44's Type to Tram sua xe (7).
[2016/2/1 - 20:33:02] Bee Lee has changed BusinessID 44's Type to 24/7 (8).
[2016/2/1 - 20:33:04] Bee Lee has changed BusinessID 44's Type to Bar (9).
[2016/2/1 - 20:33:05] Bee Lee has changed BusinessID 44's Type to Club (10).
[2016/2/1 - 20:33:07] Bee Lee has changed BusinessID 44's Type to Shop nguoi lon (11).
[2016/2/1 - 20:33:08] Bee Lee has changed BusinessID 44's Type to Gym (12).
[2016/2/1 - 20:33:10] Bee Lee has changed BusinessID 44's Type to Khong xac dinh (13).
[2016/2/1 - 20:33:11] Bee Lee has changed BusinessID 44's Type to Khong xac dinh (14).
[2016/2/1 - 20:33:12] Bee Lee has changed BusinessID 44's Type to Shop nguoi lon (11).
[2016/2/1 - 20:33:14] Bee Lee has changed BusinessID 44's Type to Khong xac dinh (15).
[2016/2/1 - 20:33:15] Bee Lee has changed BusinessID 44's Type to Khong xac dinh (17).
[2016/2/1 - 20:33:17] Bee Lee has changed BusinessID 44's Type to Shop nguoi lon (11).
[2016/2/1 - 20:33:19] Bee Lee has changed BusinessID 44's Type to Khong xac dinh (0).
[2016/2/1 - 20:33:20] Bee Lee has changed BusinessID 44's Type to Tram xang (1).
[2016/2/1 - 20:33:22] Bee Lee has changed BusinessID 44's Type to Nha hang (3).
[2016/2/1 - 20:34:23] Bee Lee has changed BusinessID 44's Grade to 99999
[2016/2/1 - 20:35:30] Bee Lee has changed BusinessID 65's Exterior to X:-2106.848876 Y:-194.447021 Z:35.320312
[2016/2/1 - 20:35:44] Bee Lee has changed BusinessID 65's Type to Shop quan ao (2).
[2016/2/1 - 20:35:58] Bee Lee has edited business ID 65's name to Shop Quan Ao Avengers.
[2016/2/1 - 20:36:14] Bee Lee has changed BusinessID 65's Price to $0.
[2016/2/1 - 20:36:59] Bee Lee has changed BusinessID 65's Type to Nha hang (3).
[2016/2/1 - 20:37:01] Bee Lee has changed BusinessID 65's Type to Shop vu khi (4).
[2016/2/1 - 20:37:02] Bee Lee has changed BusinessID 65's Type to Dai ly xe moi (5).
[2016/2/1 - 20:37:04] Bee Lee has changed BusinessID 65's Type to Tram sua xe (7).
[2016/2/1 - 20:37:05] Bee Lee has changed BusinessID 65's Type to 24/7 (8).
[2016/2/1 - 20:37:07] Bee Lee has changed BusinessID 65's Type to Bar (9).
[2016/2/1 - 20:37:11] Bee Lee has changed BusinessID 65's Type to Club (10).
[2016/2/1 - 20:37:22] Bee Lee has edited business ID 65's name to Club Avengers.
[2016/2/1 - 20:37:33] Bee Lee has edited business ID 44's name to Cua hang an Avengers.
[2016/2/1 - 21:15:15] Ong Gia has changed BusinessID 1's Exterior to X:-2442.644775 Y:755.417480 Z:35.171875
[2016/2/2 - 8:04:41] Wing has changed BusinessID 97's Exterior to X:-1391.359375 Y:453.920654 Z:7.187500
[2016/2/2 - 8:04:54] Wing has changed BusinessID 97's Price to $1.
[2016/2/2 - 8:09:52] Wing has changed BusinessID 62's Price to $1.
[2016/2/2 - 8:10:10] Wing has changed BusinessID 97's Price to $100000000.
[2016/2/2 - 8:10:28] Wing has edited business ID 62's name to Wing's Pizza Stack.Boy.
[2016/2/2 - 8:10:43] Wing has edited business ID 62's name to Wing's Pizza Stack.Boy1.
[2016/2/2 - 8:10:45] Wing has edited business ID 62's name to Wing's Pizza Stack.Boy.
[2016/2/2 - 10:15:10] Vila has changed BusinessID 3's Price to $1.
[2016/2/2 - 10:15:28] Vila has edited business ID 3's name to Cua Hàng Kho Xang.
[2016/2/2 - 11:46:30] Bee Lee has changed BusinessID 65's Price to $0.
[2016/2/2 - 11:47:58] Bee Lee has changed BusinessID 44's Price to $0.
[2016/2/2 - 11:49:00] IS Vila has changed BusinessID 11's Price to $1.
[2016/2/2 - 11:50:09] IS Vila has edited business ID 11's name to Cua Hàng Vu Khí.
[2016/2/2 - 13:14:33] IS Vila has changed BusinessID 1's Price to $1.
[2016/2/2 - 13:15:17] IS Vila has changed BusinessID 1's Exterior to X:-2586.185058 Y:552.251892 Z:14.609375
[2016/2/2 - 13:25:37] IS Vila has changed BusinessID 3's Price to $1410065407.
[2016/2/2 - 13:25:42] IS Vila has changed BusinessID 3's Price to $99999999.
[2016/2/2 - 13:25:45] IS Vila has changed BusinessID 3's Price to $999999999.
[2016/2/2 - 14:22:56] IS Vila has changed BusinessID 30's Price to $1.
[2016/2/2 - 14:23:28] IS Vila has edited business ID 30's name to Cua Hàng Xe Hoi.
[2016/2/2 - 14:48:48] IS Vila has changed BusinessID 1's Price to $999999.
[2016/2/2 - 14:48:50] IS Vila has changed BusinessID 1's Price to $9999999.
[2016/2/2 - 14:48:51] IS Vila has changed BusinessID 1's Price to $99999999.
[2016/2/2 - 14:48:52] IS Vila has changed BusinessID 1's Price to $999999999.
[2016/2/2 - 15:04:24] David Vila has changed BusinessID 20's Exterior to X:-2551.828369 Y:552.094055 Z:14.613033
[2016/2/2 - 15:04:59] David Vila has deleted BusinessID 20.
[2016/2/2 - 16:30:02] David Vila has changed BusinessID 30's Price to $1100000000.
[2016/2/2 - 21:45:38] Bay Stone has changed BusinessID 1's Price to $0.
[2016/2/2 - 21:45:52] Bay Stone has changed BusinessID 1's Price to $999999999.
[2016/2/3 - 10:53:21] David Vila has edited business ID 30's name to The FBI Drift Killer.
[2016/2/3 - 20:21:57] David Vila has edited business ID 50's name to Cua hang Phuong Tien.
[2016/2/3 - 20:25:13] David Vila has edited business ID 9's name to Cua Hang Pizza.
[2016/2/3 - 20:26:56] David Vila has changed BusinessID 9's Exterior to X:-2576.996093 Y:553.816101 Z:14.609375
[2016/2/3 - 20:42:09] Kyo has changed BusinessID 78's Supply Point to X:1039.302124 Y:-1332.217285 Z:13.388064
[2016/2/4 - 10:28:34] Park Soeng Hip has changed BusinessID 2's Exterior to X:-2551.534423 Y:552.094116 Z:14.609375
[2016/2/4 - 10:28:45] Park Soeng Hip has changed BusinessID 2's Price to $1.
[2016/2/4 - 12:36:05] David Vila has changed BusinessID 1's Price to $1.
[2016/2/4 - 12:36:17] David Vila has changed BusinessID 1's Price to $9999999.
[2016/2/4 - 12:36:21] David Vila has changed BusinessID 1's Price to $999999999.
[2016/2/4 - 15:51:35] Dien Pro has changed BusinessID 5's Exterior to X:-2351.018310 Y:492.760955 Z:30.807975
[2016/2/4 - 15:53:27] Dien Pro has changed BusinessID 5's Price to $1.
[2016/2/4 - 20:18:55] David Vila has changed BusinessID 9's Exterior to X:-2565.123535 Y:556.266601 Z:14.468406
[2016/2/4 - 20:18:58] David Vila has changed BusinessID 9's Exterior to X:-2566.152587 Y:553.954467 Z:14.468406
[2016/2/5 - 0:52:15] Bee has changed BusinessID 20's Exterior to X:-2442.541015 Y:755.277832 Z:35.171875
[2016/2/5 - 0:52:24] Bee has changed BusinessID 20's Type to Tram xang (1).
[2016/2/5 - 0:52:25] Bee has changed BusinessID 20's Type to Shop quan ao (2).
[2016/2/5 - 0:52:27] Bee has changed BusinessID 20's Type to Nha hang (3).
[2016/2/5 - 0:52:28] Bee has changed BusinessID 20's Type to Shop vu khi (4).
[2016/2/5 - 0:52:30] Bee has changed BusinessID 20's Type to Dai ly xe moi (5).
[2016/2/5 - 0:52:31] Bee has changed BusinessID 20's Type to Dai ly xe cu (6).
[2016/2/5 - 0:52:32] Bee has changed BusinessID 20's Type to Tram sua xe (7).
[2016/2/5 - 0:52:33] Bee has changed BusinessID 20's Type to 24/7 (8).
[2016/2/5 - 0:53:07] Bee has changed BusinessID 20's Supply Point to X:-2448.507812 Y:749.627380 Z:35.171875
[2016/2/5 - 0:53:53] Bee has changed BusinessID 20's Grade to 20
[2016/2/5 - 0:55:17] Bee has changed BusinessID 20's Grade to 900
[2016/2/5 - 0:55:38] Bee has changed BusinessID 20's Price to $0.
[2016/2/5 - 0:56:01] Bee has edited BusinessID 20's CustomExterior.
[2016/2/5 - 0:56:17] Bee has edited BusinessID 20's CustomInterior.
[2016/2/5 - 0:58:09] Bee has changed BusinessID 20's Interior to X:-25.987043 Y:-188.168304 Z:1003.546875
[2016/2/5 - 15:51:28] Quang Vu has edited business ID 2's name to 24/7 <3.
[2016/2/5 - 15:51:38] Quang Vu has edited business ID 2's name to Dang Can ban' .
[2016/2/5 - 16:52:17] Quang Vu has edited business ID 20's name to Can Sell Biz.
[2016/2/5 - 18:01:21] Bee has edited business ID 20's name to shop.
[2016/2/5 - 19:02:46] David Vila has changed BusinessID 15's Price to $0.
[2016/2/5 - 19:03:18] David Vila has edited business ID 15's name to Warriors.
[2016/2/6 - 11:55:02] Andreas has changed BusinessID 9's Exterior to X:-2460.439453 Y:536.680236 Z:30.078125
[2016/2/6 - 11:59:08] Andreas has changed BusinessID 2's Exterior to X:-2548.111572 Y:552.182312 Z:14.609375
[2016/2/6 - 12:00:47] Andreas has changed BusinessID 19's Price to $1.
[2016/2/6 - 12:01:16] Andreas has changed BusinessID 19's Exterior to X:-2554.150390 Y:552.747375 Z:14.613033
[2016/2/6 - 12:01:19] Andreas has changed BusinessID 19's Exterior to X:-2554.075927 Y:552.095275 Z:14.609375
[2016/2/6 - 12:02:41] Andreas has changed BusinessID 19's Exterior to X:-2458.667236 Y:529.526794 Z:30.078125
[2016/2/6 - 12:03:03] Andreas has changed BusinessID 19's Exterior to X:-2554.185791 Y:552.100769 Z:14.609375
[2016/2/6 - 12:03:33] Andreas has changed BusinessID 9's Exterior to X:-2458.677734 Y:529.710449 Z:30.078125
[2016/2/6 - 12:03:55] Andreas has edited business ID 9's name to Pizza Drift .
[2016/2/6 - 18:08:19] Dong Hiep has changed BusinessID 2's Exterior to X:-2457.958740 Y:506.976318 Z:30.072143
[2016/2/7 - 14:04:16] Tung Van has changed BusinessID 2's Exterior to X:-2458.682128 Y:527.293884 Z:30.078125
[2016/2/7 - 14:06:26] Tung Van has deleted BusinessID 2.
[2016/2/7 - 14:07:05] Tung Van has changed BusinessID 3's Exterior to X:-2458.679687 Y:527.155700 Z:30.078125
[2016/2/7 - 14:07:27] Tung Van has changed BusinessID 3's Price to $1.
[2016/2/7 - 14:37:00] Phap SiuNhon has changed BusinessID 3's Exterior to X:-2460.596191 Y:536.986755 Z:30.078125
[2016/2/7 - 18:51:47] Bee Chee has changed BusinessID 65's Exterior to X:1996.094726 Y:934.233459 Z:852.933044
[2016/2/7 - 20:53:15] Park Soeng Hip has changed BusinessID 3's Exterior to X:-2457.925781 Y:526.789123 Z:30.078125
[2016/2/7 - 20:56:17] Park Soeng Hip has changed BusinessID 5's Exterior to X:-2458.001220 Y:507.030212 Z:30.072143
[2016/2/7 - 21:19:44] Park Soeng Hip has changed BusinessID 3's Type to Shop quan ao (2).
[2016/2/7 - 21:19:46] Park Soeng Hip has changed BusinessID 3's Type to Tram xang (1).
[2016/2/7 - 21:19:48] Park Soeng Hip has changed BusinessID 3's Type to Dai ly xe moi (5).
[2016/2/7 - 21:19:49] Park Soeng Hip has changed BusinessID 3's Type to Dai ly xe cu (6).
[2016/2/7 - 21:19:51] Park Soeng Hip has changed BusinessID 3's Type to Tram sua xe (7).
[2016/2/7 - 21:19:53] Park Soeng Hip has changed BusinessID 3's Type to Khong xac dinh (0).
[2016/2/7 - 21:19:54] Park Soeng Hip has changed BusinessID 31's Type to Khong xac dinh (0).
[2016/2/7 - 21:19:56] Park Soeng Hip has changed BusinessID 1's Type to Khong xac dinh (0).
[2016/2/7 - 21:19:58] Park Soeng Hip has changed BusinessID 2's Type to Khong xac dinh (0).
[2016/2/7 - 21:20:13] Park Soeng Hip has changed BusinessID 3's Type to Dai ly xe moi (5).
[2016/2/7 - 21:20:15] Park Soeng Hip has changed BusinessID 3's Type to Nha hang (3).
[2016/2/7 - 21:20:16] Park Soeng Hip has changed BusinessID 3's Type to Dai ly xe cu (6).
[2016/2/7 - 21:20:18] Park Soeng Hip has changed BusinessID 3's Type to Tram sua xe (7).
[2016/2/7 - 21:20:19] Park Soeng Hip has changed BusinessID 38's Type to Khong xac dinh (0).
[2016/2/7 - 21:20:21] Park Soeng Hip has changed BusinessID 35's Type to Khong xac dinh (0).
[2016/2/7 - 21:20:24] Park Soeng Hip has changed BusinessID 31's Type to Khong xac dinh (0).
[2016/2/7 - 21:20:27] Park Soeng Hip has changed BusinessID 1's Type to Khong xac dinh (0).
[2016/2/7 - 21:20:29] Park Soeng Hip has changed BusinessID 2's Type to Khong xac dinh (0).
[2016/2/7 - 21:20:36] Park Soeng Hip has changed BusinessID 3's Type to Khong xac dinh (0).
[2016/2/7 - 21:20:40] Park Soeng Hip has changed BusinessID 3's Type to Tram xang (1).
[2016/2/7 - 21:20:42] Park Soeng Hip has changed BusinessID 3's Type to Shop quan ao (2).
[2016/2/7 - 21:20:45] Park Soeng Hip has changed BusinessID 3's Type to Nha hang (3).
[2016/2/7 - 21:20:47] Park Soeng Hip has changed BusinessID 3's Type to Shop vu khi (4).
[2016/2/7 - 21:20:49] Park Soeng Hip has changed BusinessID 3's Type to Dai ly xe moi (5).
[2016/2/7 - 21:20:51] Park Soeng Hip has changed BusinessID 3's Type to Dai ly xe cu (6).
[2016/2/7 - 21:20:53] Park Soeng Hip has changed BusinessID 3's Type to Tram sua xe (7).
[2016/2/7 - 21:20:57] Park Soeng Hip has changed BusinessID 3's Type to 24/7 (8).
[2016/2/7 - 21:21:07] Park Soeng Hip has changed BusinessID 3's Exterior to X:-2458.235595 Y:526.531982 Z:30.078125
[2016/2/8 - 8:46:02] Park Soeng Hip has edited BusinessID 1's CustomExterior.
[2016/2/8 - 8:46:09] Park Soeng Hip has edited BusinessID 19's CustomExterior.
[2016/2/8 - 8:46:13] Park Soeng Hip has edited BusinessID 19's CustomExterior.
[2016/2/8 - 9:16:14] Park Soeng Hip has changed BusinessID 9's Exterior to X:-2457.710449 Y:534.997558 Z:30.078125
[2016/2/8 - 9:16:24] Park Soeng Hip has changed BusinessID 3's Exterior to X:-2457.897949 Y:532.345764 Z:30.078125
[2016/2/8 - 9:24:43] Park Soeng Hip has changed BusinessID 5's Exterior to X:-2457.969482 Y:509.388458 Z:30.078125
[2016/2/8 - 9:25:27] Park Soeng Hip has changed BusinessID 7's Exterior to X:-2457.774658 Y:504.221557 Z:30.078125
[2016/2/8 - 9:27:13] Park Soeng Hip has changed BusinessID 7's Exterior to X:-2435.311523 Y:616.358581 Z:30.733356
[2016/2/8 - 9:27:17] Park Soeng Hip has changed BusinessID 7's Price to $0.
[2016/2/8 - 9:28:06] Park Soeng Hip has changed BusinessID 7's Price to $999999999.
[2016/2/8 - 9:28:22] Park Soeng Hip has changed BusinessID 7's Exterior to X:-2457.831787 Y:504.339111 Z:30.078125
[2016/2/8 - 9:28:40] Park Soeng Hip has changed BusinessID 7's Exterior to X:1696.570190 Y:1433.452392 Z:10.761792
[2016/2/8 - 9:28:43] Park Soeng Hip has changed BusinessID 7's Price to $0.
[2016/2/8 - 9:29:35] Park Soeng Hip has changed BusinessID 7's Exterior to X:-2458.029541 Y:504.366241 Z:30.078125
[2016/2/8 - 9:31:39] Park Soeng Hip has changed BusinessID 5's Type to Shop quan ao (2).
[2016/2/8 - 9:31:40] Park Soeng Hip has changed BusinessID 5's Type to Tram xang (1).
[2016/2/8 - 9:32:10] Park Soeng Hip thay doi vi tri tram gas 0 cho cua hang 5
[2016/2/8 - 9:32:24] Park Soeng Hip thay doi vi tri tram gas 0 cho cua hang 5
[2016/2/8 - 9:32:28] Park Soeng Hip thay doi vi tri tram gas 0 cho cua hang 5
[2016/2/8 - 9:32:40] Park Soeng Hip thay doi vi tri tram gas 0 cho cua hang 5
[2016/2/8 - 9:32:43] Park Soeng Hip thay doi vi tri tram gas 0 cho cua hang 5
[2016/2/8 - 9:33:41] Park Soeng Hip has changed BusinessID 1's Type to Shop quan ao (2).
[2016/2/8 - 9:33:42] Park Soeng Hip has changed BusinessID 1's Type to Nha hang (3).
[2016/2/8 - 9:33:44] Park Soeng Hip has changed BusinessID 1's Type to Shop quan ao (2).
[2016/2/8 - 9:33:59] Park Soeng Hip has changed BusinessID 1's Type to Nha hang (3).
[2016/2/8 - 9:34:00] Park Soeng Hip has changed BusinessID 1's Type to Shop vu khi (4).
[2016/2/8 - 9:34:02] Park Soeng Hip has changed BusinessID 1's Type to Dai ly xe moi (5).
[2016/2/8 - 9:34:03] Park Soeng Hip has changed BusinessID 1's Type to Dai ly xe cu (6).
[2016/2/8 - 9:34:04] Park Soeng Hip has changed BusinessID 1's Type to Tram sua xe (7).
[2016/2/8 - 9:34:05] Park Soeng Hip has changed BusinessID 1's Type to 24/7 (8).
[2016/2/8 - 9:36:18] Park Soeng Hip has deleted BusinessID 54.
[2016/2/8 - 9:37:50] Park Soeng Hip has changed BusinessID 7's Exterior to X:1632.397094 Y:-1748.733764 Z:13.546875
[2016/2/8 - 9:38:59] Park Soeng Hip has changed BusinessID 7's Exterior to X:-2457.535888 Y:504.148437 Z:30.078125
[2016/2/8 - 10:20:33] Park Soeng Hip has deleted BusinessID 88.
[2016/2/8 - 12:15:40] JaMes ViLa has changed BusinessID 3's Exterior to X:-2460.914306 Y:536.665039 Z:30.078125
[2016/2/8 - 12:15:47] JaMes ViLa has changed BusinessID 9's Exterior to X:-2458.682373 Y:530.438964 Z:30.078125
[2016/2/8 - 15:40:52] Park Soeng Hip has deleted BusinessID 7.
[2016/2/8 - 15:40:54] Park Soeng Hip has deleted BusinessID 5.
[2016/2/8 - 15:40:57] Park Soeng Hip has deleted BusinessID 5.
[2016/2/8 - 15:43:12] Park Soeng Hip has deleted BusinessID 9.
[2016/2/8 - 15:43:18] Park Soeng Hip has deleted BusinessID 3.
[2016/2/8 - 18:38:41] Smith Robeo has changed BusinessID 15's safe to 0.
[2016/2/8 - 18:38:43] Smith Robeo has changed BusinessID 15's safe to 1.
[2016/2/8 - 18:38:45] Smith Robeo has changed BusinessID 15's safe to 2.
[2016/2/8 - 18:38:52] Smith Robeo has changed BusinessID 15's vw to 1
[2016/2/8 - 18:39:06] Smith Robeo has changed BusinessID 15's Type to Tram xang (1).
[2016/2/8 - 18:39:09] Smith Robeo has changed BusinessID 15's Type to Tram xang (1).
[2016/2/8 - 18:39:10] Smith Robeo has changed BusinessID 15's Type to Nha hang (3).
[2016/2/8 - 18:39:12] Smith Robeo has changed BusinessID 15's Type to Shop quan ao (2).
[2016/2/8 - 18:39:13] Smith Robeo has changed BusinessID 15's Type to Shop vu khi (4).
[2016/2/8 - 18:39:14] Smith Robeo has changed BusinessID 15's Type to Dai ly xe moi (5).
[2016/2/8 - 18:39:15] Smith Robeo has changed BusinessID 15's Type to Dai ly xe cu (6).
[2016/2/8 - 18:39:17] Smith Robeo has changed BusinessID 15's Type to Tram sua xe (7).
[2016/2/8 - 18:39:18] Smith Robeo has changed BusinessID 15's Type to 24/7 (8).
