[2016/1/31 - 11:10:13] MDC: Yamahuga Oikeds added crime [SA] 2-1-8 Armed Robbery to Adree Holler.
[2016/2/1 - 11:06:37] MDC: Exciter Jakie added crime [TR] 2-1-7 Terroristic Threats to Nghia Oma.
[2016/2/1 - 11:07:23] MDC: Exciter Jakie added crime [TR] 2-1-5 Assault/Battery to Nghia Oma.
[2016/2/1 - 19:54:51] MDC: Be Cu added crime [TR] Khac (Not Listed) to The Mark.
[2016/2/1 - 20:17:11] MDC: Be Cu added crime [TR] Khac (Not Listed) to Sip Do.
[2016/2/1 - 20:22:26] MDC: TamHoang Hai added crime [TR] 3-1-1 Reckless Driving to Nathan Erwin.
[2016/2/1 - 20:24:19] MDC: Be Cu added crime [TR] 2-1-6 Kidnapping to The Wilson.
[2016/2/2 - 8:08:40] MDC: Lil Jack added crime [TR] 3-1-3 Possession/Use of NOS to Nguyen Ngoc Tram.
[2016/2/2 - 8:18:10] MDC: Lil Jack added crime [TR] 3-4-9 Disobeying Lawful Orders to Nathan Erwin.
[2016/2/2 - 8:43:48] MDC: Exciter Ty added crime [TR] 3-4-9 Disobeying Lawful Orders to Nathan Erwin.
[2016/2/2 - 11:15:10] MDC: Bro Gold added crime [TR] Khac (Not Listed) to Charlie Puth.
[2016/2/2 - 12:40:38] MDC: Ray Star added crime [TR] 2-1-8 Armed Robbery to Avengers Filler.
[2016/2/2 - 12:40:52] MDC: Ray Star added crime [TR] 2-1-5 Assault/Battery to Avengers Cuong.
[2016/2/2 - 12:40:56] MDC: Ray Star added crime [TR] 2-1-5 Assault/Battery to Avengers Cuong.
[2016/2/2 - 12:52:07] MDC: mia khung added crime [SA] 3-1-1 Reckless Driving to Moster Giang.
[2016/2/2 - 13:52:50] MDC: mia khung added crime [SA] 3-5-6 Consumption of Pot in Public to yuri rapper.
[2016/2/2 - 14:14:52] MDC: Be Cu added crime [TR] 2-1-20 Possession of illegal substances to Old Nhok.
[2016/2/2 - 14:14:54] MDC: Be Cu added crime [TR] 3-1-7 Hit & Run to Old Nhok.
[2016/2/2 - 14:18:46] MDC: Be Cu added crime [TR] Khac (Not Listed) to Ferreira Wilward.
[2016/2/2 - 16:32:39] MDC: Drame Star added crime [TR] 2-1-27 Evading to Anhh Nho.
[2016/2/2 - 16:49:12] MDC: Drame Star added crime [TR] 2-1-27 Evading to Old Wilward.
[2016/2/2 - 16:58:32] MDC: Drame Star added crime [TR] 2-1-6 Kidnapping to Akai Smith.
[2016/2/2 - 17:08:02] MDC: Rick Boom added crime [SA] 2-1-19 Possession of an illegal firearm to Upin Matthew.
[2016/2/2 - 17:08:14] MDC: Rick Boom added crime [SA] Khac (Not Listed) to Upin Matthew.
[2016/2/2 - 17:15:17] MDC: Drame Star added crime [TR] 2-1-7 Terroristic Threats to Rain Mod.
[2016/2/2 - 17:20:33] MDC: Drame Star added crime [TR] 2-1-6 Kidnapping to Sip Do.
[2016/2/2 - 18:01:36] MDC: Kanaete Doraemon added crime [TR] 3-1-1 Reckless Driving to Be Ha.
[2016/2/2 - 18:20:04] MDC: Kanaete Doraemon added crime [TR] 2-1-11 Trespassing to Be Ha.
[2016/2/2 - 20:04:25] MDC: Dom Bringer added crime [SA] 2-1-7 Terroristic Threats to Mario Alexander.
[2016/2/2 - 20:18:26] MDC: Old Bitch added crime [TR] Khac (Not Listed) to KuBin Handsomes.
[2016/2/2 - 20:22:21] MDC: Old Bitch added crime [TR] Khac (Not Listed) to Nathan Erwin.
[2016/2/2 - 20:33:47] MDC: KuBu Kaito added crime [TR] Khac (Not Listed) to Nguyen Ngoc Tram.
[2016/2/2 - 20:33:51] MDC: KuBu Kaito added crime [TR] 3-1-1 Reckless Driving to Nguyen Ngoc Tram.
[2016/2/2 - 20:46:58] MDC: Be Cu added crime [TR] 2-1-14 Grand Theft (Auto) to Sha Co.
[2016/2/3 - 10:17:50] MDC: Boy Hardy added crime [TR] 3-4-3 Khang lenh to Nathan Erwin.
[2016/2/3 - 10:37:27] MDC: Nguyen van sang added crime [SA] 3-1-1 Lai xe au to Duy Lan.
[2016/2/3 - 10:39:00] MDC: Nguyen van sang added crime [SA] 3-1-3 Tang tru/Su dung Nitro to Mafia Trong.
[2016/2/3 - 10:39:10] MDC: Nguyen van sang added crime [SA] 3-5-6 Che giau dong loa toi pham to Mafia Tan.
[2016/2/3 - 10:44:03] MDC: Aconlont Spatex added crime [TR] 2-1-7 Khung bo to .
[2016/2/3 - 10:44:04] MDC: Mia khung added crime [SA] 2-1-2 Co y giet nguoi to .
[2016/2/3 - 10:57:27] MDC: Mia khung added crime [SA] 2-1-2 Co y giet nguoi to Ti Quay.
[2016/2/3 - 10:59:16] MDC: Mia khung added crime [SA] 2-1-2 Co y giet nguoi to Ti Quay.
[2016/2/3 - 11:02:58] MDC: Mia khung added crime [SA] 2-1-2 Co y giet nguoi to Ti Quays.
[2016/2/3 - 11:03:46] MDC: Mia khung added crime [SA] 2-1-2 Co y giet nguoi to Ti Quays.
[2016/2/3 - 11:08:59] MDC: Bet Stom added crime [SA] 2-1-5 Tan cong - hanh hung to Richdoken Richman.
[2016/2/3 - 11:39:41] MDC: Moster Giang added crime [TR] 2-1-2 Co y giet nguoi to Boss Togan.
[2016/2/3 - 11:56:49] MDC: Aconlont Spatex added crime [TR] 2-1-7 Khung bo to Mafia Winter.
[2016/2/3 - 14:51:40] MDC: Beo Lizz added crime [SA] 2-1-28 Tan cong canh sat [War Cops] to Bay Stone.
[2016/2/3 - 14:55:11] MDC: Aconlont Spatex added crime [TR] 2-1-7 Khung bo to kuzike fredo.
[2016/2/3 - 15:01:43] MDC: Aconlont Spatex added crime [TR] 2-1-7 Khung bo to Uzimaki Naruto.
[2016/2/3 - 15:58:43] MDC: beat animals added crime [SA] 2-1-20 Tang tru vu khi trai phep to Judy Won.
[2016/2/3 - 15:58:52] MDC: beat animals added crime [SA] 2-1-13 Xuc pham nhan vien nha nuoc to Judy Won.
[2016/2/3 - 15:59:04] MDC: beat animals added crime [SA] 2-1-21 Tang tru chat cam [Pot - Crack] to Judy Won.
[2016/2/3 - 17:43:06] MDC: Bay Stone added crime [TR] 2-1-2 Co y giet nguoi to LD khang.
[2016/2/3 - 17:43:09] MDC: Bay Stone added crime [TR] 2-1-3 Lam bi thuong to LD khang.
[2016/2/3 - 18:53:46] MDC: David Money added crime [SA] 2-1-7 Khung bo to Be Vy.
[2016/2/3 - 18:53:50] MDC: David Money added crime [SA] 3-4-3 Khang lenh to Be Vy.
[2016/2/3 - 18:53:56] MDC: David Money added crime [SA] 2-1-27 Chia sung nguoi khac to Be Vy.
[2016/2/3 - 19:16:07] MDC: David Money added crime [SA] 2-1-7 Khung bo to Phong Goodboy.
[2016/2/3 - 19:16:33] MDC: David Money added crime [SA] 2-1-7 Khung bo to An Beo.
[2016/2/3 - 19:16:37] MDC: David Money added crime [SA] 2-1-32 Tron tranh canh sat to An Beo.
[2016/2/3 - 19:20:37] MDC: David Money added crime [SA] 2-1-7 Khung bo to Thomas Dat.
[2016/2/3 - 19:20:43] MDC: David Money added crime [SA] 2-1-7 Khung bo to Jack Gambit.
[2016/2/3 - 19:23:21] MDC: Tran Thuy Hoang added crime [TR] 2-1-20 Tang tru vu khi trai phep to Jack Gambit.
[2016/2/3 - 19:37:14] MDC: Tran Thuy Hoang added crime [TR] 2-1-28 Tan cong canh sat [War Cops] to EVO Shark.
[2016/2/3 - 19:37:33] MDC: Tran Thuy Hoang added crime [TR] 2-1-28 Tan cong canh sat [War Cops] to Young Alista.
[2016/2/3 - 20:16:27] MDC: Fate Jonhson added crime [SA] Khac (Not Listed) to EVO Shark.
[2016/2/3 - 20:16:40] MDC: Fate Jonhson added crime [SA] Khac (Not Listed) to EVO Shark.
[2016/2/3 - 20:23:39] MDC: NguyenThi HuynhThi added crime [SA] 2-1-20 Tang tru vu khi trai phep to EVO Shark.
[2016/2/3 - 20:33:27] MDC: Smith Robeo added crime [TR] 2-1-13 Xuc pham nhan vien nha nuoc to Jin DeadEye.
[2016/2/3 - 20:48:14] MDC: NguyenThi HuynhThi added crime [SA] 2-1-5 Tan cong - hanh hung to xDragon John.
[2016/2/4 - 7:43:14] MDC: Wiliam Huy added crime [TR] 2-1-22 No sung trai phep [Cong cong] to Harry Jinr.
[2016/2/4 - 7:56:01] MDC: Wiliam Huy added crime [TR] 2-1-2 Co y giet nguoi to Jons Giang.
[2016/2/4 - 8:47:56] MDC: wiliam huy added crime [TR] 2-1-2 Co y giet nguoi to Shin Hardy.
[2016/2/4 - 8:52:40] MDC: wiliam huy added crime [TR] 2-1-5 Tan cong - hanh hung to Jack Grap.
[2016/2/4 - 9:17:11] MDC: wiliam huy added crime [TR] 2-1-3 Lam bi thuong to Super Bon.
[2016/2/4 - 9:18:50] MDC: wiliam huy added crime [TR] 2-1-13 Xuc pham nhan vien nha nuoc to Kosho Maito.
[2016/2/4 - 9:51:13] MDC: Wiliam huy added crime [TR] 2-1-2 Co y giet nguoi to SG Hades.
[2016/2/4 - 9:51:18] MDC: Wiliam huy added crime [TR] 2-1-2 Co y giet nguoi to Nguyen Ngoc Tram.
[2016/2/4 - 10:35:37] MDC: Bro Gold added crime [TR] 3-4-9 Pha hoai to Mafia Winter.
[2016/2/4 - 10:35:41] MDC: Bro Gold added crime [TR] 2-1-2 Co y giet nguoi to Mafia Winter.
[2016/2/4 - 11:56:53] MDC: Aconlont Spatex added crime [TR] 2-1-7 Khung bo to DaiCa Pirates.
[2016/2/4 - 12:18:00] MDC: Smith Robeo added crime [TR] 3-4-3 Khang lenh to DaiCa Pirates.
[2016/2/4 - 12:35:58] MDC: Aconlont Spatex added crime [TR] 2-1-7 Khung bo to Be Vy.
[2016/2/4 - 12:41:07] MDC: Aconlont Spatex added crime [TR] 2-1-2 Co y giet nguoi to Nhan DepTrai.
[2016/2/4 - 14:04:30] MDC: Nguyen Quynh added crime [TR] 3-4-3 Khang lenh to Ivan Hardwell.
[2016/2/4 - 14:04:39] MDC: Nguyen Quynh added crime [TR] 2-1-7 Khung bo to Ivan Hardwell.
[2016/2/4 - 14:24:08] MDC: Nguyen Quynh added crime [TR] 3-4-3 Khang lenh to Beo Lizzzzz.
[2016/2/4 - 14:24:10] MDC: Nguyen Quynh added crime [TR] 2-1-7 Khung bo to Beo Lizzzzz.
[2016/2/4 - 14:24:23] MDC: Cai Bang added crime [TR] 2-1-2 Co y giet nguoi to Ivan Hardwell.
[2016/2/4 - 14:29:39] MDC: Smith Robeo added crime [TR] 2-1-27 Chia sung nguoi khac to Mafia Red.
[2016/2/4 - 14:40:27] MDC: Micheal Sang added crime [TR] 2-1-7 Khung bo to Be Ha.
[2016/2/4 - 14:40:47] MDC: Micheal Sang added crime [TR] 2-1-5 Tan cong - hanh hung to Be Ha.
[2016/2/4 - 14:41:40] MDC: Nguyen Quynh added crime [TR] 2-1-7 Khung bo to Quoc Naiso.
[2016/2/4 - 14:42:10] MDC: Aconlont Spatex added crime [TR] 2-1-7 Khung bo to Khong CamXuc.
[2016/2/4 - 14:42:15] MDC: Aconlont Spatex added crime [TR] 2-1-7 Khung bo to Nhan DepTrai.
[2016/2/4 - 14:47:48] MDC: Justice Cabrales added crime Khac (Not Listed) to Be Gai.
[2016/2/4 - 14:51:53] MDC: Nguyen Quynh added crime [TR] 2-1-7 Khung bo to Boy Hardy.
[2016/2/4 - 14:51:55] MDC: Nguyen Quynh added crime [TR] 3-4-3 Khang lenh to Boy Hardy.
[2016/2/4 - 14:51:57] MDC: Nguyen Quynh added crime [TR] 3-4-9 Pha hoai to Boy Hardy.
[2016/2/4 - 15:23:19] MDC: Nguyen Quynh added crime [TR] 2-1-7 Khung bo to Nam Hardy.
[2016/2/4 - 15:23:21] MDC: Nguyen Quynh added crime [TR] 3-4-3 Khang lenh to Nam Hardy.
[2016/2/4 - 15:33:43] MDC: Ba Ma added crime [SA] 2-1-28 Tan cong canh sat [War Cops] to Only C.
[2016/2/4 - 15:58:54] MDC: Nguyen Quynh added crime [TR] 3-4-5 Su dung chat cam noi cong cong to Nhan DepTrai.
[2016/2/4 - 15:59:06] MDC: Nguyen Quynh added crime [TR] 2-1-8 Cuop co vu khi to Nhan DepTrai.
[2016/2/4 - 16:01:06] MDC: phat HDD added crime [SA] 2-1-2 Co y giet nguoi to James Natt.
[2016/2/4 - 16:01:10] MDC: phat HDD added crime [SA] 2-1-8 Cuop co vu khi to James Natt.
[2016/2/4 - 16:01:20] MDC: phat HDD added crime [SA] 2-1-2 Co y giet nguoi to Ba Ma.
[2016/2/4 - 16:01:24] MDC: phat HDD added crime [SA] 2-1-7 Khung bo to Ba Ma.
[2016/2/4 - 16:39:40] MDC: Nguyen Quynh added crime [TR] 2-1-7 Khung bo to Binz Apollo.
[2016/2/4 - 16:39:42] MDC: Nguyen Quynh added crime [TR] 3-4-3 Khang lenh to Binz Apollo.
[2016/2/4 - 19:38:18] MDC: Aconlont Spatex added crime [TR] 2-1-7 Khung bo to Dream Do.
[2016/2/4 - 19:50:04] MDC: David Hai added crime [SA] 3-4-1 Can tro nguoi thi hanh cong vu to thinh balaa.
[2016/2/4 - 20:02:51] MDC: Aconlont Spatex added crime [TR] 2-1-7 Khung bo to jack khanh.
[2016/2/4 - 20:03:17] MDC: Aconlont Spatex added crime [TR] 2-1-7 Khung bo to Ray PemBerdw.
[2016/2/4 - 20:44:50] MDC: Smith Robeo added crime [TR] 2-1-2 Co y giet nguoi to Truong Long.
[2016/2/4 - 21:08:35] MDC: David Tom added crime [SA] 2-1-7 Khung bo to Vuong Hardy.
[2016/2/4 - 21:08:57] MDC: David Tom added crime [SA] 2-1-7 Khung bo to Vuong Hardy.
[2016/2/4 - 21:18:20] MDC: David Tom added crime [SA] 2-1-7 Khung bo to Quoc Xi.
[2016/2/4 - 22:15:36] MDC: Hai Saker added crime [SA] 3-4-1 Can tro nguoi thi hanh cong vu to Todd Seat.
[2016/2/4 - 22:15:44] MDC: Hai Saker added crime [SA] 3-4-1 Can tro nguoi thi hanh cong vu to Chaly Do.
[2016/2/5 - 7:50:00] MDC: David Hai added crime [SA] 2-1-7 Khung bo to thang hayss.
[2016/2/5 - 7:52:26] MDC: David Hai added crime [SA] 2-1-7 Khung bo to thang thinhs.
[2016/2/5 - 7:56:16] MDC: Smith Robeo added crime [TR] 2-1-3 Lam bi thuong to Truong Long.
[2016/2/5 - 8:04:47] MDC: David Hai added crime [SA] 2-1-6 Bat coc to thang thinhss.
[2016/2/5 - 8:06:04] MDC: Wiliam Huy added crime [TR] 2-1-2 Co y giet nguoi to Ray PemBoadcda.
[2016/2/5 - 8:10:48] MDC: David Hai added crime [SA] 2-1-2 Co y giet nguoi to mai longs.
[2016/2/5 - 8:10:55] MDC: David Hai added crime [SA] 2-1-6 Bat coc to mai longs.
[2016/2/5 - 8:39:17] MDC: David Tom added crime [SA] 2-1-7 Khung bo to Duong Tang.
[2016/2/5 - 8:41:19] MDC: Mia Khung added crime [TR] 2-1-20 Tang tru vu khi trai phep to Vuong Hardy.
[2016/2/5 - 8:45:23] MDC: David Hai added crime [SA] 2-1-2 Co y giet nguoi to Trung Hieu.
[2016/2/5 - 8:50:12] MDC: David Hai added crime [SA] 2-1-7 Khung bo to Vuong Hardy.
[2016/2/5 - 14:26:09] MDC: David Hai added crime [SA] 2-1-47 Khong hop tac to ton ngo khongs.
[2016/2/5 - 14:42:08] MDC: beat animals added crime [SA] 2-1-2 Co y giet nguoi to Hoang Tu.
[2016/2/5 - 14:42:10] MDC: Kelvin Teld added crime [SA] 3-1-7 Tong xe roi bo chay to Hoang Tu.
[2016/2/5 - 14:42:11] MDC: beat animals added crime [SA] 2-1-5 Tan cong - hanh hung to Hoang Tu.
[2016/2/5 - 15:04:10] MDC: David Hai added crime [SA] 2-1-7 Khung bo to ton Ngo khongs.
[2016/2/5 - 15:16:05] MDC: David Hai added crime [SA] 3-1-1 Lai xe au to Nerdy Gay.
[2016/2/5 - 15:16:42] MDC: beat animals added crime [SA] 2-1-13 Xuc pham nhan vien nha nuoc to Rossi Bell.
[2016/2/5 - 15:17:19] MDC: David Hai added crime [SA] 3-4-1 Can tro nguoi thi hanh cong vu to Thien Sine.
[2016/2/5 - 15:20:19] MDC: beat animals added crime [SA] 3-1-1 Lai xe au to Rossi Bell.
[2016/2/5 - 15:20:45] MDC: beat animals added crime [SA] Khac (Not Listed) to Rossi Bell.
[2016/2/5 - 15:20:50] MDC: beat animals added crime [SA] 2-1-8 Cuop co vu khi to Rossi Bell.
[2016/2/5 - 16:14:56] MDC: Smith Robeo added crime [TR] 2-1-2 Co y giet nguoi to Avengers Nghia.
[2016/2/5 - 16:18:08] MDC: David Hai added crime [SA] 3-1-7 Tong xe roi bo chay to Tran Thuy Hoang.
[2016/2/5 - 16:18:28] MDC: David Hai added crime [SA] 2-1-7 Khung bo to hoa nhut.
[2016/2/5 - 16:20:28] MDC: David Hai added crime [SA] 3-1-1 Lai xe au to hoa nhut.
[2016/2/5 - 16:20:46] MDC: David Hai added crime [SA] 3-4-1 Can tro nguoi thi hanh cong vu to hoa nhut.
[2016/2/5 - 19:21:55] MDC: Mafia Xuyen added crime [TR] 2-1-20 Tang tru vu khi trai phep to Bin Hardy.
[2016/2/5 - 20:44:31] MDC: Alaxca DaiCa added crime [TR] 2-1-13 Xuc pham nhan vien nha nuoc to MaFia Tan.
[2016/2/5 - 21:27:44] MDC: Smith Robeo added crime [TR] Khac (Not Listed) to Vuong Hardy.
[2016/2/5 - 22:29:06] MDC: Ivan Hardwell added crime [SA] 2-1-13 Xuc pham nhan vien nha nuoc to Blue Jayce.
[2016/2/5 - 22:29:12] MDC: Ivan Hardwell added crime [SA] 2-1-28 Tan cong canh sat [War Cops] to Blue Jayce.
[2016/2/6 - 7:45:59] MDC: DongNhi Heo added crime [TR] 2-1-7 Khung bo to Frank Grover.
[2016/2/6 - 7:46:06] MDC: DongNhi Heo added crime [TR] 2-1-2 Co y giet nguoi to Frank Grover.
[2016/2/6 - 7:58:38] MDC: DongNhi Heo added crime [TR] 3-4-3 Khang lenh to Trung Hieu.
[2016/2/6 - 8:17:08] MDC: Mafia Xuyen added crime [TR] 2-1-45 Ban sung tren xe [DB] to Kiss T.
[2016/2/6 - 8:54:41] MDC: Ethan Jockey added crime [SA] 2-1-7 Khung bo to Bu Hu.
[2016/2/6 - 9:03:26] MDC: Ton Ngo Khong added crime [SA] 2-1-27 Chia sung nguoi khac to Khang DuGai.
[2016/2/6 - 9:03:37] MDC: Ton Ngo Khong added crime [SA] 2-1-7 Khung bo to Khang DuGai.
[2016/2/6 - 9:05:33] MDC: Ton Ngo Khong added crime [SA] 2-1-6 Bat coc to Khang DuGai.
[2016/2/6 - 9:11:28] MDC: Tuan Nguyen added crime [SA] 2-1-20 Tang tru vu khi trai phep to akira tung.
[2016/2/6 - 9:21:36] MDC: Ton Ngo Khong added crime [SA] 2-1-2 Co y giet nguoi to Hai Thanh.
[2016/2/6 - 9:46:06] MDC: Ton Ngo Khong added crime [SA] 3-1-1 Lai xe au to nhoz Admin.
[2016/2/6 - 9:46:45] MDC: Alex Ken added crime [SA] 3-1-1 Lai xe au to Dai Gia.
[2016/2/6 - 10:00:52] MDC: Phat Hardy added crime [SA] 2-1-5 Tan cong - hanh hung to Dai Gia.
[2016/2/6 - 10:00:58] MDC: Ton Ngo Khong added crime [SA] 2-1-28 Tan cong canh sat [War Cops] to Dai Gia.
[2016/2/6 - 10:10:22] MDC: Ton Ngo Khong added crime [SA] 2-1-28 Tan cong canh sat [War Cops] to Bin Hardy.
[2016/2/6 - 10:25:15] MDC: Alex Ken added crime [SA] 2-1-32 Tron tranh canh sat to Bin Hardy.
[2016/2/6 - 11:11:10] MDC: Ton Ngo Khong added crime [SA] 2-1-13 Xuc pham nhan vien nha nuoc to Ethanol Noriega.
[2016/2/6 - 11:18:41] MDC: Ton Ngo Khong added crime [SA] 3-4-3 Khang lenh to thang luu.
[2016/2/6 - 11:20:23] MDC: Ken Smith added crime [TR] 2-1-28 Tan cong canh sat [War Cops] to thang luu.
[2016/2/6 - 11:20:40] MDC: Ton Ngo Khong added crime [SA] 2-1-7 Khung bo to thang luu.
[2016/2/6 - 11:26:15] MDC: Ton Ngo Khong added crime [SA] 2-1-6 Bat coc to thinh bas.
[2016/2/6 - 11:26:22] MDC: Ton Ngo Khong added crime [SA] 2-1-7 Khung bo to thinh bas.
[2016/2/6 - 11:30:25] MDC: Ton Ngo Khong added crime [SA] 2-1-2 Co y giet nguoi to Dark Eagle.
[2016/2/6 - 11:31:20] MDC: Ton Ngo Khong added crime [SA] 2-1-28 Tan cong canh sat [War Cops] to Dark Eagle.
[2016/2/6 - 11:47:30] MDC: Ethan Jockey added crime [SA] 2-1-7 Khung bo to Kun Star.
[2016/2/6 - 11:47:34] MDC: Ethan Jockey added crime [SA] 2-1-2 Co y giet nguoi to Kun Star.
[2016/2/6 - 11:48:22] MDC: Doctor Tom added crime [TR] 3-4-1 Can tro nguoi thi hanh cong vu to NatHan eRwIn.
[2016/2/6 - 11:50:07] MDC: NguyenLan Anh added crime [TR] 2-1-7 Khung bo to thang oc.
[2016/2/6 - 11:50:20] MDC: Luvias Do added crime [SA] 3-1-1 Lai xe au to Exciter Do.
[2016/2/6 - 11:50:54] MDC: NguyenLan Anh added crime [TR] 2-1-2 Co y giet nguoi to thang oc.
[2016/2/6 - 12:46:09] MDC: Ethan Jockey added crime [SA] 2-1-7 Khung bo to KANE DepTrai.
[2016/2/6 - 12:56:59] MDC: Luvias Do added crime [SA] 2-1-8 Cuop co vu khi to thang to.
[2016/2/6 - 13:02:23] MDC: Luvias Do added crime [SA] 2-1-8 Cuop co vu khi to thang to.
[2016/2/6 - 13:05:41] MDC: Smith Robeo added crime [TR] 3-4-3 Khang lenh to Dark Eagle.
[2016/2/6 - 13:23:48] MDC: Venus Angel added crime [TR] 2-1-7 Khung bo to thinh pasd.
[2016/2/6 - 13:26:40] MDC: Luvias Do added crime [SA] 2-1-3 Lam bi thuong to thinh pasd.
[2016/2/6 - 13:34:26] MDC: Boon Harry added crime [TR] 2-1-2 Co y giet nguoi to Vuong Hardy.
[2016/2/6 - 13:39:26] MDC: Boon Harry added crime [TR] 2-1-13 Xuc pham nhan vien nha nuoc to Bin Hardy.
[2016/2/6 - 13:50:27] MDC: Venus Angel added crime [TR] 2-1-7 Khung bo to thinh pasds.
[2016/2/6 - 13:50:33] MDC: Venus Angel added crime [TR] 2-1-7 Khung bo to toynhe Em.
[2016/2/6 - 13:53:21] MDC: Son Minh Nhat added crime [SA] 2-1-2 Co y giet nguoi to Hay Jobs.
[2016/2/6 - 13:55:19] MDC: Hai Saker added crime [SA] 2-1-2 Co y giet nguoi to thinh pasds.
[2016/2/6 - 13:58:43] MDC: Mafia Xuyen added crime [TR] 2-1-7 Khung bo to toynhe Em.
[2016/2/6 - 14:01:20] MDC: NguyenLan Anh added crime [TR] 2-1-7 Khung bo to Kun pro.
[2016/2/6 - 14:01:25] MDC: NguyenLan Anh added crime [TR] 2-1-7 Khung bo to Hoanganh Lo.
[2016/2/6 - 14:04:28] MDC: Aconlont Spatex added crime [TR] 2-1-7 Khung bo to Rick Boom.
[2016/2/6 - 14:58:59] MDC: Venus Angel added crime [TR] 2-1-7 Khung bo to Tran Dat.
[2016/2/6 - 15:05:23] MDC: Venus Angel added crime [TR] 2-1-7 Khung bo to thinh pasdsa.
[2016/2/6 - 15:38:08] MDC: Kelvin Teld added crime [SA] 2-1-2 Co y giet nguoi to Son Minh Nhat.
[2016/2/6 - 15:38:23] MDC: Nick Willam added crime [SA] 3-1-1 Lai xe au to Thanh.
[2016/2/6 - 16:05:05] MDC: Ton Ngo Khong added crime [SA] 2-1-28 Tan cong canh sat [War Cops] to Vuong Hardy.
[2016/2/6 - 16:07:07] MDC: Luvias Do added crime [SA] 3-1-1 Lai xe au to Nerdy Gay.
[2016/2/6 - 16:07:12] MDC: Luvias Do added crime [SA] 3-1-3 Tang tru/Su dung Nitro to Nerdy Gay.
[2016/2/6 - 16:07:14] MDC: Luvias Do added crime [SA] 3-1-5 Dua xe trai phep to Nerdy Gay.
[2016/2/6 - 16:12:13] MDC: Luvias Do added crime [SA] 3-1-1 Lai xe au to Rick Boom.
[2016/2/6 - 16:12:15] MDC: Luvias Do added crime [SA] 3-1-1 Lai xe au to Rick Boom.
[2016/2/6 - 16:12:17] MDC: Luvias Do added crime [SA] 3-1-3 Tang tru/Su dung Nitro to Rick Boom.
[2016/2/6 - 16:12:46] MDC: Luvias Do added crime [SA] 3-1-1 Lai xe au to Vuong Hardy.
[2016/2/6 - 16:31:35] MDC: Harry Jinr added crime [TR] 2-1-3 Lam bi thuong to Thanh.
[2016/2/6 - 16:42:53] MDC: david anonymos added crime [SA] 2-1-39 Buon lau [Truck] to Nhi Heo.
[2016/2/6 - 16:42:58] MDC: david anonymos added crime [SA] 2-1-39 Buon lau [Truck] to Nhi Heo.
[2016/2/6 - 16:43:01] MDC: david anonymos added crime [SA] 2-1-11 Xam pham khu vuc cam to Nhi Heo.
[2016/2/6 - 17:49:28] MDC: Phuc LiOn added crime [SA] 2-1-47 Khong hop tac to .
[2016/2/6 - 18:22:19] MDC: Venus Angel added crime [TR] 3-4-9 Pha hoai to vip phuoc heo.
[2016/2/6 - 18:22:34] MDC: Phuc LiOn added crime [SA] 2-1-20 Tang tru vu khi trai phep to vip phuoc heo.
[2016/2/6 - 18:23:12] MDC: Luvias Do added crime [SA] 2-1-5 Tan cong - hanh hung to Duc Nhan.
[2016/2/6 - 18:23:17] MDC: Luvias Do added crime [SA] 2-1-7 Khung bo to Duc Nhan.
[2016/2/6 - 18:29:40] MDC: LiOn Bucala added crime [SA] 2-1-7 Khung bo to OngTrum Mafia.
[2016/2/6 - 18:29:45] MDC: LiOn Bucala added crime [SA] 2-1-20 Tang tru vu khi trai phep to OngTrum Mafia.
[2016/2/6 - 18:29:47] MDC: LiOn Bucala added crime [SA] 2-1-2 Co y giet nguoi to OngTrum Mafia.
[2016/2/6 - 19:49:47] MDC: NguyenLan Anh added crime [TR] 2-1-7 Khung bo to xBoss Ku.
[2016/2/6 - 19:49:54] MDC: NguyenLan Anh added crime [TR] 2-1-2 Co y giet nguoi to xBoss Ku.
[2016/2/6 - 20:31:14] MDC: NguyenLan Anh added crime [TR] 2-1-7 Khung bo to Anh Tom.
[2016/2/6 - 20:31:18] MDC: NguyenLan Anh added crime [TR] 2-1-2 Co y giet nguoi to Anh Tom.
[2016/2/6 - 20:40:30] MDC: Ton Ngo Khong added crime [SA] 2-1-28 Tan cong canh sat [War Cops] to .
[2016/2/6 - 20:41:38] MDC: Timothy Andrew added crime 2-1-7 Khung bo to XiPo Do.
[2016/2/6 - 20:41:41] MDC: Timothy Andrew added crime 2-1-7 Khung bo to XiPo Do.
[2016/2/6 - 20:47:16] MDC: NguyenLan Anh added crime [TR] 2-1-2 Co y giet nguoi to Black Snow.
[2016/2/6 - 22:00:15] MDC: Ghost Hunter added crime [SA] Khac (Not Listed) to Kio Sotuna.
[2016/2/6 - 22:36:53] MDC: Legend Dat added crime [TR] 2-1-2 Co y giet nguoi to Ben Gangters.
[2016/2/6 - 22:37:01] MDC: Legend Dat added crime [TR] 2-1-28 Tan cong canh sat [War Cops] to Ben Gangters.
[2016/2/6 - 22:37:07] MDC: Legend Dat added crime [TR] 2-1-13 Xuc pham nhan vien nha nuoc to Ben Gangters.
[2016/2/7 - 7:36:45] MDC: Legend Dat added crime [TR] 2-1-7 Khung bo to Em Admin.
[2016/2/7 - 8:02:02] MDC: Ton Ngo Khong added crime [SA] 3-1-1 Lai xe au to Dong Hiep.
[2016/2/7 - 8:12:08] MDC: Ton Ngo Khong added crime [SA] 3-4-1 Can tro nguoi thi hanh cong vu to Thomas Dat.
[2016/2/7 - 8:22:52] MDC: Ton Ngo Khong added crime [SA] 2-1-7 Khung bo to Em Admin.
[2016/2/7 - 8:33:47] MDC: Ton Ngo Khong added crime [SA] 3-1-1 Lai xe au to Khang Ditgai.
[2016/2/7 - 8:34:04] MDC: Ton Ngo Khong added crime [SA] 3-4-3 Khang lenh to Khang Ditgai.
[2016/2/7 - 8:57:27] MDC: Ton Ngo Khong added crime [SA] 2-1-19 Trom xe to xBoss Vyx.
[2016/2/7 - 8:58:17] MDC: Ton Ngo Khong added crime [SA] 2-1-11 Xam pham khu vuc cam to xBoss Vyx.
[2016/2/7 - 8:58:57] MDC: Legend Dat added crime [TR] 2-1-2 Co y giet nguoi to Nguyen Huu Nghia.
[2016/2/7 - 9:00:07] MDC: Ton Ngo Khong added crime [SA] 2-1-19 Trom xe to Harry Jinr.
[2016/2/7 - 9:42:40] MDC: Alaxca DaiCa added crime [TR] 2-1-7 Khung bo to Thanh.
[2016/2/7 - 10:46:02] MDC: Aconlont Spatex added crime [TR] 2-1-7 Khung bo to Mafia Xuyen.
[2016/2/7 - 11:14:47] MDC: Phong Goodboy added crime [SA] 3-4-3 Khang lenh to xBoss Ku.
[2016/2/7 - 13:36:07] MDC: Ghost Hunter added crime [SA] 2-1-7 Khung bo to Harry Jinr.
[2016/2/7 - 13:36:14] MDC: Ghost Hunter added crime [SA] 2-1-2 Co y giet nguoi to Harry Jinr.
[2016/2/7 - 13:53:57] MDC: Ton Ngo Khong added crime [SA] 2-1-7 Khung bo to Tortugas Ella.
[2016/2/7 - 13:54:04] MDC: Ton Ngo Khong added crime [SA] 2-1-32 Tron tranh canh sat to Tortugas Ella.
[2016/2/7 - 13:55:40] MDC: Ton Ngo Khong added crime [SA] 3-1-1 Lai xe au to Tortugas Ella.
[2016/2/7 - 14:17:55] MDC: Luvias Do added crime [SA] 3-1-7 Tong xe roi bo chay to Nathan Erwin.
[2016/2/7 - 14:18:08] MDC: Luvias Do added crime [SA] 3-1-5 Dua xe trai phep to Nathan Erwin.
[2016/2/7 - 14:18:10] MDC: Luvias Do added crime [SA] 3-4-1 Can tro nguoi thi hanh cong vu to Nathan Erwin.
[2016/2/7 - 14:23:54] MDC: NguyenLan Anh added crime [TR] 2-1-7 Khung bo to EVO Shark.
[2016/2/7 - 14:38:46] MDC: NguyenLan Anh added crime [TR] 2-1-7 Khung bo to Nathan Erwin.
[2016/2/7 - 14:45:53] MDC: Alaxca DaiCa added crime [TR] 2-1-7 Khung bo to Tran Hoang Long.
[2016/2/7 - 14:45:56] MDC: NguyenLan Anh added crime [TR] 2-1-2 Co y giet nguoi to Tran Hoang Long.
[2016/2/7 - 14:53:47] MDC: Ghost Hunter added crime [SA] 2-1-20 Tang tru vu khi trai phep to Black Snow.
[2016/2/7 - 14:55:52] MDC: Be Cu added crime [TR] 2-1-2 Co y giet nguoi to Venus Angel.
[2016/2/7 - 14:56:18] MDC: Be Cu added crime [TR] Khac (Not Listed) to Venus Angel.
[2016/2/7 - 15:26:02] MDC: Phong Goodboy added crime [SA] 3-4-1 Can tro nguoi thi hanh cong vu to Bao Doctor.
[2016/2/7 - 15:42:27] MDC: Ghost Hunter added crime [SA] 2-1-7 Khung bo to Robbie Williams.
[2016/2/7 - 15:42:31] MDC: Ghost Hunter added crime [SA] 2-1-2 Co y giet nguoi to Robbie Williams.
[2016/2/7 - 15:47:08] MDC: Bin Harry added crime [TR] 2-1-8 Cuop co vu khi to Office Yuri.
[2016/2/7 - 15:57:57] MDC: NguyenLan Anh added crime [TR] 2-1-7 Khung bo to Hacker Moon.
[2016/2/7 - 16:02:01] MDC: Ken Boss added crime [SA] 2-1-28 Tan cong canh sat [War Cops] to MaJor Ghost.
[2016/2/7 - 16:02:45] MDC: Bin Harry added crime [TR] 2-1-8 Cuop co vu khi to MaJor Ghost.
[2016/2/7 - 16:41:59] MDC: Tony Ngo Khong added crime [TR] 2-1-7 Khung bo to Dizz Nica.
[2016/2/7 - 16:42:04] MDC: Tony Ngo Khong added crime [TR] 2-1-28 Tan cong canh sat [War Cops] to Dizz Nica.
[2016/2/7 - 16:42:12] MDC: Tony Ngo Khong added crime [TR] 2-1-28 Tan cong canh sat [War Cops] to Ho Kinh.
[2016/2/7 - 16:42:16] MDC: Tony Ngo Khong added crime [TR] 3-5-6 Che giau dong loa toi pham to Ho Kinh.
[2016/2/7 - 16:59:32] MDC: NguyenLan Anh added crime [TR] 2-1-7 Khung bo to Mean Mod.
[2016/2/7 - 16:59:34] MDC: Nick added crime [TR] 3-4-3 Khang lenh to Pentium Hardwell.
[2016/2/7 - 16:59:34] MDC: NguyenLan Anh added crime [TR] 2-1-2 Co y giet nguoi to Mean Mod.
[2016/2/7 - 17:06:51] MDC: Nhi Heo added crime [TR] 3-4-3 Khang lenh to Anh to.
[2016/2/7 - 17:06:53] MDC: Nhi Heo added crime [TR] 2-1-7 Khung bo to Anh to.
[2016/2/7 - 17:07:10] MDC: Nhi Heo added crime [TR] 2-1-2 Co y giet nguoi to Anh to.
[2016/2/7 - 17:09:41] MDC: Mean Pro added crime [TR] 2-1-7 Khung bo to Chich Chich.
[2016/2/7 - 17:09:45] MDC: Mean Pro added crime [TR] 2-1-8 Cuop co vu khi to Chich Chich.
[2016/2/7 - 17:12:28] MDC: Mean Pro added crime [TR] 2-1-7 Khung bo to Nac Nac.
[2016/2/7 - 17:12:30] MDC: Mean Pro added crime [TR] 2-1-11 Xam pham khu vuc cam to Nac Nac.
[2016/2/7 - 18:08:18] MDC: Ghost Hunter added crime [SA] 2-1-7 Khung bo to IkanuS Binz.
[2016/2/7 - 18:08:22] MDC: Ghost Hunter added crime [SA] 2-1-20 Tang tru vu khi trai phep to IkanuS Binz.
[2016/2/7 - 18:13:01] MDC: Ben Gangters added crime [TR] 3-4-1 Can tro nguoi thi hanh cong vu to Kio Sotuna.
[2016/2/7 - 18:24:42] MDC: Phong Goodboy added crime [SA] 3-4-1 Can tro nguoi thi hanh cong vu to Wison Bedat.
[2016/2/7 - 18:39:43] MDC: Ben Gangters added crime [TR] 2-1-32 Tron tranh canh sat to Kent Dolce.
[2016/2/7 - 18:43:28] MDC: Ben Gangters added crime [TR] 2-1-28 Tan cong canh sat [War Cops] to Kent Dolce.
[2016/2/7 - 18:59:20] MDC: Ben Gangters added crime [TR] 2-1-13 Xuc pham nhan vien nha nuoc to Mister Huy.
[2016/2/7 - 20:23:25] MDC: Ben Gangters added crime [TR] 2-1-28 Tan cong canh sat [War Cops] to Prince Stride.
[2016/2/7 - 20:25:48] MDC: Ben Gangters added crime [TR] 2-1-13 Xuc pham nhan vien nha nuoc to harry Jinr.
[2016/2/7 - 21:00:30] MDC: Ben Gangters added crime [TR] 2-1-28 Tan cong canh sat [War Cops] to Curtis Morrow.
[2016/2/7 - 21:04:03] MDC: Quang Trung added crime [SA] 2-1-2 Co y giet nguoi to harry Jinr.
[2016/2/7 - 21:15:04] MDC: Ben Gangters added crime [TR] 2-1-32 Tron tranh canh sat to Prince Stride.
[2016/2/7 - 21:41:39] MDC: Ben Gangters added crime [TR] 2-1-22 No sung trai phep [Cong cong] to Mister Huy.
[2016/2/7 - 22:26:29] MDC: Ben Gangters added crime [TR] 2-1-5 Tan cong - hanh hung to Mi Gangters.
[2016/2/8 - 10:56:10] MDC: Ghost Hunter added crime [SA] 2-1-7 Khung bo to Harry Jinr.
[2016/2/8 - 10:56:12] MDC: Ghost Hunter added crime [SA] 2-1-7 Khung bo to Harry Jinr.
[2016/2/8 - 12:16:21] MDC: Ghost Hunter added crime [SA] 2-1-32 Tron tranh canh sat to Mister Huy.
[2016/2/8 - 12:23:10] MDC: XiPo Do added crime [SA] 3-1-1 Lai xe au to Tortugas Ella.
[2016/2/8 - 12:23:13] MDC: XiPo Do added crime [SA] 3-1-3 Tang tru/Su dung Nitro to Tortugas Ella.
[2016/2/8 - 12:23:14] MDC: XiPo Do added crime [SA] 3-1-5 Dua xe trai phep to Tortugas Ella.
[2016/2/8 - 12:23:17] MDC: XiPo Do added crime [SA] 3-4-1 Can tro nguoi thi hanh cong vu to Tortugas Ella.
[2016/2/8 - 12:23:20] MDC: XiPo Do added crime [SA] 3-5-6 Che giau dong loa toi pham to Tortugas Ella.
[2016/2/8 - 12:48:00] MDC: Legend Dat added crime [TR] 3-4-3 Khang lenh to Mister Huy.
[2016/2/11 - 15:05:43] MDC: Jet Tu added crime [TR] 3-1-1 Lai xe au to Tyn Changes.
[2016/2/11 - 15:05:45] MDC: Jet Tu added crime [TR] 3-1-3 Tang tru/Su dung Nitro to Tyn Changes.
[2016/2/11 - 15:05:49] MDC: Jet Tu added crime [TR] 3-1-7 Tong xe roi bo chay to Tyn Changes.
[2016/2/11 - 15:05:53] MDC: Jet Tu added crime [TR] 3-4-3 Khang lenh to Tyn Changes.
