[2015/11/28 - 17:03:26] Thong Vu has deleted DoorID 1475.
[2015/11/28 - 17:03:32] Thong Vu has deleted DoorID 1457.
[2015/11/28 - 17:06:16] Thong Vu has edited DoorID 5's Exterior.
[2015/11/28 - 17:06:32] Thong Vu has edited door ID 5's name to Tele ve San Fierro.
[2015/11/28 - 17:06:37] Thong Vu has edited DoorID 5's type.
[2015/11/28 - 17:06:46] Thong Vu has edited DoorID 5's PickupModel.
[2015/11/28 - 17:06:48] Thong Vu has edited DoorID 5's PickupModel.
[2015/11/28 - 17:06:51] Thong Vu has edited DoorID 5's PickupModel.
[2015/11/28 - 17:06:53] Thong Vu has edited DoorID 5's PickupModel.
[2015/11/28 - 17:06:55] Thong Vu has edited DoorID 5's PickupModel.
[2015/11/28 - 17:06:57] Thong Vu has edited DoorID 5's PickupModel.
[2015/11/28 - 17:06:59] Thong Vu has edited DoorID 5's PickupModel.
[2015/11/28 - 17:07:02] Thong Vu has edited DoorID 5's PickupModel.
[2015/11/28 - 17:07:05] Thong Vu has edited DoorID 5's PickupModel.
[2015/11/28 - 17:07:08] Thong Vu has edited DoorID 5's PickupModel.
[2015/11/28 - 17:07:10] Thong Vu has edited DoorID 5's PickupModel.
[2015/11/28 - 17:07:13] Thong Vu has edited DoorID 5's PickupModel.
[2015/11/28 - 17:07:15] Thong Vu has edited DoorID 5's PickupModel.
[2015/11/28 - 17:07:17] Thong Vu has edited DoorID 5's PickupModel.
[2015/11/28 - 17:07:20] Thong Vu has edited DoorID 5's PickupModel.
[2015/11/28 - 17:07:22] Thong Vu has edited DoorID 5's PickupModel.
[2015/11/28 - 17:07:24] Thong Vu has edited DoorID 5's PickupModel.
[2015/11/28 - 17:07:27] Thong Vu has edited DoorID 5's PickupModel.
[2015/11/28 - 17:07:29] Thong Vu has edited DoorID 5's PickupModel.
[2015/11/28 - 17:07:31] Thong Vu has edited DoorID 5's PickupModel.
[2015/11/28 - 17:07:38] Thong Vu has edited DoorID 5's Color.
[2015/11/28 - 17:07:52] Thong Vu has edited door ID 5's name to Tele ve SF [/enter].
[2015/11/28 - 17:09:08] Thong Vu has edited DoorID 5's Interior.
[2015/11/28 - 17:09:17] Thong Vu has edited DoorID 5's Faction.
[2015/11/28 - 17:09:53] Thong Vu has edited DoorID 5's VehicleAble.
[2015/11/28 - 17:35:10] Thong Vu has deleted DoorID 1418.
[2015/11/28 - 17:35:24] Thong Vu has deleted DoorID 1417.
[2015/11/28 - 17:36:42] Thong Vu has edited DoorID 161's Interior.
[2015/11/28 - 18:06:17] Thong Vu has edited DoorID 855's Faction.
[2015/11/28 - 18:06:34] Thong Vu has edited DoorID 854's Faction.
[2015/11/28 - 18:09:04] Thong Vu has deleted DoorID 661.
[2015/11/28 - 19:42:57] Thong Vu has edited DoorID 376's Exterior.
[2015/11/28 - 19:44:30] Thong Vu has edited DoorID 867's Exterior.
[2015/11/28 - 19:54:49] Thong Vu has deleted DoorID 101.
[2015/11/28 - 20:01:18] Thong Vu has edited DoorID 600's Exterior.
[2015/11/28 - 20:03:33] Thong Vu has edited DoorID 928's Exterior.
[2015/11/28 - 20:03:40] Thong Vu has edited DoorID 928's Exterior.
[2015/11/28 - 20:19:55] Thong Vu has edited DoorID 154's PickupModel.
[2015/11/28 - 20:20:05] Thong Vu has edited door ID 154's name to HQ VIP.
[2015/11/28 - 20:20:11] Thong Vu has edited DoorID 154's Color.
[2015/11/28 - 20:20:17] Thong Vu has edited DoorID 154's Color.
[2015/11/28 - 20:20:19] Thong Vu has edited DoorID 154's Color.
[2015/11/28 - 20:20:22] Thong Vu has edited DoorID 154's Color.
[2015/11/28 - 20:20:40] Thong Vu has edited door ID 162's name to Gara VIP.
[2015/11/28 - 20:20:53] Thong Vu has edited DoorID 162's PickupModel.
[2015/11/28 - 20:21:04] Thong Vu has edited DoorID 162's Exterior.
[2015/11/28 - 20:21:18] Thong Vu has edited DoorID 162's Color.
[2015/11/28 - 20:21:59] Thong Vu has edited DoorID 150's PickupModel.
[2015/11/28 - 20:22:05] Thong Vu has edited door ID 150's name to HQ VIP.
[2015/11/28 - 20:22:11] Thong Vu has edited DoorID 150's Color.
[2015/11/28 - 20:22:17] Thong Vu has edited DoorID 150's Exterior.
[2015/11/28 - 20:22:21] Thong Vu has edited DoorID 150's Exterior.
[2015/11/28 - 20:22:43] Thong Vu has edited door ID 161's name to Gara VIP.
[2015/11/28 - 20:22:49] Thong Vu has edited DoorID 161's Color.
[2015/11/28 - 20:22:55] Thong Vu has edited DoorID 161's PickupModel.
[2015/11/28 - 20:23:01] Thong Vu has edited DoorID 161's Exterior.
[2015/11/28 - 20:23:49] Thong Vu has edited DoorID 150's Exterior.
[2015/11/28 - 20:23:55] Thong Vu has edited DoorID 150's Exterior.
[2015/11/28 - 20:25:04] Thong Vu has edited DoorID 896's Exterior.
[2015/11/28 - 20:25:08] Thong Vu has edited DoorID 896's Exterior.
[2015/11/28 - 20:25:18] Thong Vu has edited DoorID 896's PickupModel.
[2015/11/28 - 20:25:59] Thong Vu has edited DoorID 789's Exterior.
[2015/11/28 - 20:29:05] Thong Vu has edited DoorID 854's PickupModel.
[2015/11/28 - 20:29:07] Thong Vu has edited DoorID 854's PickupModel.
[2015/11/28 - 20:29:10] Thong Vu has edited DoorID 854's PickupModel.
[2015/11/28 - 20:29:12] Thong Vu has edited DoorID 854's PickupModel.
[2015/11/28 - 20:29:15] Thong Vu has edited DoorID 854's PickupModel.
[2015/11/28 - 20:29:29] Thong Vu has edited door ID 854's name to HQ SFPD.
[2015/11/28 - 20:30:27] Thong Vu has edited door ID 855's name to Loi sau HQ SFPD.
[2015/11/28 - 20:30:37] Thong Vu has edited DoorID 855's Color.
[2015/11/28 - 20:31:11] Thong Vu has deleted DoorID 2071.
[2016/1/30 - 23:50:02] Ong Gia has deleted DoorID 2505.
[2016/1/31 - 11:17:41] Bee Lee has deleted DoorID 451.
[2016/1/31 - 11:17:47] Bee Lee has deleted DoorID 1164.
[2016/1/31 - 11:17:51] Bee Lee has deleted DoorID 1157.
[2016/1/31 - 11:17:53] Bee Lee has deleted DoorID 927.
[2016/1/31 - 11:52:18] Vinh Thai has edited DoorID 2's Family.
[2016/1/31 - 11:52:23] Vinh Thai has edited DoorID 1's Family.
[2016/1/31 - 11:52:56] Vinh Thai has edited DoorID 2's Family.
[2016/1/31 - 11:52:58] Vinh Thai has edited DoorID 2's Family.
[2016/1/31 - 11:53:01] Vinh Thai has edited DoorID 4's Family.
[2016/1/31 - 11:53:13] Vinh Thai has edited DoorID 2's Exterior.
[2016/1/31 - 11:53:18] Vinh Thai has edited DoorID 2's Exterior.
[2016/1/31 - 11:53:22] Vinh Thai has edited DoorID 2's Exterior.
[2016/1/31 - 11:53:31] Vinh Thai has edited DoorID 2's Exterior.
[2016/1/31 - 11:53:35] Vinh Thai has edited DoorID 2's Exterior.
[2016/1/31 - 11:59:33] Bee Lee has edited DoorID 101's Exterior.
[2016/1/31 - 11:59:55] Bee Lee has edited DoorID 101's Exterior.
[2016/1/31 - 12:00:01] Bee Lee has edited door ID 101's name to Loi ra.
[2016/1/31 - 12:00:08] Bee Lee has edited DoorID 101's PickupModel.
[2016/1/31 - 12:00:12] Bee Lee has edited DoorID 101's PickupModel.
[2016/1/31 - 12:00:48] Bee Lee has edited DoorID 101's Interior.
[2016/1/31 - 12:00:59] Bee Lee has edited DoorID 101's Faction.
[2016/1/31 - 12:01:23] Bee Lee has edited DoorID 451's Exterior.
[2016/1/31 - 12:01:30] Bee Lee has edited door ID 451's name to Loi ra.
[2016/1/31 - 12:01:39] Bee Lee has edited DoorID 451's PickupModel.
[2016/1/31 - 12:02:00] Bee Lee has edited DoorID 451's Interior.
[2016/1/31 - 12:02:15] Bee Lee has edited DoorID 451's Interior.
[2016/1/31 - 12:02:26] Bee Lee has edited DoorID 451's Faction.
[2016/1/31 - 12:02:41] Bee Lee has edited DoorID 661's Exterior.
[2016/1/31 - 12:02:48] Bee Lee has edited door ID 661's name to Loi ra.
[2016/1/31 - 12:03:01] Bee Lee has edited DoorID 661's Interior.
[2016/1/31 - 12:03:08] Bee Lee has edited DoorID 661's Faction.
[2016/1/31 - 15:05:32] Vinh Thai has edited DoorID 2's Exterior.
[2016/1/31 - 15:06:15] Vinh Thai has edited door ID 2's name to Khu Dat Cua Jakie va Vinh Thai.
[2016/1/31 - 15:07:23] Vinh Thai has edited DoorID 2's Famed Level.
[2016/1/31 - 15:08:16] Vinh Thai has edited DoorID 2's type.
[2016/1/31 - 15:08:19] Vinh Thai has edited DoorID 2's type.
[2016/1/31 - 15:08:25] Vinh Thai has edited DoorID 2's type.
[2016/1/31 - 15:08:28] Vinh Thai has edited DoorID 2's type.
[2016/1/31 - 15:36:45] Bee Lee has edited DoorID 745's Exterior.
[2016/1/31 - 15:36:55] Bee Lee has edited door ID 745's name to Phong hop F1.
[2016/1/31 - 15:37:21] Bee Lee has edited door ID 745's name to Phong hop Avengers.
[2016/1/31 - 15:37:29] Bee Lee has edited DoorID 745's PickupModel.
[2016/1/31 - 15:37:31] Bee Lee has edited DoorID 745's PickupModel.
[2016/1/31 - 15:37:32] Bee Lee has edited DoorID 745's PickupModel.
[2016/1/31 - 15:37:35] Bee Lee has edited DoorID 745's PickupModel.
[2016/1/31 - 16:12:45] Bee Lee has edited DoorID 745's Interior.
[2016/1/31 - 16:13:06] Bee Lee has edited DoorID 3's type.
[2016/1/31 - 16:13:11] Bee Lee has edited DoorID 745's Faction.
[2016/1/31 - 16:13:13] Bee Lee has edited DoorID 3's type.
[2016/1/31 - 16:14:52] Bee Lee has edited DoorID 745's type.
[2016/1/31 - 16:14:54] Bee Lee has edited DoorID 745's type.
[2016/1/31 - 16:14:59] Bee Lee has edited door ID 745's owner to Avengers Filler (SQL ID: 78).
[2016/1/31 - 16:15:13] Bee Lee has edited door ID 745's owner to Yasuka khu (SQL ID: 34).
[2016/1/31 - 16:15:19] Bee Lee has edited DoorID 745's type.
[2016/1/31 - 16:26:20] Bee Lee has edited DoorID 745's Family.
[2016/1/31 - 16:26:51] Bee Lee has edited DoorID 745's Family.
[2016/1/31 - 16:27:34] Bee Lee has edited DoorID 745's Family.
[2016/1/31 - 16:27:38] Bee Lee has edited DoorID 745's Family.
[2016/1/31 - 16:27:42] Bee Lee has edited DoorID 745's Family.
[2016/1/31 - 16:27:44] Bee Lee has edited DoorID 745's Family.
[2016/1/31 - 16:27:47] Bee Lee has edited DoorID 745's Family.
[2016/1/31 - 16:27:49] Bee Lee has edited DoorID 745's Family.
[2016/1/31 - 16:27:53] Bee Lee has edited DoorID 745's Family.
[2016/1/31 - 16:27:58] Bee Lee has edited DoorID 745's Family.
[2016/1/31 - 16:28:00] Bee Lee has edited DoorID 745's Family.
[2016/2/1 - 9:57:33] Ong Gia has deleted DoorID 733.
[2016/2/1 - 9:58:26] Ong Gia has deleted DoorID 1457.
[2016/2/1 - 9:58:44] Ong Gia has edited DoorID 855's Faction.
[2016/2/1 - 9:59:01] Ong Gia has edited DoorID 854's Faction.
[2016/2/1 - 10:15:34] Ong Gia has edited DoorID 5's Exterior.
[2016/2/1 - 10:15:53] Ong Gia has edited door ID 5's name to Tele ve SF.
[2016/2/1 - 10:15:58] Ong Gia has edited DoorID 5's type.
[2016/2/1 - 10:16:05] Ong Gia has edited DoorID 5's Color.
[2016/2/1 - 10:16:14] Ong Gia has edited DoorID 5's PickupModel.
[2016/2/1 - 10:16:16] Ong Gia has edited DoorID 5's PickupModel.
[2016/2/1 - 10:16:27] Ong Gia has edited DoorID 5's VehicleAble.
[2016/2/1 - 10:16:58] Ong Gia has edited DoorID 5's Interior.
[2016/2/1 - 10:17:08] Ong Gia has edited DoorID 5's Faction.
[2016/2/1 - 11:09:47] Ong Gia has edited DoorID 2156's Exterior.
[2016/2/1 - 11:55:56] Vinh Thai has edited DoorID 765's Exterior.
[2016/2/1 - 11:56:08] Vinh Thai has edited DoorID 765's Exterior.
[2016/2/1 - 11:56:29] Vinh Thai has edited DoorID 1000's Exterior.
[2016/2/1 - 11:56:39] Vinh Thai has edited DoorID 1000's Exterior.
[2016/2/1 - 11:56:48] Vinh Thai has edited DoorID 987's Exterior.
[2016/2/1 - 11:56:51] Vinh Thai has edited DoorID 987's Exterior.
[2016/2/1 - 11:57:20] Vinh Thai has edited DoorID 987's Exterior.
[2016/2/1 - 11:57:36] Vinh Thai has edited DoorID 773's Exterior.
[2016/2/1 - 11:57:45] Vinh Thai has edited DoorID 773's Exterior.
[2016/2/1 - 11:57:54] Vinh Thai has edited DoorID 733's Exterior.
[2016/2/1 - 11:58:02] Vinh Thai has edited DoorID 733's Exterior.
[2016/2/1 - 12:03:27] Vinh Thai has edited DoorID 733's Interior.
[2016/2/1 - 12:04:33] Vinh Thai has edited DoorID 733's Faction.
[2016/2/1 - 12:06:37] Vinh Thai has edited DoorID 733's VehicleAble.
[2016/2/1 - 12:08:29] Vinh Thai has edited door ID 733's name to Garage.
[2016/2/1 - 12:09:03] Vinh Thai has edited DoorID 733's type.
[2016/2/1 - 12:09:04] Vinh Thai has edited DoorID 733's type.
[2016/2/1 - 12:09:44] Vinh Thai has edited DoorID 733's PickupModel.
[2016/2/1 - 12:10:07] Vinh Thai has edited DoorID 733's Exterior.
[2016/2/1 - 13:54:57] Ong Gia has edited door ID 154's name to HQ VIP.
[2016/2/1 - 13:55:05] Ong Gia has edited DoorID 154's Color.
[2016/2/1 - 13:55:13] Ong Gia has edited DoorID 154's PickupModel.
[2016/2/1 - 13:55:31] Ong Gia has edited door ID 162's name to Gara VIP.
[2016/2/1 - 13:55:37] Ong Gia has edited DoorID 162's Color.
[2016/2/1 - 13:55:45] Ong Gia has edited DoorID 162's PickupModel.
[2016/2/1 - 13:55:55] Ong Gia has edited DoorID 162's Exterior.
[2016/2/1 - 16:49:42] Fuyu Kaito has edited DoorID 745's Exterior.
[2016/2/1 - 16:49:50] Fuyu Kaito has edited DoorID 745's PickupModel.
[2016/2/1 - 16:50:22] Fuyu Kaito has edited door ID 745's name to Khu Do Xe Racing : Chu So Huu : Fuyu_Kaito..
[2016/2/1 - 17:05:08] Fuyu Kaito has edited DoorID 748's Exterior.
[2016/2/1 - 17:05:41] Fuyu Kaito has edited DoorID 748's Exterior.
[2016/2/1 - 17:05:47] Fuyu Kaito has edited DoorID 748's Exterior.
[2016/2/1 - 17:14:49] Fuyu Kaito has edited DoorID 749's Exterior.
[2016/2/1 - 17:15:06] Fuyu Kaito has edited door ID 749's name to Khu Do. Xe : Chu So Huu : Fuyu_Kaito.
[2016/2/1 - 17:15:10] Fuyu Kaito has edited door ID 749's name to Khu Do. Xe.
[2016/2/1 - 17:15:39] Wing has edited door ID 745's name to Khu Do Xe Racing : Chu So Huu : Wing.
[2016/2/1 - 17:54:49] Vila Anonymous has edited DoorID 748's Exterior.
[2016/2/1 - 17:54:55] Vila Anonymous has edited DoorID 749's Exterior.
[2016/2/1 - 17:55:22] Vila Anonymous has edited DoorID 748's Exterior.
[2016/2/1 - 17:57:52] Vila Anonymous has edited DoorID 749's Exterior.
[2016/2/1 - 17:57:59] Vila Anonymous has edited DoorID 749's Exterior.
[2016/2/1 - 20:00:58] Bee Lee has edited DoorID 748's Exterior.
[2016/2/1 - 20:01:15] Bee Lee has edited DoorID 748's type.
[2016/2/1 - 20:01:25] Bee Lee has edited door ID 748's name to Phong hop Avengers.
[2016/2/1 - 20:01:49] Bee Lee has edited DoorID 748's Faction.
[2016/2/1 - 20:02:02] Bee Lee has edited DoorID 748's Family.
[2016/2/1 - 20:02:09] Bee Lee has edited DoorID 748's Family.
[2016/2/1 - 20:02:13] Bee Lee has edited DoorID 748's Family.
[2016/2/1 - 20:02:41] Bee Lee has edited DoorID 748's Family.
[2016/2/1 - 20:02:46] Bee Lee has edited DoorID 748's Faction.
[2016/2/1 - 20:03:13] Bee Lee has edited DoorID 748's Admin Level.
[2016/2/1 - 20:28:13] Bee Lee has edited DoorID 748's Interior.
[2016/2/1 - 20:29:08] Bee Lee has edited DoorID 748's Interior.
[2016/2/1 - 20:29:30] Bee Lee has edited door ID 748's name to HQ Avengers.
[2016/2/1 - 20:29:43] Bee Lee has edited DoorID 748's Admin Level.
[2016/2/1 - 20:54:43] Anic Mickey has deleted DoorID 407.
[2016/2/1 - 20:54:55] Anic Mickey has deleted DoorID 381.
[2016/2/2 - 0:58:20] Ong Gia has edited DoorID 161's Interior.
[2016/2/2 - 0:59:25] Ong Gia has edited DoorID 152's Interior.
[2016/2/2 - 0:59:57] Ong Gia has edited DoorID 854's Exterior.
[2016/2/2 - 1:00:30] Ong Gia has edited DoorID 895's Exterior.
[2016/2/2 - 1:00:44] Ong Gia has edited door ID 895's name to HQ SFPD.
[2016/2/2 - 1:02:56] Ong Gia has edited DoorID 855's Interior.
[2016/2/2 - 7:03:22] Nha Giau has edited DoorID 1172's Exterior.
[2016/2/2 - 7:03:51] Nha Giau has edited door ID 1172's name to Loi Vao City Hall.
[2016/2/2 - 7:03:58] Nha Giau has edited door ID 1172's name to Loi Vao City Hall.
[2016/2/2 - 8:02:51] Wing has edited DoorID 97's Exterior.
[2016/2/2 - 8:03:08] Wing has deleted DoorID 97.
[2016/2/2 - 8:03:19] Wing has edited DoorID 645's Exterior.
[2016/2/2 - 8:03:30] Wing has edited DoorID 665's Exterior.
[2016/2/2 - 8:03:34] Wing has edited DoorID 665's Exterior.
[2016/2/2 - 8:05:12] Wing has edited DoorID 645's Exterior.
[2016/2/2 - 8:05:20] Wing has edited DoorID 655's Exterior.
[2016/2/2 - 8:05:28] Wing has deleted DoorID 655.
[2016/2/2 - 8:05:35] Wing has edited DoorID 665's Exterior.
[2016/2/2 - 8:05:48] Wing has edited DoorID 665's PickupModel.
[2016/2/2 - 8:05:50] Wing has edited DoorID 665's PickupModel.
[2016/2/2 - 8:05:53] Wing has edited DoorID 665's PickupModel.
[2016/2/2 - 8:05:57] Wing has edited DoorID 665's PickupModel.
[2016/2/2 - 8:06:00] Wing has edited DoorID 665's PickupModel.
[2016/2/2 - 8:06:03] Wing has edited DoorID 665's PickupModel.
[2016/2/2 - 8:06:17] Wing has edited door ID 665's name to Office of Major SAAS DeWitt.
[2016/2/2 - 8:21:02] Wing has edited door ID 150's name to V.I.P GTA-SRL Lounge.
[2016/2/2 - 8:21:08] Wing has edited door ID 150's name to V.I.P GTA-SRL.
[2016/2/2 - 8:21:16] Wing has edited DoorID 150's Color.
[2016/2/2 - 8:21:18] Wing has edited DoorID 150's Color.
[2016/2/2 - 8:21:48] Wing has edited door ID 24's name to Thue Xe! ( /rentacar ).
[2016/2/2 - 10:43:57] Nha Giau has edited DoorID 556's Exterior.
[2016/2/2 - 10:44:08] Nha Giau has edited DoorID 556's Exterior.
[2016/2/2 - 10:47:53] Nha Giau has edited DoorID 987's Exterior.
[2016/2/2 - 10:48:04] IS Vila has deleted DoorID 987.
[2016/2/2 - 10:48:07] Nha Giau has edited DoorID 987's Exterior.
[2016/2/2 - 10:48:28] IS Vila has edited DoorID 987's Faction.
[2016/2/2 - 10:48:38] IS Vila has edited door ID 987's name to ..
[2016/2/2 - 10:49:38] IS Vila has edited door ID 987's name to HQ.
[2016/2/2 - 10:51:57] Nha Giau has edited door ID 987's name to HQ team.
[2016/2/2 - 10:53:00] Nha Giau has edited door ID 987's name to HQ S3.
[2016/2/2 - 10:53:21] Nha Giau has edited DoorID 987's Interior.
[2016/2/2 - 10:54:07] Nha Giau has edited door ID 987's name to HQ F3.
[2016/2/2 - 10:54:25] Nha Giau has edited door ID 987's name to HQ Team Boss.
[2016/2/2 - 10:55:12] Nha Giau has edited DoorID 998's Exterior.
[2016/2/2 - 10:55:14] Nha Giau has edited DoorID 998's Exterior.
[2016/2/2 - 10:55:49] Nha Giau has edited DoorID 998's Interior.
[2016/2/2 - 10:55:59] Nha Giau has edited door ID 998's name to Ban cong.
[2016/2/2 - 10:56:04] Nha Giau has edited door ID 998's name to Loi Len Ban cong.
[2016/2/2 - 10:56:49] IS Vila has edited DoorID 987's PickupModel.
[2016/2/2 - 10:56:51] IS Vila has edited DoorID 987's PickupModel.
[2016/2/2 - 10:56:54] IS Vila has edited DoorID 987's PickupModel.
[2016/2/2 - 10:56:57] IS Vila has edited DoorID 987's PickupModel.
[2016/2/2 - 10:56:59] IS Vila has edited DoorID 987's PickupModel.
[2016/2/2 - 10:57:02] IS Vila has edited DoorID 987's PickupModel.
[2016/2/2 - 10:57:04] IS Vila has edited DoorID 987's PickupModel.
[2016/2/2 - 10:57:07] IS Vila has edited DoorID 987's PickupModel.
[2016/2/2 - 10:57:10] Nha Giau has edited DoorID 988's Interior.
[2016/2/2 - 10:57:12] IS Vila has edited DoorID 987's PickupModel.
[2016/2/2 - 10:57:16] IS Vila has edited DoorID 987's PickupModel.
[2016/2/2 - 10:57:53] IS Vila has edited door ID 987's name to The Boss Killer.
[2016/2/2 - 10:58:35] IS Vila has edited DoorID 987's type.
[2016/2/2 - 10:58:38] IS Vila has edited DoorID 987's type.
[2016/2/2 - 10:58:44] IS Vila has edited DoorID 987's type.
[2016/2/2 - 10:59:54] IS Vila has edited DoorID 2's type.
[2016/2/2 - 10:59:58] IS Vila has edited DoorID 987's type.
[2016/2/2 - 11:00:10] IS Vila has edited DoorID 987's type.
[2016/2/2 - 11:00:21] IS Vila has edited DoorID 987's type.
[2016/2/2 - 11:00:31] IS Vila has edited door ID 987's owner to xBoss Mystoganx (SQL ID: 226).
[2016/2/2 - 11:11:17] IS Vila has edited DoorID 987's Interior.
[2016/2/2 - 11:11:51] IS Vila has deleted DoorID 220.
[2016/2/2 - 11:12:27] IS Vila has edited DoorID 987's Interior.
[2016/2/2 - 11:43:53] IS Vila has edited DoorID 1427's type.
[2016/2/2 - 11:43:55] IS Vila has edited DoorID 1427's type.
[2016/2/2 - 11:44:13] IS Vila has edited door ID 1427's name to Backdoor.
[2016/2/2 - 11:44:20] IS Vila has edited DoorID 1427's type.
[2016/2/2 - 13:20:32] Nick has edited DoorID 97's Exterior.
[2016/2/2 - 13:20:46] Nick has edited DoorID 97's PickupModel.
[2016/2/2 - 13:20:48] Nick has edited DoorID 97's PickupModel.
[2016/2/2 - 13:20:52] Nick has edited DoorID 97's PickupModel.
[2016/2/2 - 13:20:55] Nick has edited DoorID 97's PickupModel.
[2016/2/2 - 13:20:58] Nick has edited DoorID 97's PickupModel.
[2016/2/2 - 13:21:01] Nick has edited DoorID 97's PickupModel.
[2016/2/2 - 13:21:02] Nick has edited DoorID 97's PickupModel.
[2016/2/2 - 13:21:05] Nick has edited DoorID 97's PickupModel.
[2016/2/2 - 13:21:08] Nick has edited DoorID 97's PickupModel.
[2016/2/2 - 13:21:11] Nick has edited DoorID 97's PickupModel.
[2016/2/2 - 13:21:14] Nick has edited DoorID 97's PickupModel.
[2016/2/2 - 13:21:16] Nick has edited DoorID 97's PickupModel.
[2016/2/2 - 13:22:37] Nick has edited DoorID 97's Interior.
[2016/2/2 - 13:24:03] Nick has edited door ID 97's name to HQ LSPD.
[2016/2/2 - 13:24:16] Nick has edited DoorID 97's Color.
[2016/2/2 - 13:24:18] Nick has edited DoorID 97's Color.
[2016/2/2 - 13:24:20] Nick has edited DoorID 97's Color.
[2016/2/2 - 13:46:02] Ong Gia has deleted DoorID 8.
[2016/2/2 - 14:15:07] Nick has edited DoorID 8's Exterior.
[2016/2/2 - 14:16:05] Nick has edited door ID 8's name to sds.
[2016/2/2 - 14:16:17] Nick has deleted DoorID 8.
[2016/2/2 - 14:16:50] Nick has edited DoorID 365's Exterior.
[2016/2/2 - 14:17:06] Nick has deleted DoorID 365.
[2016/2/2 - 14:17:27] Nick has edited DoorID 9's Exterior.
[2016/2/2 - 14:17:42] Nick has deleted DoorID 9.
[2016/2/2 - 14:17:57] Nick has edited DoorID 345's Exterior.
[2016/2/2 - 14:18:03] Nick has deleted DoorID 345.
[2016/2/2 - 14:20:09] IS Vila has edited DoorID 2517's PickupModel.
[2016/2/2 - 14:20:35] Nick has edited DoorID 632's Exterior.
[2016/2/2 - 14:20:46] Nick has deleted DoorID 632.
[2016/2/2 - 14:24:20] Nick has edited DoorID 10's Exterior.
[2016/2/2 - 14:24:28] Nick has deleted DoorID 10.
[2016/2/2 - 14:24:46] Nick has edited DoorID 245's Exterior.
[2016/2/2 - 14:24:54] Nick has deleted DoorID 245.
[2016/2/2 - 14:25:09] Nick has edited DoorID 188's Exterior.
[2016/2/2 - 14:26:17] Nick has edited door ID 188's name to Bar : Chu So huu : Old.
[2016/2/2 - 14:27:04] Nick has edited DoorID 188's Interior.
[2016/2/2 - 14:27:22] Nick has edited DoorID 188's Color.
[2016/2/2 - 14:27:25] Nick has edited DoorID 188's Color.
[2016/2/2 - 14:27:41] Nick has edited DoorID 188's Faction.
[2016/2/2 - 14:28:13] Nick has edited DoorID 188's PickupModel.
[2016/2/2 - 14:28:17] Nick has edited DoorID 188's PickupModel.
[2016/2/2 - 14:28:20] Nick has edited DoorID 188's PickupModel.
[2016/2/2 - 14:28:23] Nick has edited DoorID 188's PickupModel.
[2016/2/2 - 14:28:27] Nick has edited DoorID 188's PickupModel.
[2016/2/2 - 14:28:29] Nick has edited DoorID 188's PickupModel.
[2016/2/2 - 14:28:32] Nick has edited DoorID 188's PickupModel.
[2016/2/2 - 14:28:34] Nick has edited DoorID 188's PickupModel.
[2016/2/2 - 14:28:54] Nick has edited DoorID 189's Exterior.
[2016/2/2 - 14:29:02] Nick has deleted DoorID 189.
[2016/2/2 - 14:29:12] Nick has edited DoorID 166's Exterior.
[2016/2/2 - 14:29:26] Nick has deleted DoorID 166.
[2016/2/2 - 14:29:42] Nick has edited DoorID 898's Exterior.
[2016/2/2 - 14:31:02] Nick has edited DoorID 898's Interior.
[2016/2/2 - 14:31:34] Nick has edited door ID 898's name to HQ Ganter : Chu so huu Old.
[2016/2/2 - 14:32:18] Nick has edited DoorID 898's PickupModel.
[2016/2/2 - 14:32:23] Nick has edited DoorID 898's PickupModel.
[2016/2/2 - 14:32:26] Nick has edited DoorID 898's PickupModel.
[2016/2/2 - 14:32:28] Nick has edited DoorID 898's PickupModel.
[2016/2/2 - 14:32:33] Nick has edited DoorID 898's PickupModel.
[2016/2/2 - 14:32:44] Nick has edited DoorID 898's Color.
[2016/2/2 - 14:32:46] Nick has edited DoorID 898's Color.
[2016/2/2 - 14:32:48] Nick has edited DoorID 898's Color.
[2016/2/2 - 14:32:50] Nick has edited DoorID 898's Color.
[2016/2/2 - 14:32:53] Nick has edited DoorID 898's Color.
[2016/2/2 - 14:32:56] Nick has edited DoorID 898's Color.
[2016/2/2 - 14:32:58] Nick has edited DoorID 898's Color.
[2016/2/2 - 14:33:00] Nick has edited DoorID 898's Color.
[2016/2/2 - 14:50:03] Nick has edited DoorID 661's Exterior.
[2016/2/2 - 14:50:16] Nick has deleted DoorID 661.
[2016/2/2 - 14:50:27] Nick has edited DoorID 62's Exterior.
[2016/2/2 - 14:50:37] Nick has deleted DoorID 62.
[2016/2/2 - 14:50:46] Nick has edited DoorID 662's Exterior.
[2016/2/2 - 14:50:59] Nick has deleted DoorID 662.
[2016/2/2 - 14:51:19] Nick has edited DoorID 899's Exterior.
[2016/2/2 - 14:51:38] Nick has edited DoorID 899's Exterior.
[2016/2/2 - 14:51:46] Nick has edited DoorID 897's Exterior.
[2016/2/2 - 14:51:55] Nick has deleted DoorID 899.
[2016/2/2 - 14:52:28] Nick has edited DoorID 897's Interior.
[2016/2/2 - 14:52:54] Nick has edited door ID 897's name to Len Dinh : Coi chung te.
[2016/2/2 - 14:53:42] Nick has edited DoorID 897's Faction.
[2016/2/2 - 14:54:31] Nick has edited DoorID 896's Exterior.
[2016/2/2 - 14:54:44] Nick has deleted DoorID 896.
[2016/2/2 - 14:55:21] Nick has edited DoorID 888's Exterior.
[2016/2/2 - 14:55:50] Nick has deleted DoorID 888.
[2016/2/2 - 14:55:59] Nick has edited DoorID 998's Exterior.
[2016/2/2 - 14:56:20] Nick has deleted DoorID 998.
[2016/2/2 - 14:56:30] Nick has edited DoorID 775's Exterior.
[2016/2/2 - 14:56:38] Nick has deleted DoorID 775.
[2016/2/2 - 14:56:42] Nick has edited DoorID 774's Exterior.
[2016/2/2 - 14:56:47] Nick has deleted DoorID 774.
[2016/2/2 - 14:56:52] Nick has edited DoorID 543's Exterior.
[2016/2/2 - 14:56:58] Nick has deleted DoorID 543.
[2016/2/2 - 14:57:02] Nick has edited DoorID 557's Exterior.
[2016/2/2 - 14:57:16] Nick has deleted DoorID 557.
[2016/2/2 - 14:57:46] Nick has edited DoorID 15's Exterior.
[2016/2/2 - 14:58:04] Nick has edited door ID 15's name to sadsa.
[2016/2/2 - 14:58:15] Nick has edited door ID 15's name to Garane : Old.
[2016/2/2 - 14:58:58] Nick has edited DoorID 15's Interior.
[2016/2/2 - 14:59:19] Nick has edited DoorID 15's PickupModel.
[2016/2/2 - 14:59:56] Nick has edited DoorID 15's VehicleAble.
[2016/2/2 - 15:02:22] Nick has edited DoorID 15's Interior.
[2016/2/2 - 16:10:31] David Vila has edited DoorID 895's Faction.
[2016/2/2 - 16:19:01] Bee Lee has edited DoorID 8's Exterior.
[2016/2/2 - 16:19:08] Bee Lee has edited DoorID 8's PickupModel.
[2016/2/2 - 16:19:12] Bee Lee has edited DoorID 8's PickupModel.
[2016/2/2 - 16:19:19] Bee Lee has edited DoorID 8's type.
[2016/2/2 - 16:19:23] Bee Lee has edited DoorID 8's type.
[2016/2/2 - 16:19:36] Bee Lee has edited DoorID 8's type.
[2016/2/2 - 16:19:38] Bee Lee has edited DoorID 8's type.
[2016/2/2 - 16:19:43] Bee Lee has edited door ID 8's owner to Nam Sit (SQL ID: 324).
[2016/2/2 - 16:19:52] Bee Lee has edited door ID 8's name to Gara.
[2016/2/2 - 16:20:30] Bee Lee has edited DoorID 8's Interior.
[2016/2/2 - 16:20:38] Bee Lee has edited DoorID 8's Faction.
[2016/2/2 - 16:28:04] Bee Lee has edited DoorID 8's Interior.
[2016/2/2 - 16:29:06] Bee Lee has edited DoorID 8's VehicleAble.
[2016/2/2 - 16:29:09] Bee Lee has edited DoorID 8's VehicleAble.
[2016/2/2 - 16:34:02] Bee Lee has edited DoorID 8's Interior.
[2016/2/2 - 16:34:22] Bee Lee has edited DoorID 8's Exterior.
[2016/2/2 - 16:41:04] David Vila has edited DoorID 9's Exterior.
[2016/2/2 - 16:41:17] David Vila has edited DoorID 9's Interior.
[2016/2/2 - 16:41:26] David Vila has edited door ID 9's name to BackDoor.
[2016/2/2 - 16:41:38] David Vila has edited DoorID 9's type.
[2016/2/2 - 16:41:40] David Vila has edited DoorID 9's type.
[2016/2/2 - 16:42:01] David Vila has edited door ID 9's name to Anh Em F11.
[2016/2/2 - 16:42:27] David Vila has edited DoorID 9's Faction.
[2016/2/2 - 16:42:37] David Vila has edited DoorID 9's type.
[2016/2/2 - 16:42:41] David Vila has edited DoorID 9's type.
[2016/2/2 - 16:42:47] David Vila has edited DoorID 0's Faction.
[2016/2/2 - 17:12:38] David Vila has edited DoorID 9's Interior.
[2016/2/2 - 17:12:55] David Vila has edited DoorID 9's Exterior.
[2016/2/2 - 17:13:10] David Vila has edited door ID 9's name to Bar F11.
[2016/2/2 - 17:23:06] David Vila has edited DoorID 10's Exterior.
[2016/2/2 - 17:23:11] David Vila has edited DoorID 11's Exterior.
[2016/2/2 - 17:23:20] David Vila has edited DoorID 2001's Exterior.
[2016/2/2 - 17:23:27] David Vila has edited DoorID 200's Exterior.
[2016/2/2 - 17:23:38] David Vila has deleted DoorID 2001.
[2016/2/2 - 17:23:41] David Vila has deleted DoorID 11.
[2016/2/2 - 17:23:56] David Vila has edited door ID 10's owner to Bay Stone (SQL ID: 21).
[2016/2/2 - 17:24:05] David Vila has deleted DoorID 200.
[2016/2/2 - 17:24:17] David Vila has edited DoorID 10's Interior.
[2016/2/2 - 17:24:29] David Vila has edited door ID 10's name to BackDoor.
[2016/2/2 - 17:25:06] David Vila has edited DoorID 10's Faction.
[2016/2/2 - 17:25:37] David Vila has deleted DoorID 9.
[2016/2/2 - 17:25:48] David Vila has edited DoorID 9's Exterior.
[2016/2/2 - 17:25:55] David Vila has edited DoorID 9's Exterior.
[2016/2/2 - 17:26:28] David Vila has edited door ID 9's name to 1.
[2016/2/2 - 17:26:28] David Vila has deleted DoorID 9.
[2016/2/2 - 17:26:37] David Vila has edited DoorID 11's Exterior.
[2016/2/2 - 17:26:58] David Vila has edited door ID 11's owner to David Vila (SQL ID: 122).
[2016/2/2 - 17:27:07] David Vila has edited door ID 11's owner to Bay Stone (SQL ID: 21).
[2016/2/2 - 17:27:41] David Vila has edited DoorID 11's Interior.
[2016/2/2 - 17:27:49] David Vila has edited door ID 11's name to Bar F11.
[2016/2/2 - 17:28:08] David Vila has edited DoorID 11's PickupModel.
[2016/2/2 - 17:28:11] David Vila has edited DoorID 11's PickupModel.
[2016/2/2 - 17:28:15] David Vila has edited DoorID 11's PickupModel.
[2016/2/2 - 17:28:19] David Vila has edited DoorID 11's PickupModel.
[2016/2/2 - 17:28:21] David Vila has edited DoorID 11's PickupModel.
[2016/2/2 - 17:28:30] David Vila has edited DoorID 11's Color.
[2016/2/2 - 17:28:36] David Vila has edited DoorID 10's Color.
[2016/2/2 - 17:28:41] David Vila has edited DoorID 11's PickupModel.
[2016/2/2 - 17:28:44] David Vila has edited DoorID 11's PickupModel.
[2016/2/2 - 17:28:47] David Vila has edited DoorID 11's PickupModel.
[2016/2/2 - 17:29:30] David Vila has edited DoorID 12's Exterior.
[2016/2/2 - 17:29:40] David Vila has deleted DoorID 12.
[2016/2/2 - 17:29:42] David Vila has edited DoorID 12's Exterior.
[2016/2/2 - 17:29:51] David Vila has edited door ID 12's owner to David Vila (SQL ID: 122).
[2016/2/2 - 17:30:12] David Vila has edited DoorID 12's Interior.
[2016/2/2 - 17:30:21] David Vila has edited door ID 12's name to Phòng Ngu.
[2016/2/2 - 17:30:33] David Vila has edited DoorID 12's PickupModel.
[2016/2/2 - 17:30:37] David Vila has edited DoorID 12's PickupModel.
[2016/2/2 - 17:31:34] David Vila has edited DoorID 12's Color.
[2016/2/2 - 17:31:45] David Vila has edited DoorID 12's Faction.
[2016/2/2 - 17:31:50] David Vila has edited DoorID 11's Faction.
[2016/2/2 - 17:32:47] David Vila has edited door ID 12's name to Phòng Ngu F11.
[2016/2/2 - 17:35:13] David Vila has edited DoorID 13's Exterior.
[2016/2/2 - 17:35:19] David Vila has deleted DoorID 13.
[2016/2/2 - 17:35:20] David Vila has edited DoorID 13's Exterior.
[2016/2/2 - 17:35:26] David Vila has edited door ID 13's name to Lôi' Xuông'.
[2016/2/2 - 17:35:34] David Vila has edited door ID 13's owner to David Vila (SQL ID: 122).
[2016/2/2 - 17:35:56] David Vila has edited DoorID 13's Interior.
[2016/2/2 - 17:36:48] David Vila has edited door ID 13's name to Lôi' Xuông' ( /exit ).
[2016/2/2 - 17:38:08] David Vila has edited DoorID 14's Exterior.
[2016/2/2 - 17:38:28] David Vila has edited DoorID 14's type.
[2016/2/2 - 17:38:31] David Vila has edited DoorID 14's type.
[2016/2/2 - 17:38:43] David Vila has deleted DoorID 14.
[2016/2/2 - 17:38:49] David Vila has edited DoorID 14's Exterior.
[2016/2/2 - 17:38:53] David Vila has edited DoorID 14's type.
[2016/2/2 - 17:38:56] David Vila has edited DoorID 14's type.
[2016/2/2 - 17:38:59] David Vila has edited DoorID 14's type.
[2016/2/2 - 17:39:00] David Vila has edited DoorID 14's type.
[2016/2/2 - 17:39:13] David Vila has edited DoorID 14's type.
[2016/2/2 - 17:39:17] David Vila has edited DoorID 14's type.
[2016/2/2 - 17:39:29] David Vila has edited DoorID 14's Interior.
[2016/2/2 - 17:39:37] David Vila has edited door ID 14's name to Phòng Víp .
[2016/2/2 - 17:41:47] David Vila has edited DoorID 14's Faction.
[2016/2/2 - 17:45:20] David Vila has edited DoorID 15's Exterior.
[2016/2/2 - 17:46:22] David Vila has edited DoorID 15's Exterior.
[2016/2/2 - 17:46:35] David Vila has edited DoorID 16's Exterior.
[2016/2/2 - 17:46:44] David Vila has edited DoorID 16's PickupModel.
[2016/2/2 - 17:46:48] David Vila has edited DoorID 16's PickupModel.
[2016/2/2 - 17:47:05] David Vila has edited door ID 16's name to Khu Ðât F11.
[2016/2/2 - 17:47:14] David Vila has edited door ID 16's owner to David Vila (SQL ID: 122).
[2016/2/2 - 17:47:21] David Vila has edited DoorID 16's Interior.
[2016/2/2 - 18:08:01] Wing has edited door ID 154's name to VIP GTA-SRL.US.
[2016/2/2 - 18:08:07] Wing has edited door ID 154's name to VIP GTA-SRL.US WELCOM.
[2016/2/2 - 18:08:12] Wing has edited door ID 154's name to VIP GTA-SRL.US!.
[2016/2/2 - 18:22:07] David Vila has edited DoorID 97's Color.
[2016/2/2 - 18:22:09] David Vila has edited DoorID 97's Color.
[2016/2/2 - 18:22:13] David Vila has edited DoorID 97's Color.
[2016/2/2 - 18:22:16] David Vila has edited DoorID 97's Color.
[2016/2/2 - 18:22:21] David Vila has edited DoorID 97's Color.
[2016/2/2 - 18:22:23] David Vila has edited DoorID 97's Color.
[2016/2/2 - 18:22:26] David Vila has edited DoorID 97's Color.
[2016/2/2 - 18:22:28] David Vila has edited DoorID 97's Color.
[2016/2/2 - 18:22:31] David Vila has edited DoorID 97's Color.
[2016/2/2 - 18:22:34] David Vila has edited DoorID 97's Color.
[2016/2/2 - 18:52:26] Bee Lee has edited DoorID 9's Exterior.
[2016/2/2 - 18:52:46] Bee Lee has edited door ID 9's name to /vao de su dung boombox.
[2016/2/2 - 18:53:03] Bee Lee has edited DoorID 9's type.
[2016/2/2 - 18:53:05] Bee Lee has edited DoorID 9's type.
[2016/2/2 - 18:53:15] Bee Lee has edited DoorID 9's Interior.
[2016/2/2 - 18:53:24] Bee Lee has edited DoorID 9's Faction.
[2016/2/2 - 18:53:40] Bee Lee has deleted DoorID 9.
[2016/2/2 - 19:16:13] Anic Mickey has deleted DoorID 361.
[2016/2/2 - 19:16:26] Anic Mickey has deleted DoorID 398.
[2016/2/2 - 19:16:32] Anic Mickey has deleted DoorID 401.
[2016/2/2 - 19:16:40] Anic Mickey has deleted DoorID 577.
[2016/2/2 - 21:28:11] David Vila has edited door ID 11's owner to Bay Stone (SQL ID: 454).
[2016/2/3 - 9:03:22] Wing has edited door ID 404's name to Vitali-Hanako Corporation [Owner : Boy_Hardy].
[2016/2/3 - 9:03:50] Wing has edited door ID 2087's name to Vitali - Hanako Club [Owner : Boy_Hardy].
[2016/2/3 - 9:05:24] Wing has edited DoorID 9's Exterior.
[2016/2/3 - 9:05:40] Wing has edited door ID 9's name to Vitalia - Hanako Garage [Owner : Boy_Hardy].
[2016/2/3 - 9:05:47] Wing has edited DoorID 9's Color.
[2016/2/3 - 9:05:56] Wing has edited DoorID 9's PickupModel.
[2016/2/3 - 9:06:02] Wing has edited DoorID 9's PickupModel.
[2016/2/3 - 9:07:08] Wing has edited DoorID 9's Interior.
[2016/2/3 - 9:07:23] Wing has edited DoorID 9's VehicleAble.
[2016/2/3 - 9:07:44] Wing has edited DoorID 17's Faction.
[2016/2/3 - 9:08:42] Wing has edited DoorID 9's Faction.
[2016/2/3 - 9:08:48] Wing has edited DoorID 9's type.
[2016/2/3 - 9:12:42] Wing has edited DoorID 9's Interior.
[2016/2/3 - 9:31:32] Go Cu has edited DoorID 967's Exterior.
[2016/2/3 - 9:31:44] Go Cu has deleted DoorID 967.
[2016/2/3 - 9:31:51] Go Cu has deleted DoorID 985.
[2016/2/3 - 9:32:00] Go Cu has edited DoorID 985's Exterior.
[2016/2/3 - 9:32:26] Go Cu has edited DoorID 985's Exterior.
[2016/2/3 - 9:32:51] Go Cu has edited DoorID 999's Exterior.
[2016/2/3 - 9:33:00] Go Cu has deleted DoorID 999.
[2016/2/3 - 9:33:03] Go Cu has edited DoorID 998's Exterior.
[2016/2/3 - 9:33:30] Go Cu has edited door ID 998's name to Phong hoP.
[2016/2/3 - 9:34:12] Go Cu has edited DoorID 998's Exterior.
[2016/2/3 - 9:34:32] Go Cu has edited DoorID 998's Family.
[2016/2/3 - 9:34:37] Go Cu has edited DoorID 998's Family.
[2016/2/3 - 9:34:39] Go Cu has edited DoorID 998's Family.
[2016/2/3 - 9:34:40] Go Cu has edited DoorID 998's Family.
[2016/2/3 - 9:34:57] Go Cu has edited door ID 998's name to HQ team F16.
[2016/2/3 - 9:35:17] Go Cu has edited DoorID 998's Family.
[2016/2/3 - 9:35:23] Go Cu has edited DoorID 998's Family.
[2016/2/3 - 9:36:01] David Vila has edited door ID 998's owner to Hao Hoanghuy (SQL ID: 456).
[2016/2/3 - 9:36:21] David Vila has edited DoorID 998's Family.
[2016/2/3 - 9:36:51] David Vila has edited DoorID 998's Faction.
[2016/2/3 - 9:37:08] David Vila has edited DoorID 998's Family.
[2016/2/3 - 9:37:13] David Vila has edited DoorID 998's Family.
[2016/2/3 - 9:37:26] David Vila has deleted DoorID 998.
[2016/2/3 - 9:37:38] David Vila has edited DoorID 62's Exterior.
[2016/2/3 - 9:37:44] David Vila has edited DoorID 62's type.
[2016/2/3 - 9:37:47] David Vila has edited DoorID 62's type.
[2016/2/3 - 9:41:56] David Vila has edited DoorID 62's Interior.
[2016/2/3 - 9:42:04] David Vila has edited DoorID 62's Faction.
[2016/2/3 - 9:42:23] David Vila has edited DoorID 62's type.
[2016/2/3 - 9:42:24] David Vila has edited DoorID 62's type.
[2016/2/3 - 9:42:29] David Vila has edited DoorID 0's Faction.
[2016/2/3 - 9:42:53] David Vila has edited door ID 62's name to HQ F11.
[2016/2/3 - 9:42:54] David Vila has edited door ID 62's name to HQ F16.
[2016/2/3 - 9:43:13] David Vila has edited DoorID 62's PickupModel.
[2016/2/3 - 9:46:27] Go Cu has deleted DoorID 260.
[2016/2/3 - 9:52:30] David Vila has edited DoorID 166's Exterior.
[2016/2/3 - 9:52:37] David Vila has edited DoorID 166's type.
[2016/2/3 - 9:52:38] David Vila has edited DoorID 166's type.
[2016/2/3 - 9:52:54] David Vila has edited door ID 166's name to Bar F16.
[2016/2/3 - 9:53:29] David Vila has edited DoorID 166's Interior.
[2016/2/3 - 9:53:49] David Vila has edited DoorID 166's Faction.
[2016/2/3 - 10:33:15] David Vila has edited DoorID 2517's Color.
[2016/2/3 - 10:33:17] David Vila has edited DoorID 2517's Color.
[2016/2/3 - 10:33:21] David Vila has edited DoorID 2517's Color.
[2016/2/3 - 10:33:26] David Vila has edited DoorID 2517's Color.
[2016/2/3 - 10:33:28] David Vila has edited DoorID 2517's Color.
[2016/2/3 - 10:33:32] David Vila has edited DoorID 2517's Color.
[2016/2/3 - 10:33:37] David Vila has edited DoorID 2517's Color.
[2016/2/3 - 10:33:40] David Vila has edited DoorID 2517's Color.
[2016/2/3 - 10:33:43] David Vila has edited DoorID 2517's Color.
[2016/2/3 - 10:33:46] David Vila has edited DoorID 2517's Color.
[2016/2/3 - 10:33:51] David Vila has edited DoorID 2517's Color.
[2016/2/3 - 10:33:55] David Vila has edited DoorID 2517's Color.
[2016/2/3 - 10:33:57] David Vila has edited DoorID 2517's Color.
[2016/2/3 - 10:34:00] David Vila has edited DoorID 2517's Color.
[2016/2/3 - 10:57:06] David Vila has edited DoorID 189's Exterior.
[2016/2/3 - 10:57:07] David Vila has edited DoorID 189's Exterior.
[2016/2/3 - 10:57:18] David Vila has edited door ID 189's owner to Harry Jinr (SQL ID: 52).
[2016/2/3 - 10:57:24] David Vila has edited door ID 189's owner to David Vila (SQL ID: 122).
[2016/2/3 - 10:57:31] David Vila has edited DoorID 189's type.
[2016/2/3 - 10:57:38] David Vila has edited DoorID 189's type.
[2016/2/3 - 10:57:48] David Vila has edited DoorID 189's type.
[2016/2/3 - 10:57:56] David Vila has edited DoorID 189's PickupModel.
[2016/2/3 - 10:58:03] David Vila has edited door ID 189's name to Garage FBI.
[2016/2/3 - 10:58:25] David Vila has edited DoorID 189's VehicleAble.
[2016/2/3 - 10:58:46] David Vila has edited DoorID 189's Interior.
[2016/2/3 - 10:58:56] David Vila has edited DoorID 189's Faction.
[2016/2/3 - 10:59:23] Ban Tang has deleted DoorID 150.
[2016/2/3 - 11:17:25] Ban Tang has edited DoorID 997's Exterior.
[2016/2/3 - 11:17:37] Ban Tang has edited DoorID 997's Exterior.
[2016/2/3 - 11:17:53] Ban Tang has edited DoorID 987's Exterior.
[2016/2/3 - 11:18:13] Ban Tang has edited DoorID 987's Exterior.
[2016/2/3 - 11:18:27] Ban Tang has edited DoorID 996's Exterior.
[2016/2/3 - 11:18:39] Ban Tang has edited DoorID 996's Exterior.
[2016/2/3 - 11:18:53] Ban Tang has edited DoorID 965's Exterior.
[2016/2/3 - 11:19:28] Ban Tang has edited door ID 965's name to Canh Cong Khong Gian.
[2016/2/3 - 11:20:58] Ban Tang has edited DoorID 965's Interior.
[2016/2/3 - 11:22:37] Ban Tang has edited DoorID 965's Exterior.
[2016/2/3 - 11:22:41] Ban Tang has edited DoorID 965's Exterior.
[2016/2/3 - 11:23:20] Ban Tang has edited DoorID 965's Exterior.
[2016/2/3 - 13:58:48] David Vila has edited DoorID 150's Exterior.
[2016/2/3 - 13:58:56] David Vila has edited door ID 150's name to Garage TRAF.
[2016/2/3 - 13:59:07] David Vila has edited DoorID 150's PickupModel.
[2016/2/3 - 14:01:16] David Vila has edited DoorID 150's VehicleAble.
[2016/2/3 - 14:01:20] Bee Lee has edited DoorID 204's Faction.
[2016/2/3 - 14:05:02] Bee Lee has edited DoorID 1335's Faction.
[2016/2/3 - 14:05:09] Bee Lee has edited DoorID 1335's Exterior.
[2016/2/3 - 14:05:18] Bee Lee has edited DoorID 1335's Faction.
[2016/2/3 - 14:05:53] Bee Lee has edited DoorID 1335's Interior.
[2016/2/3 - 14:05:55] Bee Lee has edited DoorID 1335's Interior.
[2016/2/3 - 14:06:10] Bee Lee has deleted DoorID 934.
[2016/2/3 - 14:06:13] Bee Lee has edited DoorID 1335's Interior.
[2016/2/3 - 14:06:21] Bee Lee has edited DoorID 1335's Color.
[2016/2/3 - 14:06:41] Bee Lee has edited DoorID 204's Color.
[2016/2/3 - 14:06:49] Bee Lee has edited DoorID 204's Faction.
[2016/2/3 - 14:08:55] David Vila has edited DoorID 150's Faction.
[2016/2/3 - 14:09:56] David Vila has edited DoorID 150's Interior.
[2016/2/3 - 14:25:49] David Vila has edited DoorID 150's Interior.
[2016/2/3 - 14:29:23] David Vila has edited DoorID 17's type.
[2016/2/3 - 14:35:08] David Vila has edited DoorID 1335's Faction.
[2016/2/3 - 15:17:08] Park Soeng Hip has edited DoorID 895's Faction.
[2016/2/3 - 15:57:51] Cuc Cut Co Don has edited DoorID 154's Interior.
[2016/2/3 - 16:16:26] David Vila has edited door ID 664's owner to Chaly Doremon (SQL ID: 620).
[2016/2/3 - 16:16:37] David Vila has edited door ID 128's owner to Chaly Doremon (SQL ID: 620).
[2016/2/3 - 16:18:28] Billy Dash has deleted DoorID 664.
[2016/2/3 - 16:56:45] Bee Lee has edited DoorID 200's Exterior.
[2016/2/3 - 16:56:52] Bee Lee has edited door ID 200's name to Gara.
[2016/2/3 - 16:56:59] Bee Lee has edited DoorID 20's type.
[2016/2/3 - 16:57:02] Bee Lee has edited DoorID 200's type.
[2016/2/3 - 16:57:05] Bee Lee has edited DoorID 200's type.
[2016/2/3 - 16:57:09] Bee Lee has edited DoorID 200's type.
[2016/2/3 - 16:57:14] Bee Lee has edited door ID 200's owner to Chaly Doremon (SQL ID: 620).
[2016/2/3 - 16:57:38] Bee Lee has edited DoorID 200's PickupModel.
[2016/2/3 - 16:57:55] Bee Lee has edited DoorID 200's PickupModel.
[2016/2/3 - 17:33:45] Bee Lee has edited DoorID 200's Interior.
[2016/2/3 - 17:34:40] Bee Lee has edited DoorID 200's Faction.
[2016/2/3 - 17:36:10] Bee Lee has edited DoorID 220's Exterior.
[2016/2/3 - 17:36:18] Bee Lee has edited door ID 220's name to /vao neu bi Bug.
[2016/2/3 - 17:36:31] Bee Lee has edited DoorID 220's Interior.
[2016/2/3 - 17:36:38] Bee Lee has edited DoorID 220's Faction.
[2016/2/3 - 17:39:11] Bee Lee has edited DoorID 220's Exterior.
[2016/2/3 - 17:39:21] Bee Lee has edited door ID 220's name to /exit neu bi bug.
[2016/2/3 - 17:39:36] Bee Lee has edited DoorID 220's VehicleAble.
[2016/2/3 - 17:39:47] Bee Lee has edited DoorID 200's VehicleAble.
[2016/2/3 - 17:40:26] Bee Lee has edited door ID 220's name to /enter neu bi bug.
[2016/2/3 - 17:51:56] Bee Lee has edited DoorID 200's Interior.
[2016/2/3 - 17:52:02] Cuc Cut Co Don has edited DoorID 999's Exterior.
[2016/2/3 - 17:52:17] Cuc Cut Co Don has edited DoorID 999's Exterior.
[2016/2/3 - 17:53:21] Cuc Cut Co Don has edited DoorID 983's Exterior.
[2016/2/3 - 17:53:41] Cuc Cut Co Don has edited door ID 983's name to Cong Khong Gian.
[2016/2/3 - 17:54:13] Cuc Cut Co Don has edited DoorID 983's Interior.
[2016/2/3 - 17:55:17] Cuc Cut Co Don has edited DoorID 983's Exterior.
[2016/2/3 - 17:55:29] Cuc Cut Co Don has edited DoorID 981's Exterior.
[2016/2/3 - 17:55:41] Cuc Cut Co Don has edited door ID 981's name to Cong Khong Gian.
[2016/2/3 - 17:56:05] Cuc Cut Co Don has edited DoorID 981's Interior.
[2016/2/3 - 18:28:03] Bee Lee has edited DoorID 200's Interior.
[2016/2/3 - 18:36:33] Bee Lee has deleted DoorID 2351.
[2016/2/3 - 18:39:13] Bee Lee has edited DoorID 644's Exterior.
[2016/2/3 - 18:39:38] Bee Lee has edited DoorID 644's Interior.
[2016/2/3 - 19:58:10] Bee Lee has edited DoorID 40's Interior.
[2016/2/3 - 19:58:45] Bee Lee has edited DoorID 400's Interior.
[2016/2/3 - 19:58:47] Bee Lee has edited DoorID 200's Interior.
[2016/2/3 - 19:58:49] David Vila has edited DoorID 2517's Faction.
[2016/2/3 - 19:58:59] David Vila has edited DoorID 2517's Faction.
[2016/2/3 - 20:00:17] Bee Lee has deleted DoorID 40.
[2016/2/3 - 20:00:58] Bee Lee has edited DoorID 200's Interior.
[2016/2/3 - 20:03:56] Bee has edited DoorID 1209's type.
[2016/2/3 - 20:04:11] Bee has edited door ID 1209's name to Richman Hotel.
[2016/2/3 - 20:04:17] Bee has edited DoorID 1209's type.
[2016/2/3 - 20:04:37] Bee has edited DoorID 1209's type.
[2016/2/3 - 20:04:42] Bee has edited DoorID 1209's type.
[2016/2/3 - 20:04:43] Bee has edited DoorID 1209's type.
[2016/2/3 - 20:07:28] Bee has edited DoorID 1209's type.
[2016/2/3 - 20:07:33] Bee has edited DoorID 1209's type.
[2016/2/3 - 20:07:38] Bee has edited DoorID 1209's type.
[2016/2/3 - 20:07:42] Bee has edited DoorID 1209's type.
[2016/2/3 - 20:07:46] Bee has edited DoorID 1209's type.
[2016/2/3 - 20:08:04] Bee has edited DoorID 1209's type.
[2016/2/3 - 20:08:20] Bee has edited DoorID 1209's type.
[2016/2/3 - 20:09:17] Bee has edited DoorID 1209's type.
[2016/2/3 - 20:09:19] Bee has edited DoorID 1209's type.
[2016/2/3 - 20:09:20] Bee has edited DoorID 1209's type.
[2016/2/3 - 20:09:22] Bee has edited DoorID 1209's type.
[2016/2/3 - 20:09:37] Bee has edited DoorID 1209's type.
[2016/2/3 - 20:09:39] Bee has edited DoorID 1209's type.
[2016/2/3 - 20:09:41] Bee has edited DoorID 1209's type.
[2016/2/3 - 20:09:45] Bee has edited door ID 1209's owner to Chaly Do (SQL ID: 620).
[2016/2/3 - 20:14:10] Bee has deleted DoorID 1602.
[2016/2/3 - 20:14:18] Bee has edited DoorID 1602's Exterior.
[2016/2/3 - 20:14:28] Bee has edited door ID 1602's name to HQ CSGT.
[2016/2/3 - 20:14:34] Bee has edited DoorID 1602's type.
[2016/2/3 - 20:14:54] Bee has edited DoorID 1602's Color.
[2016/2/3 - 20:14:57] Bee has edited DoorID 1602's Color.
[2016/2/3 - 20:14:59] Bee has edited DoorID 1602's Color.
[2016/2/3 - 20:15:02] Bee has edited DoorID 1602's Color.
[2016/2/3 - 20:15:03] Bee has edited DoorID 1602's Color.
[2016/2/3 - 20:15:06] Bee has edited DoorID 1602's Color.
[2016/2/3 - 20:15:08] Bee has edited DoorID 1602's Color.
[2016/2/3 - 20:15:10] Bee has edited DoorID 1602's Color.
[2016/2/3 - 20:15:12] Bee has edited DoorID 1602's Color.
[2016/2/3 - 20:15:15] Bee has edited DoorID 1602's Color.
[2016/2/3 - 20:15:18] Bee has edited DoorID 1602's Color.
[2016/2/3 - 20:15:20] Bee has edited DoorID 1602's Color.
[2016/2/3 - 20:15:23] Bee has edited DoorID 1602's Color.
[2016/2/3 - 20:15:25] Bee has edited DoorID 1602's Color.
[2016/2/3 - 20:15:26] Bee has edited DoorID 1602's Color.
[2016/2/3 - 20:15:29] Bee has edited DoorID 1602's Color.
[2016/2/3 - 20:15:31] Bee has edited DoorID 1602's Color.
[2016/2/3 - 20:15:34] Bee has edited DoorID 1602's Color.
[2016/2/3 - 20:15:37] Bee has edited DoorID 1602's Color.
[2016/2/3 - 20:15:39] Bee has edited DoorID 1602's Color.
[2016/2/3 - 20:15:43] Bee has edited DoorID 1602's Color.
[2016/2/3 - 20:16:08] Bee has edited DoorID 1602's PickupModel.
[2016/2/3 - 20:16:09] Bee has edited DoorID 1602's PickupModel.
[2016/2/3 - 20:16:12] Bee has edited DoorID 1602's PickupModel.
[2016/2/3 - 20:16:14] Bee has edited DoorID 1602's PickupModel.
[2016/2/3 - 20:16:16] Bee has edited DoorID 1602's PickupModel.
[2016/2/3 - 20:16:19] Bee has edited DoorID 1602's PickupModel.
[2016/2/3 - 20:16:21] Bee has edited DoorID 1602's PickupModel.
[2016/2/3 - 20:22:02] Kyo has edited DoorID 1602's Exterior.
[2016/2/3 - 20:22:15] Kyo has edited DoorID 1602's Interior.
[2016/2/3 - 20:22:30] Kyo has edited DoorID 1602's Exterior.
[2016/2/3 - 20:22:33] Kyo has edited DoorID 1602's Exterior.
[2016/2/3 - 20:25:06] David Vila has edited door ID 9's name to Cua Hang Pizza.
[2016/2/3 - 20:59:44] Bee has edited DoorID 1602's Faction.
[2016/2/4 - 1:32:53] Park Soeng Hip has edited DoorID 200's VehicleAble.
[2016/2/4 - 1:34:10] Park Soeng Hip has edited DoorID 200's CustomInterior.
[2016/2/4 - 1:52:14] Park Soeng Hip has deleted DoorID 1962.
[2016/2/4 - 1:53:35] Park Soeng Hip has deleted DoorID 2380.
[2016/2/4 - 1:53:53] Park Soeng Hip has deleted DoorID 751.
[2016/2/4 - 7:35:29] Wing has edited DoorID 40's Exterior.
[2016/2/4 - 7:35:45] Wing has edited door ID 40's name to Roof Len Nóc Nhà [/ENTER].
[2016/2/4 - 7:36:15] Wing has edited DoorID 40's Interior.
[2016/2/4 - 7:36:21] Wing has edited DoorID 245's Exterior.
[2016/2/4 - 7:36:35] Wing has edited door ID 245's name to Roof xuong duoi [/EXIT].
[2016/2/4 - 7:36:46] Wing has edited DoorID 245's Family.
[2016/2/4 - 7:36:47] Wing has edited DoorID 245's Family.
[2016/2/4 - 7:54:49] Vy Nguyen has edited DoorID 40's Family.
[2016/2/4 - 7:54:52] Vy Nguyen has edited DoorID 40's type.
[2016/2/4 - 8:27:39] Wing has edited DoorID 40's Family.
[2016/2/4 - 8:28:43] Wing has edited DoorID 40's Family.
[2016/2/4 - 8:28:46] Wing has edited DoorID 40's Family.
[2016/2/4 - 8:28:48] Wing has edited DoorID 40's Family.
[2016/2/4 - 9:58:18] Park Soeng Hip has deleted DoorID 1418.
[2016/2/4 - 9:58:29] Park Soeng Hip has edited DoorID 475's Exterior.
[2016/2/4 - 9:58:33] Park Soeng Hip has edited DoorID 475's Exterior.
[2016/2/4 - 9:58:46] Park Soeng Hip has edited door ID 475's name to Casino.
[2016/2/4 - 9:58:57] Park Soeng Hip has edited door ID 475's name to Casino SF.
[2016/2/4 - 11:40:42] Park Soeng Hip has deleted DoorID 4.
[2016/2/4 - 11:46:33] Thanh has deleted DoorID 854.
[2016/2/4 - 11:46:56] Thanh has deleted DoorID 2176.
[2016/2/4 - 12:48:03] David Vila has edited DoorID 4's Exterior.
[2016/2/4 - 12:48:21] David Vila has edited door ID 4's owner to My Hanh (SQL ID: 1120).
[2016/2/4 - 12:48:27] David Vila has edited door ID 4's owner to David Vila (SQL ID: 122).
[2016/2/4 - 12:48:43] David Vila has edited DoorID 4's type.
[2016/2/4 - 12:48:59] David Vila has edited door ID 4's name to Hilltop Militia.
[2016/2/4 - 12:49:09] David Vila has edited DoorID 4's type.
[2016/2/4 - 12:49:31] David Vila has edited door ID 4's name to Tru Sõ Hilltop Militia.
[2016/2/4 - 13:01:11] David Vila has edited DoorID 2113's Faction.
[2016/2/4 - 13:01:16] David Vila has edited DoorID 2113's Faction.
[2016/2/4 - 13:49:45] David Vila has edited door ID 2113's name to Tru So Hilltop Militia.
[2016/2/4 - 13:50:09] David Vila has edited door ID 768's name to Garage xe Hilltop Militia.
[2016/2/4 - 13:51:51] David Vila has edited door ID 2368's name to Phòng Hop Hilltop Militia.
[2016/2/4 - 13:54:47] David Vila has edited DoorID 768's PickupModel.
[2016/2/4 - 14:31:42] Nick has edited DoorID 17's Faction.
[2016/2/4 - 14:32:14] Nick has edited DoorID 17's Faction.
[2016/2/4 - 14:32:22] Nick has edited DoorID 17's Faction.
[2016/2/4 - 15:23:13] David Vila has edited DoorID 260's Exterior.
[2016/2/4 - 15:23:22] David Vila has edited door ID 260's owner to David Vila (SQL ID: 122).
[2016/2/4 - 15:23:36] David Vila has edited door ID 260's name to Lôi' Vê VIP.
[2016/2/4 - 15:23:55] David Vila has edited DoorID 260's Interior.
[2016/2/4 - 15:24:24] David Vila has edited DoorID 260's Exterior.
[2016/2/4 - 15:25:07] David Vila has edited DoorID 260's Faction.
[2016/2/4 - 15:25:11] David Vila has edited DoorID 260's Faction.
[2016/2/4 - 15:50:20] Dien Pro has deleted DoorID 1417.
[2016/2/4 - 16:07:20] Park Soeng Hip has edited DoorID 898's Exterior.
[2016/2/4 - 16:12:36] Park Soeng Hip has edited DoorID 898's Exterior.
[2016/2/4 - 17:23:41] Thanh has edited DoorID 345's Exterior.
[2016/2/4 - 17:26:37] Thanh has edited DoorID 345's Interior.
[2016/2/4 - 17:26:59] Thanh has edited door ID 345's name to Phong Lam Viec.
[2016/2/4 - 17:27:27] Thanh has edited DoorID 345's Group Type to 12.
[2016/2/4 - 17:30:10] Thanh has edited DoorID 345's Interior.
[2016/2/4 - 17:33:39] Thanh has edited DoorID 345's Faction.
[2016/2/4 - 17:33:49] Thanh has edited DoorID 345's type.
[2016/2/4 - 17:34:19] Thanh has edited DoorID 345's Faction.
[2016/2/4 - 17:34:24] Thanh has edited DoorID 345's Faction.
[2016/2/4 - 17:34:28] Thanh has edited DoorID 345's Faction.
[2016/2/4 - 17:34:43] Thanh has edited DoorID 345's Group Type to 2.
[2016/2/4 - 17:34:49] Thanh has edited DoorID 345's Group Type to 12.
[2016/2/4 - 17:34:58] Thanh has deleted DoorID 345.
[2016/2/4 - 19:37:46] Nick has edited DoorID 345's Exterior.
[2016/2/4 - 19:38:10] Nick has edited door ID 345's name to Phong Truc.
[2016/2/4 - 19:40:14] Nick has edited DoorID 345's Interior.
[2016/2/4 - 19:41:17] Nick has edited DoorID 345's Faction.
[2016/2/4 - 19:41:43] Nick has edited DoorID 345's Faction.
[2016/2/4 - 19:43:04] Nick has edited DoorID 345's PickupModel.
[2016/2/4 - 19:43:07] Nick has edited DoorID 345's PickupModel.
[2016/2/4 - 19:43:10] Nick has edited DoorID 345's PickupModel.
[2016/2/4 - 19:43:20] Nick has deleted DoorID 345.
[2016/2/4 - 19:43:31] Nick has edited DoorID 346's Exterior.
[2016/2/4 - 19:43:41] Nick has deleted DoorID 346.
[2016/2/4 - 19:43:51] Nick has edited DoorID 345's Exterior.
[2016/2/4 - 20:18:48] David Vila has edited DoorID 9's Exterior.
[2016/2/4 - 20:19:05] David Vila has deleted DoorID 9.
[2016/2/4 - 20:22:44] Thanh has edited door ID 345's name to Phong Lam Viec.
[2016/2/4 - 20:58:49] Vo Danh has edited DoorID 9's Exterior.
[2016/2/4 - 20:59:02] Vo Danh has edited DoorID 9's Interior.
[2016/2/4 - 21:01:34] Vo Danh has edited DoorID 9's type.
[2016/2/5 - 0:30:13] Bee has edited DoorID 9's Exterior.
[2016/2/5 - 0:30:23] Bee has edited door ID 9's name to HQ chaly.
[2016/2/5 - 0:31:59] Bee has edited DoorID 9's Faction.
[2016/2/5 - 0:32:18] Bee has edited door ID 9's name to Xipo_Do.
[2016/2/5 - 0:33:38] Bee has edited DoorID 9's Interior.
[2016/2/5 - 0:34:29] Bee has edited DoorID 4's type.
[2016/2/5 - 0:34:36] Bee has edited DoorID 9's type.
[2016/2/5 - 0:35:18] Bee has edited DoorID 9's type.
[2016/2/5 - 0:36:15] Bee has edited DoorID 9's type.
[2016/2/5 - 0:36:17] Bee has edited DoorID 9's type.
[2016/2/5 - 0:36:20] Bee has edited DoorID 9's type.
[2016/2/5 - 0:36:22] Bee has edited DoorID 9's type.
[2016/2/5 - 0:36:27] Bee has edited DoorID 9's type.
[2016/2/5 - 0:36:31] Bee has edited DoorID 9's type.
[2016/2/5 - 0:36:44] Bee has edited door ID 9's name to 0.
[2016/2/5 - 0:36:54] Bee has edited door ID 9's name to ROOF.
[2016/2/5 - 0:37:07] Bee has edited DoorID 9's type.
[2016/2/5 - 0:37:17] Bee has edited DoorID 9's type.
[2016/2/5 - 0:37:21] Bee has edited DoorID 9's type.
[2016/2/5 - 0:37:23] Bee has edited DoorID 9's type.
[2016/2/5 - 0:37:30] Bee has edited DoorID 9's type.
[2016/2/5 - 0:37:31] Bee has edited DoorID 9's type.
[2016/2/5 - 0:37:34] Bee has edited DoorID 9's type.
[2016/2/5 - 0:37:40] Bee has edited DoorID 9's type.
[2016/2/5 - 0:37:45] Bee has edited door ID 9's owner to XiPo Do (SQL ID: 685).
[2016/2/5 - 1:14:30] Bee has edited DoorID 644's type.
[2016/2/5 - 1:14:35] Bee has edited DoorID 644's type.
[2016/2/5 - 1:14:38] Bee has edited DoorID 644's type.
[2016/2/5 - 1:14:41] Bee has edited DoorID 644's type.
[2016/2/5 - 1:14:46] Bee has edited door ID 644's owner to Chaly Do (SQL ID: 620).
[2016/2/5 - 14:32:06] Phap has edited door ID 16's name to Khu Dat Duoc ban voi gia 30k OOC.
[2016/2/5 - 14:35:29] Phap has edited DoorID 40's Family.
[2016/2/5 - 14:35:34] Phap has edited DoorID 40's Family.
[2016/2/5 - 14:35:41] Phap has edited DoorID 40's Faction.
[2016/2/5 - 14:35:54] Phap has edited DoorID 40's Family.
[2016/2/5 - 14:36:54] Phap has edited DoorID 346's Exterior.
[2016/2/5 - 14:37:03] Phap has edited door ID 346's name to Loi Len San Thuong.
[2016/2/5 - 14:37:08] Phap has deleted DoorID 40.
[2016/2/5 - 14:37:37] Phap has edited DoorID 346's Interior.
[2016/2/5 - 14:37:56] Phap has edited DoorID 346's Faction.
[2016/2/5 - 15:09:38] Phap has edited DoorID 40's Exterior.
[2016/2/5 - 15:09:46] Phap has edited DoorID 40's type.
[2016/2/5 - 15:09:56] Phap has deleted DoorID 504.
[2016/2/5 - 15:10:54] Phap has edited DoorID 40's Interior.
[2016/2/5 - 15:11:04] Phap has edited door ID 40's name to Lôi Vào Tru Sõ Sanews.
[2016/2/5 - 15:11:12] Phap has edited door ID 40's name to Lôi Vào Tru Sõ Sanewss.
[2016/2/5 - 15:11:14] Phap has edited door ID 40's name to Lôi Vào Tru Sõ Sanews.
[2016/2/5 - 15:11:25] Phap has edited DoorID 40's Faction.
[2016/2/5 - 15:11:31] Phap has edited DoorID 40's Faction.
[2016/2/5 - 15:57:26] Phap has edited DoorID 361's Exterior.
[2016/2/5 - 15:57:39] Phap has edited door ID 361's name to HQ.
[2016/2/5 - 15:57:50] Phap has edited DoorID 361's type.
[2016/2/5 - 15:58:02] Phap has edited DoorID 361's type.
[2016/2/5 - 15:58:05] Phap has edited DoorID 361's type.
[2016/2/5 - 15:58:06] Phap has edited DoorID 361's type.
[2016/2/5 - 15:58:16] Phap has edited DoorID 361's type.
[2016/2/5 - 15:58:18] Phap has edited door ID 361's owner to Phap (SQL ID: 122).
[2016/2/5 - 16:00:31] Phap has edited DoorID 361's Interior.
[2016/2/5 - 17:26:00] Bee has edited DoorID 365's Exterior.
[2016/2/5 - 17:26:09] Bee has edited DoorID 365's Faction.
[2016/2/5 - 17:26:18] Bee has edited DoorID 365's type.
[2016/2/5 - 17:26:21] Bee has edited DoorID 365's type.
[2016/2/5 - 17:26:23] Bee has edited DoorID 365's type.
[2016/2/5 - 17:26:28] Bee has edited door ID 365's owner to Ivan Hardwell (SQL ID: 769).
[2016/2/5 - 17:26:37] Bee has edited door ID 365's name to Roof Bi.
[2016/2/5 - 17:26:42] Bee has edited door ID 365's name to Roof - Bi.
[2016/2/5 - 17:27:30] Bee has deleted DoorID 1342.
[2016/2/5 - 17:27:45] Bee has edited DoorID 365's Interior.
[2016/2/5 - 17:29:40] Bee has edited door ID 1's name to Roof Bi.
[2016/2/5 - 17:29:59] Bee has edited door ID 1's name to Crack Lab.
[2016/2/5 - 17:46:41] Bee has edited DoorID 381's Exterior.
[2016/2/5 - 17:47:02] Bee has edited DoorID 381's PickupModel.
[2016/2/5 - 17:47:06] Bee has edited DoorID 381's PickupModel.
[2016/2/5 - 17:47:09] Bee has edited DoorID 381's PickupModel.
[2016/2/5 - 17:47:19] Bee has edited DoorID 381's type.
[2016/2/5 - 17:47:20] Bee has edited DoorID 381's type.
[2016/2/5 - 17:47:24] Bee has edited DoorID 381's type.
[2016/2/5 - 17:47:27] Bee has edited DoorID 381's type.
[2016/2/5 - 17:47:33] Bee has edited door ID 381's owner to OngTrum Mafia (SQL ID: 988).
[2016/2/5 - 17:47:44] Bee has edited door ID 381's name to Garage.
[2016/2/5 - 21:53:20] Phi Pirates has deleted DoorID 745.
[2016/2/6 - 3:47:38] Park Soeng Hip has edited DoorID 87's Exterior.
[2016/2/6 - 3:47:53] Park Soeng Hip has edited DoorID 2257's Exterior.
[2016/2/6 - 3:47:58] Park Soeng Hip has edited DoorID 2257's Exterior.
[2016/2/6 - 7:32:51] Tieu Tang has deleted DoorID 2499.
[2016/2/6 - 7:33:07] Tieu Tang has edited DoorID 2499's Exterior.
[2016/2/6 - 7:35:00] Tieu Tang has edited door ID 2499's name to Loi Vao Cua Sau.
[2016/2/6 - 7:36:23] Tieu Tang has edited DoorID 987's Exterior.
[2016/2/6 - 7:37:09] Tieu Tang has edited DoorID 987's Exterior.
[2016/2/6 - 7:43:20] Tieu Tang has edited DoorID 119's Interior.
[2016/2/6 - 7:43:45] Tieu Tang has deleted DoorID 110.
[2016/2/6 - 7:43:48] Tieu Tang has deleted DoorID 119.
[2016/2/6 - 7:45:04] Tieu Tang has edited DoorID 119's Interior.
[2016/2/6 - 7:45:31] Tieu Tang has edited DoorID 119's Interior.
[2016/2/6 - 7:45:32] Tieu Tang has edited DoorID 119's Interior.
[2016/2/6 - 7:45:33] Tieu Tang has edited DoorID 119's Interior.
[2016/2/6 - 8:06:58] Tieu Tang has edited door ID 2500's name to Nha.
[2016/2/6 - 8:23:05] Phi Pirates has edited DoorID 687's Exterior.
[2016/2/6 - 8:23:19] Phi Pirates has deleted DoorID 687.
[2016/2/6 - 8:23:36] Phi Pirates has edited DoorID 956's Exterior.
[2016/2/6 - 8:23:44] Phi Pirates has deleted DoorID 856.
[2016/2/6 - 8:23:48] Phi Pirates has deleted DoorID 956.
[2016/2/6 - 8:24:09] Phi Pirates has edited DoorID 478's Exterior.
[2016/2/6 - 8:24:22] Phi Pirates has edited DoorID 478's Exterior.
[2016/2/6 - 8:24:43] Phi Pirates has deleted DoorID 478.
[2016/2/6 - 8:24:56] Phi Pirates has edited DoorID 398's Exterior.
[2016/2/6 - 8:24:58] Nick has edited DoorID 110's Exterior.
[2016/2/6 - 8:25:08] Phi Pirates has edited door ID 398's name to HQ cua Harry_Jinr.
[2016/2/6 - 8:25:35] Nick has edited DoorID 110's Interior.
[2016/2/6 - 8:26:00] Nick has edited door ID 110's name to Club Bar:Chu So huu:Nick.
[2016/2/6 - 8:26:16] Nick has edited DoorID 110's PickupModel.
[2016/2/6 - 8:26:18] Nick has edited DoorID 110's PickupModel.
[2016/2/6 - 8:26:22] Nick has edited DoorID 110's PickupModel.
[2016/2/6 - 8:26:25] Nick has edited DoorID 110's PickupModel.
[2016/2/6 - 8:26:27] Nick has edited DoorID 110's PickupModel.
[2016/2/6 - 8:26:29] Nick has edited DoorID 110's PickupModel.
[2016/2/6 - 8:26:32] Nick has edited DoorID 110's PickupModel.
[2016/2/6 - 8:26:34] Nick has edited DoorID 110's PickupModel.
[2016/2/6 - 8:26:48] Nick has edited DoorID 110's Faction.
[2016/2/6 - 8:27:08] Nick has edited DoorID 110's Color.
[2016/2/6 - 8:27:10] Nick has edited DoorID 110's Color.
[2016/2/6 - 8:27:12] Nick has edited DoorID 110's Color.
[2016/2/6 - 8:27:28] Phi Pirates has edited DoorID 398's Interior.
[2016/2/6 - 8:27:34] Phi Pirates has edited DoorID 398's Interior.
[2016/2/6 - 8:27:55] Phi Pirates has deleted DoorID 398.
[2016/2/6 - 8:28:03] Phi Pirates has edited DoorID 397's Exterior.
[2016/2/6 - 8:28:23] Phi Pirates has deleted DoorID 397.
[2016/2/6 - 8:28:38] Phi Pirates has edited DoorID 599's Exterior.
[2016/2/6 - 8:28:47] Phi Pirates has deleted DoorID 599.
[2016/2/6 - 8:32:30] Nick has edited DoorID 119's Exterior.
[2016/2/6 - 8:33:03] Nick has edited DoorID 119's Interior.
[2016/2/6 - 8:33:15] Nick has edited DoorID 119's Faction.
[2016/2/6 - 8:34:19] Phi Pirates has deleted DoorID 2500.
[2016/2/6 - 8:34:28] Phi Pirates has edited DoorID 397's Exterior.
[2016/2/6 - 8:34:32] Phi Pirates has edited DoorID 397's Exterior.
[2016/2/6 - 8:34:35] Phi Pirates has edited DoorID 397's Exterior.
[2016/2/6 - 8:42:21] Nick has edited door ID 119's name to Duong Xún nhà Cua Nick.
[2016/2/6 - 8:42:29] Nick has edited DoorID 119's Color.
[2016/2/6 - 8:42:31] Nick has edited DoorID 119's Color.
[2016/2/6 - 8:42:36] Nick has edited DoorID 119's Color.
[2016/2/6 - 8:42:45] Nick has edited DoorID 119's PickupModel.
[2016/2/6 - 8:42:50] Nick has edited DoorID 119's PickupModel.
[2016/2/6 - 8:42:53] Nick has edited DoorID 119's PickupModel.
[2016/2/6 - 8:42:57] Nick has edited DoorID 119's PickupModel.
[2016/2/6 - 8:44:54] Huy has edited DoorID 339's Family.
[2016/2/6 - 8:45:02] Huy has edited DoorID 339's type.
[2016/2/6 - 8:45:06] Huy has edited DoorID 339's type.
[2016/2/6 - 8:52:36] Tieu Tang has edited DoorID 112's Interior.
[2016/2/6 - 8:52:42] Tieu Tang has edited DoorID 112's Interior.
[2016/2/6 - 8:52:43] Tieu Tang has edited DoorID 112's Interior.
[2016/2/6 - 9:13:25] Nick has edited DoorID 397's Exterior.
[2016/2/6 - 9:13:36] Nick has edited DoorID 397's PickupModel.
[2016/2/6 - 9:13:38] Nick has edited DoorID 397's PickupModel.
[2016/2/6 - 9:13:41] Nick has edited DoorID 397's PickupModel.
[2016/2/6 - 9:14:10] Nick has edited door ID 397's name to Loi Len San Thuon [FDSA].
[2016/2/6 - 9:14:18] Nick has edited DoorID 397's Color.
[2016/2/6 - 9:14:21] Nick has edited DoorID 397's Color.
[2016/2/6 - 9:14:24] Nick has edited DoorID 397's Color.
[2016/2/6 - 9:14:27] Nick has edited DoorID 397's Color.
[2016/2/6 - 9:14:32] Nick has edited door ID 397's name to Loi Len San Thuong [FDSA].
[2016/2/6 - 9:15:03] Nick has edited DoorID 397's Interior.
[2016/2/6 - 9:15:18] Nick has edited DoorID 397's Faction.
[2016/2/6 - 9:15:20] Nick has edited DoorID 397's Faction.
[2016/2/6 - 9:44:52] Park Soeng Hip has edited DoorID 154's Exterior.
[2016/2/6 - 9:45:12] Park Soeng Hip has edited DoorID 154's Exterior.
[2016/2/6 - 9:45:25] Park Soeng Hip has edited DoorID 162's Exterior.
[2016/2/6 - 9:45:30] Park Soeng Hip has edited DoorID 162's Exterior.
[2016/2/6 - 9:53:01] Dien Pro has edited DoorID 154's Exterior.
[2016/2/6 - 9:53:15] Dien Pro has edited DoorID 162's Exterior.
[2016/2/6 - 9:53:17] Dien Pro has edited DoorID 162's Exterior.
[2016/2/6 - 9:53:21] Dien Pro has edited DoorID 162's Exterior.
[2016/2/6 - 9:53:38] Dien Pro has edited DoorID 154's Color.
[2016/2/6 - 9:53:40] Dien Pro has edited DoorID 154's Color.
[2016/2/6 - 9:53:43] Dien Pro has edited DoorID 154's Color.
[2016/2/6 - 9:53:45] Dien Pro has edited DoorID 154's Color.
[2016/2/6 - 9:53:47] Dien Pro has edited DoorID 154's Color.
[2016/2/6 - 9:53:49] Dien Pro has edited DoorID 154's Color.
[2016/2/6 - 9:53:54] Dien Pro has edited DoorID 154's Color.
[2016/2/6 - 9:59:07] Dien Pro has edited DoorID 162's Exterior.
[2016/2/6 - 10:06:02] Thanh has deleted DoorID 345.
[2016/2/6 - 10:08:25] Huy has edited DoorID 39's Family.
[2016/2/6 - 10:08:27] Huy has edited DoorID 339's Family.
[2016/2/6 - 10:08:41] Huy has edited DoorID 339's Family.
[2016/2/6 - 10:09:10] Huy has edited DoorID 339's Family.
[2016/2/6 - 10:09:47] Huy has edited DoorID 339's Family.
[2016/2/6 - 10:09:58] Huy has edited DoorID 339's Family.
[2016/2/6 - 10:12:09] Huy has edited DoorID 339's Family.
[2016/2/6 - 10:12:51] Huy has edited DoorID 339's Family.
[2016/2/6 - 10:14:16] Huy has edited DoorID 1350's Exterior.
[2016/2/6 - 10:15:19] Huy has edited DoorID 2428's Exterior.
[2016/2/6 - 10:17:03] Huy has edited DoorID 2428's Exterior.
[2016/2/6 - 10:22:00] Park Soeng Hip has edited DoorID 21's Exterior.
[2016/2/6 - 10:22:15] Park Soeng Hip has edited DoorID 21's Family.
[2016/2/6 - 10:22:32] Park Soeng Hip has edited DoorID 21's Family.
[2016/2/6 - 10:24:03] Huy has edited DoorID 345's Exterior.
[2016/2/6 - 10:24:48] Huy has edited DoorID 345's Exterior.
[2016/2/6 - 10:25:00] Park Soeng Hip has edited DoorID 21's type.
[2016/2/6 - 10:25:06] Huy has edited DoorID 860's Exterior.
[2016/2/6 - 10:25:15] Huy has edited door ID 860's name to Sân Thuong F11.
[2016/2/6 - 10:25:51] Huy has edited DoorID 2251's Exterior.
[2016/2/6 - 10:26:06] Huy has edited DoorID 860's Interior.
[2016/2/6 - 10:30:52] Park Soeng Hip has edited DoorID 21's PickupModel.
[2016/2/6 - 10:30:55] Park Soeng Hip has edited DoorID 21's PickupModel.
[2016/2/6 - 10:30:58] Park Soeng Hip has edited DoorID 21's PickupModel.
[2016/2/6 - 10:31:10] Park Soeng Hip has edited door ID 21's name to HQ F3.
[2016/2/6 - 10:31:24] Park Soeng Hip has edited DoorID 21's type.
[2016/2/6 - 10:31:32] Park Soeng Hip has edited door ID 21's owner to xBoss Toganx (SQL ID: 226).
[2016/2/6 - 11:42:46] Bee has edited DoorID 345's Exterior.
[2016/2/6 - 11:42:54] Bee has edited door ID 345's name to loi ra.
[2016/2/6 - 11:43:00] Bee has edited DoorID 345's type.
[2016/2/6 - 11:43:10] Bee has edited DoorID 345's PickupModel.
[2016/2/6 - 11:43:13] Bee has edited DoorID 345's PickupModel.
[2016/2/6 - 11:43:23] Bee has edited DoorID 345's Interior.
[2016/2/6 - 11:43:27] Bee has edited DoorID 345's Faction.
[2016/2/6 - 11:58:11] Nick has edited DoorID 398's Exterior.
[2016/2/6 - 11:58:56] Nick has edited DoorID 398's Interior.
[2016/2/6 - 11:59:22] Nick has edited DoorID 398's Faction.
[2016/2/6 - 11:59:44] Nick has edited door ID 398's name to Bar : chu so huu:Hanrry Óc Chó suu nhi.
[2016/2/6 - 11:59:58] Nick has edited DoorID 398's Color.
[2016/2/6 - 12:00:00] Nick has edited DoorID 398's Color.
[2016/2/6 - 12:27:30] Bee has edited DoorID 345's Faction.
[2016/2/6 - 12:27:48] Bee has edited DoorID 345's Faction.
[2016/2/6 - 12:27:55] Bee has edited DoorID 345's type.
[2016/2/6 - 12:27:59] Bee has edited DoorID 345's type.
[2016/2/6 - 12:28:06] Bee has edited DoorID 345's Faction.
[2016/2/6 - 12:31:09] Bee has edited DoorID 345's type.
[2016/2/6 - 12:31:58] Bee has edited DoorID 345's type.
[2016/2/6 - 12:32:10] Bee has edited DoorID 345's Faction.
[2016/2/6 - 12:32:16] Bee has edited DoorID 345's type.
[2016/2/6 - 12:32:30] Bee has deleted DoorID 345.
[2016/2/6 - 12:59:33] Andreas has edited DoorID 381's Faction.
[2016/2/6 - 13:03:12] Andreas has edited DoorID 345's Exterior.
[2016/2/6 - 13:03:25] Andreas has edited DoorID 245's type.
[2016/2/6 - 13:03:29] Andreas has edited DoorID 345's type.
[2016/2/6 - 13:03:32] Andreas has edited DoorID 345's type.
[2016/2/6 - 13:03:34] Andreas has edited DoorID 345's type.
[2016/2/6 - 13:03:36] Andreas has edited DoorID 345's type.
[2016/2/6 - 13:03:39] Andreas has edited DoorID 345's type.
[2016/2/6 - 13:03:40] Andreas has edited DoorID 345's type.
[2016/2/6 - 13:03:45] Andreas has edited door ID 345's owner to Andreas (SQL ID: 122).
[2016/2/6 - 13:04:01] Andreas has edited DoorID 345's Interior.
[2016/2/6 - 13:04:16] Andreas has edited door ID 345's name to Lôi' Bí mât Hilltop.
[2016/2/6 - 13:04:21] Andreas has edited DoorID 345's Faction.
[2016/2/6 - 13:05:04] Andreas has edited door ID 345's name to 1.
[2016/2/6 - 13:05:09] Andreas has edited door ID 345's name to Câm Vao.
[2016/2/6 - 13:05:25] Andreas has edited door ID 345's name to Câm Vào ( Vào An Banned ).
[2016/2/6 - 13:40:21] Kyo has edited door ID 634's name to Mr.Turbo.
[2016/2/6 - 13:44:39] Nick has edited DoorID 401's Exterior.
[2016/2/6 - 13:45:03] Nick has edited DoorID 401's Interior.
[2016/2/6 - 13:45:30] Nick has edited DoorID 401's Faction.
[2016/2/6 - 13:46:31] Nick has edited DoorID 401's Interior.
[2016/2/6 - 13:52:12] Nick has edited door ID 401's name to HQ Ganter : Chu so huu: Thao My.
[2016/2/6 - 13:52:27] Nick has edited DoorID 401's Color.
[2016/2/6 - 13:55:19] Nick has edited DoorID 401's Interior.
[2016/2/6 - 13:56:16] Nick has edited DoorID 407's Exterior.
[2016/2/6 - 13:56:46] Nick has edited DoorID 407's Interior.
[2016/2/6 - 13:57:13] Nick has edited DoorID 407's Interior.
[2016/2/6 - 13:57:23] Nick has edited DoorID 407's Faction.
[2016/2/6 - 13:58:04] Nick has edited door ID 407's name to Club Bar : chu so huu: Thao My.
[2016/2/6 - 13:58:18] Nick has edited DoorID 407's PickupModel.
[2016/2/6 - 13:58:29] Nick has edited DoorID 407's PickupModel.
[2016/2/6 - 13:58:32] Nick has edited DoorID 407's PickupModel.
[2016/2/6 - 13:58:36] Nick has edited DoorID 407's PickupModel.
[2016/2/6 - 13:58:44] Nick has edited DoorID 407's PickupModel.
[2016/2/6 - 13:58:47] Nick has edited DoorID 407's PickupModel.
[2016/2/6 - 13:58:52] Nick has edited DoorID 407's PickupModel.
[2016/2/6 - 14:59:47] Bee has edited DoorID 1553's Family.
[2016/2/6 - 15:00:01] Bee has edited DoorID 1766's Family.
[2016/2/6 - 15:00:08] Bee has edited DoorID 1766's Exterior.
[2016/2/6 - 15:41:46] Bee has edited DoorID 381's Interior.
[2016/2/6 - 15:50:14] Bee has edited DoorID 381's Interior.
[2016/2/6 - 15:52:56] Bee has edited DoorID 381's Faction.
[2016/2/6 - 15:53:05] Bee has edited DoorID 381's VehicleAble.
[2016/2/6 - 15:53:59] Bee has edited DoorID 55's Interior.
[2016/2/6 - 15:54:08] Bee has edited DoorID 45's Interior.
[2016/2/6 - 15:55:18] Bee has deleted DoorID 45.
[2016/2/6 - 15:55:26] Bee has deleted DoorID 55.
[2016/2/6 - 16:12:11] Bee has edited DoorID 381's Interior.
[2016/2/6 - 16:52:20] Killer Vila has edited DoorID 733's Exterior.
[2016/2/6 - 16:52:37] Killer Vila has edited DoorID 733's type.
[2016/2/6 - 16:52:46] Killer Vila has edited door ID 733's owner to Killer Vila (SQL ID: 122).
[2016/2/6 - 16:56:17] Killer Vila has edited DoorID 33's Interior.
[2016/2/6 - 16:57:14] Killer Vila has edited DoorID 45's Exterior.
[2016/2/6 - 16:58:20] Killer Vila has edited DoorID 45's Interior.
[2016/2/6 - 16:59:34] Killer Vila has edited door ID 45's name to Bar.
[2016/2/6 - 16:59:34] Nick has edited door ID 345's owner to Nick (SQL ID: 23).
[2016/2/6 - 16:59:40] Killer Vila has edited DoorID 45's type.
[2016/2/6 - 16:59:43] Killer Vila has edited door ID 45's owner to Killer Vila (SQL ID: 122).
[2016/2/6 - 16:59:51] Killer Vila has edited door ID 45's owner to Bay Stone (SQL ID: 454).
[2016/2/6 - 17:00:33] Killer Vila has edited door ID 345's owner to Killer Vila (SQL ID: 122).
[2016/2/6 - 17:08:29] Killer Vila has edited door ID 345's owner to Killer Vila (SQL ID: 122).
[2016/2/6 - 17:09:27] Bee has edited DoorID 1553's Exterior.
[2016/2/6 - 17:09:47] Bee has edited DoorID 575's PickupModel.
[2016/2/6 - 17:09:51] Bee has edited DoorID 575's PickupModel.
[2016/2/6 - 17:09:53] Bee has edited DoorID 575's PickupModel.
[2016/2/6 - 17:10:05] Bee has edited DoorID 575's Exterior.
[2016/2/6 - 17:46:13] Bee has edited DoorID 675's Exterior.
[2016/2/6 - 17:46:32] Bee has deleted DoorID 675.
[2016/2/6 - 17:46:42] Bee has edited DoorID 575's Exterior.
[2016/2/6 - 17:47:07] Bee has edited DoorID 1553's Exterior.
[2016/2/6 - 17:47:41] Bee has edited DoorID 1553's Family.
[2016/2/6 - 17:47:44] Bee has edited DoorID 1553's Family.
[2016/2/6 - 17:48:00] Bee has edited DoorID 575's Family.
[2016/2/6 - 17:48:07] Bee has edited DoorID 1766's Family.
[2016/2/6 - 18:29:11] Bee has edited DoorID 55's Exterior.
[2016/2/6 - 18:30:56] Bee has edited DoorID 55's Interior.
[2016/2/6 - 18:34:17] Bee has edited DoorID 55's Faction.
[2016/2/6 - 18:34:21] Bee has edited DoorID 55's Faction.
[2016/2/6 - 18:34:33] Bee has edited door ID 55's name to HQ-Hoi Tam Hoang.
[2016/2/6 - 18:34:52] Bee has edited door ID 1553's name to Bar - Hoi Tam Hoang.
[2016/2/6 - 18:35:03] Bee has edited door ID 55's name to HQ - Hoi Tam Hoang.
[2016/2/6 - 18:35:10] Bee has edited DoorID 55's Color.
[2016/2/6 - 18:35:12] Bee has edited DoorID 55's Color.
[2016/2/6 - 18:35:14] Bee has edited DoorID 55's Color.
[2016/2/6 - 18:35:17] Bee has edited DoorID 55's Color.
[2016/2/6 - 18:35:19] Bee has edited DoorID 55's Color.
[2016/2/6 - 18:35:21] Bee has edited DoorID 55's Color.
[2016/2/6 - 18:35:23] Bee has edited DoorID 55's Color.
[2016/2/6 - 18:35:26] Bee has edited DoorID 55's Color.
[2016/2/6 - 18:35:28] Bee has edited DoorID 55's Color.
[2016/2/6 - 18:35:31] Bee has edited DoorID 55's Color.
[2016/2/6 - 18:35:33] Bee has edited DoorID 55's Color.
[2016/2/6 - 18:35:34] Bee has edited DoorID 55's Color.
[2016/2/6 - 18:35:37] Bee has edited DoorID 55's Color.
[2016/2/6 - 18:36:05] Bee has edited door ID 575's name to Parking Garage - Hoi Tam Hoang.
[2016/2/6 - 18:36:21] Bee has edited door ID 1766's name to Khu Parking - Hoi Tam Hoang.
[2016/2/6 - 18:36:25] Bee has edited DoorID 1766's Color.
[2016/2/6 - 18:36:27] Bee has edited DoorID 1766's Color.
[2016/2/6 - 20:45:49] Phap SiuNhon has edited DoorID 478's Exterior.
[2016/2/6 - 20:46:02] Phap SiuNhon has edited door ID 478's name to Khu Dat CusTom.
[2016/2/6 - 20:46:16] Phap SiuNhon has edited DoorID 478's type.
[2016/2/6 - 20:46:17] Phap SiuNhon has edited door ID 478's owner to Rick Boom (SQL ID: 330).
[2016/2/6 - 20:46:36] Phap SiuNhon has edited DoorID 478's Interior.
[2016/2/6 - 20:46:51] Phap SiuNhon has edited DoorID 478's Faction.
[2016/2/6 - 20:56:58] Phap SiuNhon has edited door ID 209's owner to xBoss Toganx (SQL ID: 226).
[2016/2/6 - 20:57:04] Phap SiuNhon has edited door ID 47's owner to xBoss Toganx (SQL ID: 226).
[2016/2/6 - 20:57:25] Phap SiuNhon has edited door ID 144's owner to xBoss Toganx (SQL ID: 226).
[2016/2/6 - 20:57:57] Phap SiuNhon has edited door ID 193's owner to xBoss Toganx (SQL ID: 226).
[2016/2/7 - 1:41:54] Bee has edited DoorID 1209's Exterior.
[2016/2/7 - 3:34:16] Chaly Do has edited DoorID 365's Interior.
[2016/2/7 - 3:35:25] Chaly Do has edited DoorID 365's Interior.
[2016/2/7 - 3:35:53] Chaly Do has edited DoorID 365's Exterior.
[2016/2/7 - 3:36:07] Chaly Do has edited DoorID 365's Exterior.
[2016/2/7 - 4:43:02] Chaly Do has edited DoorID 365's Exterior.
[2016/2/7 - 4:43:09] Chaly Do has edited DoorID 365's Exterior.
[2016/2/7 - 7:56:17] Thanh has deleted DoorID 150.
[2016/2/7 - 7:56:33] Thanh has edited DoorID 2097's Exterior.
[2016/2/7 - 9:32:01] Thanh has edited door ID 887's name to Len Dinh.
[2016/2/7 - 9:32:21] Thanh has edited door ID 897's name to Len Dinh: Coi Jack_Grap.
[2016/2/7 - 9:32:42] Thanh has edited door ID 15's name to Jack.
[2016/2/7 - 9:32:56] Thanh has edited door ID 15's name to Jack.
[2016/2/7 - 9:33:03] Thanh has edited door ID 188's name to Jack.
[2016/2/7 - 10:08:11] Phi Pirates has edited DoorID 587's Exterior.
[2016/2/7 - 10:08:17] Phi Pirates has deleted DoorID 578.
[2016/2/7 - 10:08:19] Phi Pirates has deleted DoorID 587.
[2016/2/7 - 10:08:29] Phi Pirates has edited DoorID 578's Exterior.
[2016/2/7 - 10:08:45] Phi Pirates has edited door ID 578's name to Door len tren.
[2016/2/7 - 10:08:54] Phi Pirates has deleted DoorID 578.
[2016/2/7 - 10:09:01] Phi Pirates has edited DoorID 379's Exterior.
[2016/2/7 - 10:09:10] Phi Pirates has deleted DoorID 379.
[2016/2/7 - 10:09:14] Phi Pirates has edited DoorID 376's Exterior.
[2016/2/7 - 10:09:17] Phi Pirates has deleted DoorID 376.
[2016/2/7 - 10:09:19] Phi Pirates has edited DoorID 372's Exterior.
[2016/2/7 - 10:09:25] Phi Pirates has deleted DoorID 372.
[2016/2/7 - 10:09:30] Phi Pirates has edited DoorID 150's Exterior.
[2016/2/7 - 10:09:55] Phi Pirates has edited DoorID 150's Exterior.
[2016/2/7 - 10:10:16] Phi Pirates has edited DoorID 942's Exterior.
[2016/2/7 - 10:10:33] Phi Pirates has edited door ID 942's name to Door len tren.
[2016/2/7 - 10:11:18] Phi Pirates has edited DoorID 942's Interior.
[2016/2/7 - 10:42:01] Min has edited door ID 188's name to HQ - Owner: Bin Harry.
[2016/2/7 - 10:42:13] Min has edited door ID 15's name to Gara - Owner: Bin Harry.
[2016/2/7 - 10:42:45] Min has edited DoorID 897's Exterior.
[2016/2/7 - 10:43:00] Min has edited door ID 897's name to Len dinh - Owner: Bin Harry.
[2016/2/7 - 10:47:56] Min has edited DoorID 15's Interior.
[2016/2/7 - 10:48:28] Min has edited DoorID 6's Exterior.
[2016/2/7 - 10:48:41] Min has deleted DoorID 6.
[2016/2/7 - 10:49:05] Min has edited DoorID 8's Exterior.
[2016/2/7 - 10:49:13] Min has deleted DoorID 15.
[2016/2/7 - 10:49:28] Min has edited door ID 8's owner to Bin Harry (SQL ID: 548).
[2016/2/7 - 10:50:16] Min has edited DoorID 188's Interior.
[2016/2/7 - 10:51:06] Min has deleted DoorID 188.
[2016/2/7 - 10:51:58] Min has edited DoorID 189's Exterior.
[2016/2/7 - 10:52:09] Min has deleted DoorID 189.
[2016/2/7 - 10:52:16] Min has edited DoorID 1694's Exterior.
[2016/2/7 - 10:52:41] Min has edited DoorID 1694's Interior.
[2016/2/7 - 10:52:52] Min has deleted DoorID 11.
[2016/2/7 - 10:53:33] Min has edited DoorID 1694's Exterior.
[2016/2/7 - 10:53:57] Min has edited DoorID 1313's Exterior.
[2016/2/7 - 10:54:32] Min has edited DoorID 1313's Interior.
[2016/2/7 - 10:54:57] Min has deleted DoorID 1313.
[2016/2/7 - 10:55:03] Min has edited DoorID 166's Exterior.
[2016/2/7 - 10:55:15] Min has edited door ID 166's name to Bar.
[2016/2/7 - 11:21:32] Min has edited DoorID 59's Exterior.
[2016/2/7 - 14:16:54] Phap SiuNhon has deleted DoorID 2156.
[2016/2/7 - 14:17:12] Phap SiuNhon has deleted DoorID 2580.
[2016/2/7 - 14:17:45] Phap SiuNhon has deleted DoorID 213.
[2016/2/7 - 16:24:15] Chaly Do has edited DoorID 1952's Exterior.
[2016/2/7 - 16:43:57] Phap SiuNhon has edited DoorID 6's Exterior.
[2016/2/7 - 16:44:05] Phap SiuNhon has edited door ID 6's name to Loi Len San Thuong Sanews.
[2016/2/7 - 16:44:10] Phap SiuNhon has edited DoorID 6's type.
[2016/2/7 - 16:44:46] Phap SiuNhon has edited DoorID 6's Interior.
[2016/2/7 - 16:47:19] Phap SiuNhon has edited DoorID 6's Faction.
[2016/2/7 - 16:51:10] Phap SiuNhon has edited DoorID 45's Faction.
[2016/2/7 - 21:01:55] Park Soeng Hip has edited DoorID 898's Exterior.
[2016/2/7 - 21:01:58] Park Soeng Hip has edited DoorID 1285's Exterior.
[2016/2/7 - 21:02:01] Park Soeng Hip has edited DoorID 1357's Exterior.
[2016/2/7 - 21:02:05] Park Soeng Hip has edited DoorID 1668's Exterior.
[2016/2/7 - 22:03:59] Tam Faker has edited door ID 16's name to khu dat dang ban.
[2016/2/7 - 22:04:08] Tam Faker has edited door ID 16's name to khu .
[2016/2/7 - 22:29:30] Sarong Combat has deleted DoorID 1459.
[2016/2/7 - 22:31:35] Sarong Combat has edited DoorID 2000's Exterior.
[2016/2/7 - 22:32:19] Sarong Combat has deleted DoorID 2000.
[2016/2/7 - 22:32:33] Sarong Combat has edited DoorID 2001's Exterior.
[2016/2/7 - 22:33:03] Sarong Combat has edited DoorID 2001's Exterior.
[2016/2/7 - 22:33:18] Sarong Combat has edited DoorID 122's Exterior.
[2016/2/7 - 22:33:36] Sarong Combat has deleted DoorID 122.
[2016/2/7 - 22:33:43] Sarong Combat has edited DoorID 294's Exterior.
[2016/2/7 - 22:34:17] Sarong Combat has edited DoorID 294's Exterior.
[2016/2/7 - 22:34:31] Sarong Combat has edited door ID 294's name to Phong Hop Sarong.
[2016/2/7 - 22:35:23] Sarong Combat has edited DoorID 294's Exterior.
[2016/2/7 - 22:35:48] Sarong Combat has edited DoorID 1547's Exterior.
[2016/2/7 - 22:35:57] Sarong Combat has deleted DoorID 1547.
[2016/2/7 - 22:36:12] Sarong Combat has edited DoorID 1695's Exterior.
[2016/2/7 - 22:36:50] Sarong Combat has edited DoorID 1695's PickupModel.
[2016/2/7 - 22:36:58] Sarong Combat has edited DoorID 1695's Exterior.
[2016/2/7 - 22:37:05] Sarong Combat has edited DoorID 1695's Exterior.
[2016/2/7 - 22:37:09] Sarong Combat has edited DoorID 1695's Exterior.
[2016/2/7 - 22:37:13] Sarong Combat has edited DoorID 1695's Exterior.
[2016/2/7 - 22:37:28] Sarong Combat has edited door ID 1695's name to Gara Sarong.
[2016/2/7 - 22:39:05] Sarong Combat has deleted DoorID 381.
[2016/2/7 - 22:39:14] Sarong Combat has deleted DoorID 42.
[2016/2/7 - 22:40:06] Sarong Combat has edited DoorID 42's Exterior.
[2016/2/7 - 22:42:37] Sarong Combat has edited DoorID 362's Exterior.
[2016/2/7 - 22:42:47] Sarong Combat has deleted DoorID 362.
[2016/2/7 - 22:43:17] Sarong Combat has edited DoorID 667's Exterior.
[2016/2/7 - 22:43:35] Sarong Combat has deleted DoorID 667.
[2016/2/7 - 22:43:46] Sarong Combat has edited DoorID 636's Exterior.
[2016/2/7 - 22:43:53] Sarong Combat has deleted DoorID 636.
[2016/2/7 - 22:44:00] Sarong Combat has edited DoorID 0's Exterior.
[2016/2/7 - 22:44:19] Sarong Combat has edited DoorID 422's Exterior.
[2016/2/7 - 22:44:28] Sarong Combat has deleted DoorID 422.
[2016/2/7 - 22:44:57] Sarong Combat has deleted DoorID 0.
[2016/2/7 - 22:45:15] Sarong Combat has edited DoorID 34's Exterior.
[2016/2/7 - 22:45:25] Sarong Combat has deleted DoorID 34.
[2016/2/7 - 22:45:29] Sarong Combat has edited DoorID 42's Exterior.
[2016/2/7 - 22:46:43] Huy has edited DoorID 166's Interior.
[2016/2/7 - 22:47:08] Sarong Combat has edited DoorID 613's Exterior.
[2016/2/7 - 22:47:16] Sarong Combat has deleted DoorID 613.
[2016/2/7 - 22:47:26] Sarong Combat has edited DoorID 999's Exterior.
[2016/2/7 - 22:47:48] Huy has deleted DoorID 166.
[2016/2/7 - 22:48:16] Huy has edited DoorID 0's Exterior.
[2016/2/7 - 22:48:41] Huy has edited DoorID 0's PickupModel.
[2016/2/7 - 22:48:44] Huy has edited DoorID 0's PickupModel.
[2016/2/7 - 22:48:50] Huy has edited door ID 0's name to Garage.
[2016/2/7 - 22:49:49] Huy has edited DoorID 0's Exterior.
[2016/2/7 - 22:50:14] Sarong Combat has edited DoorID 999's Exterior.
[2016/2/7 - 22:51:07] Sarong Combat has edited DoorID 745's PickupModel.
[2016/2/7 - 22:51:08] Huy has edited DoorID 0's Interior.
[2016/2/7 - 22:51:16] Sarong Combat has edited DoorID 999's PickupModel.
[2016/2/7 - 22:51:33] Huy has deleted DoorID 0.
[2016/2/7 - 22:51:33] Sarong Combat has edited door ID 999's name to Loi Ra Gara Sarong.
[2016/2/7 - 22:51:46] Huy has edited DoorID 1000's Exterior.
[2016/2/7 - 22:51:48] Huy has edited DoorID 1000's Exterior.
[2016/2/7 - 22:51:54] Huy has deleted DoorID 1000.
[2016/2/7 - 22:51:56] Huy has edited DoorID 1000's Exterior.
[2016/2/7 - 22:52:04] Huy has edited DoorID 1000's PickupModel.
[2016/2/7 - 22:52:11] Huy has edited door ID 1000's name to Garage.
[2016/2/7 - 22:52:45] Sarong Combat has edited DoorID 999's Interior.
[2016/2/7 - 22:53:22] Huy has edited DoorID 1000's Interior.
[2016/2/7 - 22:53:29] Sarong Combat has deleted DoorID 2551.
[2016/2/7 - 22:54:06] Huy has edited DoorID 1000's Faction.
[2016/2/7 - 22:54:12] Huy has edited DoorID 1000's type.
[2016/2/7 - 22:55:07] Sarong Combat has edited DoorID 1695's Interior.
[2016/2/7 - 22:55:39] Sarong Combat has edited DoorID 1695's Interior.
[2016/2/7 - 22:56:01] Sarong Combat has edited DoorID 999's Interior.
[2016/2/7 - 22:56:17] Sarong Combat has edited DoorID 1695's Interior.
[2016/2/7 - 22:59:11] Huy has edited DoorID 65's Interior.
[2016/2/7 - 22:59:16] Huy has edited DoorID 65's Interior.
[2016/2/8 - 1:00:08] Thanh has edited door ID 9's name to Heo_Vo_tAM.
[2016/2/8 - 1:00:11] Thanh has edited door ID 9's name to Heo_Vo_Tam.
[2016/2/8 - 1:00:22] Thanh has edited door ID 9's name to Heo_Vo_Tam.
[2016/2/8 - 1:24:24] Park Soeng Hip has edited DoorID 164's Exterior.
[2016/2/8 - 1:24:28] Park Soeng Hip has edited DoorID 164's Exterior.
[2016/2/8 - 1:24:36] Park Soeng Hip has edited door ID 164's name to HQ FDSA.
[2016/2/8 - 1:24:50] Park Soeng Hip has edited DoorID 164's PickupModel.
[2016/2/8 - 1:24:52] Park Soeng Hip has edited DoorID 164's PickupModel.
[2016/2/8 - 1:24:55] Park Soeng Hip has edited DoorID 164's PickupModel.
[2016/2/8 - 1:24:57] Park Soeng Hip has edited DoorID 164's PickupModel.
[2016/2/8 - 1:25:05] Park Soeng Hip has edited DoorID 164's Color.
[2016/2/8 - 1:25:09] Park Soeng Hip has edited DoorID 164's Color.
[2016/2/8 - 1:25:30] Park Soeng Hip has edited DoorID 164's Faction.
[2016/2/8 - 1:54:44] Park Soeng Hip has deleted DoorID 397.
[2016/2/8 - 2:35:23] Park Soeng Hip has edited DoorID 164's Exterior.
[2016/2/8 - 2:35:27] Park Soeng Hip has edited DoorID 164's Exterior.
[2016/2/8 - 2:35:34] Park Soeng Hip has edited DoorID 164's Exterior.
[2016/2/8 - 2:35:45] Park Soeng Hip has edited DoorID 164's CustomExterior.
[2016/2/8 - 5:58:18] Chaly Do has edited door ID 560's name to Xipo Do.
[2016/2/8 - 5:58:28] Chaly Do has edited door ID 560's name to So Huu : Xipo Do.
[2016/2/8 - 5:59:39] Chaly Do has edited DoorID 560's Family.
[2016/2/8 - 5:59:42] Chaly Do has edited DoorID 560's Family.
[2016/2/8 - 5:59:45] Chaly Do has edited DoorID 560's Family.
[2016/2/8 - 5:59:50] Chaly Do has edited DoorID 560's Family.
[2016/2/8 - 5:59:53] Chaly Do has edited DoorID 560's Family.
[2016/2/8 - 5:59:57] Chaly Do has edited DoorID 560's Family.
[2016/2/8 - 6:00:10] Chaly Do has edited DoorID 560's Exterior.
[2016/2/8 - 6:00:59] Chaly Do has edited DoorID 560's Family.
[2016/2/8 - 6:03:14] Chaly Do has edited DoorID 560's Wanted.
[2016/2/8 - 6:03:19] Chaly Do has edited DoorID 560's Wanted.
[2016/2/8 - 6:03:24] Chaly Do has edited DoorID 560's Wanted.
[2016/2/8 - 6:03:32] Chaly Do has edited DoorID 560's rank.
[2016/2/8 - 6:03:46] Chaly Do has edited DoorID 560's CustomExterior.
[2016/2/8 - 6:04:04] Chaly Do has edited DoorID 560's Color.
[2016/2/8 - 6:04:07] Chaly Do has edited DoorID 560's Color.
[2016/2/8 - 6:04:10] Chaly Do has edited DoorID 560's Color.
[2016/2/8 - 6:04:20] Chaly Do has edited DoorID 560's VehicleAble.
[2016/2/8 - 6:04:30] Chaly Do has edited DoorID 560's Group Type to 1635228.
[2016/2/8 - 6:04:40] Chaly Do has edited DoorID 560's Exterior.
[2016/2/8 - 6:04:53] Chaly Do has edited DoorID 560's Allegiance to 1635228.
[2016/2/8 - 8:49:41] Park Soeng Hip has edited DoorID 0's Exterior.
[2016/2/8 - 8:49:52] Park Soeng Hip has edited door ID 0's name to Tele sang LS.
[2016/2/8 - 8:50:00] Park Soeng Hip has edited DoorID 0's type.
[2016/2/8 - 8:50:12] Park Soeng Hip has edited DoorID 0's PickupModel.
[2016/2/8 - 8:50:18] Park Soeng Hip has edited DoorID 21's Color.
[2016/2/8 - 8:50:24] Park Soeng Hip has edited DoorID 0's Color.
[2016/2/8 - 8:50:26] Park Soeng Hip has edited DoorID 0's Color.
[2016/2/8 - 8:50:28] Park Soeng Hip has edited DoorID 0's Color.
[2016/2/8 - 8:50:43] Park Soeng Hip has edited DoorID 0's VehicleAble.
[2016/2/8 - 8:50:52] Park Soeng Hip has edited DoorID 0's Faction.
[2016/2/8 - 8:51:21] Park Soeng Hip has edited DoorID 0's Interior.
[2016/2/8 - 8:51:28] Park Soeng Hip has edited DoorID 0's Exterior.
[2016/2/8 - 8:51:41] Park Soeng Hip has edited DoorID 0's CustomExterior.
[2016/2/8 - 8:51:59] Park Soeng Hip has edited DoorID 0's Exterior.
[2016/2/8 - 8:53:32] Park Soeng Hip has edited DoorID 0's Interior.
[2016/2/8 - 8:53:46] Park Soeng Hip has edited DoorID 0's Interior.
[2016/2/8 - 8:53:49] Park Soeng Hip has edited DoorID 0's Exterior.
[2016/2/8 - 8:54:12] Park Soeng Hip has edited DoorID 11's Exterior.
[2016/2/8 - 8:54:16] Park Soeng Hip has edited DoorID 11's Exterior.
[2016/2/8 - 8:54:25] Park Soeng Hip has edited door ID 11's name to Tele sang LS.
[2016/2/8 - 8:54:33] Park Soeng Hip has edited DoorID 11's PickupModel.
[2016/2/8 - 8:54:39] Park Soeng Hip has edited DoorID 11's Color.
[2016/2/8 - 8:54:44] Park Soeng Hip has edited DoorID 11's type.
[2016/2/8 - 8:54:51] Park Soeng Hip has edited DoorID 11's VehicleAble.
[2016/2/8 - 8:55:13] Park Soeng Hip has edited DoorID 11's Faction.
[2016/2/8 - 8:55:31] Park Soeng Hip has edited DoorID 164's Faction.
[2016/2/8 - 8:55:59] Park Soeng Hip has edited DoorID 11's Interior.
[2016/2/8 - 8:56:05] Park Soeng Hip has edited DoorID 11's CustomExterior.
[2016/2/8 - 9:10:35] Park Soeng Hip has edited DoorID 877's Exterior.
[2016/2/8 - 9:16:55] Park Soeng Hip has edited DoorID 162's Exterior.
[2016/2/8 - 9:17:00] Park Soeng Hip has edited DoorID 162's Exterior.
[2016/2/8 - 10:10:14] Thanh has edited door ID 11's name to Qua LS.
[2016/2/8 - 12:40:00] Director has edited DoorID 1590's Exterior.
[2016/2/8 - 12:40:40] Director has edited DoorID 1590's Exterior.
[2016/2/8 - 12:42:15] Director has edited door ID 1590's owner to Director (SQL ID: 122).
[2016/2/8 - 13:13:42] Director has edited DoorID 63's Family.
[2016/2/8 - 13:13:45] Director has edited DoorID 63's Family.
[2016/2/8 - 13:13:57] Director has edited DoorID 2594's Family.
[2016/2/8 - 13:14:10] Director has edited door ID 2594's name to HQ F2 Director.
[2016/2/8 - 13:14:17] Director has edited door ID 63's name to HQ F2 Director.
[2016/2/8 - 13:14:20] Director has edited door ID 63's name to Gym F2 Director.
[2016/2/8 - 15:45:44] Park Soeng Hip has deleted DoorID 345.
[2016/2/8 - 15:49:51] Park Soeng Hip has edited DoorID 162's Exterior.
[2016/2/8 - 19:54:34] Director has edited DoorID 2426's Exterior.
[2016/2/8 - 19:54:45] Director has edited door ID 2426's name to Phong Hop Director.
[2016/2/8 - 20:06:44] Director has edited DoorID 15's Exterior.
[2016/2/8 - 20:14:18] Director has edited DoorID 14's Interior.
[2016/2/8 - 20:21:03] Director has edited DoorID 15's Interior.
[2016/2/8 - 20:21:14] Director has edited DoorID 14's Interior.
[2016/2/8 - 20:21:33] Director has edited door ID 15's name to San Thuong lay may bay.
[2016/2/8 - 20:21:41] Director has edited DoorID 15's Faction.
[2016/2/8 - 20:21:53] Director has edited DoorID 15's PickupModel.
[2016/2/8 - 20:21:57] Director has edited DoorID 15's PickupModel.
[2016/2/8 - 20:22:01] Director has edited DoorID 15's PickupModel.
[2016/2/8 - 20:22:09] Director has edited DoorID 63's PickupModel.
[2016/2/8 - 20:22:17] Director has edited DoorID 2594's PickupModel.
[2016/2/8 - 20:22:23] Director has edited DoorID 2426's PickupModel.
[2016/2/8 - 20:22:33] Director has edited DoorID 15's Family.
[2016/2/8 - 20:22:41] Director has edited DoorID 63's Family.
[2016/2/8 - 20:22:43] Director has edited DoorID 2594's Family.
[2016/2/8 - 20:22:45] Director has edited DoorID 2426's Family.
[2016/2/8 - 20:23:11] Director has edited DoorID 2426's Family.
[2016/2/8 - 20:23:13] Director has edited DoorID 2594's Family.
[2016/2/8 - 20:23:17] Director has edited DoorID 15's Family.
[2016/2/8 - 20:23:19] Director has edited DoorID 63's Family.
[2016/2/8 - 20:23:19] Director has edited DoorID 63's Family.
[2016/2/10 - 15:44:13] Hao Siro has edited DoorID 34's Exterior.
[2016/2/10 - 15:44:27] Hao Siro has edited DoorID 34's Exterior.
[2016/2/10 - 15:44:35] Hao Siro has edited door ID 34's name to Roof.
[2016/2/10 - 15:45:24] Hao Siro has edited door ID 9's name to Roof.
[2016/2/10 - 15:45:30] Hao Siro has edited door ID 9's owner to Robbot Trai Cay (SQL ID: 162).
[2016/2/10 - 15:45:39] Hao Siro has deleted DoorID 34.
[2016/2/11 - 0:06:14] Park Soeng Hip has edited DoorID 162's Exterior.
[2016/2/11 - 0:11:21] Kail Karlito has edited DoorID 352's Exterior.
[2016/2/11 - 0:13:08] Park Soeng Hip has edited DoorID 150's Exterior.
[2016/2/11 - 0:13:20] Park Soeng Hip has edited DoorID 150's Exterior.
[2016/2/11 - 0:13:27] Park Soeng Hip has edited DoorID 150's Exterior.
[2016/2/11 - 0:14:56] Kail Karlito has edited DoorID 385's Interior.
[2016/2/11 - 0:15:43] Kail Karlito has edited DoorID 352's Interior.
[2016/2/11 - 0:16:11] Kail Karlito has edited DoorID 352's Interior.
[2016/2/11 - 14:14:25] Park Soeng Hip has edited DoorID 154's Exterior.
[2016/2/11 - 14:14:53] Venus Angel has edited door ID 154's name to HQ VIP GTA-SRL.US.
[2016/2/11 - 15:03:59] Venus Angel has edited DoorID 0's Faction.
[2016/2/11 - 15:04:12] Venus Angel has edited DoorID 352's Faction.
[2016/2/11 - 15:07:00] Venus Angel has edited DoorID 278's Exterior.
[2016/2/11 - 15:07:20] Venus Angel has edited DoorID 278's Exterior.
[2016/2/11 - 15:20:34] Nha Ngheo has edited door ID 154's name to HQ Vip ( Noi An Choi ).
[2016/2/11 - 16:25:56] Venus Angel has edited DoorID 30's Exterior.
[2016/2/11 - 16:25:59] Venus Angel has edited DoorID 30's Exterior.
[2016/2/11 - 16:27:49] Venus Angel has edited DoorID 30's Exterior.
[2016/2/11 - 16:28:27] Venus Angel has edited DoorID 34's Exterior.
[2016/2/11 - 16:28:32] Venus Angel has edited DoorID 34's Exterior.
[2016/2/11 - 16:33:31] Venus Angel has edited DoorID 34's Interior.
[2016/2/11 - 16:35:49] Venus Angel has edited DoorID 34's Faction.
[2016/2/11 - 16:38:20] Venus Angel has edited DoorID 34's VehicleAble.
[2016/2/11 - 16:38:42] Venus Angel has edited DoorID 34's type.
[2016/2/11 - 16:39:14] Venus Angel has edited door ID 34's name to Garage.
[2016/2/11 - 16:40:27] Venus Angel has edited DoorID 34's PickupModel.
[2016/2/11 - 16:40:37] Venus Angel has edited DoorID 34's type.
[2016/2/11 - 16:42:10] Venus Angel has edited DoorID 42's Exterior.
[2016/2/11 - 16:42:53] Venus Angel has edited DoorID 42's Faction.
[2016/2/11 - 16:43:32] Venus Angel has edited DoorID 42's PickupModel.
[2016/2/11 - 16:43:36] Venus Angel has edited DoorID 42's PickupModel.
[2016/2/11 - 16:43:39] Venus Angel has edited DoorID 42's PickupModel.
[2016/2/11 - 16:43:42] Venus Angel has edited DoorID 42's PickupModel.
[2016/2/11 - 16:43:45] Venus Angel has edited DoorID 42's PickupModel.
[2016/2/11 - 16:43:48] Venus Angel has edited DoorID 42's PickupModel.
[2016/2/11 - 16:43:51] Venus Angel has edited DoorID 42's PickupModel.
[2016/2/11 - 16:43:53] Venus Angel has edited DoorID 42's PickupModel.
[2016/2/11 - 16:43:55] Venus Angel has edited DoorID 42's PickupModel.
[2016/2/11 - 16:43:59] Venus Angel has edited DoorID 42's PickupModel.
[2016/2/11 - 16:44:02] Venus Angel has edited DoorID 42's PickupModel.
[2016/2/11 - 16:44:15] Venus Angel has edited DoorID 42's type.
[2016/2/11 - 16:44:30] Venus Angel has edited door ID 42's name to Dung Di Len Noc Nha.
[2016/2/11 - 16:44:34] Venus Angel has edited door ID 42's name to Duong Di Len Noc Nha.
[2016/2/11 - 16:45:15] Venus Angel has edited DoorID 42's Interior.
[2016/2/11 - 16:45:21] Venus Angel has edited DoorID 42's Interior.
[2016/2/11 - 16:48:00] Venus Angel has edited DoorID 122's Exterior.
[2016/2/11 - 16:48:22] Venus Angel has edited DoorID 122's PickupModel.
[2016/2/11 - 16:48:46] Venus Angel has edited DoorID 122's type.
[2016/2/11 - 16:48:56] Venus Angel has edited door ID 122's name to Duong Ve Vip.
[2016/2/11 - 16:49:42] Venus Angel has edited DoorID 122's Interior.
[2016/2/11 - 16:50:00] Venus Angel has edited DoorID 122's Faction.
[2016/2/11 - 18:20:04] Venus Angel has edited DoorID 150's Exterior.
[2016/2/11 - 18:20:20] Venus Angel has edited DoorID 150's PickupModel.
[2016/2/11 - 18:20:36] Venus Angel has edited door ID 150's name to Duong Len Noc Nha.
[2016/2/11 - 18:20:47] Venus Angel has edited DoorID 150's Faction.
[2016/2/11 - 18:21:30] Venus Angel has edited DoorID 150's Interior.
