[2015/11/28 - 19:26:16] Thong Vu has edited MapIconID 1's Position.
[2015/11/28 - 19:26:22] Thong Vu has edited MapIconID 1's Marker Type to 20.
[2015/11/28 - 19:26:26] Thong Vu has edited MapIconID 1's Marker Type to 1.
[2015/11/28 - 19:26:27] Thong Vu has edited MapIconID 1's Marker Type to 2.
[2015/11/28 - 19:26:33] Thong Vu has edited MapIconID 1's Marker Type to 3.
[2015/11/28 - 19:26:35] Thong Vu has edited MapIconID 1's Marker Type to 4.
[2015/11/28 - 19:26:38] Thong Vu has edited MapIconID 1's Marker Type to 5.
[2015/11/28 - 19:26:41] Thong Vu has edited MapIconID 1's Marker Type to 6.
[2015/11/28 - 19:26:57] Thong Vu has edited MapIconID 1's Marker Type to 7.
[2015/11/28 - 19:27:01] Thong Vu has edited MapIconID 1's Marker Type to 8.
[2015/11/28 - 19:27:03] Thong Vu has edited MapIconID 1's Marker Type to 9.
[2015/11/28 - 19:27:06] Thong Vu has edited MapIconID 1's Marker Type to 10.
[2015/11/28 - 19:27:14] Thong Vu has edited MapIconID 1's Marker Type to 11.
[2015/11/28 - 19:27:16] Thong Vu has edited MapIconID 1's Marker Type to 12.
[2015/11/28 - 19:27:18] Thong Vu has edited MapIconID 1's Marker Type to 13.
[2015/11/28 - 19:27:20] Thong Vu has edited MapIconID 1's Marker Type to 14.
[2015/11/28 - 19:27:30] Thong Vu has edited MapIconID 1's Marker Type to 15.
[2015/11/28 - 19:27:32] Thong Vu has edited MapIconID 1's Marker Type to 16.
[2015/11/28 - 19:27:46] Thong Vu has edited MapIconID 1's Marker Type to 17.
[2015/11/28 - 19:27:58] Thong Vu has edited MapIconID 1's Marker Type to 18.
[2015/11/28 - 19:28:01] Thong Vu has edited MapIconID 1's Marker Type to 19.
[2015/11/28 - 19:28:24] Thong Vu has edited MapIconID 1's Marker Type to 18.
[2015/11/28 - 19:28:32] Thong Vu has edited MapIconID 1's Marker Type to 19.
[2015/11/28 - 19:28:35] Thong Vu has edited MapIconID 1's Marker Type to 20.
[2015/11/28 - 19:28:38] Thong Vu has edited MapIconID 1's Marker Type to 21.
[2015/11/28 - 19:28:54] Thong Vu has edited MapIconID 1's Marker Type to 22.
[2015/11/28 - 19:29:02] Thong Vu has edited MapIconID 1's Marker Type to 23.
[2015/11/28 - 19:29:06] Thong Vu has edited MapIconID 1's Marker Type to 24.
[2015/11/28 - 19:29:07] Thong Vu has edited MapIconID 1's Marker Type to 25.
[2015/11/28 - 19:29:10] Thong Vu has edited MapIconID 1's Marker Type to 26.
[2015/11/28 - 19:29:12] Thong Vu has edited MapIconID 1's Marker Type to 27.
[2015/11/28 - 19:29:19] Thong Vu has edited MapIconID 1's Marker Type to 28.
[2015/11/28 - 19:29:21] Thong Vu has edited MapIconID 1's Marker Type to 29.
[2015/11/28 - 19:29:31] Thong Vu has edited MapIconID 1's Marker Type to 30.
[2015/11/28 - 19:29:42] Thong Vu has edited MapIconID 1's Marker Type to 31.
[2015/11/28 - 19:29:45] Thong Vu has edited MapIconID 1's Marker Type to 32.
[2015/11/28 - 19:29:47] Thong Vu has edited MapIconID 1's Marker Type to 33.
[2015/11/28 - 19:29:49] Thong Vu has edited MapIconID 1's Marker Type to 34.
[2015/11/28 - 19:29:51] Thong Vu has edited MapIconID 1's Marker Type to 35.
[2015/11/28 - 19:29:52] Thong Vu has edited MapIconID 1's Marker Type to 36.
[2015/11/28 - 19:29:54] Thong Vu has edited MapIconID 1's Marker Type to 37.
[2015/11/28 - 19:29:56] Thong Vu has edited MapIconID 1's Marker Type to 38.
[2015/11/28 - 19:29:59] Thong Vu has edited MapIconID 1's Marker Type to 39.
[2015/11/28 - 19:30:01] Thong Vu has edited MapIconID 1's Marker Type to 40.
[2015/11/28 - 19:30:03] Thong Vu has edited MapIconID 1's Marker Type to 41.
[2015/11/28 - 19:30:05] Thong Vu has edited MapIconID 1's Marker Type to 42.
[2015/11/28 - 19:30:07] Thong Vu has edited MapIconID 1's Marker Type to 43.
[2015/11/28 - 19:30:08] Thong Vu has edited MapIconID 1's Marker Type to 44.
[2015/11/28 - 19:30:10] Thong Vu has edited MapIconID 1's Marker Type to 45.
[2015/11/28 - 19:30:19] Thong Vu has edited MapIconID 1's Marker Type to 46.
[2015/11/28 - 19:30:21] Thong Vu has edited MapIconID 1's Marker Type to 47.
[2015/11/28 - 19:30:22] Thong Vu has edited MapIconID 1's Marker Type to 48.
[2015/11/28 - 19:30:35] Thong Vu has edited MapIconID 1's Marker Type to 49.
[2015/11/28 - 19:30:50] Thong Vu has edited MapIconID 1's Marker Type to 50.
[2015/11/28 - 19:31:06] Thong Vu has edited MapIconID 1's Marker Type to 51.
[2015/11/28 - 19:31:11] Thong Vu has edited MapIconID 1's Marker Type to 52.
[2015/11/28 - 19:31:19] Thong Vu has edited MapIconID 1's Marker Type to 53.
[2015/11/28 - 19:31:21] Thong Vu has edited MapIconID 1's Marker Type to 54.
[2015/11/28 - 19:31:28] Thong Vu has edited MapIconID 1's Marker Type to 55.
[2015/11/28 - 19:31:40] Thong Vu has edited MapIconID 1's Marker Type to 56.
[2015/11/28 - 19:31:42] Thong Vu has edited MapIconID 1's Marker Type to 57.
[2015/11/28 - 19:32:16] Thong Vu has edited MapIconID 1's Marker Type to 56.
[2015/11/28 - 19:32:25] Thong Vu has edited MapIconID 1's Marker Type to 58.
[2015/11/28 - 19:32:28] Thong Vu has edited MapIconID 1's Marker Type to 59.
[2015/11/28 - 19:32:42] Thong Vu has edited MapIconID 1's Marker Type to 58.
[2015/11/28 - 19:32:44] Thong Vu has edited MapIconID 1's Marker Type to 59.
[2015/11/28 - 19:32:46] Thong Vu has edited MapIconID 1's Marker Type to 60.
[2015/11/28 - 19:32:56] Thong Vu has edited MapIconID 1's Marker Type to 61.
[2015/11/28 - 19:32:58] Thong Vu has edited MapIconID 1's Marker Type to 62.
[2015/11/28 - 19:33:01] Thong Vu has edited MapIconID 1's Marker Type to 63.
[2015/11/28 - 19:33:29] Thong Vu has edited MapIconID 1's Marker Type to 64.
[2015/11/28 - 19:33:31] Thong Vu has edited MapIconID 1's Marker Type to 65.
[2015/11/28 - 19:33:33] Thong Vu has edited MapIconID 1's Marker Type to 66.
[2015/11/28 - 19:33:35] Thong Vu has edited MapIconID 1's Marker Type to 67.
[2015/11/28 - 19:33:37] Thong Vu has edited MapIconID 1's Marker Type to 58.
[2015/11/28 - 19:33:40] Thong Vu has edited MapIconID 1's Marker Type to 58.
[2015/11/28 - 19:33:42] Thong Vu has edited MapIconID 1's Marker Type to 59.
[2015/11/28 - 19:33:45] Thong Vu has edited MapIconID 1's Marker Type to 60.
[2015/11/28 - 19:33:47] Thong Vu has edited MapIconID 1's Marker Type to 61.
[2015/11/28 - 19:33:51] Thong Vu has edited MapIconID 1's Marker Type to 58.
[2015/11/28 - 19:34:26] Thong Vu has edited MapIconID 2's Position.
[2015/11/28 - 19:34:36] Thong Vu has edited MapIconID 2's Marker Type to 22.
[2015/11/28 - 19:35:09] Thong Vu has edited MapIconID 3's Position.
[2015/11/28 - 19:35:14] Thong Vu has edited MapIconID 3's Marker Type to 17.
[2015/11/28 - 19:35:36] Thong Vu has edited MapIconID 4's Position.
[2015/11/28 - 19:35:45] Thong Vu has edited MapIconID 4's Marker Type to 56.
[2015/11/28 - 19:36:14] Thong Vu has edited MapIconID 5's Position.
[2015/11/28 - 19:36:17] Thong Vu has edited MapIconID 5's Marker Type to 1635244.
[2015/11/28 - 19:36:28] Thong Vu has edited MapIconID 5's Marker Type to 6.
[2015/11/28 - 19:37:12] Thong Vu has edited MapIconID 6's Position.
[2015/11/28 - 19:37:16] Thong Vu has edited MapIconID 6's Marker Type to 56.
[2015/11/28 - 19:37:29] Thong Vu has edited MapIconID 7's Position.
[2015/11/28 - 19:37:38] Thong Vu has edited MapIconID 7's Marker Type to 18.
[2015/11/28 - 19:37:59] Thong Vu has edited MapIconID 8's Position.
[2015/11/28 - 19:38:06] Thong Vu has edited MapIconID 8's Marker Type to 54.
[2015/11/28 - 19:40:13] Thong Vu has edited MapIconID 9's Position.
[2015/11/28 - 19:40:17] Thong Vu has edited MapIconID 9's Marker Type to 56.
[2015/11/28 - 19:40:34] Thong Vu has edited MapIconID 10's Position.
[2015/11/28 - 19:40:42] Thong Vu has edited MapIconID 10's Marker Type to 30.
[2015/11/28 - 19:41:01] Thong Vu has edited MapIconID 11's Position.
[2015/11/28 - 19:41:06] Thong Vu has edited MapIconID 11's Marker Type to 52.
[2015/11/28 - 19:42:03] Thong Vu has edited MapIconID 12's Position.
[2015/11/28 - 19:42:07] Thong Vu has edited MapIconID 12's Marker Type to 17.
[2015/11/28 - 19:43:05] Thong Vu has edited MapIconID 13's Position.
[2015/11/28 - 19:43:17] Thong Vu has edited MapIconID 13's Marker Type to 48.
[2015/11/28 - 19:43:34] Thong Vu has edited MapIconID 14's Position.
[2015/11/28 - 19:43:42] Thong Vu has edited MapIconID 14's Marker Type to 29.
[2015/11/28 - 19:44:01] Thong Vu has edited MapIconID 15's Position.
[2015/11/28 - 19:44:06] Thong Vu has edited MapIconID 15's Marker Type to 56.
[2015/11/28 - 19:44:40] Thong Vu has edited MapIconID 16's Position.
[2015/11/28 - 19:44:49] Thong Vu has edited MapIconID 16's Marker Type to 21.
[2015/11/28 - 19:45:36] Thong Vu has edited MapIconID 17's Position.
[2015/11/28 - 19:45:41] Thong Vu has edited MapIconID 17's Marker Type to 17.
[2015/11/28 - 19:45:58] Thong Vu has edited MapIconID 18's Position.
[2015/11/28 - 19:46:07] Thong Vu has edited MapIconID 18's Marker Type to 45.
[2015/11/28 - 19:46:22] Thong Vu has edited MapIconID 19's Position.
[2015/11/28 - 19:46:32] Thong Vu has edited MapIconID 19's Marker Type to 10.
[2015/11/28 - 19:47:28] Thong Vu has edited MapIconID 20's Position.
[2015/11/28 - 19:47:34] Thong Vu has edited MapIconID 20's Marker Type to 15.
[2015/11/28 - 19:47:42] Thong Vu has edited MapIconID 20's Marker Type to 16.
[2015/11/28 - 19:47:44] Thong Vu has edited MapIconID 20's Marker Type to 14.
[2015/11/28 - 19:48:21] Thong Vu has edited MapIconID 21's Position.
[2015/11/28 - 19:48:28] Thong Vu has edited MapIconID 21's Marker Type to 63.
[2015/11/28 - 19:49:05] Thong Vu has edited MapIconID 22's Position.
[2015/11/28 - 19:49:10] Thong Vu has edited MapIconID 22's Marker Type to 17.
[2015/11/28 - 19:49:28] Thong Vu has edited MapIconID 23's Position.
[2015/11/28 - 19:49:32] Thong Vu has edited MapIconID 23's Marker Type to 56.
[2015/11/28 - 19:49:49] Thong Vu has edited MapIconID 24's Position.
[2015/11/28 - 19:49:57] Thong Vu has edited MapIconID 24's Marker Type to 63.
[2015/11/28 - 19:50:10] Thong Vu has edited MapIconID 25's Position.
[2015/11/28 - 19:50:19] Thong Vu has edited MapIconID 25's Marker Type to 27.
[2015/11/28 - 19:50:57] Thong Vu has edited MapIconID 26's Position.
[2015/11/28 - 19:51:03] Thong Vu has edited MapIconID 26's Marker Type to 51.
[2015/11/28 - 19:51:28] Thong Vu has edited MapIconID 27's Position.
[2015/11/28 - 19:51:32] Thong Vu has edited MapIconID 27's Marker Type to 17.
[2015/11/28 - 19:52:17] Thong Vu has edited MapIconID 28's Position.
[2015/11/28 - 19:52:25] Thong Vu has edited MapIconID 28's Marker Type to 45.
[2015/11/28 - 19:52:42] Thong Vu has edited MapIconID 29's Position.
[2015/11/28 - 19:52:50] Thong Vu has edited MapIconID 29's Marker Type to 29.
[2015/11/28 - 19:53:06] Thong Vu has edited MapIconID 30's Position.
[2015/11/28 - 19:53:14] Thong Vu has edited MapIconID 30's Marker Type to 10.
[2015/11/28 - 19:53:28] Thong Vu has edited MapIconID 31's Position.
[2015/11/28 - 19:53:33] Thong Vu has edited MapIconID 31's Marker Type to 17.
[2015/11/28 - 19:54:05] Thong Vu has edited MapIconID 32's Position.
[2015/11/28 - 19:54:14] Thong Vu has edited MapIconID 32's Marker Type to 45.
[2015/11/28 - 19:55:56] Thong Vu has edited MapIconID 33's Marker Type to 27.
[2015/11/28 - 19:56:07] Thong Vu has edited MapIconID 33's Position.
[2015/11/28 - 19:57:09] Thong Vu has edited MapIconID 34's Position.
[2015/11/28 - 19:57:22] Thong Vu has edited MapIconID 34's Marker Type to 16.
[2015/11/28 - 19:59:36] Thong Vu has edited MapIconID 35's Position.
[2015/11/28 - 19:59:43] Thong Vu has edited MapIconID 35's Marker Type to 59.
[2015/11/28 - 20:00:11] Thong Vu has edited MapIconID 36's Position.
[2015/11/28 - 20:00:19] Thong Vu has edited MapIconID 36's Marker Type to 22.
[2015/11/28 - 20:01:32] Thong Vu has edited MapIconID 37's Position.
[2015/11/28 - 20:01:42] Thong Vu has edited MapIconID 37's Marker Type to 48.
[2015/11/28 - 20:02:43] Thong Vu has edited MapIconID 38's Position.
[2015/11/28 - 20:02:53] Thong Vu has edited MapIconID 38's Marker Type to 22.
[2015/11/28 - 20:05:11] Thong Vu has edited MapIconID 39's Position.
[2015/11/28 - 20:05:16] Thong Vu has edited MapIconID 39's Marker Type to 17.
[2015/11/28 - 20:05:36] Thong Vu has edited MapIconID 40's Position.
[2015/11/28 - 20:05:40] Thong Vu has edited MapIconID 40's Marker Type to 17.
[2015/11/28 - 20:06:35] Thong Vu has edited MapIconID 41's Position.
[2015/11/28 - 20:06:39] Thong Vu has edited MapIconID 41's Marker Type to 17.
[2015/11/28 - 20:06:55] Thong Vu has edited MapIconID 42's Position.
[2015/11/28 - 20:07:01] Thong Vu has edited MapIconID 42's Marker Type to 6.
[2015/11/28 - 20:07:36] Thong Vu has edited MapIconID 43's Position.
[2015/11/28 - 20:07:42] Thong Vu has edited MapIconID 43's Marker Type to 45.
[2015/11/28 - 20:07:58] Thong Vu has edited MapIconID 4's Position.
[2015/11/28 - 20:08:24] Thong Vu has edited MapIconID 4's Marker Type to 17.
[2015/11/28 - 20:08:45] Thong Vu has edited MapIconID 44's Position.
[2015/11/28 - 20:08:50] Thong Vu has edited MapIconID 44's Marker Type to 17.
[2015/11/28 - 20:10:09] Thong Vu has edited MapIconID 45's Position.
[2015/11/28 - 20:10:13] Thong Vu has edited MapIconID 45's Marker Type to 17.
[2015/11/28 - 20:11:46] Thong Vu has edited MapIconID 46's Position.
[2015/11/28 - 20:11:57] Thong Vu has edited MapIconID 46's Marker Type to 10.
[2015/11/28 - 20:12:16] Thong Vu has edited MapIconID 47's Position.
[2015/11/28 - 20:12:21] Thong Vu has edited MapIconID 47's Marker Type to 56.
[2015/11/28 - 20:14:11] Thong Vu has edited MapIconID 48's Position.
[2015/11/28 - 20:14:16] Thong Vu has edited MapIconID 48's Marker Type to 17.
[2015/11/28 - 20:16:38] Thong Vu has edited MapIconID 49's Position.
[2015/11/28 - 20:16:45] Thong Vu has edited MapIconID 49's Marker Type to 45.
[2015/11/28 - 20:17:04] Thong Vu has edited MapIconID 50's Position.
[2015/11/28 - 20:17:09] Thong Vu has edited MapIconID 50's Marker Type to 10.
[2015/11/28 - 20:17:21] Thong Vu has edited MapIconID 51's Position.
[2015/11/28 - 20:17:25] Thong Vu has edited MapIconID 51's Marker Type to 45.
[2015/11/28 - 20:17:50] Thong Vu has edited MapIconID 52's Position.
[2015/11/28 - 20:17:54] Thong Vu has edited MapIconID 52's Marker Type to 17.
[2015/11/28 - 20:24:32] Thong Vu has edited MapIconID 53's Position.
[2015/11/28 - 20:24:40] Thong Vu has edited MapIconID 53's Marker Type to 30.
[2016/2/4 - 9:59:47] Park Soeng Hip has edited MapIconID 8's Position.
[2016/2/4 - 9:59:55] Park Soeng Hip has edited MapIconID 8's Marker Type to 1.
[2016/2/4 - 9:59:56] Park Soeng Hip has edited MapIconID 8's Marker Type to 2.
[2016/2/4 - 9:59:58] Park Soeng Hip has edited MapIconID 8's Marker Type to 3.
[2016/2/4 - 10:00:01] Park Soeng Hip has edited MapIconID 8's Marker Type to 4.
[2016/2/4 - 10:00:04] Park Soeng Hip has edited MapIconID 8's Marker Type to 5.
[2016/2/4 - 10:00:06] Park Soeng Hip has edited MapIconID 8's Marker Type to 6.
[2016/2/4 - 10:00:09] Park Soeng Hip has edited MapIconID 8's Marker Type to 7.
[2016/2/4 - 10:00:11] Park Soeng Hip has edited MapIconID 8's Marker Type to 8.
[2016/2/4 - 10:00:13] Park Soeng Hip has edited MapIconID 8's Marker Type to 9.
[2016/2/4 - 10:00:16] Park Soeng Hip has edited MapIconID 8's Marker Type to 10.
[2016/2/4 - 10:00:19] Park Soeng Hip has edited MapIconID 8's Marker Type to 11.
[2016/2/4 - 10:00:21] Park Soeng Hip has edited MapIconID 8's Marker Type to 12.
[2016/2/4 - 10:00:23] Park Soeng Hip has edited MapIconID 8's Marker Type to 13.
[2016/2/4 - 10:00:26] Park Soeng Hip has edited MapIconID 8's Marker Type to 14.
[2016/2/4 - 10:00:27] Park Soeng Hip has edited MapIconID 8's Marker Type to 15.
[2016/2/4 - 10:00:29] Park Soeng Hip has edited MapIconID 8's Marker Type to 16.
[2016/2/4 - 10:00:31] Park Soeng Hip has edited MapIconID 8's Marker Type to 17.
[2016/2/4 - 10:00:33] Park Soeng Hip has edited MapIconID 8's Marker Type to 18.
[2016/2/4 - 10:00:35] Park Soeng Hip has edited MapIconID 8's Marker Type to 19.
[2016/2/4 - 10:00:38] Park Soeng Hip has edited MapIconID 8's Marker Type to 20.
[2016/2/4 - 10:00:40] Park Soeng Hip has edited MapIconID 8's Marker Type to 21.
[2016/2/4 - 10:00:43] Park Soeng Hip has edited MapIconID 8's Marker Type to 22.
[2016/2/4 - 10:00:44] Park Soeng Hip has edited MapIconID 8's Marker Type to 23.
[2016/2/4 - 10:00:46] Park Soeng Hip has edited MapIconID 8's Marker Type to 24.
[2016/2/4 - 10:00:48] Park Soeng Hip has edited MapIconID 8's Marker Type to 25.
[2016/2/4 - 10:00:50] Park Soeng Hip has edited MapIconID 8's Marker Type to 26.
[2016/2/4 - 10:00:52] Park Soeng Hip has edited MapIconID 8's Marker Type to 27.
[2016/2/4 - 10:00:55] Park Soeng Hip has edited MapIconID 8's Marker Type to 28.
[2016/2/4 - 10:00:57] Park Soeng Hip has edited MapIconID 8's Marker Type to 29.
[2016/2/4 - 10:01:00] Park Soeng Hip has edited MapIconID 8's Marker Type to 30.
[2016/2/4 - 10:01:02] Park Soeng Hip has edited MapIconID 8's Marker Type to 31.
[2016/2/4 - 10:01:04] Park Soeng Hip has edited MapIconID 8's Marker Type to 32.
[2016/2/4 - 10:01:07] Park Soeng Hip has edited MapIconID 8's Marker Type to 33.
[2016/2/4 - 10:01:09] Park Soeng Hip has edited MapIconID 8's Marker Type to 34.
[2016/2/4 - 10:01:11] Park Soeng Hip has edited MapIconID 8's Marker Type to 35.
[2016/2/4 - 10:01:14] Park Soeng Hip has edited MapIconID 8's Marker Type to 36.
[2016/2/4 - 10:01:16] Park Soeng Hip has edited MapIconID 8's Marker Type to 37.
[2016/2/4 - 10:01:18] Park Soeng Hip has edited MapIconID 8's Marker Type to 38.
[2016/2/4 - 10:01:21] Park Soeng Hip has edited MapIconID 8's Marker Type to 39.
[2016/2/4 - 10:01:22] Park Soeng Hip has edited MapIconID 8's Marker Type to 40.
[2016/2/4 - 10:01:24] Park Soeng Hip has edited MapIconID 8's Marker Type to 41.
[2016/2/4 - 10:01:26] Park Soeng Hip has edited MapIconID 8's Marker Type to 42.
[2016/2/4 - 10:01:30] Park Soeng Hip has edited MapIconID 8's Marker Type to 43.
[2016/2/4 - 10:01:33] Park Soeng Hip has edited MapIconID 8's Marker Type to 44.
[2016/2/4 - 10:01:35] Park Soeng Hip has edited MapIconID 8's Marker Type to 45.
[2016/2/4 - 10:01:37] Park Soeng Hip has edited MapIconID 8's Marker Type to 46.
[2016/2/4 - 10:01:39] Park Soeng Hip has edited MapIconID 8's Marker Type to 47.
[2016/2/4 - 10:01:41] Park Soeng Hip has edited MapIconID 8's Marker Type to 48.
[2016/2/4 - 10:01:43] Park Soeng Hip has edited MapIconID 8's Marker Type to 49.
[2016/2/4 - 10:01:45] Park Soeng Hip has edited MapIconID 8's Marker Type to 50.
[2016/2/4 - 10:01:47] Park Soeng Hip has edited MapIconID 8's Marker Type to 51.
[2016/2/4 - 10:01:49] Park Soeng Hip has edited MapIconID 8's Marker Type to 52.
[2016/2/4 - 10:01:51] Park Soeng Hip has edited MapIconID 8's Marker Type to 53.
[2016/2/4 - 10:01:54] Park Soeng Hip has edited MapIconID 8's Marker Type to 54.
[2016/2/4 - 10:01:56] Park Soeng Hip has edited MapIconID 8's Marker Type to 55.
[2016/2/4 - 10:01:58] Park Soeng Hip has edited MapIconID 8's Marker Type to 56.
[2016/2/4 - 10:02:02] Park Soeng Hip has edited MapIconID 8's Marker Type to 57.
[2016/2/4 - 10:02:04] Park Soeng Hip has edited MapIconID 8's Marker Type to 58.
[2016/2/4 - 10:02:06] Park Soeng Hip has edited MapIconID 8's Marker Type to 59.
[2016/2/4 - 10:02:09] Park Soeng Hip has edited MapIconID 8's Marker Type to 60.
[2016/2/4 - 10:02:10] Park Soeng Hip has edited MapIconID 8's Marker Type to 61.
[2016/2/4 - 10:02:12] Park Soeng Hip has edited MapIconID 8's Marker Type to 62.
[2016/2/4 - 10:02:15] Park Soeng Hip has edited MapIconID 8's Marker Type to 63.
[2016/2/4 - 10:02:17] Park Soeng Hip has edited MapIconID 8's Marker Type to 64.
[2016/2/4 - 10:02:20] Park Soeng Hip has edited MapIconID 8's Marker Type to 53.
[2016/2/4 - 10:02:22] Park Soeng Hip has edited MapIconID 8's Marker Type to 54.
[2016/2/4 - 10:02:24] Park Soeng Hip has edited MapIconID 8's Marker Type to 55.
[2016/2/4 - 10:02:26] Park Soeng Hip has edited MapIconID 8's Marker Type to 56.
[2016/2/4 - 15:51:45] Dien Pro has edited MapIconID 9's Position.
[2016/2/4 - 15:51:51] Dien Pro has edited MapIconID 9's Marker Type to 17.
[2016/2/8 - 1:27:53] Park Soeng Hip has edited MapIconID 8's Position.
[2016/2/8 - 1:27:58] Park Soeng Hip has edited MapIconID 8's Marker Type to 1.
[2016/2/8 - 1:27:59] Park Soeng Hip has edited MapIconID 8's Marker Type to 2.
[2016/2/8 - 1:28:01] Park Soeng Hip has edited MapIconID 8's Marker Type to 3.
[2016/2/8 - 1:28:03] Park Soeng Hip has edited MapIconID 8's Marker Type to 4.
[2016/2/8 - 1:28:05] Park Soeng Hip has edited MapIconID 8's Marker Type to 5.
[2016/2/8 - 1:28:07] Park Soeng Hip has edited MapIconID 8's Marker Type to 6.
[2016/2/8 - 1:28:09] Park Soeng Hip has edited MapIconID 8's Marker Type to 7.
[2016/2/8 - 1:28:12] Park Soeng Hip has edited MapIconID 8's Marker Type to 8.
[2016/2/8 - 1:28:14] Park Soeng Hip has edited MapIconID 8's Marker Type to 9.
[2016/2/8 - 1:28:16] Park Soeng Hip has edited MapIconID 8's Marker Type to 10.
[2016/2/8 - 1:28:17] Park Soeng Hip has edited MapIconID 8's Marker Type to 11.
[2016/2/8 - 1:28:18] Park Soeng Hip has edited MapIconID 8's Marker Type to 12.
[2016/2/8 - 1:28:21] Park Soeng Hip has edited MapIconID 8's Marker Type to 13.
[2016/2/8 - 1:30:02] Park Soeng Hip has edited MapIconID 8's Marker Type to 22.
[2016/2/8 - 2:14:42] Park Soeng Hip has edited MapIconID 8's Position.
[2016/2/8 - 9:20:39] Park Soeng Hip has edited MapIconID 8's Position.
[2016/2/8 - 9:20:48] Park Soeng Hip has edited MapIconID 8's Marker Type to 2.
[2016/2/8 - 9:20:50] Park Soeng Hip has edited MapIconID 8's Marker Type to 3.
[2016/2/8 - 9:20:55] Park Soeng Hip has edited MapIconID 8's Marker Type to 4.
[2016/2/8 - 9:20:58] Park Soeng Hip has edited MapIconID 8's Marker Type to 5.
[2016/2/8 - 9:20:59] Park Soeng Hip has edited MapIconID 8's Marker Type to 6.
[2016/2/8 - 9:21:01] Park Soeng Hip has edited MapIconID 8's Marker Type to 7.
[2016/2/8 - 9:21:04] Park Soeng Hip has edited MapIconID 8's Marker Type to 8.
[2016/2/8 - 9:21:06] Park Soeng Hip has edited MapIconID 8's Marker Type to 9.
[2016/2/8 - 9:21:09] Park Soeng Hip has edited MapIconID 8's Marker Type to 10.
[2016/2/8 - 9:21:12] Park Soeng Hip has edited MapIconID 8's Marker Type to 11.
[2016/2/8 - 9:21:14] Park Soeng Hip has edited MapIconID 8's Marker Type to 12.
[2016/2/8 - 9:21:15] Park Soeng Hip has edited MapIconID 8's Marker Type to 13.
[2016/2/8 - 9:21:17] Park Soeng Hip has edited MapIconID 8's Marker Type to 14.
[2016/2/8 - 9:21:19] Park Soeng Hip has edited MapIconID 8's Marker Type to 15.
[2016/2/8 - 9:21:21] Park Soeng Hip has edited MapIconID 8's Marker Type to 16.
[2016/2/8 - 9:21:23] Park Soeng Hip has edited MapIconID 8's Marker Type to 17.
[2016/2/8 - 9:21:26] Park Soeng Hip has edited MapIconID 8's Marker Type to 18.
[2016/2/8 - 9:21:28] Park Soeng Hip has edited MapIconID 8's Marker Type to 19.
[2016/2/8 - 9:21:30] Park Soeng Hip has edited MapIconID 8's Marker Type to 20.
[2016/2/8 - 9:21:47] Park Soeng Hip has edited MapIconID 8's Marker Type to 21.
[2016/2/8 - 9:21:48] Park Soeng Hip has edited MapIconID 8's Marker Type to 22.
[2016/2/8 - 9:21:50] Park Soeng Hip has edited MapIconID 8's Marker Type to 23.
[2016/2/8 - 10:11:06] Park Soeng Hip has edited MapIconID 8's Position.
[2016/2/8 - 10:11:12] Park Soeng Hip has edited MapIconID 8's Marker Type to 22.
