[2016/1/31 - 9:13:16] FLAG: Gifted/Script Added added flag Dich vu chuyen nha (Credits) to Kien Dat.
[2016/1/31 - 9:13:17] FLAG: Gifted/Script Added added flag Free House (Gift) to Leo Fun.
[2016/1/31 - 10:31:58] FLAG: Gifted/Script Added added flag Dich vu chuyen nha (Credits) to Kien Dat.
[2016/1/31 - 16:28:47] FLAG: Gifted/Script Added added flag Bien so xe (Credits) to Truong Long.
[2016/2/1 - 11:18:18] FLAG: Gifted/Script Added added flag Free House (Gift) to Avengers TheMid.
[2016/2/1 - 12:32:13] FLAG: Gifted/Script Added added flag Free House (Gift) to Sun Chivas.
[2016/2/1 - 13:51:45] FLAG: Gifted/Script Added added flag Bien so xe (Credits) to SG Hades.
[2016/2/1 - 16:29:09] FLAG: Gifted/Script Added added flag Dich vu Mua nha (Credits) to Monster player.
[2016/2/1 - 17:01:28] FLAG: Gifted/Script Added added flag Free House (Gift) to Fuyu Kaito.
[2016/2/1 - 17:01:28] FLAG: Gifted/Script Added added flag Free House (Gift) to Avengers Filler.
[2016/2/1 - 17:24:14] FLAG: Gifted/Script Added added flag Free House (Gift) to Jack SipHong.
[2016/2/1 - 18:18:57] FLAG: Gifted/Script Added added flag Dich vu Mua nha (Credits) to Nguyen Bon.
[2016/2/1 - 18:34:07] FLAG: Gifted/Script Added added flag Dich vu Mua nha (Credits) to Jackson Tin.
[2016/2/1 - 18:41:16] FLAG: Gifted/Script Added added flag Bien so xe (Credits) to Jackson Tin.
[2016/2/1 - 18:41:31] FLAG: Gifted/Script Added added flag Bien so xe (Credits) to Jackson Tin.
[2016/2/2 - 10:08:05] FLAG: Gifted/Script Added added flag Dich vu chuyen nha (Credits) to Kaito Phat.
[2016/2/2 - 10:34:18] FLAG: Gifted/Script Added added flag Free House (Gift) to Mafia John.
[2016/2/2 - 10:41:54] FLAG: Gifted/Script Added added flag Dich vu Mua nha (Credits) to Nguyen Huy.
[2016/2/2 - 11:36:17] FLAG: Gifted/Script Added added flag Dich vu thay doi noi that nha (Credits) to Carlos SlimHelu.
[2016/2/2 - 11:44:50] FLAG: Gifted/Script Added added flag Bien so xe (Credits) to Charlie Puth.
[2016/2/2 - 12:28:01] FLAG: Gifted/Script Added added flag Dich vu Mua nha (Credits) to Dat Gumi.
[2016/2/2 - 13:16:23] FLAG: Gifted/Script Added added flag Bien so xe (Credits) to David Money.
[2016/2/2 - 13:42:57] FLAG: Gifted/Script Added added flag Free House (Gift) to Bay Stone.
[2016/2/2 - 14:00:34] FLAG: Gifted/Script Added added flag Dich vu Mua nha (Credits) to Viis Bao.
[2016/2/2 - 14:29:31] FLAG: Gifted/Script Added added flag Dynamic Gift Box: 7 Day Silver VIP to David Xuyen.
[2016/2/2 - 14:30:12] FLAG: Gifted/Script Added added flag Dynamic Gift Box: 7 Day Silver VIP to David Xuyen.
[2016/2/2 - 14:31:30] FLAG: Gifted/Script Added added flag Dynamic Gift Box: 7 Day Silver VIP to Old Wilward.
[2016/2/2 - 14:31:45] FLAG: Gifted/Script Added added flag Dynamic Gift Box: 7 Day Silver VIP to New Kingz.
[2016/2/2 - 14:31:54] FLAG: Gifted/Script Added added flag Dynamic Gift Box: 7 Day Gold VIP to David Xuyen.
[2016/2/2 - 14:32:44] FLAG: Gifted/Script Added added flag Dynamic Gift Box: 7 Day Gold VIP to David Xuyen.
[2016/2/2 - 14:32:46] FLAG: Gifted/Script Added added flag Dynamic Gift Box: 7 Day Gold VIP to Old Wilward.
[2016/2/2 - 14:33:09] FLAG: Gifted/Script Added added flag Dynamic Gift Box: 7 Day Gold VIP to Old Wilward.
[2016/2/2 - 14:35:53] FLAG: Gifted/Script Added added flag Dynamic Gift Box: 7 Day Silver VIP to IS Vila.
[2016/2/2 - 14:36:14] FLAG: Gifted/Script Added added flag Dynamic Gift Box: 7 Day Gold VIP to IS Vila.
[2016/2/2 - 14:39:01] FLAG: Gifted/Script Added added flag Dynamic Gift Box: 7 ngay dung Gold VIP to Old Wilward.
[2016/2/2 - 14:43:38] FLAG: Gifted/Script Added added flag Dynamic Gift Box: 7 Day Gold VIP to Jack Gambits.
[2016/2/2 - 14:45:37] FLAG: Gifted/Script Added added flag Dynamic Gift Box: 7 Day Gold VIP to Jack Gambits.
[2016/2/2 - 14:45:39] FLAG: Gifted/Script Added added flag Dynamic Gift Box: 7 Day Gold VIP to Jack Gambits.
[2016/2/2 - 14:49:53] FLAG: Gifted/Script Added added flag Dynamic Gift Box: 7 ngay dung Silver VIP to IS Vila.
[2016/2/2 - 14:52:24] FLAG: Gifted/Script Added added flag Dynamic Gift Box: 7 Day Gold VIP to Dominich Robert.
[2016/2/2 - 14:58:05] FLAG: Gifted/Script Added added flag Dich vu Mua nha (Credits) to Japan Stephen.
[2016/2/2 - 15:08:47] FLAG: Gifted/Script Added added flag Dynamic Gift Box: 7 Day Silver VIP to Ray Star.
[2016/2/2 - 15:11:58] FLAG: Gifted/Script Added added flag Dynamic Gift Box: 7 Day Silver VIP to Ray Star.
[2016/2/2 - 15:15:08] FLAG: Gifted/Script Added added flag Dynamic Gift Box: 7 Day Gold VIP to Old Renko.
[2016/2/2 - 15:16:42] FLAG: Gifted/Script Added added flag Dynamic Gift Box: 7 Day Gold VIP to Ray Star.
[2016/2/2 - 15:26:48] FLAG: Gifted/Script Added added flag Dynamic Gift Box: 7 Day Gold VIP to Ray Star.
[2016/2/2 - 15:29:49] FLAG: Gifted/Script Added added flag Dynamic Gift Box: 7 Day Gold VIP to Old Robert.
[2016/2/2 - 15:35:02] FLAG: Gifted/Script Added added flag Dynamic Gift Box: 7 ngay dung Silver VIP to Ray Star.
[2016/2/2 - 15:36:19] FLAG: Gifted/Script Added added flag Dynamic Gift Box: 7 Day Silver VIP to Old Robert.
[2016/2/2 - 15:36:35] FLAG: Gifted/Script Added added flag Dynamic Gift Box: 7 ngay dung Silver VIP to Old Robert.
[2016/2/2 - 16:02:50] FLAG: Gifted/Script Added added flag Dich vu Mua nha (Credits) to Nam Sit.
[2016/2/2 - 16:11:59] FLAG: Gifted/Script Added added flag Dynamic Gift Box: 7 ngay dung Gold VIP to Ku Gaming.
[2016/2/2 - 16:25:11] FLAG: Gifted/Script Added added flag Dynamic Gift Box: 7 Day Silver VIP to Anhh Nho.
[2016/2/2 - 16:31:14] FLAG: Gifted/Script Added added flag Dich vu Mua nha (Credits) to Judy Won.
[2016/2/2 - 16:37:56] FLAG: Gifted/Script Added added flag Bien so xe (Credits) to Nam Sit.
[2016/2/2 - 17:29:01] FLAG: Gifted/Script Added added flag Dynamic Gift Box: 7 Day Gold VIP to zzz tims.
[2016/2/2 - 17:33:03] FLAG: Gifted/Script Added added flag Dynamic Gift Box: 7 Day Silver VIP to Dau Quan Dit Bu.
[2016/2/2 - 17:54:55] FLAG: Gifted/Script Added added flag Dynamic Gift Box: 7 ngay dung Silver VIP to Cong An Phuong.
[2016/2/2 - 18:35:57] FLAG: Gifted/Script Added added flag Dynamic Gift Box: 7 Day Silver VIP to Nguyen LanAnh.
[2016/2/2 - 20:07:35] FLAG: Gifted/Script Added added flag Dich vu Mua nha (Credits) to Thang ta.
[2016/2/3 - 8:08:07] FLAG: Gifted/Script Added added flag Dich vu Mua nha (Credits) to Brian A Sun.
[2016/2/3 - 9:36:37] FLAG: Gifted/Script Added added flag Dich vu thay doi noi that nha (Credits) to Mia khung.
[2016/2/3 - 10:27:57] FLAG: Gifted/Script Added added flag Bien so xe (Credits) to Nathan Erwin.
[2016/2/3 - 11:19:18] FLAG: Gifted/Script Added added flag Free House (Gift) to Mafia Winter.
[2016/2/3 - 12:40:17] FLAG: Gifted/Script Added added flag Dich vu Mua nha (Credits) to Vy ChyDai.
[2016/2/3 - 12:44:48] FLAG: Gifted/Script Added added flag Dich vu Mua nha (Credits) to VH Xubin.
[2016/2/3 - 13:19:23] FLAG: Gifted/Script Added added flag Dich vu Mua nha (Credits) to Truong Anythous.
[2016/2/3 - 14:38:01] FLAG: Gifted/Script Added added flag Dynamic Gift Box: 7 Day Gold VIP to Tran Thuy Hoang.
[2016/2/3 - 14:39:45] FLAG: Gifted/Script Added added flag Dynamic Gift Box: 7 Day Gold VIP to AvenGers Tuan.
[2016/2/3 - 14:39:50] FLAG: Gifted/Script Added added flag Dynamic Gift Box: 7 Day Gold VIP to ETF Devils.
[2016/2/3 - 14:43:42] FLAG: Gifted/Script Added added flag Dynamic Gift Box: 7 Day Gold VIP to ETF Devil.
[2016/2/3 - 14:50:00] FLAG: Gifted/Script Added added flag Dynamic Gift Box: 7 Day Gold VIP to David Vila.
[2016/2/3 - 14:51:40] FLAG: Gifted/Script Added added flag Dynamic Gift Box: 7 Day Gold VIP to Ken Chias.
[2016/2/3 - 14:51:48] FLAG: Gifted/Script Added added flag Dynamic Gift Box: 7 ngay dung Gold VIP to Ken Chias.
[2016/2/3 - 14:51:59] FLAG: Gifted/Script Added added flag Dynamic Gift Box: 7 Day Silver VIP to Ken Chias.
[2016/2/3 - 14:52:31] FLAG: Gifted/Script Added added flag Dynamic Gift Box: 7 Day Silver VIP to Ken Chias.
[2016/2/3 - 14:56:53] FLAG: Gifted/Script Added added flag Dynamic Gift Box: 7 ngay dung Silver VIP to Micheal Sang.
[2016/2/3 - 14:59:23] FLAG: Gifted/Script Added added flag Dynamic Gift Box: 7 ngay dung Silver VIP to Boy Hardy.
[2016/2/3 - 15:05:18] FLAG: Gifted/Script Added added flag Dynamic Gift Box: 7 Day Gold VIP to Boy Hardy.
[2016/2/3 - 15:13:45] FLAG: Gifted/Script Added added flag Dynamic Gift Box: 7 Day Gold VIP to SG Hades.
[2016/2/3 - 15:14:31] FLAG: Gifted/Script Added added flag Dynamic Gift Box: 7 Day Silver VIP to SG Hades.
[2016/2/3 - 15:15:26] FLAG: Gifted/Script Added added flag Dynamic Gift Box: 7 ngay dung Gold VIP to SG Hades.
[2016/2/3 - 15:15:34] FLAG: Gifted/Script Added added flag Dynamic Gift Box: 7 ngay dung Silver VIP to SG Hades.
[2016/2/3 - 15:27:07] FLAG: Gifted/Script Added added flag Free House (Gift) to Alpas Mario.
[2016/2/3 - 15:42:27] FLAG: Gifted/Script Added added flag Free House (Gift) to Old Dog.
[2016/2/3 - 15:42:33] FLAG: Gifted/Script Added added flag Free House (Gift) to Hai Cau.
[2016/2/3 - 15:55:25] FLAG: Gifted/Script Added added flag Free House (Gift) to Uzimaki Naruto.
[2016/2/3 - 15:57:30] FLAG: Gifted/Script Added added flag Dich vu Mua nha (Credits) to Danh Los.
[2016/2/3 - 16:03:18] FLAG: Gifted/Script Added added flag Dich vu Mua nha (Credits) to Quoc Dong.
[2016/2/3 - 16:04:23] FLAG: Gifted/Script Added added flag Dich vu Mua nha (Credits) to Quoc Dong.
[2016/2/3 - 16:14:38] FLAG: Gifted/Script Added added flag Dich vu Mua nha (Credits) to Kelvin Teld.
[2016/2/3 - 16:15:14] FLAG: Gifted/Script Added added flag Dich vu Mua nha (Credits) to Cad Milk.
[2016/2/3 - 16:30:16] FLAG: Gifted/Script Added added flag Free House (Gift) to Mean Lipe.
[2016/2/3 - 16:30:39] FLAG: Gifted/Script Added added flag Dich vu Mua nha (Credits) to Hai Cau.
[2016/2/3 - 16:47:33] FLAG: Gifted/Script Added added flag Garage - Cuc to (VW: 1) to Chaly Doremon.
[2016/2/3 - 17:32:35] FLAG: Gifted/Script Added added flag Dynamic Gift Box: 7 ngay dung Silver VIP to SG Hades.
[2016/2/3 - 17:32:46] FLAG: Gifted/Script Added added flag Dynamic Gift Box: 7 Day Silver VIP to SG Hades.
[2016/2/3 - 17:33:49] FLAG: Gifted/Script Added added flag Dynamic Gift Box: 7 ngay dung Gold VIP to Bet Stom.
[2016/2/3 - 17:34:12] FLAG: Gifted/Script Added added flag Dynamic Gift Box: 7 Day Gold VIP to Huy Pirates.
[2016/2/3 - 17:34:51] FLAG: Gifted/Script Added added flag Dynamic Gift Box: 7 Day Silver VIP to Hai Cau.
[2016/2/3 - 17:34:57] FLAG: Gifted/Script Added added flag Dynamic Gift Box: 7 Day Gold VIP to Hai Cau.
[2016/2/3 - 17:35:13] FLAG: Gifted/Script Added added flag Dynamic Gift Box: 7 Day Silver VIP to Phi Pirates.
[2016/2/3 - 17:36:37] FLAG: Gifted/Script Added added flag Dynamic Gift Box: 7 Day Silver VIP to Bay Stone.
[2016/2/3 - 17:37:47] FLAG: Gifted/Script Added added flag Dynamic Gift Box: 7 Day Gold VIP to Bay Stone.
[2016/2/3 - 17:38:03] FLAG: Gifted/Script Added added flag Dynamic Gift Box: 7 ngay dung Gold VIP to SG Hades.
[2016/2/3 - 17:39:14] FLAG: Gifted/Script Added added flag Dynamic Gift Box: 7 Day Gold VIP to Bay Stone.
[2016/2/3 - 17:39:23] FLAG: Gifted/Script Added added flag Dynamic Gift Box: 7 Day Gold VIP to Phii Pirates.
[2016/2/3 - 17:39:35] FLAG: Gifted/Script Added added flag Dynamic Gift Box: 7 Day Gold VIP to SG Hades.
[2016/2/3 - 17:40:11] FLAG: Gifted/Script Added added flag Dynamic Gift Box: 7 Day Gold VIP to SG Hades.
[2016/2/3 - 17:40:57] FLAG: Gifted/Script Added added flag Dynamic Gift Box: 7 Day Silver VIP to SG Hades.
[2016/2/3 - 17:41:21] FLAG: Gifted/Script Added added flag Dynamic Gift Box: 7 Day Gold VIP to Danh animation.
[2016/2/3 - 17:41:40] FLAG: Gifted/Script Added added flag Dynamic Gift Box: 7 Day Silver VIP to Bin Hardy.
[2016/2/3 - 17:41:53] FLAG: Gifted/Script Added added flag Dynamic Gift Box: 7 Day Silver VIP to Danh animation.
[2016/2/3 - 17:42:03] FLAG: Gifted/Script Added added flag Dynamic Gift Box: 7 ngay dung Silver VIP to Thanhh Pirates.
[2016/2/3 - 17:42:39] FLAG: Gifted/Script Added added flag Dynamic Gift Box: 7 Day Silver VIP to NhanPham Animation.
[2016/2/3 - 17:43:43] FLAG: Gifted/Script Added added flag Dynamic Gift Box: 7 ngay dung Gold VIP to Hai Cau.
[2016/2/3 - 17:46:12] FLAG: Gifted/Script Added added flag Dynamic Gift Box: 7 Day Silver VIP to NhanPham Animation.
[2016/2/3 - 17:46:19] FLAG: Gifted/Script Added added flag Dynamic Gift Box: 7 ngay dung Silver VIP to SG Hades.
[2016/2/3 - 17:46:21] FLAG: Gifted/Script Added added flag Dynamic Gift Box: 7 Day Gold VIP to SG Hades.
[2016/2/3 - 17:46:45] FLAG: Gifted/Script Added added flag Dynamic Gift Box: 7 Day Gold VIP to SG Hades.
[2016/2/3 - 17:51:00] FLAG: Gifted/Script Added added flag Dynamic Gift Box: 7 Day Gold VIP to NhanPham Animation.
[2016/2/3 - 17:52:12] FLAG: Gifted/Script Added added flag Dich vu Mua nha (Credits) to Peter Bon.
[2016/2/3 - 18:55:54] FLAG: Gifted/Script Added added flag Dich vu Mua nha (Credits) to DaiCa Pirates.
[2016/2/3 - 19:26:40] FLAG: Gifted/Script Added added flag Dynamic Gift Box: 7 Day Silver VIP to NguyenThi HuynhThi.
[2016/2/3 - 19:27:27] FLAG: Gifted/Script Added added flag Dynamic Gift Box: 7 Day Gold VIP to Quoc Dong.
[2016/2/3 - 19:29:00] FLAG: Gifted/Script Added added flag Dynamic Gift Box: 7 ngay dung Silver VIP to Boy Hardy.
[2016/2/3 - 19:29:20] FLAG: Gifted/Script Added added flag Dynamic Gift Box: 7 Day Gold VIP to Avengers Nghia.
[2016/2/3 - 19:30:27] FLAG: Gifted/Script Added added flag Dynamic Gift Box: 7 Day Silver VIP to Jack Gambit.
[2016/2/3 - 19:31:50] FLAG: Gifted/Script Added added flag Dynamic Gift Box: 7 Day Silver VIP to Haobo So.
[2016/2/3 - 19:31:54] FLAG: Gifted/Script Added added flag Dynamic Gift Box: 7 Day Silver VIP to Huynh Cuong.
[2016/2/3 - 19:31:55] FLAG: Gifted/Script Added added flag Dynamic Gift Box: 7 Day Silver VIP to Exciter Do.
[2016/2/3 - 19:32:23] FLAG: Gifted/Script Added added flag Dynamic Gift Box: 7 Day Gold VIP to Haobo So.
[2016/2/3 - 19:35:09] FLAG: Gifted/Script Added added flag Dynamic Gift Box: 7 Day Silver VIP to Fima Rik.
[2016/2/3 - 19:35:49] FLAG: Gifted/Script Added added flag Dynamic Gift Box: 7 ngay dung Gold VIP to Boy Hardy.
[2016/2/3 - 19:37:25] FLAG: Gifted/Script Added added flag Dynamic Gift Box: 7 Day Silver VIP to Boy Hardy.
[2016/2/3 - 19:37:26] FLAG: Gifted/Script Added added flag Dynamic Gift Box: 7 ngay dung Gold VIP to Anonymos Ms.
[2016/2/3 - 19:37:30] FLAG: Gifted/Script Added added flag Dynamic Gift Box: 7 Day Silver VIP to Boy Hardy.
[2016/2/3 - 19:37:53] FLAG: Gifted/Script Added added flag Dynamic Gift Box: 7 Day Gold VIP to Dit Me.
[2016/2/3 - 19:38:53] FLAG: Gifted/Script Added added flag Dynamic Gift Box: 7 ngay dung Gold VIP to Young Alista.
[2016/2/3 - 19:45:16] FLAG: Gifted/Script Added added flag Dynamic Gift Box: 7 Day Gold VIP to David Tien.
[2016/2/3 - 19:45:57] FLAG: Gifted/Script Added added flag Dynamic Gift Box: 7 Day Silver VIP to Sinjwar Corank.
[2016/2/3 - 19:46:43] FLAG: Gifted/Script Added added flag Dynamic Gift Box: 7 ngay dung Gold VIP to Thomas Data.
[2016/2/3 - 19:47:38] FLAG: Gifted/Script Added added flag Dynamic Gift Box: 7 Day Silver VIP to Nathan Erwin.
[2016/2/3 - 19:47:58] FLAG: Gifted/Script Added added flag Dynamic Gift Box: 7 ngay dung Gold VIP to Sinjwar Corank.
[2016/2/3 - 19:47:59] FLAG: Gifted/Script Added added flag Free House (Gift) to Phong Goodboy.
[2016/2/3 - 19:48:00] FLAG: Gifted/Script Added added flag Free House (Gift) to An Beo.
[2016/2/3 - 19:48:01] FLAG: Gifted/Script Added added flag Free House (Gift) to EVO Shark.
[2016/2/3 - 19:48:01] FLAG: Gifted/Script Added added flag Free House (Gift) to Pirates Zenzo.
[2016/2/3 - 19:48:01] FLAG: Gifted/Script Added added flag Free House (Gift) to Office Yuri.
[2016/2/3 - 19:49:00] FLAG: Gifted/Script Added added flag Dynamic Gift Box: 7 Day Silver VIP to Sweet Everlasting.
[2016/2/3 - 19:54:07] FLAG: Gifted/Script Added added flag Dynamic Gift Box: 7 Day Gold VIP to Nam Hardy.
[2016/2/3 - 19:54:28] FLAG: Gifted/Script Added added flag Dynamic Gift Box: 7 ngay dung Silver VIP to Nam Hardy.
[2016/2/3 - 19:54:38] FLAG: Gifted/Script Added added flag Dynamic Gift Box: 7 Day Silver VIP to Nam Hardy.
[2016/2/3 - 19:55:10] FLAG: Gifted/Script Added added flag Dynamic Gift Box: 7 ngay dung Gold VIP to Pirates Zenzoo.
[2016/2/3 - 19:55:17] FLAG: Gifted/Script Added added flag Dynamic Gift Box: 7 Day Gold VIP to Quan Pirates.
[2016/2/3 - 19:55:29] FLAG: Gifted/Script Added added flag Dynamic Gift Box: 7 ngay dung Silver VIP to David Trot.
[2016/2/3 - 19:57:20] FLAG: Gifted/Script Added added flag Dich vu Mua nha (Credits) to Sweet Everlasting.
[2016/2/3 - 20:04:28] FLAG: Gifted/Script Added added flag Free House (Gift) to Nathan Erwin.
[2016/2/3 - 20:05:31] FLAG: Gifted/Script Added added flag Dich vu thay doi noi that nha (Credits) to David Ga.
[2016/2/3 - 20:44:27] FLAG: Gifted/Script Added added flag Dynamic Gift Box: 7 ngay dung Silver VIP to Natt Hardy.
[2016/2/3 - 20:44:29] FLAG: Gifted/Script Added added flag Dynamic Gift Box: 7 Day Silver VIP to Natt Hardy.
[2016/2/3 - 20:44:45] FLAG: Gifted/Script Added added flag Dynamic Gift Box: 7 Day Silver VIP to Natt Hardy.
[2016/2/3 - 20:45:16] FLAG: Gifted/Script Added added flag Dynamic Gift Box: 7 Day Silver VIP to Boy Hardy.
[2016/2/3 - 20:45:42] FLAG: Gifted/Script Added added flag Dynamic Gift Box: 7 Day Silver VIP to HaiBo Animation.
[2016/2/3 - 20:45:44] FLAG: Gifted/Script Added added flag Dynamic Gift Box: 7 Day Silver VIP to HaiBo Animation.
[2016/2/3 - 20:45:59] FLAG: Gifted/Script Added added flag Dynamic Gift Box: 7 Day Gold VIP to Jin DeadEye.
[2016/2/3 - 20:46:22] FLAG: Gifted/Script Added added flag Dynamic Gift Box: 7 ngay dung Gold VIP to HaiBo Animation.
[2016/2/3 - 20:46:57] FLAG: Gifted/Script Added added flag Dynamic Gift Box: 7 Day Silver VIP to Boy Hardy.
[2016/2/3 - 20:47:31] FLAG: Gifted/Script Added added flag Dynamic Gift Box: 7 Day Gold VIP to Alexander Jachender.
[2016/2/3 - 20:56:40] FLAG: Gifted/Script Added added flag Special Prize (500000) to Jin DeadEye.
[2016/2/3 - 20:56:53] FLAG: Gifted/Script Added added flag Special Prize (800000) to Fll Bon.
[2016/2/3 - 20:56:57] FLAG: Gifted/Script Added added flag Special Prize (1000000) to Nam Hardy.
[2016/2/3 - 20:57:00] FLAG: Gifted/Script Added added flag Special Prize (600000) to Naruto.Yeu Hinata.
[2016/2/3 - 21:31:56] FLAG: Gifted/Script Added added flag Free House (Gift) to Dat Proa.
[2016/2/3 - 22:58:46] FLAG: Gifted/Script Added added flag Free House (Gift) to Dom Doma.
[2016/2/3 - 23:05:31] FLAG: Gifted/Script Added added flag Free House (Gift) to Dom BCD.
[2016/2/4 - 0:25:59] FLAG: Gifted/Script Added added flag Dich vu thay doi noi that nha (Credits) to Dumb Ding.
[2016/2/4 - 0:26:03] FLAG: Gifted/Script Added added flag Dich vu Mua nha (Credits) to Dumb Ding.
[2016/2/4 - 8:34:31] FLAG: Gifted/Script Added added flag Chuc may man lan sau (Gift) to Bin Hardy.
[2016/2/4 - 8:41:08] FLAG: Gifted/Script Added added flag Chuc may man lan sau (Gift) to AvenGers ADS.
[2016/2/4 - 8:42:46] FLAG: Gifted/Script Added added flag Chuc may man lan sau (Gift) to SG Hades.
[2016/2/4 - 10:12:42] FLAG: Gifted/Script Added added flag Dynamic Gift Box: 7 Day Silver VIP to xDragon Truong.
[2016/2/4 - 10:13:42] FLAG: Gifted/Script Added added flag Dynamic Gift Box: 7 Day Gold VIP to SG Hades.
[2016/2/4 - 10:14:49] FLAG: Gifted/Script Added added flag Dynamic Gift Box: 7 Day Gold VIP to Natt Hardy.
[2016/2/4 - 10:15:43] FLAG: Gifted/Script Added added flag Dich vu Mua nha (Credits) to akira tung.
[2016/2/4 - 10:29:06] FLAG: Gifted/Script Added added flag Dich vu Mua nha (Credits) to phat Ghost.
[2016/2/4 - 10:54:49] FLAG: Gifted/Script Added added flag Dynamic Gift Box: 7 Day Silver VIP to Hem Salem.
[2016/2/4 - 10:55:11] FLAG: Gifted/Script Added added flag Dynamic Gift Box: 7 Day Silver VIP to Hem Salem.
[2016/2/4 - 10:55:44] FLAG: Gifted/Script Added added flag Dynamic Gift Box: 7 Day Gold VIP to Hem Salem.
[2016/2/4 - 10:56:54] FLAG: Gifted/Script Added added flag Dynamic Gift Box: 7 Day Silver VIP to Hem Salem.
[2016/2/4 - 11:10:11] FLAG: Gifted/Script Added added flag Dynamic Gift Box: 7 Day Silver VIP to Sico Las.
[2016/2/4 - 11:22:30] FLAG: Gifted/Script Added added flag Dynamic Gift Box: 7 Day Silver VIP to LiLi Xixi.
[2016/2/4 - 11:29:40] FLAG: Gifted/Script Added added flag Dynamic Gift Box: 7 Day Gold VIP to laolao lala.
[2016/2/4 - 11:49:41] FLAG: Gifted/Script Added added flag Dynamic Gift Box: 7 ngay dung Silver VIP to SG Hades.
[2016/2/4 - 11:49:47] FLAG: Gifted/Script Added added flag Dynamic Gift Box: 7 Day Silver VIP to SG Hades.
[2016/2/4 - 11:50:34] FLAG: Gifted/Script Added added flag Dynamic Gift Box: 7 Day Silver VIP to SG Hades.
[2016/2/4 - 11:59:55] FLAG: Gifted/Script Added added flag Dynamic Gift Box: 7 Day Gold VIP to Ivan Hardwell.
[2016/2/4 - 13:29:45] FLAG: Gifted/Script Added added flag Dynamic Gift Box: 7 Day Gold VIP to Uchiha Itachi.
[2016/2/4 - 13:31:02] FLAG: Gifted/Script Added added flag Dynamic Gift Box: 7 Day Silver VIP to Huynh Cuong.
[2016/2/4 - 13:31:18] FLAG: Gifted/Script Added added flag Dynamic Gift Box: 7 Day Silver VIP to Khong CamXuc.
[2016/2/4 - 13:31:24] FLAG: Gifted/Script Added added flag Dynamic Gift Box: 7 Day Silver VIP to Ben Star.
[2016/2/4 - 13:31:55] FLAG: Gifted/Script Added added flag Dynamic Gift Box: 7 Day Silver VIP to Boy Hardy.
[2016/2/4 - 13:31:58] FLAG: Gifted/Script Added added flag Dynamic Gift Box: 7 Day Gold VIP to Phuc LiOn.
[2016/2/4 - 13:33:25] FLAG: Gifted/Script Added added flag Dynamic Gift Box: 7 Day Silver VIP to Boy Hardy.
[2016/2/4 - 13:34:19] FLAG: Gifted/Script Added added flag Dynamic Gift Box: 7 Day Gold VIP to Boy Hardy.
[2016/2/4 - 13:34:31] FLAG: Gifted/Script Added added flag Dynamic Gift Box: 7 Day Gold VIP to Boy Hardy.
[2016/2/4 - 13:34:37] FLAG: Gifted/Script Added added flag Dynamic Gift Box: 7 Day Gold VIP to Boy Hardy.
[2016/2/4 - 13:34:44] FLAG: Gifted/Script Added added flag Dynamic Gift Box: 7 Day Gold VIP to Boy Hardy.
[2016/2/4 - 13:35:01] FLAG: Gifted/Script Added added flag Dynamic Gift Box: 7 Day Silver VIP to Boy Hardy.
[2016/2/4 - 13:37:22] FLAG: Gifted/Script Added added flag Dynamic Gift Box: 7 Day Gold VIP to Sinjwar Roranks.
[2016/2/4 - 13:37:26] FLAG: Gifted/Script Added added flag Dynamic Gift Box: 7 Day Gold VIP to Boy Hardy.
[2016/2/4 - 13:37:34] FLAG: Gifted/Script Added added flag Dynamic Gift Box: 7 Day Silver VIP to SG Hades.
[2016/2/4 - 13:37:42] FLAG: Gifted/Script Added added flag Dynamic Gift Box: 7 Day Gold VIP to Tuan Nguyen.
[2016/2/4 - 13:37:49] FLAG: Gifted/Script Added added flag Dynamic Gift Box: 7 Day Gold VIP to Boy Hardy.
[2016/2/4 - 13:39:04] FLAG: Gifted/Script Added added flag Dynamic Gift Box: 7 Day Gold VIP to Boy Hardy.
[2016/2/4 - 13:40:41] FLAG: Gifted/Script Added added flag Dynamic Gift Box: 7 Day Silver VIP to Huynh Cuong.
[2016/2/4 - 13:41:26] FLAG: Gifted/Script Added added flag Dynamic Gift Box: 7 Day Gold VIP to Huynh Cuong.
[2016/2/4 - 13:41:47] FLAG: Gifted/Script Added added flag Dynamic Gift Box: 7 Day Gold VIP to Pro Proa.
[2016/2/4 - 13:41:48] FLAG: Gifted/Script Added added flag Dynamic Gift Box: 7 Day Silver VIP to Huynh Cuong.
[2016/2/4 - 13:50:59] FLAG: Gifted/Script Added added flag Dynamic Gift Box: 7 Day Silver VIP to Tuan Nguyen.
[2016/2/4 - 14:01:46] FLAG: Gifted/Script Added added flag Dynamic Gift Box: 7 ngay dung Gold VIP to Saito A.
[2016/2/4 - 14:01:48] FLAG: Gifted/Script Added added flag Dynamic Gift Box: 7 Day Silver VIP to Saito A.
[2016/2/4 - 14:02:13] FLAG: Gifted/Script Added added flag Dynamic Gift Box: 7 Day Gold VIP to MaJor Ghost.
[2016/2/4 - 14:02:39] FLAG: Gifted/Script Added added flag Dynamic Gift Box: 7 Day Gold VIP to Saito A.
[2016/2/4 - 14:02:56] FLAG: Gifted/Script Added added flag Dynamic Gift Box: 7 Day Gold VIP to rock lyy.
[2016/2/4 - 14:03:42] FLAG: Gifted/Script Added added flag Dynamic Gift Box: 7 Day Silver VIP to MaJor Ghost.
[2016/2/4 - 14:05:21] FLAG: Gifted/Script Added added flag Dynamic Gift Box: 7 ngay dung Gold VIP to MaJor Ghost.
[2016/2/4 - 14:07:24] FLAG: Gifted/Script Added added flag Dynamic Gift Box: 7 ngay dung Silver VIP to noi Dau vo bo.
[2016/2/4 - 14:07:44] FLAG: Gifted/Script Added added flag Dynamic Gift Box: 7 Day Gold VIP to truc nhan.
[2016/2/4 - 14:07:52] FLAG: Gifted/Script Added added flag Dynamic Gift Box: 7 Day Gold VIP to truc nhan.
[2016/2/4 - 14:10:55] FLAG: Gifted/Script Added added flag Dynamic Gift Box: 7 Day Gold VIP to Beo Lizz Nhoc.
[2016/2/4 - 14:11:53] FLAG: Gifted/Script Added added flag Dynamic Gift Box: 7 Day Gold VIP to ballas ManAa.
[2016/2/4 - 14:18:28] FLAG: Gifted/Script Added added flag Dynamic Gift Box: 7 Day Gold VIP to Boy smoke.
[2016/2/4 - 14:26:02] FLAG: Gifted/Script Added added flag Dynamic Gift Box: 7 ngay dung Gold VIP to Beo Nguyen.
[2016/2/4 - 14:27:12] FLAG: Gifted/Script Added added flag Dynamic Gift Box: 7 Day Gold VIP to Kirito Thors.
[2016/2/4 - 14:31:47] FLAG: Gifted/Script Added added flag Dynamic Gift Box: 7 Day Gold VIP to Trieu Cerberus.
[2016/2/4 - 14:31:49] FLAG: Gifted/Script Added added flag Dynamic Gift Box: 7 Day Gold VIP to MaJor Ghost.
[2016/2/4 - 14:33:45] FLAG: Gifted/Script Added added flag Dynamic Gift Box: 7 Day Silver VIP to War koa.
[2016/2/4 - 14:37:07] FLAG: Gifted/Script Added added flag Bien so xe (Credits) to Trieu Cerberus.
[2016/2/4 - 14:38:11] FLAG: Gifted/Script Added added flag Dynamic Gift Box: 7 Day Gold VIP to phat ghost.
[2016/2/4 - 14:38:43] FLAG: Gifted/Script Added added flag Dynamic Gift Box: 7 Day Silver VIP to phat ghost.
[2016/2/4 - 14:49:08] FLAG: Gifted/Script Added added flag Dich vu chuyen nha (Credits) to phat ghost.
[2016/2/4 - 14:49:13] FLAG: Gifted/Script Added added flag Dich vu thay doi noi that nha (Credits) to phat ghost.
[2016/2/4 - 15:37:00] FLAG: Gifted/Script Added added flag Dynamic Gift Box: 7 Day Gold VIP to Hidan Cerberus.
[2016/2/4 - 15:37:21] FLAG: Gifted/Script Added added flag Dynamic Gift Box: 7 Day Silver VIP to Boy Hardy.
[2016/2/4 - 15:37:35] FLAG: Gifted/Script Added added flag Dynamic Gift Box: 7 ngay dung Gold VIP to Alexander Jachender.
[2016/2/4 - 15:53:14] FLAG: Gifted/Script Added added flag Dynamic Gift Box: 7 Day Silver VIP to Huynh Cuong.
[2016/2/4 - 16:01:15] FLAG: Gifted/Script Added added flag Dynamic Gift Box: 7 ngay dung Silver VIP to Vuong khung.
[2016/2/4 - 16:12:18] FLAG: Gifted/Script Added added flag Dynamic Gift Box: 7 Day Silver VIP to MaJor Ghost.
[2016/2/4 - 16:12:36] FLAG: Gifted/Script Added added flag Dynamic Gift Box: 7 Day Silver VIP to MaJor Ghost.
[2016/2/4 - 16:12:55] FLAG: Gifted/Script Added added flag Dynamic Gift Box: 7 ngay dung Gold VIP to Bao Toan.
[2016/2/4 - 16:13:54] FLAG: Gifted/Script Added added flag Dynamic Gift Box: 7 ngay dung Silver VIP to Bao Toan.
[2016/2/4 - 16:26:37] FLAG: Gifted/Script Added added flag Bien so xe (Credits) to King T.
[2016/2/4 - 16:40:54] FLAG: Gifted/Script Added added flag Dynamic Gift Box: 7 Day Gold VIP to SG Hades.
[2016/2/4 - 16:41:37] FLAG: Gifted/Script Added added flag Dynamic Gift Box: 7 Day Silver VIP to Huynh Cuong.
[2016/2/4 - 16:42:34] FLAG: Gifted/Script Added added flag Dynamic Gift Box: 7 Day Gold VIP to Ship Hongs.
[2016/2/4 - 16:42:45] FLAG: Gifted/Script Added added flag Dynamic Gift Box: 7 Day Silver VIP to Ship hong.
[2016/2/4 - 16:44:04] FLAG: Gifted/Script Added added flag Dynamic Gift Box: 7 ngay dung Gold VIP to Vo Thanh Hoa.
[2016/2/4 - 16:45:01] FLAG: Gifted/Script Added added flag Dynamic Gift Box: 7 Day Gold VIP to Vo Thanh Hoa.
[2016/2/4 - 16:45:25] FLAG: Gifted/Script Added added flag Dynamic Gift Box: 7 Day Silver VIP to Gouda Takeo.
[2016/2/4 - 16:46:23] FLAG: Gifted/Script Added added flag Dynamic Gift Box: 7 Day Gold VIP to Sheigo Edward.
[2016/2/4 - 16:46:37] FLAG: Gifted/Script Added added flag Dynamic Gift Box: 7 Day Silver VIP to Sheigo Edward.
[2016/2/4 - 16:46:58] FLAG: Gifted/Script Added added flag Dynamic Gift Box: 7 Day Silver VIP to Cao Gia.
[2016/2/4 - 16:50:09] FLAG: Gifted/Script Added added flag Dynamic Gift Box: 7 Day Silver VIP to Exciter Trinh.
[2016/2/4 - 16:50:13] FLAG: Gifted/Script Added added flag Dynamic Gift Box: 7 Day Silver VIP to Exciter Trinh.
[2016/2/4 - 16:54:20] FLAG: Gifted/Script Added added flag Dynamic Gift Box: 7 Day Gold VIP to Exciter Trinh.
[2016/2/4 - 16:54:56] FLAG: Gifted/Script Added added flag Dynamic Gift Box: 7 Day Silver VIP to Tao Trum.
[2016/2/4 - 16:56:24] FLAG: Gifted/Script Added added flag Dynamic Gift Box: 7 Day Gold VIP to Ship Hongsss.
[2016/2/4 - 16:56:36] FLAG: Gifted/Script Added added flag Dynamic Gift Box: 7 Day Gold VIP to No Body.
[2016/2/4 - 16:57:37] FLAG: Gifted/Script Added added flag Dynamic Gift Box: 7 Day Silver VIP to Oa SD.
[2016/2/4 - 16:58:29] FLAG: Gifted/Script Added added flag Dynamic Gift Box: 7 Day Gold VIP to SG Hades.
[2016/2/4 - 16:59:44] FLAG: Gifted/Script Added added flag Dynamic Gift Box: 7 ngay dung Gold VIP to SG Hades.
[2016/2/4 - 16:59:50] FLAG: Gifted/Script Added added flag Dynamic Gift Box: 7 Day Gold VIP to Jon Trans.
[2016/2/4 - 18:27:12] FLAG: Gifted/Script Added added flag Chuc may man lan sau (Gift) to the sasuke.
[2016/2/4 - 18:40:33] FLAG: Gifted/Script Added added flag Dynamic Gift Box: 7 Day Gold VIP to Micheal Sang.
[2016/2/4 - 18:40:47] FLAG: Gifted/Script Added added flag Dynamic Gift Box: 7 ngay dung Gold VIP to Tram ZoTinh.
[2016/2/4 - 18:41:41] FLAG: Gifted/Script Added added flag Dynamic Gift Box: 7 Day Silver VIP to Micheal Sang.
[2016/2/4 - 18:43:11] FLAG: Gifted/Script Added added flag Dynamic Gift Box: 7 ngay dung Gold VIP to xBoss Toganx.
[2016/2/4 - 19:00:53] FLAG: Gifted/Script Added added flag Dynamic Gift Box: 7 Day Silver VIP to Micheal Bradley.
[2016/2/4 - 19:02:00] FLAG: Gifted/Script Added added flag Dynamic Gift Box: 7 Day Gold VIP to Thanh aes.
[2016/2/4 - 19:02:04] FLAG: Gifted/Script Added added flag Dynamic Gift Box: 7 ngay dung Silver VIP to Thanh aes.
[2016/2/4 - 19:02:38] FLAG: Gifted/Script Added added flag Dynamic Gift Box: 7 Day Silver VIP to MaJor Ghost.
[2016/2/4 - 19:41:19] FLAG: Gifted/Script Added added flag Dynamic Gift Box: 7 Day Silver VIP to William Steven.
[2016/2/4 - 19:42:51] FLAG: Gifted/Script Added added flag Dynamic Gift Box: 7 Day Silver VIP to Thanh Nam.
[2016/2/4 - 19:48:59] FLAG: Gifted/Script Added added flag Dynamic Gift Box: 7 ngay dung Silver VIP to xDragon Kaito.
[2016/2/4 - 19:50:05] FLAG: Gifted/Script Added added flag Dynamic Gift Box: 7 Day Silver VIP to Huy Hardy.
[2016/2/4 - 19:50:40] FLAG: Gifted/Script Added added flag Dynamic Gift Box: 7 ngay dung Gold VIP to khoa le.
[2016/2/4 - 19:50:48] FLAG: Gifted/Script Added added flag Dynamic Gift Box: 7 Day Gold VIP to Jack Hardy.
[2016/2/4 - 19:56:34] FLAG: Gifted/Script Added added flag Dynamic Gift Box: 7 Day Gold VIP to Office Yuri.
[2016/2/4 - 19:56:46] FLAG: Gifted/Script Added added flag Dynamic Gift Box: 7 ngay dung Gold VIP to Ray PemBerdw.
[2016/2/4 - 19:57:17] FLAG: Gifted/Script Added added flag Dynamic Gift Box: 7 Day Gold VIP to Ray PemBerdw.
[2016/2/4 - 19:58:39] FLAG: Gifted/Script Added added flag Dynamic Gift Box: 7 Day Gold VIP to Phong Goodboy.
[2016/2/4 - 20:00:03] FLAG: Gifted/Script Added added flag Dynamic Gift Box: 7 Day Gold VIP to Office Yuri.
[2016/2/4 - 20:00:04] FLAG: Gifted/Script Added added flag Dynamic Gift Box: 7 ngay dung Gold VIP to Hoanganh Long.
[2016/2/4 - 20:00:41] FLAG: Gifted/Script Added added flag Dynamic Gift Box: 7 Day Silver VIP to Office Yuri.
[2016/2/4 - 20:01:02] FLAG: Gifted/Script Added added flag Dynamic Gift Box: 7 Day Gold VIP to Pham Huu Lau.
[2016/2/4 - 20:03:23] FLAG: Gifted/Script Added added flag Dynamic Gift Box: 7 ngay dung Silver VIP to Mai Long.
[2016/2/4 - 20:03:28] FLAG: Gifted/Script Added added flag Dynamic Gift Box: 7 Day Silver VIP to Mai Long.
[2016/2/4 - 20:04:29] FLAG: Gifted/Script Added added flag Dynamic Gift Box: 7 Day Silver VIP to Hoanganh Lo.
[2016/2/4 - 20:31:22] FLAG: Gifted/Script Added added flag Dynamic Gift Box: 7 Day Silver VIP to Thang hays.
[2016/2/4 - 20:32:48] FLAG: Gifted/Script Added added flag Dynamic Gift Box: 7 Day Silver VIP to MR Manter.
[2016/2/4 - 20:33:40] FLAG: Gifted/Script Added added flag Dynamic Gift Box: 7 ngay dung Silver VIP to MR Manter.
[2016/2/4 - 20:34:12] FLAG: Gifted/Script Added added flag Dynamic Gift Box: 7 Day Gold VIP to Cute Pro.
[2016/2/4 - 20:40:53] FLAG: Gifted/Script Added added flag Dich vu chuyen nha (Credits) to PeTer Marshal.
[2016/2/4 - 21:06:10] FLAG: Gifted/Script Added added flag Dynamic Gift Box: 7 Day Silver VIP to Black Bloch.Akai.
[2016/2/4 - 21:26:25] FLAG: Gifted/Script Added added flag Dynamic Gift Box: 7 Day Silver VIP to Super Bon.
[2016/2/4 - 21:26:33] FLAG: Gifted/Script Added added flag Dynamic Gift Box: 7 Day Silver VIP to Mon Star.
[2016/2/4 - 21:26:58] FLAG: Gifted/Script Added added flag Dynamic Gift Box: 7 Day Gold VIP to Mon Star.
[2016/2/4 - 21:27:26] FLAG: Gifted/Script Added added flag Dynamic Gift Box: 7 ngay dung Gold VIP to Mon Star.
[2016/2/4 - 21:32:16] FLAG: Gifted/Script Added added flag Dynamic Gift Box: 7 Day Silver VIP to Mon Star.
[2016/2/4 - 21:32:55] FLAG: Gifted/Script Added added flag Dynamic Gift Box: 7 Day Gold VIP to Mon Star.
[2016/2/4 - 21:42:53] FLAG: Gifted/Script Added added flag Dynamic Gift Box: 7 Day Silver VIP to Traf hoanganh.
[2016/2/4 - 21:43:41] FLAG: Gifted/Script Added added flag Dynamic Gift Box: 7 Day Silver VIP to Traf hoanganh.
[2016/2/4 - 22:03:05] FLAG: Gifted/Script Added added flag Dich vu Mua nha (Credits) to Super Bon.
[2016/2/4 - 23:41:47] FLAG: Gifted/Script Added added flag Dynamic Gift Box: 7 Day Silver VIP to Ra diiii.
[2016/2/5 - 0:47:17] FLAG: Gifted/Script Added added flag Bien so xe (Credits) to Rossi Bell.
[2016/2/5 - 6:47:49] FLAG: Gifted/Script Added added flag Dich vu chuyen nha (Credits) to Tommy Lam.
[2016/2/5 - 7:22:09] FLAG: Gifted/Script Added added flag Dich vu Mua nha (Credits) to Rick Boom.
[2016/2/5 - 8:12:10] FLAG: Gifted/Script Added added flag Dynamic Gift Box: 7 ngay dung Silver VIP to Mafia Winter.
[2016/2/5 - 8:20:48] FLAG: Gifted/Script Added added flag Dynamic Gift Box: 7 Day Silver VIP to Nick.
[2016/2/5 - 8:22:26] FLAG: Gifted/Script Added added flag Dynamic Gift Box: 7 Day Silver VIP to Hai Face.
[2016/2/5 - 8:25:16] FLAG: Gifted/Script Added added flag Dynamic Gift Box: 7 Day Silver VIP to Hai Face.
[2016/2/5 - 8:33:25] FLAG: Gifted/Script Added added flag Dynamic Gift Box: 7 ngay dung Gold VIP to Phuong Thao.
[2016/2/5 - 9:10:37] FLAG: Gifted/Script Added added flag Dynamic Gift Box: 7 ngay dung Gold VIP to Kun USA.
[2016/2/5 - 9:20:37] FLAG: Gifted/Script Added added flag Dynamic Gift Box: 7 Day Silver VIP to Captain SOap.
[2016/2/5 - 13:58:23] FLAG: Gifted/Script Added added flag Chuc may man lan sau (Gift) to Rossi Bell.
[2016/2/5 - 13:58:25] FLAG: Gifted/Script Added added flag Chuc may man lan sau (Gift) to Phong Goodboy.
[2016/2/5 - 14:20:45] FLAG: Gifted/Script Added added flag Chuc may man lan sau (Gift) to Bin hihi.
[2016/2/5 - 14:30:38] FLAG: Gifted/Script Added added flag Dynamic Gift Box: 7 Day Silver VIP to Kio Sotuna.
[2016/2/5 - 14:40:55] FLAG: Gifted/Script Added added flag Dynamic Gift Box: 7 Day Gold VIP to Evil Mafia.
[2016/2/5 - 14:44:50] FLAG: Gifted/Script Added added flag Dynamic Gift Box: 7 Day Gold VIP to OngTrum Mafia.
[2016/2/5 - 14:45:25] FLAG: Gifted/Script Added added flag Dynamic Gift Box: 7 Day Gold VIP to OngTrum Mafia.
[2016/2/5 - 14:45:37] FLAG: Gifted/Script Added added flag Dynamic Gift Box: 7 Day Silver VIP to Thang love.
[2016/2/5 - 14:45:54] FLAG: Gifted/Script Added added flag Dynamic Gift Box: 7 Day Gold VIP to Dat LaTaos.
[2016/2/5 - 15:08:22] FLAG: Gifted/Script Added added flag Dynamic Gift Box: 7 Day Silver VIP to Mia khung.
[2016/2/5 - 15:13:49] FLAG: Gifted/Script Added added flag Dynamic Gift Box: 7 Day Silver VIP to Nobi Hardy.
[2016/2/5 - 15:28:37] FLAG: Gifted/Script Added added flag Dynamic Gift Box: 7 Day Silver VIP to Thang hacker.
[2016/2/5 - 15:29:10] FLAG: Gifted/Script Added added flag Dynamic Gift Box: 7 Day Gold VIP to Thang hacker.
[2016/2/5 - 16:28:41] FLAG: Gifted/Script Added added flag Dynamic Gift Box: 7 Day Silver VIP to Darcy Bradley.
[2016/2/5 - 16:30:27] FLAG: Gifted/Script Added added flag Dich vu thay doi noi that nha (Credits) to one topp.
[2016/2/5 - 16:30:47] FLAG: Gifted/Script Added added flag Dynamic Gift Box: 7 Day Silver VIP to Phu hao.
[2016/2/5 - 16:36:57] FLAG: Gifted/Script Added added flag Dynamic Gift Box: 7 Day Gold VIP to Sieu Nhan Xanh.
[2016/2/5 - 16:37:01] FLAG: Gifted/Script Added added flag Dynamic Gift Box: 7 Day Gold VIP to Sieu Nhan Do.
[2016/2/5 - 17:15:17] FLAG: Gifted/Script Added added flag Dynamic Gift Box: 7 Day Gold VIP to Chi Sine.
[2016/2/5 - 17:28:49] FLAG: Gifted/Script Added added flag Dynamic Gift Box: 7 Day Silver VIP to Bet Stom.
[2016/2/5 - 18:52:00] FLAG: Gifted/Script Added added flag Dynamic Gift Box: 7 Day Silver VIP to Aww C.
[2016/2/5 - 19:05:34] FLAG: Gifted/Script Added added flag Dynamic Gift Box: 7 Day Gold VIP to Anonymous Hacke.
[2016/2/5 - 20:21:46] FLAG: Gifted/Script Added added flag Dynamic Gift Box: 7 Day Silver VIP to Tyga Johnson.
[2016/2/5 - 20:28:55] FLAG: Gifted/Script Added added flag Dich vu chuyen nha (Credits) to Alex Ken.
[2016/2/5 - 20:31:20] FLAG: Gifted/Script Added added flag Dynamic Gift Box: 7 Day Silver VIP to Mafia loc.
[2016/2/5 - 20:46:21] FLAG: Gifted/Script Added added flag Bien so xe (Credits) to William Steven.
[2016/2/5 - 21:06:57] FLAG: Gifted/Script Added added flag Bien so xe (Credits) to Linh Lxag.
[2016/2/5 - 21:17:29] FLAG: Gifted/Script Added added flag Dich vu Mua nha (Credits) to Pirates Qewty.
[2016/2/5 - 22:12:24] FLAG: Gifted/Script Added added flag Bien so xe (Credits) to Mister PeTer.
[2016/2/6 - 8:53:10] FLAG: Gifted/Script Added added flag Dynamic Gift Box: 7 Day Gold VIP to Jack Phong.
[2016/2/6 - 8:59:04] FLAG: Gifted/Script Added added flag Dynamic Gift Box: 7 Day Gold VIP to Bu Cu.
[2016/2/6 - 9:12:21] FLAG: Gifted/Script Added added flag Dynamic Gift Box: 7 Day Gold VIP to Cai Bang Kyo.
[2016/2/6 - 9:22:41] FLAG: Gifted/Script Added added flag Dynamic Gift Box: 7 Day Silver VIP to Kio Sotuna.
[2016/2/6 - 9:52:46] FLAG: Gifted/Script Added added flag Dynamic Gift Box: 7 Day Silver VIP to Boy Hardy.
[2016/2/6 - 9:52:48] FLAG: Gifted/Script Added added flag Dynamic Gift Box: 7 Day Gold VIP to Harry Jinr.
[2016/2/6 - 9:53:57] FLAG: Gifted/Script Added added flag Dynamic Gift Box: 7 Day Silver VIP to Boy Hardy.
[2016/2/6 - 10:01:39] FLAG: Gifted/Script Added added flag Dynamic Gift Box: 7 Day Gold VIP to No Games.
[2016/2/6 - 10:07:36] FLAG: Gifted/Script Added added flag Dynamic Gift Box: 7 ngay dung Gold VIP to Kun Star.
[2016/2/6 - 10:36:39] FLAG: Gifted/Script Added added flag Dynamic Gift Box: 7 Day Gold VIP to Snow Hacker.
[2016/2/6 - 10:55:17] FLAG: Gifted/Script Added added flag Dynamic Gift Box: 7 Day Gold VIP to Ton Ngo Khong.
[2016/2/6 - 10:55:30] FLAG: Gifted/Script Added added flag Dynamic Gift Box: 7 Day Gold VIP to Ton Ngo Khong.
[2016/2/6 - 11:51:29] FLAG: Gifted/Script Added added flag Dynamic Gift Box: 7 Day Gold VIP to Mister Hu.
[2016/2/6 - 12:23:44] FLAG: Gifted/Script Added added flag Dich vu Mua nha (Credits) to Duc Nhan.
[2016/2/6 - 12:27:36] FLAG: Gifted/Script Added added flag Dynamic Gift Box: 7 Day Gold VIP to Bitching Guy.
[2016/2/6 - 12:39:24] FLAG: Gifted/Script Added added flag Dynamic Gift Box: 7 Day Silver VIP to Kun Star.
[2016/2/6 - 12:56:12] FLAG: Gifted/Script Added added flag Dynamic Gift Box: 7 Day Gold VIP to Duc Nhan.
[2016/2/6 - 13:01:39] FLAG: Gifted/Script Added added flag Dynamic Gift Box: 7 Day Silver VIP to Hung Star.
[2016/2/6 - 13:05:24] FLAG: Gifted/Script Added added flag Bien so xe (Credits) to Mister Huy.
[2016/2/6 - 13:13:21] FLAG: Gifted/Script Added added flag Dynamic Gift Box: 7 Day Gold VIP to Bi Star.
[2016/2/6 - 13:17:24] FLAG: Gifted/Script Added added flag Dynamic Gift Box: 7 Day Silver VIP to Kun Star.
[2016/2/6 - 13:18:36] FLAG: Gifted/Script Added added flag Dynamic Gift Box: 7 Day Silver VIP to Pi Star.
[2016/2/6 - 13:19:00] FLAG: Gifted/Script Added added flag Dynamic Gift Box: 7 Day Silver VIP to Samp ThaiLand.
[2016/2/6 - 13:22:18] FLAG: Gifted/Script Added added flag Dynamic Gift Box: 7 Day Silver VIP to NgaoKeo Chozzs.
[2016/2/6 - 15:03:21] FLAG: Gifted/Script Added added flag Bien so xe (Credits) to James Lam.
[2016/2/6 - 18:06:11] FLAG: Gifted/Script Added added flag Dynamic Gift Box: 7 Day Gold VIP to Doremon Nobita.
[2016/2/6 - 18:59:19] FLAG: Gifted/Script Added added flag Dynamic Gift Box: 7 Day Gold VIP to Phong Good.
[2016/2/6 - 19:14:58] FLAG: Gifted/Script Added added flag Dynamic Gift Box: 7 Day Gold VIP to Warrioss Tu.
[2016/2/6 - 19:21:14] FLAG: Gifted/Script Added added flag Dynamic Gift Box: 7 Day Gold VIP to Warriosssss Tu.
[2016/2/6 - 19:21:31] FLAG: Gifted/Script Added added flag Dynamic Gift Box: 7 Day Gold VIP to be heo.
[2016/2/6 - 19:47:07] FLAG: Gifted/Script Added added flag Bien so xe (Credits) to Rick Boom.
[2016/2/6 - 19:56:11] FLAG: Gifted/Script Added added flag Dynamic Gift Box: 7 Day Gold VIP to Kun Star.
[2016/2/6 - 19:56:13] FLAG: Gifted/Script Added added flag Dynamic Gift Box: 7 Day Gold VIP to Kun Star.
[2016/2/6 - 19:56:18] FLAG: Gifted/Script Added added flag Dynamic Gift Box: 7 Day Gold VIP to Kun Star.
[2016/2/6 - 19:56:47] FLAG: Gifted/Script Added added flag Dynamic Gift Box: 7 Day Silver VIP to face Book.
[2016/2/6 - 20:05:09] FLAG: Gifted/Script Added added flag Chuc may man lan sau (Gift) to Hidan Tony.
[2016/2/6 - 20:10:49] FLAG: Gifted/Script Added added flag Bien so xe (Credits) to dan tan tu.
[2016/2/6 - 20:15:19] FLAG: Gifted/Script Added added flag Dich vu chuyen nha (Credits) to dan tan tu.
[2016/2/6 - 21:47:35] FLAG: Gifted/Script Added added flag Dynamic Gift Box: 7 Day Gold VIP to MaJor Ghost.
[2016/2/6 - 21:47:40] FLAG: Gifted/Script Added added flag Dynamic Gift Box: 7 Day Silver VIP to MaJor Ghost.
[2016/2/6 - 21:48:54] FLAG: Gifted/Script Added added flag Dynamic Gift Box: 7 ngay dung Gold VIP to MaJor Ghost.
[2016/2/6 - 21:49:11] FLAG: Gifted/Script Added added flag Dynamic Gift Box: 7 Day Gold VIP to Ut Thang.
[2016/2/6 - 21:49:23] FLAG: Gifted/Script Added added flag Dynamic Gift Box: 7 Day Silver VIP to MaJor Ghost.
[2016/2/6 - 21:49:33] FLAG: Gifted/Script Added added flag Dynamic Gift Box: 7 Day Silver VIP to MaJor Ghost.
[2016/2/6 - 22:33:33] FLAG: Gifted/Script Added added flag Dynamic Gift Box: 7 Day Gold VIP to Mister Huy.
[2016/2/6 - 22:33:45] FLAG: Gifted/Script Added added flag Dynamic Gift Box: 7 Day Silver VIP to Mister Huy.
[2016/2/7 - 11:05:02] FLAG: Gifted/Script Added added flag Chuc may man lan sau (Gift) to Bauer CTU.
[2016/2/7 - 11:11:30] FLAG: Gifted/Script Added added flag Chuc may man lan sau (Gift) to Wolf Rock.
[2016/2/7 - 12:48:48] FLAG: Gifted/Script Added added flag Bien so xe (Credits) to George Bush.
[2016/2/7 - 14:30:11] FLAG: Gifted/Script Added added flag Dynamic Gift Box: 7 Day Silver VIP to TamNguyen Kux.
[2016/2/7 - 14:32:55] FLAG: Gifted/Script Added added flag Dynamic Gift Box: 7 Day Gold VIP to TamNguyen Kuxx.
[2016/2/7 - 14:33:03] FLAG: Gifted/Script Added added flag Dynamic Gift Box: 7 Day Gold VIP to TamNguyen Kuxx.
[2016/2/7 - 15:02:47] FLAG: Gifted/Script Added added flag Dynamic Gift Box: 7 Day Silver VIP to Luvias Do.
[2016/2/7 - 15:34:10] FLAG: Gifted/Script Added added flag Dynamic Gift Box: 7 Day Gold VIP to Ho Kinh.
[2016/2/7 - 17:55:49] FLAG: Gifted/Script Added added flag Dynamic Gift Box: 7 Day Gold VIP to Nguyen Ngoc Tram.
[2016/2/7 - 17:56:12] FLAG: Gifted/Script Added added flag Dynamic Gift Box: 7 Day Gold VIP to Nguyen Ngoc Tram.
[2016/2/7 - 19:04:07] FLAG: Gifted/Script Added added flag Dynamic Gift Box: 7 Day Gold VIP to James Vila.
[2016/2/7 - 22:50:06] FLAG: Gifted/Script Added added flag Dynamic Gift Box: 7 Day Gold VIP to Bauer CTU.
[2016/2/7 - 23:16:13] FLAG: Gifted/Script Added added flag Dynamic Gift Box: 7 Day Gold VIP to Kelvin Tien.
[2016/2/8 - 0:33:21] FLAG: Gifted/Script Added added flag Chuc may man lan sau (Gift) to Alaxca DaiCa.
[2016/2/8 - 1:24:10] FLAG: Gifted/Script Added added flag Chuc may man lan sau (Gift) to Ivan Hardwell.
[2016/2/8 - 7:16:22] FLAG: Gifted/Script Added added flag Bien so xe (Credits) to BMX Boss.
[2016/2/8 - 11:34:11] FLAG: Gifted/Script Added added flag Dich vu thay doi noi that nha (Credits) to Trieu Tuan.
[2016/2/8 - 12:50:14] FLAG: Gifted/Script Added added flag Chuc may man lan sau (Gift) to Thanh ngoc.
[2016/2/8 - 12:55:42] FLAG: Gifted/Script Added added flag Chuc may man lan sau (Gift) to MaJor Ghost.
[2016/2/8 - 12:55:43] FLAG: Gifted/Script Added added flag Chuc may man lan sau (Gift) to LTT Dung.
[2016/2/10 - 12:42:21] FLAG: Gifted/Script Added added flag Dynamic Gift Box: 7 ngay dung Gold VIP to Nguyen Ngoc Tram.
[2016/2/10 - 15:41:10] FLAG: Gifted/Script Added added flag Dich vu thay doi noi that nha (Credits) to Robbot Trai Cay.
[2016/2/10 - 16:32:41] FLAG: Gifted/Script Added added flag Dynamic Gift Box: 7 Day Gold VIP to Smoke Smith.
[2016/2/10 - 16:34:07] FLAG: Gifted/Script Added added flag Dynamic Gift Box: 7 ngay dung Silver VIP to Jet Tu.
[2016/2/10 - 17:14:34] FLAG: Gifted/Script Added added flag Bien so xe (Credits) to Jet Tu.
[2016/2/10 - 18:46:10] FLAG: Gifted/Script Added added flag Dynamic Gift Box: 7 ngay dung Gold VIP to Exciter Do.
[2016/2/10 - 18:46:13] FLAG: Gifted/Script Added added flag Dynamic Gift Box: 7 ngay dung Silver VIP to Exciter Do.
[2016/2/11 - 14:43:20] FLAG: Gifted/Script Added added flag Dynamic Gift Box: 7 ngay dung Gold VIP to King Mito.
[2016/2/11 - 15:33:33] FLAG: Gifted/Script Added added flag Dynamic Gift Box: 7 Day Gold VIP to Judy Won.
[2016/2/11 - 15:38:23] FLAG: Gifted/Script Added added flag Dynamic Gift Box: 7 Day Gold VIP to Anh Khiem.
[2016/2/11 - 15:53:43] FLAG: Gifted/Script Added added flag Dynamic Gift Box: 7 Day Gold VIP to Agent Perry.
[2016/2/11 - 16:20:47] FLAG: Gifted/Script Added added flag Dich vu chuyen nha (Credits) to Anh Khoa.
[2016/2/11 - 16:21:08] FLAG: Gifted/Script Added added flag Dich vu Mua nha (Credits) to Anh Khoa.
[2016/2/11 - 18:42:20] FLAG: Gifted/Script Added added flag Bien so xe (Credits) to Anh Khoa.
