----------------------------------------
Ngay: 11/28/2015 - Thoi gian: 16:0
(1) : 0
(2) The Camorra: 0
(3) None: 0
(4) None: 0
(5) None: 0
(6) None: 0
(7) None: 0
(8) HIII: 0
(9) Bad Boys Society: 0
(10) None: 0
(11) None: 0
(12) None: 0
(13) None: 0
(14) None: 0
(15) None: 0
(16) None: 0
(17) None: 0
----------------------------------------
Ngay: 11/28/2015 - Thoi gian: 17:1
(1) : 0
(2) The Camorra: 0
(3) None: 0
(4) None: 0
(5) None: 0
(6) None: 0
(7) None: 0
(8) HIII: 0
(9) Bad Boys Society: 0
(10) None: 0
(11) None: 0
(12) None: 0
(13) None: 0
(14) None: 0
(15) None: 0
(16) None: 0
(17) None: 0
----------------------------------------
Ngay: 11/28/2015 - Thoi gian: 18:0
(1) : 0
(2) The Camorra: 0
(3) None: 0
(4) None: 0
(5) None: 0
(6) None: 0
(7) None: 0
(8) HIII: 0
(9) Bad Boys Society: 0
(10) None: 0
(11) None: 0
(12) None: 0
(13) None: 0
(14) None: 0
(15) None: 0
(16) None: 0
(17) None: 0
----------------------------------------
Ngay: 11/28/2015 - Thoi gian: 20:0
(1) : 0
(2) The Camorra: 0
(3) None: 0
(4) None: 0
(5) None: 0
(6) None: 0
(7) None: 0
(8) HIII: 0
(9) Bad Boys Society: 0
(10) None: 0
(11) None: 0
(12) None: 0
(13) None: 0
(14) None: 0
(15) None: 0
(16) None: 0
(17) None: 0
----------------------------------------
Ngay: 11/28/2015 - Thoi gian: 21:0
(1) : 0
(2) The Camorra: 0
(3) None: 0
(4) None: 0
(5) None: 0
(6) None: 0
(7) None: 0
(8) HIII: 0
(9) Bad Boys Society: 0
(10) None: 0
(11) None: 0
(12) None: 0
(13) None: 0
(14) None: 0
(15) None: 0
(16) None: 0
(17) None: 0
----------------------------------------
Ngay: 1/31/2016 - Thoi gian: 0:0
(1) : 0
(2) The Camorra: 0
(3) None: 0
(4) None: 0
(5) None: 0
(6) None: 0
(7) None: 0
(8) HIII: 0
(9) Bad Boys Society: 0
(10) None: 0
(11) None: 0
(12) None: 0
(13) None: 0
(14) None: 0
(15) None: 0
(16) None: 0
(17) None: 0
----------------------------------------
Ngay: 1/31/2016 - Thoi gian: 1:0
(1) : 0
(2) The Camorra: 0
(3) None: 0
(4) None: 0
(5) None: 0
(6) None: 0
(7) None: 0
(8) HIII: 0
(9) Bad Boys Society: 0
(10) None: 0
(11) None: 0
(12) None: 0
(13) None: 0
(14) None: 0
(15) None: 0
(16) None: 0
(17) None: 0
----------------------------------------
Ngay: 1/31/2016 - Thoi gian: 2:0
(1) : 0
(2) The Camorra: 0
(3) None: 0
(4) None: 0
(5) None: 0
(6) None: 0
(7) None: 0
(8) HIII: 0
(9) Bad Boys Society: 0
(10) None: 0
(11) None: 0
(12) None: 0
(13) None: 0
(14) None: 0
(15) None: 0
(16) None: 0
(17) None: 0
----------------------------------------
Ngay: 1/31/2016 - Thoi gian: 3:0
(1) : 0
(2) The Camorra: 0
(3) None: 0
(4) None: 0
(5) None: 0
(6) None: 0
(7) None: 0
(8) HIII: 0
(9) Bad Boys Society: 0
(10) None: 0
(11) None: 0
(12) None: 0
(13) None: 0
(14) None: 0
(15) None: 0
(16) None: 0
(17) None: 0
----------------------------------------
Ngay: 1/31/2016 - Thoi gian: 4:0
(1) : 0
(2) The Camorra: 0
(3) None: 0
(4) None: 0
(5) None: 0
(6) None: 0
(7) None: 0
(8) HIII: 0
(9) Bad Boys Society: 0
(10) None: 0
(11) None: 0
(12) None: 0
(13) None: 0
(14) None: 0
(15) None: 0
(16) None: 0
(17) None: 0
----------------------------------------
Ngay: 1/31/2016 - Thoi gian: 5:0
(1) : 0
(2) The Camorra: 0
(3) None: 0
(4) None: 0
(5) None: 0
(6) None: 0
(7) None: 0
(8) HIII: 0
(9) Bad Boys Society: 0
(10) None: 0
(11) None: 0
(12) None: 0
(13) None: 0
(14) None: 0
(15) None: 0
(16) None: 0
(17) None: 0
----------------------------------------
Ngay: 1/31/2016 - Thoi gian: 6:0
(1) : 0
(2) The Camorra: 0
(3) None: 0
(4) None: 0
(5) None: 0
(6) None: 0
(7) None: 0
(8) HIII: 0
(9) Bad Boys Society: 0
(10) None: 0
(11) None: 0
(12) None: 0
(13) None: 0
(14) None: 0
(15) None: 0
(16) None: 0
(17) None: 0
----------------------------------------
Ngay: 1/31/2016 - Thoi gian: 8:0
(1) : 0
(2) The Camorra: 0
(3) None: 0
(4) None: 0
(5) None: 0
(6) None: 0
(7) None: 0
(8) HIII: 0
(9) Bad Boys Society: 0
(10) None: 0
(11) None: 0
(12) None: 0
(13) None: 0
(14) None: 0
(15) None: 0
(16) None: 0
(17) None: 0
----------------------------------------
Ngay: 1/31/2016 - Thoi gian: 9:0
(1) : 0
(2) The Camorra: 0
(3) None: 0
(4) None: 0
(5) None: 0
(6) None: 0
(7) None: 0
(8) HIII: 0
(9) Bad Boys Society: 0
(10) None: 0
(11) None: 0
(12) None: 0
(13) None: 0
(14) None: 0
(15) None: 0
(16) None: 0
(17) None: 0
----------------------------------------
Ngay: 1/31/2016 - Thoi gian: 10:1
(1) : 0
(2) The Camorra: 0
(3) None: 0
(4) None: 0
(5) None: 0
(6) None: 0
(7) None: 0
(8) HIII: 0
(9) Bad Boys Society: 0
(10) None: 0
(11) None: 0
(12) None: 0
(13) None: 0
(14) None: 0
(15) None: 0
(16) None: 0
(17) None: 0
----------------------------------------
Ngay: 1/31/2016 - Thoi gian: 11:0
(1) : 0
(2) The Camorra: 0
(3) None: 0
(4) None: 0
(5) None: 0
(6) None: 0
(7) None: 0
(8) HIII: 0
(9) Bad Boys Society: 0
(10) None: 0
(11) None: 0
(12) None: 0
(13) None: 0
(14) None: 0
(15) None: 0
(16) None: 0
(17) None: 0
----------------------------------------
Ngay: 1/31/2016 - Thoi gian: 12:0
(1) : 0
(2) The Camorra: 0
(3) None: 0
(4) None: 0
(5) None: 0
(6) None: 0
(7) None: 0
(8) HIII: 0
(9) Bad Boys Society: 0
(10) None: 0
(11) None: 0
(12) None: 0
(13) None: 0
(14) None: 0
(15) None: 0
(16) None: 0
(17) None: 0
----------------------------------------
Ngay: 1/31/2016 - Thoi gian: 13:0
(1) : 0
(2) The Camorra: 0
(3) None: 0
(4) None: 0
(5) None: 0
(6) None: 0
(7) None: 0
(8) HIII: 0
(9) Bad Boys Society: 0
(10) None: 0
(11) None: 0
(12) None: 0
(13) None: 0
(14) None: 0
(15) None: 0
(16) None: 0
(17) None: 0
----------------------------------------
Ngay: 1/31/2016 - Thoi gian: 14:1
(1) : 0
(2) The Camorra: 0
(3) None: 0
(4) None: 0
(5) None: 0
(6) None: 0
(7) None: 0
(8) HIII: 0
(9) Bad Boys Society: 0
(10) None: 0
(11) None: 0
(12) None: 0
(13) None: 0
(14) None: 0
(15) None: 0
(16) None: 0
(17) None: 0
----------------------------------------
Ngay: 1/31/2016 - Thoi gian: 15:0
(1) : 0
(2) The Camorra: 0
(3) None: 0
(4) None: 0
(5) None: 0
(6) None: 0
(7) None: 0
(8) HIII: 0
(9) Bad Boys Society: 0
(10) None: 0
(11) None: 0
(12) None: 0
(13) None: 0
(14) None: 0
(15) None: 0
(16) None: 0
(17) None: 0
----------------------------------------
Ngay: 1/31/2016 - Thoi gian: 16:0
(1) : 0
(2) The Camorra: 0
(3) None: 0
(4) None: 0
(5) None: 0
(6) None: 0
(7) None: 0
(8) HIII: 0
(9) Bad Boys Society: 0
(10) None: 0
(11) None: 0
(12) None: 0
(13) None: 0
(14) None: 0
(15) None: 0
(16) None: 0
(17) None: 0
----------------------------------------
Ngay: 1/31/2016 - Thoi gian: 17:0
(1) : 0
(2) The Camorra: 0
(3) None: 0
(4) None: 0
(5) None: 0
(6) None: 0
(7) None: 0
(8) HIII: 0
(9) Bad Boys Society: 0
(10) Phi Hanh Doan Avengers: 1
(11) None: 0
(12) None: 0
(13) None: 0
(14) None: 0
(15) None: 0
(16) None: 0
(17) None: 0
----------------------------------------
Ngay: 2/1/2016 - Thoi gian: 0:0
(1) : 0
(2) The Camorra: 0
(3) None: 0
(4) None: 0
(5) None: 0
(6) None: 0
(7) None: 0
(8) HIII: 0
(9) Bad Boys Society: 0
(10) Phi Hanh Doan Avengers: 0
(11) None: 0
(12) None: 0
(13) None: 0
(14) None: 0
(15) None: 0
(16) None: 0
(17) None: 0
----------------------------------------
Ngay: 2/1/2016 - Thoi gian: 2:1
(1) : 0
(2) The Camorra: 0
(3) None: 0
(4) None: 0
(5) None: 0
(6) None: 0
(7) None: 0
(8) HIII: 0
(9) Bad Boys Society: 0
(10) None: 0
(11) None: 0
(12) None: 0
(13) None: 0
(14) None: 0
(15) None: 0
(16) None: 0
(17) None: 0
----------------------------------------
Ngay: 2/1/2016 - Thoi gian: 8:0
(1) : 0
(2) The Camorra: 0
(3) None: 0
(4) None: 0
(5) None: 0
(6) None: 0
(7) None: 0
(8) HIII: 0
(9) Bad Boys Society: 0
(10) None: 0
(11) None: 0
(12) None: 0
(13) None: 0
(14) None: 0
(15) None: 0
(16) None: 0
(17) None: 0
----------------------------------------
Ngay: 2/1/2016 - Thoi gian: 10:0
(1) : 0
(2) The Camorra: 0
(3) None: 0
(4) None: 0
(5) None: 0
(6) None: 0
(7) None: 0
(8) HIII: 0
(9) Bad Boys Society: 0
(10) None: 0
(11) None: 0
(12) None: 0
(13) None: 0
(14) None: 0
(15) None: 0
(16) None: 0
(17) None: 0
----------------------------------------
Ngay: 2/1/2016 - Thoi gian: 11:0
(1) : 0
(2) None: 0
(3) Phi Hanh Doan Avengers: 1
(4) None: 0
(5) None: 0
(6) None: 0
(7) None: 0
(8) HIII: 0
(9) Bad Boys Society: 0
(10) None: 0
(11) None: 0
(12) None: 0
(13) None: 0
(14) None: 3
(15) None: 0
(16) None: 0
(17) None: 0
----------------------------------------
Ngay: 2/1/2016 - Thoi gian: 12:0
(1) : 0
(2) None: 0
(3) Phi Hanh Doan Avengers: 1
(4) None: 0
(5) None: 0
(6) None: 0
(7) None: 0
(8) HIII: 0
(9) Bad Boys Society: 0
(10) None: 0
(11) None: 0
(12) None: 0
(13) None: 0
(14) None: 0
(15) None: 0
(16) None: 0
(17) None: 0
----------------------------------------
Ngay: 2/1/2016 - Thoi gian: 13:0
(1) : 0
(2) None: 0
(3) Phi Hanh Doan Avengers: 1
(4) None: 0
(5) None: 0
(6) None: 0
(7) None: 0
(8) HIII: 0
(9) Bad Boys Society: 0
(10) None: 0
(11) None: 0
(12) None: 0
(13) None: 0
(14) None: 0
(15) None: 0
(16) None: 0
(17) None: 0
----------------------------------------
Ngay: 2/1/2016 - Thoi gian: 14:0
(1) : 0
(2) None: 0
(3) Phi Hanh Doan Avengers: 0
(4) None: 0
(5) None: 0
(6) None: 0
(7) None: 0
(8) HIII: 0
(9) Bad Boys Society: 0
(10) None: 0
(11) None: 0
(12) None: 0
(13) None: 0
(14) None: 0
(15) None: 0
(16) None: 0
(17) None: 0
----------------------------------------
Ngay: 2/1/2016 - Thoi gian: 15:0
(1) : 0
(2) None: 0
(3) Phi Hanh Doan Avengers: 0
(4) None: 0
(5) None: 0
(6) None: 0
(7) None: 0
(8) HIII: 0
(9) Bad Boys Society: 0
(10) None: 0
(11) None: 0
(12) None: 0
(13) None: 0
(14) None: 0
(15) None: 0
(16) None: 0
(17) None: 0
----------------------------------------
Ngay: 2/1/2016 - Thoi gian: 16:1
(1) : 0
(2) None: 0
(3) Phi Hanh Doan Avengers: 0
(4) None: 0
(5) None: 0
(6) None: 0
(7) None: 0
(8) HIII: 0
(9) Bad Boys Society: 0
(10) None: 0
(11) None: 0
(12) None: 0
(13) None: 0
(14) None: 0
(15) None: 0
(16) None: 0
(17) None: 0
----------------------------------------
Ngay: 2/1/2016 - Thoi gian: 17:1
(1) : 0
(2) None: 0
(3) Phi Hanh Doan Avengers: 0
(4) None: 0
(5) None: 0
(6) None: 0
(7) None: 0
(8) HIII: 0
(9) Bad Boys Society: 0
(10) Phi Hanh Doan Avengers: 1
(11) None: 0
(12) None: 0
(13) None: 0
(14) None: 0
(15) None: 0
(16) None: 0
(17) >Family Racing San Andreas<: 0
----------------------------------------
Ngay: 2/1/2016 - Thoi gian: 18:0
(1) : 0
(2) None: 0
(3) Phi Hanh Doan Avengers: 0
(4) None: 0
(5) None: 0
(6) None: 0
(7) None: 0
(8) HIII: 0
(9) Bad Boys Society: 0
(10) Phi Hanh Doan Avengers: 1
(11) None: 0
(12) None: 0
(13) None: 0
(14) None: 0
(15) None: 0
(16) None: 0
(17) >Family Racing San Andreas<: 0
----------------------------------------
Ngay: 2/1/2016 - Thoi gian: 19:1
(1) : 0
(2) None: 0
(3) Phi Hanh Doan Avengers: 0
(4) None: 0
(5) None: 0
(6) None: 0
(7) None: 0
(8) HIII: 0
(9) Bad Boys Society: 0
(10) Phi Hanh Doan Avengers: 1
(11) None: 0
(12) None: 0
(13) None: 0
(14) None: 0
(15) None: 0
(16) None: 0
(17) >Family Racing San Andreas<: 0
----------------------------------------
Ngay: 2/1/2016 - Thoi gian: 20:0
(1) : 0
(2) None: 0
(3) Phi Hanh Doan Avengers: 0
(4) None: 0
(5) None: 0
(6) None: 0
(7) None: 0
(8) HIII: 0
(9) Bad Boys Society: 0
(10) Phi Hanh Doan Avengers: 2
(11) None: 0
(12) None: 0
(13) None: 0
(14) None: 0
(15) None: 0
(16) None: 0
(17) >Family Racing San Andreas<: 0
----------------------------------------
Ngay: 2/1/2016 - Thoi gian: 21:0
(1) : 0
(2) None: 0
(3) Phi Hanh Doan Avengers: 0
(4) None: 0
(5) None: 0
(6) None: 0
(7) None: 0
(8) HIII: 0
(9) Bad Boys Society: 0
(10) Phi Hanh Doan Avengers: 0
(11) None: 0
(12) None: 0
(13) None: 0
(14) None: 0
(15) None: 0
(16) None: 0
(17) >Family Racing San Andreas<: 0
----------------------------------------
Ngay: 2/1/2016 - Thoi gian: 22:0
(1) : 0
(2) None: 0
(3) Phi Hanh Doan Avengers: 0
(4) None: 0
(5) None: 0
(6) None: 0
(7) None: 0
(8) HIII: 0
(9) Bad Boys Society: 0
(10) Phi Hanh Doan Avengers: 1
(11) None: 0
(12) None: 0
(13) None: 0
(14) None: 0
(15) None: 0
(16) None: 0
(17) >Family Racing San Andreas<: 0
----------------------------------------
Ngay: 2/1/2016 - Thoi gian: 23:1
(1) : 0
(2) None: 0
(3) Phi Hanh Doan Avengers: 0
(4) None: 0
(5) None: 0
(6) None: 0
(7) None: 0
(8) HIII: 0
(9) Bad Boys Society: 0
(10) Phi Hanh Doan Avengers: 0
(11) None: 0
(12) None: 0
(13) None: 0
(14) None: 0
(15) None: 0
(16) None: 0
(17) >Family Racing San Andreas<: 0
----------------------------------------
Ngay: 2/2/2016 - Thoi gian: 0:0
(1) : 0
(2) None: 0
(3) Phi Hanh Doan Avengers: 0
(4) None: 0
(5) None: 0
(6) None: 0
(7) None: 0
(8) HIII: 0
(9) Bad Boys Society: 0
(10) Phi Hanh Doan Avengers: 0
(11) None: 0
(12) None: 0
(13) None: 0
(14) None: 0
(15) None: 0
(16) None: 0
(17) >Family Racing San Andreas<: 0
----------------------------------------
Ngay: 2/2/2016 - Thoi gian: 1:0
(1) : 0
(2) None: 0
(3) Phi Hanh Doan Avengers: 0
(4) None: 0
(5) None: 0
(6) None: 0
(7) None: 0
(8) HIII: 0
(9) Bad Boys Society: 0
(10) Phi Hanh Doan Avengers: 0
(11) None: 0
(12) None: 0
(13) None: 0
(14) None: 0
(15) None: 0
(16) None: 0
(17) >Family Racing San Andreas<: 0
----------------------------------------
Ngay: 2/2/2016 - Thoi gian: 2:0
(1) : 0
(2) None: 0
(3) Phi Hanh Doan Avengers: 0
(4) None: 0
(5) None: 0
(6) None: 0
(7) None: 0
(8) HIII: 0
(9) Bad Boys Society: 0
(10) Phi Hanh Doan Avengers: 0
(11) None: 0
(12) None: 0
(13) None: 0
(14) None: 0
(15) None: 0
(16) None: 0
(17) >Family Racing San Andreas<: 0
----------------------------------------
Ngay: 2/2/2016 - Thoi gian: 3:0
(1) : 0
(2) None: 0
(3) Phi Hanh Doan Avengers: 0
(4) None: 0
(5) None: 0
(6) None: 0
(7) None: 0
(8) HIII: 0
(9) Bad Boys Society: 0
(10) Phi Hanh Doan Avengers: 0
(11) None: 0
(12) None: 0
(13) None: 0
(14) None: 0
(15) None: 0
(16) None: 0
(17) >Family Racing San Andreas<: 0
----------------------------------------
Ngay: 2/2/2016 - Thoi gian: 4:1
(1) : 0
(2) None: 0
(3) Phi Hanh Doan Avengers: 0
(4) None: 0
(5) None: 0
(6) None: 0
(7) None: 0
(8) HIII: 0
(9) Bad Boys Society: 0
(10) Phi Hanh Doan Avengers: 0
(11) None: 0
(12) None: 0
(13) None: 0
(14) None: 0
(15) None: 0
(16) None: 0
(17) >Family Racing San Andreas<: 0
----------------------------------------
Ngay: 2/2/2016 - Thoi gian: 5:0
(1) : 0
(2) None: 0
(3) Phi Hanh Doan Avengers: 0
(4) None: 0
(5) None: 0
(6) None: 0
(7) None: 0
(8) HIII: 0
(9) Bad Boys Society: 0
(10) Phi Hanh Doan Avengers: 0
(11) None: 0
(12) None: 0
(13) None: 0
(14) None: 0
(15) None: 0
(16) None: 0
(17) >Family Racing San Andreas<: 0
----------------------------------------
Ngay: 2/2/2016 - Thoi gian: 6:0
(1) : 0
(2) None: 0
(3) Phi Hanh Doan Avengers: 0
(4) None: 0
(5) None: 0
(6) None: 0
(7) None: 0
(8) HIII: 0
(9) Bad Boys Society: 0
(10) Phi Hanh Doan Avengers: 0
(11) None: 0
(12) None: 0
(13) None: 0
(14) None: 0
(15) None: 0
(16) None: 0
(17) >Family Racing San Andreas<: 0
----------------------------------------
Ngay: 2/2/2016 - Thoi gian: 7:0
(1) : 0
(2) None: 0
(3) Phi Hanh Doan Avengers: 0
(4) None: 0
(5) None: 0
(6) None: 0
(7) None: 0
(8) HIII: 0
(9) Bad Boys Society: 0
(10) Phi Hanh Doan Avengers: 0
(11) None: 0
(12) None: 0
(13) None: 0
(14) None: 0
(15) None: 0
(16) None: 0
(17) >Family Racing San Andreas<: 0
----------------------------------------
Ngay: 2/2/2016 - Thoi gian: 8:1
(1) : 0
(2) None: 0
(3) Phi Hanh Doan Avengers: 0
(4) None: 0
(5) None: 0
(6) None: 0
(7) None: 0
(8) HIII: 0
(9) Bad Boys Society: 0
(10) Phi Hanh Doan Avengers: 0
(11) None: 0
(12) None: 0
(13) None: 0
(14) None: 0
(15) None: 0
(16) None: 0
(17) >Family Racing San Andreas<: 0
----------------------------------------
Ngay: 2/2/2016 - Thoi gian: 9:0
(1) : 0
(2) None: 0
(3) Phi Hanh Doan Avengers: 0
(4) None: 0
(5) None: 0
(6) None: 0
(7) None: 0
(8) HIII: 0
(9) Bad Boys Society: 0
(10) Phi Hanh Doan Avengers: 0
(11) None: 0
(12) None: 0
(13) None: 0
(14) None: 0
(15) None: 0
(16) None: 0
(17) >Family Racing San Andreas<: 0
----------------------------------------
Ngay: 2/2/2016 - Thoi gian: 10:0
(1) : 0
(2) Family§Boss§Trùm§Los Santos§: 3
(3) Phi Hanh Doan Avengers: 0
(4) None: 0
(5) None: 0
(6) None: 0
(7) None: 0
(8) HIII: 0
(9) Bad Boys Society: 0
(10) Phi Hanh Doan Avengers: 0
(11) None: 0
(12) None: 0
(13) None: 0
(14) None: 0
(15) None: 0
(16) None: 0
(17) None: 0
----------------------------------------
Ngay: 2/2/2016 - Thoi gian: 11:0
(1) : 0
(2) None: 0
(3) Phi Hanh Doan Avengers: 0
(4) §Family§Boss§Killer§Trùm§: 4
(5) None: 0
(6) None: 0
(7) None: 0
(8) HIII: 0
(9) Bad Boys Society: 0
(10) Phi Hanh Doan Avengers: 1
(11) None: 0
(12) None: 0
(13) None: 0
(14) None: 0
(15) None: 0
(16) None: 0
(17) None: 0
----------------------------------------
Ngay: 2/2/2016 - Thoi gian: 12:0
(1) : 0
(2) None: 0
(3) Phi Hanh Doan Avengers: 0
(4) §Family§Boss§Killer§Trùm§: 2
(5) None: 0
(6) None: 0
(7) None: 0
(8) HIII: 0
(9) Bad Boys Society: 0
(10) Phi Hanh Doan Avengers: 4
(11) None: 0
(12) None: 0
(13) None: 0
(14) None: 0
(15) None: 0
(16) None: 0
(17) None: 0
----------------------------------------
Ngay: 2/2/2016 - Thoi gian: 13:0
(1) : 0
(2) None: 0
(3) Phi Hanh Doan Avengers: 0
(4) §Family§Boss§Killer§Trùm§: 2
(5) None: 0
(6) None: 0
(7) None: 0
(8) HIII: 0
(9) Bad Boys Society: 0
(10) Phi Hanh Doan Avengers: 0
(11) None: 0
(12) None: 0
(13) None: 0
(14) None: 0
(15) None: 0
(16) None: 0
(17) None: 0
----------------------------------------
Ngay: 2/2/2016 - Thoi gian: 14:0
(1) : 0
(2) None: 0
(3) Phi Hanh Doan Avengers: 0
(4) §Family§Boss§Killer§Trùm§: 0
(5) None: 0
(6) None: 0
(7) None: 0
(8) HIII: 0
(9) Bad Boys Society: 0
(10) Phi Hanh Doan Avengers: 0
(11) None: 0
(12) None: 0
(13) F11: 1
(14) None: 0
(15) None: 0
(16) None: 0
(17) None: 0
----------------------------------------
Ngay: 2/2/2016 - Thoi gian: 15:0
(1) : 0
(2) None: 0
(3) Phi Hanh Doan Avengers: 0
(4) §Family§Boss§Killer§Trùm§: 0
(5) None: 0
(6) None: 0
(7) None: 0
(8) HIII: 0
(9) Bad Boys Society: 0
(10) Phi Hanh Doan Avengers: 0
(11) None: 0
(12) None: 0
(13) F11: 2
(14) None: 0
(15) None: 0
(16) None: 0
(17) None: 0
----------------------------------------
Ngay: 2/2/2016 - Thoi gian: 16:0
(1) : 0
(2) None: 0
(3) Phi Hanh Doan Avengers: 0
(4) §Family§Boss§Killer§Trùm§: 2
(5) None: 0
(6) None: 0
(7) None: 0
(8) HIII: 0
(9) Bad Boys Society: 0
(10) Phi Hanh Doan Avengers: 1
(11) None: 0
(12) None: 0
(13) F11: 1
(14) None: 0
(15) None: 0
(16) None: 0
(17) None: 0
----------------------------------------
Ngay: 2/2/2016 - Thoi gian: 17:0
(1) : 0
(2) None: 0
(3) Phi Hanh Doan Avengers: 0
(4) §Family§Boss§Killer§Trùm§: 3
(5) None: 0
(6) None: 0
(7) None: 0
(8) HIII: 0
(9) Bad Boys Society: 0
(10) Phi Hanh Doan Avengers: 0
(11) None: 0
(12) None: 0
(13) F11: 1
(14) None: 0
(15) None: 0
(16) None: 0
(17) None: 0
----------------------------------------
Ngay: 2/2/2016 - Thoi gian: 18:0
(1) : 0
(2) None: 0
(3) Phi Hanh Doan Avengers: 0
(4) §Family§Boss§Killer§Trùm§: 1
(5) None: 0
(6) None: 0
(7) None: 0
(8) HIII: 0
(9) Bad Boys Society: 0
(10) Phi Hanh Doan Avengers: 0
(11) None: 0
(12) None: 0
(13) F11: 0
(14) None: 0
(15) None: 0
(16) None: 0
(17) None: 0
----------------------------------------
Ngay: 2/2/2016 - Thoi gian: 19:0
(1) : 0
(2) None: 0
(3) Phi Hanh Doan Avengers: 0
(4) §Family§Boss§Killer§Trùm§: 0
(5) None: 0
(6) None: 0
(7) None: 0
(8) HIII: 0
(9) Bad Boys Society: 0
(10) Phi Hanh Doan Avengers: 2
(11) None: 0
(12) None: 0
(13) F11: 1
(14) None: 0
(15) None: 0
(16) None: 0
(17) None: 0
----------------------------------------
Ngay: 2/2/2016 - Thoi gian: 20:0
(1) : 0
(2) None: 0
(3) Phi Hanh Doan Avengers: 0
(4) §Family§Boss§Killer§Trùm§: 3
(5) None: 0
(6) None: 0
(7) None: 0
(8) HIII: 0
(9) Bad Boys Society: 0
(10) Phi Hanh Doan Avengers: 1
(11) None: 0
(12) None: 0
(13) F11: 2
(14) None: 0
(15) None: 0
(16) None: 0
(17) None: 0
----------------------------------------
Ngay: 2/2/2016 - Thoi gian: 21:0
(1) : 0
(2) None: 0
(3) Phi Hanh Doan Avengers: 0
(4) §Family§Boss§Killer§Trùm§: 6
(5) None: 0
(6) None: 0
(7) None: 0
(8) HIII: 0
(9) Bad Boys Society: 0
(10) Phi Hanh Doan Avengers: 0
(11) None: 0
(12) None: 0
(13) F11: 0
(14) None: 0
(15) None: 0
(16) None: 0
(17) None: 0
----------------------------------------
Ngay: 2/2/2016 - Thoi gian: 22:0
(1) : 0
(2) None: 0
(3) Phi Hanh Doan Avengers: 0
(4) §Family§Boss§Killer§Trùm§: 0
(5) None: 0
(6) None: 0
(7) None: 0
(8) HIII: 0
(9) Bad Boys Society: 0
(10) Phi Hanh Doan Avengers: 1
(11) None: 0
(12) None: 0
(13) F11: 0
(14) None: 0
(15) None: 0
(16) None: 0
(17) None: 0
----------------------------------------
Ngay: 2/2/2016 - Thoi gian: 23:0
(1) : 0
(2) None: 0
(3) Phi Hanh Doan Avengers: 0
(4) §Family§Boss§Killer§Trùm§: 0
(5) None: 0
(6) None: 0
(7) None: 0
(8) HIII: 0
(9) Bad Boys Society: 0
(10) Phi Hanh Doan Avengers: 0
(11) None: 0
(12) None: 0
(13) F11: 0
(14) None: 0
(15) None: 0
(16) None: 0
(17) None: 0
----------------------------------------
Ngay: 2/3/2016 - Thoi gian: 0:0
(1) : 0
(2) None: 0
(3) Phi Hanh Doan Avengers: 0
(4) §Family§Boss§Killer§Trùm§: 0
(5) None: 0
(6) None: 0
(7) None: 0
(8) HIII: 0
(9) Bad Boys Society: 0
(10) Phi Hanh Doan Avengers: 0
(11) None: 0
(12) None: 0
(13) F11: 0
(14) None: 0
(15) None: 0
(16) None: 0
(17) None: 0
----------------------------------------
Ngay: 2/3/2016 - Thoi gian: 1:0
(1) : 0
(2) None: 0
(3) Phi Hanh Doan Avengers: 0
(4) §Family§Boss§Killer§Trùm§: 0
(5) None: 0
(6) None: 0
(7) None: 0
(8) HIII: 0
(9) Bad Boys Society: 0
(10) Phi Hanh Doan Avengers: 0
(11) None: 0
(12) None: 0
(13) F11: 0
(14) None: 0
(15) None: 0
(16) None: 0
(17) None: 0
----------------------------------------
Ngay: 2/3/2016 - Thoi gian: 3:0
(1) : 0
(2) None: 0
(3) Phi Hanh Doan Avengers: 0
(4) §Family§Boss§Killer§Trùm§: 0
(5) None: 0
(6) None: 0
(7) None: 0
(8) HIII: 0
(9) Bad Boys Society: 0
(10) Phi Hanh Doan Avengers: 0
(11) None: 0
(12) None: 0
(13) F11: 0
(14) None: 0
(15) None: 0
(16) None: 0
(17) None: 0
----------------------------------------
Ngay: 2/3/2016 - Thoi gian: 4:0
(1) : 0
(2) None: 0
(3) Phi Hanh Doan Avengers: 0
(4) §Family§Boss§Killer§Trùm§: 0
(5) None: 0
(6) None: 0
(7) None: 0
(8) HIII: 0
(9) Bad Boys Society: 0
(10) Phi Hanh Doan Avengers: 0
(11) None: 0
(12) None: 0
(13) F11: 0
(14) None: 0
(15) None: 0
(16) None: 0
(17) None: 0
----------------------------------------
Ngay: 2/3/2016 - Thoi gian: 5:0
(1) : 0
(2) None: 0
(3) Phi Hanh Doan Avengers: 0
(4) §Family§Boss§Killer§Trùm§: 0
(5) None: 0
(6) None: 0
(7) None: 0
(8) HIII: 0
(9) Bad Boys Society: 0
(10) Phi Hanh Doan Avengers: 0
(11) None: 0
(12) None: 0
(13) F11: 0
(14) None: 0
(15) None: 0
(16) None: 0
(17) None: 0
----------------------------------------
Ngay: 2/3/2016 - Thoi gian: 6:0
(1) : 0
(2) None: 0
(3) Phi Hanh Doan Avengers: 0
(4) §Family§Boss§Killer§Trùm§: 0
(5) None: 0
(6) None: 0
(7) None: 0
(8) HIII: 0
(9) Bad Boys Society: 0
(10) Phi Hanh Doan Avengers: 0
(11) None: 0
(12) None: 0
(13) F11: 0
(14) None: 0
(15) None: 0
(16) None: 0
(17) None: 0
----------------------------------------
Ngay: 2/3/2016 - Thoi gian: 7:0
(1) : 0
(2) None: 0
(3) Phi Hanh Doan Avengers: 0
(4) §Family§Boss§Killer§Trùm§: 0
(5) None: 0
(6) None: 0
(7) None: 0
(8) HIII: 0
(9) Bad Boys Society: 0
(10) Phi Hanh Doan Avengers: 0
(11) None: 0
(12) None: 0
(13) F11: 0
(14) None: 0
(15) None: 0
(16) None: 0
(17) None: 0
----------------------------------------
Ngay: 2/3/2016 - Thoi gian: 8:0
(1) : 0
(2) None: 0
(3) Phi Hanh Doan Avengers: 0
(4) §Family§Boss§Killer§Trùm§: 1
(5) None: 0
(6) None: 0
(7) None: 0
(8) HIII: 0
(9) Bad Boys Society: 0
(10) Phi Hanh Doan Avengers: 0
(11) None: 0
(12) None: 0
(13) F11: 0
(14) None: 0
(15) None: 0
(16) None: 0
(17) None: 3
----------------------------------------
Ngay: 2/3/2016 - Thoi gian: 9:1
(1) : 0
(2) None: 0
(3) Phi Hanh Doan Avengers: 0
(4) §Family§Boss§Killer§Trùm§: 2
(5) None: 0
(6) None: 0
(7) None: 0
(8) HIII: 0
(9) Bad Boys Society: 0
(10) Phi Hanh Doan Avengers: 0
(11) None: 0
(12) None: 0
(13) F11: 0
(14) None: 0
(15) None: 0
(16) None: 0
(17) None: 2
----------------------------------------
Ngay: 2/3/2016 - Thoi gian: 10:1
(1) : 0
(2) None: 0
(3) Phi Hanh Doan Avengers: 0
(4) §Family§Boss§Killer§Trùm§: 6
(5) None: 0
(6) None: 0
(7) None: 0
(8) HIII: 0
(9) Bad Boys Society: 0
(10) Phi Hanh Doan Avengers: 0
(11) None: 0
(12) None: 0
(13) F11: 0
(14) None: 0
(15) None: 0
(16) None: 0
(17) None: 2
----------------------------------------
Ngay: 2/3/2016 - Thoi gian: 11:0
(1) : 0
(2) None: 0
(3) Phi Hanh Doan Avengers: 0
(4) §Family§Boss§Trum§KhungBo§: 9
(5) None: 0
(6) None: 0
(7) None: 0
(8) HIII: 0
(9) Bad Boys Society: 0
(10) Phi Hanh Doan Avengers: 0
(11) None: 0
(12) None: 0
(13) F11: 0
(14) None: 0
(15) None: 0
(16) None: 0
(17) None: 1
----------------------------------------
Ngay: 2/3/2016 - Thoi gian: 12:0
(1) : 0
(2) None: 0
(3) Phi Hanh Doan Avengers: 0
(4) §Family§Boss§Trum§KhungBo§: 5
(5) None: 0
(6) 5 Yakura: 0
(7) None: 0
(8) HIII: 0
(9) Bad Boys Society: 0
(10) Phi Hanh Doan Avengers: 0
(11) None: 0
(12) None: 0
(13) F11: 0
(14) None: 0
(15) None: 0
(16) None: 0
(17) None: 0
----------------------------------------
Ngay: 2/3/2016 - Thoi gian: 13:0
(1) : 0
(2) None: 0
(3) Phi Hanh Doan Avengers: 0
(4) §Family§Boss§Trum§KhungBo§: 0
(5) None: 0
(6) 5 Yakura: 0
(7) None: 0
(8) HIII: 0
(9) Bad Boys Society: 0
(10) Phi Hanh Doan Avengers: 0
(11) None: 0
(12) None: 0
(13) F11: 0
(14) None: 0
(15) None: 0
(16) None: 0
(17) None: 0
----------------------------------------
Ngay: 2/3/2016 - Thoi gian: 14:0
(1) : 0
(2) None: 0
(3) Phi Hanh Doan Avengers: 0
(4) §Family§Boss§Trum§KhungBo§: 1
(5) None: 0
(6) 5 Yakura: 0
(7) None: 0
(8) HIII: 0
(9) Bad Boys Society: 0
(10) Phi Hanh Doan Avengers: 2
(11) None: 0
(12) None: 0
(13) F11: 0
(14) None: 0
(15) None: 0
(16) None: 0
(17) None: 0
----------------------------------------
Ngay: 2/3/2016 - Thoi gian: 15:1
(1) : 0
(2) None: 0
(3) Phi Hanh Doan Avengers: 0
(4) §Family§Boss§Trum§KhungBo§: 3
(5) None: 0
(6) 5 Yakura: 0
(7) None: 0
(8) HIII: 0
(9) Bad Boys Society: 0
(10) Phi Hanh Doan Avengers: 0
(11) None: 0
(12) None: 0
(13) F11: 0
(14) None: 0
(15) None: 0
(16) None: 0
(17) None: 0
----------------------------------------
Ngay: 2/3/2016 - Thoi gian: 16:0
(1) : 0
(2) None: 0
(3) Phi Hanh Doan Avengers: 0
(4) §Family§Boss§Trum§KhungBo§: 1
(5) None: 0
(6) 5 Yakura: 0
(7) None: 0
(8) HIII: 0
(9) Bad Boys Society: 0
(10) Phi Hanh Doan Avengers: 1
(11) None: 0
(12) None: 0
(13) F11: 0
(14) None: 0
(15) None: 0
(16) None: 0
(17) None: 0
----------------------------------------
Ngay: 2/3/2016 - Thoi gian: 17:1
(1) : 0
(2) None: 0
(3) Phi Hanh Doan Avengers: 0
(4) §Family§Boss§Trum§KhungBo§: 2
(5) None: 0
(6) Mafia'Hardy-DownTown: 4
(7) None: 0
(8) HIII: 0
(9) Bad Boys Society: 0
(10) Phi Hanh Doan Avengers: 0
(11) None: 0
(12) None: 0
(13) F11: 0
(14) None: 0
(15) None: 0
(16) None: 6
(17) None: 0
----------------------------------------
Ngay: 2/3/2016 - Thoi gian: 18:0
(1) : 0
(2) None: 0
(3) Phi Hanh Doan Avengers: 0
(4) §Family§Boss§Trum§KhungBo§: 1
(5) None: 0
(6) Mafia'Hardy-DownTown: 4
(7) None: 0
(8) HIII: 0
(9) Bad Boys Society: 0
(10) Phi Hanh Doan Avengers: 1
(11) None: 0
(12) None: 0
(13) F11: 0
(14) None: 0
(15) None: 0
(16) «+The©BestOamily®Pirates+»: 4
(17) None: 0
----------------------------------------
Ngay: 2/3/2016 - Thoi gian: 19:0
(1) : 0
(2) None: 0
(3) None: 0
(4) §Family§Boss§Trum§KhungBo§: 4
(5) None: 0
(6) None: 0
(7) None: 0
(8) HIII: 0
(9) Bad Boys Society: 0
(10) None: 0
(11) None: 0
(12) None: 0
(13) None: 0
(14) None: 0
(15) None: 0
(16) None: 0
(17) None: 0
----------------------------------------
Ngay: 2/3/2016 - Thoi gian: 20:1
(1) : 0
(2) None: 0
(3) None: 0
(4) §Family§Boss§Trum§KhungBo§: 4
(5) None: 0
(6) Mafia'Hardy-King's: 2
(7) None: 0
(8) HIII: 0
(9) Bad Boys Society: 0
(10) Yakuza: 0
(11) None: 0
(12) None: 0
(13) None: 0
(14) None: 0
(15) None: 0
(16) None: 0
(17) None: 1
----------------------------------------
Ngay: 2/3/2016 - Thoi gian: 21:0
(1) : 0
(2) None: 0
(3) None: 0
(4) §Family§Boss§Trum§KhungBo§: 3
(5) None: 0
(6) Mafia'Hardy-King's: 3
(7) None: 0
(8) Minh Mân~: 1
(9) Bad Boys Society: 0
(10) Avengers Team: 1
(11) None: 0
(12) None: 0
(13) None: 0
(14) None: 0
(15) None: 0
(16) None: 0
(17) «½The©Best¾amily®Pirates¼» :): 0
----------------------------------------
Ngay: 2/3/2016 - Thoi gian: 22:0
(1) : 0
(2) None: 0
(3) None: 0
(4) §Family§Boss§Trum§KhungBo§: 0
(5) None: 0
(6) Mafia'Hardy-King's: 2
(7) None: 0
(8) Minh Mân~: 1
(9) Bad Boys Society: 0
(10) Avengers Team: 0
(11) Hillop Militia: 1
(12) None: 0
(13) None: 0
(14) None: 0
(15) None: 0
(16) None: 0
(17) «½The©Best¾amily®Pirates¼» :): 0
----------------------------------------
Ngay: 2/3/2016 - Thoi gian: 23:0
(1) : 0
(2) None: 0
(3) None: 0
(4) §Family§Boss§Trum§KhungBo§: 0
(5) None: 0
(6) Mafia'Hardy-King's: 0
(7) None: 0
(8) Minh Mân~: 3
(9) Bad Boys Society: 0
(10) Avengers Team: 0
(11) Hampton Militia: 3
(12) None: 0
(13) None: 0
(14) None: 0
(15) None: 0
(16) None: 0
(17) «½The©Best¾amily®Pirates¼» :): 0
----------------------------------------
Ngay: 2/4/2016 - Thoi gian: 0:0
(1) : 0
(2) None: 0
(3) None: 0
(4) §Family§Boss§Trum§KhungBo§: 0
(5) None: 0
(6) Mafia'Hardy-King's: 0
(7) None: 0
(8) Minh Mân~: 1
(9) Bad Boys Society: 0
(10) Avengers Team: 0
(11) Hilltop Militia: 0
(12) None: 0
(13) None: 0
(14) None: 0
(15) None: 0
(16) None: 0
(17) «½The©Best¾amily®Pirates¼» :): 0
----------------------------------------
Ngay: 2/4/2016 - Thoi gian: 1:0
(1) : 0
(2) None: 0
(3) None: 0
(4) §Family§Boss§Trum§KhungBo§: 0
(5) None: 0
(6) Mafia'Hardy-King's: 0
(7) None: 0
(8) Minh Mân~: 2
(9) Bad Boys Society: 0
(10) Avengers Team: 0
(11) Hilltop Militia: 0
(12) None: 0
(13) None: 0
(14) None: 0
(15) None: 0
(16) None: 0
(17) «½The©Best¾amily®Pirates¼» :): 0
----------------------------------------
Ngay: 2/4/2016 - Thoi gian: 2:0
(1) : 0
(2) None: 0
(3) None: 0
(4) §Family§Boss§Trum§KhungBo§: 0
(5) None: 0
(6) Mafia'Hardy-King's: 0
(7) None: 0
(8) Minh Mân~: 2
(9) Bad Boys Society: 0
(10) Avengers Team: 0
(11) Hilltop Militia: 0
(12) None: 0
(13) None: 0
(14) None: 0
(15) None: 0
(16) None: 0
(17) «½The©Best¾amily®Pirates¼» :): 0
----------------------------------------
Ngay: 2/4/2016 - Thoi gian: 3:0
(1) : 0
(2) None: 0
(3) None: 0
(4) §Family§Boss§Trum§KhungBo§: 0
(5) None: 0
(6) Mafia'Hardy-King's: 0
(7) None: 0
(8) Minh Mân~: 0
(9) Bad Boys Society: 0
(10) Avengers Team: 0
(11) Hilltop Militia: 0
(12) None: 0
(13) None: 0
(14) None: 0
(15) None: 0
(16) None: 0
(17) «½The©Best¾amily®Pirates¼» :): 0
----------------------------------------
Ngay: 2/4/2016 - Thoi gian: 4:0
(1) : 0
(2) None: 0
(3) None: 0
(4) §Family§Boss§Trum§KhungBo§: 0
(5) None: 0
(6) Mafia'Hardy-King's: 0
(7) None: 0
(8) Minh Mân~: 0
(9) Bad Boys Society: 0
(10) Avengers Team: 0
(11) Hilltop Militia: 0
(12) None: 0
(13) None: 0
(14) None: 0
(15) None: 0
(16) None: 0
(17) «½The©Best¾amily®Pirates¼» :): 0
----------------------------------------
Ngay: 2/4/2016 - Thoi gian: 5:0
(1) : 0
(2) None: 0
(3) None: 0
(4) §Family§Boss§Trum§KhungBo§: 0
(5) None: 0
(6) Mafia'Hardy-King's: 0
(7) None: 0
(8) Minh Mân~: 0
(9) Bad Boys Society: 0
(10) Avengers Team: 0
(11) Hilltop Militia: 0
(12) None: 0
(13) None: 0
(14) None: 0
(15) None: 0
(16) None: 0
(17) «½The©Best¾amily®Pirates¼» :): 0
----------------------------------------
Ngay: 2/4/2016 - Thoi gian: 6:0
(1) : 0
(2) None: 0
(3) None: 0
(4) §Family§Boss§Trum§KhungBo§: 0
(5) None: 0
(6) Mafia'Hardy-King's: 0
(7) None: 0
(8) Minh Mân~: 0
(9) Bad Boys Society: 0
(10) Avengers Team: 0
(11) Hilltop Militia: 0
(12) None: 0
(13) None: 0
(14) None: 0
(15) None: 0
(16) None: 0
(17) «½The©Best¾amily®Pirates¼» :): 0
----------------------------------------
Ngay: 2/4/2016 - Thoi gian: 7:0
(1) : 0
(2) None: 0
(3) None: 0
(4) §Family§Boss§Trum§KhungBo§: 0
(5) None: 0
(6) Mafia'Hardy-King's: 1
(7) None: 0
(8) Minh Mân~: 0
(9) Bad Boys Society: 0
(10) Avengers Team: 0
(11) Hilltop Militia: 0
(12) None: 0
(13) None: 0
(14) None: 0
(15) None: 0
(16) None: 0
(17) «½The©Best¾amily®Pirates¼» :): 0
----------------------------------------
Ngay: 2/4/2016 - Thoi gian: 8:0
(1) : 0
(2) None: 0
(3) None: 0
(4) §Family§Boss§Trum§KhungBo§: 1
(5) None: 0
(6) Mafia'Hardy-King's: 0
(7) None: 0
(8) Minh Mân~: 1
(9) Bad Boys Society: 0
(10) Avengers Team: 0
(11) Hilltop Militia: 0
(12) None: 0
(13) None: 0
(14) None: 0
(15) None: 0
(16) None: 0
(17) «½The©Best¾amily®Pirates¼» :): 0
----------------------------------------
Ngay: 2/4/2016 - Thoi gian: 9:1
(1) : 0
(2) None: 0
(3) None: 0
(4) §Family§Boss§Trùm§KhungBo§: 8
(5) None: 0
(6) Mafia'Hardy-King's: 4
(7) None: 0
(8) Minh Mân~: 2
(9) Bad Boys Society: 0
(10) Avengers Team: 0
(11) Hilltop Militia: 0
(12) None: 0
(13) None: 0
(14) None: 0
(15) None: 0
(16) None: 0
(17) «½The©Best¾amily®Pirates¼» :): 0
----------------------------------------
Ngay: 2/4/2016 - Thoi gian: 10:0
(1) : 0
(2) None: 0
(3) None: 0
(4) §Family§Boss§Trùm§KhungBo§: 3
(5) None: 0
(6) Mafia'Hardy-King's: 1
(7) None: 0
(8) Minh Mân~: 2
(9) Bad Boys Society: 0
(10) Avengers Team: 0
(11) Hilltop Militia: 1
(12) None: 0
(13) None: 0
(14) None: 0
(15) None: 0
(16) None: 0
(17) «½The©Best¾amily®Pirates¼» :): 0
----------------------------------------
Ngay: 2/4/2016 - Thoi gian: 11:0
(1) : 0
(2) None: 0
(3) None: 0
(4) §Family§Boss§Trùm§KhungBo§: 0
(5) None: 0
(6) Mafia'Hardy-King's: 0
(7) None: 0
(8) Minh Mân~: 0
(9) Bad Boys Society: 0
(10) Avengers Team: 0
(11) Hamtop Militia: 0
(12) None: 0
(13) None: 0
(14) None: 0
(15) None: 0
(16) None: 0
(17) «½The©Best¾amily®Pirates¼» :): 0
----------------------------------------
Ngay: 2/4/2016 - Thoi gian: 12:1
(1) : 0
(2) None: 0
(3) None: 0
(4) §Family§Boss§Trùm§KhungBo§: 4
(5) None: 0
(6) Mafia'Hardy-King's: 0
(7) None: 0
(8) Minh Mân~: 2
(9) Bad Boys Society: 0
(10) Avengers Team: 0
(11) Hilltop Militia: 2
(12) None: 0
(13) None: 0
(14) None: 0
(15) None: 0
(16) None: 0
(17) «½The©Best¾amily®Pirates¼» :): 0
----------------------------------------
Ngay: 2/4/2016 - Thoi gian: 13:0
(1) : 0
(2) None: 0
(3) None: 0
(4) §Family§Boss§Trùm§KhungBo§: 3
(5) None: 0
(6) Mafia'Hardy-King's: 0
(7) None: 0
(8) Minh Mân~: 0
(9) Bad Boys Society: 0
(10) Avengers Team: 0
(11) Hilltop Militia: 1
(12) None: 0
(13) None: 0
(14) None: 0
(15) None: 0
(16) None: 0
(17) «½The©Best¾amily®Pirates¼» :): 0
----------------------------------------
Ngay: 2/4/2016 - Thoi gian: 14:0
(1) : 0
(2) None: 0
(3) None: 0
(4) §Family§Boss§Trùm§KhungBo§: 3
(5) None: 0
(6) Mafia'Hardy-King's: 2
(7) None: 0
(8) Minh Mân~: 0
(9) Bad Boys Society: 0
(10) Avengers Team: 0
(11) Hilltop Militia: 0
(12) None: 0
(13) None: 0
(14) None: 0
(15) None: 0
(16) None: 0
(17) «½The©Best¾amily®Pirates¼» :): 0
----------------------------------------
Ngay: 2/4/2016 - Thoi gian: 15:0
(1) : 0
(2) None: 0
(3) None: 0
(4) §Family§Boss§Trùm§KhungBo§: 4
(5) None: 0
(6) Mafia'Hardy-King's: 4
(7) None: 0
(8) Minh Mân~: 2
(9) Bad Boys Society: 0
(10) Avengers Team: 0
(11) Hilltop Militia: 0
(12) None: 0
(13) None: 0
(14) None: 0
(15) None: 0
(16) None: 0
(17) «½The©Best¾amily®Pirates¼» :): 0
----------------------------------------
Ngay: 2/4/2016 - Thoi gian: 16:0
(1) : 0
(2) None: 0
(3) None: 0
(4) §Family§Boss§Trùm§KhungBo§: 5
(5) None: 0
(6) Mafia'Hardy-King's: 0
(7) None: 0
(8) Minh Mân~: 1
(9) Bad Boys Society: 0
(10) Avengers Team: 0
(11) Hilltop Militia: 0
(12) None: 0
(13) None: 0
(14) None: 0
(15) None: 0
(16) None: 0
(17) «½The©Best¾amily®Pirates¼» :): 0
----------------------------------------
Ngay: 2/4/2016 - Thoi gian: 17:0
(1) : 0
(2) None: 0
(3) None: 0
(4) §Family§Boss§Trùm§KhungBo§: 2
(5) None: 0
(6) Mafia'Hardy-King's: 1
(7) None: 0
(8) Minh Mân~: 0
(9) Bad Boys Society: 0
(10) Avengers Team: 0
(11) Hilltop Militia: 0
(12) None: 0
(13) None: 0
(14) None: 0
(15) None: 0
(16) None: 0
(17) «½The©Best¾amily®Pirates¼» :): 0
----------------------------------------
Ngay: 2/4/2016 - Thoi gian: 18:1
(1) : 0
(2) None: 0
(3) None: 0
(4) §Family§Boss§Trùm§KhungBo§: 5
(5) None: 0
(6) Mafia'Hardy-King's: 0
(7) None: 0
(8) Minh Mân~: 0
(9) Bad Boys Society: 0
(10) Avengers Team: 0
(11) Hilltop Militia: 0
(12) None: 0
(13) None: 0
(14) None: 0
(15) None: 0
(16) None: 0
(17) «½The©Best¾amily®Pirates¼» :): 0
----------------------------------------
Ngay: 2/4/2016 - Thoi gian: 19:0
(1) : 0
(2) None: 0
(3) None: 0
(4) §Family§Boss§Trùm§KhungBo§: 2
(5) None: 0
(6) Mafia'Hardy-King's: 1
(7) None: 0
(8) Minh Mân~: 0
(9) Bad Boys Society: 0
(10) Avengers Team: 0
(11) Hilltop Militia: 0
(12) None: 0
(13) None: 0
(14) None: 0
(15) None: 0
(16) None: 0
(17) «½The©Best¾amily®Pirates¼» :): 0
----------------------------------------
Ngay: 2/4/2016 - Thoi gian: 20:0
(1) : 0
(2) None: 0
(3) None: 0
(4) §Family§Boss§Trùm§KhungBo§: 2
(5) None: 0
(6) Mafia'Hardy-King's: 2
(7) None: 0
(8) Minh Mân~: 0
(9) Bad Boys Society: 0
(10) Avengers Team: 0
(11) Hilltop Militia: 0
(12) None: 0
(13) None: 0
(14) None: 0
(15) None: 0
(16) None: 0
(17) «½The©Best¾amily®Pirates¼» :): 0
----------------------------------------
Ngay: 2/4/2016 - Thoi gian: 21:0
(1) : 0
(2) None: 0
(3) None: 0
(4) §Family§Boss§Trùm§KhungBo§: 0
(5) None: 0
(6) Mafia'Hardy-King's: 1
(7) None: 0
(8) Minh Mân~: 1
(9) Bad Boys Society: 0
(10) Avengers Team: 0
(11) Hilltop Militia: 0
(12) None: 0
(13) None: 0
(14) None: 0
(15) None: 0
(16) None: 0
(17) «½The©Best¾amily®Pirates¼» :): 0
----------------------------------------
Ngay: 2/4/2016 - Thoi gian: 22:0
(1) : 0
(2) None: 0
(3) None: 0
(4) §Family§Boss§Trùm§KhungBo§: 1
(5) None: 0
(6) Mafia'Hardy-King's: 0
(7) None: 0
(8) Minh Mân~: 1
(9) Bad Boys Society: 0
(10) Avengers Team: 0
(11) Hilltop Militia: 0
(12) None: 0
(13) None: 0
(14) None: 0
(15) None: 0
(16) None: 0
(17) «½The©Best¾amily®Pirates¼» :): 0
----------------------------------------
Ngay: 2/4/2016 - Thoi gian: 23:0
(1) : 0
(2) None: 0
(3) None: 0
(4) §Family§Boss§Trùm§KhungBo§: 0
(5) None: 0
(6) Mafia'Hardy-King's: 0
(7) None: 0
(8) Minh Mân~: 1
(9) Bad Boys Society: 0
(10) Avengers Team: 0
(11) Hilltop Militia: 0
(12) None: 0
(13) None: 0
(14) None: 0
(15) None: 0
(16) None: 0
(17) «½The©Best¾amily®Pirates¼» :): 0
----------------------------------------
Ngay: 2/5/2016 - Thoi gian: 0:0
(1) : 0
(2) None: 0
(3) None: 0
(4) §Family§Boss§Trùm§KhungBo§: 1
(5) None: 0
(6) Mafia'Hardy-King's: 0
(7) None: 0
(8) Minh Mân~: 1
(9) Bad Boys Society: 0
(10) Avengers Team: 0
(11) Hilltop Militia: 0
(12) None: 0
(13) None: 0
(14) None: 0
(15) None: 0
(16) None: 0
(17) «½The©Best¾amily®Pirates¼» :): 0
----------------------------------------
Ngay: 2/5/2016 - Thoi gian: 1:0
(1) : 0
(2) None: 0
(3) None: 0
(4) §Family§Boss§Trùm§KhungBo§: 1
(5) None: 0
(6) Mafia'Hardy-King's: 0
(7) None: 0
(8) Minh Mân~: 2
(9) Bad Boys Society: 0
(10) Avengers Team: 0
(11) Hilltop Militia: 0
(12) None: 0
(13) None: 0
(14) None: 0
(15) None: 0
(16) None: 0
(17) «½The©Best¾amily®Pirates¼» :): 0
----------------------------------------
Ngay: 2/5/2016 - Thoi gian: 2:0
(1) : 0
(2) None: 0
(3) None: 0
(4) §Family§Boss§Trùm§KhungBo§: 0
(5) None: 0
(6) Mafia'Hardy-King's: 0
(7) None: 0
(8) Minh Mân~: 0
(9) Bad Boys Society: 0
(10) Avengers Team: 0
(11) Hilltop Militia: 0
(12) None: 0
(13) None: 0
(14) None: 0
(15) None: 0
(16) None: 0
(17) «½The©Best¾amily®Pirates¼» :): 0
----------------------------------------
Ngay: 2/5/2016 - Thoi gian: 4:0
(1) : 0
(2) None: 0
(3) None: 0
(4) §Family§Boss§Trùm§KhungBo§: 0
(5) None: 0
(6) Mafia'Hardy-King's: 0
(7) None: 0
(8) Minh Mân~: 0
(9) Bad Boys Society: 0
(10) Avengers Team: 0
(11) Hilltop Militia: 0
(12) None: 0
(13) None: 0
(14) None: 0
(15) None: 0
(16) None: 0
(17) «½The©Best¾amily®Pirates¼» :): 0
----------------------------------------
Ngay: 2/5/2016 - Thoi gian: 5:0
(1) : 0
(2) None: 0
(3) None: 0
(4) §Family§Boss§Trùm§KhungBo§: 0
(5) None: 0
(6) Mafia'Hardy-King's: 0
(7) None: 0
(8) Minh Mân~: 0
(9) Bad Boys Society: 0
(10) Avengers Team: 0
(11) Hilltop Militia: 0
(12) None: 0
(13) None: 0
(14) None: 0
(15) None: 0
(16) None: 0
(17) «½The©Best¾amily®Pirates¼» :): 0
----------------------------------------
Ngay: 2/5/2016 - Thoi gian: 6:0
(1) : 0
(2) None: 0
(3) None: 0
(4) §Family§Boss§Trùm§KhungBo§: 0
(5) None: 0
(6) Mafia'Hardy-King's: 0
(7) None: 0
(8) Minh Mân~: 0
(9) Bad Boys Society: 0
(10) Avengers Team: 0
(11) Hilltop Militia: 0
(12) None: 0
(13) None: 0
(14) None: 0
(15) None: 0
(16) None: 0
(17) «½The©Best¾amily®Pirates¼» :): 0
----------------------------------------
Ngay: 2/5/2016 - Thoi gian: 7:0
(1) : 0
(2) None: 0
(3) None: 0
(4) §Family§Boss§Trùm§KhungBo§: 0
(5) None: 0
(6) Mafia'Hardy-King's: 1
(7) None: 0
(8) Minh Mân~: 0
(9) Bad Boys Society: 0
(10) Avengers Team: 0
(11) Hilltop Militia: 0
(12) None: 0
(13) None: 0
(14) None: 0
(15) None: 0
(16) None: 0
(17) «½The©Best¾amily®Pirates¼» :): 0
----------------------------------------
Ngay: 2/5/2016 - Thoi gian: 8:0
(1) : 0
(2) None: 0
(3) None: 0
(4) §Family§Boss§Trùm§KhungBo§: 4
(5) None: 0
(6) Mafia'Hardy-King's: 0
(7) None: 0
(8) Minh Mân~: 0
(9) Bad Boys Society: 0
(10) Avengers Team: 0
(11) Hilltop Militia: 0
(12) None: 0
(13) None: 0
(14) None: 0
(15) None: 0
(16) None: 0
(17) «½The©Best¾amily®Pirates¼» :): 0
----------------------------------------
Ngay: 2/5/2016 - Thoi gian: 9:0
(1) : 0
(2) None: 0
(3) None: 0
(4) §Family§Boss§Trùm§KhungBo§: 0
(5) None: 0
(6) Mafia'Hardy-King's: 0
(7) None: 0
(8) Minh Mân~: 0
(9) Bad Boys Society: 0
(10) Avengers Team: 0
(11) Hilltop Militia: 0
(12) None: 0
(13) None: 0
(14) None: 0
(15) None: 0
(16) None: 0
(17) «½The©Best¾amily®Pirates¼» :): 0
----------------------------------------
Ngay: 2/5/2016 - Thoi gian: 14:0
(1) : 0
(2) None: 0
(3) None: 0
(4) §Family§Boss§Trùm§KhungBo§: 1
(5) None: 0
(6) Mafia'Hardy-King's: 0
(7) None: 0
(8) Minh Mân~: 2
(9) Bad Boys Society: 0
(10) Avengers Team: 0
(11) Hilltop Militia: 0
(12) None: 0
(13) None: 0
(14) None: 0
(15) None: 0
(16) None: 0
(17) «½The©Best¾amily®Pirates¼» :): 0
----------------------------------------
Ngay: 2/5/2016 - Thoi gian: 15:0
(1) : 0
(2) None: 0
(3) None: 0
(4) §Family§Boss§Trùm§KhungBo§: 2
(5) None: 0
(6) Mafia'Hardy-King's: 3
(7) None: 0
(8) Minh Mân~: 0
(9) Bad Boys Society: 0
(10) Avengers Team: 0
(11) Hilltop Militia: 0
(12) None: 0
(13) None: 0
(14) None: 0
(15) None: 0
(16) None: 0
(17) «½The©Best¾amily®Pirates¼» :): 0
----------------------------------------
Ngay: 2/5/2016 - Thoi gian: 16:0
(1) : 0
(2) None: 0
(3) None: 0
(4) §Family§Boss§Trùm§KhungBo§: 4
(5) None: 0
(6) Mafia'Hardy-King's: 0
(7) None: 0
(8) Minh Mân~: 0
(9) Bad Boys Society: 0
(10) Avengers Team: 0
(11) Hilltop Militia: 0
(12) None: 0
(13) None: 0
(14) None: 0
(15) None: 0
(16) None: 1
(17) «½The©Best¾amily®Pirates¼» :): 0
----------------------------------------
Ngay: 2/5/2016 - Thoi gian: 17:0
(1) : 0
(2) None: 0
(3) None: 0
(4) §Family§Boss§Trùm§KhungBo§: 0
(5) None: 0
(6) Mafia'Hardy-King's: 0
(7) None: 0
(8) Minh Mân~: 0
(9) Bad Boys Society: 0
(10) Avengers Team: 0
(11) Hilltop Militia: 0
(12) None: 0
(13) None: 0
(14) None: 0
(15) None: 0
(16) None: 0
(17) «½The©Best¾amily®Pirates¼» :): 0
----------------------------------------
Ngay: 2/5/2016 - Thoi gian: 18:0
(1) : 0
(2) None: 0
(3) None: 0
(4) §Family§Boss§Trùm§KhungBo§: 3
(5) None: 0
(6) Mafia'Hardy-King's: 0
(7) None: 0
(8) Minh Mân~: 0
(9) Bad Boys Society: 0
(10) Avengers Team: 0
(11) Hilltop Militia: 0
(12) None: 0
(13) None: 0
(14) None: 0
(15) None: 0
(16) None: 0
(17) «½The©Best¾amily®Pirates¼» :): 0
----------------------------------------
Ngay: 2/5/2016 - Thoi gian: 19:0
(1) : 0
(2) None: 0
(3) None: 0
(4) §Family§Boss§Trùm§KhungBo§: 4
(5) None: 0
(6) Mafia'Hardy-King's: 3
(7) None: 0
(8) Minh Mân~: 1
(9) Bad Boys Society: 0
(10) Avengers Team: 0
(11) Hilltop Militia: 0
(12) None: 0
(13) None: 0
(14) None: 0
(15) None: 0
(16) TheBlackGold: 1
(17) «½The©Best¾amily®Pirates¼» :): 0
----------------------------------------
Ngay: 2/5/2016 - Thoi gian: 20:1
(1) : 0
(2) None: 0
(3) None: 0
(4) §Family§Boss§Trùm§KhungBo§: 0
(5) None: 0
(6) Mafia'Hardy-King's: 1
(7) None: 0
(8) Minh Mân~: 0
(9) Bad Boys Society: 0
(10) Avengers Team: 0
(11) Hilltop Militia: 0
(12) None: 0
(13) None: 0
(14) None: 0
(15) None: 0
(16) The Black Gold: 1
(17) «½The©Best¾amily®Pirates¼» :): 0
----------------------------------------
Ngay: 2/5/2016 - Thoi gian: 21:0
(1) : 0
(2) None: 0
(3) None: 0
(4) §Family§Boss§Trùm§KhungBo§: 2
(5) None: 0
(6) Mafia'Hardy-King's: 2
(7) None: 0
(8) Minh Mân~: 1
(9) Bad Boys Society: 0
(10) Avengers Team: 0
(11) Hilltop Militia: 0
(12) None: 0
(13) None: 0
(14) None: 0
(15) None: 0
(16) The Black Gold: 2
(17) «½The©Best¾amily®Pirates¼» :): 1
----------------------------------------
Ngay: 2/5/2016 - Thoi gian: 22:0
(1) : 0
(2) None: 0
(3) None: 0
(4) §Family§Boss§Trùm§KhungBo§: 0
(5) None: 0
(6) Mafia'Hardy-King's: 0
(7) F6 Hôi Tu: 1
(8) Minh Mân~: 1
(9) Bad Boys Society: 0
(10) Avengers Team: 0
(11) Hilltop Militia: 0
(12) None: 0
(13) None: 0
(14) None: 0
(15) None: 0
(16) The Black Gold: 2
(17) «½The©Best¾amily®Pirates¼» :): 2
----------------------------------------
Ngay: 2/5/2016 - Thoi gian: 23:0
(1) : 0
(2) None: 0
(3) None: 0
(4) §Family§Boss§Trùm§KhungBo§: 0
(5) None: 0
(6) Mafia'Hardy-King's: 0
(7) F6 Hôi Tu: 0
(8) Minh Mân~: 0
(9) Bad Boys Society: 0
(10) Avengers Team: 0
(11) Hilltop Militia: 0
(12) None: 0
(13) None: 0
(14) None: 0
(15) None: 0
(16) The Black Gold: 2
(17) «½The©Best¾amily®Pirates¼» :): 0
----------------------------------------
Ngay: 2/6/2016 - Thoi gian: 0:0
(1) : 0
(2) None: 0
(3) None: 0
(4) §Family§Boss§Trùm§KhungBo§: 0
(5) None: 0
(6) Mafia'Hardy-King's: 0
(7) F6 Hôi Tu: 0
(8) Minh Mân~: 0
(9) Bad Boys Society: 0
(10) Avengers Team: 0
(11) Hilltop Militia: 0
(12) None: 0
(13) None: 0
(14) None: 0
(15) None: 0
(16) The Black Gold: 1
(17) «½The©Best¾amily®Pirates¼» :): 0
----------------------------------------
Ngay: 2/6/2016 - Thoi gian: 1:0
(1) : 0
(2) None: 0
(3) None: 0
(4) §Family§Boss§Trùm§KhungBo§: 0
(5) None: 0
(6) Mafia'Hardy-King's: 0
(7) F6 Hôi Tu: 0
(8) Minh Mân~: 0
(9) Bad Boys Society: 0
(10) Avengers Team: 0
(11) Hilltop Militia: 0
(12) None: 0
(13) None: 0
(14) None: 0
(15) None: 0
(16) The Black Gold: 0
(17) «½The©Best¾amily®Pirates¼» :): 0
----------------------------------------
Ngay: 2/6/2016 - Thoi gian: 2:0
(1) : 0
(2) None: 0
(3) None: 0
(4) §Family§Boss§Trùm§KhungBo§: 0
(5) None: 0
(6) Mafia'Hardy-King's: 0
(7) F6 Hôi Tu: 0
(8) Minh Mân~: 0
(9) Bad Boys Society: 0
(10) Avengers Team: 0
(11) Hilltop Militia: 0
(12) None: 0
(13) None: 0
(14) None: 0
(15) None: 0
(16) The Black Gold: 0
(17) «½The©Best¾amily®Pirates¼» :): 0
----------------------------------------
Ngay: 2/6/2016 - Thoi gian: 3:0
(1) : 0
(2) None: 0
(3) None: 0
(4) §Family§Boss§Trùm§KhungBo§: 0
(5) None: 0
(6) Mafia'Hardy-King's: 0
(7) F6 Hôi Tu: 0
(8) Minh Mân~: 0
(9) Bad Boys Society: 0
(10) Avengers Team: 0
(11) Hilltop Militia: 0
(12) None: 0
(13) None: 0
(14) None: 0
(15) None: 0
(16) The Black Gold: 0
(17) «½The©Best¾amily®Pirates¼» :): 0
----------------------------------------
Ngay: 2/6/2016 - Thoi gian: 4:0
(1) : 0
(2) None: 0
(3) None: 0
(4) §Family§Boss§Trùm§KhungBo§: 0
(5) None: 0
(6) Mafia'Hardy-King's: 0
(7) F6 Hôi Tu: 0
(8) Minh Mân~: 0
(9) Bad Boys Society: 0
(10) Avengers Team: 0
(11) Hilltop Militia: 0
(12) None: 0
(13) None: 0
(14) None: 0
(15) None: 0
(16) The Black Gold: 0
(17) «½The©Best¾amily®Pirates¼» :): 0
----------------------------------------
Ngay: 2/6/2016 - Thoi gian: 5:0
(1) : 0
(2) None: 0
(3) None: 0
(4) §Family§Boss§Trùm§KhungBo§: 0
(5) None: 0
(6) Mafia'Hardy-King's: 0
(7) F6 Hôi Tu: 0
(8) Minh Mân~: 0
(9) Bad Boys Society: 0
(10) Avengers Team: 0
(11) Hilltop Militia: 0
(12) None: 0
(13) None: 0
(14) None: 0
(15) None: 0
(16) The Black Gold: 0
(17) «½The©Best¾amily®Pirates¼» :): 0
----------------------------------------
Ngay: 2/6/2016 - Thoi gian: 6:0
(1) : 0
(2) None: 0
(3) None: 0
(4) §Family§Boss§Trùm§KhungBo§: 0
(5) None: 0
(6) Mafia'Hardy-King's: 0
(7) F6 Hôi Tu: 0
(8) Minh Mân~: 0
(9) Bad Boys Society: 0
(10) Avengers Team: 0
(11) Hilltop Militia: 0
(12) None: 0
(13) None: 0
(14) None: 0
(15) None: 0
(16) The Black Gold: 0
(17) «½The©Best¾amily®Pirates¼» :): 0
----------------------------------------
Ngay: 2/6/2016 - Thoi gian: 7:0
(1) : 0
(2) None: 0
(3) None: 0
(4) §Family§Boss§Trùm§KhungBo§: 0
(5) None: 0
(6) Mafia'Hardy-King's: 0
(7) F6 Hôi Tu: 0
(8) Minh Mân~: 0
(9) Bad Boys Society: 0
(10) Avengers Team: 0
(11) Hilltop Militia: 0
(12) None: 0
(13) None: 0
(14) None: 0
(15) None: 0
(16) The Black Gold: 0
(17) «½The©Best¾amily®Pirates¼» :): 0
----------------------------------------
Ngay: 2/6/2016 - Thoi gian: 8:0
(1) : 0
(2) None: 0
(3) None: 0
(4) §Family§Boss§Trùm§KhungBo§: 0
(5) None: 0
(6) Mafia'Hardy-King's: 0
(7) AnhEmHoiTu: 2
(8) Minh Mân~: 0
(9) Bad Boys Society: 0
(10) Avengers Team: 0
(11) Hilltop Militia: 0
(12) None: 0
(13) None: 0
(14) None: 0
(15) None: 0
(16) The Black Gold: 0
(17) «½The©Best¾amily®Pirates¼» :): 0
----------------------------------------
Ngay: 2/6/2016 - Thoi gian: 9:0
(1) : 0
(2) None: 0
(3) None: 0
(4) §Family§Boss§Trùm§KhungBo§: 1
(5) None: 0
(6) Mafia'Hardy-King's: 2
(7) None: 3
(8) Minh Mân~: 0
(9) Bad Boys Society: 0
(10) Avengers Team: 0
(11) Hilltop Militia: 0
(12) None: 0
(13) None: 0
(14) None: 0
(15) None: 0
(16) The Black Gold: 0
(17) »±The®Best°amily¯Pirates²±No1«: 1
----------------------------------------
Ngay: 2/6/2016 - Thoi gian: 10:0
(1) : 0
(2) None: 0
(3) None: 0
(4) §Family§Boss§Trùm§KhungBo§: 0
(5) None: 0
(6) Mafia'Hardy-King's: 0
(7) F6: 1
(8) Minh Mân~: 0
(9) Bad Boys Society: 0
(10) Avengers Team: 0
(11) Hilltop Militia: 0
(12) AnhEmHoiTu: 2
(13) None: 0
(14) None: 0
(15) None: 0
(16) The Black Gold: 0
(17) »±The®Best°amily¯Pirates²±No1«: 0
----------------------------------------
Ngay: 2/6/2016 - Thoi gian: 11:0
(1) : 0
(2) None: 0
(3) None: 0
(4) §Family§Boss§Trùm§KhungBo§: 9
(5) None: 0
(6) Mafia'Hardy-King's: 2
(7) F6: 0
(8) Minh Mân~: 0
(9) Bad Boys Society: 0
(10) Avengers Team: 0
(11) Hilltop Militia: 0
(12) AnhEmHoiTu: 4
(13) None: 0
(14) None: 0
(15) None: 0
(16) The Black Gold: 0
(17) »±The®Best°amily¯Pirates²±No1«: 1
----------------------------------------
Ngay: 2/6/2016 - Thoi gian: 12:0
(1) : 0
(2) None: 0
(3) None: 0
(4) §Family§Boss§Trùm§KhungBo§: 6
(5) None: 0
(6) Mafia'Hardy-King's: 0
(7) F6: 1
(8) Minh Mân~: 0
(9) Bad Boys Society: 0
(10) Avengers Team: 0
(11) Hilltop Militia: 0
(12) AnhEmHoiTu: 4
(13) None: 0
(14) None: 0
(15) None: 0
(16) The Black Gold: 0
(17) »±The®Best°amily¯Pirates²±No1«: 0
----------------------------------------
Ngay: 2/6/2016 - Thoi gian: 13:0
(1) : 0
(2) None: 0
(3) None: 0
(4) §Family§Boss§Trùm§KhungBo§: 1
(5) None: 0
(6) Mafia'Hardy-King's: 0
(7) F6: 1
(8) Minh Mân~: 0
(9) Bad Boys Society: 0
(10) Avengers Team: 0
(11) Hilltop Militia: 0
(12) AnhEmHoiTu: 2
(13) None: 0
(14) None: 0
(15) None: 0
(16) The Black Gold: 0
(17) »±The®Best°amily¯Pirates²±No1«: 0
----------------------------------------
Ngay: 2/6/2016 - Thoi gian: 14:0
(1) : 0
(2) None: 0
(3) None: 0
(4) §Family§Boss§Trùm§KhungBo§: 2
(5) None: 0
(6) Mafia'Hardy-King's: 1
(7) F6: 2
(8) Minh Mân~: 0
(9) Bad Boys Society: 0
(10) Avengers Team: 0
(11) Hilltop Militia: 0
(12) AnhEmHoiTu: 2
(13) None: 0
(14) None: 0
(15) None: 0
(16) The Black Gold: 2
(17) »±The®Best°amily¯Pirates²±No1«: 0
----------------------------------------
Ngay: 2/6/2016 - Thoi gian: 15:0
(1) : 0
(2) None: 0
(3) None: 0
(4) §Family§Boss§Trùm§KhungBo§: 3
(5) None: 0
(6) Mafia'Hardy-King's: 1
(7) Family F6: 2
(8) Minh Mân~: 0
(9) Bad Boys Society: 0
(10) Avengers Team: 0
(11) Hilltop Militia: 0
(12) AnhEmHoiTu: 0
(13) None: 0
(14) None: 0
(15) ø§Hoiam«Hoang»§ø: 0
(16) The Black Gold: 2
(17) »±The®Best°amily¯Pirates²±No1«: 0
----------------------------------------
Ngay: 2/6/2016 - Thoi gian: 16:0
(1) : 0
(2) None: 0
(3) None: 0
(4) §Family§Boss§Trùm§KhungBo§: 2
(5) None: 0
(6) Mafia'Hardy-King's: 0
(7) Family F6: 0
(8) Minh Mân~: 0
(9) Bad Boys Society: 0
(10) Avengers Team: 0
(11) Hilltop Militia: 0
(12) AnhEmHoiTu: 1
(13) None: 0
(14) None: 0
(15) ø§Hoiam«Hoang»§ø: 0
(16) The Black Gold: 2
(17) »±The®Best°amily¯Pirates²±No1«: 0
----------------------------------------
Ngay: 2/6/2016 - Thoi gian: 17:0
(1) : 0
(2) None: 0
(3) None: 0
(4) §Family§Boss§Trùm§KhungBo§: 0
(5) None: 0
(6) Mafia'Hardy-King's: 0
(7) Family F6: 0
(8) Minh Mân~: 0
(9) Bad Boys Society: 0
(10) Avengers Team: 0
(11) Hilltop Militia: 0
(12) AnhEmHoiTu: 1
(13) None: 0
(14) None: 0
(15) ø§Hoiam«Hoang»§ø: 0
(16) The Black Gold: 0
(17) »±The®Best°amily¯Pirates²±No1«: 0
----------------------------------------
Ngay: 2/6/2016 - Thoi gian: 18:0
(1) : 0
(2) None: 0
(3) None: 0
(4) §Family§Boss§Trùm§KhungBo§: 4
(5) None: 0
(6) Mafia'Hardy-King's: 0
(7) Family F6: 0
(8) Minh Mân~: 0
(9) Bad Boys Society: 0
(10) Avengers Team: 0
(11) Hilltop Militia: 0
(12) AnhEmHoiTu: 0
(13) None: 0
(14) None: 0
(15) ø§Hoiam«Hoang»§ø: 0
(16) The Black Gold: 0
(17) »±The®Best°amily¯Pirates²±No1«: 0
----------------------------------------
Ngay: 2/6/2016 - Thoi gian: 19:0
(1) : 0
(2) None: 0
(3) None: 0
(4) §Family§Boss§Trùm§IS§KhungBo§: 6
(5) None: 0
(6) Mafia'Hardy-King's: 0
(7) Family F6: 0
(8) Minh Mân~: 0
(9) Bad Boys Society: 0
(10) Avengers Team: 0
(11) Hilltop Militia: 0
(12) AnhEmHoiTu: 2
(13) None: 0
(14) None: 0
(15) ø§Hoiam«Hoang»§ø: 0
(16) The Black Gold: 0
(17) »±The®Best°amily¯Pirates²±No1«: 0
----------------------------------------
Ngay: 2/6/2016 - Thoi gian: 20:0
(1) : 0
(2) None: 0
(3) None: 0
(4) §Family§Boss§Trùm§IS§KhungBo§: 5
(5) None: 0
(6) Mafia'Hardy-King's: 1
(7) Family F6: 1
(8) Minh Mân~: 1
(9) Bad Boys Society: 0
(10) Avengers Team: 0
(11) Hilltop Militia: 0
(12) AnhEmHoiTu: 2
(13) None: 0
(14) None: 0
(15) ø§Hoiam«Hoang»§ø: 1
(16) The Black Gold: 2
(17) »±The®Best°amily¯Pirates²±No1«: 0
----------------------------------------
Ngay: 2/6/2016 - Thoi gian: 21:1
(1) : 0
(2) None: 0
(3) None: 0
(4) §Family§Boss§Trùm§IS§KhungBo§: 5
(5) None: 0
(6) Mafia'Hardy-King's: 1
(7) Family F6: 0
(8) Minh Mân~: 0
(9) Bad Boys Society: 0
(10) Avengers Team: 0
(11) Hilltop Militia: 0
(12) AnhEmHoiTu: 1
(13) None: 0
(14) None: 0
(15) ø§Hoiam«Hoang»§ø: 1
(16) The Black Gold: 2
(17) »±The®Best°amily¯Pirates²±No1«: 0
----------------------------------------
Ngay: 2/6/2016 - Thoi gian: 22:0
(1) : 0
(2) None: 0
(3) None: 0
(4) §Family§Boss§Trùm§IS§KhungBo§: 1
(5) None: 0
(6) Mafia'Hardy-King's: 1
(7) Family F6: 0
(8) Minh Mân~: 0
(9) Bad Boys Society: 0
(10) Avengers Team: 0
(11) Hilltop Militia: 0
(12) AnhEmHoiTu: 0
(13) None: 0
(14) None: 0
(15) ø§Hoiam«Hoang»§ø: 0
(16) The Black Gold: 0
(17) »±The®Best°amily¯Pirates²±No1«: 0
----------------------------------------
Ngay: 2/7/2016 - Thoi gian: 0:1
(1) : 0
(2) None: 0
(3) None: 0
(4) §Family§Boss§Trùm§IS§KhungBo§: 0
(5) None: 0
(6) Mafia'Hardy-King's: 0
(7) Family F6: 0
(8) Minh Mân~: 0
(9) Bad Boys Society: 0
(10) Avengers Team: 0
(11) Hilltop Militia: 0
(12) AnhEmHoiTu: 0
(13) None: 0
(14) None: 0
(15) ø§Hoiam«Hoang»§ø: 0
(16) The Black Gold: 0
(17) »±The®Best°amily¯Pirates²±No1«: 0
----------------------------------------
Ngay: 2/7/2016 - Thoi gian: 1:0
(1) : 0
(2) None: 0
(3) None: 0
(4) §Family§Boss§Trùm§IS§KhungBo§: 0
(5) None: 0
(6) Mafia'Hardy-King's: 0
(7) Family F6: 0
(8) Minh Mân~: 2
(9) Bad Boys Society: 0
(10) Avengers Team: 0
(11) Hilltop Militia: 0
(12) AnhEmHoiTu: 0
(13) None: 0
(14) None: 0
(15) ø§Hoiam«Hoang»§ø: 0
(16) The Black Gold: 0
(17) »±The®Best°amily¯Pirates²±No1«: 0
----------------------------------------
Ngay: 2/7/2016 - Thoi gian: 2:0
(1) : 0
(2) None: 0
(3) None: 0
(4) §Family§Boss§Trùm§IS§KhungBo§: 0
(5) None: 0
(6) Mafia'Hardy-King's: 0
(7) Family F6: 0
(8) Minh Mân~: 0
(9) Bad Boys Society: 0
(10) Avengers Team: 0
(11) Hilltop Militia: 0
(12) AnhEmHoiTu: 0
(13) None: 0
(14) None: 0
(15) ø§Hoiam«Hoang»§ø: 0
(16) The Black Gold: 0
(17) »±The®Best°amily¯Pirates²±No1«: 0
----------------------------------------
Ngay: 2/7/2016 - Thoi gian: 3:1
(1) : 0
(2) None: 0
(3) None: 0
(4) §Family§Boss§Trùm§IS§KhungBo§: 0
(5) None: 0
(6) Mafia'Hardy-King's: 0
(7) Family F6: 0
(8) Minh Mân~: 0
(9) Bad Boys Society: 0
(10) Avengers Team: 0
(11) Hilltop Militia: 0
(12) AnhEmHoiTu: 0
(13) None: 0
(14) None: 0
(15) ø§Hoiam«Hoang»§ø: 0
(16) The Black Gold: 0
(17) »±The®Best°amily¯Pirates²±No1«: 0
----------------------------------------
Ngay: 2/7/2016 - Thoi gian: 4:0
(1) : 0
(2) None: 0
(3) None: 0
(4) §Family§Boss§Trùm§IS§KhungBo§: 0
(5) None: 0
(6) Mafia'Hardy-King's: 0
(7) Family F6: 0
(8) Minh Mân~: 0
(9) Bad Boys Society: 0
(10) Avengers Team: 0
(11) Hilltop Militia: 0
(12) AnhEmHoiTu: 0
(13) None: 0
(14) None: 0
(15) ø§Hoiam«Hoang»§ø: 0
(16) The Black Gold: 0
(17) »±The®Best°amily¯Pirates²±No1«: 0
----------------------------------------
Ngay: 2/7/2016 - Thoi gian: 5:0
(1) : 0
(2) None: 0
(3) None: 0
(4) §Family§Boss§Trùm§IS§KhungBo§: 0
(5) None: 0
(6) Mafia'Hardy-King's: 0
(7) Family F6: 0
(8) Minh Mân~: 0
(9) Bad Boys Society: 0
(10) Avengers Team: 0
(11) Hilltop Militia: 0
(12) AnhEmHoiTu: 0
(13) None: 0
(14) None: 0
(15) ø§Hoiam«Hoang»§ø: 0
(16) The Black Gold: 0
(17) »±The®Best°amily¯Pirates²±No1«: 0
----------------------------------------
Ngay: 2/7/2016 - Thoi gian: 6:0
(1) : 0
(2) None: 0
(3) None: 0
(4) §Family§Boss§Trùm§IS§KhungBo§: 0
(5) None: 0
(6) Mafia'Hardy-King's: 0
(7) Family F6: 0
(8) Minh Mân~: 0
(9) Bad Boys Society: 0
(10) Avengers Team: 0
(11) Hilltop Militia: 0
(12) AnhEmHoiTu: 0
(13) None: 0
(14) None: 0
(15) ø§Hoiam«Hoang»§ø: 0
(16) The Black Gold: 0
(17) »±The®Best°amily¯Pirates²±No1«: 0
----------------------------------------
Ngay: 2/7/2016 - Thoi gian: 7:0
(1) : 0
(2) None: 0
(3) None: 0
(4) §Family§Boss§Trùm§IS§KhungBo§: 0
(5) None: 0
(6) Mafia'Hardy-King's: 0
(7) Family F6: 0
(8) Minh Mân~: 0
(9) Bad Boys Society: 0
(10) Avengers Team: 0
(11) Hilltop Militia: 0
(12) AnhEmHoiTu: 0
(13) None: 0
(14) None: 0
(15) ø§Hoiam«Hoang»§ø: 0
(16) The Black Gold: 0
(17) »±The®Best°amily¯Pirates²±No1«: 0
----------------------------------------
Ngay: 2/7/2016 - Thoi gian: 8:0
(1) : 0
(2) None: 0
(3) None: 0
(4) §Family§Boss§Trùm§IS§KhungBo§: 2
(5) None: 0
(6) Mafia'Hardy-King's: 0
(7) Family F6: 0
(8) Minh Mân~: 0
(9) Bad Boys Society: 0
(10) Avengers Team: 0
(11) Hilltop Militia: 0
(12) AnhEmHoiTu: 0
(13) None: 0
(14) None: 0
(15) ø§Hoiam«Hoang»§ø: 0
(16) The Black Gold: 0
(17) »±The®Best°amily¯Pirates²±No1«: 0
----------------------------------------
Ngay: 2/7/2016 - Thoi gian: 9:0
(1) : 0
(2) None: 0
(3) None: 0
(4) §Family§Boss§Trùm§IS§KhungBo§: 6
(5) None: 0
(6) Mafia'Hardy-King's: 1
(7) Family F6: 1
(8) Minh Mân~: 0
(9) Bad Boys Society: 0
(10) Avengers Team: 0
(11) Hilltop Militia: 0
(12) AnhEmHoiTu: 0
(13) None: 0
(14) None: 0
(15) ø§Hoiam«Hoang»§ø: 0
(16) The Black Gold: 0
(17) »±The®Best°amily¯Pirates²±No1«: 0
----------------------------------------
Ngay: 2/7/2016 - Thoi gian: 10:0
(1) : 0
(2) None: 0
(3) None: 0
(4) §Family§Boss§Trùm§IS§KhungBo§: 7
(5) None: 0
(6) Mafia'Hardy-King's: 0
(7) Family F6: 1
(8) None: 1
(9) Bad Boys Society: 0
(10) Avengers Team: 0
(11) Hilltop Militia: 0
(12) AnhEmHoiTu: 3
(13) None: 0
(14) None: 0
(15) ø§Hoiam«Hoang»§ø: 0
(16) The Black Gold: 0
(17) »±The®Best°amily¯Pirates²±No1«: 0
----------------------------------------
Ngay: 2/7/2016 - Thoi gian: 11:0
(1) : 0
(2) None: 0
(3) None: 0
(4) §Family§Boss§Trùm§IS§KhungBo§: 1
(5) None: 0
(6) Mafia'Hardy-King's: 0
(7) Family F6: 0
(8) Street Grover: 0
(9) Bad Boys Society: 0
(10) Avengers Team: 0
(11) Hilltop Militia: 0
(12) AnhEmHoiTu: 2
(13) None: 0
(14) None: 0
(15) ø§Hoiam«Hoang»§ø: 0
(16) The Black Gold: 0
(17) ****F16VoDoi*****: 2
----------------------------------------
Ngay: 2/7/2016 - Thoi gian: 12:0
(1) : 0
(2) None: 0
(3) None: 0
(4) §Family§Boss§Trùm§IS§KhungBo§: 0
(5) None: 0
(6) Mafia'Hardy-King's: 0
(7) Family F6: 0
(8) Street Grover: 0
(9) Bad Boys Society: 0
(10) Avengers Team: 0
(11) Hilltop Militia: 0
(12) AnhEmHoiTu: 0
(13) None: 0
(14) None: 0
(15) ø§Hoiam«Hoang»§ø: 0
(16) The Black Gold: 0
(17) ****F16VoDoi*****: 0
----------------------------------------
Ngay: 2/7/2016 - Thoi gian: 13:0
(1) : 0
(2) None: 0
(3) None: 0
(4) §Family§Boss§Trùm§IS§KhungBo§: 1
(5) None: 0
(6) Mafia'Hardy-King's: 0
(7) Family F6: 0
(8) Street Grover: 0
(9) Bad Boys Society: 0
(10) Avengers Team: 0
(11) Hilltop Militia: 0
(12) AnhEmHoiTu: 0
(13) None: 0
(14) None: 0
(15) ø§Hoiam«Hoang»§ø: 0
(16) The Black Gold: 0
(17) ****F16VoDoi*****: 1
----------------------------------------
Ngay: 2/7/2016 - Thoi gian: 14:0
(1) : 0
(2) None: 0
(3) None: 0
(4) §Family§Boss§Trùm§IS§KhungBo§: 4
(5) None: 0
(6) Mafia'Hardy-King's: 0
(7) Family F6: 0
(8) Street Grover: 0
(9) Bad Boys Society: 0
(10) Avengers Team: 0
(11) Hilltop Militia: 0
(12) AnhEmHoiTu: 1
(13) None: 0
(14) None: 0
(15) ø§Hoiam«Hoang»§ø: 0
(16) The Black Gold: 1
(17) ****F16VoDoi*****: 0
----------------------------------------
Ngay: 2/7/2016 - Thoi gian: 15:0
(1) : 0
(2) None: 0
(3) None: 0
(4) §Family§Boss§Trùm§IS§KhungBo§: 3
(5) None: 0
(6) Mafia'Hardy-King's: 0
(7) Family F6: 0
(8) Street Grover: 2
(9) Bad Boys Society: 0
(10) Avengers Team: 0
(11) Hilltop Militia: 0
(12) AnhEmHoiTu: 2
(13) None: 0
(14) None: 0
(15) ø§Hoiam«Hoang»§ø: 0
(16) The Black Gold: 0
(17) ****F16VoDoi*****: 1
----------------------------------------
Ngay: 2/7/2016 - Thoi gian: 16:0
(1) : 0
(2) None: 0
(3) None: 0
(4) §Family§Boss§Trùm§IS§KhungBo§: 2
(5) None: 0
(6) Mafia'Hardy-King's: 0
(7) Family F6: 0
(8) Street Grover: 1
(9) Bad Boys Society: 0
(10) Avengers Team: 0
(11) Hilltop Militia: 0
(12) AnhEmHoiTu: 4
(13) None: 0
(14) None: 0
(15) ø§Hoiam«Hoang»§ø: 0
(16) The Black Gold: 0
(17) ****F16VoDoi*****: 1
----------------------------------------
Ngay: 2/7/2016 - Thoi gian: 17:0
(1) : 0
(2) None: 0
(3) None: 0
(4) §Family§Boss§Trùm§IS§KhungBo§: 1
(5) None: 0
(6) Mafia'Hardy-King's: 1
(7) Family F6: 0
(8) Street Grover: 1
(9) Bad Boys Society: 0
(10) Avengers Team: 1
(11) Hilltop Militia: 0
(12) AnhEmHoiTu: 2
(13) None: 0
(14) None: 0
(15) ø§Hoiam«Hoang»§ø: 0
(16) The Black Gold: 0
(17) ****F16VoDoi*****: 2
----------------------------------------
Ngay: 2/7/2016 - Thoi gian: 18:0
(1) : 0
(2) None: 0
(3) None: 0
(4) §Family§Boss§Trùm§IS§KhungBo§: 1
(5) None: 0
(6) Mafia'Hardy-King's: 1
(7) Family F6: 1
(8) Street Grover: 1
(9) Bad Boys Society: 0
(10) Avengers Team: 0
(11) Hilltop Militia: 0
(12) AnhEmHoiTu: 0
(13) None: 0
(14) None: 0
(15) ø§Hoiam«Hoang»§ø: 0
(16) The Black Gold: 0
(17) None: 0
----------------------------------------
Ngay: 2/7/2016 - Thoi gian: 19:0
(1) : 0
(2) None: 0
(3) None: 0
(4) §Family§Boss§Trùm§IS§KhungBo§: 3
(5) None: 0
(6) Mafia'Hardy-King's: 0
(7) Family F6: 0
(8) Street Grover: 1
(9) Bad Boys Society: 0
(10) Avengers Team: 0
(11) Hilltop Militia: 0
(12) AnhEmHoiTu: 0
(13) None: 0
(14) None: 0
(15) ø§Hoiam«Hoang»§ø: 0
(16) The Black Gold: 0
(17) None: 1
----------------------------------------
Ngay: 2/7/2016 - Thoi gian: 20:0
(1) : 0
(2) None: 0
(3) None: 0
(4) §Family§Boss§Trùm§IS§KhungBo§: 1
(5) None: 0
(6) Mafia'Hardy-King's: 0
(7) Family F6: 0
(8) Street Grover: 0
(9) Bad Boys Society: 0
(10) Avengers Team: 0
(11) Hilltop Militia: 0
(12) AnhEmHoiTu: 1
(13) None: 0
(14) None: 0
(15) ø§Hoiam«Hoang»§ø: 0
(16) The Black Gold: 0
(17) None: 1
----------------------------------------
Ngay: 2/7/2016 - Thoi gian: 21:0
(1) : 0
(2) None: 0
(3) None: 0
(4) §Family§Boss§Trùm§IS§KhungBo§: 1
(5) None: 0
(6) Mafia'Hardy-King's: 0
(7) Family F6: 0
(8) Street Grover: 0
(9) Bad Boys Society: 0
(10) Avengers Team: 0
(11) Hilltop Militia: 0
(12) AnhEmHoiTu: 1
(13) None: 0
(14) None: 0
(15) ø§Hoiam«Hoang»§ø: 0
(16) The Black Gold: 0
(17) None: 1
----------------------------------------
Ngay: 2/7/2016 - Thoi gian: 22:0
(1) : 0
(2) None: 0
(3) None: 0
(4) §Family§Boss§Trùm§IS§KhungBo§: 1
(5) None: 0
(6) Mafia'Hardy-King's: 0
(7) Family F6: 0
(8) Street Grover: 0
(9) Bad Boys Society: 0
(10) Avengers Team: 0
(11) Hilltop Militia: 0
(12) AnhEmHoiTu: 0
(13) None: 0
(14) None: 0
(15) ø§Hoiam«Hoang»§ø: 0
(16) The Black Gold: 0
(17) None: 0
----------------------------------------
Ngay: 2/7/2016 - Thoi gian: 23:0
(1) : 0
(2) None: 0
(3) None: 0
(4) §Family§Boss§Trùm§IS§KhungBo§: 0
(5) None: 0
(6) Mafia'Hardy-King's: 0
(7) Family F6: 0
(8) Street Grover: 0
(9) Bad Boys Society: 0
(10) Avengers Team: 0
(11) Hilltop Militia: 0
(12) AnhEmHoiTu: 0
(13) None: 0
(14) None: 0
(15) ø§Hoiam«Hoang»§ø: 0
(16) The Black Gold: 0
(17) None: 1
----------------------------------------
Ngay: 2/8/2016 - Thoi gian: 0:0
(1) : 0
(2) None: 0
(3) None: 0
(4) §Family§Boss§Trùm§IS§KhungBo§: 0
(5) None: 0
(6) Mafia'Hardy-King's: 0
(7) Family F6: 0
(8) Street Grover: 0
(9) Bad Boys Society: 0
(10) Avengers Team: 0
(11) Hilltop Militia: 0
(12) AnhEmHoiTu: 0
(13) None: 0
(14) None: 0
(15) ø§Hoiam«Hoang»§ø: 0
(16) The Black Gold: 0
(17) None: 0
----------------------------------------
Ngay: 2/8/2016 - Thoi gian: 1:0
(1) : 0
(2) None: 0
(3) None: 0
(4) §Family§Boss§Trùm§IS§KhungBo§: 0
(5) None: 0
(6) Mafia'Hardy-King's: 0
(7) Family F6: 0
(8) Street Grover: 0
(9) Bad Boys Society: 0
(10) Avengers Team: 0
(11) Hilltop Militia: 0
(12) AnhEmHoiTu: 0
(13) None: 0
(14) None: 0
(15) ø§Hoiam«Hoang»§ø: 0
(16) The Black Gold: 0
(17) None: 0
----------------------------------------
Ngay: 2/8/2016 - Thoi gian: 2:0
(1) : 0
(2) None: 0
(3) None: 0
(4) §Family§Boss§Trùm§IS§KhungBo§: 0
(5) None: 0
(6) Mafia'Hardy-King's: 0
(7) Family F6: 0
(8) Street Grover: 0
(9) Bad Boys Society: 0
(10) Avengers Team: 0
(11) Hilltop Militia: 0
(12) AnhEmHoiTu: 0
(13) None: 0
(14) None: 0
(15) ø§Hoiam«Hoang»§ø: 0
(16) The Black Gold: 0
(17) None: 0
----------------------------------------
Ngay: 2/8/2016 - Thoi gian: 3:0
(1) : 0
(2) None: 0
(3) None: 0
(4) §Family§Boss§Trùm§IS§KhungBo§: 0
(5) None: 0
(6) Mafia'Hardy-King's: 0
(7) Family F6: 0
(8) Street Grover: 0
(9) Bad Boys Society: 0
(10) Avengers Team: 0
(11) Hilltop Militia: 0
(12) AnhEmHoiTu: 0
(13) None: 0
(14) None: 0
(15) ø§Hoiam«Hoang»§ø: 0
(16) The Black Gold: 0
(17) None: 0
----------------------------------------
Ngay: 2/8/2016 - Thoi gian: 4:0
(1) : 0
(2) None: 0
(3) None: 0
(4) §Family§Boss§Trùm§IS§KhungBo§: 0
(5) None: 0
(6) Mafia'Hardy-King's: 0
(7) Family F6: 0
(8) Street Grover: 0
(9) Bad Boys Society: 0
(10) Avengers Team: 0
(11) Hilltop Militia: 0
(12) AnhEmHoiTu: 0
(13) None: 0
(14) None: 0
(15) ø§Hoiam«Hoang»§ø: 0
(16) The Black Gold: 0
(17) None: 1
----------------------------------------
Ngay: 2/8/2016 - Thoi gian: 5:0
(1) : 0
(2) None: 0
(3) None: 0
(4) §Family§Boss§Trùm§IS§KhungBo§: 0
(5) None: 0
(6) Mafia'Hardy-King's: 0
(7) Family F6: 0
(8) Street Grover: 0
(9) Bad Boys Society: 0
(10) Avengers Team: 0
(11) Hilltop Militia: 0
(12) AnhEmHoiTu: 0
(13) None: 0
(14) None: 0
(15) ø§Hoiam«Hoang»§ø: 0
(16) The Black Gold: 0
(17) None: 0
----------------------------------------
Ngay: 2/8/2016 - Thoi gian: 6:0
(1) : 0
(2) None: 0
(3) None: 0
(4) §Family§Boss§Trùm§IS§KhungBo§: 0
(5) None: 0
(6) Mafia'Hardy-King's: 0
(7) Family F6: 0
(8) Street Grover: 0
(9) Bad Boys Society: 0
(10) Avengers Team: 0
(11) Hilltop Militia: 0
(12) AnhEmHoiTu: 0
(13) None: 0
(14) None: 0
(15) ø§Hoiam«Hoang»§ø: 0
(16) The Black Gold: 0
(17) None: 0
----------------------------------------
Ngay: 2/8/2016 - Thoi gian: 7:0
(1) : 0
(2) None: 0
(3) None: 0
(4) §Family§Boss§Trùm§IS§KhungBo§: 0
(5) None: 0
(6) Mafia'Hardy-King's: 0
(7) Family F6: 0
(8) Street Grover: 0
(9) Bad Boys Society: 0
(10) Avengers Team: 0
(11) Hilltop Militia: 0
(12) AnhEmHoiTu: 0
(13) None: 0
(14) None: 0
(15) ø§Hoiam«Hoang»§ø: 0
(16) The Black Gold: 0
(17) None: 0
----------------------------------------
Ngay: 2/8/2016 - Thoi gian: 8:1
(1) : 0
(2) None: 0
(3) None: 0
(4) §Family§Boss§Trùm§IS§KhungBo§: 1
(5) None: 0
(6) Mafia'Hardy-King's: 0
(7) Family F6: 0
(8) Street Grover: 0
(9) Bad Boys Society: 0
(10) Avengers Team: 0
(11) Hilltop Militia: 0
(12) AnhEmHoiTu: 0
(13) None: 0
(14) None: 0
(15) ø§Hoiam«Hoang»§ø: 0
(16) The Black Gold: 0
(17) None: 0
----------------------------------------
Ngay: 2/8/2016 - Thoi gian: 9:0
(1) : 0
(2) None: 0
(3) None: 0
(4) §Family§Boss§Trùm§IS§KhungBo§: 2
(5) None: 0
(6) Mafia'Hardy-King's: 0
(7) Family F6: 0
(8) Street Grover: 0
(9) Bad Boys Society: 0
(10) Avengers Team: 0
(11) Hilltop Militia: 0
(12) AnhEmHoiTu: 1
(13) None: 0
(14) None: 0
(15) ø§Hoiam«Hoang»§ø: 0
(16) The Black Gold: 0
(17) None: 0
----------------------------------------
Ngay: 2/8/2016 - Thoi gian: 10:0
(1) : 0
(2) None: 0
(3) None: 0
(4) §Family§Boss§Trùm§IS§KhungBo§: 1
(5) None: 0
(6) Mafia'Hardy-King's: 0
(7) Family F6: 0
(8) Street Grover: 0
(9) Bad Boys Society: 0
(10) Avengers Team: 0
(11) Hilltop Militia: 0
(12) AnhEmHoiTu: 0
(13) None: 0
(14) None: 0
(15) ø§Hoiam«Hoang»§ø: 0
(16) The Black Gold: 0
(17) None: 0
----------------------------------------
Ngay: 2/8/2016 - Thoi gian: 11:0
(1) : 0
(2) None: 0
(3) None: 0
(4) §Family§Boss§Trùm§IS§KhungBo§: 0
(5) None: 0
(6) Mafia'Hardy-King's: 0
(7) Family F6: 0
(8) Street Grover: 0
(9) Bad Boys Society: 0
(10) Avengers Team: 0
(11) Hilltop Militia: 0
(12) AnhEmHoiTu: 5
(13) None: 0
(14) None: 0
(15) ø§Hoiam«Hoang»§ø: 0
(16) The Black Gold: 0
(17) None: 1
----------------------------------------
Ngay: 2/8/2016 - Thoi gian: 12:0
(1) : 0
(2) None: 0
(3) None: 0
(4) §Family§Boss§Trùm§IS§KhungBo§: 0
(5) None: 0
(6) Mafia'Hardy-King's: 0
(7) Family F6: 0
(8) Street Grover: 2
(9) Bad Boys Society: 0
(10) Avengers Team: 0
(11) Hilltop Militia: 0
(12) AnhEmHoiTu: 1
(13) None: 0
(14) None: 0
(15) ø§Hoiam«Hoang»§ø: 0
(16) The Black Gold: 0
(17) None: 0
----------------------------------------
Ngay: 2/8/2016 - Thoi gian: 13:0
(1) : 0
(2) None: 0
(3) >[®rùm ]< >[®DîrectorKïller]<: 0
(4) §Family§Boss§Trùm§IS§KhungBo§: 0
(5) None: 0
(6) Mafia'Hardy-King's: 0
(7) Family F6: 0
(8) Street Grover: 0
(9) Bad Boys Society: 0
(10) Avengers Team: 0
(11) Hilltop Militia: 0
(12) AnhEmHoiTu: 1
(13) None: 0
(14) None: 0
(15) ø§Hoiam«Hoang»§ø: 0
(16) The Black Gold: 0
(17) None: 1
----------------------------------------
Ngay: 2/8/2016 - Thoi gian: 15:0
(1) : 0
(2) None: 0
(3) >[®rùm ]< >[®DîrectorKïller]<: 0
(4) §Family§Boss§Trùm§IS§KhungBo§: 0
(5) None: 0
(6) Mafia'Hardy-King's: 0
(7) Family F6: 0
(8) Street Grover: 0
(9) Bad Boys Society: 0
(10) Avengers Team: 0
(11) Hilltop Militia: 0
(12) AnhEmHoiTu: 0
(13) None: 0
(14) None: 0
(15) ø§Hoiam«Hoang»§ø: 0
(16) The Black Gold: 0
(17) None: 0
----------------------------------------
Ngay: 2/8/2016 - Thoi gian: 16:0
(1) : 0
(2) None: 0
(3) >[®rùm ]< >[®DîrectorKïller]<: 0
(4) §Family§Boss§Trùm§IS§KhungBo§: 0
(5) None: 0
(6) Mafia'Hardy-King's: 0
(7) Family F6: 0
(8) Street Grover: 0
(9) Bad Boys Society: 0
(10) Avengers Team: 0
(11) Hilltop Militia: 0
(12) AnhEmHoiTu: 0
(13) None: 0
(14) None: 0
(15) ø§Hoiam«Hoang»§ø: 0
(16) The Black Gold: 0
(17) None: 0
----------------------------------------
Ngay: 2/8/2016 - Thoi gian: 17:0
(1) : 0
(2) None: 0
(3) >[®rùm ]< >[®DîrectorKïller]<: 0
(4) §Family§Boss§Trùm§IS§KhungBo§: 0
(5) None: 0
(6) Mafia'Hardy-King's: 0
(7) Family F6: 0
(8) Street Grover: 0
(9) Bad Boys Society: 0
(10) Avengers Team: 0
(11) Hilltop Militia: 0
(12) AnhEmHoiTu: 0
(13) None: 0
(14) None: 0
(15) ø§Hoiam«Hoang»§ø: 0
(16) The Black Gold: 0
(17) None: 0
----------------------------------------
Ngay: 2/8/2016 - Thoi gian: 18:0
(1) : 0
(2) None: 0
(3) >[®rùm ]< >[®DîrectorKïller]<: 0
(4) §Family§Boss§Trùm§IS§KhungBo§: 0
(5) None: 0
(6) Mafia'Hardy-King's: 0
(7) Family F6: 0
(8) Street Grover: 0
(9) Bad Boys Society: 0
(10) Avengers Team: 0
(11) Hilltop Militia: 0
(12) AnhEmHoiTu: 0
(13) None: 0
(14) None: 0
(15) ø§Hoiam«Hoang»§ø: 0
(16) The Black Gold: 0
(17) None: 0
----------------------------------------
Ngay: 2/8/2016 - Thoi gian: 19:0
(1) : 0
(2) None: 0
(3) >[®rùm ]< >[®DîrectorKïller]<: 0
(4) None: 0
(5) None: 0
(6) Mafia'Hardy-King's: 0
(7) Family F6: 0
(8) Street Grover: 0
(9) Bad Boys Society: 0
(10) Avengers Team: 0
(11) Hilltop Militia: 0
(12) None: 0
(13) None: 0
(14) None: 0
(15) ø§Hoiam«Hoang»§ø: 0
(16) The Black Gold: 0
(17) None: 0
----------------------------------------
Ngay: 2/8/2016 - Thoi gian: 20:0
(1) : 0
(2) None: 0
(3) »®rumKhungBo®«: 0
(4) None: 0
(5) None: 0
(6) Mafia'Hardy-King's: 0
(7) Family F6: 0
(8) Street Grover: 0
(9) Bad Boys Society: 0
(10) Avengers Team: 0
(11) Hilltop Militia: 0
(12) None: 0
(13) TrùmPiLas. ThongTri.ThànhPho: 2
(14) None: 0
(15) ø§Hoiam«Hoang»§ø: 0
(16) The Black Gold: 0
(17) None: 0
----------------------------------------
Ngay: 2/8/2016 - Thoi gian: 21:0
(1) : 0
(2) None: 0
(3) »®rumKhungBo®«: 0
(4) None: 0
(5) None: 0
(6) Mafia'Hardy-King's: 0
(7) Family F6: 0
(8) Street Grover: 0
(9) Bad Boys Society: 0
(10) Avengers Team: 0
(11) Hilltop Militia: 0
(12) None: 0
(13) TrùmPiLas. ThongTri.ThànhPho: 0
(14) None: 0
(15) ø§Hoiam«Hoang»§ø: 0
(16) The Black Gold: 0
(17) None: 0
----------------------------------------
Ngay: 2/8/2016 - Thoi gian: 23:0
(1) : 0
(2) None: 0
(3) »®rumKhungBo®«: 0
(4) None: 0
(5) None: 0
(6) Mafia'Hardy-King's: 0
(7) Family F6: 0
(8) Street Grover: 0
(9) Bad Boys Society: 0
(10) Avengers Team: 0
(11) Hilltop Militia: 0
(12) None: 0
(13) TrùmPiLas. ThongTri.ThànhPho: 0
(14) None: 0
(15) ø§Hoiam«Hoang»§ø: 0
(16) The Black Gold: 0
(17) None: 0
----------------------------------------
Ngay: 2/10/2016 - Thoi gian: 11:0
(1) : 0
(2) None: 0
(3) »®rumKhungBo®«: 0
(4) None: 0
(5) None: 0
(6) Mafia'Hardy-King's: 0
(7) Family F6: 0
(8) Street Grover: 0
(9) Bad Boys Society: 0
(10) Avengers Team: 0
(11) Hilltop Militia: 0
(12) None: 0
(13) TrùmPiLas. ThongTri.ThànhPho: 0
(14) None: 0
(15) ø§Hoiam«Hoang»§ø: 0
(16) The Black Gold: 0
(17) None: 0
----------------------------------------
Ngay: 2/10/2016 - Thoi gian: 12:1
(1) : 0
(2) None: 0
(3) »®rumKhungBo®«: 0
(4) None: 0
(5) None: 0
(6) Mafia'Hardy-King's: 0
(7) Family F6: 0
(8) Street Grover: 0
(9) Bad Boys Society: 0
(10) Avengers Team: 0
(11) Hilltop Militia: 0
(12) None: 0
(13) TrùmPiLas. ThongTri.ThànhPho: 0
(14) None: 0
(15) ø§Hoiam«Hoang»§ø: 0
(16) The Black Gold: 0
(17) None: 0
----------------------------------------
Ngay: 2/10/2016 - Thoi gian: 13:1
(1) : 0
(2) None: 0
(3) »®rumKhungBo®«: 0
(4) None: 0
(5) None: 0
(6) Mafia'Hardy-King's: 0
(7) Family F6: 0
(8) Street Grover: 0
(9) Bad Boys Society: 0
(10) Avengers Team: 0
(11) Hilltop Militia: 0
(12) None: 0
(13) TrùmPiLas. ThongTri.ThànhPho: 0
(14) None: 0
(15) ø§Hoiam«Hoang»§ø: 0
(16) The Black Gold: 0
(17) None: 0
----------------------------------------
Ngay: 2/10/2016 - Thoi gian: 14:0
(1) : 0
(2) None: 0
(3) »®rumKhungBo®«: 0
(4) None: 0
(5) None: 0
(6) Mafia'Hardy-King's: 0
(7) Family F6: 0
(8) Street Grover: 0
(9) La Mara Salvachutra 13: 1
(10) Avengers Team: 0
(11) Hilltop Militia: 0
(12) None: 0
(13) TrùmPiLas. ThongTri.ThànhPho: 0
(14) None: 0
(15) ø§Hoiam«Hoang»§ø: 0
(16) The Black Gold: 0
(17) None: 0
----------------------------------------
Ngay: 2/10/2016 - Thoi gian: 15:0
(1) : 0
(2) None: 0
(3) None: 0
(4) None: 0
(5) None: 0
(6) None: 0
(7) Family F6: 0
(8) Street Grover: 0
(9) La Mara Salvachutra 13: 0
(10) Avengers Team: 0
(11) Hilltop Militia: 0
(12) None: 0
(13) None: 0
(14) None: 0
(15) None: 0
(16) None: 0
(17) None: 0
----------------------------------------
Ngay: 2/10/2016 - Thoi gian: 16:0
(1) : 0
(2) None: 0
(3) None: 0
(4) None: 0
(5) None: 0
(6) None: 0
(7) Family F6: 0
(8) Street Grover: 0
(9) La Mara Salvachutra 13: 0
(10) Avengers Team: 0
(11) Hilltop Militia: 0
(12) None: 0
(13) None: 0
(14) None: 0
(15) None: 0
(16) None: 0
(17) None: 0
----------------------------------------
Ngay: 2/10/2016 - Thoi gian: 17:0
(1) : 0
(2) None: 0
(3) None: 0
(4) None: 0
(5) None: 0
(6) None: 0
(7) Family F6: 0
(8) Street Grover: 0
(9) La Mara Salvachutra 13: 0
(10) None: 0
(11) Hilltop Militia: 0
(12) None: 0
(13) None: 0
(14) None: 0
(15) None: 0
(16) None: 0
(17) None: 0
----------------------------------------
Ngay: 2/10/2016 - Thoi gian: 18:0
(1) : 0
(2) None: 0
(3) None: 0
(4) None: 0
(5) None: 0
(6) None: 0
(7) Family F6: 0
(8) Street Grover: 0
(9) La Mara Salvachutra 13: 0
(10) None: 0
(11) Hilltop Militia: 0
(12) None: 0
(13) None: 0
(14) None: 0
(15) None: 0
(16) None: 0
(17) None: 0
----------------------------------------
Ngay: 2/10/2016 - Thoi gian: 19:0
(1) : 0
(2) None: 0
(3) None: 0
(4) None: 0
(5) None: 0
(6) None: 0
(7) Family F6: 0
(8) Street Grover: 0
(9) La Mara Salvachutra 13: 0
(10) None: 0
(11) Hilltop Militia: 0
(12) None: 0
(13) None: 0
(14) None: 0
(15) None: 0
(16) None: 0
(17) None: 0
----------------------------------------
Ngay: 2/10/2016 - Thoi gian: 20:0
(1) : 0
(2) None: 0
(3) None: 0
(4) None: 0
(5) None: 0
(6) None: 0
(7) Family F6: 0
(8) Street Grover: 0
(9) La Mara Salvachutra 13: 0
(10) None: 0
(11) Hilltop Militia: 0
(12) None: 0
(13) None: 0
(14) None: 0
(15) None: 0
(16) None: 0
(17) None: 0
----------------------------------------
Ngay: 2/11/2016 - Thoi gian: 0:0
(1) : 0
(2) None: 0
(3) None: 0
(4) None: 0
(5) None: 0
(6) None: 0
(7) Family F6: 0
(8) Street Grover: 0
(9) La Mara Salvachutra 13: 0
(10) None: 0
(11) Hilltop Militia: 0
(12) None: 0
(13) None: 0
(14) None: 0
(15) None: 0
(16) None: 0
(17) None: 0
----------------------------------------
Ngay: 2/11/2016 - Thoi gian: 1:0
(1) : 0
(2) None: 0
(3) None: 0
(4) None: 0
(5) None: 0
(6) None: 0
(7) Family F6: 0
(8) Street Grover: 0
(9) La Mara Salvachutra 13: 0
(10) None: 0
(11) Hilltop Militia: 0
(12) None: 0
(13) None: 0
(14) None: 0
(15) None: 0
(16) None: 0
(17) None: 0
----------------------------------------
Ngay: 2/11/2016 - Thoi gian: 15:0
(1) : 0
(2) None: 0
(3) None: 0
(4) None: 0
(5) None: 0
(6) None: 0
(7) Family F6: 0
(8) Street Grover: 0
(9) La Mara Salvachutra 13: 0
(10) None: 0
(11) Hilltop Militia: 0
(12) None: 0
(13) None: 0
(14) None: 0
(15) None: 0
(16) None: 0
(17) None: 0
----------------------------------------
Ngay: 2/11/2016 - Thoi gian: 16:0
(1) : 0
(2) None: 0
(3) None: 0
(4) None: 0
(5) None: 0
(6) None: 0
(7) Family F6: 0
(8) Street Grover: 0
(9) La Mara Salvachutra 13: 0
(10) None: 0
(11) Hilltop Militia: 0
(12) None: 0
(13) None: 0
(14) None: 0
(15) None: 0
(16) None: 0
(17) None: 0
----------------------------------------
Ngay: 2/11/2016 - Thoi gian: 17:0
(1) : 0
(2) None: 0
(3) None: 0
(4) None: 0
(5) None: 0
(6) None: 0
(7) Family F6: 0
(8) Street Grover: 0
(9) La Mara Salvachutra 13: 0
(10) None: 0
(11) Hilltop Militia: 0
(12) None: 0
(13) None: 0
(14) None: 0
(15) None: 0
(16) None: 0
(17) None: 0
----------------------------------------
Ngay: 2/11/2016 - Thoi gian: 18:0
(1) : 0
(2) None: 0
(3) None: 0
(4) None: 0
(5) None: 0
(6) None: 0
(7) Family F6: 0
(8) Street Grover: 0
(9) La Mara Salvachutra 13: 0
(10) None: 0
(11) Hilltop Militia: 0
(12) None: 0
(13) None: 0
(14) None: 0
(15) None: 0
(16) None: 0
(17) None: 0
----------------------------------------
Ngay: 2/11/2016 - Thoi gian: 19:0
(1) : 0
(2) None: 0
(3) None: 0
(4) §Team§BosS§: 2
(5) None: 0
(6) None: 0
(7) Family F6: 0
(8) Street Grover: 0
(9) La Mara Salvachutra 13: 0
(10) None: 0
(11) Hilltop Militia: 0
(12) None: 0
(13) None: 0
(14) None: 0
(15) None: 0
(16) None: 0
(17) None: 0
----------------------------------------
Ngay: 2/11/2016 - Thoi gian: 20:0
(1) : 0
(2) None: 0
(3) None: 0
(4) §Team§BosS§: 0
(5) None: 0
(6) None: 0
(7) Family F6: 0
(8) Street Grover: 0
(9) La Mara Salvachutra 13: 0
(10) White Car : 0
(11) Hilltop Militia: 0
(12) None: 0
(13) None: 0
(14) None: 0
(15) None: 0
(16) None: 0
(17) None: 0
----------------------------------------
Ngay: 3/1/2016 - Thoi gian: 22:0
(1) : 0
(2) None: 0
(3) None: 0
(4) §Team§BosS§: 0
(5) None: 0
(6) None: 0
(7) Family F6: 0
(8) Street Grover: 0
(9) La Mara Salvachutra 13: 0
(10) White Car : 0
(11) Hilltop Militia: 0
(12) None: 0
(13) None: 0
(14) None: 0
(15) None: 0
(16) None: 0
(17) None: 0
----------------------------------------
Ngay: 3/6/2016 - Thoi gian: 0:0
(1) : 0
(2) None: 0
(3) None: 0
(4) §Team§BosS§: 0
(5) None: 0
(6) None: 0
(7) Family F6: 0
(8) Street Grover: 0
(9) La Mara Salvachutra 13: 0
(10) White Car : 0
(11) Hilltop Militia: 0
(12) None: 0
(13) None: 0
(14) None: 0
(15) None: 0
(16) None: 0
(17) None: 0
----------------------------------------
Ngay: 3/7/2016 - Thoi gian: 22:0
(1) : 0
(2) None: 0
(3) None: 0
(4) §Team§BosS§: 0
(5) None: 0
(6) None: 0
(7) Family F6: 0
(8) Street Grover: 0
(9) La Mara Salvachutra 13: 0
(10) White Car : 0
(11) Hilltop Militia: 0
(12) None: 0
(13) None: 0
(14) None: 0
(15) None: 0
(16) None: 0
(17) None: 0
----------------------------------------
Ngay: 7/14/2021 - Thoi gian: 13:0
(1) : 0
(2) None: 0
(3) None: 0
(4) §Team§BosS§: 0
(5) None: 0
(6) None: 0
(7) Family F6: 0
(8) Street Grover: 0
(9) La Mara Salvachutra 13: 0
(10) White Car : 0
(11) Hilltop Militia: 0
(12) None: 0
(13) None: 0
(14) None: 0
(15) None: 0
(16) None: 0
(17) None: 0
----------------------------------------
Ngay: 7/14/2021 - Thoi gian: 14:1
(1) : 0
(2) None: 0
(3) None: 0
(4) §Team§BosS§: 0
(5) None: 0
(6) None: 0
(7) Family F6: 0
(8) Street Grover: 0
(9) La Mara Salvachutra 13: 0
(10) White Car : 0
(11) Hilltop Militia: 0
(12) None: 0
(13) None: 0
(14) None: 0
(15) None: 0
(16) None: 0
(17) None: 0
----------------------------------------
Ngay: 7/14/2021 - Thoi gian: 15:0
(1) : 0
(2) None: 0
(3) None: 0
(4) §Team§BosS§: 0
(5) None: 0
(6) None: 0
(7) Family F6: 0
(8) Street Grover: 0
(9) La Mara Salvachutra 13: 0
(10) White Car : 0
(11) Hilltop Militia: 0
(12) None: 0
(13) None: 0
(14) None: 0
(15) None: 0
(16) None: 0
(17) None: 0
----------------------------------------
Ngay: 7/14/2021 - Thoi gian: 16:0
(1) : 0
(2) None: 0
(3) None: 0
(4) §Team§BosS§: 0
(5) None: 0
(6) None: 0
(7) Family F6: 0
(8) Street Grover: 0
(9) La Mara Salvachutra 13: 0
(10) White Car : 0
(11) Hilltop Militia: 0
(12) None: 0
(13) None: 0
(14) None: 0
(15) None: 0
(16) None: 0
(17) None: 0
