[2016/1/31 - 9:13:17] AdmCmd: Leo Fun nhan duoc free house tu he thong
[2016/1/31 - 9:13:18] {AA3333}AdmWarning{FFFF00}: Nha Giau dung la thien tai, Jack KullN duoc $500,000.
[2016/1/31 - 9:13:19] {AA3333}AdmWarning{FFFF00}: Nha Giau dung la thien tai, Huynh Nhu duoc $500,000.
[2016/1/31 - 9:13:19] AdmCmd: Jack KullN da nhan duoc tu he thong mot chiec xe classic mien phi
[2016/1/31 - 9:50:04] AdmCmd: Winx Hoang da nhan duoc tu he thong mot chiec xe classic mien phi
[2016/1/31 - 9:50:05] AdmCmd: Exciter Jakie da nhan duoc tu he thong mot chiec xe classic mien phi
[2016/1/31 - 9:50:05] {AA3333}AdmWarning{FFFF00}: Nha Giau dung la thien tai, Thanh duoc $500,000.
[2016/1/31 - 13:34:37] AdmCmd: Ong Gia da nhan duoc tu he thong mot chiec xe classic mien phi
[2016/2/1 - 0:26:13] AdmCmd: Ong Gias da nhan duoc tu he thong mot chiec xe classic mien phi
[2016/2/1 - 9:59:07] AdmCmd: Ecxiter LAT da nhan duoc tu he thong mot chiec xe classic mien phi
[2016/2/1 - 9:59:07] {AA3333}AdmWarning{FFFF00}: Nha Giau dung la thien tai, An Nguyen duoc 1 vouchers Vip Gold 30 ngay.
[2016/2/1 - 9:59:08] {AA3333}AdmWarning{FFFF00}: Nha Giau dung la thien tai, Nguyen Ngoc Tram duoc 1 vouchers Vip Gold 30 ngay.
[2016/2/1 - 9:59:09] {AA3333}AdmWarning{FFFF00}: Nha Giau dung la thien tai, Thanh dat duoc 1 vouchers Vip Gold 30 ngay.
[2016/2/1 - 9:59:09] AdmCmd: Nguyen Ngoc Tram da nhan duoc tu he thong mot chiec xe classic mien phi
[2016/2/1 - 10:42:55] AdmCmd: Drake Stocks da nhan duoc tu he thong mot chiec xe classic mien phi
[2016/2/1 - 11:05:09] AdmCmd: Vinh Thai da nhan duoc tu he thong mot chiec xe classic mien phi
[2016/2/1 - 11:08:38] AdmCmd: Boy Hardy da nhan duoc tu he thong mot chiec xe classic mien phi
[2016/2/1 - 11:12:41] AdmCmd: Boy Hardy da nhan duoc tu he thong mot chiec xe classic mien phi
[2016/2/1 - 11:15:45] AdmCmd: Ken Luvias da nhan duoc tu he thong mot chiec xe classic mien phi
[2016/2/1 - 11:16:03] AdmCmd: Ken Luvias da nhan duoc tu he thong mot chiec xe classic mien phi
[2016/2/1 - 11:16:10] AdmCmd: Ken Luvias da nhan duoc tu he thong mot chiec xe classic mien phi
[2016/2/1 - 11:17:06] AdmCmd: Avengers TheMid da nhan duoc tu he thong mot chiec xe classic mien phi
[2016/2/1 - 11:17:49] AdmCmd: Avenger Filler da nhan duoc tu he thong mot chiec xe classic mien phi
[2016/2/1 - 11:17:56] AdmCmd: Avenger Filler da nhan duoc tu he thong mot chiec xe classic mien phi
[2016/2/1 - 11:18:18] AdmCmd: Avengers TheMid nhan duoc free house tu he thong
[2016/2/1 - 11:18:20] AdmCmd: Avengers TheMid da nhan duoc tu he thong mot chiec xe classic mien phi
[2016/2/1 - 11:18:57] AdmCmd: Ken Luvias da nhan duoc tu he thong mot chiec xe classic mien phi
[2016/2/1 - 11:19:30] {AA3333}AdmWarning{FFFF00}: Ken Luvias nhan duoc vouchers Vip Gold 30 ngay tu he thong.
[2016/2/1 - 11:20:17] {AA3333}AdmWarning{FFFF00}: Avengers TheMid da nhan duoc $500,000 tu he thong.
[2016/2/1 - 11:20:30] AdmCmd: Avengers TheMid da nhan duoc tu he thong mot chiec xe classic mien phi
[2016/2/1 - 11:20:33] AdmCmd: HunTer Chuot da nhan duoc tu he thong mot chiec xe classic mien phi
[2016/2/1 - 11:27:13] AdmCmd: Tien Ngoc da nhan duoc tu he thong mot chiec xe classic mien phi
[2016/2/1 - 11:28:35] AdmCmd: Vinh Thai da nhan duoc tu he thong mot chiec xe classic mien phi
[2016/2/1 - 12:04:16] AdmCmd: Avengers BoLd da nhan duoc tu he thong mot chiec xe classic mien phi
[2016/2/1 - 12:10:51] AdmCmd: Hung Tran da nhan duoc tu he thong mot chiec xe classic mien phi
[2016/2/1 - 12:11:23] AdmCmd: Hung Tran da nhan duoc tu he thong mot chiec xe classic mien phi
[2016/2/1 - 12:12:17] {AA3333}AdmWarning{FFFF00}: Hung Tran nhan duoc vouchers Vip Gold 30 ngay tu he thong.
[2016/2/1 - 12:12:28] AdmCmd: Hung Tran da nhan duoc tu he thong mot chiec xe classic mien phi
[2016/2/1 - 12:12:39] AdmCmd: Hung Tran da nhan duoc tu he thong mot chiec xe classic mien phi
[2016/2/1 - 12:12:48] AdmCmd: Hung Tran da nhan duoc tu he thong mot chiec xe classic mien phi
[2016/2/1 - 12:15:14] AdmCmd: Hung Tran da nhan duoc tu he thong mot chiec xe classic mien phi
[2016/2/1 - 12:20:38] AdmCmd: Tus Nguyens da nhan duoc tu he thong mot chiec xe classic mien phi
[2016/2/1 - 12:29:51] AdmCmd: Sun Chivas da nhan duoc tu he thong mot chiec xe classic mien phi
[2016/2/1 - 12:32:13] AdmCmd: Sun Chivas nhan duoc free house tu he thong
[2016/2/1 - 12:33:43] AdmCmd: Sun Chivas da nhan duoc tu he thong mot chiec xe classic mien phi
[2016/2/1 - 12:35:04] {AA3333}AdmWarning{FFFF00}: Sun Chivas da nhan duoc $500,000 tu he thong.
[2016/2/1 - 13:06:37] AdmCmd: em em da nhan duoc tu he thong mot chiec xe classic mien phi
[2016/2/1 - 13:10:04] AdmCmd: Hoang Phuc da nhan duoc tu he thong mot chiec xe classic mien phi
[2016/2/1 - 13:10:05] AdmCmd: Hoang Phuc da nhan duoc tu he thong mot chiec xe classic mien phi
[2016/2/1 - 13:10:13] {AA3333}AdmWarning{FFFF00}: Hoang Phuc nhan duoc vouchers Vip Gold 30 ngay tu he thong.
[2016/2/1 - 13:15:26] {AA3333}AdmWarning{FFFF00}: Avengers TheMid da nhan duoc $500,000 tu he thong.
[2016/2/1 - 13:18:39] AdmCmd: Avengers TheMid da nhan duoc tu he thong mot chiec xe classic mien phi
[2016/2/1 - 17:01:28] {AA3333}AdmWarning{FFFF00}: Nha Giau dung la thien tai, Hu Hu duoc 1 vouchers Vip Gold 30 ngay.
[2016/2/1 - 17:01:28] {AA3333}AdmWarning{FFFF00}: Nha Giau dung la thien tai, Hu Hu duoc 1 vouchers Vip Gold 30 ngay.
[2016/2/1 - 17:01:28] AdmCmd: Fuyu Kaito nhan duoc free house tu he thong
[2016/2/1 - 17:01:28] AdmCmd: Avengers Filler nhan duoc free house tu he thong
[2016/2/1 - 17:01:29] AdmCmd: Hu Hu da nhan duoc tu he thong mot chiec xe classic mien phi
[2016/2/1 - 17:24:14] AdmCmd: Mafia Winter da nhan duoc tu he thong mot chiec xe classic mien phi
[2016/2/1 - 17:24:14] AdmCmd: Jack SipHong nhan duoc free house tu he thong
[2016/2/1 - 17:24:15] AdmCmd: Tamhoang lam da nhan duoc tu he thong mot chiec xe classic mien phi
[2016/2/1 - 17:24:15] AdmCmd: Mafia Winter da nhan duoc tu he thong mot chiec xe classic mien phi
[2016/2/1 - 17:24:15] {AA3333}AdmWarning{FFFF00}: Nha Giau dung la thien tai, Ken Devils duoc $500,000.
[2016/2/1 - 17:24:15] AdmCmd: Nha Giau da nhan duoc tu he thong mot chiec xe classic mien phi
[2016/2/1 - 17:24:18] AdmCmd: Nha Giau da nhan duoc tu he thong mot chiec xe classic mien phi
[2016/2/1 - 17:48:51] AdmCmd: SG Hades da nhan duoc tu he thong mot chiec xe classic mien phi
[2016/2/1 - 17:48:52] AdmCmd: SG Hades da nhan duoc tu he thong mot chiec xe classic mien phi
[2016/2/1 - 17:48:52] {AA3333}AdmWarning{FFFF00}: Nha Giau dung la thien tai, Bee Lee duoc $500,000.
[2016/2/1 - 17:48:53] {AA3333}AdmWarning{FFFF00}: Nha Giau dung la thien tai, Exciter Jakie duoc $500,000.
[2016/2/1 - 17:48:53] AdmCmd: Bee Lee da nhan duoc tu he thong mot chiec xe classic mien phi
[2016/2/1 - 17:48:55] AdmCmd: Huy Pirates da nhan duoc tu he thong mot chiec xe classic mien phi
[2016/2/2 - 10:34:13] AdmCmd: Nguyen Huy da nhan duoc tu he thong mot chiec xe classic mien phi
[2016/2/2 - 10:34:13] AdmCmd: TamHoang Hai da nhan duoc tu he thong mot chiec xe classic mien phi
[2016/2/2 - 10:34:14] AdmCmd: Hai Saker da nhan duoc tu he thong mot chiec xe classic mien phi
[2016/2/2 - 10:34:16] AdmCmd: Mafia John da nhan duoc tu he thong mot chiec xe classic mien phi
[2016/2/2 - 10:34:16] AdmCmd: Nguyen Bon da nhan duoc tu he thong mot chiec xe classic mien phi
[2016/2/2 - 10:34:17] AdmCmd: Nguyen Ngoc Tram da nhan duoc tu he thong mot chiec xe classic mien phi
[2016/2/2 - 10:34:17] AdmCmd: Nguyen Bon da nhan duoc tu he thong mot chiec xe classic mien phi
[2016/2/2 - 10:34:17] AdmCmd: Ballas SicNey da nhan duoc tu he thong mot chiec xe classic mien phi
[2016/2/2 - 10:34:18] AdmCmd: SG Hades da nhan duoc tu he thong mot chiec xe classic mien phi
[2016/2/2 - 10:34:18] AdmCmd: Mafia John nhan duoc free house tu he thong
[2016/2/2 - 10:34:20] {AA3333}AdmWarning{FFFF00}: Nha Giau dung la thien tai, Mafia John duoc $500,000.
[2016/2/2 - 13:41:31] AdmCmd: Nguyen Ngoc Tram da nhan duoc tu he thong mot chiec xe classic mien phi
[2016/2/2 - 13:42:00] AdmCmd: Ong Gia da nhan duoc tu he thong mot chiec xe classic mien phi
[2016/2/2 - 13:42:57] AdmCmd: Bay Stone nhan duoc free house tu he thong
[2016/2/2 - 13:43:06] AdmCmd: Bay Stone da nhan duoc tu he thong mot chiec xe classic mien phi
[2016/2/2 - 13:44:42] AdmCmd: Justin D da nhan duoc tu he thong mot chiec xe classic mien phi
[2016/2/2 - 13:45:18] {AA3333}AdmWarning{FFFF00}: Lao Dai da nhan duoc $500,000 tu he thong.
[2016/2/2 - 13:45:26] AdmCmd: Justin D da nhan duoc tu he thong mot chiec xe classic mien phi
[2016/2/2 - 13:47:05] AdmCmd: Justin D da nhan duoc tu he thong mot chiec xe classic mien phi
[2016/2/2 - 13:47:34] AdmCmd: Justin D da nhan duoc tu he thong mot chiec xe classic mien phi
[2016/2/2 - 14:18:09] AdmCmd: Ong Gia da nhan duoc tu he thong mot chiec xe classic mien phi
[2016/2/2 - 19:15:32] AdmCmd: Avengers Loli da nhan duoc tu he thong mot chiec xe classic mien phi
[2016/2/2 - 19:15:32] AdmCmd: Sip Do da nhan duoc tu he thong mot chiec xe classic mien phi
[2016/2/3 - 9:21:25] AdmCmd: David Vila da nhan duoc tu he thong mot chiec xe classic mien phi
[2016/2/3 - 9:21:25] AdmCmd: Judy Won da nhan duoc tu he thong mot chiec xe classic mien phi
[2016/2/3 - 9:21:26] AdmCmd: Mia khung da nhan duoc tu he thong mot chiec xe classic mien phi
[2016/2/3 - 9:21:45] AdmCmd: KenOver Gambit da nhan duoc tu he thong mot chiec xe classic mien phi
[2016/2/3 - 10:50:26] {AA3333}AdmWarning{FFFF00}: Mafia Winter da nhan duoc $500,000 tu he thong.
[2016/2/3 - 11:19:18] AdmCmd: Mafia Winter nhan duoc free house tu he thong
[2016/2/3 - 14:30:16] AdmCmd: Tran Thuy Hoang da nhan duoc tu he thong mot chiec xe classic mien phi
[2016/2/3 - 14:30:16] {AA3333}AdmWarning{FFFF00}: Cuc Cut Co Don dung la thien tai, Hai Saker duoc $500,000.
[2016/2/3 - 14:30:17] AdmCmd: ETF Devils da nhan duoc tu he thong mot chiec xe classic mien phi
[2016/2/3 - 14:30:17] AdmCmd: Tran Thuy Hoang da nhan duoc tu he thong mot chiec xe classic mien phi
[2016/2/3 - 14:30:17] {AA3333}AdmWarning{FFFF00}: Cuc Cut Co Don dung la thien tai, ETF Devils duoc 1 vouchers Vip Gold 30 ngay.
[2016/2/3 - 14:30:19] AdmCmd: ETF Devils da nhan duoc tu he thong mot chiec xe classic mien phi
[2016/2/3 - 14:30:21] AdmCmd: Mia khung da nhan duoc tu he thong mot chiec xe classic mien phi
[2016/2/3 - 15:27:06] {AA3333}AdmWarning{FFFF00}: Cuc Cut Co Don dung la thien tai, David Xuyen duoc $500,000.
[2016/2/3 - 15:27:06] {AA3333}AdmWarning{FFFF00}: Cuc Cut Co Don dung la thien tai, Tran Thuy Hoang duoc 1 vouchers Vip Gold 30 ngay.
[2016/2/3 - 15:27:06] AdmCmd: SG Hades da nhan duoc tu he thong mot chiec xe classic mien phi
[2016/2/3 - 15:27:07] AdmCmd: Nguyen Ngoc Tram da nhan duoc tu he thong mot chiec xe classic mien phi
[2016/2/3 - 15:27:07] AdmCmd: SG Hades da nhan duoc tu he thong mot chiec xe classic mien phi
[2016/2/3 - 15:27:07] AdmCmd: Alpas Mario nhan duoc free house tu he thong
[2016/2/3 - 15:27:08] AdmCmd: Hai Cau da nhan duoc tu he thong mot chiec xe classic mien phi
[2016/2/3 - 15:27:08] AdmCmd: Mia khung da nhan duoc tu he thong mot chiec xe classic mien phi
[2016/2/3 - 15:27:09] AdmCmd: Park Soeng Hip da nhan duoc tu he thong mot chiec xe classic mien phi
[2016/2/3 - 15:27:11] {AA3333}AdmWarning{FFFF00}: Cuc Cut Co Don dung la thien tai, SG Hades duoc $500,000.
[2016/2/3 - 15:27:11] {AA3333}AdmWarning{FFFF00}: David Vila da nhan duoc $500,000 tu he thong.
[2016/2/3 - 15:42:26] AdmCmd: Judy Won da nhan duoc tu he thong mot chiec xe classic mien phi
[2016/2/3 - 15:42:27] AdmCmd: Uzimaki Naruto da nhan duoc tu he thong mot chiec xe classic mien phi
[2016/2/3 - 15:42:27] AdmCmd: kuzike fredo da nhan duoc tu he thong mot chiec xe classic mien phi
[2016/2/3 - 15:42:27] AdmCmd: Hacker Tuan da nhan duoc tu he thong mot chiec xe classic mien phi
[2016/2/3 - 15:42:27] {AA3333}AdmWarning{FFFF00}: Cuc Cut Co Don dung la thien tai, Hai Cau duoc $500,000.
[2016/2/3 - 15:42:27] AdmCmd: Old Dog nhan duoc free house tu he thong
[2016/2/3 - 15:42:27] AdmCmd: Nguyen Ngoc Tram da nhan duoc tu he thong mot chiec xe classic mien phi
[2016/2/3 - 15:42:27] {AA3333}AdmWarning{FFFF00}: Cuc Cut Co Don dung la thien tai, Park Soeng Hip duoc $500,000.
[2016/2/3 - 15:42:28] {AA3333}AdmWarning{FFFF00}: Cuc Cut Co Don dung la thien tai, SG Hades duoc 1 vouchers Vip Gold 30 ngay.
[2016/2/3 - 15:42:28] AdmCmd: Avengers Filler da nhan duoc tu he thong mot chiec xe classic mien phi
[2016/2/3 - 15:42:28] AdmCmd: Wing da nhan duoc tu he thong mot chiec xe classic mien phi
[2016/2/3 - 15:42:28] AdmCmd: Tran Thuy Hoang da nhan duoc tu he thong mot chiec xe classic mien phi
[2016/2/3 - 15:42:29] {AA3333}AdmWarning{FFFF00}: Cuc Cut Co Don dung la thien tai, SG Hades duoc 1 vouchers Vip Gold 30 ngay.
[2016/2/3 - 15:42:29] {AA3333}AdmWarning{FFFF00}: Cuc Cut Co Don dung la thien tai, Brad Anderson duoc 1 vouchers Vip Gold 30 ngay.
[2016/2/3 - 15:42:29] {AA3333}AdmWarning{FFFF00}: Cuc Cut Co Don dung la thien tai, Mia khung duoc 1 vouchers Vip Gold 30 ngay.
[2016/2/3 - 15:42:31] AdmCmd: Cuc Cut Co Don da nhan duoc tu he thong mot chiec xe classic mien phi
[2016/2/3 - 15:42:31] AdmCmd: Park Soeng Hip da nhan duoc tu he thong mot chiec xe classic mien phi
[2016/2/3 - 15:42:31] AdmCmd: Kelvin Teld da nhan duoc tu he thong mot chiec xe classic mien phi
[2016/2/3 - 15:42:32] {AA3333}AdmWarning{FFFF00}: Cuc Cut Co Don dung la thien tai, ACE Heineken duoc $500,000.
[2016/2/3 - 15:42:33] AdmCmd: Hai Cau nhan duoc free house tu he thong
[2016/2/3 - 15:55:15] {AA3333}AdmWarning{FFFF00}: Cuc Cut Co Don dung la thien tai, ACE Heineken duoc 1 vouchers Vip Gold 30 ngay.
[2016/2/3 - 15:55:15] AdmCmd: Bin Hardy da nhan duoc tu he thong mot chiec xe classic mien phi
[2016/2/3 - 15:55:16] AdmCmd: Boy Hardy da nhan duoc tu he thong mot chiec xe classic mien phi
[2016/2/3 - 15:55:16] AdmCmd: Old Dog da nhan duoc tu he thong mot chiec xe classic mien phi
[2016/2/3 - 15:55:16] AdmCmd: Brad Anderson da nhan duoc tu he thong mot chiec xe classic mien phi
[2016/2/3 - 15:55:17] AdmCmd: Be Vy da nhan duoc tu he thong mot chiec xe classic mien phi
[2016/2/3 - 15:55:18] AdmCmd: Hero Zero da nhan duoc tu he thong mot chiec xe classic mien phi
[2016/2/3 - 15:55:18] {AA3333}AdmWarning{FFFF00}: Cuc Cut Co Don dung la thien tai, Boy Hardy duoc $500,000.
[2016/2/3 - 15:55:19] {AA3333}AdmWarning{FFFF00}: Cuc Cut Co Don dung la thien tai, Brad Anderson duoc 1 vouchers Vip Gold 30 ngay.
[2016/2/3 - 15:55:19] {AA3333}AdmWarning{FFFF00}: Judy Won da nhan duoc $500,000 tu he thong.
[2016/2/3 - 15:55:19] AdmCmd: Avengers Filler da nhan duoc tu he thong mot chiec xe classic mien phi
[2016/2/3 - 15:55:19] AdmCmd: Hai Cau da nhan duoc tu he thong mot chiec xe classic mien phi
[2016/2/3 - 15:55:24] {AA3333}AdmWarning{FFFF00}: David Vila dung la thien tai, Cuc Cut Co Don duoc 1 vouchers Vip Gold 30 ngay.
[2016/2/3 - 15:55:24] AdmCmd: SG Hades da nhan duoc tu he thong mot chiec xe classic mien phi
[2016/2/3 - 15:55:24] AdmCmd: Brad Anderson da nhan duoc tu he thong mot chiec xe classic mien phi
[2016/2/3 - 15:55:24] AdmCmd: David Xuyen da nhan duoc tu he thong mot chiec xe classic mien phi
[2016/2/3 - 15:55:24] {AA3333}AdmWarning{FFFF00}: David Vila dung la thien tai, Old Dog duoc 1 vouchers Vip Gold 30 ngay.
[2016/2/3 - 15:55:24] AdmCmd: Avengers Filler da nhan duoc tu he thong mot chiec xe classic mien phi
[2016/2/3 - 15:55:25] AdmCmd: Uzimaki Naruto nhan duoc free house tu he thong
[2016/2/3 - 15:55:25] AdmCmd: Judy Won da nhan duoc tu he thong mot chiec xe classic mien phi
[2016/2/3 - 15:55:25] {AA3333}AdmWarning{FFFF00}: David Vila dung la thien tai, khanh nhoz duoc 1 vouchers Vip Gold 30 ngay.
[2016/2/3 - 15:55:51] AdmCmd: Chaly Doremon da nhan duoc tu he thong mot chiec xe classic mien phi
[2016/2/3 - 16:30:15] {AA3333}AdmWarning{FFFF00}: Cuc Cut Co Don dung la thien tai, Bay Stone duoc $500,000.
[2016/2/3 - 16:30:16] AdmCmd: Chaly Doremon da nhan duoc tu he thong mot chiec xe classic mien phi
[2016/2/3 - 16:30:16] AdmCmd: Mean Lipe nhan duoc free house tu he thong
[2016/2/3 - 16:48:31] AdmCmd: Nam Hardy da nhan duoc tu he thong mot chiec xe classic mien phi
[2016/2/3 - 16:48:31] {AA3333}AdmWarning{FFFF00}: Bay Stone dung la thien tai, Leg SR duoc $500,000.
[2016/2/3 - 16:48:31] {AA3333}AdmWarning{FFFF00}: Bay Stone dung la thien tai, Nguyen Ngoc Tram duoc 1 vouchers Vip Gold 30 ngay.
[2016/2/3 - 16:48:31] AdmCmd: Nhok Pirates da nhan duoc tu he thong mot chiec xe classic mien phi
[2016/2/3 - 17:23:02] AdmCmd: NhanPham Animation da nhan duoc tu he thong mot chiec xe classic mien phi
[2016/2/3 - 17:23:02] {AA3333}AdmWarning{FFFF00}: Cuc Cut Co Don dung la thien tai, xDragon Duy duoc 1 vouchers Vip Gold 30 ngay.
[2016/2/3 - 17:23:03] AdmCmd: Nhok Animation da nhan duoc tu he thong mot chiec xe classic mien phi
[2016/2/3 - 17:23:03] AdmCmd: Hai Cau da nhan duoc tu he thong mot chiec xe classic mien phi
[2016/2/3 - 17:23:03] AdmCmd: An Beo da nhan duoc tu he thong mot chiec xe classic mien phi
[2016/2/3 - 17:23:03] {AA3333}AdmWarning{FFFF00}: Cuc Cut Co Don dung la thien tai, Ballas Man duoc 1 vouchers Vip Gold 30 ngay.
[2016/2/3 - 17:23:04] AdmCmd: Chaly Doremon da nhan duoc tu he thong mot chiec xe classic mien phi
[2016/2/3 - 17:23:04] {AA3333}AdmWarning{FFFF00}: Cuc Cut Co Don dung la thien tai, Quoc Dong duoc 1 vouchers Vip Gold 30 ngay.
[2016/2/3 - 17:23:04] {AA3333}AdmWarning{FFFF00}: Cuc Cut Co Don dung la thien tai, Natt Hardy duoc 1 vouchers Vip Gold 30 ngay.
[2016/2/3 - 17:23:08] AdmCmd: Bee Lee da nhan duoc tu he thong mot chiec xe classic mien phi
[2016/2/3 - 17:23:11] {AA3333}AdmWarning{FFFF00}: Cuc Cut Co Don dung la thien tai, Pirates Zenzo duoc $500,000.
[2016/2/3 - 17:23:13] AdmCmd: Tamken Yasuo da nhan duoc tu he thong mot chiec xe classic mien phi
[2016/2/3 - 19:47:59] AdmCmd: Kiet Xoi da nhan duoc tu he thong mot chiec xe classic mien phi
[2016/2/3 - 19:47:59] AdmCmd: NguyenThi HuynhThi da nhan duoc tu he thong mot chiec xe classic mien phi
[2016/2/3 - 19:47:59] {AA3333}AdmWarning{FFFF00}: Cuc Cut Co Don dung la thien tai, Tyn Changes duoc $500,000.
[2016/2/3 - 19:47:59] AdmCmd: Young Buffalo da nhan duoc tu he thong mot chiec xe classic mien phi
[2016/2/3 - 19:47:59] {AA3333}AdmWarning{FFFF00}: Beast LiOn da nhan duoc $500,000 tu he thong.
[2016/2/3 - 19:47:59] AdmCmd: Grover Dau da nhan duoc tu he thong mot chiec xe classic mien phi
[2016/2/3 - 19:47:59] AdmCmd: Phong Goodboy nhan duoc free house tu he thong
[2016/2/3 - 19:48:00] AdmCmd: NguyenThi HuynhThi da nhan duoc tu he thong mot chiec xe classic mien phi
[2016/2/3 - 19:48:00] AdmCmd: Pirates Zenzo da nhan duoc tu he thong mot chiec xe classic mien phi
[2016/2/3 - 19:48:00] AdmCmd: Fima Rik da nhan duoc tu he thong mot chiec xe classic mien phi
[2016/2/3 - 19:48:00] {AA3333}AdmWarning{FFFF00}: Cuc Cut Co Don dung la thien tai, Khai tien duoc $500,000.
[2016/2/3 - 19:48:00] AdmCmd: Office Yuri da nhan duoc tu he thong mot chiec xe classic mien phi
[2016/2/3 - 19:48:00] AdmCmd: An Beo nhan duoc free house tu he thong
[2016/2/3 - 19:48:00] AdmCmd: Fate Jonhson da nhan duoc tu he thong mot chiec xe classic mien phi
[2016/2/3 - 19:48:01] AdmCmd: EVO Shark nhan duoc free house tu he thong
[2016/2/3 - 19:48:01] AdmCmd: Pirates Zenzo nhan duoc free house tu he thong
[2016/2/3 - 19:48:01] AdmCmd: NguyenThi HuynhThi da nhan duoc tu he thong mot chiec xe classic mien phi
[2016/2/3 - 19:48:01] AdmCmd: Office Yuri nhan duoc free house tu he thong
[2016/2/3 - 19:48:01] AdmCmd: XiPo Do da nhan duoc tu he thong mot chiec xe classic mien phi
[2016/2/3 - 19:48:01] AdmCmd: Phi Pirates da nhan duoc tu he thong mot chiec xe classic mien phi
[2016/2/3 - 19:50:31] AdmCmd: Sweet Everlasting da nhan duoc tu he thong mot chiec xe classic mien phi
[2016/2/3 - 19:52:28] AdmCmd: Nam Hardy da nhan duoc tu he thong mot chiec xe classic mien phi
[2016/2/3 - 19:57:01] AdmCmd: Sinjwar Corank da nhan duoc tu he thong mot chiec xe classic mien phi
[2016/2/3 - 20:04:28] AdmCmd: Nathan Erwin nhan duoc free house tu he thong
[2016/2/3 - 20:56:40] AdmCmd: Jin DeadEye vua tim thay PointID 1, giai thuong: 500000
[2016/2/3 - 20:56:53] AdmCmd: Fll Bon vua tim thay PointID 5, giai thuong: 800000
[2016/2/3 - 20:56:57] AdmCmd: Nam Hardy vua tim thay PointID 2, giai thuong: 1000000
[2016/2/3 - 20:57:01] AdmCmd: Naruto.Yeu Hinata vua tim thay PointID 3, giai thuong: 600000
[2016/2/3 - 21:22:21] AdmCmd: Natt Hardy da nhan duoc tu he thong mot chiec xe classic mien phi
[2016/2/3 - 21:26:06] {AA3333}AdmWarning{FFFF00}: Natt Hardy nhan duoc vouchers Vip Gold 30 ngay tu he thong.
[2016/2/3 - 21:27:01] {AA3333}AdmWarning{FFFF00}: Thanh Robey nhan duoc vouchers Vip Gold 30 ngay tu he thong.
[2016/2/3 - 21:31:56] AdmCmd: Dat Proa nhan duoc free house tu he thong
[2016/2/3 - 21:46:36] AdmCmd: su bon da nhan duoc tu he thong mot chiec xe classic mien phi
[2016/2/3 - 21:55:12] {AA3333}AdmWarning{FFFF00}: su bon da nhan duoc $500,000 tu he thong.
[2016/2/3 - 21:55:50] {AA3333}AdmWarning{FFFF00}: Dom Bambo da nhan duoc $500,000 tu he thong.
[2016/2/3 - 22:05:23] AdmCmd: Blo Bla da nhan duoc tu he thong mot chiec xe classic mien phi
[2016/2/3 - 22:27:08] AdmCmd: Dii Dii da nhan duoc tu he thong mot chiec xe classic mien phi
[2016/2/3 - 22:35:20] {AA3333}AdmWarning{FFFF00}: Yuri Kingg da nhan duoc $500,000 tu he thong.
[2016/2/3 - 22:39:52] {AA3333}AdmWarning{FFFF00}: Timothy Andrew da nhan duoc $500,000 tu he thong.
[2016/2/3 - 22:41:48] AdmCmd: fll hung da nhan duoc tu he thong mot chiec xe classic mien phi
[2016/2/3 - 22:48:19] AdmCmd: Trung Assassin da nhan duoc tu he thong mot chiec xe classic mien phi
[2016/2/3 - 22:54:04] {AA3333}AdmWarning{FFFF00}: Trung Assassin da nhan duoc $500,000 tu he thong.
[2016/2/3 - 22:58:46] AdmCmd: Dom Doma nhan duoc free house tu he thong
[2016/2/3 - 23:00:46] AdmCmd: Dom DomaB da nhan duoc tu he thong mot chiec xe classic mien phi
[2016/2/3 - 23:01:27] {AA3333}AdmWarning{FFFF00}: Dom DomaB da nhan duoc $500,000 tu he thong.
[2016/2/3 - 23:02:51] AdmCmd: Dom DomaBc da nhan duoc tu he thong mot chiec xe classic mien phi
[2016/2/3 - 23:03:16] AdmCmd: Dom DomaBc da nhan duoc tu he thong mot chiec xe classic mien phi
[2016/2/3 - 23:05:31] AdmCmd: Dom BCD nhan duoc free house tu he thong
[2016/2/3 - 23:06:13] AdmCmd: Dom BCD da nhan duoc tu he thong mot chiec xe classic mien phi
[2016/2/3 - 23:10:02] {AA3333}AdmWarning{FFFF00}: Dom ABC nhan duoc vouchers Vip Gold 30 ngay tu he thong.
[2016/2/3 - 23:32:36] {AA3333}AdmWarning{FFFF00}: ronani nho da nhan duoc $500,000 tu he thong.
[2016/2/3 - 23:45:38] AdmCmd: ronani nhoo da nhan duoc tu he thong mot chiec xe classic mien phi
[2016/2/3 - 23:46:03] {AA3333}AdmWarning{FFFF00}: ronani nhoo da nhan duoc $500,000 tu he thong.
[2016/2/4 - 0:37:21] AdmCmd: Chaly Do da nhan duoc tu he thong mot chiec xe classic mien phi
[2016/2/4 - 7:19:56] AdmCmd: Exciter Do da nhan duoc tu he thong mot chiec xe classic mien phi
[2016/2/4 - 8:24:32] AdmCmd: Exciter Do da nhan duoc tu he thong mot chiec xe classic mien phi
[2016/2/4 - 8:24:46] AdmCmd: xDragon Duy da nhan duoc tu he thong mot chiec xe classic mien phi
[2016/2/4 - 8:25:40] AdmCmd: HaI CaU da nhan duoc tu he thong mot chiec xe classic mien phi
[2016/2/4 - 8:26:59] AdmCmd: Exciter Do da nhan duoc tu he thong mot chiec xe classic mien phi
[2016/2/4 - 8:29:42] AdmCmd: ASD ryt da nhan duoc tu he thong mot chiec xe classic mien phi
[2016/2/4 - 8:34:31] AdmCmd: Bin Hardy nhan duoc chuc may man lan sau tu he thong
[2016/2/4 - 8:39:43] {AA3333}AdmWarning{FFFF00}: Exciter Do da nhan duoc $500,000 tu he thong.
[2016/2/4 - 8:40:35] AdmCmd: AvenGers ADS da nhan duoc tu he thong mot chiec xe classic mien phi
[2016/2/4 - 8:41:08] AdmCmd: AvenGers ADS nhan duoc chuc may man lan sau tu he thong
[2016/2/4 - 8:42:43] AdmCmd: SG Hades da nhan duoc tu he thong mot chiec xe classic mien phi
[2016/2/4 - 8:42:46] AdmCmd: SG Hades nhan duoc chuc may man lan sau tu he thong
[2016/2/4 - 8:42:53] AdmCmd: SG Hades da nhan duoc tu he thong mot chiec xe classic mien phi
[2016/2/4 - 8:43:54] {AA3333}AdmWarning{FFFF00}: Was Tan nhan duoc vouchers Vip Gold 30 ngay tu he thong.
[2016/2/4 - 8:46:59] AdmCmd: Kosho Maito da nhan duoc tu he thong mot chiec xe classic mien phi
[2016/2/4 - 8:50:06] AdmCmd: LiOn Lilwan da nhan duoc tu he thong mot chiec xe classic mien phi
[2016/2/4 - 12:08:44] AdmCmd: Exciter Do da nhan duoc tu he thong mot chiec xe classic mien phi
[2016/2/4 - 15:05:27] AdmCmd: Avengers Nghia da nhan duoc tu he thong mot chiec xe classic mien phi
[2016/2/4 - 15:42:08] AdmCmd: Avengers Nghia da nhan duoc tu he thong mot chiec xe classic mien phi
[2016/2/4 - 16:09:10] {AA3333}AdmWarning{FFFF00}: Avengers Nghia nhan duoc vouchers Vip Gold 30 ngay tu he thong.
[2016/2/4 - 16:09:43] AdmCmd: Avengers Nghia da nhan duoc tu he thong mot chiec xe classic mien phi
[2016/2/4 - 17:22:19] AdmCmd: Hidan Tony da nhan duoc tu he thong mot chiec xe classic mien phi
[2016/2/4 - 18:18:10] {AA3333}AdmWarning{FFFF00}: War uo nhan duoc vouchers Vip Gold 30 ngay tu he thong.
[2016/2/4 - 18:22:59] {AA3333}AdmWarning{FFFF00}: Evil Mafia da nhan duoc $500,000 tu he thong.
[2016/2/4 - 18:23:39] AdmCmd: Tao La rkdo da nhan duoc tu he thong mot chiec xe classic mien phi
[2016/2/4 - 18:27:09] AdmCmd: the sasuke da nhan duoc tu he thong mot chiec xe classic mien phi
[2016/2/4 - 18:27:12] AdmCmd: the sasuke nhan duoc chuc may man lan sau tu he thong
[2016/2/4 - 18:34:49] AdmCmd: Jack Jack da nhan duoc tu he thong mot chiec xe classic mien phi
[2016/2/4 - 18:37:28] AdmCmd: Kiet Fujiku da nhan duoc tu he thong mot chiec xe classic mien phi
[2016/2/4 - 18:38:23] AdmCmd: Micheal Sang da nhan duoc tu he thong mot chiec xe classic mien phi
[2016/2/4 - 23:52:46] {AA3333}AdmWarning{FFFF00}: Mon Star da nhan duoc $500,000 tu he thong.
[2016/2/5 - 13:49:52] {AA3333}AdmWarning{FFFF00}: Phap dung la thien tai, OngTrum Mafia duoc $500,000.
[2016/2/5 - 13:49:52] {AA3333}AdmWarning{FFFF00}: Phap dung la thien tai, Rossi Bell duoc 1 vouchers Vip Gold 30 ngay.
[2016/2/5 - 13:49:54] {AA3333}AdmWarning{FFFF00}: Phap dung la thien tai, XiPo Do duoc 1 vouchers Vip Gold 30 ngay.
[2016/2/5 - 13:49:54] AdmCmd: IkanuS Chau da nhan duoc tu he thong mot chiec xe classic mien phi
[2016/2/5 - 13:58:22] AdmCmd: Dream Do da nhan duoc tu he thong mot chiec xe classic mien phi
[2016/2/5 - 13:58:22] AdmCmd: Micheal Sang da nhan duoc tu he thong mot chiec xe classic mien phi
[2016/2/5 - 13:58:22] AdmCmd: Old Bitch da nhan duoc tu he thong mot chiec xe classic mien phi
[2016/2/5 - 13:58:22] AdmCmd: Exciter Do da nhan duoc tu he thong mot chiec xe classic mien phi
[2016/2/5 - 13:58:22] {AA3333}AdmWarning{FFFF00}: Hoang Tu dung la thien tai, Old Dog duoc $500,000.
[2016/2/5 - 13:58:23] AdmCmd: Rossi Bell nhan duoc chuc may man lan sau tu he thong
[2016/2/5 - 13:58:24] AdmCmd: IkanuS Binz da nhan duoc tu he thong mot chiec xe classic mien phi
[2016/2/5 - 13:58:24] {AA3333}AdmWarning{FFFF00}: Hoang Tu dung la thien tai, Mafia Winter duoc 1 vouchers Vip Gold 30 ngay.
[2016/2/5 - 13:58:24] AdmCmd: Boy Hardy da nhan duoc tu he thong mot chiec xe classic mien phi
[2016/2/5 - 13:58:24] AdmCmd: Thomas Dat da nhan duoc tu he thong mot chiec xe classic mien phi
[2016/2/5 - 13:58:25] AdmCmd: Phong Goodboy nhan duoc chuc may man lan sau tu he thong
[2016/2/5 - 13:58:25] AdmCmd: Rossi Bell da nhan duoc tu he thong mot chiec xe classic mien phi
[2016/2/5 - 13:58:25] AdmCmd: OngTrum Mafia da nhan duoc tu he thong mot chiec xe classic mien phi
[2016/2/5 - 13:58:25] AdmCmd: IkanuS Chau da nhan duoc tu he thong mot chiec xe classic mien phi
[2016/2/5 - 13:58:26] AdmCmd: Exciter Do da nhan duoc tu he thong mot chiec xe classic mien phi
[2016/2/5 - 13:58:27] AdmCmd: Fate Jonhson da nhan duoc tu he thong mot chiec xe classic mien phi
[2016/2/5 - 13:58:27] AdmCmd: Boy Hardy da nhan duoc tu he thong mot chiec xe classic mien phi
[2016/2/5 - 13:58:27] {AA3333}AdmWarning{FFFF00}: Hoang Tu dung la thien tai, beat animals duoc $500,000.
[2016/2/5 - 13:58:27] {AA3333}AdmWarning{FFFF00}: Hoang Tu dung la thien tai, Alaxca DaiCa duoc 1 vouchers Vip Gold 30 ngay.
[2016/2/5 - 13:58:28] {AA3333}AdmWarning{FFFF00}: Hoang Tu dung la thien tai, Exciter Do duoc $500,000.
[2016/2/5 - 14:11:29] AdmCmd: mais long da nhan duoc tu he thong mot chiec xe classic mien phi
[2016/2/5 - 14:20:45] AdmCmd: Bin hihi nhan duoc chuc may man lan sau tu he thong
[2016/2/5 - 14:21:35] {AA3333}AdmWarning{FFFF00}: Venus Angel da nhan duoc $500,000 tu he thong.
[2016/2/6 - 8:47:51] AdmCmd: Khang DuGai da nhan duoc tu he thong mot chiec xe classic mien phi
[2016/2/6 - 20:05:09] AdmCmd: Hidan Tony nhan duoc chuc may man lan sau tu he thong
[2016/2/7 - 8:40:39] AdmCmd: Phong Goodboy da nhan duoc tu he thong mot chiec xe classic mien phi
[2016/2/7 - 9:40:01] {AA3333}AdmWarning{FFFF00}: Monster Anh da nhan duoc $500,000 tu he thong.
[2016/2/7 - 9:46:29] AdmCmd: min master da nhan duoc tu he thong mot chiec xe classic mien phi
[2016/2/7 - 9:49:11] {AA3333}AdmWarning{FFFF00}: Mafia warto da nhan duoc $500,000 tu he thong.
[2016/2/7 - 9:50:16] {AA3333}AdmWarning{FFFF00}: LTT Dung da nhan duoc $500,000 tu he thong.
[2016/2/7 - 10:07:29] AdmCmd: New Huro da nhan duoc tu he thong mot chiec xe classic mien phi
[2016/2/7 - 10:23:23] AdmCmd: Bauer CTU da nhan duoc tu he thong mot chiec xe classic mien phi
[2016/2/7 - 10:32:53] AdmCmd: phat ghost da nhan duoc tu he thong mot chiec xe classic mien phi
[2016/2/7 - 10:39:23] AdmCmd: phat ghost da nhan duoc tu he thong mot chiec xe classic mien phi
[2016/2/7 - 10:44:06] AdmCmd: Chim Cu da nhan duoc tu he thong mot chiec xe classic mien phi
[2016/2/7 - 10:48:42] {AA3333}AdmWarning{FFFF00}: Bauer CTU da nhan duoc $500,000 tu he thong.
[2016/2/7 - 11:05:02] AdmCmd: Bauer CTU nhan duoc chuc may man lan sau tu he thong
[2016/2/7 - 11:11:30] AdmCmd: Wolf Rock nhan duoc chuc may man lan sau tu he thong
[2016/2/7 - 11:11:44] AdmCmd: Wolf Rock da nhan duoc tu he thong mot chiec xe classic mien phi
[2016/2/7 - 11:11:48] AdmCmd: Wolf Rock da nhan duoc tu he thong mot chiec xe classic mien phi
[2016/2/7 - 11:25:42] AdmCmd: Kelvin Nam da nhan duoc tu he thong mot chiec xe classic mien phi
[2016/2/7 - 11:40:57] AdmCmd: Harry Jinr da nhan duoc tu he thong mot chiec xe classic mien phi
[2016/2/7 - 13:54:17] AdmCmd: Nathan Erwin da nhan duoc tu he thong mot chiec xe classic mien phi
[2016/2/7 - 15:25:37] AdmCmd: Black Snow da nhan duoc tu he thong mot chiec xe classic mien phi
[2016/2/7 - 15:26:16] {AA3333}AdmWarning{FFFF00}: Black Snow nhan duoc vouchers Vip Gold 30 ngay tu he thong.
[2016/2/7 - 15:30:36] {AA3333}AdmWarning{FFFF00}: Black Snow nhan duoc vouchers Vip Gold 30 ngay tu he thong.
[2016/2/7 - 15:30:41] AdmCmd: Black Snow da nhan duoc tu he thong mot chiec xe classic mien phi
[2016/2/8 - 0:33:21] AdmCmd: Alaxca DaiCa nhan duoc chuc may man lan sau tu he thong
[2016/2/8 - 1:24:10] AdmCmd: Ivan Hardwell nhan duoc chuc may man lan sau tu he thong
[2016/2/8 - 8:11:37] AdmCmd: Mafia Xuyen da nhan duoc tu he thong mot chiec xe classic mien phi
[2016/2/8 - 9:04:31] {AA3333}AdmWarning{FFFF00}: Mafia Xuyen da nhan duoc $500,000 tu he thong.
[2016/2/8 - 9:05:56] AdmCmd: Mafia Xuyen da nhan duoc tu he thong mot chiec xe classic mien phi
[2016/2/8 - 11:21:07] AdmCmd: LTT Dung da nhan duoc tu he thong mot chiec xe classic mien phi
[2016/2/8 - 11:21:42] AdmCmd: LTT Dung da nhan duoc tu he thong mot chiec xe classic mien phi
[2016/2/8 - 12:38:34] AdmCmd: Thai Vu da nhan duoc tu he thong mot chiec xe classic mien phi
[2016/2/8 - 12:40:06] AdmCmd: Mister Huy da nhan duoc tu he thong mot chiec xe classic mien phi
[2016/2/8 - 12:50:14] AdmCmd: Thanh ngoc nhan duoc chuc may man lan sau tu he thong
[2016/2/8 - 12:55:38] {AA3333}AdmWarning{FFFF00}: Dai gia dung la thien tai, Kevin Hardy duoc $500,000.
[2016/2/8 - 12:55:41] {AA3333}AdmWarning{FFFF00}: Dai gia dung la thien tai, Tortugas Ella duoc 1 vouchers Vip Gold 30 ngay.
[2016/2/8 - 12:55:42] AdmCmd: MaJor Ghost nhan duoc chuc may man lan sau tu he thong
[2016/2/8 - 12:55:42] {AA3333}AdmWarning{FFFF00}: Dai gia dung la thien tai, Smith Robeo duoc 1 vouchers Vip Gold 30 ngay.
[2016/2/8 - 12:55:42] AdmCmd: Kevin Hardy da nhan duoc tu he thong mot chiec xe classic mien phi
[2016/2/8 - 12:55:43] {AA3333}AdmWarning{FFFF00}: Dai gia dung la thien tai, Thanh ngoc duoc 1 vouchers Vip Gold 30 ngay.
[2016/2/8 - 12:55:43] AdmCmd: LTT Dung nhan duoc chuc may man lan sau tu he thong
[2016/2/8 - 12:55:44] AdmCmd: MaJor Ghost da nhan duoc tu he thong mot chiec xe classic mien phi
[2016/2/8 - 12:55:44] AdmCmd: Kevin Hardy da nhan duoc tu he thong mot chiec xe classic mien phi
[2016/2/8 - 12:55:45] AdmCmd: Smith Robeo da nhan duoc tu he thong mot chiec xe classic mien phi
[2016/2/8 - 12:55:45] {AA3333}AdmWarning{FFFF00}: Dai gia dung la thien tai, Doctor Tom duoc 1 vouchers Vip Gold 30 ngay.
[2016/2/8 - 12:55:48] AdmCmd: Chaly Do da nhan duoc tu he thong mot chiec xe classic mien phi
[2016/2/8 - 12:55:48] AdmCmd: Tortugas Ella da nhan duoc tu he thong mot chiec xe classic mien phi
[2016/2/10 - 19:58:15] AdmCmd: Vinh SiuNhon da nhan duoc tu he thong mot chiec xe classic mien phi
