[2016/1/31 - 8:24:04] ** SFPD Chief Of Police TamHoang lam: mo loa xoet xoe .... **
[2016/1/31 - 8:24:25] ** SFPD Chief Of Police TamHoang lam: xin chao toan the nguoi dan SF **
[2016/1/31 - 8:24:43] ** SFPD Chief Of Police TamHoang lam: hom nay chung toi mo cuoc tuyen nhan luc dau tien .. **
[2016/1/31 - 8:25:13] ** SFPD Chief Of Police TamHoang lam: tuyen 2 nhan luc dau tien **
[2016/1/31 - 8:25:21] ** SFPD Chief Of Police TamHoang lam: ai co nhu cau den tru so cua chung toi **
[2016/1/31 - 8:26:05] ** SFPD Chief Of Police TamHoang lam: toi xin nhac lai.. **
[2016/1/31 - 8:26:16] ** SFPD Chief Of Police TamHoang lam: ai co nhu cau den tru  so cua chung toi de test ... **
[2016/1/31 - 8:27:50] ** SFPD Chief Of Police TamHoang lam: dong loa xoet xoet .... **
[2016/1/31 - 8:30:09] ** SFPD Chief Of Police TamHoang lam: ai muon tuyen lai tru so cua chung toi .... **
[2016/1/31 - 8:49:37] ** SFPD Chief Of Police Leo Fun: mo loa xoet..xoet **
[2016/1/31 - 8:49:51] ** SFPD Chief Of Police Leo Fun: Hien Tai Chung Toi Da Du Nhan Luc **
[2016/1/31 - 8:50:10] ** SFPD Chief Of Police Leo Fun: Ai Muon Vao Thi Doi Ki Tuyen Nhan Luc Sau Nhé **
[2016/1/31 - 8:50:18] ** SFPD Chief Of Police Leo Fun: Dong Loa xoet...xoet **
[2016/1/31 - 9:08:43] ** FDSA Fire Chief Exciter Jakie: mo loa xoet... xoet..... **
[2016/1/31 - 9:08:58] ** FDSA Fire Chief Exciter Jakie: Chao Toan The dan song o San fireo **
[2016/1/31 - 9:09:12] ** FDSA Fire Chief Exciter Jakie: hien nay toi dang thieu 3nhan luc **
[2016/1/31 - 9:09:37] ** FDSA Fire Chief Exciter Jakie: dong loa xoet... xoet..... **
[2016/1/31 - 10:24:07] ** FDSA Fire Chief Winx Hoang: Mo Loa: Xoet...Xoet...Xoet **
[2016/1/31 - 10:24:27] ** FDSA Fire Chief Winx Hoang: Hien nay chung toi dang tuyen 3 nhan luc ai co nhu cau den tru so chung toi **
[2016/1/31 - 10:24:38] ** FDSA Fire Chief Winx Hoang: Dong Loa: Xoet...Xoey...Xoet **
[2016/1/31 - 10:44:16] ** FDSA Fire Chief Winx Hoang: Mo Loa: XOet...XOet...Xoet **
[2016/1/31 - 10:44:30] ** FDSA Fire Chief Winx Hoang: Ai bi thuong /dichvu capcuu nhek ! **
[2016/1/31 - 10:44:40] ** FDSA Fire Chief Winx Hoang: Dong loa :Xoet ....Xoet **
[2016/1/31 - 10:45:19] ** FDSA Fire Chief Winx Hoang: Dong loa :Xoet...XOet **
[2016/1/31 - 12:38:54] ** FDSA Fire Chief Winx Hoang: Mo Loa: Xoet...Xoet **
[2016/1/31 - 12:39:07] ** FDSA Fire Chief Winx Hoang: Hien nay chung toi dang tuyen 2 nhan luc  **
[2016/1/31 - 12:39:22] ** FDSA Fire Chief Winx Hoang: Dong loa: Xoet...XOet **
[2016/1/31 - 13:02:50] ** FDSA Fire Chief Winx Hoang: Mo Loa:Xoet...XOet **
[2016/1/31 - 13:03:00] ** FDSA Fire Chief Winx Hoang: Ai bi thuong /dichvu capcuu nhek  **
[2016/1/31 - 13:03:05] ** FDSA Fire Chief Winx Hoang: Dong Loa :Xoet...Xoet **
[2016/2/1 - 9:44:07] ** LSPD Chief of Police Minh Stone: am thanh mo loa 'xoet....xoet'  **
[2016/2/1 - 9:44:24] ** LSPD Chief of Police Minh Stone: chung dang tuyen 2 nhan vien  **
[2016/2/1 - 9:49:38] ** FDSA Fire Chief Tran Dat: Mo Loa: XOet...Xoet **
[2016/2/1 - 9:49:47] ** FDSA Fire Chief Tran Dat: Hien nay chung toi dang tuyen 2 nhan luc  **
[2016/2/1 - 9:50:03] ** FDSA Fire Chief Tran Dat: Dong loa: Xoet...Xoet **
[2016/2/1 - 10:27:49] ** SFPD Cheif of Police Tamhoang lam: mo loa xoet xoet .... **
[2016/2/1 - 10:28:03] ** SFPD Cheif of Police Tamhoang lam: xin chao toan the nguoi dan thanh pho SF **
[2016/2/1 - 10:28:25] ** SFPD Cheif of Police Tamhoang lam: chung toi hien dang thieu nhan luc va dang tuyen 2 nhan luc  **
[2016/2/1 - 10:28:34] ** SFPD Cheif of Police Tamhoang lam: ai co nhu cau den tru so cua chung toi ... **
[2016/2/1 - 10:28:40] ** SFPD Cheif of Police Tamhoang lam: toi xin het ..... **
[2016/2/1 - 10:49:00] ** FDSA Fire Chief Winx Hoang: Mo Loa:Xoet...Xoet **
[2016/2/1 - 10:49:11] ** FDSA Fire Chief Winx Hoang: Xin chao toan the nguoi dan San Fiero **
[2016/2/1 - 10:49:20] ** FDSA Fire Chief Winx Hoang: Hien nay chung toi dang thieu 2 nhan luc **
[2016/2/1 - 10:49:30] ** FDSA Fire Chief Winx Hoang: Ai co nhu cau den tru so chung toi **
[2016/2/1 - 10:49:36] ** FDSA Fire Chief Winx Hoang: Dong Loa: Xoet...Xoet **
[2016/2/1 - 11:21:40] ** FDSA Fire Chief Boy Hardy: Mo Loa Xoet Xoet **
[2016/2/1 - 17:39:28] ** SFPD Cheif of Police Nha Giau: mo loa **
[2016/2/1 - 17:41:52] ** SFPD Cheif of Police Nha Giau: mo loa xoet xoet **
[2016/2/1 - 17:48:03] ** FDSA Fire Chief Nguyen Bon: [Mo loa xoet...xoet] **
[2016/2/1 - 17:49:57] ** LSPD Chief of Police Vila Anonymous: Mo Loa Xoet Xoet **
[2016/2/1 - 17:50:13] ** LSPD Chief of Police Vila Anonymous: Hien nay chung toi dang thieu nhan luc ai co nhu cau hay den tru so LSPD **
[2016/2/1 - 17:50:17] ** LSPD Chief of Police Vila Anonymous: de duoc phong van **
[2016/2/1 - 17:52:11] ** LSPD Chief of Police Vila Anonymous: Mo Loa Xoet Xoet **
[2016/2/1 - 17:52:19] ** LSPD Chief of Police Vila Anonymous: chung toi Da dong tuyen **
[2016/2/1 - 17:52:23] ** LSPD Chief of Police Vila Anonymous: dong loa xoet xeot **
[2016/2/1 - 17:56:44] ** FDSA Fire Chief Nguyen Bon: mo loa xoet xoet **
[2016/2/1 - 17:57:00] ** FDSA Fire Chief Nguyen Bon: chung toi con thieu nhan luc **
[2016/2/1 - 17:57:18] ** FDSA Fire Chief Nguyen Bon: chung toi con thieu nhan luc **
[2016/2/1 - 17:57:38] ** FDSA Fire Chief Nguyen Bon: ai dam me thi hay toi tru so test nhe  **
[2016/2/1 - 18:59:06] ** SFPD Cheif of Police Duong Minh Hieu: Am thanh mo loa Xoet...xoet **
[2016/2/1 - 18:59:31] ** SFPD Cheif of Police Duong Minh Hieu: Xin chào toan the nguoi dan dang sinh song tai Santa Flora **
[2016/2/1 - 18:59:50] ** SFPD Cheif of Police Duong Minh Hieu: Xin tu gioi thieu toi la Giám doc cua to chuc SFPD **
[2016/2/1 - 19:00:03] ** SFPD Cheif of Police Duong Minh Hieu: hien nay chúng toi Dang thieu 3 nhan luc **
[2016/2/1 - 19:00:24] ** SFPD Cheif of Police Duong Minh Hieu: Ai có Tam quyet Hai dén truoc tru so SFPD de duoc phong van **
[2016/2/1 - 20:34:28] ** FDSA Fire Chief Winx Hoang: Mo Loa: Xoet.....XOet **
[2016/2/1 - 20:34:41] ** FDSA Fire Chief Winx Hoang: xin chao nguoi dan sinh song tai San Fiero **
[2016/2/1 - 20:35:16] ** FDSA Fire Chief Winx Hoang: sorry cac ban dong tuyen  **
[2016/2/1 - 20:35:25] ** FDSA Fire Chief Winx Hoang: Dong loa : XOet...Xoet **
[2016/2/2 - 7:56:40] ** SAAS General Hai Saker: Am thanh mo loa *Xoet...Xoet* **
[2016/2/2 - 7:57:21] ** SAAS General Hai Saker: Xin Chao Toan The Cu Dan Song Tai SanAndreas **
[2016/2/2 - 7:58:01] ** SAAS General Hai Saker: Hom Nay Chung Toi Se Lam Lai Trat Tu o San Andreas **
[2016/2/2 - 7:59:14] ** SAAS General Hai Saker: Nhung Ai Vi Pham Thi Hay Den Dau Thu' **
[2016/2/2 - 7:59:49] ** SAAS General Hai Saker: Neu Vi Pham Ma Con Tron Tranh **
[2016/2/2 - 8:00:15] ** SAAS General Hai Saker: Chung Toi Se Dung Bien Phap Manh **
[2016/2/2 - 8:01:05] ** SAAS General Hai Saker: Am Thanh Dong Loa *Xèo...Xèo...Xèo* **
[2016/2/2 - 8:34:25] ** FDSA Fire Chief Winx Hoang: Mo Loa: Xoet...XOet....Xoet **
[2016/2/2 - 8:34:38] ** FDSA Fire Chief Winx Hoang: Chao cu dan sinh song tai San Fiero **
[2016/2/2 - 8:34:47] ** FDSA Fire Chief Winx Hoang: Hien nay tru so chung toi thieu 2 nhan luc ` **
[2016/2/2 - 8:35:00] ** FDSA Fire Chief Winx Hoang: AI co nhu cau den tru so chung toi **
[2016/2/2 - 8:35:07] ** FDSA Fire Chief Winx Hoang: Dong Loa: Xoet...Xoet **
[2016/2/2 - 9:09:14] ** SAAS General Hai Saker: Am Thanh Mo Loa *Xoet...Xoet* **
[2016/2/2 - 9:09:28] ** SAAS General Hai Saker: Mot chien si SAAS da bi ra di **
[2016/2/2 - 9:09:55] ** SAAS General Hai Saker: Moi nguoi den VIP de tien anh ay den noi an nghi cuoi cùng **
[2016/2/2 - 9:10:33] ** SAAS General Hai Saker: Moi nguoi di den VIP xe thay chiec xe Patriot **
[2016/2/2 - 9:10:52] ** SAAS General Hai Saker: Và có cái quan tai cua anh chien si o trên **
[2016/2/2 - 9:11:07] ** SAAS General Hai Saker: Mong moi nguoi den tien anh ay **
[2016/2/2 - 9:11:24] ** SAAS General Hai Saker: Am Thanh Dong Loa * Xoat...Xoat * **
[2016/2/2 - 9:14:31] ** SAAS General Hai Saker: Mo Loa *Xoet...Xoet* **
[2016/2/2 - 9:15:25] ** SAAS General Hai Saker: Chiec xe Tang da den Bien Gioi **
[2016/2/2 - 9:16:48] ** SAAS General Hai Saker: Chiec xe dan dau là Chiec xe SFPD **
[2016/2/2 - 9:16:57] ** SAAS General Hai Saker: Voi nguoi cam lái là Be Vy **
[2016/2/2 - 9:17:18] ** SAAS General Hai Saker: Mong moi nguoi den Bien gioi de Tien chien si **
[2016/2/2 - 9:44:23] ** SFPD Cheif of Police Vila: Mo Loa Xoet Xoet **
[2016/2/2 - 9:44:33] ** SFPD Cheif of Police Vila: hiên nay chúng tôi dang thiêu' Nhan vien **
[2016/2/2 - 9:44:48] ** SFPD Cheif of Police Vila: (( Online nhiêu )) **
[2016/2/2 - 9:44:53] ** SFPD Cheif of Police Vila: Ai có nhu Câu **
[2016/2/2 - 9:44:59] ** SFPD Cheif of Police Vila: hãy Ðên Tru so **
[2016/2/2 - 9:45:04] ** SFPD Cheif of Police Vila: de duoc phong van **
[2016/2/2 - 9:45:12] ** SFPD Cheif of Police Vila: Dong Loa xoet xoet **
[2016/2/2 - 12:06:49] ** FDSA Fire Chief Winx Hoang: Mo Loa: Xoet...Xoet **
[2016/2/2 - 12:07:02] ** FDSA Fire Chief Winx Hoang: Chao tat ca nguoi dan sinh song tai San Fiero  **
[2016/2/2 - 12:07:10] ** FDSA Fire Chief Winx Hoang: Hien nay tru so chung toi dang thieu 3 nhan luc **
[2016/2/2 - 12:07:16] ** FDSA Fire Chief Winx Hoang: Ai co nhu cau den tru so chung toi` **
[2016/2/2 - 16:00:22] ** SFPD Cheif of Police Old Robert: Mo.....Loa.....Xoat.....Xoat **
[2016/2/2 - 16:00:46] ** SFPD Cheif of Police Old Robert: Xin chao toa the dan cu San Ferrio **
[2016/2/2 - 16:01:12] ** SFPD Cheif of Police Old Robert: Toi xin tu gioi thieu toi la Leader cua SFPD **
[2016/2/2 - 16:01:26] ** SFPD Cheif of Police Old Robert: Hom nay toi se mo dot tuyen dung thu 1 **
[2016/2/2 - 16:01:39] ** SFPD Cheif of Police Old Robert: neu ai co kha nang hay nop don **
[2016/2/2 - 16:01:53] ** SFPD Cheif of Police Old Robert: Dong......Loa......Xoat......Xoat **
[2016/2/2 - 16:10:49] ** FDSA Fire Chief Boy Hardy: Mo Loa Xoet Xoet **
[2016/2/2 - 16:11:09] ** FDSA Fire Chief Boy Hardy: Hien Chung Toi Dang Thieu 1 Nhan Luc  **
[2016/2/2 - 16:20:07] ** SAAS General Hai Saker: Am Thanh Mo Loa * Xoet...Xoet * **
[2016/2/2 - 16:20:44] ** SAAS General Hai Saker: Xin Chao Toan The Cu Dan Song Tai San Andreas **
[2016/2/2 - 16:21:02] ** SAAS General Hai Saker: Hien Nay Chung Toi Dang Thieu Nhan Luc **
[2016/2/2 - 16:21:45] ** SAAS General Hai Saker: Nhung Ai Co Kha Nang Thi Hay Den Truoc Tru So De Phong Van **
[2016/2/2 - 16:22:09] ** SAAS General Hai Saker: Am Thanh Dong Loa * Xoat...Xoat * **
[2016/2/2 - 16:46:29] ** SAAS General Hai Saker: Mo Loa * Am...Am * **
[2016/2/2 - 16:47:01] ** SAAS General Hai Saker: SAAS dang tuan tra nhung ai dang vi pham thi ra dau thu di **
[2016/2/2 - 16:47:21] ** SAAS General Hai Saker: Neu bat duoc thi di boc lich **
[2016/2/2 - 16:47:42] ** SAAS General Hai Saker: Dong Loa * Xèo...Xèo *  **
[2016/2/2 - 18:47:01] ** SFPD Cheif of Police Nguyen Bon: mo loa xoet...xoet tai vip **
[2016/2/2 - 18:47:21] ** SFPD Cheif of Police Nguyen Bon: ai dam me hay toi vip **
[2016/2/2 - 20:02:58] ** FDSA Fire Chief Boy Hardy: Mo Loa Xoet Xoet **
[2016/2/2 - 20:03:24] ** FDSA Fire Chief Boy Hardy: Hien Chung Toi Dang Thieu 1 Nhan Luc  **
[2016/2/2 - 20:04:07] ** FDSA Fire Chief Boy Hardy: Ai Muon Vao Thi Hay Den Tru So  **
[2016/2/2 - 20:04:15] ** FDSA Fire Chief Boy Hardy: Dong Loa Xoet Xoet **
[2016/2/2 - 20:16:03] ** FDSA Fire Chief Boy Hardy: {Am Thanh} Mo Loa , Xoet Xoet.... **
[2016/2/2 - 20:16:18] ** FDSA Fire Chief Boy Hardy: Hien Tai , Benh vien chung toi dang thieu nhan luc **
[2016/2/2 - 20:16:40] ** FDSA Fire Chief Boy Hardy: Neu ai có tam huyet voi nghe   thi hay den benh vien SF de duoc phong van **
[2016/2/2 - 20:17:04] ** FDSA Fire Chief Boy Hardy: {Am Thanh} Dong Loa Xoet Xoet... **
[2016/2/2 - 20:23:43] ** FDSA Fire Chief Boy Hardy: Am Thanh Mo Loa Xoet Xoet .... **
[2016/2/2 - 20:23:56] ** FDSA Fire Chief Boy Hardy: Hien Tai Chung toi dang mo dot tuyen nhan luc **
[2016/2/2 - 20:24:16] ** FDSA Fire Chief Boy Hardy: Nhung ai co tam huyet voi  nghe , hay lai benh vien de duoc phong van **
[2016/2/2 - 20:24:29] ** FDSA Fire Chief Boy Hardy: Luu Y khong mang theo vu khi  den phong van **
[2016/2/2 - 20:24:45] ** FDSA Fire Chief Boy Hardy: {Am Thanh] Dong loa xoet Xoet... **
[2016/2/2 - 20:44:18] ** TRAF General David Vila: Mo Loa Xoet Xoet **
[2016/2/2 - 20:44:26] ** TRAF General David Vila: TRAF xe Tuyen dung lai tu dau **
[2016/2/2 - 20:44:38] ** TRAF General David Vila: Ai co nhu cau hay den tru so de duoc phong van **
[2016/2/2 - 20:44:43] ** TRAF General David Vila: Dong loa Xoet Xoet **
[2016/2/3 - 7:09:31] ** SAAS General Hai Saker: Am Thanh Mo Loa * Xoet...Xoet * **
[2016/2/3 - 7:09:47] ** SAAS General Hai Saker: SAAS Chung Toi Thong Báo **
[2016/2/3 - 7:10:16] ** SAAS General Hai Saker: *Thong Bao* : SAAS se tam vang trong 1 ngày **
[2016/2/3 - 7:10:44] ** SAAS General Hai Saker: *Thong Bao* : Chung Toi se hoai dong ngam bang tan so **
[2016/2/3 - 7:11:06] ** SAAS General Hai Saker: *Thong Bao* : Neu ban nào muon có chô thì hay den Tru so de biet **
[2016/2/3 - 7:11:21] ** SAAS General Hai Saker: *Thong Bao* : Chung toi xin het **
[2016/2/3 - 7:11:34] ** SAAS General Hai Saker: Dong Loa *Xoet...Xoet* **
[2016/2/3 - 10:15:02] ** SAAS General Winx Hoang: Mo Loa: XOet....XOet....XOet **
[2016/2/3 - 10:15:11] ** SAAS General Winx Hoang: Xin chao moi nguoi dan San Fiero **
[2016/2/3 - 10:15:32] ** SAAS General Winx Hoang: Hien nay tru so chung toi dang tuyen 3 nhan  luc  **
[2016/2/3 - 10:15:41] ** SAAS General Winx Hoang: AI co nhu cau den tru so chung toi **
[2016/2/3 - 10:15:46] ** SAAS General Winx Hoang: DOng loa; Xoet....Xoet **
[2016/2/3 - 10:16:42] ** FDSA Fire Chief David Xuyen: : Mo Loa : Xoet..Xoet...Xoet......... **
[2016/2/3 - 10:16:58] ** FDSA Fire Chief David Xuyen: [ Thong Bao ] Tru so FDSA dang thieu nhan luc **
[2016/2/3 - 10:17:25] ** FDSA Fire Chief David Xuyen: [ Thong Bao] yeu cau cua dot tuyen la 3 nhan luc **
[2016/2/3 - 10:17:40] ** FDSA Fire Chief David Xuyen: [ Thong Bao] Ai co niem dam me xin lai tru so **
[2016/2/3 - 10:17:50] ** FDSA Fire Chief David Xuyen: dong loa xoet.......xoet........ **
[2016/2/3 - 10:28:33] ** FBI Director David Vila: Mo Loa Xoet Xoet **
[2016/2/3 - 10:28:42] ** FBI Director David Vila: Hien nay FBI Chung toi dang thieu nhan Vien  **
[2016/2/3 - 10:28:52] ** FBI Director David Vila: ai co nhu Cau hay den tru so de duoc phong van **
[2016/2/3 - 10:28:56] ** FBI Director David Vila: dong loa xoet xoet **
[2016/2/3 - 10:54:11] ** FDSA Fire Chief David Xuyen: Am Thanh [ Mo Loa ] Xoet....Xoet.... **
[2016/2/3 - 10:54:34] ** FDSA Fire Chief David Xuyen: [ Tuyen Dung ] Hien Gio Chung toi Dang Thieu Nhan Luc **
[2016/2/3 - 10:55:04] ** FDSA Fire Chief David Xuyen: [ Tuyen dung ] Ai Co Nhu Cau Hay Dam Me Nghe Bac Si Hay Lai Benh Vien **
[2016/2/3 - 10:55:21] ** FDSA Fire Chief David Xuyen: [ Tuyen Dung ] Yeu Cau Song Tren 3 Nam **
[2016/2/3 - 10:55:35] ** FDSA Fire Chief David Xuyen: Am Thanh [ Dong Loa ] Xoet...Xoet... **
[2016/2/3 - 14:20:22] ** SAAS General Hai Saker: Am Thanh Mo Loa * Xoet...Xoet * **
[2016/2/3 - 14:20:57] ** SAAS General Hai Saker: Hien Nay Toi Pham Dang Hoanh Hanh **
[2016/2/3 - 14:21:41] ** SAAS General Hai Saker: Chung Toi Can Them 2 Nhan Luc De Ho Tro Toi **
[2016/2/3 - 14:22:14] ** SAAS General Hai Saker: Xin Het **
[2016/2/3 - 14:22:34] ** SAAS General Hai Saker: Dong Lao * Xèo...Â`m * **
[2016/2/3 - 14:23:28] ** FDSA Fire Chief David Xuyen: [ Am Thanh ] Mo Loa Xoet...Xoet...Xoet **
[2016/2/3 - 14:24:04] ** FDSA Fire Chief David Xuyen: [ Thong Bao ] Chung Toi Can Them 3 Nhan Luc  **
[2016/2/3 - 14:24:34] ** FDSA Fire Chief David Xuyen: [ Thong Bao ] Ai Co Yeu Cau Hay Den So Chung Toi Den Phong Van **
[2016/2/3 - 14:25:05] ** FDSA Fire Chief David Xuyen: [ Thong Bao ] Dong Lo Xoet...Xoet **
[2016/2/3 - 14:52:25] ** FDSA Fire Chief David Xuyen: [ Am Thanh ] Mo Loa Xoet...Xoet...Xoet **
[2016/2/3 - 14:53:00] ** FDSA Fire Chief David Xuyen: [ Thong Bao ] Chung Toi Dang Can Thieu 3 Nhan Luc Ai Co Yeu Cau Hay Den So Tru Chung Toi **
[2016/2/3 - 14:53:33] ** FDSA Fire Chief David Xuyen: [ Thong Bao ] Dong Loa Xoet...Xoet **
[2016/2/3 - 15:00:52] ** SAAS General Hai Saker: Mo Loa * Xèo...Xèo* **
[2016/2/3 - 15:01:20] ** SAAS General Hai Saker: SAAS can tuyen nhung nguoi biet ban sung de bao ve SF **
[2016/2/3 - 15:01:43] ** SAAS General Hai Saker: Hien tai TRAF dang chiem SAAS **
[2016/2/3 - 15:02:06] ** SAAS General Hai Saker: SAAS dang cau cuu nhung nguoi dan biet ban sung **
[2016/2/3 - 15:02:49] ** SAAS General Hai Saker: Ai muon vao thì lai VIP SF de duoc mang huy hieu **
[2016/2/3 - 15:03:06] ** SAAS General Hai Saker: Leader SAAS xin het **
[2016/2/3 - 15:03:15] ** SAAS General Hai Saker: Dong Loa * Am...Am * **
[2016/2/3 - 15:08:49] ** TRAF General David Vila: Mo Loa Xoet Xoet **
[2016/2/3 - 15:09:02] ** TRAF General David Vila: Gio bon tao se tieng hanh Chiem lay khu vuc SAAS va SFPD **
[2016/2/3 - 15:09:14] ** TRAF General David Vila: ai toi la coi nhu xam pham se bi giet chet **
[2016/2/3 - 15:09:18] ** SAAS General Hai Saker: Mo loa * Xoet...Xoet * **
[2016/2/3 - 15:09:19] ** TRAF General David Vila: DOng loa Xoet Xoet **
[2016/2/3 - 15:09:37] ** SFPD Cheif of Police Micheal Sang: Mo Loa Xoet Xoet... **
[2016/2/3 - 15:09:47] ** SAAS General Hai Saker: Mong SFPD hop tac voi SAAS de cuu lay SF **
[2016/2/3 - 15:09:58] ** SFPD Cheif of Police Micheal Sang: Hien Tai So Canh Sat San Fierro Hien Tai Thieu Nhan Luc... **
[2016/2/3 - 15:10:15] ** SFPD Cheif of Police Micheal Sang: Ai Co Du Kha Nang Thi Hay Toi Tru So Chung Toi... **
[2016/2/3 - 15:10:17] ** SAAS General Hai Saker: Dong Loa * Xoet...Xoet * **
[2016/2/3 - 15:10:27] ** SFPD Cheif of Police Micheal Sang: Cam On Cac Ban Da Lang Nghe... **
[2016/2/3 - 15:10:31] ** SFPD Cheif of Police Micheal Sang: Dong Loa Xoet Xoet... **
[2016/2/3 - 19:42:37] ** FBI Director David Money: Mo loa xoet...xoet... **
[2016/2/3 - 19:42:44] ** FBI Director David Money: Thong bao ve tru so FBI **
[2016/2/3 - 19:43:00] ** FBI Director David Money: Hien nay chung toi dang thieu nhan luc , nhung ai co kha nang hay den tru so FBI de phong van. **
[2016/2/3 - 19:43:09] ** FBI Director David Money: Dong loa xoet..xoet.. **
[2016/2/4 - 7:38:56] ** FDSA Fire Chief David Xuyen: [ Am Thanh ] Am Thang Mo Loa Xoet...Xoet...Xoet **
[2016/2/4 - 7:39:29] ** FDSA Fire Chief David Xuyen: [ Thong Bao ] FDSA chung Toi Dang Can Thieu 2 Nhan Luc **
[2016/2/4 - 7:40:02] ** FDSA Fire Chief David Xuyen: [ Thong Bao ] Ai Co Yeu Can Hay Den So Tru Chung Toi De Duoc Phong Van **
[2016/2/4 - 7:40:26] ** FDSA Fire Chief David Xuyen: [ Thong Bao ] Dong Loa Xoet...Xoet **
[2016/2/4 - 9:14:58] ** FDSA Fire Chief David Xuyen: [ Am Thanh ] Am Thanh Mo Loa Xoet...Xoet...Xoet **
[2016/2/4 - 9:15:21] ** FDSA Fire Chief David Xuyen: [ Thong Bao ] Chung Toi THieu 2 Nhan Luc  **
[2016/2/4 - 9:15:41] ** FDSA Fire Chief David Xuyen: [ Thong Bao [ Ai Co Yeu Cau Hay Den So TRu FDSA de Phong **
[2016/2/4 - 9:16:06] ** FDSA Fire Chief David Xuyen: [ Thong Bao ] Dong Loa Xoet...Xoet **
[2016/2/4 - 11:56:34] ** LSPD Chief of Police Naruto.Yeu Hinata: [ Am Thanh ] Mo Loa Xoet...Xoet....... **
[2016/2/4 - 11:57:14] ** LSPD Chief of Police Naruto.Yeu Hinata: [ Thong Bao ] Chung Toi Da Ket Thuc Dot Tuyen 1 Neu Ai Muon Vao To Chuc Hay Doi Dot 
[2016/2/4 - 11:57:26] ** LSPD Chief of Police Naruto.Yeu Hinata: [ Am Thanh ] Dong Loa Xoet...Xoet....... **
[2016/2/4 - 12:22:14] ** FBI Director David Tom: Mo loa xoet..xoet.. **
[2016/2/4 - 12:22:21] ** FBI Director David Tom: Thong Bao ve Tru So FBI **
[2016/2/4 - 12:22:39] ** FBI Director David Tom: HIen nay chung toi dang thieu nhan luc , Ai co kha nang thi den tru so de phong van. **
[2016/2/4 - 12:22:46] ** FBI Director David Tom: Dong loa xoet..xoet.. **
[2016/2/4 - 12:26:08] ** SAAS General Kelvin Teld: Mo loa xoet...xoet )) **
[2016/2/4 - 12:26:38] ** SAAS General Kelvin Teld: hien tai chung toi can tuyen them 1 nhan luc de canh ai co kha nang hay den tru so de xin vao nhe 
[2016/2/4 - 13:30:24] ** SFPD Cheif of Police Nguyen Quynh: Mo.....Loa.....Xoat.....Xoat **
[2016/2/4 - 13:30:50] ** SFPD Cheif of Police Nguyen Quynh: Xin chao toan the dan cu San Fiero **
[2016/2/4 - 13:31:01] ** SFPD Cheif of Police Nguyen Quynh: Chung toi xin thong bao **
[2016/2/4 - 13:31:16] ** SFPD Cheif of Police Nguyen Quynh: Hien nay chung toi dang thieu nahn luc **
[2016/2/4 - 13:31:28] ** SFPD Cheif of Police Nguyen Quynh: Neu ai co nhu cau hay den tru so cua chung toi **
[2016/2/4 - 13:31:38] ** SFPD Cheif of Police Nguyen Quynh: De duoc vao SFPD nhe **
[2016/2/4 - 13:32:07] ** SFPD Cheif of Police Nguyen Quynh: Dong.....Loa.....Xoat.....Xaot **
[2016/2/4 - 14:08:18] ** SFPD Cheif of Police Nguyen Quynh: Mo.....Loa....Xoat.....Xoat **
[2016/2/4 - 14:08:30] ** SFPD Cheif of Police Nguyen Quynh: Chung toi xin ngung tuyen nhan vien **
[2016/2/4 - 14:08:41] ** SFPD Cheif of Police Nguyen Quynh: chung toi da du nhan vien **
[2016/2/4 - 14:08:51] ** SFPD Cheif of Police Nguyen Quynh: chung toi xin dong tuyen **
[2016/2/4 - 14:09:05] ** SFPD Cheif of Police Nguyen Quynh: Dong....Loa....Xoat....Xoat **
[2016/2/4 - 14:17:55] ** SASD Sheriff Winx Hoang: Mo Loa: Xoet...XOet...Xoet **
[2016/2/4 - 14:18:07] ** SASD Sheriff Winx Hoang: Xin chao moi nguoi dan San Fiero  **
[2016/2/4 - 14:18:16] ** SASD Sheriff Winx Hoang: Hien nay tru so chung toi thieu 3 nhan luc **
[2016/2/4 - 14:18:26] ** SASD Sheriff Winx Hoang: Ai co nhu cau den Benh vien SF  **
[2016/2/4 - 14:18:35] ** SASD Sheriff Winx Hoang: Chung toi se test luat **
[2016/2/4 - 14:18:43] ** SASD Sheriff Winx Hoang: DOng loa: XOet...Xoet **
[2016/2/4 - 14:21:47] ** SASD Sheriff Winx Hoang: Mo Loa: Xoet...Xoet **
[2016/2/4 - 14:21:59] ** SASD Sheriff Winx Hoang: Hien nay tru so chung toi thieu 3 nhan luc **
[2016/2/4 - 14:22:14] ** SASD Sheriff Winx Hoang: Ai co nhu cau den tru so chung toi  **
[2016/2/4 - 14:22:21] ** SASD Sheriff Winx Hoang: Ai bit den tru so chung toi nhek ! **
[2016/2/4 - 14:22:28] ** SASD Sheriff Winx Hoang: Dong Loa: Xoet...Xoet **
[2016/2/4 - 14:30:23] ** SAAS General Kelvin Teld: Am thanh mo loa Xoet...Xoet )) **
[2016/2/4 - 14:30:59] ** SAAS General Kelvin Teld: Hien Tai SAAS cua chung toi dang thieu nhan luc,chung toi dang can nhan luc ai co kha nang lai tru
[2016/2/4 - 14:31:22] ** SAAS General Kelvin Teld: Hien Tai SAAS cua chung toi dang /gov Am thanh dong loa Xoet...Xoet )) **
[2016/2/4 - 15:10:33] ** SAAS General Kelvin Teld: Am thanh mo loa Xoet...Xoet... )) **
[2016/2/4 - 15:12:10] ** SAAS General Kelvin Teld: Hien tai nhan luc chung toi dang giam can 2 nhan luc neu ai co nhu cau den tru so SAAS ))  **
[2016/2/4 - 15:15:56] ** FDSA Fire Chief Nick: Amthanhmoloa Xoet... Xoet **
[2016/2/4 - 15:16:23] ** FDSA Fire Chief Nick: Xin chao toan the nhan dan dang sinh song tai Thanh pho santa Flora **
[2016/2/4 - 15:16:38] ** FDSA Fire Chief Nick: Toi la Giam doc Cua to chuc FDSA Va Hien nay **
[2016/2/4 - 15:16:46] ** FDSA Fire Chief Nick: chung toi dang thieu 2 nhan luc **
[2016/2/4 - 15:17:03] ** FDSA Fire Chief Nick: neu ai co tam quyet lam 1 bac si hay den tru so cua chung toi de duoc phong van **
[2016/2/4 - 15:17:10] ** SAAS General Kelvin Teld: Chung toi khong tuyen dung nua nhe ))  **
[2016/2/4 - 15:17:24] ** FDSA Fire Chief Nick: amthanhdongloa Ram...Ram **
[2016/2/4 - 15:17:41] ** SAAS General Kelvin Teld: Do mot so nguoi KOS trong tru so khi dang test nen chung toi khong tuyen nua )) **
[2016/2/4 - 15:18:04] ** SAAS General Kelvin Teld: Do mot so nguoi/gov Am thanh dong loa Xoet...Xoet... )) **
[2016/2/4 - 15:18:13] ** SAAS General Kelvin Teld: Am thanh dong loa Xoet...Xoet... )) **
[2016/2/4 - 15:26:05] ** LSPD Chief of Police Tuan Nguyen: Am Thanh Mo Loa Xoet...Xoet... **
[2016/2/4 - 15:26:36] ** LSPD Chief of Police Tuan Nguyen: LSPD Chung toi xin tuyen 3 nhan luc **
[2016/2/4 - 15:26:46] ** LSPD Chief of Police Tuan Nguyen: Ai du dieu kien lai tru so chung toi de test luat **
[2016/2/4 - 15:26:51] ** LSPD Chief of Police Tuan Nguyen: Dong Loa Xoet...Xoet... **
[2016/2/4 - 15:39:02] ** SAAS General Kelvin Teld: Am thanh mo loa Xoet...Xoet... )) **
[2016/2/4 - 15:39:18] ** SAAS General Kelvin Teld: Chung toi da tuyen duoc 1 nhan luc do la id 70 ))  **
[2016/2/4 - 15:39:29] ** SAAS General Kelvin Teld: Am thanh dong loa xoet...xoet )) **
[2016/2/4 - 16:31:23] ** FBI Director David Tom: Mo Loa Xoet..xoet.. **
[2016/2/4 - 16:31:34] ** FBI Director David Tom: Thong bao ve tru so FBI cua chung toi. **
[2016/2/4 - 16:31:48] ** FBI Director David Tom: hien nay la 4 gio 31 phut chung toi xin phep nghi trua. **
[2016/2/4 - 16:31:52] ** FBI Director David Tom: Dong loa xoet..xoet.. **
[2016/2/4 - 16:41:31] ** SAAS General Airy Atlantic: [Am thanh mo loa ] Xoet...xoet...xoet **
[2016/2/4 - 16:41:58] ** SAAS General Airy Atlantic: Luat moi ap dung tu ngay 4 thang 2 nam 2016  **
[2016/2/4 - 16:59:31] ** SAAS General Kelvin Teld: Am thanh mo loa Xoet...Xoet )) **
[2016/2/4 - 16:59:51] ** SAAS General Kelvin Teld: Tu ke bay gio SAAS chung toi se khong thu phi khi cac faction qua tram )) **
[2016/2/4 - 17:00:12] ** SAAS General Kelvin Teld: Am thanh dong loa Xoet...Xoet )) **
[2016/2/4 - 18:42:12] ** FDSA Fire Chief Tran Thuy Hoang: Am thanh mo loa xoet..xoet..xoet..xoet **
[2016/2/4 - 18:42:47] ** FDSA Fire Chief Tran Thuy Hoang: Chao tat ca nguoi dan sinh song tai thanh pho Sam Fierro **
[2016/2/4 - 18:43:07] ** FDSA Fire Chief Tran Thuy Hoang: hien cong ty chung toi dang thieu 2 nhan luc **
[2016/2/4 - 18:43:24] ** FDSA Fire Chief Tran Thuy Hoang: ai co niem dam me thi hay lai tru so chung toi de duoc tuyen dung **
[2016/2/4 - 18:43:34] ** FDSA Fire Chief Tran Thuy Hoang: Am thanh dong loa xoet..xoet...xoet...xoet **
[2016/2/4 - 19:03:34] ** FDSA Fire Chief Tran Thuy Hoang: Am thanh mo loa xoet..xoet..xoet **
[2016/2/4 - 19:03:41] ** FDSA Fire Chief Tran Thuy Hoang: hien cong ty chung toi da du nhan luc  **
[2016/2/4 - 19:03:51] ** FDSA Fire Chief Tran Thuy Hoang: nhung ai dam me thi quay lai dot tuyen sau nhe **
[2016/2/4 - 19:03:59] ** FDSA Fire Chief Tran Thuy Hoang: am thanh dong loa xoet..xoet..xoet.xoet **
[2016/2/4 - 20:09:05] ** FDSA Fire Chief Tran Thuy Hoang: am thanh mo loa xoet..xoet..xoet.xoet **
[2016/2/4 - 20:09:27] ** FDSA Fire Chief Tran Thuy Hoang: chao toan the nguoi dan song tren dat nuoc San Fierro xinh dep nay **
[2016/2/4 - 20:09:46] ** FDSA Fire Chief Tran Thuy Hoang: hien cong ty FDSA chung toi dang mo dot tuyen dung   **
[2016/2/4 - 20:10:37] ** FDSA Fire Chief Tran Thuy Hoang: nop don tai {https://www.facebook.com/groups/1666207460303978/?fref=nf} **
[2016/2/4 - 20:10:49] ** FDSA Fire Chief Tran Thuy Hoang: am thanh dong loa xoet..xoet...xoet.xoet **
[2016/2/4 - 20:13:36] ** SAAS General Nick: Amthanh moloa xoet...xoet **
[2016/2/4 - 20:13:58] ** SAAS General Nick: xin chao toàn the nhan dan dang sinh sóng tai Los SanTos và Santa Flora **
[2016/2/4 - 20:14:30] ** SAAS General Nick: Hien nay chung toi da lap 1 tram thu phí o bien giói San Fierro **
[2016/2/4 - 20:14:51] ** SAAS General Nick: Xe thuong 5000SAD Xe Truck 2000SAD Mong moi nguoi hop tac **
[2016/2/4 - 20:15:02] ** SAAS General Nick: Amthanh dongloa Ram...Ram **
[2016/2/4 - 20:33:50] ** FDSA Fire Chief Tran Thuy Hoang: am thanh mo loa xoet..xoet..xoet **
[2016/2/4 - 20:34:08] ** FDSA Fire Chief Tran Thuy Hoang: nhung ai co da duyet hay den tru so de duoc phong van **
[2016/2/4 - 20:34:16] ** FDSA Fire Chief Tran Thuy Hoang: am thanh dong loa xoet..xoet..xoet **
[2016/2/4 - 21:16:52] ** FDSA Fire Chief Tran Thuy Hoang: am thanh mo loa xoet..xoet..xoet **
[2016/2/4 - 21:17:03] ** FDSA Fire Chief Tran Thuy Hoang: chao tat ca nguoi dan sinh song tai dat nuoc San Fierro **
[2016/2/4 - 21:17:17] ** FDSA Fire Chief Tran Thuy Hoang: hien tai cong ty toi da du nhan luc **
[2016/2/4 - 21:17:42] ** FDSA Fire Chief Tran Thuy Hoang: ai co niem dam me thi hay den dot tuyen sau de phong van **
[2016/2/4 - 21:17:52] ** FDSA Fire Chief Tran Thuy Hoang: am thanh dong loa xoet..xoet..xoet **
[2016/2/5 - 8:14:05] ** SAAS General Thanh: Mo loa xoet....xoet....xoet.. **
[2016/2/5 - 8:14:13] ** SAAS General Thanh: Thong bao toan the dan San Fierro **
[2016/2/5 - 8:14:32] ** SAAS General Thanh: Hom nay tap the to chuc SAAS chung toi **
[2016/2/5 - 8:14:46] ** SAAS General Thanh: Xin duoc tuyen dung them 2 nguoi **
[2016/2/5 - 8:15:08] ** SAAS General Thanh: Neu ai muon thi hay len forum : [http://gta-srl.mov.mn/]  **
[2016/2/5 - 8:15:30] ** SAAS General Thanh: Nop don len roi de chung toi duyet **
[2016/2/5 - 8:15:34] ** SAAS General Thanh: Xin het!!!! **
[2016/2/5 - 8:15:43] ** SAAS General Thanh: Dong loa xoet....xoet...xoet... **
[2016/2/5 - 8:45:11] ** LSPD Chief of Police Tuan Nguyen: Am Thanh Mo Loa Xoet...Xoet... **
[2016/2/5 - 8:45:26] ** LSPD Chief of Police Tuan Nguyen: LSPD Chung toi can tuyen 3 nhan luc. **
[2016/2/5 - 8:45:37] ** LSPD Chief of Police Tuan Nguyen: Ai co du dieu kien thi xin hay lai tru so gap toi **
[2016/2/5 - 8:45:42] ** LSPD Chief of Police Tuan Nguyen: Dong Loa Xoet...Xoet... **
[2016/2/5 - 8:49:51] ** SAAS General Hai Saker: Am thanh mo loa * Xoet...Xoet * **
[2016/2/5 - 8:50:36] ** SAAS General Hai Saker: Xin chào toan the cu dan song tai San Andreas **
[2016/2/5 - 8:50:58] ** SAAS General Hai Saker: Hien nay chung toi dang thieu nhan luc **
[2016/2/5 - 8:51:13] ** SAAS General Hai Saker: Chung toi can tuyen 2 nahn luc **
[2016/2/5 - 8:51:16] ** SAAS General Hai Saker: Chung toi can tuyen 2 nhan luc **
[2016/2/5 - 8:51:32] ** SAAS General Hai Saker: Nhung ai co kha nang hay den tru so **
[2016/2/5 - 8:51:38] ** SAAS General Hai Saker: Luu y **
[2016/2/5 - 8:51:48] ** SAAS General Hai Saker: Khi den mang ao quan lich su **
[2016/2/5 - 8:52:01] ** SAAS General Hai Saker: và tueyt doi khong mang vu khi **
[2016/2/5 - 9:14:51] ** SASD Sheriff Winx Hoang: Mo Loa: Xoet...Xoet....Xoet **
[2016/2/5 - 9:15:02] ** SASD Sheriff Winx Hoang: Hien nay tru so chung toi thieu 3 nhan luc **
[2016/2/5 - 9:15:13] ** SASD Sheriff Winx Hoang: Ai co nhu cau den bvsf de test luat **
[2016/2/5 - 9:15:22] ** SASD Sheriff Winx Hoang: Dong Loa: Xoet...Xoet **
[2016/2/5 - 9:16:06] ** SASD Sheriff Winx Hoang: Xin Nhac lai **
[2016/2/5 - 9:16:18] ** SASD Sheriff Winx Hoang: Ai muon lam canh sat nong thong qua Benh vien SF **
[2016/2/5 - 9:16:27] ** SASD Sheriff Winx Hoang: Dong Loa: Xoet....Xoet **
[2016/2/5 - 9:28:41] ** SASD Sheriff Winx Hoang: xin nhac lai qua bvsf dang tuyen **
[2016/2/5 - 9:28:48] ** SASD Sheriff Winx Hoang: Dong Loa: Xoet...Xoet **
[2016/2/5 - 14:27:35] ** SAAS General Hai Saker: Am thanh mo loa * Xoet...Xoet * **
[2016/2/5 - 14:27:49] ** SAAS General Hai Saker: SAAS xin thong báo **
[2016/2/5 - 14:28:19] ** SAAS General Hai Saker: SAAS se khong tha cho SFPD vì da cuop di mang song cua chien si **
[2016/2/5 - 14:28:32] ** SAAS General Hai Saker: Chien si SAAS cua chung toi **
[2016/2/5 - 14:28:55] ** SAAS General Hai Saker: Moi nguoi dan nen roi xa khoi khi vuc cua SAAS và SFPD **
[2016/2/5 - 14:29:13] ** SAAS General Hai Saker: Co the nguy hiem den tinh mang **
[2016/2/5 - 14:29:19] ** SAAS General Hai Saker: Xin Het **
[2016/2/5 - 14:29:31] ** SAAS General Hai Saker: Dong Loa * Xoet...Xoet * **
[2016/2/5 - 14:33:10] ** FDSA Fire Chief Tran Thuy Hoang: am thanh mo loa xoet..xoet..xoet **
[2016/2/5 - 14:33:28] ** FDSA Fire Chief Tran Thuy Hoang: chao tat ca nguoi dan sinh song tai San Fierro **
[2016/2/5 - 14:33:36] ** FDSA Fire Chief Tran Thuy Hoang: Tru so FDSA chung toi xin thong bao **
[2016/2/5 - 14:33:51] ** FDSA Fire Chief Tran Thuy Hoang: tru so chung toi dang thieu 3 nhan luc **
[2016/2/5 - 14:34:04] ** FDSA Fire Chief Tran Thuy Hoang: ai co niem dam me thi nop don tai {forum http://gta-srl.mov.mn/} **
[2016/2/5 - 14:34:12] ** FDSA Fire Chief Tran Thuy Hoang: xin het **
[2016/2/5 - 14:34:21] ** FDSA Fire Chief Tran Thuy Hoang: am thanh dong loa xoet..xoet..xoet.xoet **
[2016/2/5 - 14:50:12] ** SAAS General Kelvin Teld: Am thanh mo loa "Xoet...Xoet..."  **
[2016/2/5 - 15:16:03] ** SAAS General Kelvin Teld: Am thanh mo loa Xoet....Xoet..... **
[2016/2/5 - 15:16:31] ** SAAS General Kelvin Teld: Toi la LD cua SAAS toi xin dai dien xin loi cac faction khac vi nay da KOS  **
[2016/2/5 - 15:17:12] ** SAAS General Kelvin Teld: Am thanh dong loa Xoet...Xoet  **
[2016/2/5 - 15:24:29] ** FBI Director Fate Jonhson: [Am thanh mo loa ] Xoet...xoet..xoet **
[2016/2/5 - 15:24:48] ** FBI Director Fate Jonhson: do nhieu nhan vien mac nhieu sai lam trong bat toi pham **
[2016/2/5 - 15:25:01] ** FBI Director Fate Jonhson: Tu hom nay tro di toi se thanh loc het tat ca  **
[2016/2/5 - 15:25:11] ** FBI Director Fate Jonhson: [Am thanh dong loa ] Xoet....xoet..xoet **
[2016/2/5 - 15:53:43] ** SAAS General Kelvin Teld: Am thanh moa loa Xoet...Xoet... **
[2016/2/5 - 15:54:25] ** SAAS General Kelvin Teld: Hien nay nhan luc SAAS chung toi can tuyen them  **
[2016/2/5 - 15:56:33] ** SAAS General Kelvin Teld: Am thanh dong loa Xoet...Xoet  **
[2016/2/5 - 16:28:11] ** Department of Game Affairs DoGA Quang Vu: Mo loa xoet. xoet.. **
[2016/2/5 - 16:28:20] ** Department of Game Affairs DoGA Quang Vu: Xin chao toan the dan choi SF **
[2016/2/5 - 17:12:04] ** SASD Sheriff Tran Thuy Hoang: Am thanh mo loa xoet..xoet..xoet.xoet **
[2016/2/5 - 17:12:32] ** SASD Sheriff Tran Thuy Hoang: Chao tat ca nguoi dan song tren day nuoc San Fierro **
[2016/2/5 - 17:12:48] ** SASD Sheriff Tran Thuy Hoang: hien tru so chung toi dang thieu nhan luc **
[2016/2/5 - 17:13:21] ** SASD Sheriff Tran Thuy Hoang: nhung ai co niem dam me hay lai tru so chung toi de duoc phong van **
[2016/2/5 - 17:13:25] ** SASD Sheriff Tran Thuy Hoang: xin het **
[2016/2/5 - 17:13:35] ** SASD Sheriff Tran Thuy Hoang: Am thanh dong loa xoet..xoet..xoet..xoet.xoet **
[2016/2/5 - 19:01:01] ** LSPD Chief of Police Thanh: Mo loa xoet...xoet...xoet... **
[2016/2/5 - 19:01:11] ** LSPD Chief of Police Thanh: Xin chao tat ca cu dan thanh pho San Fierro **
[2016/2/5 - 19:01:28] ** LSPD Chief of Police Thanh: Hom nay chung toi xin tuyen them 2 nhan vien **
[2016/2/5 - 19:01:42] ** LSPD Chief of Police Thanh: Yeu cau [Thuoc luat] [Code911] **
[2016/2/5 - 19:01:52] ** LSPD Chief of Police Thanh: Xin het !!!! **
[2016/2/5 - 19:01:58] ** LSPD Chief of Police Thanh: Dong loa xoet....xoet...xoet... **
[2016/2/5 - 19:12:38] ** SASD Sheriff Tran Thuy Hoang: Am thanh mo loa xoet..xoet..xoet.xoet **
[2016/2/5 - 19:12:50] ** SASD Sheriff Tran Thuy Hoang: chao toan the nguoi dan song tai dat nuoc San Fierro **
[2016/2/5 - 19:13:12] ** SASD Sheriff Tran Thuy Hoang: Hien cong ty chung toi thieu 4 nhan luc  **
[2016/2/5 - 19:13:23] ** SASD Sheriff Tran Thuy Hoang: ai co niem dam me hay den tru so cua chung toi de duoc tuyen dung **
[2016/2/5 - 19:13:48] ** SASD Sheriff Tran Thuy Hoang: nen nho' den tuyen dung khong duoc dem vu khi va chat kick thich **
[2016/2/5 - 19:13:53] ** SASD Sheriff Tran Thuy Hoang: xin het **
[2016/2/5 - 19:14:02] ** SASD Sheriff Tran Thuy Hoang: am thanh dong loa xoet..xoet..xoet..xoet **
[2016/2/5 - 19:30:17] ** FDSA Fire Chief Jack Grap: Am Thanh Mo Loa Xoet.....Xoet **
[2016/2/5 - 19:30:47] ** FDSA Fire Chief Jack Grap: Hien Gio Chung Toi dang thieu nhan luc **
[2016/2/5 - 19:30:58] ** FDSA Fire Chief Jack Grap: thieu 2 nhan luc **
[2016/2/5 - 19:31:12] ** FDSA Fire Chief Jack Grap: thieu 2 nhan luc ai co nhu cau den BV SF **
[2016/2/5 - 19:33:29] ** FDSA Fire Chief Jack Grap: Am Thanh Dong Loa Xoet....Xoet **
[2016/2/5 - 20:10:01] ** Hilltop Militia Dai Tuong Hidan Tony: [ Am thanh mo loa ] xoet.xoet **
[2016/2/5 - 20:10:07] ** Hilltop Militia Dai Tuong Hidan Tony: Hom nay **
[2016/2/5 - 20:10:20] ** Hilltop Militia Dai Tuong Hidan Tony: Ngay 5/2/2016  **
[2016/2/5 - 20:10:31] ** Hilltop Militia Dai Tuong Hidan Tony: Chung toi xin chinh thuc bat dau lam viec **
[2016/2/5 - 20:10:45] ** Hilltop Militia Dai Tuong Hidan Tony: vi mot duc nuoc tuoi dep **
[2016/2/5 - 20:11:33] ** Hilltop Militia Dai Tuong Hidan Tony: vi mot tuong lai tuoi sang **
[2016/2/5 - 20:11:58] ** Hilltop Militia Dai Tuong Hidan Tony: va chung toi se bat dau cuoc thanh trinh **
[2016/2/5 - 20:12:13] ** Hilltop Militia Dai Tuong Hidan Tony: cua dat nuoc Hilltop Militia **
[2016/2/5 - 22:12:05] ** SASD Sheriff Tran Thuy Hoang: Am thanh mo loa xoet xoet xoet.xoet **
[2016/2/5 - 22:12:15] ** SASD Sheriff Tran Thuy Hoang: Chao tat ca nguoi dan sinh song tai San Fierro **
[2016/2/5 - 22:12:29] ** SASD Sheriff Tran Thuy Hoang: bay gio la 10:12 }} **
[2016/2/5 - 22:12:58] ** SASD Sheriff Tran Thuy Hoang: chung toi se di tuan va luc soat nhung nguoi dan co chua chat kick thich. **
[2016/2/5 - 22:13:01] ** SASD Sheriff Tran Thuy Hoang: xin het **
[2016/2/5 - 22:13:08] ** SASD Sheriff Tran Thuy Hoang: am thanh dong loa xoet..xoet..xoet.xoet **
[2016/2/6 - 8:52:31] ** FDSA Fire Chief Jack Grap: Am Thanh Mo Loa Xoet....Xoet  **
[2016/2/6 - 8:52:48] ** FDSA Fire Chief Jack Grap: ai chet thi hay /dichvu EMS hoac /dichvu capcuu **
[2016/2/6 - 8:53:17] ** FDSA Fire Chief Jack Grap: Am Thanh Dong Loa Xoet.....Xoet **
[2016/2/6 - 8:54:45] ** LSPD Chief of Police Tuan Nguyen: Am thanh mo loa xoet...xoet... **
[2016/2/6 - 8:55:25] ** LSPD Chief of Police Tuan Nguyen: Hom nay chung toi chinh thuc tuyen 2 nhan luc **
[2016/2/6 - 8:55:32] ** LSPD Chief of Police Tuan Nguyen: Ai co nhu cau lai tru so gap toi **
[2016/2/6 - 8:55:38] ** LSPD Chief of Police Tuan Nguyen: Dong Loa Xoet...Xoet... **
[2016/2/6 - 13:01:50] ** SASD Sheriff Tran Thuy Hoang: Am thanh mo loa xoet..xoet..xoet.xoet **
[2016/2/6 - 13:02:04] ** SASD Sheriff Tran Thuy Hoang: CHao toan the cu dan song tai dat nuoc San Fierro **
[2016/2/6 - 13:02:13] ** SASD Sheriff Tran Thuy Hoang: hien cong ty chung toi dang mo mot dot tuyen dung  **
[2016/2/6 - 13:02:29] ** SASD Sheriff Tran Thuy Hoang: nhung ai co niem dam me hay den tru so chung toi duoc tuyen dung **
[2016/2/6 - 13:02:49] ** SASD Sheriff Tran Thuy Hoang: di tuyen dung khong duoc mang chat kich thich voi vu khi. **
[2016/2/6 - 13:02:51] ** SASD Sheriff Tran Thuy Hoang: xin het **
[2016/2/6 - 13:03:07] ** SASD Sheriff Tran Thuy Hoang: Am thanh dong loa xoet..xoet..xoet..xoet.xoet **
[2016/2/6 - 14:08:15] ** SAAS General Son Minh Nhat: Am Thanh Mo Loa *Xoet...Xoet/ **
[2016/2/6 - 14:08:16] ** SAAS General Son Minh Nhat: Am Thanh Mo Loa *Xoet...Xoet* **
[2016/2/6 - 14:08:27] ** SAAS General Son Minh Nhat: Yeu cau nguoi dan khong tu tap truoc tru so SAAS va to chuc khung bo **
[2016/2/6 - 14:08:37] ** SAAS General Son Minh Nhat: Hien nay dang co Mot cuoc khung bo Manh **
[2016/2/6 - 14:08:49] ** SAAS General Son Minh Nhat: Chung toi Se Phan chia khu vuc tuan tra **
[2016/2/6 - 14:08:56] ** SAAS General Son Minh Nhat: Va dia diem de bao ve nguoi dan **
[2016/2/6 - 14:09:04] ** SAAS General Son Minh Nhat: Am Thanh Dong Loa *Xoet...Xoet* **
[2016/2/6 - 14:19:43] ** SAAS General Son Minh Nhat: Am Thanh Mo Loa *Xoet...Xoet* **
[2016/2/6 - 14:20:07] ** SAAS General Son Minh Nhat: Xin Thong Bao Trai Huan Luyen Quan doi SAAS Thuoc Adreen mo mot dot tuyen **
[2016/2/6 - 14:20:20] ** SAAS General Son Minh Nhat: Nhung ai muon ghen` Luyen Ki nang **
[2016/2/6 - 14:20:36] ** SAAS General Son Minh Nhat: Hay den Trai va nop hoc phi ho so va phong van  **
[2016/2/6 - 14:20:44] ** SAAS General Son Minh Nhat: Am Thanh dong Loa *Xoet...Xoet* **
[2016/2/6 - 14:32:18] ** SAAS General Son Minh Nhat: Am Thanh Mo Loa *Xoet...Xoet* **
[2016/2/6 - 14:32:24] ** SAAS General Son Minh Nhat: Xin nhac lai lan nua **
[2016/2/6 - 14:32:31] ** SAAS General Son Minh Nhat: Trai huan luyen SAAS Mo dot tuyen **
[2016/2/6 - 14:32:41] ** SAAS General Son Minh Nhat: Cac ban hay den trai huan luyen **
[2016/2/6 - 14:32:53] ** SAAS General Son Minh Nhat: va phong van nop ho so nop hoc phi **
[2016/2/6 - 14:33:00] ** SAAS General Son Minh Nhat: Am Thanh Dong Loa *Xoet...Xoet* **
[2016/2/6 - 14:53:05] ** SASD Sheriff Tran Thuy Hoang: am thanh mo loa xoet..xoet..xoet **
[2016/2/6 - 14:53:14] ** SASD Sheriff Tran Thuy Hoang: Bay gio la 2:53 }} **
[2016/2/6 - 14:53:29] ** SASD Sheriff Tran Thuy Hoang: chung toi se di tuan het thanh pho San Fierro **
[2016/2/6 - 14:54:08] ** SASD Sheriff Tran Thuy Hoang: chung toi se bat nhung toi pham chua chat kich thich se phat hanh tranh den' 100.000 SAD **
[2016/2/6 - 14:54:12] ** SASD Sheriff Tran Thuy Hoang: xin het **
[2016/2/6 - 14:54:18] ** SASD Sheriff Tran Thuy Hoang: am thanh dong loa xoet..xoet..xoet **
[2016/2/6 - 14:54:51] ** Hilltop Militia Dai Tuong Hidan Tony: [ Am thanh mo loa ] xoet...xoet **
[2016/2/6 - 14:55:34] ** Hilltop Militia Dai Tuong Hidan Tony: Hien tai to chuc Hilltop Miltia dang thieu nhan luc chong lai San Andres ! **
[2016/2/6 - 14:56:05] ** Hilltop Militia Dai Tuong Hidan Tony: Nhung ai co kha nang  **
[2016/2/6 - 14:56:14] ** Hilltop Militia Dai Tuong Hidan Tony: nhu da co tien an tien su  **
[2016/2/6 - 14:56:33] ** Hilltop Militia Dai Tuong Hidan Tony: va long dam me nhiet huyet **
[2016/2/6 - 14:56:38] ** Hilltop Militia Dai Tuong Hidan Tony: xin hay den tru so de duoc phong van **
[2016/2/6 - 14:57:01] ** Hilltop Militia Dai Tuong Hidan Tony: Cam on da lang nghe **
[2016/2/6 - 14:57:06] ** Hilltop Militia Dai Tuong Hidan Tony: [ Am thanh dong loa ] xoet xoet **
[2016/2/6 - 15:00:37] ** SFPD Cheif of Police Venus Angel: Mo.....Loa.....Xoat.....Xoat **
[2016/2/6 - 15:01:24] ** SFPD Cheif of Police Venus Angel: Chung Toi Xin Phat Lenh Truy Na Toan Quoc Doi Voi CMND 29 **
[2016/2/6 - 15:01:56] ** SFPD Cheif of Police Venus Angel: Neu Ai Thay Anh ay Thi Hay Den Tru So Bao Cao Nhe **
[2016/2/6 - 15:02:32] ** SFPD Cheif of Police Venus Angel: Dong.....Loa.....Xoat......Xoat **
[2016/2/6 - 15:08:33] ** Hilltop Militia Dai Tuong Hidan Tony: [ Am thanh mo loa ] xoet xoet **
[2016/2/6 - 15:08:40] ** Hilltop Militia Dai Tuong Hidan Tony: Va mot dieu luu y **
[2016/2/6 - 15:08:58] ** Hilltop Militia Dai Tuong Hidan Tony: Khi den phong van phai lam sao thi lam nhung phai co bieu tuong dau trau tren nguoi **
[2016/2/6 - 15:09:04] ** Hilltop Militia Dai Tuong Hidan Tony: Moi duoc phong van **
[2016/2/6 - 15:33:37] ** Hilltop Militia Dai Tuong Timothy Andrew: THONG BAO KHAN CAP TU TO CHUC KHUNG BO HILLTOP MILITIA **
[2016/2/6 - 15:33:54] ** Hilltop Militia Dai Tuong Timothy Andrew: Chung toi se bat dau chiem San Andreas trong vong 5 phut nua **
[2016/2/6 - 15:34:09] ** Hilltop Militia Dai Tuong Timothy Andrew: Tat ca nguoi dan neu khong muon chet **
[2016/2/6 - 15:34:23] ** Hilltop Militia Dai Tuong Timothy Andrew: Thi hay tron khoi dat nuoc san andreas **
[2016/2/6 - 15:34:43] ** Hilltop Militia Dai Tuong Timothy Andrew: KET THUC TU TO CHUC KHUNG BO HILLTOP MILITIA **
[2016/2/6 - 15:39:03] ** SFPD Cheif of Police Venus Angel: Mo.....Loa.....Xoat.....Xoat **
[2016/2/6 - 15:41:31] ** SFPD Cheif of Police Venus Angel: Xin chao toan the nguoi dan song o dat nuoc San Fierro xin dep **
[2016/2/6 - 15:41:43] ** SFPD Cheif of Police Venus Angel: Hom nay toi xin moi dot tuyen thu 2 **
[2016/2/6 - 15:42:00] ** SFPD Cheif of Police Venus Angel: Neu ai co nhu cau hay nop don len Forum **
[2016/2/6 - 15:42:14] ** SFPD Cheif of Police Venus Angel: Va chung toi se duyet don cua cac ban **
[2016/2/6 - 15:42:29] ** SFPD Cheif of Police Venus Angel: Dong......Loa......Xoat.....Xoat **
[2016/2/6 - 15:43:44] ** SASD Sheriff Tran Thuy Hoang: Am thanh mo loa xoet..xoet..xoet **
[2016/2/6 - 15:44:04] ** SASD Sheriff Tran Thuy Hoang: 5p nua chung toi va Hilltoop Militia se chiem San Fierro **
[2016/2/6 - 15:44:23] ** SASD Sheriff Tran Thuy Hoang: Am thanh dong loa xoet..xoet..xoet.xoet **
[2016/2/6 - 15:56:04] ** Hilltop Militia Dai Tuong Hidan Tony: THONG BAO KHAN CAP TU HILLTOP MILITIA **
[2016/2/6 - 15:56:17] ** Hilltop Militia Dai Tuong Hidan Tony: Hien tai dang co chien tranh giua 2 nuoc **
[2016/2/6 - 15:56:42] ** Hilltop Militia Dai Tuong Hidan Tony: San Andres Sheriff's Department **
[2016/2/6 - 15:56:47] ** Hilltop Militia Dai Tuong Hidan Tony: Se la nguoi cua chung toi **
[2016/2/6 - 16:40:57] ** SFPD Cheif of Police Venus Angel: Mo......Loa.....Xoat......Xoat **
[2016/2/6 - 16:41:18] ** SFPD Cheif of Police Venus Angel: Xin chao toan the dan cu dang xin song tai San Fierro **
[2016/2/6 - 16:41:31] ** SFPD Cheif of Police Venus Angel: Chung toi xin thong bao **
[2016/2/6 - 16:41:41] ** SFPD Cheif of Police Venus Angel: Chung toi dang thieu 2 nhan luc **
[2016/2/6 - 16:42:09] ** SFPD Cheif of Police Venus Angel: Neu ai co kha nang thi hay nop don len Forum de duoc duyet don nhe **
[2016/2/6 - 16:42:30] ** SFPD Cheif of Police Venus Angel: Chung toi da co san mau don xin viec **
[2016/2/6 - 16:42:45] ** SFPD Cheif of Police Venus Angel: Cac ban cu nop don theo mau don do **
[2016/2/6 - 16:43:02] ** SFPD Cheif of Police Venus Angel: Dong......Loa.....Xoat.....Xoat **
[2016/2/6 - 18:40:12] ** TRAF General Legend Dat: Mo loa : Xoet Xoet **
[2016/2/6 - 18:40:19] ** TRAF General Legend Dat: Quen troi TR xin thong bao **
[2016/2/6 - 18:40:33] ** TRAF General Legend Dat: hien tai chung toi dang thieu nhan luc **
[2016/2/6 - 18:40:46] ** TRAF General Legend Dat: he ai muon tham gia xin thay toi tru so de duoc thu viec **
[2016/2/6 - 18:40:54] ** TRAF General Legend Dat: xin cam on da lang nghe **
[2016/2/6 - 18:41:00] ** TRAF General Legend Dat: Dong Loa : Xoet Xoet **
[2016/2/6 - 18:48:03] ** TRAF General Legend Dat: Mo loa LOA xOET xOET :  **
[2016/2/6 - 18:48:12] ** TRAF General Legend Dat: tru so chung toi da du nhan vien **
[2016/2/6 - 18:48:19] ** TRAF General Legend Dat: xin moi nguoi hay ra ve  **
[2016/2/6 - 18:48:24] ** TRAF General Legend Dat: dong loa : Xoet Xoet **
[2016/2/6 - 18:59:51] ** SASD Sheriff Tran Thuy Hoang: Am thanh mo loa xoet..xoet..xoet.xoet **
[2016/2/6 - 19:00:00] ** SASD Sheriff Tran Thuy Hoang: Chao toan the nguoi dan song tai San Fierro **
[2016/2/6 - 19:00:12] ** SASD Sheriff Tran Thuy Hoang: hien cong ty chung toi dang thieu 3 nhan luc **
[2016/2/6 - 19:00:24] ** SASD Sheriff Tran Thuy Hoang: nhung ai co niem dam me thi hay lai tru so chung toi de duoc tuyen dung **
[2016/2/6 - 19:00:45] ** SASD Sheriff Tran Thuy Hoang: di tuyen dung khong duoc mang nhung chat kich thich va vu khi hang nang **
[2016/2/6 - 19:00:51] ** SASD Sheriff Tran Thuy Hoang: Xin Het **
[2016/2/6 - 19:01:00] ** SASD Sheriff Tran Thuy Hoang: Am thanh dong loa xoet..xoet..xoet..xoet.xoet **
[2016/2/6 - 19:10:36] ** SASD Sheriff Tran Thuy Hoang: Am thanh mo loa xoet..xoet.xoet **
[2016/2/6 - 19:10:47] ** SASD Sheriff Tran Thuy Hoang: SASD chung toi xin thong bao lai **
[2016/2/6 - 19:10:56] ** SASD Sheriff Tran Thuy Hoang: hien tru so chung toi dang thieu 3 nhan luc **
[2016/2/6 - 19:11:09] ** SASD Sheriff Tran Thuy Hoang: nhung ai co niem dam me thi lai tru so chung toi se duoc tuyen dung  **
[2016/2/6 - 19:11:26] ** SASD Sheriff Tran Thuy Hoang: di tuyen dung khong duoc manh nhung chat kich thich va vu khi hang nang **
[2016/2/6 - 19:11:29] ** SASD Sheriff Tran Thuy Hoang: Xin het **
[2016/2/6 - 19:11:40] ** SASD Sheriff Tran Thuy Hoang: am thanh dong loa xoet xoet xoet **
[2016/2/6 - 19:30:45] ** Hilltop Militia Dai Tuong Hidan Tony: THONG BAO KHAN CAP TU HILLTOP MILITIA **
[2016/2/6 - 19:31:03] ** Hilltop Militia Dai Tuong Hidan Tony: SAU DAY VAN LA CHIEN TRANH voi SAN ANDRES **
[2016/2/6 - 19:31:21] ** TRAF General Legend Dat: Mo loa : Xoet  **
[2016/2/6 - 19:31:43] ** TRAF General Legend Dat: Chung toi se ho tro Hilltop milita **
[2016/2/6 - 19:32:02] ** TRAF General Legend Dat: hy vong San anreds da chuan bi **
[2016/2/6 - 19:32:21] ** TRAF General Legend Dat: Dong lao Xoet Xpet **
[2016/2/6 - 19:32:44] ** TRAF General Legend Dat: chung ta se ho tro hilltop manita **
[2016/2/6 - 20:03:44] ** TRAF General Legend Dat: Mo loa : xOET Xoet **
[2016/2/6 - 20:04:01] ** TRAF General Legend Dat: quan phien loan TRAF xin thong bao cho toan SA **
[2016/2/6 - 20:04:14] ** TRAF General Legend Dat: chung toi se xam chiem dat nuoc cac cac ban **
[2016/2/6 - 20:04:35] ** TRAF General Legend Dat: dong loa : xOET xOET **
[2016/2/6 - 20:09:12] ** SASD Sheriff Tran Thuy Hoang: Am thanh mo loa xoet..xoet..xoet.xoet **
[2016/2/6 - 20:09:32] ** SASD Sheriff Tran Thuy Hoang: Hien SASD chung toi da bao quanh cau do **
[2016/2/6 - 20:09:46] ** SASD Sheriff Tran Thuy Hoang: Am thanh dong loa xoet..xoet..xoet **
[2016/2/6 - 20:10:54] ** SFPD Cheif of Police Be Cu: ( Am Thanh Mo Loa ) Xoet Xoet **
[2016/2/6 - 20:11:03] ** SFPD Cheif of Police Be Cu: Hien tru so chung toi can them 2 nhan luc **
[2016/2/6 - 20:11:14] ** SFPD Cheif of Police Be Cu: Ai thay minh du kha nang den tru so chung toi de phong van **
[2016/2/6 - 20:11:25] ** SFPD Cheif of Police Be Cu: ( Am Thanh Dong Loa ) Xoet Xoet **
[2016/2/6 - 20:14:03] ** Hilltop Militia Dai Tuong Hidan Tony: HIEN GIO , TRAF , SASD , HILLTOP Se chiem **
[2016/2/6 - 20:14:11] ** Hilltop Militia Dai Tuong Hidan Tony: HIEN GIO , TRAF , SASD , HILLTOP Se chiem SAN ANDRES **
[2016/2/6 - 20:16:27] ** Hilltop Militia Dai Tuong Hidan Tony: [THONGBAO] Neu chung toi gap canh sat nao **
[2016/2/6 - 20:16:31] ** Hilltop Militia Dai Tuong Hidan Tony: Gan khu vuc HIlltop Farm **
[2016/2/6 - 20:16:37] ** Hilltop Militia Dai Tuong Hidan Tony: bayside TRAF **
[2016/2/6 - 20:16:39] ** Hilltop Militia Dai Tuong Hidan Tony: SASD **
[2016/2/6 - 20:16:46] ** Hilltop Militia Dai Tuong Hidan Tony: chung toi se bat coc ma khong noi truoc **
[2016/2/6 - 20:17:02] ** Hilltop Militia Dai Tuong Hidan Tony: Va bay gio chung toi se bat coc con tin **
[2016/2/6 - 20:17:04] ** Hilltop Militia Dai Tuong Hidan Tony: Tung nguoi **
[2016/2/6 - 20:30:09] ** TRAF General Legend Dat: Mo loa : Xoet Xoet **
[2016/2/6 - 20:30:18] ** TRAF General Legend Dat: chung toi se ko chiem SA nua  **
[2016/2/6 - 20:30:37] ** TRAF General Legend Dat: mong SA chap nhan de chung toi co the hoat dong ben SA **
[2016/2/6 - 20:30:45] ** TRAF General Legend Dat: Dong loa : Xoet Xoet **
[2016/2/6 - 20:46:35] ** Hilltop Militia Dai Tuong Hidan Tony: [THONG BAO] HILLTOP MILITIA dang thieu nhan luc **
[2016/2/6 - 20:46:40] ** Hilltop Militia Dai Tuong Hidan Tony: Ai co long nhiet huyet **
[2016/2/6 - 20:46:46] ** Hilltop Militia Dai Tuong Hidan Tony: Can dam , co uoc mo chong lai San Andres **
[2016/2/6 - 20:46:52] ** Hilltop Militia Dai Tuong Hidan Tony: Xin hay den tru so de duoc phong van  **
[2016/2/6 - 20:47:07] ** Hilltop Militia Dai Tuong Hidan Tony: Yeu cau phai co bieu tuong dau trau tren dau hoac sau lung **
[2016/2/6 - 20:47:21] ** Hilltop Militia Dai Tuong Hidan Tony: CAm on moi nguoi da nghe toi noi **
[2016/2/7 - 10:31:53] ** SAAS General Kelvin Teld: Am thanh mo loa xoet...xoet... **
[2016/2/7 - 10:32:29] ** SAAS General Kelvin Teld: Hien tai toi can 1 nhan luc de lam viec neu ai co kha nang hay den tru so nhe  **
[2016/2/7 - 10:32:43] ** SAAS General Kelvin Teld: Am thanh dong loa Xoet...Xoet...  **
[2016/2/7 - 10:54:02] ** SAAS General Kelvin Teld: Am thanh mo loa Xoet...Xoet  **
[2016/2/7 - 10:55:03] ** SAAS General Kelvin Teld: Hien tai chung toi thieu 1 nhan luc ai co kha nang lai tru so nhe  **
[2016/2/7 - 11:04:12] ** SFPD Cheif of Police Min: Am thanh mo loa : xoet .... xoet... **
[2016/2/7 - 11:04:30] ** SFPD Cheif of Police Min: Hien tai SAn Ferrio San Andreas dang can tuyen nhan luc **
[2016/2/7 - 11:04:40] ** SFPD Cheif of Police Min: ai co du kha nang - uoc mo hay den tru so de phong van **
[2016/2/7 - 11:04:48] ** SFPD Cheif of Police Min: Am thanh dong loa : xoet .... Xoet ... **
[2016/2/7 - 14:21:49] ** Hilltop Militia Dai Tuong Hidan Tony: [THONG BAO] KHAN CAP DAY LA TINH DANH CHO SAN ANDRES **
[2016/2/7 - 14:21:56] ** Hilltop Militia Dai Tuong Hidan Tony: CHUNG TOI VAN TIEN CHUYEN TAN CONG SAN ANDRES **
[2016/2/7 - 14:22:01] ** Hilltop Militia Dai Tuong Hidan Tony: VA HOP TAC VOI TRAF **
[2016/2/7 - 14:25:21] ** TRAF General Legend Dat: Mo loa : Xoet Xoet **
[2016/2/7 - 14:25:43] ** TRAF General Legend Dat: tru so TRAF xin thong bao cho SA  **
[2016/2/7 - 14:26:04] ** TRAF General Legend Dat: chung toi se dung may bay chien dau hang nang de chiem thanh pho cac anh **
[2016/2/7 - 14:26:14] ** TRAF General Legend Dat: chuc may man nha SA **
[2016/2/7 - 14:26:20] ** TRAF General Legend Dat: Dong loa : Xoet xOET **
[2016/2/7 - 14:42:07] ** Hilltop Militia Dai Tuong Hidan Tony: [ THONG BAO ] SAO DAY **
[2016/2/7 - 14:42:23] ** Hilltop Militia Dai Tuong Hidan Tony: LA CHIEN TRANH GIUA 2 BEN **
[2016/2/7 - 14:42:32] ** Hilltop Militia Dai Tuong Hidan Tony: SAN ANDRES va RED COUNTY **
[2016/2/7 - 14:42:39] ** Hilltop Militia Dai Tuong Hidan Tony: Goodbye SAN ANDRES **
[2016/2/7 - 14:42:53] ** TRAF General Legend Dat: Mo loa : xoet xOET **
[2016/2/7 - 14:43:06] ** TRAF General Legend Dat: chung toi se ho tro hilltop het minh  **
[2016/2/7 - 14:43:13] ** TRAF General Legend Dat: chung toi se lay may bay chien dau  **
[2016/2/7 - 14:43:24] ** TRAF General Legend Dat: tam biet SA  **
[2016/2/7 - 14:43:26] ** Hilltop Militia Dai Tuong Hidan Tony: [ THONG BAO ] CHUNG TOI DA PHAT MING RA **
[2016/2/7 - 14:43:30] ** TRAF General Legend Dat: Dong loa : Xoet Xoet **
[2016/2/7 - 14:43:34] ** Hilltop Militia Dai Tuong Hidan Tony: 2 LOAI MAY BAYt **
[2016/2/7 - 14:43:36] ** Hilltop Militia Dai Tuong Hidan Tony: 2 LOAI MAY BAY **
[2016/2/7 - 14:43:40] ** Hilltop Militia Dai Tuong Hidan Tony: HUNTER and Hydra **
[2016/2/7 - 15:00:21] ** Hilltop Militia Dai Tuong Hidan Tony: [ THONG BAO ] Hilltop va TRAF da chien thang San Andrs **
[2016/2/7 - 15:00:22] ** Hilltop Militia Dai Tuong Hidan Tony: [ THONG BAO ] Hilltop va TRAF da chien thang San Andres **
[2016/2/7 - 15:00:30] ** Hilltop Militia Dai Tuong Hidan Tony: San Andres da khong chong lai **
[2016/2/7 - 15:05:17] ** TRAF General Legend Dat: Mo loa : Xoet **
[2016/2/7 - 15:05:29] ** TRAF General Legend Dat: Chung toi se dung may bay hang nang **
[2016/2/7 - 15:05:33] ** TRAF General Legend Dat: dong loa : Xoet  **
[2016/2/7 - 15:10:54] ** Hilltop Militia Dai Tuong Hidan Tony: [ THONG BAO ] CHUNG TOI DA CHIEM DUOC NUA THANH PHO SAN ANDRES **
[2016/2/7 - 15:11:08] ** Hilltop Militia Dai Tuong Hidan Tony: BAY GIO TOI CHUNG TOI SE DUNG DEN VU KHI RHINO **
[2016/2/7 - 15:11:15] ** Hilltop Militia Dai Tuong Hidan Tony: De chiem lai so con lai **
[2016/2/7 - 15:15:22] ** Hilltop Militia Dai Tuong Hidan Tony: [ THONG BAO ] NEU NHU GAP NGUOI DAN NAO TREN DUONG **
[2016/2/7 - 15:15:25] ** Hilltop Militia Dai Tuong Hidan Tony: CHUNG TOI SE GIET **
[2016/2/7 - 15:23:04] ** Hilltop Militia Dai Tuong Hidan Tony: [ THONG BAO ] SAN ANDRES CHUAN BI TINH THAN  **
[2016/2/7 - 15:43:07] ** TRAF General Legend Dat: mO LOA : xOET Xoet  **
[2016/2/7 - 15:43:09] ** TRAF General Legend Dat: mO LOA : xOET Xoet  **
[2016/2/7 - 15:43:23] ** TRAF General Legend Dat: chung toi se ngung chiem SA 1 thoi gian **
[2016/2/7 - 19:50:36] ** TRAF General Legend Dat: Mo loa : Xoet Xoet **
[2016/2/7 - 19:50:52] ** TRAF General Legend Dat: TRAF xin thong bao **
[2016/2/7 - 19:51:00] ** TRAF General Legend Dat: hien tai chung toi dang tuyen 2 nhan vien **
[2016/2/7 - 19:51:13] ** TRAF General Legend Dat: neu ai thay kha nang xin hay toi tru so de phong van  **
[2016/2/7 - 19:51:24] ** TRAF General Legend Dat: dong loa : Xoet xiet **
[2016/2/8 - 11:44:58] ** SFPD Cheif of Police Huy Thai: Am thanh mo loa xoat xoat **
[2016/2/8 - 11:45:13] ** SFPD Cheif of Police Huy Thai: Xin chao toan the cu dan San Fierro **
[2016/2/8 - 11:45:37] ** SFPD Cheif of Police Huy Thai: Tui la lanh dao to chuc San Andreas Police **
[2016/2/8 - 11:45:52] ** SFPD Cheif of Police Huy Thai: chung tui xin phep thu phi tai tram thu phi **
[2016/2/8 - 11:46:12] ** SFPD Cheif of Police Huy Thai: Phi cho 1 chiec xe cho hang gia 2000 con xe binh thuong thi 3000 **
[2016/2/8 - 11:46:27] ** SFPD Cheif of Police Huy Thai: Cam on tat ca da lang nghe **
[2016/2/8 - 11:46:49] ** SFPD Cheif of Police Huy Thai: Am thanh dong loa xoat xoat **
[2016/2/10 - 13:54:42] ** SFPD Cheif of Police Ferreira Wilward: [ Am Thanh ] Mo Loa Xoet..Xoet...... **
[2016/2/10 - 13:55:28] ** SFPD Cheif of Police Ferreira Wilward: [ Thong Bao ] Hien Tai To Chuc Chung Toi Dang Thieu 3 Nhan Luc **
[2016/2/10 - 13:55:55] ** SFPD Cheif of Police Ferreira Wilward: [ Thong Bao ] Neu Ai Co Dam Me , Kha Nang Thi Hay Lai Tru So De Duoc Phong Van **
[2016/2/10 - 13:56:03] ** SFPD Cheif of Police Ferreira Wilward: [ Am Thanh ] Dong Loa Xoet..Xoet...... **
[2016/2/10 - 14:04:22] ** SFPD Cheif of Police Vinh SiuNhon: [ Am Thanh Mo Loa ] Xoet...Xoet...Xoet **
[2016/2/10 - 14:06:17] ** SFPD Cheif of Police Vinh SiuNhon: [ Am thang Dong Loa ] Xoet...Xoet...Xoet Vi tru so chung toi dang co mot ke quay qua ten 
[2016/2/10 - 14:06:28] ** SFPD Cheif of Police Vinh SiuNhon: Ten Smith Robeo **
[2016/2/10 - 14:10:29] ** FDSA Fire Chief Vinh SiuNhon: [ Am Thanh Mo Loa ] Xoet...Xoet...Xoet **
[2016/2/10 - 14:10:43] ** FDSA Fire Chief Vinh SiuNhon: Hien tai tru so FDSA Can them 2 bac si **
[2016/2/10 - 14:11:06] ** FDSA Fire Chief Vinh SiuNhon: Ai cam thay minh co tai thi den tru so FDSA de phong van nhe  **
[2016/2/10 - 14:11:18] ** FDSA Fire Chief Vinh SiuNhon: [ Am Thanh Dong Loa ] Xoet..Xoet...Xoet **
[2016/2/10 - 14:12:30] ** FDSA Fire Chief Vinh SiuNhon: [ Am Thanh Mo Loa ] Xoet...Xoet...Xoet **
[2016/2/10 - 14:12:48] ** FDSA Fire Chief Vinh SiuNhon: Toi xin nhac lai Tru so FDSA chung toi dang can them 3 nhan luc **
[2016/2/10 - 14:13:16] ** FDSA Fire Chief Vinh SiuNhon: Ai cam thay minh du tu cach làm bác si hay den tru so FDSA chung toi , Xin cam on **
[2016/2/10 - 14:13:31] ** FDSA Fire Chief Vinh SiuNhon: [ Am Thanh Dong Loa ] Xoet...Xoet....Xoet **
[2016/2/10 - 14:15:33] ** LSPD Chief of Police Vinh SiuNhon: [ Am Thanh Mo Loa ] Xoet...Xoet...Xoet **
[2016/2/10 - 14:15:48] ** LSPD Chief of Police Vinh SiuNhon: Hien tai tru so LSPD dang can them 2 nhan luc **
[2016/2/10 - 14:16:06] ** LSPD Chief of Police Vinh SiuNhon: Ai cam thay minh du tai du suc manh thi hay lai tru so LSPD chung toi **
[2016/2/10 - 14:16:09] ** LSPD Chief of Police Vinh SiuNhon: Xin cam on **
[2016/2/10 - 14:16:23] ** LSPD Chief of Police Vinh SiuNhon: [ Am Thanh Dong Loa ] Xoet...Xoet...Xoet **
[2016/2/11 - 17:08:01] ** SFPD Cheif of Police Anh Khoa: am thanh mo loa xet xet **
[2016/2/11 - 17:08:22] ** SFPD Cheif of Police Anh Khoa: chung toi dang tuyen nhan luc ai co nhu cau lai tru so phong van **
[2016/2/11 - 17:08:35] ** SFPD Cheif of Police Anh Khoa: am thanh dong loa xet xet **
[2016/2/11 - 18:37:49] ** SFPD Cheif of Police Anh Khoa: am thanh moa loa xet xet **
[2016/2/11 - 18:37:57] ** SFPD Cheif of Police Anh Khoa: xin chao toi la lanh dao tru so SFPD **
[2016/2/11 - 18:38:07] ** SFPD Cheif of Police Anh Khoa: chung toi se tuyen nhan vien  **
[2016/2/11 - 18:38:25] ** SFPD Cheif of Police Anh Khoa: neu sv men nhieu toi se tuyen them nhan vien nhe **
[2016/2/11 - 18:38:30] ** SFPD Cheif of Police Anh Khoa: am thanh dong loa xet xet **
