[2016/1/31 - 11:19:44] Anh S (ID 2) co the dang hack giap. (Recorded: 75.000000 - Current: 100.000000) (1)
[2016/1/31 - 23:30:46] Ong Gia (ID 0) giao truck qua nhanh trong 3p.
[2016/1/31 - 23:30:46] Ong Gia (ID 0) is possibly teleport truckrunning.
[2016/2/1 - 10:00:11] {AA3333}AdmWarning{FFFF00}: Ericb God (ID: 11) co the dang quang cao may chu: '{AA3333}/w 9 14.176.196.114:7777{FFFF00}'.
[2016/2/1 - 10:00:32] {AA3333}AdmWarning{FFFF00}: Ericb God (ID: 11) co the dang quang cao may chu: '{AA3333}/w 14 14.176.196.114:7777{FFFF00}'.
[2016/2/1 - 10:32:28] Nghia Oma (ID 13) co the dang hack giap. (Recorded: 89.000000 - Current: 100.000000) (1)
[2016/2/1 - 10:37:29] Nghia Oma (ID 13) co the dang hack giap. (Recorded: 89.000000 - Current: 100.000000) (1)
[2016/2/1 - 10:45:11] Nghia Oma (ID 13) co the dang hack giap. (Recorded: 5.000000 - Current: 100.000000) (1)
[2016/2/1 - 11:07:36] {AA3333}AdmWarning{FFFF00}: ThoMas R Mouth (ID: 17) co the dang quang cao may chu: '{AA3333}14.168.153.248:777{FFFF00}'.
[2016/2/1 - 13:05:07] Mafia Mafia (ID 4) co the dang hack giap. (Recorded: 0.000000 - Current: 100.000000) (1)
[2016/2/1 - 13:08:48] Cuong DJ (ID 2) co the dang hack giap. (Recorded: 99.000000 - Current: 100.000000) (1)
[2016/2/1 - 13:09:01] Harry Phans (ID 3) co the dang hack giap. (Recorded: 99.000000 - Current: 100.000000) (1)
[2016/2/1 - 13:10:09] Mafia Mafia (ID 4) co the dang hack giap. (Recorded: 0.000000 - Current: 48.000000) (1)
[2016/2/1 - 16:31:33] Thanh Thao (ID 2) co the dang hack giap. (Recorded: -159383552.000000 - Current: 0.000000) (1)
[2016/2/1 - 17:09:47] Ken Devils (ID 7) co the dang hack giap. (Recorded: 100.000000 - Current: 189.000000) (1)
[2016/2/1 - 18:17:31] Lil Jack (ID 11) co the dang hack giap. (Recorded: 99.000000 - Current: 100.000000) (1)
[2016/2/1 - 18:24:57] Mafia Antionto (ID 2) co the dang hack giap. (Recorded: 0.000000 - Current: 100.000000) (1)
[2016/2/1 - 18:27:31] Mafia Antionto (ID 3) co the dang hack giap. (Recorded: 0.000000 - Current: 100.000000) (1)
[2016/2/1 - 18:29:10] {AA3333}AdmWarning{FFFF00}: Jack SipHong (ID: 8) co the dang quang cao may chu: '{AA3333}14.168.153.248:7777{FFFF00}'.
[2016/2/1 - 18:34:40] {AA3333}AdmWarning{FFFF00}: Nhat Thien (ID: 0) co the dang quang cao may chu: '{AA3333}14.168.153.248:7777{FFFF00}'.
[2016/2/1 - 19:29:18] Wu Jing (ID 8) co the dang hack giap. (Recorded: 0.000000 - Current: 100.000000) (1)
[2016/2/1 - 22:05:27] Nguyen Thanh Tu (ID 6) co the dang hack giap. (Recorded: 0.000000 - Current: 100.000000) (1)
[2016/2/2 - 8:47:08] Exciter Jakie (ID 12) co the dang hack giap. (Recorded: 0.000000 - Current: 100.000000) (1)
[2016/2/2 - 8:58:52] Exciter Jakie (ID 13) co the dang hack giap. (Recorded: 0.000000 - Current: 100.000000) (1)
[2016/2/2 - 9:06:41] Exciter Jakie (ID 11) co the dang hack giap. (Recorded: 0.000000 - Current: 100.000000) (1)
[2016/2/2 - 9:07:48] Hunter D Trong (ID 20) co the dang hack giap. (Recorded: 0.000000 - Current: 100.000000) (1)
[2016/2/2 - 9:58:15] Harry Jinr (ID 17) co the dang hack giap. (Recorded: 99.000000 - Current: 100.000000) (1)
[2016/2/2 - 10:02:17] Fa Killer (ID 18) co the dang hack giap. (Recorded: 0.000000 - Current: 100.000000) (1)
[2016/2/2 - 10:15:15] Fa Killer (ID 4) co the dang hack giap. (Recorded: 0.000000 - Current: 100.000000) (1)
[2016/2/2 - 10:20:17] Fa Killer (ID 4) co the dang hack giap. (Recorded: 0.000000 - Current: 100.000000) (1)
[2016/2/2 - 11:10:00] Nguyen Bon (ID 24) co the dang hack giap. (Recorded: 0.000000 - Current: 92.000000) (1)
[2016/2/2 - 14:23:23] Old Nhok (ID 1) co the dang hack giap. (Recorded: 0.000000 - Current: 100.000000) (1)
[2016/2/2 - 15:23:01] Mario Alexander (ID 19) co the dang hack giap. (Recorded: 50.000000 - Current: 52.000000) (1)
[2016/2/2 - 15:30:10] Old Smith (ID 6) co the dang hack giap. (Recorded: 99.000000 - Current: 100.000000) (1)
[2016/2/2 - 15:58:39] Boy Johnson (ID 4) co the dang hack giap. (Recorded: 0.000000 - Current: 100.000000) (1)
[2016/2/2 - 16:01:45] Sha Co (ID 15) co the dang hack giap. (Recorded: 70.000000 - Current: 100.000000) (1)
[2016/2/2 - 16:03:40] Boy Johnson (ID 4) co the dang hack giap. (Recorded: 0.000000 - Current: 100.000000) (1)
[2016/2/2 - 16:06:46] Sha Co (ID 15) co the dang hack giap. (Recorded: 70.000000 - Current: 100.000000) (1)
[2016/2/2 - 16:11:47] Sha Co (ID 15) co the dang hack giap. (Recorded: 70.000000 - Current: 100.000000) (1)
[2016/2/2 - 16:16:48] Sha Co (ID 15) co the dang hack giap. (Recorded: 70.000000 - Current: 100.000000) (1)
[2016/2/2 - 16:18:45] Boy Hardy (ID 4) co the dang hack giap. (Recorded: 0.000000 - Current: 100.000000) (1)
[2016/2/2 - 16:23:46] Boy Hardy (ID 4) co the dang hack giap. (Recorded: 0.000000 - Current: 100.000000) (1)
[2016/2/2 - 16:25:49] Sha Co (ID 15) co the dang hack giap. (Recorded: 0.000000 - Current: 100.000000) (1)
[2016/2/2 - 16:28:47] Boy Hardy (ID 4) co the dang hack giap. (Recorded: 0.000000 - Current: 100.000000) (1)
[2016/2/2 - 16:30:50] Sha Co (ID 15) co the dang hack giap. (Recorded: 0.000000 - Current: 53.000000) (1)
[2016/2/2 - 16:33:48] Boy Hardy (ID 4) co the dang hack giap. (Recorded: 0.000000 - Current: 100.000000) (1)
[2016/2/2 - 16:35:51] Sha Co (ID 15) co the dang hack giap. (Recorded: 0.000000 - Current: 100.000000) (1)
[2016/2/2 - 17:28:43] Me Tao (ID 10) co the dang hack giap. (Recorded: 0.000000 - Current: 100.000000) (1)
[2016/2/2 - 17:32:35] Tinnie Nguyen (ID 16) co the dang hack giap. (Recorded: 0.000000 - Current: 20.000000) (1)
[2016/2/2 - 17:33:44] Me Tao (ID 10) co the dang hack giap. (Recorded: 0.000000 - Current: 100.000000) (1)
[2016/2/2 - 17:35:49] Ba Tao (ID 10) co the dang hack giap. (Recorded: 0.000000 - Current: 100.000000) (1)
[2016/2/2 - 17:44:29] Tinnie Nguyen (ID 16) co the dang hack giap. (Recorded: 0.000000 - Current: 10.000000) (1)
[2016/2/2 - 17:45:01] Ba Tao (ID 6) co the dang hack giap. (Recorded: 0.000000 - Current: 100.000000) (1)
[2016/2/2 - 20:19:46] KuBin Handsomes (ID 27) co the dang hack giap. (Recorded: 0.000000 - Current: 100.000000) (1)
[2016/2/2 - 20:26:50] KuBin Handsomes (ID 27) co the dang hack giap. (Recorded: 72.000000 - Current: 100.000000) (1)
[2016/2/2 - 21:15:37] Micheal Kane (ID 19) co the dang hack giap. (Recorded: 53.000000 - Current: 96.000000) (1)
[2016/2/2 - 21:59:07] Aconlont Spatex (ID 3) co the dang hack giap. (Recorded: 60.000000 - Current: 100.000000) (1)
[2016/2/3 - 7:57:42] Bay Stone (ID 10) co the dang hack giap. (Recorded: 0.000000 - Current: 100.000000) (1)
[2016/2/3 - 8:34:27] Boy Hardy (ID 3) co the dang hack giap. (Recorded: 32.000000 - Current: 100.000000) (1)
[2016/2/3 - 9:21:17] Tran Quoc Thang (ID 1) co the dang hack giap. (Recorded: 0.000000 - Current: 100.000000) (1)
[2016/2/3 - 9:39:36] Boss kun (ID 11) co the dang hack giap. (Recorded: 0.000000 - Current: 100.000000) (1)
[2016/2/3 - 10:03:47] Tan Nguyen (ID 14) co the dang hack giap. (Recorded: 0.000000 - Current: 100.000000) (1)
[2016/2/3 - 10:12:41] Winx Hoang (ID 8) co the dang hack giap. (Recorded: 0.000000 - Current: 100.000000) (1)
[2016/2/3 - 10:27:43] Mia khung (ID 13) co the dang hack giap. (Recorded: 0.000000 - Current: 100.000000) (1)
[2016/2/3 - 10:32:03] Mafia Trong (ID 34) co the dang hack giap. (Recorded: 0.000000 - Current: 100.000000) (1)
[2016/2/3 - 10:37:04] Mafia Trong (ID 34) co the dang hack giap. (Recorded: 0.000000 - Current: 100.000000) (1)
[2016/2/3 - 10:42:05] Mafia Trong (ID 34) co the dang hack giap. (Recorded: 50.000000 - Current: 100.000000) (1)
[2016/2/3 - 15:37:09] Huys Doremon (ID 27) co the dang hack giap. (Recorded: 90.000000 - Current: 100.000000) (1)
[2016/2/3 - 15:45:21] Huys Doremon (ID 27) co the dang hack giap. (Recorded: 0.000000 - Current: 6.000000) (1)
[2016/2/3 - 16:07:58] Mia khung (ID 30) co the dang hack giap. (Recorded: 0.000000 - Current: 100.000000) (1)
[2016/2/3 - 16:45:05] Chaly Doremon (ID 20) co the dang hack giap. (Recorded: 6.000000 - Current: 100.000000) (1)
[2016/2/3 - 16:50:06] Chaly Doremon (ID 20) co the dang hack giap. (Recorded: 6.000000 - Current: 100.000000) (1)
[2016/2/3 - 16:54:52] Quoc Dong (ID 6) co the dang hack giap. (Recorded: 0.000000 - Current: 7.000000) (1)
[2016/2/3 - 16:55:08] Chaly Doremon (ID 20) co the dang hack giap. (Recorded: 6.000000 - Current: 100.000000) (1)
[2016/2/3 - 17:00:09] Chaly Doremon (ID 20) co the dang hack giap. (Recorded: 6.000000 - Current: 97.000000) (1)
[2016/2/3 - 17:05:10] Chaly Doremon (ID 20) co the dang hack giap. (Recorded: 6.000000 - Current: 97.000000) (1)
[2016/2/3 - 17:10:11] Chaly Doremon (ID 20) co the dang hack giap. (Recorded: 6.000000 - Current: 97.000000) (1)
[2016/2/3 - 17:23:30] Rain Pirates (ID 11) co the dang hack giap. (Recorded: 0.000000 - Current: 100.000000) (1)
[2016/2/3 - 17:28:31] Rain Pirates (ID 11) co the dang hack giap. (Recorded: 0.000000 - Current: 100.000000) (1)
[2016/2/3 - 17:33:32] Rain Pirates (ID 11) co the dang hack giap. (Recorded: 0.000000 - Current: 97.000000) (1)
[2016/2/3 - 17:37:54] NhanPham Animation (ID 28) co the dang hack giap. (Recorded: 0.000000 - Current: 100.000000) (1)
[2016/2/3 - 17:38:33] Rain Pirates (ID 11) co the dang hack giap. (Recorded: 0.000000 - Current: 97.000000) (1)
[2016/2/3 - 19:32:10] Chaly Do (ID 26) co the dang hack giap. (Recorded: 0.000000 - Current: 100.000000) (1)
[2016/2/3 - 20:06:43] Peter Bon (ID 39) co the dang hack giap. (Recorded: 99.000000 - Current: 100.000000) (1)
[2016/2/3 - 20:07:21] An Beo (ID 18) co the dang hack giap. (Recorded: 0.000000 - Current: 99.000000) (1)
[2016/2/3 - 20:16:10] Chaly Do (ID 3) co the dang hack giap. (Recorded: 98.000000 - Current: 100.000000) (1)
[2016/2/3 - 20:35:24] Mr loc (ID 56) co the dang hack giap. (Recorded: 0.000000 - Current: 100.000000) (1)
[2016/2/3 - 20:38:41] Mr loc (ID 54) co the dang hack giap. (Recorded: 0.000000 - Current: 100.000000) (1)
[2016/2/3 - 20:43:42] Mr loc (ID 54) co the dang hack giap. (Recorded: 0.000000 - Current: 100.000000) (1)
[2016/2/3 - 20:56:20] {AA3333}AdmWarning{FFFF00}: Nguyen Quynh (ID: 57) co the dang quang cao may chu: '{AA3333}14.168.153.248:7777{FFFF00}'.
[2016/2/3 - 23:26:52] Chaly Do (ID 1) co the dang hack giap. (Recorded: 0.000000 - Current: 100.000000) (1)
[2016/2/3 - 23:31:53] Chaly Do (ID 1) co the dang hack giap. (Recorded: 0.000000 - Current: 100.000000) (1)
[2016/2/3 - 23:36:54] Chaly Do (ID 1) co the dang hack giap. (Recorded: 0.000000 - Current: 100.000000) (1)
[2016/2/3 - 23:41:55] Chaly Do (ID 1) co the dang hack giap. (Recorded: 0.000000 - Current: 100.000000) (1)
[2016/2/3 - 23:46:56] Chaly Do (ID 1) co the dang hack giap. (Recorded: 0.000000 - Current: 100.000000) (1)
[2016/2/4 - 0:29:50] Chaly Do (ID 1) co the dang hack giap. (Recorded: 0.000000 - Current: 60.000000) (1)
[2016/2/4 - 0:34:51] Chaly Do (ID 1) co the dang hack giap. (Recorded: 0.000000 - Current: 98.000000) (1)
[2016/2/4 - 0:39:52] Chaly Do (ID 1) co the dang hack giap. (Recorded: 0.000000 - Current: 98.000000) (1)
[2016/2/4 - 0:42:42] Fima Rik (ID 2) da su dung hack tele khi lam Trucker.
[2016/2/4 - 0:44:53] Chaly Do (ID 1) co the dang hack giap. (Recorded: 0.000000 - Current: 98.000000) (1)
[2016/2/4 - 0:49:54] Chaly Do (ID 1) co the dang hack giap. (Recorded: 0.000000 - Current: 98.000000) (1)
[2016/2/4 - 0:54:55] Chaly Do (ID 1) co the dang hack giap. (Recorded: 0.000000 - Current: 98.000000) (1)
[2016/2/4 - 0:59:56] Chaly Do (ID 1) co the dang hack giap. (Recorded: 0.000000 - Current: 98.000000) (1)
[2016/2/4 - 1:04:57] Chaly Do (ID 1) co the dang hack giap. (Recorded: 0.000000 - Current: 98.000000) (1)
[2016/2/4 - 1:09:58] Chaly Do (ID 1) co the dang hack giap. (Recorded: 0.000000 - Current: 98.000000) (1)
[2016/2/4 - 1:14:59] Chaly Do (ID 1) co the dang hack giap. (Recorded: 0.000000 - Current: 98.000000) (1)
[2016/2/4 - 1:20:00] Chaly Do (ID 1) co the dang hack giap. (Recorded: 0.000000 - Current: 98.000000) (1)
[2016/2/4 - 1:25:01] Chaly Do (ID 1) co the dang hack giap. (Recorded: 0.000000 - Current: 98.000000) (1)
[2016/2/4 - 1:30:02] Chaly Do (ID 1) co the dang hack giap. (Recorded: 0.000000 - Current: 98.000000) (1)
[2016/2/4 - 1:35:03] Chaly Do (ID 1) co the dang hack giap. (Recorded: 0.000000 - Current: 100.000000) (1)
[2016/2/4 - 1:40:04] Chaly Do (ID 1) co the dang hack giap. (Recorded: 0.000000 - Current: 100.000000) (1)
[2016/2/4 - 1:45:05] Chaly Do (ID 1) co the dang hack giap. (Recorded: 0.000000 - Current: 100.000000) (1)
[2016/2/4 - 1:50:06] Chaly Do (ID 1) co the dang hack giap. (Recorded: 0.000000 - Current: 100.000000) (1)
[2016/2/4 - 8:25:46] Mafia Red (ID 24) co the dang hack giap. (Recorded: 0.000000 - Current: 100.000000) (1)
[2016/2/4 - 8:30:47] Mafia Red (ID 24) co the dang hack giap. (Recorded: 0.000000 - Current: 100.000000) (1)
[2016/2/4 - 8:36:06] Mafia Red (ID 24) co the dang hack giap. (Recorded: 50.000000 - Current: 100.000000) (1)
[2016/2/4 - 8:41:07] Mafia Red (ID 24) co the dang hack giap. (Recorded: 50.000000 - Current: 100.000000) (1)
[2016/2/4 - 8:43:40] Mafia Red (ID 7) co the dang hack giap. (Recorded: 83.000000 - Current: 100.000000) (1)
[2016/2/4 - 8:50:12] Mafia Red (ID 7) co the dang hack giap. (Recorded: 83.000000 - Current: 100.000000) (1)
[2016/2/4 - 8:54:09] Exciter Do (ID 14) co the dang hack giap. (Recorded: 54.000000 - Current: 100.000000) (1)
[2016/2/4 - 8:55:13] Mafia Red (ID 7) co the dang hack giap. (Recorded: 83.000000 - Current: 100.000000) (1)
[2016/2/4 - 8:56:13] LiOn Lilwana (ID 3) co the dang hack giap. (Recorded: 0.000000 - Current: 100.000000) (1)
[2016/2/4 - 8:56:24] xDragon Duy (ID 25) co the dang hack giap. (Recorded: 0.000000 - Current: 50.000000) (1)
[2016/2/4 - 9:13:30] Boss Trong (ID 7) co the dang hack giap. (Recorded: 0.000000 - Current: 100.000000) (1)
[2016/2/4 - 9:15:10] {AA3333}AdmWarning{FFFF00}: Jons Glang (ID: 20) co the dang quang cao may chu: '{AA3333}/newb Admin nhu con cac lam chet di me 
[2016/2/4 - 9:46:08] Exciter Do (ID 25) co the dang hack giap. (Recorded: 0.000000 - Current: 100.000000) (1)
[2016/2/4 - 9:48:37] Chaly Do (ID 7) co the dang hack giap. (Recorded: 0.000000 - Current: 100.000000) (1)
[2016/2/4 - 9:51:09] Exciter Do (ID 25) co the dang hack giap. (Recorded: 0.000000 - Current: 100.000000) (1)
[2016/2/4 - 9:53:38] Chaly Do (ID 7) co the dang hack giap. (Recorded: 0.000000 - Current: 100.000000) (1)
[2016/2/4 - 9:56:10] Exciter Do (ID 25) co the dang hack giap. (Recorded: 0.000000 - Current: 97.000000) (1)
[2016/2/4 - 9:58:39] Chaly Do (ID 7) co the dang hack giap. (Recorded: 0.000000 - Current: 100.000000) (1)
[2016/2/4 - 10:08:55] Exciter Do (ID 23) co the dang hack giap. (Recorded: 0.000000 - Current: 100.000000) (1)
[2016/2/4 - 10:09:08] Troller Florencia (ID 19) co the dang hack giap. (Recorded: 0.000000 - Current: 100.000000) (1)
[2016/2/4 - 10:14:09] Troller Florencia (ID 19) co the dang hack giap. (Recorded: 0.000000 - Current: 100.000000) (1)
[2016/2/4 - 10:22:34] Harry Jinr (ID 18) co the dang hack giap. (Recorded: 0.000000 - Current: 100.000000) (1)
[2016/2/4 - 10:28:04] Troller Florencia (ID 19) co the dang hack giap. (Recorded: 0.000000 - Current: 100.000000) (1)
[2016/2/4 - 10:31:18] Harry Jinr (ID 26) co the dang hack giap. (Recorded: 0.000000 - Current: 100.000000) (1)
[2016/2/4 - 10:33:33] Troller Florencia (ID 19) co the dang hack giap. (Recorded: 0.000000 - Current: 100.000000) (1)
[2016/2/4 - 10:35:50] Lun TamHoang (ID 29) co the dang hack giap. (Recorded: 98.000000 - Current: 100.000000) (1)
[2016/2/4 - 10:36:19] Harry Jinr (ID 26) co the dang hack giap. (Recorded: 0.000000 - Current: 100.000000) (1)
[2016/2/4 - 10:51:47] Lun TamHoang (ID 26) co the dang hack giap. (Recorded: 0.000000 - Current: 100.000000) (1)
[2016/2/4 - 10:53:29] HAppY Newyear (ID 9) co the dang hack giap. (Recorded: 0.000000 - Current: 100.000000) (1)
[2016/2/4 - 11:15:34] Jons Giang (ID 24) co the dang hack giap. (Recorded: 0.000000 - Current: 100.000000) (1)
[2016/2/4 - 11:44:25] Harry Jinr (ID 13) co the dang hack giap. (Recorded: 99.000000 - Current: 100.000000) (1)
[2016/2/4 - 12:16:02] Aconlont Spatex (ID 18) co the dang hack giap. (Recorded: 69.000000 - Current: 100.000000) (1)
[2016/2/4 - 12:34:40] Exciter Do (ID 27) co the dang hack giap. (Recorded: 14.000000 - Current: 100.000000) (1)
[2016/2/4 - 12:44:27] Exciter Do (ID 14) co the dang hack giap. (Recorded: 0.000000 - Current: 100.000000) (1)
[2016/2/4 - 12:49:28] Exciter Do (ID 14) co the dang hack giap. (Recorded: 47.000000 - Current: 60.000000) (1)
[2016/2/4 - 14:14:30] Mafia Red (ID 26) co the dang hack giap. (Recorded: 0.000000 - Current: 100.000000) (1)
[2016/2/4 - 14:16:05] Exciter Do (ID 27) co the dang hack giap. (Recorded: 14.000000 - Current: 100.000000) (1)
[2016/2/4 - 14:33:15] Mafia Red (ID 2) co the dang hack giap. (Recorded: 43.000000 - Current: 100.000000) (1)
[2016/2/4 - 14:38:31] Mafia Red (ID 2) co the dang hack giap. (Recorded: 0.000000 - Current: 100.000000) (1)
[2016/2/4 - 14:43:32] Mafia Red (ID 2) co the dang hack giap. (Recorded: 0.000000 - Current: 100.000000) (1)
[2016/2/4 - 14:51:58] Super Bon (ID 31) co the dang hack giap. (Recorded: 0.000000 - Current: 100.000000) (1)
[2016/2/4 - 14:53:25] Hacker Ken (ID 65) co the dang hack giap. (Recorded: 0.000000 - Current: 100.000000) (1)
[2016/2/4 - 14:56:09] Trong Nguyen (ID 2) co the dang hack giap. (Recorded: 0.000000 - Current: 100.000000) (1)
[2016/2/4 - 14:58:46] Max Ken (ID 19) co the dang hack giap. (Recorded: 0.000000 - Current: 100.000000) (1)
[2016/2/4 - 15:00:33] Max Zed (ID 2) co the dang hack giap. (Recorded: 0.000000 - Current: 100.000000) (1)
[2016/2/4 - 15:04:52] Exciter Do (ID 7) co the dang hack giap. (Recorded: 14.000000 - Current: 100.000000) (1)
[2016/2/4 - 15:05:35] Max Zed (ID 2) co the dang hack giap. (Recorded: 0.000000 - Current: 100.000000) (1)
[2016/2/4 - 15:09:53] Exciter Do (ID 7) co the dang hack giap. (Recorded: 14.000000 - Current: 100.000000) (1)
[2016/2/4 - 15:10:36] Max Zed (ID 2) co the dang hack giap. (Recorded: 0.000000 - Current: 98.000000) (1)
[2016/2/4 - 15:35:14] Max Red (ID 22) co the dang hack giap. (Recorded: 0.000000 - Current: 100.000000) (1)
[2016/2/4 - 15:39:37] Max Red (ID 9) co the dang hack giap. (Recorded: 0.000000 - Current: 100.000000) (1)
[2016/2/4 - 15:42:16] TT CC (ID 4) co the dang hack giap. (Recorded: 0.000000 - Current: 100.000000) (1)
[2016/2/4 - 15:43:17] [mapteleport] Bin_Hardy 59 (-2036.25, 435.58, 139.74 -> -1966.27, 407.60, 35.17 [-1966.27, 407.60, 36.17]) (128.900665, 1.000000) (1) (694)
[2016/2/4 - 16:10:03] Max Shin (ID 23) co the dang hack giap. (Recorded: 0.000000 - Current: 100.000000) (1)
[2016/2/4 - 16:37:42] An Beo (ID 32) co the dang hack giap. (Recorded: 0.000000 - Current: 100.000000) (1)
[2016/2/4 - 16:42:43] An Beo (ID 32) co the dang hack giap. (Recorded: 0.000000 - Current: 100.000000) (1)
[2016/2/4 - 16:51:29] Trung Hieu (ID 40) co the dang hack giap. (Recorded: 0.000000 - Current: 100.000000) (1)
[2016/2/4 - 16:51:36] Vo Thanh Hoaa (ID 14) co the dang hack giap. (Recorded: 0.000000 - Current: 100.000000) (1)
[2016/2/4 - 16:56:37] Vo Thanh Hoaa (ID 14) co the dang hack giap. (Recorded: 0.000000 - Current: 100.000000) (1)
[2016/2/4 - 19:18:00] Harry Jinr (ID 14) co the dang hack giap. (Recorded: 7.000000 - Current: 100.000000) (1)
[2016/2/4 - 21:58:42] {AA3333}AdmWarning{FFFF00}: David Robert (ID: 13) co the dang quang cao may chu: '{AA3333}/newb cac anh em ngya mai qua server 
[2016/2/4 - 22:35:54] Cho Phieu Luu (ID 5) co the dang hack giap. (Recorded: 0.000000 - Current: 100.000000) (1)
[2016/2/5 - 7:13:03] Rick Boom (ID 9) co the dang hack giap. (Recorded: 98.000000 - Current: 100.000000) (1)
[2016/2/5 - 7:18:04] Rick Boom (ID 9) co the dang hack giap. (Recorded: 98.000000 - Current: 100.000000) (1)
[2016/2/5 - 7:27:15] Exciter Do (ID 4) co the dang hack giap. (Recorded: 14.000000 - Current: 100.000000) (1)
[2016/2/5 - 7:32:16] Exciter Do (ID 4) co the dang hack giap. (Recorded: 14.000000 - Current: 100.000000) (1)
[2016/2/5 - 7:37:17] Exciter Do (ID 4) co the dang hack giap. (Recorded: 14.000000 - Current: 94.000000) (1)
[2016/2/5 - 7:42:18] Exciter Do (ID 4) co the dang hack giap. (Recorded: 14.000000 - Current: 100.000000) (1)
[2016/2/5 - 7:42:34] Truong Long (ID 16) co the dang hack giap. (Recorded: 0.000000 - Current: 86.000000) (1)
[2016/2/5 - 7:47:44] Truong Long (ID 16) co the dang hack giap. (Recorded: 0.000000 - Current: 100.000000) (1)
[2016/2/5 - 7:56:08] Truong Long (ID 29) co the dang hack giap. (Recorded: 90.000000 - Current: 100.000000) (1)
[2016/2/5 - 8:01:25] Exciter Do (ID 20) co the dang hack giap. (Recorded: 52.000000 - Current: 100.000000) (1)
[2016/2/5 - 8:06:26] Exciter Do (ID 20) co the dang hack giap. (Recorded: 52.000000 - Current: 100.000000) (1)
[2016/2/5 - 8:11:27] Exciter Do (ID 20) co the dang hack giap. (Recorded: 52.000000 - Current: 100.000000) (1)
[2016/2/5 - 8:29:43] Exciter Do (ID 20) co the dang hack giap. (Recorded: 99.000000 - Current: 100.000000) (1)
[2016/2/5 - 13:52:18] IkanuS Binz (ID 24) co the dang hack giap. (Recorded: 0.000000 - Current: 100.000000) (1)
[2016/2/5 - 14:30:10] Smith Robeo (ID 4) co the dang hack giap. (Recorded: 0.000000 - Current: 7.000000) (1)
[2016/2/5 - 14:57:18] Tyga Johnson (ID 24) co the dang hack giap. (Recorded: 27.000000 - Current: 57.000000) (1)
[2016/2/5 - 15:24:55] Boy Hardy (ID 16) co the dang hack giap. (Recorded: 0.000000 - Current: 100.000000) (1)
[2016/2/5 - 15:36:29] Boy Hardy (ID 17) co the dang hack giap. (Recorded: 0.000000 - Current: 100.000000) (1)
[2016/2/5 - 15:41:30] Boy Hardy (ID 17) co the dang hack giap. (Recorded: 0.000000 - Current: 100.000000) (1)
[2016/2/5 - 15:46:53] Boy Hardy (ID 3) co the dang hack giap. (Recorded: 0.000000 - Current: 100.000000) (1)
[2016/2/5 - 15:47:49] Kun USA (ID 37) co the dang hack giap. (Recorded: 0.000000 - Current: 100.000000) (1)
[2016/2/5 - 15:48:22] Boy Hardy (ID 30) co the dang hack giap. (Recorded: 0.000000 - Current: 100.000000) (1)
[2016/2/5 - 15:53:23] Boy Hardy (ID 30) co the dang hack giap. (Recorded: 0.000000 - Current: 100.000000) (1)
[2016/2/5 - 16:00:08] Bh Camranh (ID 27) co the dang hack giap. (Recorded: 0.000000 - Current: 60.000000) (1)
[2016/2/5 - 16:10:40] IkanuS Binz (ID 23) co the dang hack giap. (Recorded: 0.000000 - Current: 100.000000) (1)
[2016/2/5 - 16:18:16] Kun USA (ID 37) co the dang hack giap. (Recorded: 0.000000 - Current: 100.000000) (1)
[2016/2/5 - 16:38:37] IkanuS Binz (ID 29) co the dang hack giap. (Recorded: 0.000000 - Current: 100.000000) (1)
[2016/2/5 - 19:13:20] Duong Nguyen (ID 27) co the dang hack giap. (Recorded: 0.000000 - Current: 99.000000) (1)
[2016/2/5 - 19:31:52] xBoss Toganx (ID 9) co the dang hack giap. (Recorded: 91.000000 - Current: 99.000000) (1)
[2016/2/5 - 19:31:53] Rain Pirates (ID 31) co the dang hack giap. (Recorded: 92.000000 - Current: 99.000000) (1)
[2016/2/5 - 19:31:53] Harry Jinr (ID 36) co the dang hack giap. (Recorded: 56.000000 - Current: 99.000000) (1)
[2016/2/5 - 19:31:53] TuanTai Pirates (ID 38) co the dang hack giap. (Recorded: 93.000000 - Current: 99.000000) (1)
[2016/2/5 - 19:31:53] xXBoss BaoXx (ID 46) co the dang hack giap. (Recorded: 63.000000 - Current: 99.000000) (1)
[2016/2/5 - 19:31:53] xBoss Duy (ID 49) co the dang hack giap. (Recorded: 92.000000 - Current: 99.000000) (1)
[2016/2/5 - 19:31:53] Nathan Erwin (ID 55) co the dang hack giap. (Recorded: 60.000000 - Current: 99.000000) (1)
[2016/2/5 - 19:31:53] Jack Grap (ID 72) co the dang hack giap. (Recorded: 98.000000 - Current: 99.000000) (1)
[2016/2/5 - 20:21:07] kaGA loc (ID 34) co the dang hack giap. (Recorded: 0.000000 - Current: 100.000000) (1)
[2016/2/5 - 20:26:45] Em La Tht (ID 30) co the dang hack giap. (Recorded: 0.000000 - Current: 100.000000) (1)
[2016/2/5 - 20:28:40] Tyga Johnson (ID 22) co the dang hack giap. (Recorded: 0.000000 - Current: 100.000000) (1)
[2016/2/5 - 20:28:59] Mafia loc (ID 48) co the dang hack giap. (Recorded: 0.000000 - Current: 100.000000) (1)
[2016/2/5 - 20:31:56] Phat Hardy (ID 57) co the dang hack giap. (Recorded: 0.000000 - Current: 100.000000) (1)
[2016/2/5 - 20:33:41] Tyga Johnson (ID 22) co the dang hack giap. (Recorded: 0.000000 - Current: 100.000000) (1)
[2016/2/5 - 20:38:42] Tyga Johnson (ID 22) co the dang hack giap. (Recorded: 0.000000 - Current: 100.000000) (1)
[2016/2/5 - 20:53:11] MaFia Tan (ID 49) co the dang hack giap. (Recorded: 86.000000 - Current: 100.000000) (1)
[2016/2/5 - 21:46:00] Mister Viet (ID 23) co the dang hack giap. (Recorded: 0.000000 - Current: 100.000000) (1)
[2016/2/5 - 21:51:01] Mister Viet (ID 23) co the dang hack giap. (Recorded: 0.000000 - Current: 100.000000) (1)
[2016/2/5 - 22:11:58] Mister Mon (ID 4) co the dang hack giap. (Recorded: 0.000000 - Current: 100.000000) (1)
[2016/2/6 - 10:30:09] Huys Doremon (ID 24) co the dang hack giap. (Recorded: 0.000000 - Current: 100.000000) (1)
[2016/2/6 - 11:30:45] Inter Huy (ID 6) co the dang hack giap. (Recorded: 60.000000 - Current: 100.000000) (1)
[2016/2/6 - 11:35:58] Inter Huy (ID 6) co the dang hack giap. (Recorded: 0.000000 - Current: 100.000000) (1)
[2016/2/6 - 12:00:26] Inter Huy (ID 24) co the dang hack giap. (Recorded: 0.000000 - Current: 100.000000) (1)
[2016/2/6 - 12:12:44] The Cow (ID 8) co the dang hack giap. (Recorded: 0.000000 - Current: 100.000000) (1)
[2016/2/6 - 12:25:01] Minh Ibra (ID 5) co the dang hack jetpack.
[2016/2/6 - 12:25:02] Minh Ibra (ID 5) co the dang hack jetpack.
[2016/2/6 - 12:25:03] Minh Ibra (ID 5) co the dang hack jetpack.
[2016/2/6 - 12:25:04] Minh Ibra (ID 5) co the dang hack jetpack.
[2016/2/6 - 12:25:05] Minh Ibra (ID 5) co the dang hack jetpack.
[2016/2/6 - 12:25:06] Minh Ibra (ID 5) co the dang hack jetpack.
[2016/2/6 - 12:25:07] Minh Ibra (ID 5) co the dang hack jetpack.
[2016/2/6 - 12:25:09] Minh Ibra (ID 5) co the dang hack jetpack.
[2016/2/6 - 12:35:01] Hidan Arks (ID 25) co the dang hack giap. (Recorded: 99.000000 - Current: 100.000000) (1)
[2016/2/6 - 12:35:39] Inter Truong (ID 23) co the dang hack giap. (Recorded: 53.000000 - Current: 99.000000) (1)
[2016/2/6 - 14:00:30] Nope Ranh (ID 53) co the dang hack giap. (Recorded: 0.000000 - Current: 100.000000) (1)
[2016/2/6 - 14:07:02] Nope Ranh (ID 3) co the dang hack giap. (Recorded: 40.000000 - Current: 100.000000) (1)
[2016/2/6 - 14:08:58] {AA3333}AdmWarning{FFFF00}: Mafia Black (ID: 36) co the dang quang cao may chu: '{AA3333}http://i.imgur.com/kI5wMc0.png
http:/
[2016/2/6 - 14:35:25] Tyga Johnson (ID 27) co the dang hack giap. (Recorded: 0.000000 - Current: 90.000000) (1)
[2016/2/6 - 14:40:26] Tyga Johnson (ID 27) co the dang hack giap. (Recorded: 0.000000 - Current: 100.000000) (1)
[2016/2/6 - 14:45:27] Tyga Johnson (ID 27) co the dang hack giap. (Recorded: 0.000000 - Current: 100.000000) (1)
[2016/2/6 - 14:50:28] Tyga Johnson (ID 27) co the dang hack giap. (Recorded: 0.000000 - Current: 100.000000) (1)
[2016/2/6 - 14:55:30] Tyga Johnson (ID 27) co the dang hack giap. (Recorded: 0.000000 - Current: 97.000000) (1)
[2016/2/6 - 14:58:25] Exciter Do (ID 5) co the dang hack giap. (Recorded: 32.000000 - Current: 100.000000) (1)
[2016/2/6 - 15:03:08] Tyga Johnson (ID 27) co the dang hack giap. (Recorded: 0.000000 - Current: 100.000000) (1)
[2016/2/6 - 15:29:35] Tyga Johnson (ID 4) co the dang hack giap. (Recorded: 0.000000 - Current: 50.000000) (1)
[2016/2/6 - 15:42:52] Tyga Johnson (ID 4) co the dang hack giap. (Recorded: 0.000000 - Current: 10.000000) (1)
[2016/2/6 - 15:58:34] {AA3333}AdmWarning{FFFF00}: Nguyen Ngoc Tram (ID: 34) co the dang quang cao may chu: '{AA3333}HostName: [GTA-SRL.US] Forum: GTA
[2016/2/6 - 17:40:04] Phuc LiOn (ID 19) co the dang hack giap. (Recorded: 99.000000 - Current: 100.000000) (1)
[2016/2/6 - 17:40:42] Duc Nhan (ID 8) co the dang hack giap. (Recorded: 99.000000 - Current: 100.000000) (1)
[2016/2/6 - 17:41:14] Thai Vu (ID 6) co the dang hack giap. (Recorded: 99.000000 - Current: 100.000000) (1)
[2016/2/6 - 17:46:38] Inter Huy (ID 1) co the dang hack giap. (Recorded: 90.000000 - Current: 100.000000) (1)
[2016/2/6 - 18:17:46] {AA3333}AdmWarning{FFFF00}: Boss King (ID: 22) co the dang quang cao may chu: '{AA3333}/b tao la chu sever 124.158.12.132:7777 
[2016/2/6 - 18:17:51] {AA3333}AdmWarning{FFFF00}: Boss King (ID: 22) co the dang quang cao may chu: '{AA3333}/b tao la chu sever 124.158.12.132:7777 
[2016/2/6 - 18:17:53] {AA3333}AdmWarning{FFFF00}: Boss King (ID: 22) co the dang quang cao may chu: '{AA3333}/b tao la chu sever 124.158.12.132:7777 
[2016/2/6 - 18:17:57] {AA3333}AdmWarning{FFFF00}: Boss King (ID: 22) co the dang quang cao may chu: '{AA3333}/b tao la chu sever 124.158.12.132:7777 
[2016/2/6 - 18:33:16] Dark Eagle (ID 28) co the dang hack giap. (Recorded: 0.000000 - Current: 100.000000) (1)
[2016/2/6 - 19:49:50] Deoo Co ten (ID 15) co the dang hack giap. (Recorded: 0.000000 - Current: 100.000000) (1)
[2016/2/6 - 19:51:21] FA KhongCoGau (ID 29) co the dang hack giap. (Recorded: 0.000000 - Current: 100.000000) (1)
[2016/2/6 - 19:53:30] Long Cu thi (ID 33) co the dang hack giap. (Recorded: 0.000000 - Current: 100.000000) (1)
[2016/2/6 - 19:55:09] so Cc gi (ID 48) co the dang hack giap. (Recorded: 0.000000 - Current: 100.000000) (1)
[2016/2/6 - 19:57:00] Covan nl (ID 41) co the dang hack giap. (Recorded: 0.000000 - Current: 100.000000) (1)
[2016/2/6 - 19:58:02] No Name Lock (ID 33) co the dang hack giap. (Recorded: 0.000000 - Current: 100.000000) (1)
[2016/2/6 - 19:58:05] Long Cu chap (ID 54) co the dang hack giap. (Recorded: 0.000000 - Current: 100.000000) (1)
[2016/2/6 - 19:59:15] Em lon (ID 32) co the dang hack giap. (Recorded: 0.000000 - Current: 100.000000) (1)
[2016/2/6 - 20:31:47] NguyenLan Anh (ID 35) co the dang hack giap. (Recorded: 0.000000 - Current: 58.000000) (1)
[2016/2/6 - 20:38:38] {AA3333}AdmWarning{FFFF00}: dan tan tu (ID: 2) co the dang quang cao may chu: '{AA3333}http://download.a1.nixcdn.com/905d1344b4
[2016/2/6 - 20:44:54] XiPo Do (ID 15) co the dang hack giap. (Recorded: 20.000000 - Current: 100.000000) (1)
[2016/2/6 - 22:38:56] [mapteleport] Bin_Hardy 3 (0.00, 0.00, 3.11 -> -2450.48, 500.12, 30.08 [-2450.48, 500.12, 31.08]) (2501.145019, 0.999980) (1) (179)
[2016/2/7 - 7:20:56] Exciter Do (ID 3) co the dang hack giap. (Recorded: 32.000000 - Current: 100.000000) (1)
[2016/2/7 - 7:25:57] Exciter Do (ID 3) co the dang hack giap. (Recorded: 32.000000 - Current: 100.000000) (1)
[2016/2/7 - 8:58:14] Anh Em (ID 22) co the dang hack giap. (Recorded: 0.000000 - Current: 100.000000) (1)
[2016/2/7 - 9:03:15] Anh Em (ID 22) co the dang hack giap. (Recorded: 0.000000 - Current: 100.000000) (1)
[2016/2/7 - 10:49:00] Dark Eaglee (ID 6) co the dang hack giap. (Recorded: 96.000000 - Current: 100.000000) (1)
[2016/2/7 - 10:54:01] Dark Eaglee (ID 6) co the dang hack giap. (Recorded: 96.000000 - Current: 100.000000) (1)
[2016/2/7 - 11:12:50] Hoa Stone (ID 19) co the dang hack giap. (Recorded: 0.000000 - Current: 100.000000) (1)
[2016/2/7 - 11:17:51] Hoa Stone (ID 19) co the dang hack giap. (Recorded: 0.000000 - Current: 100.000000) (1)
[2016/2/7 - 11:18:00] Maria Obama (ID 27) da su dung hack tele khi lam Trucker.
[2016/2/7 - 11:20:31] Exciter Do (ID 9) co the dang hack giap. (Recorded: 97.000000 - Current: 100.000000) (1)
[2016/2/7 - 11:22:52] Hoa Stone (ID 19) co the dang hack giap. (Recorded: 0.000000 - Current: 98.000000) (1)
[2016/2/7 - 12:38:58] Dark Eaglee (ID 0) co the dang hack giap. (Recorded: 7.000000 - Current: 100.000000) (1)
[2016/2/7 - 13:28:55] Mister Bin (ID 3) co the dang hack giap. (Recorded: 0.000000 - Current: 100.000000) (1)
[2016/2/7 - 13:33:56] Mister Bin (ID 3) co the dang hack giap. (Recorded: 0.000000 - Current: 100.000000) (1)
[2016/2/7 - 13:38:57] Mister Bin (ID 3) co the dang hack giap. (Recorded: 0.000000 - Current: 100.000000) (1)
[2016/2/7 - 13:43:58] Mister Bin (ID 3) co the dang hack giap. (Recorded: 0.000000 - Current: 100.000000) (1)
[2016/2/7 - 16:59:45] Kelvin Dat (ID 17) co the dang hack giap. (Recorded: 0.000000 - Current: 100.000000) (1)
[2016/2/7 - 17:10:36] {AA3333}AdmWarning{FFFF00}: Nhi Heo (ID: 14) co the dang quang cao may chu: '{AA3333}115.74.84.246:7777{FFFF00}'.
[2016/2/7 - 18:10:02] IkanuS Binz (ID 12) co the dang hack giap. (Recorded: 0.000000 - Current: 100.000000) (1)
[2016/2/7 - 18:24:17] IkanuS Binz (ID 0) co the dang hack giap. (Recorded: 0.000000 - Current: 100.000000) (1)
[2016/2/7 - 18:29:18] IkanuS Binz (ID 0) co the dang hack giap. (Recorded: 0.000000 - Current: 98.000000) (1)
[2016/2/7 - 19:33:30] Doctor Tom (ID 2) co the dang hack giap. (Recorded: 0.000000 - Current: 94.000000) (1)
[2016/2/7 - 19:55:27] Mister Huy (ID 20) co the dang hack giap. (Recorded: 4.000000 - Current: 100.000000) (1)
[2016/2/7 - 20:12:07] Hidan Arks (ID 25) co the dang hack giap. (Recorded: 0.000000 - Current: 100.000000) (1)
[2016/2/7 - 20:17:08] Hidan Arks (ID 25) co the dang hack giap. (Recorded: 0.000000 - Current: 100.000000) (1)
[2016/2/7 - 21:27:52] Mister Huy (ID 21) co the dang hack giap. (Recorded: 57.000000 - Current: 100.000000) (1)
[2016/2/7 - 21:54:10] Kent Dolce (ID 9) co the dang hack giap. (Recorded: 0.000000 - Current: 100.000000) (1)
[2016/2/7 - 22:04:03] Sinugtus High (ID 4) co the dang hack giap. (Recorded: 0.000000 - Current: 100.000000) (1)
[2016/2/7 - 22:09:04] Sinugtus High (ID 4) co the dang hack giap. (Recorded: 0.000000 - Current: 100.000000) (1)
[2016/2/7 - 22:14:05] Sinugtus High (ID 4) co the dang hack giap. (Recorded: 0.000000 - Current: 100.000000) (1)
[2016/2/7 - 22:59:13] Kent Harry (ID 8) co the dang hack giap. (Recorded: 4.000000 - Current: 100.000000) (1)
[2016/2/7 - 23:04:14] Kent Harry (ID 8) co the dang hack giap. (Recorded: 4.000000 - Current: 100.000000) (1)
[2016/2/7 - 23:09:15] Kent Harry (ID 8) co the dang hack giap. (Recorded: 4.000000 - Current: 100.000000) (1)
[2016/2/7 - 23:14:16] Kent Harry (ID 8) co the dang hack giap. (Recorded: 4.000000 - Current: 100.000000) (1)
[2016/2/7 - 23:19:17] Kent Harry (ID 8) co the dang hack giap. (Recorded: 4.000000 - Current: 90.000000) (1)
[2016/2/7 - 23:43:46] Kent Harry (ID 3) co the dang hack giap. (Recorded: 80.000000 - Current: 100.000000) (1)
[2016/2/7 - 23:48:47] Kent Harry (ID 3) co the dang hack giap. (Recorded: 80.000000 - Current: 88.000000) (1)
[2016/2/8 - 1:41:18] XiPo Do (ID 0) co the dang hack giap. (Recorded: 0.000000 - Current: 97.000000) (1)
[2016/2/8 - 8:46:56] {AA3333}AdmWarning{FFFF00}: Legend Dat (ID: 1) co the dang quang cao may chu: '{AA3333}/b https://www.facebook.com/profile.php?
[2016/2/8 - 8:47:01] {AA3333}AdmWarning{FFFF00}: Legend Dat (ID: 1) co the dang quang cao may chu: '{AA3333} https://www.facebook.com/profile.php?id
[2016/2/8 - 8:47:06] {AA3333}AdmWarning{FFFF00}: Legend Dat (ID: 1) co the dang quang cao may chu: '{AA3333}/w 10 https://www.facebook.com/profile.p
[2016/2/8 - 8:47:09] {AA3333}AdmWarning{FFFF00}: Legend Dat (ID: 1) co the dang quang cao may chu: '{AA3333}/w 10 https://www.facebook.com/profile.p
[2016/2/8 - 8:47:21] {AA3333}AdmWarning{FFFF00}: Legend Dat (ID: 1) co the dang quang cao may chu: '{AA3333}/w 10 https://www.facebook.com/profile.p
[2016/2/8 - 8:47:32] {AA3333}AdmWarning{FFFF00}: Legend Dat (ID: 1) co the dang quang cao may chu: '{AA3333}https://www.facebook.com/profile.php?id=
[2016/2/8 - 8:47:39] {AA3333}AdmWarning{FFFF00}: Legend Dat (ID: 1) co the dang quang cao may chu: '{AA3333}https://www.facebook.com/profile.php?id=
[2016/2/8 - 11:02:03] Six Down (ID 20) co the dang hack giap. (Recorded: 0.000000 - Current: 10.000000) (1)
[2016/2/8 - 19:04:54] William Steven (ID 3) da su dung hack tele khi lam Trucker.
[2016/2/8 - 19:45:29] Sam Temito (ID 1) da su dung hack tele khi lam Trucker.
[2016/2/10 - 12:30:01] {AA3333}AdmWarning{FFFF00}: Vinh SiuNhon (ID: 4) co the dang quang cao may chu: '{AA3333}https://www.facebook.com/profile.php?i
[2016/2/10 - 12:30:06] {AA3333}AdmWarning{FFFF00}: Vinh SiuNhon (ID: 4) co the dang quang cao may chu: '{AA3333}https://www.facebook.com/profile.php?i
[2016/2/10 - 12:30:10] {AA3333}AdmWarning{FFFF00}: Vinh SiuNhon (ID: 4) co the dang quang cao may chu: '{AA3333}https://www.facebook.com/profile.php?i
[2016/2/10 - 12:30:11] {AA3333}AdmWarning{FFFF00}: Vinh SiuNhon (ID: 4) co the dang quang cao may chu: '{AA3333}https://www.facebook.com/profile.php?i
[2016/2/10 - 12:30:11] {AA3333}AdmWarning{FFFF00}: Vinh SiuNhon (ID: 4) co the dang quang cao may chu: '{AA3333}https://www.facebook.com/profile.php?i
[2016/2/10 - 12:30:11] {AA3333}AdmWarning{FFFF00}: Vinh SiuNhon (ID: 4) co the dang quang cao may chu: '{AA3333}https://www.facebook.com/profile.php?i
[2016/2/10 - 12:30:12] {AA3333}AdmWarning{FFFF00}: Vinh SiuNhon (ID: 4) co the dang quang cao may chu: '{AA3333}https://www.facebook.com/profile.php?i
[2016/2/10 - 12:30:12] {AA3333}AdmWarning{FFFF00}: Vinh SiuNhon (ID: 4) co the dang quang cao may chu: '{AA3333}https://www.facebook.com/profile.php?i
[2016/2/10 - 12:30:12] {AA3333}AdmWarning{FFFF00}: Vinh SiuNhon (ID: 4) co the dang quang cao may chu: '{AA3333}https://www.facebook.com/profile.php?i
[2016/2/10 - 12:55:25] {AA3333}AdmWarning{FFFF00}: VH Sang (ID: 8) co the dang quang cao may chu: '{AA3333}/traloi anh anh la hoang tu cua sever 124.1
[2016/2/10 - 12:55:28] {AA3333}AdmWarning{FFFF00}: VH Sang (ID: 8) co the dang quang cao may chu: '{AA3333}/traloi anh anh la hoang tu cua sever 124.1
[2016/2/10 - 12:55:33] {AA3333}AdmWarning{FFFF00}: VH Sang (ID: 8) co the dang quang cao may chu: '{AA3333}/traloi anh anh la hoang tu cua sever 124.1
[2016/2/10 - 13:15:53] {AA3333}AdmWarning{FFFF00}: MaJor Ghost (ID: 9) co the dang quang cao may chu: '{AA3333}/b sao sever doi IP hoai zay14.183.249.
[2016/2/10 - 13:16:06] {AA3333}AdmWarning{FFFF00}: MaJor Ghost (ID: 9) co the dang quang cao may chu: '{AA3333}14.183.249.36:777{FFFF00}'.
[2016/2/10 - 13:30:42] Ferreira Wilward (ID 3) da su dung hack tele khi lam Trucker.
[2016/2/10 - 14:58:41] {AA3333}AdmWarning{FFFF00}: Thuong Tran (ID: 14) co the dang quang cao may chu: '{AA3333}/b https://www.facebook.com/profile.ph
[2016/2/10 - 14:58:43] {AA3333}AdmWarning{FFFF00}: Thuong Tran (ID: 14) co the dang quang cao may chu: '{AA3333}/b https://www.facebook.com/profile.ph
[2016/2/10 - 14:58:53] {AA3333}AdmWarning{FFFF00}: Thuong Tran (ID: 14) co the dang quang cao may chu: '{AA3333}https://www.facebook.com/profile.php?i
[2016/2/10 - 14:58:54] {AA3333}AdmWarning{FFFF00}: Thuong Tran (ID: 14) co the dang quang cao may chu: '{AA3333}https://www.facebook.com/profile.php?i
[2016/2/10 - 14:59:32] Super Smith (ID 0) co the dang hack giap. (Recorded: 0.000000 - Current: 100.000000) (1)
[2016/2/10 - 17:50:59] Mark Oscar (ID 8) co the dang hack giap. (Recorded: 0.000000 - Current: 20.000000) (1)
[2016/2/10 - 17:51:55] Jet Tu (ID 3) co the dang hack giap. (Recorded: 0.000000 - Current: 20.000000) (1)
[2016/2/10 - 17:59:16] Jet Tu (ID 3) co the dang hack giap. (Recorded: 0.000000 - Current: 20.000000) (1)
[2016/2/10 - 17:59:18] Venus Angel (ID 1) co the dang hack giap. (Recorded: 0.000000 - Current: 20.000000) (1)
[2016/2/10 - 18:10:07] {AA3333}AdmWarning{FFFF00}: quoc gover (ID: 0) co the dang quang cao may chu: '{AA3333}14.183.249.36:777{FFFF00}'.
[2016/2/11 - 16:24:42] {AA3333}AdmWarning{FFFF00}: Nguyen Ngoc Tram (ID: 3) co the dang quang cao may chu: '{AA3333}HostName: IP Server: 113.170.150.2
