[2016/1/30 - 23:38:31] Ong Gia has edited HouseID 0's Exterior. (Before:  0.000000, 0.000000, 0.000000 | After: -1722.892333, 1311.397949, 7.039062)
[2016/1/30 - 23:38:49] Ong Gia has edited HouseID 0's Interior. (Before:  0.000000, 0.000000, 0.000000 | After: -1722.491577, 1311.031005, 7.039062)
[2016/1/30 - 23:39:03] Ong Gia has edited HouseID 0's Level to 5.
[2016/1/30 - 23:39:09] Ong Gia has edited HouseID 0's Class to 3.
[2016/1/30 - 23:39:26] Ong Gia has edited HouseID 10000's Price to $.
[2016/1/30 - 23:39:39] Ong Gia has edited HouseID 0's Level to 1.
[2016/1/30 - 23:41:13] Ong Gia has edited HouseID 0's Exterior. (Before:  -1722.892333, 1311.397949, 7.039062 | After: -1694.215454, 1331.042602, 7.18
[2016/1/31 - 7:22:09] Ong Gia has edited HouseID 0's Class to 3.
[2016/1/31 - 7:22:17] Ong Gia has edited HouseID 0's Level to 10.
[2016/1/31 - 7:22:31] Ong Gia has edited HouseID 0's Custom Exterior.
[2016/1/31 - 7:22:37] Ong Gia has edited HouseID 0's Custom Interior.
[2016/1/31 - 7:22:43] Ong Gia has edited House ID 0's interior VW to 1.
[2016/2/1 - 10:12:40] Ong Gia has edited HouseID 99's Exterior. (Before:  -2023.934204, 216.716873, 37.055381 | After: -2021.710205, 298.329071, 35.3
[2016/2/1 - 10:12:52] Ong Gia da chinh sua Thung Rac nha 99's.
[2016/2/1 - 11:33:19] Exciter Jakie has edited HouseID 999's Exterior. (Before:  353.048004, -5611.677246, 1375.707397 | After: -2058.529296, 297.885
[2016/2/1 - 11:37:50] Exciter Jakie has edited HouseID 999's Interior. (Before:  0.000000, 0.000000, 0.000000 | After: 1267.620849, -771.910034, 1091
[2016/2/1 - 11:37:58] Vinh Thai da chinh sua Thung Rac nha 229's.
[2016/2/1 - 11:38:03] Vinh Thai da chinh sua Thung Rac nha 229's.
[2016/2/1 - 11:38:06] Vinh Thai da chinh sua Thung Rac nha 229's.
[2016/2/1 - 11:39:36] Vinh Thai has edited HouseID 83's Exterior. (Before:  2067.919677, -1628.845825, 13.876159 | After: -2021.646850, 298.330230, 3
[2016/2/1 - 11:40:46] Exciter Jakie has edited HouseID 83's Exterior. (Before:  -2021.646850, 298.330230, 35.334300 | After: -1988.764038, 315.516479
[2016/2/1 - 11:43:40] Exciter Jakie has edited HouseID 999's Interior. (Before:  1267.620849, -771.910034, 1091.906250 | After: 2228.428222, -1151.16
[2016/2/1 - 11:45:34] Vinh Thai has edited HouseID 99's Exterior. (Before:  -2021.710205, 298.329071, 35.334300 | After: -1958.136718, 307.293792, 35
[2016/2/1 - 11:45:55] Vinh Thai has edited HouseID 83's Exterior. (Before:  -1988.764038, 315.516479, 35.171875 | After: -2021.700805, 298.329345, 35
[2016/2/1 - 11:46:18] Vinh Thai has edited HouseID 83's Exterior. (Before:  -2021.700805, 298.329345, 35.334300 | After: -2021.812133, 298.330566, 35
[2016/2/1 - 19:20:51] Waylen Sicaro has edited HouseID 4000000's Price to $.
[2016/2/2 - 10:39:38] IS Vila has edited HouseID 556's Exterior. (Before:  353.048004, -5611.677246, 1375.707397 | After: 1906.067016, 606.067504, 11
[2016/2/2 - 10:40:47] IS Vila has edited HouseID 556's Interior. (Before:  0.000000, 0.000000, 0.000000 | After: 225.687835, 1021.443847, 1084.017700
[2016/2/2 - 10:44:05] IS Vila has edited HouseID 556's Exterior. (Before:  1906.067016, 606.067504, 11.450395 | After: 1908.043701, 642.881225, 10.82
[2016/2/2 - 10:44:16] Nha Giau has edited HouseID 556's Exterior. (Before:  1908.043701, 642.881225, 10.820312 | After: 1876.282958, 674.266967, 10.8
[2016/2/2 - 10:45:26] Nha Giau has edited HouseID 557's Exterior. (Before:  353.048004, -5611.677246, 1375.707397 | After: 1907.536987, 642.134033, 1
[2016/2/2 - 10:45:29] Nha Giau has edited HouseID 557's Exterior. (Before:  1907.536987, 642.134033, 10.820312 | After: 1907.761352, 642.269348, 10.8
[2016/2/2 - 10:45:34] Nha Giau has edited HouseID 558's Exterior. (Before:  353.048004, -5611.677246, 1375.707397 | After: 1911.282348, 642.161865, 1
[2016/2/2 - 10:45:37] Nha Giau has edited HouseID 559's Exterior. (Before:  353.048004, -5611.677246, 1375.707397 | After: 1915.795654, 642.252685, 1
[2016/2/2 - 10:45:42] Nha Giau has edited HouseID 560's Exterior. (Before:  353.048004, -5611.677246, 1375.707397 | After: 1919.895141, 642.410949, 1
[2016/2/2 - 10:47:05] Nha Giau has edited HouseID 557's Interior. (Before:  0.000000, 0.000000, 0.000000 | After: 2324.457763, -1148.571899, 1050.710
[2016/2/2 - 10:47:15] Nha Giau has edited HouseID 557's Interior. (Before:  2324.457763, -1148.571899, 1050.710083 | After: 2324.844726, -1149.544799
[2016/2/2 - 11:08:03] Bay Stone has edited HouseID 1's Price to $.
[2016/2/2 - 11:08:15] Bay Stone has edited HouseID 5000000's Price to $.
[2016/2/2 - 11:08:17] Bay Stone has edited HouseID 50000000's Price to $.
[2016/2/2 - 11:08:19] Bay Stone has edited HouseID 705032704's Price to $.
[2016/2/2 - 11:08:22] Bay Stone has edited HouseID 500000000's Price to $.
[2016/2/2 - 11:08:24] Bay Stone has edited HouseID 50000000's Price to $.
[2016/2/2 - 13:45:07] IS Vila has edited HouseID 1's Price to $.
[2016/2/2 - 16:07:54] Anic Mickey has edited HouseID 51's Exterior. (Before:  1972.990356, -1559.825805, 13.639769 | After: -2356.916992, 579.792480,
[2016/2/2 - 16:08:14] Anic Mickey has edited HouseID 1's Price to $.
[2016/2/2 - 16:08:41] Anic Mickey has edited HouseID 100's Price to $.
[2016/2/2 - 16:10:02] Bay Stone has edited HouseID 83's Interior. (Before:  2218.390136, -1076.040161, 1050.484375 | After: 2215.632080, -1150.088745
[2016/2/2 - 16:16:46] Bee Lee has edited HouseID 0's Price to $.
[2016/2/2 - 16:17:36] Bay Stone has edited HouseID 83's Level to 5.
[2016/2/2 - 16:17:39] Bay Stone has edited HouseID 83's Level to 99.
[2016/2/2 - 16:17:40] Bay Stone has edited HouseID 83's Level to 999.
[2016/2/2 - 16:17:42] Bay Stone has edited HouseID 83's Level to 9999.
[2016/2/2 - 16:17:44] Bay Stone has edited HouseID 83's Level to 999999.
[2016/2/2 - 16:17:50] Bay Stone has edited HouseID 83's Level to 1.
[2016/2/2 - 16:17:51] Bay Stone has edited HouseID 83's Level to 5.
[2016/2/2 - 16:17:56] Bay Stone has edited HouseID 83's Level to 10.
[2016/2/2 - 16:21:07] Bay Stone has edited HouseID 0's Exterior. (Before:  1180.081542, -1254.840454, 18.890760 | After: -2058.625732, 298.300781, 35
[2016/2/2 - 16:21:39] Bay Stone has edited HouseID 0's Exterior. (Before:  -2058.625732, 298.300781, 35.330001 | After: -2126.520019, 306.126281, 35.
[2016/2/2 - 16:21:43] Bay Stone has edited HouseID 0's Exterior. (Before:  -2126.520019, 306.126281, 35.330001 | After: -2125.751953, 305.793731, 35.
[2016/2/2 - 16:23:28] Bay Stone has edited HouseID 387762328's Price to $.
[2016/2/2 - 16:23:36] Bay Stone has edited HouseID 387762328's Price to $.
[2016/2/2 - 16:23:38] David Vila has edited HouseID 1's Price to $.
[2016/2/2 - 16:23:50] Bay Stone has edited HouseID 70000000's Price to $.
[2016/2/2 - 16:24:00] Bay Stone has edited HouseID 760000000's Price to $.
[2016/2/2 - 16:24:10] Bay Stone has edited HouseID 720000000's Price to $.
[2016/2/2 - 16:34:18] David Vila has edited HouseID 20's Exterior. (Before:  1684.768188, -2098.185302, 13.834320 | After: -2303.263183, 730.830810, 
[2016/2/2 - 16:34:26] David Vila has edited HouseID 23's Exterior. (Before:  315.827331, -1769.818847, 4.632719 | After: -2303.252441, 730.937072, 49
[2016/2/2 - 16:35:00] David Vila has edited HouseID 20's Exterior. (Before:  -2303.263183, 730.830810, 49.451324 | After: -2214.231445, 720.878479, 6
[2016/2/2 - 16:44:33] Nha Giau has edited HouseID 557's Exterior. (Before:  1907.761352, 642.269348, 10.820312 | After: -1824.962280, -106.859054, 5.
[2016/2/2 - 17:07:39] Bee Lee has edited HouseID 20's Exterior. (Before:  -2214.231445, 720.878479, 69.220573 | After: -2213.728515, 721.086120, 49.4
[2016/2/3 - 8:12:19] Bay Stone has edited HouseID 83's Level to 1.
[2016/2/3 - 9:43:01] Go Cu has edited HouseID 996's Exterior. (Before:  353.048004, -5611.677246, 1375.707397 | After: -1808.419311, 945.441406, 24.
[2016/2/3 - 9:44:36] Go Cu has edited HouseID 996's Interior. (Before:  0.000000, 0.000000, 0.000000 | After: 2214.846679, -1150.392700, 1025.796875
[2016/2/3 - 11:50:03] Bay Stone has edited HouseID 1's Price to $.
[2016/2/3 - 11:52:24] Bay Stone has edited HouseID 0's Interior. (Before:  0.000000, 0.000000, 0.000000 | After: 2214.785888, -1150.308593, 1025.7968
[2016/2/3 - 11:53:32] Bay Stone has edited HouseID 0's Custom Exterior.
[2016/2/3 - 11:55:13] Bay Stone has edited HouseID 83's Custom Exterior.
[2016/2/3 - 20:02:35] Cuc Cut Co Don has edited HouseID 111's Exterior. (Before:  697.279602, -1626.938354, 3.749170 | After: -1701.421508, 1258.1500
[2016/2/3 - 20:10:03] Kyo has edited HouseID 1's Exterior. (Before:  2129.718994, -1361.689331, 26.136320 | After: -2710.656738, 967.470153, 54.46093
[2016/2/3 - 20:11:29] Kyo has edited HouseID 1's Interior. (Before:  1256.193237, -706.983764, 1088.922729 | After: 225.595352, 1021.446777, 1084.017
[2016/2/3 - 20:11:46] Kyo has edited HouseID 1's Price to $.
[2016/2/4 - 11:46:24] Thanh de xoa can nha ID 226.
[2016/2/4 - 11:46:46] Thanh de xoa can nha ID 283.
[2016/2/4 - 14:07:00] Nick has edited HouseID 2's Exterior. (Before:  2295.961425, -1882.010620, 14.234379 | After: -2591.446289, 170.489288, 4.73417
[2016/2/4 - 14:07:17] Nick has edited HouseID 1's Price to $.
[2016/2/5 - 0:20:44] Bee has edited HouseID 10's Exterior. (Before:  794.995483, -1692.095703, 14.463310 | After: -2099.714843, 897.357116, 76.71093
[2016/2/5 - 0:21:54] Bee has edited HouseID 0's Price to $.
[2016/2/5 - 0:23:14] Bee has edited HouseID 10's Custom Interior.
[2016/2/5 - 0:23:28] Bee has edited HouseID 10's Custom Interior.
[2016/2/5 - 0:28:51] Bee has edited HouseID 10's Interior. (Before:  1256.193237, -706.983764, 1088.922729 | After: 140.227691, 1365.921264, 1083.85
[2016/2/5 - 1:00:07] Bee has edited HouseID 40's Exterior. (Before:  1969.208374, -1705.144775, 15.968750 | After: -2662.046386, 876.360778, 79.7737
[2016/2/5 - 1:00:51] Bee has edited HouseID 40's Interior. (Before:  1255.706054, -706.985839, 1088.922729 | After: 2324.530029, -1149.540039, 1050.
[2016/2/5 - 1:01:06] Bee has edited HouseID 0's Price to $.
[2016/2/5 - 16:47:39] Bee has edited HouseID 42's Exterior. (Before:  1974.949340, -1671.421020, 15.968750 | After: -2447.382080, 821.570068, 35.1796
[2016/2/5 - 17:20:50] Bee has edited HouseID 0's Price to $.
[2016/2/5 - 17:22:53] Bee has edited HouseID 42's Interior. (Before:  1255.706054, -706.985839, 1088.922729 | After: 2324.357910, -1149.423095, 1050.
[2016/2/5 - 17:23:43] Bee has edited HouseID 42's Interior. (Before:  2324.357910, -1149.423095, 1050.710083 | After: 2324.229003, -1148.966796, 1050
[2016/2/5 - 17:48:07] Bee has edited HouseID 44's Exterior. (Before:  1973.400146, -1654.667846, 15.968750 | After: -2389.079589, 492.034027, 29.9237
[2016/2/5 - 21:19:19] Tieu Tang has edited HouseID 111's Exterior. (Before:  -1701.421508, 1258.150024, 7.187789 | After: -2342.258789, -1624.146728,
[2016/2/5 - 21:20:12] Tieu Tang has edited HouseID 112's Exterior. (Before:  2439.590576, -1357.126953, 24.100509 | After: -2339.426757, -1613.717773
[2016/2/5 - 21:20:27] Tieu Tang has edited HouseID 1's Price to $.
[2016/2/5 - 21:20:35] Tieu Tang has edited HouseID 113's Exterior. (Before:  2383.535400, -1366.239135, 24.491350 | After: -2335.826904, -1614.873657
[2016/2/5 - 21:20:42] Tieu Tang has edited HouseID 1's Price to $.
[2016/2/5 - 21:29:55] Tieu Tang has edited HouseID 111's Interior. (Before:  1256.029541, -707.182983, 1088.922729 | After: 494.121124, -24.960582, 1
[2016/2/5 - 21:29:57] Tieu Tang has edited HouseID 111's Interior. (Before:  494.121124, -24.960582, 1000.671875 | After: 493.436950, -24.387683, 100
[2016/2/5 - 21:30:54] Tieu Tang has edited HouseID 111's Exterior. (Before:  -2342.258789, -1624.146728, 488.223114 | After: -2338.418701, -1615.2224
[2016/2/5 - 21:30:58] Tieu Tang has edited HouseID 111's Exterior. (Before:  -2338.418701, -1615.222412, 485.027801 | After: -2338.596923, -1615.8601
[2016/2/5 - 21:31:05] Tieu Tang has edited HouseID 111's Exterior. (Before:  -2338.596923, -1615.860107, 485.027801 | After: -2338.303466, -1615.5573
[2016/2/5 - 21:33:01] Tieu Tang has edited HouseID 113's Exterior. (Before:  -2335.826904, -1614.873657, 488.223114 | After: -2340.962646, -1623.0476
[2016/2/5 - 21:34:11] Tieu Tang has edited HouseID 113's Interior. (Before:  1256.029541, -707.182983, 1088.922729 | After: 2324.296386, -1149.467895
[2016/2/6 - 7:42:08] Tieu Tang has edited HouseID 119's Exterior. (Before:  2809.530761, -1281.061401, 43.898639 | After: -768.388671, 650.500976, 6
[2016/2/6 - 8:19:23] Nick has edited HouseID 46's Exterior. (Before:  1967.485107, -1633.854248, 15.968750 | After: -198.219879, -1722.385131, 1.154
[2016/2/6 - 8:19:33] Nick has edited HouseID 1's Price to $.
[2016/2/6 - 8:21:33] Nick has edited HouseID 46's Interior. (Before:  1255.706054, -706.985839, 1088.922729 | After: 940.882690, -18.992139, 1000.92
[2016/2/6 - 8:22:01] Nick has edited HouseID 46's Level to 35.
[2016/2/6 - 8:34:55] Nick has edited HouseID 48's Exterior. (Before:  2002.516235, -1593.905639, 13.577690 | After: 473.409606, -2158.581054, -26.79
[2016/2/6 - 8:35:04] Nick has edited HouseID 1's Price to $.
[2016/2/6 - 8:35:14] Nick has edited HouseID 1's Price to $.
[2016/2/6 - 8:35:43] Nick has edited HouseID 48's Level to 35.
[2016/2/6 - 8:36:44] Nick has edited HouseID 48's Interior. (Before:  1255.706054, -706.985839, 1088.922729 | After: -2158.679687, 643.140686, 1052.
[2016/2/6 - 8:51:33] Tieu Tang has edited HouseID 112's Exterior. (Before:  -2339.426757, -1613.717773, 488.223114 | After: -2294.750244, -1643.1712
[2016/2/6 - 8:51:36] Tieu Tang has edited HouseID 112's Exterior. (Before:  -2294.750244, -1643.171264, 483.661926 | After: -2295.117431, -1643.2653
[2016/2/6 - 9:37:55] DocTor SaSaKi has edited HouseID 111's Exterior. (Before:  -2338.303466, -1615.557373, 485.027801 | After: -2309.119628, -1346.
[2016/2/6 - 13:59:38] Nick has edited HouseID 44's Exterior. (Before:  -2389.079589, 492.034027, 29.923700 | After: 973.091064, 8.462211, 1001.148437
[2016/2/6 - 13:59:57] Nick has edited HouseID 1's Price to $.
[2016/2/6 - 14:01:27] Nick has edited HouseID 44's Interior. (Before:  1255.706054, -706.985839, 1088.922729 | After: -2158.425781, 643.141113, 1052.
[2016/2/6 - 14:57:25] Bee has edited HouseID 159's Exterior. (Before:  2164.785400, -1819.696533, 16.140619 | After: 1123.145141, 1514.505859, 5.8203
[2016/2/6 - 14:57:26] Bee has edited HouseID 183's Exterior. (Before:  2151.932617, -1819.081298, 16.140619 | After: 1123.145141, 1514.505859, 5.8203
[2016/2/6 - 14:57:30] Bee has edited HouseID 188's Exterior. (Before:  2146.723876, -1808.356689, 16.140619 | After: 1123.145141, 1514.505859, 5.8203
[2016/2/6 - 14:57:35] Bee has edited HouseID 156's Exterior. (Before:  2144.996093, -1801.773315, 16.140619 | After: 1123.145141, 1514.505859, 5.8203
[2016/2/6 - 14:57:37] Bee has edited HouseID 160's Exterior. (Before:  2192.513427, -1815.209472, 13.546879 | After: 1122.943969, 1514.576171, 5.8203
[2016/2/6 - 14:57:40] Bee has edited HouseID 193's Exterior. (Before:  2176.294189, -1814.969360, 13.546879 | After: 1122.943969, 1514.576171, 5.8203
[2016/2/6 - 14:57:42] Bee has edited HouseID 194's Exterior. (Before:  2168.933105, -1815.216674, 13.546879 | After: 1122.943969, 1514.576171, 5.8203
[2016/2/6 - 14:57:45] Bee has edited HouseID 195's Exterior. (Before:  2162.623046, -1814.760986, 13.546879 | After: 1122.943969, 1514.576171, 5.8203
[2016/2/6 - 14:57:47] Bee has edited HouseID 196's Exterior. (Before:  2155.809814, -1815.114135, 13.546879 | After: 1122.943969, 1514.576171, 5.8203
[2016/2/6 - 14:57:48] Bee has edited HouseID 197's Exterior. (Before:  2151.370849, -1815.161499, 13.546879 | After: 1122.943969, 1514.576171, 5.8203
[2016/2/6 - 14:57:49] Bee has edited HouseID 198's Exterior. (Before:  2151.299804, -1807.935913, 13.546469 | After: 1122.943969, 1514.576171, 5.8203
[2016/2/6 - 15:00:38] Bee de xoa can nha ID 197.
[2016/2/6 - 15:16:02] Bee has edited HouseID 49's Exterior. (Before:  2011.460327, -1594.308837, 13.583559 | After: -2389.047851, 492.062469, 29.9231
[2016/2/6 - 15:38:23] Bee has edited HouseID 49's Interior. (Before:  1255.706054, -706.985839, 1088.922729 | After: 2324.530029, -1149.540039, 1050.
[2016/2/6 - 15:38:41] Bee has edited HouseID 1's Price to $.
[2016/2/6 - 15:53:30] Bee has edited HouseID 55's Exterior. (Before:  2165.503662, -1590.706420, 14.346119 | After: -2378.859863, 491.380004, 29.7926
[2016/2/6 - 15:55:04] Bee has edited HouseID 55's Interior. (Before:  1255.706054, -706.985839, 1088.922729 | After: 2324.228759, -1149.334106, 1050.
[2016/2/6 - 15:55:35] Bee has edited HouseID 55's Interior. (Before:  2324.228759, -1149.334106, 1050.710083 | After: 2324.333251, -1148.922851, 1050
[2016/2/6 - 15:56:43] Bee has edited HouseID 0's Price to $.
[2016/2/6 - 15:57:47] Bee has edited HouseID 55's Interior. (Before:  2324.333251, -1148.922851, 1050.710083 | After: 225.545837, 1021.646850, 1084.0
[2016/2/6 - 16:28:32] Bay Stone has edited HouseID 100000000's Price to $.
[2016/2/6 - 16:40:05] Mean Maxs has edited HouseID 283's Exterior. (Before:  0.000000, 0.000000, 0.000000 | After: -3.165283, 3.740852, 3.117187)
[2016/2/6 - 16:40:11] Mean Maxs has edited HouseID 281's Exterior. (Before:  353.048004, -5611.677246, 1375.707397 | After: -2.387921, 5.395121, 3.11
[2016/2/6 - 16:51:48] Killer Vila has edited HouseID 59's Exterior. (Before:  2163.684082, -1661.264404, 15.085940 | After: 497.501739, -1095.074462,
[2016/2/6 - 16:54:55] Bay Stone has edited HouseID 1's Price to $.
[2016/2/6 - 16:55:07] Killer Vila has edited HouseID 59's Interior. (Before:  1255.706054, -706.985839, 1088.922729 | After: 940.905639, -18.992181, 
[2016/2/6 - 19:23:38] Vinh SiuNhon has edited HouseID 1000000's Price to $.
[2016/2/6 - 19:23:40] Vinh SiuNhon has edited HouseID 10000000's Price to $.
[2016/2/6 - 19:23:43] Vinh SiuNhon has edited HouseID 100000000's Price to $.
[2016/2/6 - 19:23:54] Vinh SiuNhon has edited HouseID 50000000's Price to $.
[2016/2/6 - 21:46:17] Nick has edited HouseID 60's Exterior. (Before:  2156.227050, -1651.876831, 15.078439 | After: -2352.036865, 487.193542, 30.942
[2016/2/6 - 21:46:29] Nick has edited HouseID 1's Price to $.
[2016/2/6 - 21:47:53] Nick has edited HouseID 60's Interior. (Before:  1255.706054, -706.985839, 1088.922729 | After: 2495.979492, -1692.085327, 1014
[2016/2/7 - 6:37:18] Chaly Do has edited HouseID 61's Exterior. (Before:  2143.836181, -1662.808593, 15.085940 | After: 315.619262, -1769.751220, 4.
[2016/2/7 - 6:37:21] Chaly Do has edited HouseID 61's Exterior. (Before:  315.619262, -1769.751220, 4.628308 | After: 315.674316, -1769.430053, 4.62
[2016/2/7 - 6:37:22] Chaly Do has edited HouseID 61's Exterior. (Before:  315.674316, -1769.430053, 4.620116 | After: 315.828277, -1769.430053, 4.62
[2016/2/7 - 6:41:32] Chaly Do has edited HouseID 61's Interior. (Before:  1255.706054, -706.985839, 1088.922729 | After: 140.260513, 1365.921630, 10
[2016/2/7 - 6:42:14] Chaly Do has edited HouseID 1's Price to $.
[2016/2/7 - 8:46:07] Nick has edited HouseID 62's Exterior. (Before:  2601.047851, -1216.398925, 55.269889 | After: -194.479919, -1703.532104, 1.154
[2016/2/7 - 8:46:17] Nick has edited HouseID 1's Price to $.
[2016/2/7 - 8:48:05] Nick has edited HouseID 62's Interior. (Before:  1255.706054, -706.985839, 1088.922729 | After: -2634.274414, 1409.657836, 906.
[2016/2/7 - 8:49:38] Nick has edited HouseID 63's Exterior. (Before:  2594.498779, -1216.230834, 55.114360 | After: -218.648223, -1737.452880, 1.154
[2016/2/7 - 8:49:45] Nick has edited HouseID 1's Price to $.
[2016/2/7 - 8:50:51] Nick has edited HouseID 63's Interior. (Before:  1255.706054, -706.985839, 1088.922729 | After: 1700.527832, -1667.794311, 20.2
[2016/2/7 - 9:19:02] Dai Gia has edited HouseID 126's Exterior. (Before:  2781.939208, -1333.415405, 32.398460 | After: -2372.535400, 644.297668, 35
[2016/2/7 - 9:35:28] Dai Gia has edited HouseID 110's Exterior. (Before:  265.788055, -1288.010253, 74.632507 | After: -2370.180175, 847.041809, 43.
[2016/2/7 - 9:42:30] Dai Gia has edited HouseID 120's Exterior. (Before:  2775.993896, -1245.373901, 49.579429 | After: -2539.448486, 874.573547, 58
[2016/2/7 - 9:42:35] Dai Gia has edited HouseID 120's Exterior. (Before:  -2539.448486, 874.573547, 58.921875 | After: -2540.004150, 874.642150, 58.
[2016/2/7 - 9:43:24] Dai Gia has edited HouseID 1's Price to $.
[2016/2/7 - 10:02:50] Phi Pirates has edited HouseID 100000's Price to $.
[2016/2/7 - 10:02:53] Phi Pirates has edited HouseID 1000000's Price to $.
[2016/2/7 - 18:07:42] Bee Chee has edited HouseID 112's Interior. (Before:  1256.029541, -707.182983, 1088.922729 | After: 2324.530029, -1149.540039,
[2016/2/7 - 18:19:37] Phap ShiuNhon has edited HouseID 64's Exterior. (Before:  2594.497802, -1211.815917, 56.514430 | After: -1639.453125, 2600.4216
[2016/2/7 - 18:27:38] Vinh SiuNhon has edited HouseID 10000000's Price to $.
[2016/2/7 - 18:27:41] Vinh SiuNhon has edited HouseID 100000000's Price to $.
[2016/2/7 - 18:27:42] Vinh SiuNhon has edited HouseID 1000000000's Price to $.
[2016/2/7 - 18:31:11] Park Soeng Hip has edited HouseID 64's Exterior. (Before:  -1639.453125, 2600.421630, 81.704376 | After: -2515.384033, -175.834
[2016/2/7 - 18:31:32] Park Soeng Hip has edited HouseID 64's Interior. (Before:  1255.706054, -706.985839, 1088.922729 | After: 140.389038, 1366.5185
[2016/2/7 - 18:32:19] Park Soeng Hip has edited HouseID 64's Level to 3.
[2016/2/7 - 18:32:27] Park Soeng Hip has edited HouseID 3's Class to 1635244.
[2016/2/7 - 18:32:32] Park Soeng Hip has edited HouseID 64's Class to 3.
[2016/2/7 - 18:32:39] Park Soeng Hip has edited HouseID 1's Price to $.
[2016/2/7 - 18:32:40] Phap ShiuNhon has edited HouseID 64's Exterior. (Before:  -2515.384033, -175.834213, 25.048934 | After: -1639.391967, 2600.6601
[2016/2/7 - 18:32:56] Phap ShiuNhon has edited HouseID 64's Interior. (Before:  140.389038, 1366.518554, 1083.859375 | After: 225.793075, 1021.541748
[2016/2/7 - 18:41:27] Chaly Do has edited HouseID 25's Exterior. (Before:  2534.490234, -1063.567504, 69.565307 | After: -2338.493652, 579.388244, 27
[2016/2/7 - 18:41:57] Chaly Do has edited HouseID 1029's Exterior. (Before:  353.048004, -5611.677246, 1375.707397 | After: -2338.368164, 579.813842,
[2016/2/7 - 18:42:07] Chaly Do has edited HouseID 0's Exterior. (Before:  -2125.751953, 305.793731, 35.330001 | After: -2339.147705, 579.724121, 27.7
[2016/2/7 - 20:57:47] Park Soeng Hip has edited HouseID 0's Exterior. (Before:  -2339.147705, 579.724121, 27.731397 | After: -2125.754394, 306.082458
[2016/2/7 - 20:58:13] Park Soeng Hip has edited HouseID 25's Exterior. (Before:  -2338.493652, 579.388244, 27.815917 | After: -2344.046142, 580.03479
[2016/2/7 - 20:58:30] Park Soeng Hip has edited HouseID 25's Exterior. (Before:  -2344.046142, 580.034790, 27.071569 | After: -2320.197509, 578.92633
[2016/2/7 - 21:07:45] Park Soeng Hip has edited HouseID 1029's Interior. (Before:  0.000000, 0.000000, 0.000000 | After: 140.531631, 1366.333984, 108
[2016/2/7 - 21:09:34] Park Soeng Hip has edited HouseID 1's Exterior. (Before:  -2710.656738, 967.470153, 54.460941 | After: -2346.988525, 496.167938
[2016/2/7 - 21:09:51] Park Soeng Hip has edited HouseID 1's Exterior. (Before:  -2346.988525, 496.167938, 30.624750 | After: 1705.962646, 1434.482910
[2016/2/7 - 21:10:44] Park Soeng Hip has edited HouseID 3's Exterior. (Before:  2132.150146, -1280.165649, 25.890619 | After: -2347.043701, 496.13912
[2016/2/7 - 21:10:51] Park Soeng Hip da chinh sua Thung Rac nha 3's.
[2016/2/7 - 21:11:05] Park Soeng Hip da chinh sua Thung Rac nha 60's.
[2016/2/7 - 21:11:09] Park Soeng Hip da chinh sua Thung Rac nha 60's.
[2016/2/7 - 21:11:18] Park Soeng Hip has edited HouseID 4's Exterior. (Before:  1496.882324, -688.090881, 95.563308 | After: -2351.091796, 492.673248
[2016/2/7 - 21:11:24] Park Soeng Hip da chinh sua Thung Rac nha 4's.
[2016/2/7 - 21:11:58] Park Soeng Hip has edited HouseID 1's Price to $.
[2016/2/7 - 21:12:51] Park Soeng Hip has edited HouseID 10's Price to $.
[2016/2/7 - 21:13:19] Park Soeng Hip da chinh sua Thung Rac nha 55's.
[2016/2/7 - 21:14:12] Park Soeng Hip has edited HouseID 3's Level to 3.
[2016/2/7 - 21:14:46] Park Soeng Hip has edited HouseID 4's Level to 3.
[2016/2/7 - 21:15:10] Park Soeng Hip has edited HouseID 55's Level to 3.
[2016/2/7 - 22:28:47] Sarong Combat da chinh sua Thung Rac nha 1459's.
[2016/2/7 - 22:29:05] Sarong Combat da chinh sua Thung Rac nha 1459's.
[2016/2/7 - 22:57:08] Huy has edited HouseID 65's Exterior. (Before:  2601.045410, -1211.862548, 56.658599 | After: -2372.536621, 632.353881, 34.2604
[2016/2/7 - 22:57:41] Huy has edited HouseID 65's Level to 3.
[2016/2/7 - 22:57:52] Huy has edited HouseID 500000's Price to $.
[2016/2/7 - 22:59:52] Sarong Combat has edited HouseID 999's Exterior. (Before:  -2058.529296, 297.885833, 35.330001 | After: -2034.897705, 148.58326
[2016/2/7 - 23:00:15] Huy has edited HouseID 65's Interior. (Before:  1255.706054, -706.985839, 1088.922729 | After: 225.511489, 1021.445739, 1084.01
[2016/2/7 - 23:00:23] Sarong Combat has edited HouseID 999's Level to 500.
[2016/2/7 - 23:01:13] Huy has edited HouseID 68's Exterior. (Before:  2508.077392, -2020.925292, 14.210100 | After: -2373.007324, 614.091064, 30.9765
[2016/2/7 - 23:04:23] Sarong Combat has edited HouseID 999's Interior. (Before:  2228.428222, -1151.165527, 1025.796875 | After: 2495.985351, -1692.0
[2016/2/7 - 23:04:57] Sarong Combat has edited HouseID 999's Interior. (Before:  2495.985351, -1692.087646, 1014.742187 | After: 2496.113037, -1692.0
[2016/2/8 - 11:35:20] Chaly Do has edited HouseID 1305's Exterior. (Before:  353.048004, -5611.677246, 1375.707397 | After: -2514.848388, -170.994781
[2016/2/8 - 11:36:23] Chaly Do has edited HouseID 1305's Interior. (Before:  0.000000, 0.000000, 0.000000 | After: 140.218688, 1365.921386, 1083.8593
[2016/2/8 - 11:44:43] Pin has edited HouseID 1313's Exterior. (Before:  353.048004, -5611.677246, 1375.707397 | After: 1967.409301, -1633.907348, 15.
[2016/2/8 - 11:46:04] Pin has edited HouseID 1313's Interior. (Before:  0.000000, 0.000000, 0.000000 | After: 140.169998, 1366.069946, 1083.859375)
[2016/2/8 - 11:48:35] Chaly Do has edited HouseID 1313's Exterior. (Before:  1967.409301, -1633.907348, 15.968750 | After: -2659.386718, 876.330688, 
[2016/2/8 - 11:48:55] Chaly Do has edited HouseID 1313's Exterior. (Before:  -2659.386718, 876.330688, 79.773796 | After: 1967.381103, -1633.707641, 
[2016/2/8 - 11:49:20] Chaly Do has edited HouseID 2323's Exterior. (Before:  353.048004, -5611.677246, 1375.707397 | After: -2659.152099, 876.333129,
[2016/2/8 - 11:50:18] Chaly Do has edited HouseID 2323's Interior. (Before:  2259.591552, -1135.971313, 1050.632812 | After: 225.679992, 1021.450012,
[2016/2/8 - 11:52:25] Chaly Do has edited HouseID 1305's Exterior. (Before:  -2514.848388, -170.994781, 25.108816 | After: -2571.368896, 318.715850, 
[2016/2/8 - 19:48:05] Hoang Tu de xoa can nha ID 999.
[2016/2/11 - 16:20:11] Venus Angel has edited HouseID 30's Exterior. (Before:  1928.559082, -1916.084350, 15.256799 | After: -2233.826660, 888.820983,
[2016/2/11 - 16:20:49] Venus Angel has edited HouseID 30's Exterior. (Before:  -2233.826660, 888.820983, 66.652481 | After: 2146.794189, -1470.454956,
[2016/2/11 - 16:22:14] Venus Angel has edited HouseID 1000's Exterior. (Before:  353.048004, -5611.677246, 1375.707397 | After: -2233.881591, 888.7792
[2016/2/11 - 16:25:16] Venus Angel has edited HouseID 1000's Interior. (Before:  0.000000, 0.000000, 0.000000 | After: 140.225372, 1365.921508, 1083.8
[2016/2/11 - 18:15:49] Venus Angel has edited HouseID 500's Exterior. (Before:  353.048004, -5611.677246, 1375.707397 | After: -2640.298828, 730.58093
[2016/2/11 - 18:19:05] Venus Angel has edited HouseID 500's Interior. (Before:  0.000000, 0.000000, 0.000000 | After: 140.255401, 1365.921264, 1083.85
[2016/2/11 - 18:19:34] Venus Angel has edited HouseID 500's Level to 5.
