[2016/2/2 - 22:07:03] Bay Stone has IP Checked Brian a Sun
[2016/2/2 - 22:07:05] Bay Stone has IP Checked Avengers Filler
[2016/2/5 - 16:39:18] Huy has IP Checked Sieu Nhan Do
[2016/2/5 - 18:49:04] Huy has IP Checked Sieu Nhan Gao
[2016/2/6 - 0:11:41] Chaly Do has IP Checked Gia Gia
[2016/2/6 - 13:25:06] Nick has IP Checked Phat Hardy
[2016/2/6 - 13:25:12] Andreas has IP Checked Andreas
[2016/2/6 - 13:48:19] Dong has IP Checked Boy Hardy
[2016/2/6 - 17:47:07] Dong has IP Checked Inter Huy
[2016/2/6 - 18:32:57] Chaly Do has IP Checked Thinh Boos
[2016/2/6 - 19:55:27] Nick has IP Checked so Cc gi
[2016/2/7 - 2:26:50] Dong has IP Checked Kun Star
[2016/2/7 - 10:37:29] Dong has IP Checked tran  ga  me
[2016/2/7 - 13:44:53] Dong has IP Checked Mister Bin
[2016/2/7 - 13:44:54] Chaly Do has IP Checked Mister Bin
[2016/2/7 - 15:44:43] Nick has IP Checked Mr Jack
[2016/2/7 - 15:44:55] Dong has IP Checked Mr Jack
[2016/2/7 - 15:56:22] Nick has IP Checked Ghost Hunter
[2016/2/7 - 23:48:59] Huy has IP Checked Kent Harry
[2016/2/8 - 12:49:17] Nick has IP Checked Mister Huy
