[2016/1/31 - 9:14:12] AdmCmd: Ya TGR da bi dua vao tu boi Jack KullN, Ly do: KOS
[2016/1/31 - 9:32:30] AdmCmd: Leo Trong da bi dua vao tu boi Jack KullN, Ly do: KOs
[2016/1/31 - 9:36:11] AdmCmd: Trequan Mills da bi dua vao tu boi Jack KullN, Ly do: KOS
[2016/2/1 - 20:22:08] AdmCmd: Carlos SlimHelu da bi dua vao tu boi TamHoang Long, Ly do: kos tui
[2016/2/2 - 8:57:21] AdmCmd: Be Teo da bi dua vao tu boi TamHoang Long, Ly do: kos id 6
[2016/2/2 - 10:45:14] AdmCmd: Panny Smith da bi dua vao tu boi Nguyen Huy, Ly do: kos
[2016/2/2 - 10:45:38] AdmCmd: Harry Jinr da bi dua vao tu boi Nguyen Huy, Ly do: lam FDSA di kos
[2016/2/2 - 11:13:53] AdmCmd: Winx Hoang da bi dua vao tu boi David Xuyen, Ly do: KOS Advisors
[2016/2/2 - 17:53:33] AdmCmd: Boos Day da bi dua vao tu boi Akai Smith, Ly do: 20 Aimbot
[2016/2/2 - 19:54:23] AdmCmd: Sip Do (IP:14.168.153.248) da bi kick boi Exciter Jakie, ly do: AE
[2016/2/2 - 20:08:29] AdmCmd: Exciter Jakie (IP:115.77.109.224) da bi kick boi Exciter Jakie, ly do: me bo tu hoai
[2016/2/2 - 20:47:09] AdmCmd: Blood Kudo da bi dua vao tu boi Akai Smith, Ly do: KOS
[2016/2/2 - 21:24:06] AdmCmd: Avengers Nghia da bi dua vao tu boi Nguyen Huy, Ly do: kos C.A
[2016/2/3 - 10:19:07] AdmCmd: Nathan Erwin da bi dua vao tu boi Nguyen Bon, Ly do: cai det kos quai da tha con kos tiep
[2016/2/3 - 10:44:57] AdmCmd: Boss Togan da bi dua vao tu boi Exciter Jakie, Ly do: kos
[2016/2/3 - 10:56:25] AdmCmd: Avengers Nghia da bi dua vao tu boi Nguyen Huy, Ly do: kso
[2016/2/3 - 10:57:01] AdmCmd: Judy Won da bi dua vao tu boi Nguyen Huy, Ly do: kos
[2016/2/3 - 11:04:56] AdmCmd: David Xuyen da bi dua vao tu boi Nguyen Huy, Ly do: F<Lerpod9ruwey987t5re4it6hj5er0tkje5p9utw4eyt=g\e
[2016/2/3 - 11:19:13] AdmCmd: Aconlont Spatex da bi dua vao tu boi David Money, Ly do: RT  ( Faction )
[2016/2/3 - 16:28:14] AdmCmd: Uzimaki Naruto da bi dua vao tu boi Akai Smith, Ly do: Xoa Sao
[2016/2/3 - 18:18:39] AdmCmd: Nam Hardy da bi dua vao tu boi Harry Jinr, Ly do: KOS
[2016/2/3 - 19:33:15] AdmCmd: Villineo Otori da bi dua vao tu boi Harry Jinr, Ly do: KOS
[2016/2/3 - 20:35:23] AdmCmd: Young Buffalo da bi dua vao tu boi Jons Giang, Ly do: PG
[2016/2/3 - 21:11:57] AdmCmd: Ly Mac Sau da bi dua vao tu boi Tran Thuy Hoang, Ly do: kos
[2016/2/4 - 8:38:06] AdmCmd: Mafia Red da bi dua vao tu boi Jons Giang, Ly do: KOS
[2016/2/4 - 8:58:04] AdmCmd: Exciter Do da bi dua vao tu boi Bro Gold, Ly do: KOS ( Sniper )
[2016/2/4 - 9:10:11] AdmCmd: Natt Hardy da bi dua vao tu boi Jons Giang, Ly do: KOS ko RP
[2016/2/4 - 9:14:23] AdmCmd: Boss Trong da bi dua vao tu boi Nguyen Bon, Ly do: kos
[2016/2/4 - 10:29:59] AdmCmd: Was Tan da bi dua vao tu boi David Xuyen, Ly do: kos aDVISOR
[2016/2/4 - 10:52:10] AdmCmd: xBoss Duy da bi dua vao tu boi Dream Do, Ly do: DM
[2016/2/4 - 11:26:19] AdmCmd: Bay Stone da bi dua vao tu boi Harry Jinr, Ly do: KOS
[2016/2/4 - 11:44:29] AdmCmd: Quan Teld da bi dua vao tu boi Tran Thuy Hoang, Ly do: kos
[2016/2/4 - 11:55:34] AdmCmd: XiPo Do da bi dua vao tu boi Akai Smith, Ly do: Lua Dao Advisors ( SFPD ) Bat Roi Noi Khong Co
[2016/2/4 - 13:16:30] AdmCmd: Mia khung da bi dua vao tu boi Black Bloch.Akai, Ly do: KOS
[2016/2/4 - 13:26:17] AdmCmd: Dest Troys da bi dua vao tu boi Tran Thuy Hoang, Ly do: kos
[2016/2/4 - 13:28:45] AdmCmd: Nhan DepTrai da bi dua vao tu boi Tran Thuy Hoang, Ly do: kos
[2016/2/4 - 13:34:32] AdmCmd: Vu Vit da bi dua vao tu boi Tran Thuy Hoang, Ly do: kos
[2016/2/4 - 13:35:31] AdmCmd: Brin Simple da bi dua vao tu boi Tran Thuy Hoang, Ly do: kos
[2016/2/4 - 14:03:54] AdmCmd: Jack khanh da bi dua vao tu boi Dream Do, Ly do: KOS DM
[2016/2/4 - 14:04:21] AdmCmd: Jack vu da bi dua vao tu boi Dream Do, Ly do: KOS DM
[2016/2/4 - 14:31:53] AdmCmd: Be Thao da bi dua vao tu boi Jons Giang, Ly do: CR
[2016/2/4 - 15:02:39] AdmCmd: Thang lizz da bi dua vao tu boi Dream Do, Ly do: KOS 
[2016/2/4 - 15:09:51] AdmCmd: Br Kanaete da bi dua vao tu boi Nguyen Quynh, Ly do: Hack
[2016/2/4 - 16:05:53] AdmCmd: Anonymous An da bi dua vao tu boi Tuan Nguyen, Ly do: KOS / Group
[2016/2/4 - 16:05:57] AdmCmd: Hardy Shin da bi dua vao tu boi Tuan Nguyen, Ly do: KOS / Group
[2016/2/4 - 16:41:48] AdmCmd: Peter ViruS da bi dua vao tu boi Nguyen Bon, Ly do: 3
[2016/2/4 - 16:42:04] AdmCmd: SG Hades da bi dua vao tu boi Nguyen Bon, Ly do: 9
[2016/2/4 - 16:42:06] AdmCmd: Binz Apollo da bi dua vao tu boi Nguyen Bon, Ly do: 9
[2016/2/4 - 16:42:08] AdmCmd: Dark Eagle da bi dua vao tu boi Nguyen Bon, Ly do: 9
[2016/2/4 - 16:42:09] AdmCmd: New Thang da bi dua vao tu boi Nguyen Bon, Ly do: 9
[2016/2/4 - 16:42:10] AdmCmd: Hidan Tony da bi dua vao tu boi Nguyen Bon, Ly do: 9
[2016/2/4 - 16:42:12] AdmCmd: Aconlont Spatex da bi dua vao tu boi Nguyen Bon, Ly do: 9
[2016/2/4 - 16:42:13] AdmCmd: Luvias Do da bi dua vao tu boi Nguyen Bon, Ly do: 9
[2016/2/4 - 16:42:14] AdmCmd: Robbie Williams da bi dua vao tu boi Nguyen Bon, Ly do: 9
[2016/2/4 - 16:42:18] AdmCmd: King T da bi dua vao tu boi Nguyen Bon, Ly do: 9
[2016/2/4 - 16:46:14] AdmCmd: Bay Stone da bi dua vao tu boi Nguyen Quynh, Ly do: Hack con sua~ bien
[2016/2/4 - 16:48:24] AdmCmd: Airy Atlantic da bi dua vao tu boi David Tom, Ly do: KOS
[2016/2/4 - 16:48:30] AdmCmd: Uchiha Itachi da bi dua vao tu boi David Tom, Ly do: KOS
[2016/2/4 - 16:53:53] AdmCmd: New Thang da bi dua vao tu boi Tran Thuy Hoang, Ly do: 20 kos+DM+SK
[2016/2/4 - 16:54:59] AdmCmd: Vo Thanh Hoaa da bi dua vao tu boi Tran Thuy Hoang, Ly do: kos+sk
[2016/2/4 - 16:59:30] AdmCmd: Kanaete doraemo da bi dua vao tu boi Tran Thuy Hoang, Ly do: kos+dm+sk
[2016/2/4 - 17:00:03] AdmCmd: Pauj Walker da bi dua vao tu boi Jons Giang, Ly do: troll Car
[2016/2/4 - 17:13:26] AdmCmd: Riot Cuong Mafia da bi dua vao tu boi Tran Thuy Hoang, Ly do: norp weapons invip
[2016/2/4 - 17:16:20] AdmCmd: xBoss Duy da bi dua vao tu boi Tran Thuy Hoang, Ly do: norp weapons invip
[2016/2/4 - 17:29:41] AdmCmd: xBoss Duy da bi dua vao tu boi Tuan Nguyen, Ly do: KOS
[2016/2/4 - 18:04:36] AdmCmd: Exciter Ty da bi dua vao tu boi TamHoang Long, Ly do: kos
[2016/2/4 - 18:25:24] AdmCmd: xBoss Toganx da bi dua vao tu boi Nguyen Huy, Ly do: kios
[2016/2/4 - 18:27:23] AdmCmd: Dang Capp da bi dua vao tu boi Nguyen Huy, Ly do: kos
[2016/2/4 - 18:27:53] AdmCmd: Ivan Hardwell da bi dua vao tu boi Nguyen Huy, Ly do: kos
[2016/2/4 - 18:27:55] AdmCmd: Tyn Changes da bi dua vao tu boi Nguyen Huy, Ly do: kos
[2016/2/4 - 18:27:56] AdmCmd: Curtis Morrow da bi dua vao tu boi Nguyen Huy, Ly do: kos
[2016/2/4 - 18:27:58] AdmCmd: Ship HOng da bi dua vao tu boi Nguyen Huy, Ly do: kos
[2016/2/4 - 18:27:59] AdmCmd: Be Vy da bi dua vao tu boi Nguyen Huy, Ly do: kos
[2016/2/4 - 18:28:01] AdmCmd: Robbie Williams da bi dua vao tu boi Nguyen Huy, Ly do: kos
[2016/2/4 - 18:36:17] AdmCmd: xBoss Toganx da bi dua vao tu boi Chaly Do, Ly do: KOS - [ Tran Thuy Hoang ]
[2016/2/4 - 18:36:29] AdmCmd: An Beo da bi dua vao tu boi Chaly Do, Ly do: KOS - [ Tran Thuy Hoang ]
[2016/2/4 - 18:42:39] AdmCmd: the sasuke da bi dua vao tu boi TamHoang Long, Ly do: kos 3 lan
[2016/2/4 - 19:39:18] AdmCmd: Aconlont Spatex da bi dua vao tu boi Dream Do, Ly do: cops kos nguoi
[2016/2/4 - 20:02:49] AdmCmd: Hoanganh Long da bi dua vao tu boi Xuan Quynh, Ly do: CR
[2016/2/4 - 20:10:07] AdmCmd: SuPPer BaBy da bi dua vao tu boi Nathan Erwin, Ly do: kos
[2016/2/4 - 20:23:33] AdmCmd: David Tom da bi dua vao tu boi Black Bloch.akai, Ly do: kos + DM / Trn Thuy Hoan
[2016/2/4 - 20:23:48] AdmCmd: OngTrum Mafia da bi dua vao tu boi Black Bloch.akai, Ly do: KOS Benh Vien
[2016/2/4 - 20:25:03] AdmCmd: Mai Long da bi dua vao tu boi Nathan Erwin, Ly do: Kos + DM/ Tran Thuy Hoang 
[2016/2/4 - 20:49:55] AdmCmd: Nathan Drake da bi dua vao tu boi Black Bloch.Akai, Ly do: KOS ne em
[2016/2/4 - 21:32:53] AdmCmd: Legend Mario da bi dua vao tu boi Black Bloch.Akai, Ly do: KOS
[2016/2/4 - 21:47:37] AdmCmd: Chic Pro da bi dua vao tu boi Dream Do, Ly do: kos
[2016/2/4 - 22:43:30] AdmCmd: Traf hoanganh da bi dua vao tu boi Tran Thuy Hoang, Ly do: norp weapons invip
[2016/2/5 - 7:54:01] AdmCmd: Ray PeoBo da bi dua vao tu boi Avengers Nghia, Ly do: KOS bo chay
[2016/2/5 - 8:18:48] AdmCmd: Bay Stone da bi dua vao tu boi Harry Jinr, Ly do: KOS
[2016/2/5 - 8:20:27] AdmCmd: Ray Peoeoeo da bi dua vao tu boi Harry Jinr, Ly do: KOS
[2016/2/5 - 8:22:06] AdmCmd: kk way da bi dua vao tu boi Nick Canabis, Ly do: kos
[2016/2/5 - 8:33:02] AdmCmd: Tran Hoang Long da bi dua vao tu boi Avengers Nghia, Ly do: Kill team
[2016/2/5 - 8:34:08] AdmCmd: Luvias Do da bi dua vao tu boi Avengers Nghia, Ly do: Kill team
[2016/2/5 - 8:34:12] AdmCmd: Hai Face da bi dua vao tu boi Avengers Nghia, Ly do: Kill team
[2016/2/5 - 8:48:54] AdmCmd: Jack vu da bi dua vao tu boi Nick Canabis, Ly do: kos
[2016/2/5 - 9:04:10] AdmCmd: Sirius Do da bi dua vao tu boi Nguyen Huy, Ly do: 9
[2016/2/5 - 9:04:13] AdmCmd: Phuong Thao da bi dua vao tu boi Nguyen Huy, Ly do: 9
[2016/2/5 - 9:04:14] AdmCmd: Smith Robeo da bi dua vao tu boi Nguyen Huy, Ly do: 9
[2016/2/5 - 9:04:17] AdmCmd: Bay Stone da bi dua vao tu boi Nguyen Huy, Ly do: 9
[2016/2/5 - 9:04:20] AdmCmd: Jack Grap da bi dua vao tu boi Nguyen Huy, Ly do: 9
[2016/2/5 - 14:06:05] AdmCmd: Justice Cabrales da bi dua vao tu boi Ethan Jockey, Ly do: Faction di KOS 
[2016/2/5 - 14:35:55] AdmCmd: akira tung da bi dua vao tu boi Nathan Erwin, Ly do: Kos+DM/Tran Thuy Hoang {avisors}
[2016/2/5 - 15:07:49] AdmCmd: MaJor Ghost da bi dua vao tu boi Tran Thuy Hoang, Ly do: BK
[2016/2/5 - 15:14:28] AdmCmd: TamHoang Ballas da bi dua vao tu boi Tran Thuy Hoang, Ly do: BK
[2016/2/5 - 15:15:41] AdmCmd: Quu Qyy da bi dua vao tu boi Harry Jinr, Ly do: KOS
[2016/2/5 - 15:19:01] AdmCmd: Thien Sine da bi dua vao tu boi Ethan Jockey, Ly do: DB/KOS
[2016/2/5 - 15:22:15] AdmCmd: No Games da bi dua vao tu boi Nathan Erwin, Ly do: Kos
[2016/2/5 - 15:22:38] AdmCmd: Pro Sine da bi dua vao tu boi Nick Canabis, Ly do: kos ne
[2016/2/5 - 15:47:39] AdmCmd: akira tung da bi dua vao tu boi Ethan Jockey, Ly do: DM
[2016/2/5 - 15:58:53] AdmCmd: MaJor Ghost da bi dua vao tu boi Tran Thuy Hoang, Ly do: norp weapons invip
[2016/2/5 - 16:05:03] AdmCmd: Bin nhox da bi dua vao tu boi Ethan Jockey, Ly do: KOS
[2016/2/5 - 16:14:53] AdmCmd: xBoss Toganx da bi dua vao tu boi Nick Canabis, Ly do: kos
[2016/2/5 - 16:16:15] AdmCmd: Tet Den roi admin oi da bi dua vao tu boi Ethan Jockey, Ly do: Kos In biz
[2016/2/5 - 16:22:20] AdmCmd: xDragon Kaito da bi dua vao tu boi Ethan Jockey, Ly do: KOS
[2016/2/5 - 16:22:51] AdmCmd: Dung Sinh da bi dua vao tu boi Ethan Jockey, Ly do: KOS
[2016/2/5 - 16:27:10] AdmCmd: Max Slayer da bi dua vao tu boi Tran Thuy Hoang, Ly do: lam dung RT 
[2016/2/5 - 16:28:38] AdmCmd: Thinh pro da bi dua vao tu boi Black Bloch.Akai, Ly do: KOS
[2016/2/5 - 16:28:42] AdmCmd: Mia khung da bi dua vao tu boi Black Bloch.Akai, Ly do: KOS
[2016/2/5 - 16:37:59] AdmCmd: Rick Boom da bi dua vao tu boi Ethan Jockey, Ly do: KOS
[2016/2/5 - 17:21:37] AdmCmd: Tao La Thag da bi dua vao tu boi TamHoang Long, Ly do: kos canh cao lan 1
[2016/2/5 - 17:31:46] AdmCmd: Anonymous Tai da bi dua vao tu boi TamHoang Long, Ly do: kos
[2016/2/5 - 17:31:54] AdmCmd: Mario silver da bi dua vao tu boi Black Bloch.Akai, Ly do: KOS
[2016/2/5 - 17:43:07] AdmCmd: King Thien da bi dua vao tu boi TamHoang Long, Ly do: cleo
[2016/2/5 - 18:08:41] AdmCmd: Beo lizzzzz da bi dua vao tu boi Ethan Jockey, Ly do: DM
[2016/2/5 - 18:26:20] AdmCmd: Anonymous Tea da bi dua vao tu boi Tran Thuy Hoang, Ly do: kos+dm
[2016/2/5 - 18:30:57] AdmCmd: William Steven da bi dua vao tu boi Ethan Jockey, Ly do: Nonrp FLY
[2016/2/5 - 19:33:54] AdmCmd: Be Ngoc da bi dua vao tu boi Ethan Jockey, Ly do: KOS 
[2016/2/5 - 20:22:14] AdmCmd: Tyga Johnson da bi dua vao tu boi Ivan Hardwell, Ly do: nô súng o bênh viên
[2016/2/5 - 20:25:09] AdmCmd: Dongnhi Heo da bi dua vao tu boi Ethan Jockey, Ly do: KOS
[2016/2/5 - 20:35:24] AdmCmd: Oggy San da bi dua vao tu boi Jimmy Nguyen., Ly do: KOS + Cbug
[2016/2/5 - 20:35:32] AdmCmd: Chien Vo da bi dua vao tu boi Jimmy Nguyen., Ly do: KOS
[2016/2/5 - 20:49:02] AdmCmd: Bin bice da bi dua vao tu boi Jimmy Nguyen., Ly do: NJ
[2016/2/5 - 20:52:14] AdmCmd: xBoss Duy da bi dua vao tu boi Jimmy Nguyen., Ly do: KOS in benh vien
[2016/2/5 - 20:55:56] AdmCmd: Vuong Hardy da bi dua vao tu boi Ethan Jockey, Ly do: War Cops 
[2016/2/5 - 20:57:17] AdmCmd: Winx Hoang da bi dua vao tu boi Jimmy Nguyen., Ly do: KOS advisor
[2016/2/5 - 21:35:23] AdmCmd: LiOn CharLes da bi dua vao tu boi Venus Angel, Ly do: DM + KOS
[2016/2/5 - 21:35:45] AdmCmd: Phuc LiOn da bi dua vao tu boi Venus Angel, Ly do: FDSA ban nguoi khong ly do
[2016/2/5 - 21:44:02] AdmCmd: Cu Teo da bi dua vao tu boi Jimmy Nguyen., Ly do: Troll car ADM bannde gium
[2016/2/6 - 10:29:28] AdmCmd: Anonymous Tai. da bi dua vao tu boi Nathan Erwin, Ly do: kos
[2016/2/6 - 11:06:18] AdmCmd: Thai Vu da bi dua vao tu boi NatHan eRwIn, Ly do: DM
[2016/2/6 - 11:11:46] AdmCmd: Bin Occho da bi dua vao tu boi Harry Jinr, Ly do: GOD+RAPID
[2016/2/6 - 11:32:00] AdmCmd: thinh bas da bi dua vao tu boi NatHan eRwIn, Ly do: kos 
[2016/2/6 - 11:34:39] AdmCmd: Kio Sotuna da bi dua vao tu boi NatHan eRwIn, Ly do: KOS
[2016/2/6 - 12:40:30] AdmCmd: khoa nguyen da bi dua vao tu boi Black Bloch.Akai, Ly do: kos
[2016/2/6 - 12:47:13] AdmCmd: thang oc da bi dua vao tu boi Ethan Jockey, Ly do: Hacking
[2016/2/6 - 13:17:39] AdmCmd: OngTrum Mafia da bi dua vao tu boi Ethan Jockey, Ly do: KOS
[2016/2/6 - 13:19:00] AdmCmd: thang loa da bi dua vao tu boi Black Bloch.Akai, Ly do: KOSs in benh vien
[2016/2/6 - 13:32:26] AdmCmd: Amon Tu da bi dua vao tu boi Ivan Hardwell, Ly do: KOS bênh viên
[2016/2/6 - 13:35:42] AdmCmd: Truong minh da bi dua vao tu boi Ivan Hardwell, Ly do: nô súng o bênh viên
[2016/2/6 - 13:49:09] AdmCmd: lien thu da bi dua vao tu boi Ivan Hardwell, Ly do: DB
[2016/2/6 - 13:55:44] AdmCmd: Kun Star da bi dua vao tu boi Ethan Jockey, Ly do: CB
[2016/2/6 - 13:56:57] AdmCmd: Hoanganh L da bi dua vao tu boi Ethan Jockey, Ly do: Co tinh NJ
[2016/2/6 - 14:01:29] AdmCmd: Hoanganh Lo da bi dua vao tu boi Ethan Jockey, Ly do: PG
[2016/2/6 - 14:47:46] AdmCmd: thinh pasds da bi dua vao tu boi Ethan Jockey, Ly do: KOS in vip ( Skin SJ  )
[2016/2/6 - 14:53:07] AdmCmd: Chi Sine da bi dua vao tu boi Ethan Jockey, Ly do: KOS
[2016/2/6 - 14:53:13] AdmCmd: Cai Bang da bi dua vao tu boi Ethan Jockey, Ly do: KOS
[2016/2/6 - 14:57:15] AdmCmd: King Sine da bi dua vao tu boi Ethan Jockey, Ly do: KOS
[2016/2/6 - 14:58:05] AdmCmd: Tien Bantrung da bi dua vao tu boi Ethan Jockey, Ly do: Log To Aviod KOS /q
[2016/2/6 - 15:51:48] AdmCmd: MaJor Ghost da bi dua vao tu boi Ivan Hardwell, Ly do: KOS VIP 
[2016/2/6 - 16:38:54] AdmCmd: Rick Boom da bi dua vao tu boi MonKey.D Minzy, Ly do: Hacking fly
[2016/2/6 - 16:40:21] AdmCmd: Kio Sotuna da bi dua vao tu boi Ethan Jockey, Ly do: KOS
[2016/2/6 - 18:03:46] AdmCmd: Duong Nguyen da bi dua vao tu boi Ethan Jockey, Ly do: Hitman Giet Nguoi Nonrp
[2016/2/6 - 19:18:41] AdmCmd: ADMIN nhu cai loz bo da bi dua vao tu boi MonKey.D Minzy, Ly do: Keu doi ten khong doi
[2016/2/6 - 19:59:35] AdmCmd: Em lon da bi dua vao tu boi MonKey.D Minzy, Ly do: Hacking ADM bannde gium ( hacking Fly )
[2016/2/6 - 20:31:46] AdmCmd: Kio Sotuna da bi dua vao tu boi Luvias Do, Ly do: 20 KOS
[2016/2/6 - 20:32:01] AdmCmd: Ben Gangters da bi dua vao tu boi Luvias Do, Ly do: KOS
[2016/2/6 - 20:44:58] AdmCmd: Bin blagg da bi dua vao tu boi Tran Thuy Hoang, Ly do: kos
[2016/2/6 - 21:00:17] AdmCmd: hung ht da bi dua vao tu boi MonKey.D Minzy, Ly do: cuop xe nonRP + KOS
[2016/2/7 - 8:57:29] AdmCmd: Nguyen Ngoc Tram da bi dua vao tu boi Ivan Hardwell, Ly do: CR [ da nhac' nho ] 
[2016/2/7 - 9:26:39] AdmCmd: Alex Ken da bi dua vao tu boi Harry Jinr, Ly do: KOS
[2016/2/7 - 9:54:20] AdmCmd: Tortugas Ella da bi dua vao tu boi Nhi Heo, Ly do: nay thi Fly 
[2016/2/7 - 10:09:20] AdmCmd: Phuc LiOn da bi dua vao tu boi Ivan Hardwell, Ly do: DM
[2016/2/7 - 10:20:03] AdmCmd: God Power da bi dua vao tu boi TamHoang Long, Ly do: kos
[2016/2/7 - 10:26:51] AdmCmd: Brin Simple da bi dua vao tu boi Bin Harry, Ly do: Kos nhieu lan
[2016/2/7 - 12:11:24] AdmCmd: Kick TiepDi da bi dua vao tu boi Venus Angel, Ly do: DDos ne con cho
[2016/2/7 - 15:24:37] AdmCmd: Robbie Williams da bi dua vao tu boi Ghost Hunter, Ly do: KOS
[2016/2/7 - 15:28:42] AdmCmd: tran  ga  me da bi dua vao tu boi Nhi Heo, Ly do: kos vui lam
[2016/2/7 - 15:50:47] AdmCmd: Teo Nho da bi dua vao tu boi Ghost Hunter, Ly do: Troll Car
[2016/2/7 - 15:53:06] AdmCmd: akira tung da bi dua vao tu boi Nhi Heo, Ly do: CB ( co F8 )
[2016/2/7 - 17:11:16] AdmCmd: Jack Phong da bi dua vao tu boi Nhi Heo, Ly do: MG 
[2016/2/7 - 17:13:18] AdmCmd: Robbie Williams da bi dua vao tu boi Nhi Heo, Ly do: newb @ Xuc Pham advisor lam viec
[2016/2/7 - 17:56:18] AdmCmd: Shootcaller Freeman da bi dua vao tu boi Luvias Do, Ly do: 20 kos
[2016/2/7 - 18:03:16] AdmCmd: Kio Sotuna da bi dua vao tu boi Nhi Heo, Ly do: CR
[2016/2/7 - 18:10:42] AdmCmd: Khoa Huynh da bi dua vao tu boi Nhi Heo, Ly do: Tet den roi ma con di NJ
[2016/2/7 - 18:16:31] AdmCmd: IkanuS Binz da bi dua vao tu boi Luvias Do, Ly do: Kos
[2016/2/7 - 19:01:27] AdmCmd: Mister Huy da bi dua vao tu boi Nhi Heo, Ly do: hacking
[2016/2/7 - 19:03:08] AdmCmd: MaJor Ghost da bi dua vao tu boi Nhi Heo, Ly do: Xuc pham advisor (tai toi khong thay no dat phao hoa nha )
[2016/2/7 - 19:21:39] AdmCmd: Mister Huy da bi dua vao tu boi Nhi Heo, Ly do: Xuc Pham ( doi keu len 4r nhan hang )
[2016/2/7 - 20:21:02] AdmCmd: Ti Quays da bi dua vao tu boi Nhi Heo, Ly do: Kos Advisor
[2016/2/7 - 20:21:53] AdmCmd: Mister Huy da bi dua vao tu boi Nhi Heo, Ly do: nay thi hacking ( Fly )
[2016/2/7 - 20:22:11] AdmCmd: Hidan Arks da bi dua vao tu boi Nhi Heo, Ly do: nay thi hacking ( Fly )
[2016/2/7 - 20:22:59] AdmCmd: Messi Frerdo da bi dua vao tu boi Bro Gold, Ly do: KOS / /q
[2016/2/7 - 20:33:33] AdmCmd: Prince Stride da bi dua vao tu boi Nhi Heo, Ly do: DB
[2016/2/7 - 20:34:30] AdmCmd: Em Admin da bi dua vao tu boi Nhi Heo, Ly do: KOs
[2016/2/7 - 20:35:12] AdmCmd: Ti Conuong da bi dua vao tu boi Bro Gold, Ly do: KOS
[2016/2/7 - 20:38:25] AdmCmd: Hidan Arks da bi dua vao tu boi Nhi Heo, Ly do: Hacking 
[2016/2/7 - 21:00:16] AdmCmd: Prince Stride da bi dua vao tu boi Nhi Heo, Ly do: nay thi Hack (tele)
[2016/2/7 - 21:10:52] AdmCmd: Dark Eagle da bi dua vao tu boi Nhi Heo, Ly do: Hacking ( thao Cong ) 
[2016/2/7 - 21:20:21] AdmCmd: Sjack qui da bi dua vao tu boi Tran Thuy Hoang, Ly do: kos
[2016/2/7 - 21:20:25] AdmCmd: MaJor Ghost da bi dua vao tu boi Tran Thuy Hoang, Ly do: kos
[2016/2/7 - 21:20:30] AdmCmd: Office Yuri da bi dua vao tu boi Tran Thuy Hoang, Ly do: kos
[2016/2/7 - 22:21:20] AdmCmd: IS King da bi dua vao tu boi Legend Dat, Ly do: hack tang hinh
[2016/2/7 - 22:21:58] AdmCmd: IS Bin da bi dua vao tu boi Legend Dat, Ly do: hack tang hinh 
[2016/2/8 - 10:19:41] AdmCmd: Inter Huy da bi dua vao tu boi TamHoang Long, Ly do: hack mau giap
[2016/2/8 - 11:09:48] AdmCmd: david hai da bi dua vao tu boi Luvias Do, Ly do: 20 Gan tet roi ma con giet nguoi
[2016/2/8 - 11:27:17] Ivan Hardwell has been made a senior moderator by Pin
[2016/2/10 - 14:50:27] AdmCmd: DMCS HUng da bi dua vao tu boi Venus Angel, Ly do: Troll Car ne
[2016/2/10 - 15:02:52] AdmCmd: dan ChoiRPPs da bi dua vao tu boi Venus Angel, Ly do: Tat hack ban
[2016/2/10 - 15:03:57] AdmCmd: Dan Play da bi dua vao tu boi Venus Angel, Ly do: HACK NAY
[2016/2/10 - 15:33:48] AdmCmd: Toan Bui da bi dua vao tu boi Venus Angel, Ly do: Bay hay the
[2016/2/10 - 17:20:41] AdmCmd: Nguyen Ngoc Tram da bi dua vao tu boi Smoke Smith, Ly do: cc
