[2016/1/31 - 9:18:54] Quang cao: can ban 1 khau M4(20k) ak(10k) - Lien he: Nha Giau (340874)
[2016/1/31 - 9:21:26] Quang cao:  - Lien he: Nha Giau (340874)
[2016/1/31 - 16:53:29] Quang cao: Gangster F9 tuyen thanh vien - Lien he: Avengers Filler (135998)
[2016/2/1 - 10:27:49] Quang cao: Ai bi thuong /dichvu capcuu nhek chung toi se cuu cac ban - Lien he: Winx Hoang (349596)
[2016/2/1 - 10:30:37] Quang cao:  - Lien he: Nha Giau (533098)
[2016/2/1 - 10:48:41] Quang cao: id 3 da bi loai khoi danh sach test lam bac si nhek  - Lien he: Winx Hoang (349596)
[2016/2/1 - 12:48:16] Quang cao: Gangster F2 tuyen thanh vien - Lien he: Avenger Filler (826375)
[2016/2/1 - 16:07:15] Quang cao: can tuyen ck giau co ai co dieu kien lien he - Lien he: Thanh Thao (425525)
[2016/2/1 - 18:22:24] Quang cao: Gangster F9 tuyen thanh vien 1 rank 5 . 3 rank 4 - Lien he: Avengers Filler (540691)
[2016/2/1 - 18:39:11] Quang cao: Gangster F9 tuyen tahnh vien - Lien he: Avengers Filler (540691)
[2016/2/1 - 19:03:32] Quang cao: Gangster F9 tuyen thanh vien co bang nghiep vu chuyen cuop ngan hang - Lien he: Avengers Filler (540691)
[2016/2/1 - 19:27:15] Quang cao: Gangster F9 tuyen thanh vien cuop ngan hang chuyen nghiep - Lien he: Avengers Filler (540691)
[2016/2/1 - 19:57:28] Quang cao: Chung Toi La Khung Bo Hien Tai Chung tOI dANG bAO quAY Tru So SFPD  - Lien he: Ferreira Wilward (-123456789)
[2016/2/1 - 20:41:30] Quang cao: Ai bi thuong /dichvu capcuu nhek cong ty chung toi se cuu cac ban - Lien he: Winx Hoang (349596)
[2016/2/2 - 9:49:15] Quang cao: Can mua xe ai ban ko - Lien he: Winx Hoang (349596)
[2016/2/2 - 10:42:52] Quang cao: ai chet /dichvu capcuu de nhan vien FDSA cuu nhe cac ban }} - Lien he: Harry Jinr (511093)
[2016/2/2 - 11:12:43] Quang cao: Ai Muon Vao Team khong can Family /tanso -9 nhe - Lien he: Ferreira Wilward (-123456789)
[2016/2/2 - 11:32:40] Quang cao: Can Ban Xe SFPD + Racherz FBI + Mave SAPD ai mua thi - Lien he: Ferreira Wilward (-123456789)
[2016/2/2 - 12:14:11] Quang cao: Ai bi thuong /dichvu capcuu nhek - Lien he: Winx Hoang (349596)
[2016/2/2 - 13:17:27] Quang cao: Family F3 dang tuyen thêm thanh viên hoà dong có phat súng ai vào [/call] - Lien he: Boss Togan (469615)
[2016/2/2 - 14:26:38] Quang cao:  - Lien he: Ong Gia (604892)
[2016/2/2 - 15:08:47] Quang cao: Wecometo Gangter F11 Say You Do !  - Lien he: Old Wilward (-123456789)
[2016/2/2 - 15:19:23] Quang cao: Gangster F9 can tuyen thanh vien  - Lien he: Avengers Filler (540691)
[2016/2/2 - 15:55:24] Quang cao: Can Ban Mave SAPD ai mua thi - Lien he: Old Wilward (-123456789)
[2016/2/2 - 16:22:58] Quang cao:  - Lien he: David Vila (987654)
[2016/2/2 - 20:03:05] Quang cao:  - Lien he: Bay Stone (505583)
[2016/2/2 - 20:08:46] Quang cao: Tuyen Anh Em Hoa Dong vào Family F3 voi F9 ai vao [/goi] - Lien he: Boss Togan (469615)
[2016/2/2 - 20:12:54] Quang cao: F11 Can Tuyen Nguoi Vao Ai Vao PM Old Bicth + Toi - Lien he: Old Wilward (-123456789)
[2016/2/2 - 20:20:55] Quang cao: F3 se di bieu tinh o tai câu` do SFPD ra do' nhanh - Lien he: Boss Togan (469615)
[2016/2/2 - 20:32:23] Quang cao: Family F3 se bieu tinh o Cau do có faction nào ra cau do khong ? - Lien he: Boss Togan (469615)
[2016/2/2 - 20:50:56] Quang cao: can mua 50m vat lieu =100m ai ban /call nha - Lien he: Nguyen Ngoc Tram (450669)
[2016/2/2 - 20:54:42] Quang cao: Can bán 65.000 Vat lieu . Ai mua Lien He >>>>> - Lien he: Be Cu (-99)
[2016/2/3 - 7:49:07] Quang cao: Can ZO Gangter ai cho /invite  - Lien he: Uzimaki Naruto (-123456789)
[2016/2/3 - 8:10:53] Quang cao: B>1 chiec xe SFPD GR ai mua /sms cho gia - Lien he: Harry Jinr (511093)
[2016/2/3 - 8:29:13] Quang cao: can mua vat lieu so luong lon - Lien he: Harry Jinr (511093)
[2016/2/3 - 8:41:58] Quang cao: M> VL SLL - Lien he: Brian A Sun (141311)
[2016/2/3 - 8:45:27] Quang cao: Can sell 1 chiec xe SFPD full GR - Lien he: Harry Jinr (511093)
[2016/2/3 - 9:01:45] Quang cao: M> Tui la` tui can mua VL sLL ai co PM 1m = 1m5 SAD - Lien he: Brian A Sun (141311)
[2016/2/3 - 9:09:37] Quang cao: F3 dang tuyen anh em phát súng mien phi, mien sao a/e hoà dong - Lien he: Boss Togan (469615)
[2016/2/3 - 10:14:24] Quang cao: F3 dang tuyen anh em hoà dong vào family ai vao [/call] - Lien he: Boss Togan (469615)
[2016/2/3 - 10:29:41] Quang cao:  - Lien he: Pizza Boy (533098)
[2016/2/3 - 10:31:05] Quang cao: F3 se chiem lay tru so SAAS  - Lien he: Boss Togan (469615)
[2016/2/3 - 10:44:45] Quang cao: F3 dang làm trùm bang dang cua sever nhé all - Lien he: Boss Togan (469615)
[2016/2/3 - 11:08:52] Quang cao: F3 làm trùm bang dang cua sever bây gio SFPD da bi chiem - Lien he: Boss Togan (469615)
[2016/2/3 - 11:11:11] Quang cao: Anh Em Nao Muon Vao Team Toi Hay Den Ben Vien SF Phat Sung Di War Lun - Lien he: Boy Hardy (126788)
[2016/2/3 - 11:20:35] Quang cao: F3 dang tuyen anh em de dón tet 2016 ai vao [/call] - Lien he: Boss Togan (469615)
[2016/2/3 - 11:41:57] Quang cao: Can Ban Tat Ca Loai Xe Faction Ai Mua Thi - Lien he: Uzimaki Naruto (-123456789)
[2016/2/3 - 11:42:12] Quang cao: F3 dang tuyen thành viên hoà dong ai vao [/goi] phat sung mien phi - Lien he: Boss Togan (469615)
[2016/2/3 - 13:44:30] Quang cao: Gangster F9 tuyen thanh vien - Lien he: Avengers Filler (540691)
[2016/2/3 - 13:55:37] Quang cao: can sell 1 chiec SFPD full GR ai mua /call cho gia - Lien he: Harry Jinr (511093)
[2016/2/3 - 15:00:04] Quang cao: Can ban xe LSPD + SFPD + Dumper + Mua credits so luong lon  - Lien he: Micheal Sang (731027)
[2016/2/3 - 15:01:37] Quang cao: Cuoc Trien Lam~ Bay May Hunter O Dang Benh Vien Moi Nguoi Lai Xem Nhe' - Lien he: Uzimaki Naruto (-123456789)
[2016/2/3 - 15:04:09] Quang cao: Can Mua Credits Ai Ban THi Lien He Minh - Lien he: Mia khung (475543)
[2016/2/3 - 15:34:41] Quang cao: F9 tuyen thanh vien - Lien he: Avengers Filler (540691)
[2016/2/3 - 15:43:46] Quang cao: All vao SV samp-viet.com RF xe vip + faction - Lien he: Wind Phong (921850)
[2016/2/3 - 15:57:32] Quang cao: Gangster F9 tuyen thanh vien - Lien he: Avengers Filler (540691)
[2016/2/3 - 16:04:08] Quang cao: Ai Muon Vao URL /sms - Lien he: Hai Cau (826333)
[2016/2/3 - 16:10:58] Quang cao: B> 100k vl = 1k Credits - Lien he: Sip Do (397997)
[2016/2/3 - 16:16:07] Quang cao: Hien Family Dang Thieu Nguoi Vao Ai Muon Vao Lien He Admin Doi Ten Thanh _Hardy - Lien he: Boy Hardy (126788)
[2016/2/3 - 16:18:49] Quang cao: Bán Credits Ai Mua Cho Giá ( 1 credits = ? tiên` ) - Lien he: SG Hades (-19001080)
[2016/2/3 - 16:29:23] Quang cao: North Side King ( Hardy Family ) tuyen bo - Lien he: Natt Hardy (141311)
[2016/2/3 - 16:31:10] Quang cao: bán Credits , ai mua cho giá - Lien he: SG Hades (-19001080)
[2016/2/3 - 16:50:36] Quang cao: Family Anh Em Hardy can tuyen thanh vien nhe ai muon vao lai SFvip nhe - Lien he: Bin Hardy (209458)
[2016/2/3 - 16:57:33] Quang cao: F3 dang tuyen anh em vào family ai vao [/goi] - Lien he: Boss Togan (469615)
[2016/2/3 - 17:04:57] Quang cao: Bán Credits 2k / 1 cái , ai mua call nhé - Lien he: SG Hades (-19001080)
[2016/2/3 - 17:09:07] Quang cao:  - Lien he: Billy Dash (761384)
[2016/2/3 - 17:20:12] Quang cao:  - Lien he: Billy Dash (761384)
[2016/2/3 - 17:33:05] Quang cao:  - Lien he: Billy Dash (761384)
[2016/2/3 - 17:34:38] Quang cao: Ban Vip Kim Cuong 50m ai mua /sms - Lien he: Hai Cau (826333)
[2016/2/3 - 17:43:02] Quang cao: Wing's Pizza Stack Tuyen Nhan Vien Ai Lam PM - Lien he: Marvel Kaito (761384)
[2016/2/3 - 17:47:28] Quang cao: Nha Hang Wing's Pizza Stack Tuyen Nhan vien luong tuan 500k ai lam PM - Lien he: Marvel Kaito (761384)
[2016/2/3 - 17:49:41] Quang cao: Family nao can lam xe thi lien he minh nha - Lien he: Nguyen Ngoc Tram (450669)
[2016/2/3 - 18:00:10] Quang cao: Gangster F9 tuyen thanh vien . /baocao keu ad doi ten Avengers_ nhe :D - Lien he: Avengers Filler (540691)
[2016/2/3 - 18:12:17] Quang cao: F3 dang tuyen anh em hoà dong phat súng mien phi ai vao [/call] - Lien he: Boss Togan (469615)
[2016/2/3 - 18:56:36] Quang cao: F3 dang tuyen thanh vien ai vao [/goi] có phat sung mien phi - Lien he: Boss Togan (469615)
[2016/2/3 - 18:56:44] Quang cao: Gangster F9 tuyen thanh vien  - Lien he: Avengers Filler (540691)
[2016/2/3 - 19:41:18] Quang cao: M> Rimkit = VL + Credits + Sad,.... - Lien he: Sip Do (932582)
[2016/2/3 - 19:53:36] Quang cao: Can ban Credits ai mua pm - Lien he: Kaito (761384)
[2016/2/3 - 20:16:22] Quang cao: Sell Jetpack 1k Credits - Lien he: Sip Do (932582)
[2016/2/3 - 20:34:19] Quang cao: Bang Dang Mafia's Hardy dang tuyen anh em gia nhap hoi ai co nhu cau /call -11 - Lien he: Nam Hardy (-11)
[2016/2/3 - 20:44:50] Quang cao: Can Mua   rimkit ai co lien he - Lien he: Nathan Erwin (-16)
[2016/2/3 - 20:46:23] Quang cao: Can Ban 1 Chiec Xe , Xe Gi Cung Co Ai Mua /goi nha !! - Lien he: Smith Robeo (460122)
[2016/2/4 - 8:27:25] Quang cao: F3 doi? lai. F1 nhé anh em Tuyen lai anh em ai vao [/call]\ - Lien he: Boss Togan (469615)
[2016/2/4 - 8:35:16] Quang cao: Family Boss tuyen lai anh em vào lai family ai vao [/call] - Lien he: Boss Togan (469615)
[2016/2/4 - 8:45:45] Quang cao: Bán Turismo GR ,Infernus GR,Caddy GR,Mesa GR,CheetahGR,2m/1,ai mua qa SFVIP - Lien he: SG Hades (-19001080)
[2016/2/4 - 9:01:33] Quang cao: F3 tuyen lai anh em vào gangster ai vao [/call] - Lien he: xBoss Toganx (469615)
[2016/2/4 - 9:06:02] Quang cao: Bán LVPD , LSPD , SFPD ( GR hêt' nhé ) , 15m/1 , ai mua call - Lien he: SG Hades (-19001080)
[2016/2/4 - 9:33:29] Quang cao: F3 bat dau tuyen anh em Boss lai vào gangster ai vao [/call] - Lien he: xBoss Toganx (469615)
[2016/2/4 - 9:55:07] Quang cao: Can mua credits so luong lon ai ban call - Lien he: Bin Hardy (209458)
[2016/2/4 - 10:02:17] Quang cao: Bán LSPD , LVPD , SFPV , HPV - 1000 , giá 20m /1 , ai mua call - Lien he: SG Hades (-19001080)
[2016/2/4 - 10:06:40] Quang cao: Ban 6 vip gold , 5 vip bac , LSPD , SFPD , HPV , Police Ganer ai mua call - Lien he: Bin Hardy (209458)
[2016/2/4 - 10:27:51] Quang cao: CAn Tuyen Them 1 URL cai co nhu cau thi calll - Lien he: HaI CaU (826333)
[2016/2/4 - 10:36:46] Quang cao: Can Mua Xe Ai Bán PM - Lien he: Villa DaiGia (761384)
[2016/2/4 - 11:22:31] Quang cao: Can Ban 900k Vat Lieu Ai Mua Call - Lien he: Akai Smith (330629)
[2016/2/4 - 11:24:17] Quang cao: Cua Hang 24/7 Gan Benh Vien Moi Khai Chuong Mong Moi nguoi Ung Ho - Lien he: David Xuyen (183700)
[2016/2/4 - 12:12:26] Quang cao: M> Hydra, Rhino, Rustler, Hunter, Dumper Goldrims, ai co PM - Lien he: William Steven (141311)
[2016/2/4 - 12:26:07] Quang cao: Bán LSPD , SFPD , LVPD , Ranger Police , GOLDRIM hêt' , ai mua cho giá - Lien he: SG Hades (-19001080)
[2016/2/4 - 12:27:44] Quang cao: Can Tuyen Nguoi Vao Team Ploychumpo Ai Dong Y LH - Lien he: Black Bloch.Akai (330629)
[2016/2/4 - 12:42:17] Quang cao: Cops all dau bat tao di trum SF day :)) - Lien he: Be Vy (232234)
[2016/2/4 - 13:55:56] Quang cao: Can ban 49k vat lieu = 490k Ai mua xin lien he )) - Lien he: Tuan Nguyen (500976)
[2016/2/4 - 14:28:09] Quang cao: Bán 5 Free Car , 100k Vât liêu ai mua ! - Lien he: Hidan Cerberus (840925)
[2016/2/4 - 14:32:46] Quang cao: Can tuyen nguoi SOlo D.E Khong Animbot - Lien he: Huynh Cuong (228955)
[2016/2/4 - 14:34:42] Quang cao: Can ban rimkit voi gia 20 000 000 SAD - Lien he: Tuan Nguyen (500976)
[2016/2/4 - 14:37:11] Quang cao: Can Mua Credits SLL 50K credits doi xe faction dep - Lien he: OngTrum Mafia (-111)
[2016/2/4 - 14:39:20] Quang cao: Bán 5 Free Car , 2 phieu vip back kim giá re ai mua liên hê - Lien he: Hidan Cerberus (840925)
[2016/2/4 - 14:41:40] Quang cao: Can Ban Freecar Or Rimkit sll - Lien he: Huynh Cuong (228955)
[2016/2/4 - 14:45:10] Quang cao: Mua RimKit So Luong Lon , 1m / 1 , ai bán qua VIP SF - Lien he: SG Hades (-19001080)
[2016/2/4 - 14:47:42] Quang cao: Can Mua Vat Lieu So Luong Lon Ai Ban Vui Long  - Lien he: Huynh Cuong (228955)
[2016/2/4 - 14:52:25] Quang cao: can ban' 1 can nha o gan` gotoshop gia 10m ai mua LH -9122 - Lien he: MaJor Ghost (-9122)
[2016/2/4 - 14:55:32] Quang cao: Bán 3 Xe FBI Rancher Còn Zin giá 2m / 1 ai mua liên hê - Lien he: Hidan Cerberus (840925)
[2016/2/4 - 14:58:23] Quang cao: Can Mua Vat Lieu So Luong Lon Ai Ban Vui Long  - Lien he: Huynh Cuong (228955)
[2016/2/4 - 15:12:43] Quang cao: Can Ban vl so luong lon ai mua Xin - Lien he: Super Bon (-2009)
[2016/2/4 - 15:13:29] Quang cao: Can Mua Credits SLL { Hoac doi xe Faction } { Chi tiet - Lien he: OngTrum Mafia (-111)
[2016/2/4 - 15:18:06] Quang cao: F5 tuyen thanh vien ai muon [/goi] va doi ten thanh Hardy nhe  - Lien he: Bin Hardy (209458)
[2016/2/4 - 15:22:25] Quang cao: Gui cac bang dan khac, F5 rat thien chien, ai gay su se lam den cung,  HET - Lien he: William Steven (141311)
[2016/2/4 - 15:55:25] Quang cao: O Vip Co 1 24/7 Gia Sieu Re Moi Nguoi Ung Nha. - Lien he: Naruto.Yeu Hinata (-123456789)
[2016/2/4 - 16:00:07] Quang cao: CAN MUA CREDITS SLL nhé hoac doi Xe faction - Lien he: OngTrum Mafia (-111)
[2016/2/4 - 16:01:31] Quang cao: Mua RimKit ai bán cho giá - Lien he: SG Hades (-19001080)
[2016/2/4 - 16:02:20] Quang cao: Can ban Credits sll day - Lien he: Avengers Nghia (-5555)
[2016/2/4 - 16:32:12] Quang cao: Mua RimKit , giá 3m / 1 cái , ai bán call - Lien he: SG Hades (-19001080)
[2016/2/4 - 16:33:43] Quang cao:  - Lien he: David Vila (123456)
[2016/2/4 - 16:59:12] Quang cao: Can mua credits ai ban lien he - Lien he: Hidan Tony (219444)
[2016/2/4 - 17:26:18] Quang cao: Can Ban Cac Loai Xe ... Xe Gi Cung Co ? - Lien he: Smith Robeo (460122)
[2016/2/4 - 17:33:16] Quang cao: Buôn ban vu khi so luong lon ai mua [/call] - Lien he: xBoss Toganx (469615)
[2016/2/4 - 17:37:44] Quang cao: Hoang 4D nha tat ca moi nguoi - Lien he: Tuan Nguyen (500976)
[2016/2/4 - 17:52:59] Quang cao: T~ anh em vào Family F3 ai vao [/call] - Lien he: xBoss Toganx (469615)
[2016/2/4 - 18:21:53] Quang cao: Buôn Vu Khi lâu. M4=20k Ak47=30k Spas=40k Sniper=50k ai mua /call - Lien he: xBoss Toganx (469615)
[2016/2/4 - 18:36:11] Quang cao: FDSA se thuoc ve F3 tru so FDSA da bi chiem  - Lien he: xBoss Toganx (469615)
[2016/2/4 - 18:39:40] Quang cao: can ban vat lieu so luong lon ------------------------ - Lien he: Micheal Sang (731027)
[2016/2/4 - 19:49:28] Quang cao: <Tuyen Ck Dep Trai> ai muon /sdt = /call - Lien he: Jons Giang (-113)
[2016/2/4 - 19:50:27] Quang cao: Can Tuyen Vo Cang` Xau Cang Tot ai muon thi - Lien he: Naruto.Yeu Hinata (-123456789)
[2016/2/4 - 19:55:41] Quang cao: Ai War voi Bay Stone khong choi banh buoi toi hom nay ai choi /sms or /goi nhe - Lien he: Bay Stone (563658)
[2016/2/4 - 19:57:50] Quang cao: <<Tuyen Ck>> ai muon tuyen /sdt = /call ! Tuyen Ck Giong nhu Admin Nick vay nha - Lien he: Xuan Quynh (-113)
[2016/2/4 - 19:59:26] Quang cao: Ai war lai SFVIP Nhan F len xe Bay Stone nhe - Lien he: Bay Stone (563658)
[2016/2/4 - 20:38:20] Quang cao: Team Hardy Mòi anh vào team vói (Wing) - Lien he: Trung Hieu (761384)
[2016/2/4 - 20:40:37] Quang cao: T~ anh em vào family phát súng mien phi ai vao [/call] - Lien he: xBoss Toganx (469615)
[2016/2/4 - 20:46:45] Quang cao: T~ anh em vào Family F3 ai vao [/call] - Lien he: xBoss Toganx (469615)
[2016/2/5 - 1:21:42] Quang cao: Can tuyen nhan vien cao Biz gan vipsf ai vao Xin - Lien he: Super Bon (-2009)
[2016/2/5 - 8:23:29] Quang cao: Can ban 11 car voucher ai mua call - Lien he: Avengers Nghia (-5555)
[2016/2/5 - 8:34:35] Quang cao: Can Mua Mot Cai Biz Gia 40.000 Credits Ai Ban Xin - - Lien he: Thomas Dat (300583)
[2016/2/5 - 8:41:38] Quang cao: T~ anh em vào sever ai vao [/call] - Lien he: xBoss Toganx (469615)
[2016/2/5 - 14:11:04] Quang cao: I hate SAAS , I will avenge - Lien he: William Steven (141311)
[2016/2/5 - 14:17:34] Quang cao: 24/7 O vip moi nguoi toi ung ho. nha - Lien he: Old Bitch (106693)
[2016/2/5 - 14:19:37] Quang cao: Can Tuyen nguoi vao Biz ai vao lai vipsf hoac nhan tin id toi moi vao nhe ! - Lien he: Mon Star (-79)
[2016/2/5 - 14:40:55] Quang cao: Can Mua Tat Ca Xe Faction Ai Bna LH - Lien he: Black Bloch.Akai (-73)
[2016/2/5 - 15:16:09] Quang cao: Sell Xe  SFPD Or Cac Loai Xe Khac  Gia La 10m ai co  thi lien he - Lien he: Nathan Erwin (-16)
[2016/2/5 - 15:21:59] Quang cao: Can Ban Vu Khi M4,SPASS,Sniper,AK47 v.v. Ai Mua sms khong call - Lien he: Ethan Jockey (823788)
[2016/2/5 - 15:24:06] Quang cao:  - Lien he: Quang Vu (106693)
[2016/2/5 - 15:36:30] Quang cao: can ban' 1 can nha` o LS gia 20m ai mua LH -9122 - Lien he: MaJor Ghost (-9122)
[2016/2/5 - 15:41:12] Quang cao: Mua CreDits vs Xe Co Rimkit Hoac Rimkit ai ban - Lien he: Phong Goodboy (-25252525)
[2016/2/5 - 15:48:10] Quang cao: can ban' 1 can nha` o LS gia 20m ai mua LH -9122 - Lien he: MaJor Ghost (-9122)
[2016/2/5 - 15:49:18] Quang cao: can mua 1 can nha doi chiec dunner ai ban call - Lien he: Bin nhoxx (491468)
[2016/2/5 - 15:50:06] Quang cao:  - Lien he: Quang Vu (106693)
[2016/2/5 - 15:53:20] Quang cao: can` ban' 1 can nha` o LS gia 10m ai mua LH -9122 - Lien he: MaJor Ghost (-9122)
[2016/2/5 - 15:54:07] Quang cao: can ban 1 ngoi nha noi that dep ai mua /goi toi - Lien he: Office Yuri (172322)
[2016/2/5 - 16:02:09] Quang cao: Cua Hang 24/7 Gan Benh Vien Canh Vip Khai Truong Moi Nguoi Den Ung Ho - Lien he: Ethan Jockey (823788)
[2016/2/5 - 16:30:16] Quang cao: T~ anh em vào gangster F3 ai vào [/call] phat sung mien phi - Lien he: xBoss Toganx (469615)
[2016/2/5 - 17:15:12] Quang cao: F3 dang tuyen thanh vien Roleplay vào family ai vao [/call] - Lien he: xBoss Toganx (469615)
[2016/2/5 - 17:16:55] Quang cao: Can mua Credits voi all xe FActon LH minh - Lien he: Jimmy Nguyen. (171359)
[2016/2/5 - 17:20:08] Quang cao: Can mua Credits or xe Faction - Lien he: Jimmy Nguyen. (171359)
[2016/2/5 - 17:20:59] Quang cao: Can Ban Banh Xe Rimkit Ai Mua Xin - Lien he: Mon Star (-79)
[2016/2/5 - 17:31:41] Quang cao: Can mua all xe Facton or Credits - Lien he: Jimmy Nguyen. (171359)
[2016/2/5 - 18:22:17] Quang cao: Bán 120 000 Materials Ai mua liên hê cho tui nhé ! - Lien he: Hidan Cerberus (840925)
[2016/2/5 - 18:42:34] Quang cao: Mua all xe FAction ai ban call - Lien he: Jimmy Nguyen. (171359)
[2016/2/5 - 18:43:29] Quang cao: Ai mua HQ liên hê sdt -55555 giao dich - Lien he: Huy (-55555)
[2016/2/5 - 19:03:03] Quang cao: Can Mua mot Can Nha o Sf ai ban - Lien he: Vuong Hardy (325676)
[2016/2/5 - 19:10:35] Quang cao: Can Mua or Doi Credits SLL ai ban. thi - Lien he: MonKey.D Luffy (-123456789)
[2016/2/5 - 19:14:44] Quang cao: Can Ban VL SLL 100k Credits 1k Credits ai doi thi - Lien he: MonKey.D Luffy (-123456789)
[2016/2/5 - 19:14:48] Quang cao: CA Vao kenh HL cai )) - Lien he: William Steven (141311)
[2016/2/5 - 19:15:45] Quang cao: Can Ban 100.000 Credits Ai Mua sms cho gia khong call  - Lien he: Ethan Jockey (823788)
[2016/2/5 - 19:27:51] Quang cao: Bán HPV 1000 giá 10trieu ai mua [/call] - Lien he: xBoss Toganx (469615)
[2016/2/5 - 19:27:57] Quang cao: co ai lam ban gai' mh` k ? khong xin xo~  nhoa - Lien he: Bauer CTU (920512)
[2016/2/5 - 19:28:42] Quang cao: Pirates Tuyen Member RolePlay bao ve thanh pho - Lien he: Phi Pirates (907306)
[2016/2/5 - 19:39:23] Quang cao: sell xe faction gia 10m ai  mua lien he nhe hoac ra vip  - Lien he: Nathan Erwin (-16)
[2016/2/5 - 19:55:25] Quang cao: Tuyen? ban gai' nè...ai co nhu cau lh nhoa..k xin xõ qá dang' à - Lien he: Bauer CTU (920512)
[2016/2/5 - 20:03:34] Quang cao:  - Lien he: Huy (-55555)
[2016/2/5 - 20:06:38] Quang cao:  - Lien he: Huy (-55555)
[2016/2/5 - 20:08:02] Quang cao:  mua xe fac - Lien he: Hidan Tony (219444)
[2016/2/5 - 20:08:54] Quang cao: Can Mua Credits Ai Ban Lien He - Lien he: Black Bloch.Akai (-73)
[2016/2/5 - 20:09:51] Quang cao: F3 tuyen thêm anh em Roleplay bao ve thanh pho phat sung mien bi - Lien he: xBoss Toganx (469615)
[2016/2/5 - 20:11:27] Quang cao: Can Mua Credits Ai Ban Lien He - Lien he: Black Bloch.Akai (-73)
[2016/2/5 - 20:15:55] Quang cao: Can Mua Credits So Luong Lon Ai ban - Lien he: Black Bloch.Akai (-73)
[2016/2/5 - 20:17:26] Quang cao: Can Mua Credits So Luon Lon Ai Ban - Lien he: Black Bloch.Akai (-73)
[2016/2/5 - 20:18:19] Quang cao: Can mua Credits so luong cuc lon ai ban sell - Lien he: Jimmy Nguyen. (171359)
[2016/2/5 - 20:21:08] Quang cao: Can mua credits sll ai sell LH - Lien he: Jimmy Nguyen. (171359)
[2016/2/5 - 20:22:09] Quang cao: Can Mua Credits Ai Ban Call - Lien he: Black Bloch.Akai (-73)
[2016/2/5 - 20:25:37] Quang cao: Tuyen dan em trung thanh - Lien he: Huy (-55555)
[2016/2/5 - 20:25:38] Quang cao: Can Mua Credits Ai Ban Call - Lien he: Black Bloch.Akai (-73)
[2016/2/5 - 20:27:25] Quang cao: Tuyên dàn em trung thành (xung hô anh em) - Lien he: Huy (-55555)
[2016/2/5 - 20:28:56] Quang cao: tao lai troi thang cho doss no ve ngu gium tao - Lien he: Kio Sotuna (-789)
[2016/2/5 - 20:31:12] Quang cao: Ban 20k Credits gia 18m - Lien he: Rick Boom (-3434)
[2016/2/5 - 20:32:13] Quang cao: Can Ban Cac Loai Xe - Ban Creadit - Mua Nha Tai SF Gia Re ? ]] - Lien he: Smith Robeo (460122)
[2016/2/5 - 20:52:16] Quang cao: Lan ANh lai vip gap anh - Lien he: TamHoang Ballas (685342)
[2016/2/5 - 21:05:02] Quang cao: Can tuyen nguoi vao HQ ai vao Xin - Lien he: Bon Star (-2009)
[2016/2/5 - 21:23:02] Quang cao: Can mua all xe FAction or Credits so luong lon - Lien he: Jimmy Nguyen. (171359)
[2016/2/5 - 21:41:46] Quang cao:  - Lien he: Phi Pirates (907306)
[2016/2/5 - 21:53:08] Quang cao: M> M4 Spas12 ai ban pmmm, - Lien he: Dark Eagle (770918)
[2016/2/5 - 21:55:59] Quang cao: M> Sultan 2m3 ai ban ? - Lien he: Dark Eagle (-1901)
[2016/2/5 - 21:58:21] Quang cao: M> Sultan ai ban pm - Lien he: Dark Eagle (-1901)
[2016/2/5 - 22:09:53] Quang cao: SEp Hang Bank lì xì tet now now now )) - Lien he: Jimmy Nguyen. (171359)
[2016/2/5 - 22:10:52] Quang cao:  - Lien he: Legend Huy (-55555)
[2016/2/5 - 22:19:41] Quang cao: can Mua Toys Ai Ban Pmmm - Lien he: XiPo Do (622041)
[2016/2/5 - 23:52:02] Quang cao: ai co rimkit sell tui - Lien he: XiPo Do (622041)
[2016/2/5 - 23:57:04] Quang cao: ai ban 2 cai rimkit pmmmmmmm tui - Lien he: XiPo Do (622041)
[2016/2/6 - 8:01:20] Quang cao: tuyen~ gau' gta nay` kb fb or k xin xo~  ( girlfriend ) )) - Lien he: Bauer CTU (920512)
[2016/2/6 - 8:08:15] Quang cao:  - Lien he: Tieu Tang (533098)
[2016/2/6 - 8:12:39] Quang cao: F6 tuyên dàn em trung thành có du vu khí dê di war - Lien he: Huy (-55555)
[2016/2/6 - 8:14:28] Quang cao: F6 Can Tuyen Them Anh Em Chung Thanh` Neu Ai Duoc LH : (Huy) (Leagend Dat) or - Lien he: MonKey.D Luffy (-123456789)
[2016/2/6 - 8:20:14] Quang cao: can tuyen nguoi vao team - Lien he: Tieu Tang (533098)
[2016/2/6 - 8:25:15] Quang cao: team toi dag can tuyen nguoi HQ day du - Lien he: Tieu Tang (533098)
[2016/2/6 - 8:31:26] Quang cao: F6 tuyên member trung thành phát súng di war - Lien he: Huy (-55555)
[2016/2/6 - 8:42:13] Quang cao: Gangster F6 tuyen member co vu khi di war - Lien he: Huy (-55555)
[2016/2/6 - 8:51:53] Quang cao: Tuyen thanh vien vào family F3 phat sung mien phi HQ dep ai vao [/call] - Lien he: xBoss Toganx (469615)
[2016/2/6 - 8:53:02] Quang cao: tuyen vk day.....chung tinh` k xin xo~ qa' dang' - Lien he: Bauer CTU (920512)
[2016/2/6 - 8:57:33] Quang cao: Can Ban Mot Cai VIP GOD 30Days ai mua [/call or sms] Nhe ! - Lien he: Rey Dumpo (861288)
[2016/2/6 - 9:14:25] Quang cao: Family Can Tuyen Thanh Vien Phat Sung Di War Ai Muon Thi LH : -55555 or  - Lien he: MonKey.D Luffy (-123456789)
[2016/2/6 - 9:21:06] Quang cao: Chung Toi Can Tuyen Thanh Vien Chung Thanh Biet RP ai duoc LH : -55555 or - Lien he: MonKey.D Luffy (-123456789)
[2016/2/6 - 9:33:59] Quang cao: Ai Mua Xe FacTion Thi Hay Den Vip SF Gap Boy Hardy - Lien he: Boy Hardy (-8888)
[2016/2/6 - 9:47:28] Quang cao: /s can sell Feecar x9 Voi Vip Silver x8 Voi Vip Gold x6 ai mua gi /w or /call - Lien he: Cai Bang Kyo (371374)
[2016/2/6 - 9:48:29] Quang cao: Can Tuyen Dan Em Chung Thanh + Biet RP ai co the thi - Lien he: MonKey.D Luffy (-123456789)
[2016/2/6 - 9:53:56] Quang cao: Mua Credits ai ban / - Lien he: Phong Goodboy (-25252525)
[2016/2/6 - 10:05:04] Quang cao: Can Tuyen Thanh Vien Chung Thanh + Biet RP ai du kha thi - Lien he: MonKey.D Luffy (-123456789)
[2016/2/6 - 10:11:21] Quang cao: Can mua nhung thu ma nguoi ta khong co ai ban call 300046 - Lien he: Kun Star (300046)
[2016/2/6 - 10:15:07] Quang cao: can tuyen 1 con vo 11 tuoi o ngoai doi ai co yeu cau muon thi call - Lien he: Phat Hardy (-1168549)
[2016/2/6 - 10:24:32] Quang cao: Can Ban 5 Cai Rimkit va 90.000 Credits Ai Mua SMS cho gia - Lien he: Ethan Jockey (823788)
[2016/2/6 - 10:32:45] Quang cao:  - Lien he: Doctor Sabo (908349)
[2016/2/6 - 10:35:38] Quang cao: Family 11 Can tuyen nhan vien biet RP LH -123456789 - Lien he: Tortugas Ella (273402)
[2016/2/6 - 10:36:39] Quang cao: can ban 1 can nha o LS gia 50m ai mua /goi - Lien he: Office Yuri (172322)
[2016/2/6 - 10:48:34] Quang cao:  - Lien he: Nguyen Ngoc Tram (450669)
[2016/2/6 - 10:51:27] Quang cao: F11 Can Tuyen Anh Em Trung Thanh + Biet Roleplay ai co kha nang thi - Lien he: MonKey.D Luffy (-123456789)
[2016/2/6 - 11:07:22] Quang cao: tuyen vk chung tinh` khong xin xo~ qa' muc' cho phep'  - Lien he: Bauer CTU (920512)
[2016/2/6 - 11:08:39] Quang cao: can tuyen vk chung thuy di den dau co dan em di den do - Lien he: Avengers Nghia (-5555)
[2016/2/6 - 11:12:27] Quang cao: F11 Can Tuyen Thanh Vien Trung Thanh + Biet RP ai du kha nang thi - Lien he: MonKey.D Luffy (-123456789)
[2016/2/6 - 11:19:56] Quang cao: Can Mua Tat Ca Xe Faction All Ai Ban Lien He - Lien he: Black Bloch.Akai (-73)
[2016/2/6 - 11:34:02] Quang cao: Can Mua All Xe Faction ai ban Lien He - Lien he: Black Bloch.Akai (-73)
[2016/2/6 - 11:45:18] Quang cao: Can Mua All Xe Faction Ai Ban call - Lien he: Black Bloch.Akai (-73)
[2016/2/6 - 11:56:35] Quang cao: Can Mua Xe Faction All  - Lien he: Black Bloch.Akai (-73)
[2016/2/6 - 12:12:04] Quang cao: Can Mua Xe faction all ai ban lh - Lien he: Black Bloch.Akai (-73)
[2016/2/6 - 12:14:31] Quang cao: Can mua M4 ai ban pmmm  - Lien he: Dark Eagle (-1901)
[2016/2/6 - 12:14:36] Quang cao: Bán 3 voucher quang cao uu tien day - Lien he: The Cow (343804)
[2016/2/6 - 12:23:38] Quang cao: Can mua M4 ai ban pmmmm - Lien he: Dark Eagle (-1901)
[2016/2/6 - 12:27:22] Quang cao: B> tat ca sung vs ban xe faciton ai mua call - Lien he: Sirius Do (893928)
[2016/2/6 - 12:41:35] Quang cao: F3 dang tuyen thanh vien Roleplay de bao ve thanh pho SF ai vao [/call] - Lien he: xBoss Toganx (469615)
[2016/2/6 - 12:49:39] Quang cao: Chao All - Lien he: Boy Hardy (-8888)
[2016/2/6 - 12:55:03] Quang cao: 3h30 Ai Helper Duong 50lan takes - Lien he: Black Bloch.Akai (-73)
[2016/2/6 - 12:59:03] Quang cao: Can mua xe to chuc ai ban , lien he nha yeu nhieu lam - Lien he: Hidan Tony (219444)
[2016/2/6 - 12:59:48] Quang cao: can sell Feecar x3 voi Vip Silver x8 voi Vip Gold x6 ai mua gi /call  - Lien he: Cai Bang Kyo (371374)
[2016/2/6 - 13:07:09] Quang cao: Mua credits - Lien he: Hidan Tony (219444)
[2016/2/6 - 13:12:16] Quang cao: Tat Lai Benh Vien Lay Dan Sung - Lien he: Black Bloch.Akai (-73)
[2016/2/6 - 13:22:23] Quang cao: B> Vip Gold Vip Silver Vip KIm Cuong ai mua /sms - Lien he: Duc Nhan (730129)
[2016/2/6 - 13:24:14] Quang cao: Can ban the hoi vien Bac + Vang va banh xe rimkit ai mua Xin - Lien he: Bon Star (-2009)
[2016/2/6 - 14:20:36] Quang cao: Minh Nhat mua dien thoai di can gap co chuyen - Lien he: William Steven (141311)
[2016/2/6 - 14:35:07] Quang cao: Can mua 1 HQ max rong gia ca khong thanh van de - Lien he: Bin Hardy (209458)
[2016/2/6 - 15:43:23] Quang cao: M> m4 spas12 ai ban pm - Lien he: Dark Eagle (-1901)
[2016/2/6 - 15:50:08] Quang cao: M> m4 spas ai ban pm - Lien he: Dark Eagle (-1901)
[2016/2/6 - 15:56:00] Quang cao: can ban' 1 can nha` o LS gia 10m ai mua LH -9122 - Lien he: MaJor Ghost (-9122)
[2016/2/6 - 16:02:57] Quang cao: can mua rimkit ai ban pmmmmm - Lien he: XiPo Do (622041)
[2016/2/6 - 16:08:21] Quang cao: ban' 20k credits gia' 17m ai mua khong pmm - Lien he: Bauer CTU (920512)
[2016/2/6 - 16:27:06] Quang cao: BAN 38k credits gia 38m - Lien he: Rick Boom (-3434)
[2016/2/6 - 16:39:34] Quang cao: co ban. gai' nao kb lw fb k )) lam` gau' tet on gta 24/24 nay` - Lien he: Bauer CTU (920512)
[2016/2/6 - 16:44:54] Quang cao: Bauer and Ghost can ca~ sever = - ))) - Lien he: Bauer CTU (920512)
[2016/2/6 - 16:48:31] Quang cao:  - Lien he: Killer Vila (123456)
[2016/2/6 - 16:50:22] Quang cao: Can mua 1 cai khu dat co HQ , mua 500 credits - Lien he: Bin Hardy (209458)
[2016/2/6 - 16:50:43] Quang cao: F3 dang tuyen thanh vien hoa dong co phat sung mien phi ai vao [/call] - Lien he: xBoss Toganx (469615)
[2016/2/6 - 17:36:29] Quang cao: M> M4 spas 12 ai ban pm - Lien he: Dark Eagle (-1901)
[2016/2/6 - 18:06:46] Quang cao: B> 1 xe Faction 40k Credits  - Lien he: William Steven (141311)
[2016/2/6 - 18:10:52] Quang cao: Cua Hang 24/7 Ngay Vip Moi Khai Truong Moi Nguoi Den Ung Ho - Lien he: Ethan Jockey (823788)
[2016/2/6 - 18:13:42] Quang cao:  - Lien he: Nick (465469)
[2016/2/6 - 18:22:47] Quang cao: Team F3 Boss IS tuyen thanh vien vao gangster phat sung mien phi vao [/call] - Lien he: xBoss Toganx (469615)
[2016/2/6 - 18:47:51] Quang cao: Can mua m4 ai ban pmmm - Lien he: Dark Eagle (-1901)
[2016/2/6 - 18:49:01] Quang cao: F3 Boss IS dang tuyen thanh vien Roleplay ai vào [/call] - Lien he: xBoss Toganx (469615)
[2016/2/6 - 18:55:09] Quang cao: F3 tuyen thanh vien Roleplay vao family chu nhat phat luong ai vao [/call] - Lien he: xBoss Toganx (469615)
[2016/2/6 - 18:56:42] Quang cao: Can sell 1 can nha o LS ai mua /call  - Lien he: xBoss Kute (371374)
[2016/2/6 - 20:15:33] Quang cao: F3 dang tuyen thanh vien Roleplay phat sung mien phi phat luon vao [/call] - Lien he: xBoss Toganx (469615)
[2016/2/6 - 20:18:01] Quang cao: Ai Lay Tien + Xe Thi Lai Vip - Lien he: Black Snow (-73)
[2016/2/6 - 20:18:57] Quang cao: Can Ban 30,000 Materials Ai mua  - Lien he: Phong Goodboy (-25252525)
[2016/2/6 - 20:30:45] Quang cao: M> 100k vat lieu ai ban pm\ - Lien he: Dark Eagle (-1901)
[2016/2/6 - 21:01:22] Quang cao: can mua 1 biz nho = credits ai ban LH -9122 - Lien he: MaJor Ghost (-9122)
[2016/2/6 - 21:10:22] Quang cao: F3 tuyen anh em vào family ai vao [/call] - Lien he: xBoss Toganx (469615)
[2016/2/6 - 21:25:12] Quang cao: T~ vk chung thuy, duoc cho tien cho súng có ai làm khong ? [/call] - Lien he: xBoss Toganx (469615)
[2016/2/6 - 21:26:51] Quang cao: Can Tuyen VK Yeu CK ai lam [LH] - Lien he: xBoss Kute (371374)
[2016/2/6 - 21:46:27] Quang cao: M> Nhà xin noi that dep giá re - Lien he: Mister Huy (-6996)
[2016/2/6 - 21:48:56] Quang cao: Can mua Nhà Ðep. hoac gan vip or Benh vien - Lien he: Mister Huy (-6996)
[2016/2/7 - 8:29:49] Quang cao: M> vat lieu so luong lon + ban credit ai quan tam pm - Lien he: Dark Eagle (-1901)
[2016/2/7 - 8:38:23] Quang cao: Ai Muon Choi Poker vao Trong Viplocker nhe - Lien he: MonKey.D Luffy (-123456789)
[2016/2/7 - 8:41:10] Quang cao: M> Vat lieu SLL ai ban pm - Lien he: Dark Eagle (-1901)
[2016/2/7 - 8:41:40] Quang cao: can tuyen ck - Lien he: Nhi Heo (523690)
[2016/2/7 - 8:44:03] Quang cao: ban' credits SLL ai mua LH -147 - Lien he: phat ghost (-147)
[2016/2/7 - 8:47:15] Quang cao: can ban' credits SLL ai mua LH -9122 - Lien he: MaJor Ghost (-9122)
[2016/2/7 - 9:02:20] Quang cao: can` ban' 30credits gia' 25m co fix ai mua LH -9122 - Lien he: MaJor Ghost (-9122)
[2016/2/7 - 9:23:19] Quang cao: Chao Moi Nguoi Toi Nay Giao Thua Vui Ve Nhe May Ban - Lien he: Boy Hardy (-8888)
[2016/2/7 - 9:38:09] Quang cao: team boss ga` vl...3 thang tao chap het' 1 so chay 1 so afk = )) - Lien he: Bauer CTU (920512)
[2016/2/7 - 9:40:31] Quang cao: 1 lu~ hack haizz thu? 1 thang trong team mày ko hack coi ? - Lien he: xBoss Toganx (469615)
[2016/2/7 - 9:56:52] Quang cao: MUA 1 CAI BIZ pizza hoac 24/7 gia re = credits - Lien he: LiOn Bucala (321426)
[2016/2/7 - 9:58:05] Quang cao: toi moi' thanh lap team gan` day  ( team Ghost ) ai nhu cau di war vao` - Lien he: Bauer CTU (920512)
[2016/2/7 - 9:58:08] Quang cao: F3 Buôn Ma tuý so luong lon, có ai mua khong ? mua thi LH: [/call] - Lien he: xBoss Toganx (469615)
[2016/2/7 - 9:59:53] Quang cao: ai mua HQ qua BV SF nhe  - Lien he: Jack Grap (329245)
[2016/2/7 - 10:35:59] Quang cao: Can Mua Vat lieu sll - Lien he: LTT Dung (-703)
[2016/2/7 - 10:40:12] Quang cao: Can mua nha roi nhu biet thu ai ban call - Lien he: Avengers Nghia (-5555)
[2016/2/7 - 10:43:57] Quang cao: Mua vat lieu lon gia ca thuong luong ai co pmmmmmm - Lien he: Tuan Pirates (302981)
[2016/2/7 - 10:47:15] Quang cao: Mua Vat lieu So luong lon , Mua Freecar So luong lon - Lien he: Mister Huy (-6996)
[2016/2/7 - 10:48:59] Quang cao: Can Tuyen Nhan Vien Chung Thanh Phat Sung Di War  - Lien he: Mafia Xuyen (-56)
[2016/2/7 - 10:59:17] Quang cao: Can Mua Credits Sll Ai Quan Tam - Lien he: Aconlont Spatex (820015)
[2016/2/7 - 12:03:34] Quang cao: can ban Credits ai mua - Lien he: Office Yuri (-2004)
[2016/2/7 - 13:09:19] Quang cao: can ban 15k credits ai mua call -2003 - Lien he: Sjack Qui (288747)
[2016/2/7 - 13:21:13] Quang cao: mua credits sll ai co sell lai vip nhe - Lien he: Nathan Erwin (-16)
[2016/2/7 - 13:24:44] Quang cao: mua credits sll  co nhieu cung mua het  - Lien he: Nathan Erwin (-16)
[2016/2/7 - 13:31:22] Quang cao:  mua credits sll ai co sell mua het   - Lien he: Nathan Erwin (-16)
[2016/2/7 - 13:42:41] Quang cao: mua vat lieu so luong lon ai ban pmm - Lien he: Dark Eaglee (821447)
[2016/2/7 - 13:47:57] Quang cao: Can mua vat lieu - Lien he: Dennis Anderson (687997)
[2016/2/7 - 14:10:23] Quang cao: can mua vat lieu so luong lon ai ban pmmm - Lien he: Kent Dolce (-88)
[2016/2/7 - 14:30:20] Quang cao: F7 Can Tuyen Member Vao Families Di war Phat sung day du Ai vao pmmmmmmmm - Lien he: XiPo Do (622041)
[2016/2/7 - 14:33:56] Quang cao: Can Tuyen Member Vao f7 Phat Sung Truoc khi di War Ai vao pmmmmmmmm - Lien he: XiPo Do (622041)
[2016/2/7 - 14:36:11] Quang cao: Ai Vao f7 pmmmm tui Truoc Khi Di WAr Thi PHat Sung - Lien he: XiPo Do (622041)
[2016/2/7 - 14:40:54] Quang cao: Can Mua Cheeta ai ban - Lien he: Aconlont Spatex (820015)
[2016/2/7 - 14:52:32] Quang cao: can` ban' credits so luong lon ai mua  - Lien he: MaJor Ghost (-9122)
[2016/2/7 - 14:54:09] Quang cao: Can Ban Credits ai mua sms - Lien he: LTT Dung (-703)
[2016/2/7 - 14:55:30] Quang cao: can` ban' credits so luong lon ai mua - Lien he: MaJor Ghost (-9122)
[2016/2/7 - 14:57:58] Quang cao: B> Credits SLL , M> Vat lieu so luong lon - Lien he: Dark Eagle (-1901)
[2016/2/7 - 15:12:13] Quang cao: Can Ban Biz 24/7 o Benh vien ai mua  - Lien he: Black Snow (-73)
[2016/2/7 - 15:16:43] Quang cao: Can Mua Credits Sll Ai ban call - Lien he: Black Snow (-73)
[2016/2/7 - 15:20:22] Quang cao: Can Mua Credits sll ai ban - Lien he: Black Snow (-73)
[2016/2/7 - 15:25:22] Quang cao: M> Vat lieu SLL ai ban pm - Lien he: Dark Eagle (-1901)
[2016/2/7 - 15:28:33] Quang cao: Can mua Pot crack - Lien he: EVO Shark (116329)
[2016/2/7 - 15:38:48] Quang cao: can mua famliy ai ban calllllllllllllllllll - Lien he: Ho Kinh (229917)
[2016/2/7 - 15:44:05] Quang cao: M> Vat lieu so luong lon  - Lien he: Dark Eagle (-1901)
[2016/2/7 - 15:45:09] Quang cao: Cua Hang 24/7 O Benh Vien Lock Dien Voi Gia 45.000SAD Cac ban den ung ho - Lien he: Black Snow (-73)
[2016/2/7 - 15:50:26] Quang cao: can` mua VL so luog lon ai ban - Lien he: MaJor Ghost (-9122)
[2016/2/7 - 15:52:50] Quang cao: can mua VL so luong lon ai ban - Lien he: MaJor Ghost (-9122)
[2016/2/7 - 16:03:23] Quang cao: F11 Tuyen Nguoi Roleplay Ai Vao Thi  - Lien he: Smoke Smith (-73)
[2016/2/7 - 16:05:50] Quang cao: Can Ban 30k credits =28m ai mua sms - Lien he: LTT Dung (-703)
[2016/2/7 - 16:11:19] Quang cao: Can mua Credits Sll ai ban pmmmmmmmmmm - Lien he: Exciter Do (299008)
[2016/2/7 - 16:30:04] Quang cao: Can Ban XE LVPD GR Ban xe HPV GR Bullet GR NRG MTB ai mua pmmmmmmmmm - Lien he: XiPo Do (622041)
[2016/2/7 - 16:33:52] Quang cao: Can Ban 30k Credits ai mua sms - Lien he: LTT Dung (-703)
[2016/2/7 - 16:41:40] Quang cao: ai ban credits call - Lien he: Nhi Heo (523690)
[2016/2/7 - 16:54:20] Quang cao: Can Ban 40k credits ai mua SMS k Call - Lien he: LTT Dung (-703)
[2016/2/7 - 16:55:39] Quang cao: CAN BAN CREDITS AI MUA THI - Lien he: MonKey.D Luffy (-123456789)
[2016/2/7 - 17:57:11] Quang cao: B>Coin ai mua pm  - Lien he: Mean lipe (172184)
[2016/2/7 - 18:43:03] Quang cao: Can mua vat lieu so luong lon ai ban pmmm - Lien he: Kent Dolce (-88)
[2016/2/7 - 19:16:56] Quang cao: Bán Máy Bay Cargobob ai có nhu cau mua liên he - Lien he: Mister Huy (-6996)
[2016/2/7 - 19:40:55] Quang cao: can mua vip bach kim ai ban - Lien he: Office Yuri (-2004)
[2016/2/7 - 20:56:30] Quang cao: Mua vat lieu so luong lon bao nhieu cung mua súc het - Lien he: Mister Huy (-6996)
[2016/2/7 - 21:26:11] Quang cao: can` ban' 1 can nha` o LS gia 30m ai mua  - Lien he: MaJor Ghost (-9122)
[2016/2/7 - 22:08:35] Quang cao: can` mua VL so luong lon ai ban - Lien he: MaJor Ghost (-9122)
[2016/2/7 - 23:00:29] Quang cao: [ Dem Giao Thua 2016 ] : Thomas Dat Chuc moi nguoi Nam moi vui ve - Lien he: Thomas Dat (300583)
[2016/2/7 - 23:03:15] Quang cao: có bé nào online tói sáng trò chuyen vói a khong ? - Lien he: Bauer CTU (920512)
[2016/2/7 - 23:12:10] Quang cao:  - Lien he:  (300583)
[2016/2/7 - 23:14:19] Quang cao:  - Lien he: Tran Thuy Hoang (256561)
[2016/2/8 - 0:24:52] Quang cao: Tet den roi chuc anh em GTA SRL nam moi khoe manh tien vo ao` ao` nha' )) - Lien he: William Steven (141311)
[2016/2/8 - 1:17:53] Quang cao: Khoa huan luyen lai hydra cho To chuc nha nuoc day 1 lan 1m - Lien he: William Steven (141311)
[2016/2/8 - 1:27:09] Quang cao: can ban xe HV -100 50 trieu ai mua  - Lien he: Heo vo Tam (-153)
[2016/2/8 - 9:35:34] Quang cao: Mung` 2 AE di lanh tien li` xi` nhiu` nghen :V )) - Lien he: William Steven (141311)
[2016/2/8 - 9:45:35] Quang cao: can mua credits ai co SMS k Call  - Lien he: LTT Dung (-703)
[2016/2/8 - 11:06:19] Quang cao: Can mua Xe Faction Co GR - Lien he: LTT Dung (-703)
[2016/2/8 - 11:09:46] Quang cao: Can Ban 100k Credits ai mua SMS k call  - Lien he: LTT Dung (-703)
[2016/2/8 - 11:28:46] Quang cao: Ban 100k Credits = 70m ai mua sms - Lien he: LTT Dung (-703)
[2016/2/8 - 11:38:49] Quang cao: Li` Xi` Tai Vip Ai den nhan tien 1nguoi 1.000.000SAD nha - Lien he: Smoke Smith (-73)
[2016/2/8 - 12:11:49] Quang cao: Can Ban 100k Credit ai mua sms k call - Lien he: LTT Dung (-703)
[2016/2/8 - 12:14:46] Quang cao: Can Ban 100k Credits va` chiec SFPD GR ai mua sms  - Lien he: LTT Dung (-703)
[2016/2/8 - 12:45:37] Quang cao: Can Ban 100k Credits ai mua sms - Lien he: LTT Dung (-703)
[2016/2/8 - 12:47:14] Quang cao: can` ban' 1 can nha` o gan` Vip SF ai mua - Lien he: MaJor Ghost (-9122)
[2016/2/8 - 12:48:48] Quang cao: can ban' 1 can nha` o gan Vip SF ai mua - Lien he: MaJor Ghost (-9122)
[2016/2/8 - 13:13:28] Quang cao: can` mua 1 biz lam an nhan diep tet - Lien he: MaJor Ghost (-9122)
[2016/2/10 - 16:34:36] Quang cao:  - Lien he: Phuong Thao (149713)
[2016/2/10 - 17:03:00] Quang cao: Can Tuyen Nguoi Choi Arena Mot Van 100.000$ Khong Animbot or Hackinh - Lien he: Mark Oscar (680097)
[2016/2/11 - 15:04:09] Quang cao: Ai mua Ak 47 M4 Sniper Spas12 SMS toi - Lien he: LTT Dung (207450)
[2016/2/11 - 15:14:38] Quang cao: can mua pot crack so luong lon - Lien he: Nha Ngheo (157745)
[2016/2/11 - 15:21:01] Quang cao: Can Ban freecar va vipgold va Spas 12 m4  - Lien he: LTT Dung (-703)
[2016/2/11 - 15:43:26] Quang cao: can mua credits ai ban sms k call - Lien he: LTT Dung (-703)
[2016/2/11 - 19:31:30] Quang cao: can mua credits ai ban sms  - Lien he: LTT Dung (-703)
