[2015/11/28 - 20:41:54] Thong Vu created a Infernus (411) for Thong Vu.
[2015/11/28 - 21:05:41] Tom created a NRG-500 (522) for Tom.
[2016/1/31 - 8:48:01] Hoang Tu created a Savanna (567) for Hoang Tu.
[2016/1/31 - 10:07:51] Nha Giau created a Skimmer (460) for Nha Giau.
[2016/1/31 - 10:11:30] Nha Giau created a Sultan (560) for Nha Giau.
[2016/2/1 - 9:55:57] Nha Giau created a Sultan (560) for Nha Giau.
[2016/2/1 - 18:41:26] Waylen Sicaro created a FBI Rancher (490) for Ferreira Wilward.
[2016/2/1 - 18:41:36] Waylen Sicaro created a Police Maverick (497) for Ferreira Wilward.
[2016/2/1 - 18:41:41] Waylen Sicaro created a Police Car (SFPD) (597) for Ferreira Wilward.
[2016/2/1 - 20:43:23] Bee Lee created a NRG-500 (522) for Tommy Rifa.
[2016/2/2 - 20:57:12] Micheal Kane created a Police Car (SFPD) (597) for Micheal Sang.
[2016/2/2 - 20:57:22] Micheal Kane created a Police Car (LSPD) (596) for Micheal Sang.
[2016/2/2 - 20:57:26] Micheal Kane created a Police Maverick (497) for Micheal Sang.
[2016/2/2 - 20:57:38] Micheal Kane created a Dumper (406) for Micheal Sang.
[2016/2/2 - 21:12:42] Micheal Kane created a Duneride (573) for Aconlont Spatex.
[2016/2/2 - 21:12:59] Micheal Kane created a Dumper (406) for Aconlont Spatex.
[2016/2/2 - 21:13:31] Micheal Kane created a Maverick (487) for Aconlont Spatex.
[2016/2/2 - 21:44:11] Bay Stone created a Cheetah (415) for Micheal Sang.
[2016/2/3 - 0:55:30] Ong Gia created a NRG-500 (522) for Ong Gia.
[2016/2/3 - 7:23:45] Go Cu created a Police Car (SFPD) (597) for Brian A Sun.
[2016/2/3 - 7:30:35] Go Cu created a Police Car (SFPD) (597) for Harry Jinr.
[2016/2/3 - 7:30:38] Go Cu created a Police Car (LSPD) (596) for Harry Jinr.
[2016/2/3 - 7:30:41] Go Cu created a Police Ranger (599) for Harry Jinr.
[2016/2/3 - 7:37:53] Go Cu created a HPV-1000 (523) for Boy Hardy.
[2016/2/3 - 7:37:58] Go Cu created a Enforcer (427) for Boy Hardy.
[2016/2/3 - 7:38:31] Go Cu created a Police Maverick (497) for Boy Hardy.
[2016/2/3 - 7:39:12] Go Cu created a Police Car (LSPD) (596) for Boy Hardy.
[2016/2/3 - 8:19:02] Go Cu created a Enforcer (427) for Hai Saker.
[2016/2/3 - 8:54:51] Go Cu created a Infernus (411) for Go Cu.
[2016/2/3 - 10:01:43] Marvel Kaito created a Police Car (SFPD) (597) for Marvel Kaito.
[2016/2/3 - 12:55:44] Bay Stone created a Rustler (476) for Brian a Sun.
[2016/2/3 - 12:57:59] Bay Stone created a NRG-500 (522) for Bay Stone.
[2016/2/3 - 13:00:12] Bay Stone created a Bullet (541) for Bay Stone.
[2016/2/3 - 13:04:41] Bay Stone created a Seasparrow (447) for Brian a Sun.
[2016/2/3 - 14:46:09] Cuc Cut Co Don created a Hunter (425) for Uzimaki Naruto.
[2016/2/3 - 15:47:36] Wing created a Seasparrow (447) for Boy Hardy.
[2016/2/3 - 15:53:36] Bay Stone created a Hydra (520) for Brian A Sun.
[2016/2/3 - 16:19:52] David Vila created a Police Maverick (497) for David Vila.
[2016/2/3 - 18:42:48] Bay Stone created a PCJ-600 (461) for Bay Stone.
[2016/2/3 - 18:43:36] Bay Stone created a Turismo (451) for Bay Stone.
[2016/2/3 - 21:30:05] Bay Stone created a Maverick (487) for Bay Stone.
[2016/2/3 - 21:33:15] Bay Stone created a Sultan (560) for Bay Stone.
[2016/2/3 - 21:41:58] Bay Stone created a Dumper (406) for Bay Stone.
[2016/2/4 - 10:25:05] Park Soeng Hip created a Dumper (406) for Justice Cabrales.
[2016/2/4 - 12:16:51] David Vila created a Police Ranger (599) for OngTrum Mafia.
[2016/2/4 - 12:25:23] Thanh created a S.W.A.T. Van (601) for OngTrum Mafia.
[2016/2/4 - 12:26:18] Thanh created a FBI Truck (528) for OngTrum Mafia.
[2016/2/4 - 12:28:38] Thanh created a Police Car (LSPD) (596) for OngTrum Mafia.
[2016/2/4 - 13:26:04] Park Soeng Hip created a Police Car (LSPD) (596) for OngTrum Mafia.
[2016/2/4 - 13:26:19] Park Soeng Hip created a S.W.A.T. Van (601) for OngTrum Mafia.
[2016/2/4 - 13:26:39] Park Soeng Hip created a Police Car (SFPD) (597) for OngTrum Mafia.
[2016/2/4 - 13:26:56] Park Soeng Hip created a Police Car (LSPD) (596) for OngTrum Mafia.
[2016/2/4 - 13:28:39] Park Soeng Hip created a HPV-1000 (523) for OngTrum Mafia.
[2016/2/4 - 18:15:41] Nguyen Ngoc Tram created a Dumper (406) for Nguyen Ngoc Tram.
[2016/2/4 - 19:23:21] Nick created a Bullet (541) for Nick.
[2016/2/5 - 8:43:51] Nick created a Infernus (411) for Nick.
[2016/2/5 - 17:51:27] Bay Stone created a Cheetah (415) for Bay Stone.
[2016/2/5 - 19:56:54] Thanh created a Sultan (560) for Thanh.
[2016/2/5 - 20:29:17] Huy created a Enforcer (427) for OngTrum Mafia.
[2016/2/5 - 20:42:07] Nguyen Ngoc Tram created a RCCam (594) for Kio Sotuna.
[2016/2/5 - 20:42:26] Nguyen Ngoc Tram created a Police Car (SFPD) (597) for Kio Sotuna.
[2016/2/5 - 20:42:59] Nguyen Ngoc Tram created a RCCam (594) for Nguyen Ngoc Tram.
[2016/2/6 - 11:17:06] Nick created a Bullet (541) for Thao My.
[2016/2/6 - 11:20:10] Nick created a NRG-500 (522) for Nick.
[2016/2/6 - 11:20:35] Nick created a Police Ranger (599) for Nick.
[2016/2/6 - 14:44:34] Nick created a Sultan (560) for Thao My.
[2016/2/7 - 9:28:14] Thanh created a Police Car (LSPD) (596) for Dizz Nica.
[2016/2/7 - 17:49:19] James Min created a Hydra (520) for James Min.
[2016/2/7 - 17:51:29] James Min created a Hunter (425) for James Min.
[2016/2/7 - 20:33:14] Sarong Combat created a Infernus (411) for Sarong Combat.
[2016/2/8 - 9:04:58] Park Soeng Hip created a NRG-500 (522) for Park Soeng Hip.
[2016/2/8 - 10:40:40] Pon created a Dinghy (473) for Pon.
[2016/2/8 - 10:53:29] Pon created a RC Bandit (441) for Pon.
[2016/2/8 - 10:54:46] Pon created a RC Tiger (564) for Pon.
[2016/2/8 - 10:55:41] Pon created a Luggage Trailer B (607) for Pon.
[2016/2/8 - 10:57:38] Pon created a Rhino (432) for Pon.
[2016/2/8 - 10:58:54] Pon created a BF Injection (424) for Pon.
[2016/2/8 - 11:03:04] Pon created a Bobcat (422) for Pon.
[2016/2/10 - 12:11:28] Phuong Thao created a FBI Rancher (490) for LTT Dung.
[2016/2/10 - 13:44:33] Ferreira Wilward created a Sultan (560) for Ferreira Wilward.
[2016/2/10 - 14:43:12] Phuong Thao created a Police Car (SFPD) (597) for LTT Dung.
