[2016/2/2 - 13:09:38] IS Vila da moded xe rims 1080
[2016/2/2 - 13:11:15] IS Vila da moded xe rims 1080
[2016/2/2 - 14:35:19] Old Wilward da moded xe rims 1080
[2016/2/2 - 15:00:00] Rollet Tran da moded xe rims 1080
[2016/2/2 - 15:09:40] Old Renko da moded xe rims 1083
[2016/2/2 - 21:22:37] Micheal Sang da moded xe rims 1079
[2016/2/2 - 21:22:43] Micheal Sang da moded xe rims 1077
[2016/2/2 - 21:22:49] Micheal Sang da moded xe rims 1076
[2016/2/2 - 21:22:54] Micheal Sang da moded xe rims 1080
[2016/2/2 - 21:25:15] Micheal Sang da moded xe rims 1080
[2016/2/2 - 21:44:12] Be Vy da moded xe rims 1074
[2016/2/2 - 21:44:27] Micheal Sang da moded xe rims 1080
[2016/2/3 - 7:25:07] Boy Hardy da moded xe rims 1080
[2016/2/3 - 7:29:12] Go Cu da moded xe rims 1083
[2016/2/3 - 7:31:32] Brian A Sun da moded xe rims 1080
[2016/2/3 - 7:37:29] Harry Jinr da moded xe rims 1080
[2016/2/3 - 7:37:51] Harry Jinr da moded xe rims 1080
[2016/2/3 - 7:38:05] Harry Jinr da moded xe rims 1080
[2016/2/3 - 7:57:29] David Xuyen da moded xe rims 1080
[2016/2/3 - 7:58:09] David Xuyen da moded xe rims 1080
[2016/2/3 - 8:50:12] Boy Hardy da moded xe rims 1080
[2016/2/3 - 8:53:39] Boy Hardy da moded xe rims 1080
[2016/2/3 - 9:18:52] Boy Hardy da moded xe rims 1080
[2016/2/3 - 11:42:38] David Xuyen da moded xe rims 1080
[2016/2/3 - 13:10:27] EVO Shark da moded xe rims 1080
[2016/2/3 - 13:56:23] Boy Hardy da moded xe rims 1080
[2016/2/3 - 13:58:58] Be Vy da moded xe rims 1080
[2016/2/3 - 14:00:01] EVO Shark da moded xe rims 1080
[2016/2/3 - 14:14:29] Boy Hardy da moded xe rims 1080
[2016/2/3 - 14:21:25] Boy Hardy da moded xe rims 1080
[2016/2/3 - 14:57:08] Uzimaki Naruto da moded xe rims 1080
[2016/2/3 - 15:01:06] Boy Hardy da moded xe rims 1080
[2016/2/3 - 15:10:47] Bin Hardy da moded xe rims 1078
[2016/2/3 - 15:26:44] Boy Hardy da moded xe rims 1080
[2016/2/3 - 15:52:41] Bin Hardy da moded xe rims 1075
[2016/2/3 - 15:53:28] Bin Hardy da moded xe rims 1080
[2016/2/3 - 15:54:02] Bin Hardy da moded xe rims 1080
[2016/2/3 - 16:04:31] David Xuyen da moded xe rims 1080
[2016/2/3 - 16:05:32] David Xuyen da moded xe rims 1080
[2016/2/3 - 16:11:21] Bin Hardy da moded xe rims 1080
[2016/2/3 - 16:54:19] SG Hades da moded xe rims 1080
[2016/2/3 - 16:54:45] SG Hades da moded xe rims 1080
[2016/2/3 - 16:55:02] SG Hades da moded xe rims 1080
[2016/2/3 - 16:55:27] SG Hades da moded xe rims 1080
[2016/2/3 - 16:55:46] SG Hades da moded xe rims 1080
[2016/2/3 - 16:56:12] SG Hades da moded xe rims 1080
[2016/2/3 - 16:57:06] SG Hades da moded xe rims 1080
[2016/2/3 - 16:59:02] SG Hades da moded xe rims 1080
[2016/2/3 - 16:59:45] SG Hades da moded xe rims 1080
[2016/2/3 - 17:10:47] SG Hades da moded xe rims 1080
[2016/2/3 - 17:37:33] Hai Cau da moded xe rims 1080
[2016/2/3 - 17:43:52] Natt Hardy da moded xe rims 1080
[2016/2/3 - 17:44:28] Bin Hardy da moded xe rims 1080
[2016/2/3 - 17:45:38] Bin Hardy da moded xe rims 1080
[2016/2/3 - 17:49:01] Bay Stone da moded xe rims 1080
[2016/2/3 - 17:55:26] Danh Los da moded xe rims 1080
[2016/2/3 - 18:01:26] Co Dong da moded xe rims 1080
[2016/2/3 - 18:02:08] SG Hades da moded xe rims 1080
[2016/2/3 - 18:02:31] SG Hades da moded xe rims 1080
[2016/2/3 - 18:05:39] SG Hades da moded xe rims 1080
[2016/2/3 - 18:09:48] SG Hades da moded xe rims 1080
[2016/2/3 - 18:11:53] SG Hades da moded xe rims 1080
[2016/2/3 - 18:12:17] EVO Shark da moded xe rims 1079
[2016/2/3 - 18:14:47] NhanPham Animation da moded xe rims 1080
[2016/2/3 - 18:15:44] SG Hades da moded xe rims 1080
[2016/2/3 - 18:19:05] SG Hades da moded xe rims 1080
[2016/2/3 - 18:20:22] Phi Pirates da moded xe rims 1098
[2016/2/3 - 18:20:25] Phi Pirates da moded xe rims 1097
[2016/2/3 - 18:25:11] NhanPham Animation da moded xe rims 1080
[2016/2/3 - 18:30:13] Pirates Zenzo da moded xe rims 1075
[2016/2/3 - 18:31:53] NhanPham Animation da moded xe rims 1080
[2016/2/3 - 18:37:54] Peter Bon da moded xe rims 1080
[2016/2/3 - 18:45:46] Bay Stone da moded xe rims 1080
[2016/2/3 - 19:15:29] Nam Hardy da moded xe rims 1080
[2016/2/3 - 19:26:20] Phong Goodboy da moded xe rims 1080
[2016/2/3 - 19:29:24] Hudson Lavida da moded xe rims 1080
[2016/2/3 - 19:30:17] Nathan Erwin da moded xe rims 1080
[2016/2/3 - 19:38:07] Fima Rik da moded xe rims 1080
[2016/2/3 - 19:39:03] Nathan Erwin da moded xe rims 1080
[2016/2/3 - 19:39:52] Fima Rik da moded xe rims 1080
[2016/2/3 - 19:42:03] Quoc Dong da moded xe rims 1083
[2016/2/3 - 19:43:08] Jack Gambits da moded xe rims 1080
[2016/2/3 - 19:45:33] Exciter Do da moded xe rims 1080
[2016/2/3 - 19:46:30] XiPo Do da moded xe rims 1080
[2016/2/3 - 19:54:47] Danh Los da moded xe rims 1080
[2016/2/3 - 19:56:28] Nam Hardy da moded xe rims 1080
[2016/2/3 - 20:16:01] Nam Hardy da moded xe rims 1080
[2016/2/3 - 20:17:00] Nam Hardy da moded xe rims 1080
[2016/2/3 - 20:20:20] Nam Hardy da moded xe rims 1080
[2016/2/3 - 20:20:32] Avengers Nghia da moded xe rims 1080
[2016/2/3 - 20:27:41] Boy Hardy da moded xe rims 1080
[2016/2/3 - 20:42:26] Bin Hardy da moded xe rims 1080
[2016/2/3 - 20:48:18] Nathan Erwin da moded xe rims 1080
[2016/2/3 - 20:48:55] HaiBo Animation da moded xe rims 1080
[2016/2/3 - 20:50:08] Bin Hardy da moded xe rims 1080
[2016/2/3 - 20:50:29] Bin Hardy da moded xe rims 1080
[2016/2/3 - 20:50:54] Bin Hardy da moded xe rims 1080
[2016/2/3 - 21:02:18] Bin Hardy da moded xe rims 1080
[2016/2/3 - 22:51:17] Xipo Do da moded xe rims 1080
[2016/2/4 - 0:40:35] Chaly Do da moded xe rims 1080
[2016/2/4 - 7:05:31] Vuong Hardy da moded xe rims 1074
[2016/2/4 - 7:05:40] Vuong Hardy da moded xe rims 1074
[2016/2/4 - 7:10:21] Vuong Hardy da moded xe rims 1079
[2016/2/4 - 7:10:34] Vuong Hardy da moded xe rims 1080
[2016/2/4 - 7:18:16] Vuong Hardy da moded xe rims 1080
[2016/2/4 - 7:19:32] Boy Hardy da moded xe rims 1080
[2016/2/4 - 7:20:23] Boy Hardy da moded xe rims 1080
[2016/2/4 - 7:21:03] Boy Hardy da moded xe rims 1080
[2016/2/4 - 7:22:31] Boy Hardy da moded xe rims 1080
[2016/2/4 - 7:22:51] Vuong Hardy da moded xe rims 1080
[2016/2/4 - 7:23:31] Vuong Hardy da moded xe rims 1080
[2016/2/4 - 7:25:51] Vuong Hardy da moded xe rims 1080
[2016/2/4 - 7:37:10] Vuong Hardy da moded xe rims 1080
[2016/2/4 - 8:19:29] SG Hades da moded xe rims 1080
[2016/2/4 - 9:15:24] Exciter Do da moded xe rims 1080
[2016/2/4 - 10:11:46] SG Hades da moded xe rims 1080
[2016/2/4 - 10:23:54] SG Hades da moded xe rims 1080
[2016/2/4 - 10:26:29] SG Hades da moded xe rims 1080
[2016/2/4 - 11:17:21] Tran Hoang Long da moded xe rims 1080
[2016/2/4 - 11:53:31] Ivan Hardwell da moded xe rims 1080
[2016/2/4 - 12:24:44] SG Hades da moded xe rims 1080
[2016/2/4 - 12:31:04] SG Hades da moded xe rims 1080
[2016/2/4 - 12:50:30] Boy Hardy da moded xe rims 1080
[2016/2/4 - 13:00:41] Nguyen Ngoc Tram da moded xe rims 1085
[2016/2/4 - 13:00:48] Nguyen Ngoc Tram da moded xe rims 1025
[2016/2/4 - 13:22:14] Boy Hardy da moded xe rims 1080
[2016/2/4 - 13:23:19] Boy Hardy da moded xe rims 1080
[2016/2/4 - 13:40:46] OngTrum Mafia da moded xe rims 1080
[2016/2/4 - 13:40:51] Nam Hardy da moded xe rims 1080
[2016/2/4 - 13:41:29] OngTrum Mafia da moded xe rims 1080
[2016/2/4 - 13:41:58] OngTrum Mafia da moded xe rims 1080
[2016/2/4 - 13:56:38] OngTrum Mafia da moded xe rims 1080
[2016/2/4 - 13:59:16] con cac da moded xe rims 1080
[2016/2/4 - 14:04:59] Saito A da moded xe rims 1080
[2016/2/4 - 14:11:47] Nhan DepTrai da moded xe rims 1080
[2016/2/4 - 14:13:17] Nhan DepTrai da moded xe rims 1080
[2016/2/4 - 14:14:34] Cai Bang da moded xe rims 1080
[2016/2/4 - 14:15:18] davit chase da moded xe rims 1080
[2016/2/4 - 14:16:51] davit chase da moded xe rims 1080
[2016/2/4 - 14:17:16] Tuan Nguyen da moded xe rims 1080
[2016/2/4 - 14:23:11] OngTrum Mafia da moded xe rims 1080
[2016/2/4 - 14:43:16] Robbie Williams da moded xe rims 1080
[2016/2/4 - 14:44:48] Alexander Jachender da moded xe rims 1080
[2016/2/4 - 15:53:33] Max Slayer da moded xe rims 1085
[2016/2/4 - 16:06:02] MaJor Ghost da moded xe rims 1080
[2016/2/4 - 16:06:26] MaJor Ghost da moded xe rims 1080
[2016/2/4 - 16:07:17] MaJor Ghost da moded xe rims 1080
[2016/2/4 - 16:07:55] MaJor Ghost da moded xe rims 1080
[2016/2/4 - 16:11:21] Robbie Williams da moded xe rims 1080
[2016/2/4 - 16:15:28] Robbie Williams da moded xe rims 1080
[2016/2/4 - 16:30:34] SG Hades da moded xe rims 1080
[2016/2/4 - 16:30:47] SG Hades da moded xe rims 1080
[2016/2/4 - 16:41:31] Robbie Williams da moded xe rims 1080
[2016/2/4 - 16:44:45] Robbie Williams da moded xe rims 1080
[2016/2/4 - 16:56:03] Bu Ba da moded xe rims 1080
[2016/2/4 - 16:59:25] Robbie Williams da moded xe rims 1080
[2016/2/4 - 17:47:44] Nguyen Ngoc Tram da moded xe rims 1081
[2016/2/4 - 17:50:31] Nguyen Ngoc Tram da moded xe rims 1076
[2016/2/4 - 17:50:36] Nguyen Ngoc Tram da moded xe rims 1096
[2016/2/4 - 18:23:05] Ivan Hardwell da moded xe rims 1080
[2016/2/4 - 18:24:01] Ivan Hardwell da moded xe rims 1080
[2016/2/4 - 18:34:10] Micheal Bradley da moded xe rims 1080
[2016/2/4 - 18:36:24] Micheal Bradley da moded xe rims 1080
[2016/2/4 - 18:57:49] Robbie Williams da moded xe rims 1080
[2016/2/4 - 18:58:52] Ivan Hardwell da moded xe rims 1080
[2016/2/4 - 19:24:20] Nick da moded xe rims 1080
[2016/2/4 - 20:28:09] Phat Hardy da moded xe rims 1080
[2016/2/4 - 20:37:56] Thang hays da moded xe rims 1080
[2016/2/4 - 21:24:33] Black Bloch.Akai da moded xe rims 1080
[2016/2/4 - 21:27:41] Bin Hardy da moded xe rims 1080
[2016/2/4 - 21:43:32] Mon Star da moded xe rims 1080
[2016/2/4 - 21:50:30] Mon Star da moded xe rims 1080
[2016/2/4 - 22:16:24] Black Bloch.Akai da moded xe rims 1080
[2016/2/4 - 22:16:46] Black Bloch.Akai da moded xe rims 1080
[2016/2/4 - 22:17:46] Jimmy Nguyen. da moded xe rims 1080
[2016/2/4 - 23:16:44] Mon Star da moded xe rims 1080
[2016/2/4 - 23:50:27] Rick Boom da moded xe rims 1083
[2016/2/5 - 8:24:02] Vuong Idol da moded xe rims 1025
[2016/2/5 - 8:44:19] Nick da moded xe rims 1080
[2016/2/5 - 8:55:29] Vuong Idol da moded xe rims 1077
[2016/2/5 - 14:31:18] Robbie Williams da moded xe rims 1080
[2016/2/5 - 14:32:36] TraF hoanganh da moded xe rims 1080
[2016/2/5 - 14:34:58] Kio Sotuna da moded xe rims 1080
[2016/2/5 - 14:40:43] Phong Goodboy da moded xe rims 1080
[2016/2/5 - 14:48:24] OngTrum Mafia da moded xe rims 1080
[2016/2/5 - 14:48:53] MaJor Ghost da moded xe rims 1080
[2016/2/5 - 14:55:26] Mia khung da moded xe rims 1080
[2016/2/5 - 14:59:24] Super Jeff da moded xe rims 1073
[2016/2/5 - 15:23:38] Monkey.D Luffy da moded xe rims 1080
[2016/2/5 - 15:47:54] Bin nhoxx da moded xe rims 1097
[2016/2/5 - 15:47:59] Bin nhoxx da moded xe rims 1074
[2016/2/5 - 15:51:18] Monkey.D Luffy da moded xe rims 1080
[2016/2/5 - 15:57:03] Robbie Williams da moded xe rims 1080
[2016/2/5 - 16:09:31] Evil Mafia da moded xe rims 1080
[2016/2/5 - 17:51:39] Bay Stone da moded xe rims 1080
[2016/2/5 - 18:39:24] Carl Johnson da moded xe rims 1079
[2016/2/5 - 18:56:10] Jimmy Nguyen. da moded xe rims 1080
[2016/2/5 - 20:33:24] OngTrum Mafia da moded xe rims 1080
[2016/2/5 - 20:56:48] EVO Shark da moded xe rims 1079
[2016/2/6 - 8:54:01] Cai Bang Kyo da moded xe rims 1080
[2016/2/6 - 10:49:44] Avengers Nghia da moded xe rims 1080
[2016/2/6 - 11:17:48] Nick da moded xe rims 1080
[2016/2/6 - 11:36:19] Bin Hardy da moded xe rims 1080
[2016/2/6 - 11:37:52] Romar Crazy da moded xe rims 1083
[2016/2/6 - 12:47:08] Duc Nhan da moded xe rims 1080
[2016/2/6 - 13:12:00] Duc Nhan da moded xe rims 1080
[2016/2/6 - 13:35:23] Darcy Bradley da moded xe rims 1025
[2016/2/6 - 13:44:55] Rick Boom da moded xe rims 1078
[2016/2/6 - 13:46:07] Duc Nhan da moded xe rims 1080
[2016/2/6 - 14:06:36] Bin Hardy da moded xe rims 1080
[2016/2/6 - 18:20:15] Mafia Xuyen da moded xe rims 1080
[2016/2/6 - 19:45:24] Jet Tu da moded xe rims 1080
[2016/2/6 - 20:11:46] Darcy Bradley da moded xe rims 1080
[2016/2/6 - 21:43:32] Mister Huy da moded xe rims 1080
[2016/2/7 - 0:41:42] XiPo Do da moded xe rims 1080
[2016/2/7 - 0:44:00] XiPo Do da moded xe rims 1080
[2016/2/7 - 10:45:41] Mister Huy da moded xe rims 1080
[2016/2/7 - 14:39:43] Robbie Williams da moded xe rims 1080
[2016/2/7 - 14:41:56] Dizz Nica da moded xe rims 1080
[2016/2/7 - 15:05:58] Robbie Williams da moded xe rims 1080
[2016/2/7 - 15:15:59] xBoss Hades da moded xe rims 1080
[2016/2/7 - 15:18:50] xBoss Hades da moded xe rims 1080
[2016/2/7 - 15:19:06] xBoss Hades da moded xe rims 1080
[2016/2/7 - 15:33:29] xBoss Hades da moded xe rims 1080
[2016/2/7 - 15:37:34] ACE Heineken da moded xe rims 1080
[2016/2/7 - 15:39:20] LTT Dung da moded xe rims 1080
[2016/2/7 - 15:43:14] xBoss Hades da moded xe rims 1080
[2016/2/7 - 15:51:05] Tortugas Ella da moded xe rims 1080
[2016/2/7 - 16:42:52] Robbie Williams da moded xe rims 1080
[2016/2/7 - 16:49:53] Nhi Heo da moded xe rims 1080
[2016/2/7 - 16:56:35] Ho Kinh da moded xe rims 1080
[2016/2/7 - 17:14:02] James Andreson da moded xe rims 1080
[2016/2/7 - 17:22:40] Nhi Heo da moded xe rims 1083
[2016/2/7 - 17:52:16] Kio Sotuna da moded xe rims 1080
[2016/2/7 - 17:56:27] Daniel Mathews da moded xe rims 1073
[2016/2/7 - 19:38:08] Legend Dat da moded xe rims 1080
[2016/2/7 - 19:38:55] Nhi Heo da moded xe rims 1075
[2016/2/7 - 23:26:00] Bin Harry da moded xe rims 1080
[2016/2/8 - 11:01:16] Pon da moded xe rims 1080
[2016/2/8 - 11:03:17] Pon da moded xe rims 1080
[2016/2/11 - 14:39:51] LTT Dung da moded xe rims 1080
[2016/2/11 - 14:43:22] LTT Dung da moded xe rims 1080
