[2015/11/28 - 20:54:08] Thong Vu changed Thong_Vu's name to Tom
[2016/1/30 - 23:39:57] Ong Gia has given Ong Gia $10,000 (/givemoney)
[2016/1/31 - 8:15:24] James Andreson changed James_Andreson's name to Thanh
[2016/1/31 - 8:28:18] Thanh has given TamHoang Hai $2,000,000 (/givemoney)
[2016/1/31 - 8:29:42] Nguyen Ngoc Tram has given Ly Mac Sau $2,000,000 (/givemoney)
[2016/1/31 - 8:36:33] Thanh has given Thanh $10,000,000 (/givemoney)
[2016/1/31 - 8:36:39] Thanh has given Thanh $1,000,000 (/givemoney)
[2016/1/31 - 8:39:27] Nguyen Ngoc Tram has given Nguyen Bon $2,000,000 (/givemoney)
[2016/1/31 - 8:41:17] Hoang Tu da dieu chinh tien Ly Mac Buon's thanh $5555555 (/setmoney)
[2016/1/31 - 9:09:10] Hoang Tu changed Hoang_Tu's name to Nha_Giao
[2016/1/31 - 9:09:19] Nha Giao changed Nha_Giao's name to Nha_Giau
[2016/1/31 - 9:10:47] Nha Giau da dieu chinh tien TOny Boy's thanh $1000000 (/setmoney)
[2016/1/31 - 9:10:53] Nha Giau da dieu chinh tien TOny Boy's thanh $1000000 (/setmoney)
[2016/1/31 - 9:10:56] Nha Giau da dieu chinh tien Johns Smith's thanh $1000000 (/setmoney)
[2016/1/31 - 9:16:24] Nha Giau da dieu chinh tien Nha Giau's thanh $1000000 (/setmoney)
[2016/1/31 - 10:41:08] Smoke Andreson changed Smoke_Andreson's name to Huy
[2016/1/31 - 13:06:37] Vinh Thai has given Vinh Thai $200,000 (/givemoney)
[2016/1/31 - 14:30:00] Bee Lee has given Peter Pank $5,000,000 (/givemoney)
[2016/1/31 - 15:28:22] Vinh Thai thay doi ten "Adree Holler"s thanh "Peter.Justin_Keyller" (id: 59) voi gia $60000
[2016/1/31 - 16:34:44] An Nguyen changed An_Nguyen's name to cc
[2016/1/31 - 16:35:47] Bee Lee changed cc's name to Ten_nonrp
[2016/1/31 - 16:36:27] Bee Lee changed Ten_nonrp's name to An_Nguyen
[2016/1/31 - 16:37:51] Vinh Thai has given Vinh Thai $5,000,000 (/givemoney)
[2016/1/31 - 16:40:00] Vinh Thai has given Vinh Thai $5,000,000 (/givemoney)
[2016/1/31 - 16:40:22] Vinh Thai has given Vinh Thai $5,000,000 (/givemoney)
[2016/1/31 - 16:52:42] An Nguyen has given Avengers Filler $1,000,000 (/givemoney)
[2016/2/1 - 1:24:59] Ong Giag changed Ong_Giag's name to Ong_Gia
[2016/2/1 - 9:39:18] Phan Thaii has given Phan Thaii $50,000,000 (/givemoney)
[2016/2/1 - 9:43:18] Hoang Tu da dieu chinh tien Leo Bao's thanh $100000 (/setmoney)
[2016/2/1 - 9:48:33]    Leo Bao's Level has been set to 4. by Hoang Tu
[2016/2/1 - 9:53:24] Hoang Tu changed Hoang_Tu's name to Nha_Giau
[2016/2/1 - 10:12:31] Nha Giau da dieu chinh tien Kieu Trinh's thanh $1000000 (/setmoney)
[2016/2/1 - 10:12:33] Nha Giau da dieu chinh tien Mafia John's thanh $1000000 (/setmoney)
[2016/2/1 - 10:19:15] Nha Giau da dieu chinh tien Winx Hoang's thanh $1000000 (/setmoney)
[2016/2/1 - 10:19:35] Nha Giau da dieu chinh tien TamHoang Long's thanh $3000000 (/setmoney)
[2016/2/1 - 10:23:00] Nha Giau has given Winx Hoang $2,222 (/givemoney)
[2016/2/1 - 10:28:51] Nha Giau da dieu chinh tien Nha Giau's thanh $10000000 (/setmoney)
[2016/2/1 - 10:34:38] Nha Giau changed Harry_Jinrs's name to Harry_Jinr
[2016/2/1 - 10:39:13] Nha Giau da dieu chinh tien Avenger Filler's thanh $100000 (/setmoney)
[2016/2/1 - 10:40:41] Phan Thaii changed Phan_Thaii's name to Vinh_Thai
[2016/2/1 - 10:43:24]    Tran ThuyHoang's Materials have been set to 10000. by Nha Giau
[2016/2/1 - 11:02:47] Ong Gia has given Winx Hoang $500,000 (/givemoney)
[2016/2/1 - 11:02:50] Ong Gia has given Avenger Filler $500,000 (/givemoney)
[2016/2/1 - 11:27:57] Ong Gia has given Ken Luvias $100,000 (/givemoney)
[2016/2/1 - 11:28:01] Ong Gia has given Ken Luvias $500,000 (/givemoney)
[2016/2/1 - 11:36:34] Vinh Thai has given Vinh Thai $400,000 (/givemoney)
[2016/2/1 - 11:42:43] Vinh Thai has given tuan canh $490,000 (/givemoney)
[2016/2/1 - 11:43:57] Vinh Thai has given tuan canhs $490,000 (/givemoney)
[2016/2/1 - 11:44:25] Vinh Thai has given Exciter Jakie $4,000,000 (/givemoney)
[2016/2/1 - 11:44:36] Vinh Thai has given tuan canhs $4,000,000 (/givemoney)
[2016/2/1 - 14:09:36] Vinh Thai has given Vinh Thai $1,783,793,664 (/givemoney)
[2016/2/1 - 15:18:49] Exciter Jakie changed Exciter_Jakie's name to Nghia DEp Trai
[2016/2/1 - 15:18:49] Loi thay doi ten Exciter_Jakie's thanh Nghia DEp Trai
[2016/2/1 - 15:18:58] Exciter Jakie changed Exciter_Jakie's name to Nghia
[2016/2/1 - 15:19:22] Nghia changed Nghia's name to Exciter_Jakie
[2016/2/1 - 15:57:59] Nha Giau da dieu chinh tien Leg Dream's thanh $500000 (/setmoney)
[2016/2/1 - 15:58:09] Nha Giau da dieu chinh tien Fuyu Kaito's thanh $500000 (/setmoney)
[2016/2/1 - 16:04:37] Nha Giau da dieu chinh tien Fuyu Kaito's thanh $5000000 (/setmoney)
[2016/2/1 - 16:06:08] Nha Giau da dieu chinh tien Thanh Thao's thanh $300000 (/setmoney)
[2016/2/1 - 16:52:41] Nha Giau da dieu chinh tien Avengers Filler's thanh $1000000 (/setmoney)
[2016/2/1 - 17:02:29] Nha Giau changed Nha_Giau's name to Ryze_Bui
[2016/2/1 - 17:02:49] Ryze Bui changed Ryze_Bui's name to Nha_Giau
[2016/2/1 - 17:13:01] Nha Giau da dieu chinh tien Old Dog's thanh $1000000 (/setmoney)
[2016/2/1 - 17:13:05] Nha Giau da dieu chinh tien Na Na's thanh $1000000 (/setmoney)
[2016/2/1 - 17:13:29] Nha Giau da dieu chinh tien Hu Hu's thanh $100000 (/setmoney)
[2016/2/1 - 17:13:32] Nha Giau da dieu chinh tien Hu Hu's thanh $1000000 (/setmoney)
[2016/2/1 - 17:15:15] Fuyu Kaito changed Fuyu_Kaito's name to Wing
[2016/2/1 - 17:28:24] Nguyen Ngoc Tram changed Na_Na's name to John_Ethan
[2016/2/1 - 17:44:33] Vila Anonymous has given Vila Anonymous $1 (/givemoney)
[2016/2/1 - 17:44:36] Vila Anonymous has given Vila Anonymous $2 (/givemoney)
[2016/2/1 - 17:44:40] Vila Anonymous has given Vila Anonymous $300,000 (/givemoney)
[2016/2/1 - 17:45:31] Vila Anonymous has given Vila Anonymous $1,400,000,000 (/givemoney)
[2016/2/1 - 17:48:44] Vila Anonymous changed Fury_Anonymous's name to Quang_Trung
[2016/2/1 - 17:49:01] Vila Anonymous changed Nguyen_Bon's name to Thinh_pro
[2016/2/1 - 17:49:12] Vila Anonymous changed Thinh_pro's name to Nguyen_Bon
[2016/2/1 - 17:49:27] Vila Anonymous changed Lee_Goldmous's name to Thinh_PRo
[2016/2/1 - 17:49:39] Vila Anonymous changed Juan_anonymous's name to Mia_Khung
[2016/2/1 - 18:17:17] Waylen Sicaro changed Waylen_Sicaro's name to Zic_Blade
[2016/2/1 - 18:22:17] Zic Blade changed Zic_Blade's name to Waylen_Sicaro
[2016/2/1 - 18:40:52] Waylen Sicaro has given Ferreira Wilward $10,000,000 (/givemoney)
[2016/2/1 - 18:46:07] Nguyen Ngoc Tram changed Jack_SipHong's name to be_Nghia
[2016/2/1 - 19:40:49] Waylen Sicaro changed Waylen_Sicaro's name to Satthu_Maulanh
[2016/2/1 - 19:51:06] Vinh Thai has given TuanTai Pirates $50,000,000 (/givemoney)
[2016/2/1 - 19:51:11] Vinh Thai has given Carlos SlimHelu $50,000,000 (/givemoney)
[2016/2/1 - 19:51:12] Vinh Thai has given Carlos SlimHelu $500,000,000 (/givemoney)
[2016/2/1 - 19:51:15] Vinh Thai has given TuanTai Pirates $500,000,000 (/givemoney)
[2016/2/1 - 19:51:23] Vinh Thai has given Be Cu $500,000,000 (/givemoney)
[2016/2/1 - 19:57:23] Bee Lee changed John_Ethan's name to Old_Bitch
[2016/2/1 - 20:35:09] Satthu Maulanh changed Satthu_Maulanh's name to Zic_Blade
[2016/2/1 - 20:38:39] Zic Blade changed Zic_Blade's name to Waylen_Sicaro
[2016/2/1 - 20:39:16] Waylen Sicaro changed Waylen_Sicaro's name to Anic_Mickey
[2016/2/1 - 21:56:07] Bee Lee changed Bee_Lee's name to Avengers_FilIer
[2016/2/1 - 21:56:35] Avengers FilIer changed Avengers_FilIer's name to Bee_Lee
[2016/2/2 - 6:54:44] Nha Giau da dieu chinh tien Hai Saker's thanh $700000 (/setmoney)
[2016/2/2 - 6:54:49] Nha Giau da dieu chinh tien Hai Saker's thanh $1000000 (/setmoney)
[2016/2/2 - 7:11:37] Nha Giau da dieu chinh tien Hai Saker's thanh $2000000 (/setmoney)
[2016/2/2 - 7:49:26] Duong Minh Hieu changed Duong_Minh_Hieu's name to Nick
[2016/2/2 - 7:56:51] Nick has given Nick $100,000 (/givemoney)
[2016/2/2 - 7:59:03]    Wing's Level has been set to 8. by Wing
[2016/2/2 - 9:12:10] Wing da dieu chinh tien TamHoang Lam's thanh $0 (/setmoney)
[2016/2/2 - 9:24:17]    Vila Anonymous's Level has been set to 20. by Vila Anonymous
[2016/2/2 - 9:24:22]    Vila Anonymous's Level has been set to 10. by Vila Anonymous
[2016/2/2 - 9:25:18] Vila Anonymous changed Vila_Anonymous's name to Vila
[2016/2/2 - 9:29:41] Vinh Thai changed Vinh_Thai's name to Vinh
[2016/2/2 - 9:34:18] Vinh changed Vinh's name to Bay_Stone
[2016/2/2 - 10:04:39] Vila changed Vila's name to David_VIla
[2016/2/2 - 10:04:43] David VIla changed David_VIla's name to David_Vi
[2016/2/2 - 10:04:44] David Vi changed David_Vi's name to David_Vila
[2016/2/2 - 10:06:24] David Vila changed David_Vila's name to Vila
[2016/2/2 - 10:09:37] Nha Giau has given Nguyen Bon $100,000 (/givemoney)
[2016/2/2 - 10:28:50]    Vila's Level has been set to 3. by Vila
[2016/2/2 - 10:34:06] Nha Giau da dieu chinh tien Nguyen Huy's thanh $1000000 (/setmoney)
[2016/2/2 - 10:34:15] Vila changed Vila's name to IS_Vila
[2016/2/2 - 11:01:32] IS Vila changed Mafia_John's name to Boss_John
[2016/2/2 - 11:02:19] IS Vila changed xBoss_Mystoganx's name to Boss_Togan
[2016/2/2 - 11:02:57] Bay Stone has given TuanTai Pirates $500,000,000 (/givemoney)
[2016/2/2 - 11:45:37]    IS Vila's Materials have been set to 1000000. by IS Vila
[2016/2/2 - 11:45:41]    IS Vila's Materials have been set to 100000000. by IS Vila
[2016/2/2 - 11:45:50] Bee Lee changed Cuong_Super's name to Avengers_Cuong
[2016/2/2 - 11:49:30] Bee Lee has given Avengers Filler $1,000,000 (/givemoney)
[2016/2/2 - 11:49:32] Bee Lee has given Avengers Filler $10,000,000 (/givemoney)
[2016/2/2 - 11:56:57]    IS Vila's Drug Crates have been set to 100000. by IS Vila
[2016/2/2 - 11:57:51]    IS Vila's Rim Kits have been set to 6. by IS Vila
[2016/2/2 - 11:58:08]    IS Vila's Rim Kits have been set to 100000. by IS Vila
[2016/2/2 - 11:58:45] Nguyen Ngoc Tram has given Nguyen Ngoc Tram $100,000,000 (/givemoney)
[2016/2/2 - 12:14:50] Bee Lee changed Bee_Lee's name to Hieu_Nguyen
[2016/2/2 - 12:15:49] Hieu Nguyen changed Hieu_Nguyen's name to Bee_Lee
[2016/2/2 - 12:32:40] Nguyen Ngoc Tram has given Moster Giang $1,000,000 (/givemoney)
[2016/2/2 - 13:41:10] Nick thay doi ten "Thich Thi Chieu"s thanh "Gia_LUU" (id: 263) mien phi (non-RP name).
[2016/2/2 - 13:42:58]    IS Vila's Pot has been set to 2000000. by IS Vila
[2016/2/2 - 13:43:01]    IS Vila's Crack has been set to 2000000. by IS Vila
[2016/2/2 - 13:47:16] Old Bitch thay doi ten "Lao Dai"s thanh "Old_Nhok" (id: 269) mien phi (non-RP name).
[2016/2/2 - 14:20:36] IS Vila thay doi ten "Ferreira Wilward"s thanh "Old_Wilward" (id: 156) mien phi (non-RP name).
[2016/2/2 - 14:58:08] IS Vila changed IS_Vila's name to David_Vila
[2016/2/2 - 14:59:17]    David Vila's Spraycans have been set to 10000. by David Vila
[2016/2/2 - 15:09:03] Old Bitch thay doi ten "Akai Smith"s thanh "Old_Smith" (id: 297) mien phi (non-RP name).
[2016/2/2 - 15:14:42] Old Bitch thay doi ten "Dominich Rober"s thanh "Domminich_Robert" (id: 302) mien phi (non-RP name).
[2016/2/2 - 15:29:25] David Vila thay doi ten "Domminich Robert"s thanh "Old_Robert" (id: 302) mien phi (non-RP name).
[2016/2/2 - 15:51:27] Bay Stone has given Nguyen Bon $2,000,000 (/givemoney)
[2016/2/2 - 15:56:35] David Vila has given David Vila $10,000,000 (/givemoney)
[2016/2/2 - 15:56:41] David Vila has given David Vila $100,000,000 (/givemoney)
[2016/2/2 - 15:59:09] David Vila has given David Vila $999,999,999 (/givemoney)
[2016/2/2 - 15:59:52] Bay Stone has given Old Wilward $1,000,000 (/givemoney)
[2016/2/2 - 16:22:20]    David Vila's So dien thoai da duoc thiet lap thanh 113. boi David Vila
[2016/2/2 - 16:22:39]    David Vila's So dien thoai da duoc thiet lap thanh 987654. boi David Vila
[2016/2/2 - 16:25:29] David Vila thay doi ten "Old Robert"s thanh "Drame_Star" (id: 302) voi gia $45000
[2016/2/2 - 16:40:08] Bee Lee has given Drame Star $5,000,000 (/givemoney)
[2016/2/2 - 17:31:30] Nha Giau thay doi ten "My Meo"s thanh "Satt_Count" (id: 348) mien phi (non-RP name).
[2016/2/2 - 17:46:12] David Vila thay doi ten "fuckyou adm"s thanh "doiten_di" (id: 357) mien phi (non-RP name).
[2016/2/2 - 17:51:50] Nha Giau changed Nha_Giau's name to Cong_An_Phuong
[2016/2/2 - 17:55:48] Bay Stone has given David Vila $1 (/givemoney)
[2016/2/2 - 17:57:30] Cong An Phuong changed Cong_An_Phuong's name to Go_Cu
[2016/2/2 - 18:01:47]    Bee Lee's Level has been set to 5. by Bee Lee
[2016/2/2 - 18:16:36] Bee Lee has given Be Vy $5,000,000 (/givemoney)
[2016/2/2 - 18:24:41] Wing changed Wing's name to Kaito
[2016/2/2 - 18:33:12] Anic Mickey changed Anic_Mickey's name to Zic_Blade
[2016/2/2 - 18:47:21] Zic Blade changed Zic_Blade's name to Anic_Mickey
[2016/2/2 - 18:47:59] Anic Mickey changed Anic_Mickey's name to Zic_Blade
[2016/2/2 - 18:53:31] Bay Stone has given TuanTai Pirates $705,032,704 (/givemoney)
[2016/2/2 - 19:08:26] Zic Blade changed Zic_Blade's name to Anic_Mickey
[2016/2/2 - 19:09:59] Bee Lee changed Be_Nghia's name to Avengers_Nghia
[2016/2/2 - 19:10:16] Bee Lee changed Akai_Smith's name to Avengers_Smith
[2016/2/2 - 19:20:50] Anic Mickey changed Anic_Mickey's name to Zic_Blade
[2016/2/2 - 19:38:33] Kaito changed Kaito's name to Fuyu_Kaito
[2016/2/2 - 19:39:15] Zic Blade changed Zic_Blade's name to Anic_Mickey
[2016/2/2 - 19:48:04] Fuyu Kaito changed Fuyu_Kaito's name to Danny_Marvel
[2016/2/2 - 19:58:22] Danny Marvel has given Avengers Smith $100,000 (/givemoney)
[2016/2/2 - 19:58:59]    Avengers Smith's Level has been set to 5. by Danny Marvel
[2016/2/2 - 19:59:03]    Harry Jinr's Level has been set to 5. by Danny Marvel
[2016/2/2 - 19:59:15]    Avengers Smith's Playing Hours have been set to 12. by Danny Marvel
[2016/2/2 - 19:59:16]    Harry Jinr's Playing Hours have been set to 12. by Danny Marvel
[2016/2/2 - 20:04:35]    Boy Hardy's Level has been set to 5. by Danny Marvel
[2016/2/2 - 20:04:49]    Boy Hardy's Playing Hours have been set to 12. by Danny Marvel
[2016/2/2 - 20:11:31] Danny Marvel changed Danny_Marvel's name to Kaito
[2016/2/2 - 20:14:32] Old Bitch thay doi ten "Old Wilward"s thanh "Wiler_Keyller" (id: 156) voi gia $105000
[2016/2/2 - 20:15:29] Kaito changed Kaito's name to Wing
[2016/2/2 - 20:33:26] Anic Mickey changed Anic_Mickey's name to Zic_Blade
[2016/2/2 - 20:42:45] David Vila changed Avengers_Smith's name to Akail_Smith
[2016/2/2 - 20:42:49] David Vila changed Akail_Smith's name to Akai_Smith
[2016/2/2 - 20:45:51] Zic Blade changed Zic_Blade's name to Titi_Toto
[2016/2/2 - 20:48:31] Bay Stone changed Bay_Stone's name to Kane_Stone
[2016/2/2 - 20:51:16] Kane Stone changed Bay_Stone's name to fjewpfjewpjweoprjopewjr
[2016/2/2 - 20:53:22] Kane Stone changed Kane_Stone's name to Micheal_Kane
[2016/2/2 - 20:54:33] Titi Toto changed Titi_Hilosiba's name to Titi_Bebe
[2016/2/2 - 20:55:28] Micheal Kane changed Harlod_ShipMan's name to Micheal_Sang
[2016/2/2 - 21:00:36]    Micheal Sang's Level has been set to 10. by Micheal Kane
[2016/2/2 - 21:00:42] Micheal Kane has given Micheal Sang $50,000,000 (/givemoney)
[2016/2/2 - 21:00:44] Micheal Kane has given Micheal Sang $500,000,000 (/givemoney)
[2016/2/2 - 21:00:46] Micheal Kane has given Micheal Sang $100,000,000 (/givemoney)
[2016/2/2 - 21:00:57] Micheal Kane has given Micheal Sang $205,032,704 (/givemoney)
[2016/2/2 - 21:01:08] Micheal Kane has given Micheal Sang $205,032,704 (/givemoney)
[2016/2/2 - 21:03:07]    Micheal Sang's Rim Kits have been set to 10. by Micheal Kane
[2016/2/2 - 21:03:17]    Micheal Sang's Rim Kits have been set to 1000. by Micheal Kane
[2016/2/2 - 21:03:24]    Micheal Sang's Rim Kits have been set to 1215752192. by Micheal Kane
[2016/2/2 - 21:03:36]    Micheal Sang's Materials have been set to -1316487168. by Micheal Kane
[2016/2/2 - 21:03:38]    Micheal Sang's Materials have been set to -1539607552. by Micheal Kane
[2016/2/2 - 21:03:40]    Micheal Sang's Materials have been set to 705032704. by Micheal Kane
[2016/2/2 - 21:03:49]    Micheal Sang's Materials have been set to 0. by Micheal Kane
[2016/2/2 - 21:04:00]    Micheal Sang's Materials have been set to 1000000000. by Micheal Kane
[2016/2/2 - 21:04:05]    Micheal Sang's Materials have been set to 1000000000. by Micheal Kane
[2016/2/2 - 21:04:11]    Micheal Sang's Materials have been set to 2000000000. by Micheal Kane
[2016/2/2 - 21:04:15]    Micheal Sang's Materials have been set to 1410065408. by Micheal Kane
[2016/2/2 - 21:04:20]    Micheal Sang's Materials have been set to 2000000000. by Micheal Kane
[2016/2/2 - 21:04:25]    Micheal Sang's Materials have been set to 410065408. by Micheal Kane
[2016/2/2 - 21:04:32]    Micheal Sang's Materials have been set to 1410065408. by Micheal Kane
[2016/2/2 - 21:10:47] Micheal Kane has given Aconlont Spatex $276,447,232 (/givemoney)
[2016/2/2 - 21:10:51] Titi Toto changed Titi_Toto's name to Anic_Mickey
[2016/2/2 - 21:11:48]    Aconlont Spatex's Playing Hours have been set to 2. by Micheal Kane
[2016/2/2 - 21:11:56]    Aconlont Spatex's Materials have been set to 705032704. by Micheal Kane
[2016/2/2 - 21:12:07] Micheal Kane has given Aconlont Spatex $1,569,325,056 (/givemoney)
[2016/2/2 - 21:37:52] Anic Mickey changed Anic_Mickey's name to Anh_Nho_Em
[2016/2/2 - 21:40:17]    Micheal Sang's Heroin have been set to 10000000. by Bay Stone
[2016/2/2 - 22:12:26] Ong Gia has given Brian a Sun $1,000,000 (/givemoney)
[2016/2/3 - 7:12:13] Nguyen Ngoc Tram thay doi ten "Wiler Keyller"s thanh "Uzimaki_Naruto" (id: 156) voi gia $105000
[2016/2/3 - 7:20:25]    Nguyen Ngoc Tram's Rim Kits have been set to 1. by Nguyen Ngoc Tram
[2016/2/3 - 7:21:36]    Nguyen Ngoc Tram's Rim Kits have been set to 49. by Nguyen Ngoc Tram
[2016/2/3 - 7:23:48]    Nguyen Ngoc Tram's Rim Kits have been set to 100. by Nguyen Ngoc Tram
[2016/2/3 - 7:26:10]    Go Cu's Rim Kits have been set to 1. by Go Cu
[2016/2/3 - 7:27:25]    Nguyen Ngoc Tram's Materials have been set to 100000000. by Nguyen Ngoc Tram
[2016/2/3 - 7:31:08]    Harry Jinr's Rim Kits have been set to 1. by Go Cu
[2016/2/3 - 7:32:06]    Harry Jinr's Rim Kits have been set to 1. by Go Cu
[2016/2/3 - 7:34:10] Nguyen Ngoc Tram has given Boy Hardy $10,000,000 (/givemoney)
[2016/2/3 - 7:36:13]    Harry Jinr's Rim Kits have been set to 3. by Go Cu
[2016/2/3 - 7:37:37]    Nguyen Ngoc Tram's Rim Kits have been set to 1000. by Nguyen Ngoc Tram
[2016/2/3 - 7:38:39] Nguyen Ngoc Tram has given Harry Jinr $500,000 (/givemoney)
[2016/2/3 - 7:41:47] Nguyen Ngoc Tram has given Brian A Sun $10,000,000 (/givemoney)
[2016/2/3 - 7:49:07] Nguyen Ngoc Tram has given Harry Jinr $10,000,000 (/givemoney)
[2016/2/3 - 8:12:33] Bay Stone has given Bay Stone $500,000 (/givemoney)
[2016/2/3 - 8:27:59] Wing changed Wing's name to Nicky_Marvel
[2016/2/3 - 8:38:06] Nicky Marvel changed Nicky_Marvel's name to Wing
[2016/2/3 - 8:56:17] Bay Stone has given Nathan Erwin $2,000,000 (/givemoney)
[2016/2/3 - 9:22:28] Wing changed Wing's name to Dark_Knigh
[2016/2/3 - 9:27:29] Nguyen Ngoc Tram has given Nguyen Ngoc Tram $100,000,000 (/givemoney)
[2016/2/3 - 9:27:29] Nguyen Ngoc Tram has given Nguyen Ngoc Tram $100,000,000 (/givemoney)
[2016/2/3 - 9:27:30] Nguyen Ngoc Tram has given Nguyen Ngoc Tram $100,000,000 (/givemoney)
[2016/2/3 - 9:27:31] Nguyen Ngoc Tram has given Nguyen Ngoc Tram $100,000,000 (/givemoney)
[2016/2/3 - 9:27:31] Nguyen Ngoc Tram has given Nguyen Ngoc Tram $100,000,000 (/givemoney)
[2016/2/3 - 9:27:32] Nguyen Ngoc Tram has given Nguyen Ngoc Tram $100,000,000 (/givemoney)
[2016/2/3 - 9:27:32] Nguyen Ngoc Tram has given Nguyen Ngoc Tram $100,000,000 (/givemoney)
[2016/2/3 - 9:27:33] Nguyen Ngoc Tram has given Nguyen Ngoc Tram $100,000,000 (/givemoney)
[2016/2/3 - 9:27:33] Nguyen Ngoc Tram has given Nguyen Ngoc Tram $100,000,000 (/givemoney)
[2016/2/3 - 9:30:49] Nguyen Ngoc Tram has given Nguyen Ngoc Tram $1,000,000,000 (/givemoney)
[2016/2/3 - 9:32:37] Dark Knigh changed Dark_Knigh's name to Mark_Marvel
[2016/2/3 - 9:37:08] Nguyen Ngoc Tram da dieu chinh tien Nguyen Ngoc Tram's thanh $100000000 (/setmoney)
[2016/2/3 - 9:38:26] Mark Marvel changed Mark_Marvel's name to Wing
[2016/2/3 - 9:42:27]    Thien Nha's Level has been set to 5. by Wing
[2016/2/3 - 9:42:30]    Thien Nha's Playing Hours have been set to 12. by Wing
[2016/2/3 - 9:47:33] Wing changed Wing's name to Trung_Hieu
[2016/2/3 - 9:49:32]    Hai Saker's Playing Hours have been set to 12. by Trung Hieu
[2016/2/3 - 9:53:04]    Bet Stom's Level has been set to 5. by Trung Hieu
[2016/2/3 - 9:53:06]    Bet Stom's Playing Hours have been set to 12. by Trung Hieu
[2016/2/3 - 9:53:36] Trung Hieu changed Trung_Hieu's name to Billy_Failed
[2016/2/3 - 9:58:32] Billy Failed changed Billy_Failed's name to Marvel_Kaito
[2016/2/3 - 9:59:10] Nguyen Ngoc Tram has given Nathan Erwin $2,000,000 (/givemoney)
[2016/2/3 - 9:59:14] Nguyen Ngoc Tram has given Boy Hardy $2,000,000 (/givemoney)
[2016/2/3 - 9:59:18] Nguyen Ngoc Tram has given Mia khung $2,000,000 (/givemoney)
[2016/2/3 - 9:59:23] Nguyen Ngoc Tram has given Boss Togan $2,000,000 (/givemoney)
[2016/2/3 - 10:08:35] Marvel Kaito changed Marvel_Kaito's name to Wing
[2016/2/3 - 10:22:57]    Uzimaki Naruto's Playing Hours have been set to 12. by Wing
[2016/2/3 - 10:26:30] Go Cu changed Go_Cu's name to Hoang_Tu
[2016/2/3 - 10:29:03] Hoang Tu changed Hoang_Tu's name to Pizza_BOoy
[2016/2/3 - 10:29:05] Pizza BOoy changed Pizza_BOoy's name to Pizza_Boy
[2016/2/3 - 10:32:10] Pizza Boy changed Pizza_Boy's name to VQT
[2016/2/3 - 10:32:39] VQT changed VQT's name to Ban_Tang
[2016/2/3 - 10:36:08] Wing has given Harry Jinr $5,000,000 (/givemoney)
[2016/2/3 - 10:36:13] Ban Tang da dieu chinh tien Kaito Phat's thanh $9999999 (/setmoney)
[2016/2/3 - 10:36:14] Ban Tang da dieu chinh tien Kaito Phat's thanh $99999999 (/setmoney)
[2016/2/3 - 10:38:36] Wing has given Boy Hardy $3,000,000 (/givemoney)
[2016/2/3 - 10:38:50] Wing has given Uzimaki Naruto $1,000,000 (/givemoney)
[2016/2/3 - 10:52:40] Bay Stone has given Sip Do $2,000,000 (/givemoney)
[2016/2/3 - 12:49:04] Bay Stone has given Brian a Sun $20,000,000 (/givemoney)
[2016/2/3 - 13:49:35] David Vila thay doi ten "hack cleo"s thanh "wall_hack" (id: 541) mien phi (non-RP name).
[2016/2/3 - 13:51:42] Ban Tang changed Bee_Lee's name to Bistar
[2016/2/3 - 13:52:59] Ban Tang thay doi ten "wall hack"s thanh "cu_ba" (id: 541) mien phi (non-RP name).
[2016/2/3 - 13:53:43] Ban Tang changed Ban_Tang's name to Cuc_Cut_Co_Don
[2016/2/3 - 13:54:55] Cuc Cut Co Don changed Nha_Ngheo's name to jons_giang
[2016/2/3 - 13:55:57] Cuc Cut Co Don da dieu chinh tien jons giang's thanh $100000 (/setmoney)
[2016/2/3 - 13:56:00] Cuc Cut Co Don da dieu chinh tien jons giang's thanh $1000000 (/setmoney)
[2016/2/3 - 13:56:38] Bistar changed Bistar's name to Bee_Lee
[2016/2/3 - 13:58:16]    Be Vy's Rim Kits have been set to 1. by Bee Lee
[2016/2/3 - 14:36:11]    Harry Jinr's Rim Kits have been set to 3. by Cuc Cut Co Don
[2016/2/3 - 14:36:46] Nguyen Ngoc Tram has given David Xuyen $20,000,000 (/givemoney)
[2016/2/3 - 14:37:43] Nguyen Ngoc Tram has given David Xuyen $500,000 (/givemoney)
[2016/2/3 - 14:46:33]    Uzimaki Naruto's Rim Kits have been set to 3. by Cuc Cut Co Don
[2016/2/3 - 14:50:20] Smoke Andreson changed Smoke_Andreson's name to Huy
[2016/2/3 - 14:51:05]    David Vila's So dien thoai da duoc thiet lap thanh 123456. boi David Vila
[2016/2/3 - 15:24:27] Cuc Cut Co Don da dieu chinh tien Bill Yakuza's thanh $1000000 (/setmoney)
[2016/2/3 - 15:28:55] James Andreson changed James_Andreson's name to Thanh
[2016/2/3 - 15:42:59] David Vila has given David Vila $100,000,000 (/givemoney)
[2016/2/3 - 15:48:10]    Brian A Sun's Playing Hours have been set to 12. by Wing
[2016/2/3 - 15:48:12]    SG Hades's Playing Hours have been set to 12. by Wing
[2016/2/3 - 15:55:53]    khanh nhoz's Level has been set to 5. by Wing
[2016/2/3 - 15:55:56]    khanh nhoz's Playing Hours have been set to 12. by Wing
[2016/2/3 - 15:57:36] Wing changed Wing's name to Vy_Nguyen
[2016/2/3 - 15:59:35] Vy Nguyen changed Vy_Nguyen's name to Billy_Dash
[2016/2/3 - 15:59:41] David Vila changed Lee_VuongJumber's name to Vuong_Ancat
[2016/2/3 - 15:59:58] David Vila changed Vuong_Ancat's name to Vuong_Harcat
[2016/2/3 - 16:00:41] David Vila changed Vuong_Harcat's name to Vuong_Hardy
[2016/2/3 - 16:01:25]    Mia khung's Playing Hours have been set to 12. by Billy Dash
[2016/2/3 - 16:04:44]    Huys Doremon's Level has been set to 15. by Billy Dash
[2016/2/3 - 16:04:48]    Huys Doremon's Playing Hours have been set to 12. by Billy Dash
[2016/2/3 - 16:04:51]    Huys Doremon's Level has been set to 15. by Billy Dash
[2016/2/3 - 16:05:30] Billy Dash thay doi ten "Brian A Sun"s thanh "Natt_hardy" (id: 435) mien phi (non-RP name).
[2016/2/3 - 16:05:47]    Huys Doremon's Level has been set to 5. by Billy Dash
[2016/2/3 - 16:09:19] Bee Lee has given Hai Cau $6,000,000 (/givemoney)
[2016/2/3 - 16:09:20] Bee Lee has given Hai Cau $6,000,000 (/givemoney)
[2016/2/3 - 16:09:22] Bee Lee has given Hai Cau $6,000,000 (/givemoney)
[2016/2/3 - 16:09:24] Bee Lee has given Hai Cau $6,000,000 (/givemoney)
[2016/2/3 - 17:03:28] Nguyen Ngoc Tram has given Quoc Dong $1,000,000 (/givemoney)
[2016/2/3 - 17:05:58] Billy Dash has given Billy Dash $50,000,000 (/givemoney)
[2016/2/3 - 17:33:38] Huy changed Huy's name to Smoke_Andreson 
[2016/2/3 - 17:33:38] Loi thay doi ten Huy's thanh Smoke_Andreson 
[2016/2/3 - 17:40:38] Billy Dash changed Billy_Dash's name to Marvel_Kaito
[2016/2/3 - 17:46:04] Bay Stone has given Natt Hardy $10,000,000 (/givemoney)
[2016/2/3 - 17:51:08] Marvel Kaito changed Marvel_Kaito's name to Trung_Hieu
[2016/2/3 - 17:54:25] Nguyen Ngoc Tram has given Peter Bon $500,000 (/givemoney)
[2016/2/3 - 18:07:35] Phi Pirates changed Avengers_Trang's name to Luffy_Pirates
[2016/2/3 - 18:08:06] Anh Nho Em changed Anh_Nho_Em's name to Anic_Mickey
[2016/2/3 - 18:08:32] Phi Pirates changed Luffy_Pirates's name to Trang_Pirates
[2016/2/3 - 18:17:24] Anic Mickey has given Phi Pirates $10,000,000 (/givemoney)
[2016/2/3 - 18:19:18]    Phi Pirates's Materials have been set to 1000000. by Anic Mickey
[2016/2/3 - 18:19:34] Anic Mickey has given Phi Pirates $10,000,000 (/givemoney)
[2016/2/3 - 18:19:47] Anic Mickey has given Phi Pirates $10,000,000 (/givemoney)
[2016/2/3 - 18:19:48] Anic Mickey has given Phi Pirates $10,000,000 (/givemoney)
[2016/2/3 - 18:19:49] Anic Mickey has given Phi Pirates $10,000,000 (/givemoney)
[2016/2/3 - 18:38:32]    Thanh's So dien thoai da duoc thiet lap thanh 113. boi Thanh
[2016/2/3 - 18:42:31] Bee Lee thay doi ten "Chaly Doremon"s thanh "Chaly_Do" (id: 620) voi gia $75000
[2016/2/3 - 18:43:36] Bee Lee thay doi ten "NhanPham Animation"s thanh "Exciter_Do" (id: 621) voi gia $135000
[2016/2/3 - 18:57:55] Thanh has given TamHoang Lam $100,000,000 (/givemoney)
[2016/2/3 - 18:58:06] Thanh has given TamHoang Lam $10,000,000 (/givemoney)
[2016/2/3 - 19:02:40] Thanh has given Thanh $100,000 (/givemoney)
[2016/2/3 - 19:02:42] Thanh has given Thanh $1,000,000 (/givemoney)
[2016/2/3 - 19:04:12]    Thanh's Level has been set to 5. by Thanh
[2016/2/3 - 19:04:18]    Smith Robeo's Level has been set to 5. by Thanh
[2016/2/3 - 19:25:15] Anic Mickey thay doi ten "Co Dong"s thanh "XiPo_Do" (id: 685) voi gia $45000
[2016/2/3 - 19:45:09] Phi Pirates thay doi ten "Quoc Dong"s thanh "Dream_Do" (id: 534) voi gia $135000
[2016/2/3 - 19:52:44] Trung Hieu changed Trung_Hieu's name to Kaito
[2016/2/3 - 19:57:58] Cuc Cut Co Don has given An Beo $2,000,000 (/givemoney)
[2016/2/3 - 20:01:30] Bee Lee changed Chaien_Killers's name to Kyo
[2016/2/3 - 20:02:14] Bee Lee changed Bee_Lee's name to Bee
[2016/2/3 - 20:07:47] Anic Mickey changed Anic_Mickey's name to Zic_Blade
[2016/2/3 - 20:10:37] Zic Blade changed Zic_Blade's name to Anic_Mickey
[2016/2/3 - 20:20:49] David Vila thay doi ten "Danh Los"s thanh "Sirius_Do" (id: 617) voi gia $45000
[2016/2/3 - 20:25:01] Phi Pirates changed Mie_Pirates's name to Soai_Ca
[2016/2/3 - 20:29:40] Phi Pirates changed Soai_Ca's name to Mie_Pirates
[2016/2/3 - 20:37:54] Nguyen Ngoc Tram thay doi ten "Uzimaki Naruto"s thanh "Naruto.Yeu_Hinata" (id: 156) voi gia $135000
[2016/2/3 - 20:46:12] Kyo thay doi ten "khanh nhoz"s thanh "Khanh_Teld" (id: 483) voi gia $75000
[2016/2/3 - 20:50:20] Bee thay doi ten "Nhok Animation"s thanh "xemay_do" (id: 678) voi gia $45000
[2016/2/3 - 20:52:47] Cuc Cut Co Don has given Jin DeadEye $2,000,000 (/givemoney)
[2016/2/3 - 20:58:17] Kyo has given Jin DeadEye $500,000 (/givemoney)
[2016/2/3 - 20:58:43] Kyo has given Nam Hardy $1,000,000 (/givemoney)
[2016/2/3 - 20:58:59] Kyo has given Naruto.Yeu Hinata $600,000 (/givemoney)
[2016/2/3 - 21:33:33] Phi Pirates thay doi ten "Phi Pirates"s thanh "Boss_Dragon" (id: 141) voi gia $45000
[2016/2/4 - 0:58:55] Park Soeng Hip thay doi ten "Fima Rik"s thanh "Ivan_Hardwell" (id: 769) voi gia $45000
[2016/2/4 - 2:23:43]    Dream Do's Level has been set to 18. by Park Soeng Hip
[2016/2/4 - 7:01:23] Nguyen Ngoc Tram has given Boy Hardy $50,000,000 (/givemoney)
[2016/2/4 - 7:28:44] Kaito changed Kaito's name to Wing
[2016/2/4 - 7:33:30]    Nguyen Ngoc Tram's Materials have been set to 1000000000. by Nguyen Ngoc Tram
[2016/2/4 - 7:51:33] Wing changed Wing's name to Vy_Nguyen
[2016/2/4 - 8:13:26] Vy Nguyen changed Vy_Nguyen's name to Wing
[2016/2/4 - 8:36:15]    Bin Hardy's Playing Hours have been set to 12. by Wing
[2016/2/4 - 8:42:24]    Avengers Nghia's Playing Hours have been set to 12. by Wing
[2016/2/4 - 8:42:27]    HaI CaU's Playing Hours have been set to 12. by Wing
[2016/2/4 - 8:44:33] Wing changed Wing's name to Trung_Hieu
[2016/2/4 - 8:48:33] Nguyen Ngoc Tram changed Boss_Togan's name to xTrum_Boss_Toganx
[2016/2/4 - 8:52:08] Trung Hieu has given Exciter Do $10,000,000 (/givemoney)
[2016/2/4 - 8:52:20] Trung Hieu has given Bin Hardy $5,000,000 (/givemoney)
[2016/2/4 - 8:52:41] Trung Hieu has given Super Bon $1,000,000 (/givemoney)
[2016/2/4 - 8:52:44] Trung Hieu has given OngTrum Mafia $500,000 (/givemoney)
[2016/2/4 - 8:52:47] Trung Hieu has given Harry Jinr $500,000 (/givemoney)
[2016/2/4 - 8:54:27] Nguyen Ngoc Tram thay doi ten "xTrum Boss Toganx"s thanh "xBoss_Toganx" (id: 226) mien phi (non-RP name).
[2016/2/4 - 9:02:18] Nguyen Ngoc Tram changed xDragon_Duy's name to Boss_Duy
[2016/2/4 - 9:02:55] Nguyen Ngoc Tram changed Mafia_Red's name to Boss_Trong
[2016/2/4 - 9:03:41] Nguyen Ngoc Tram has given Hidan Cerberus $100,000 (/givemoney)
[2016/2/4 - 9:04:59] Nguyen Ngoc Tram changed Boss_Duy's name to xBoss_Duy
[2016/2/4 - 9:35:11]    Chaly Do's Playing Hours have been set to 12. by Trung Hieu
[2016/2/4 - 9:35:14]    Natt Hardy's Playing Hours have been set to 12. by Trung Hieu
[2016/2/4 - 9:35:17]    David Xuyen's Playing Hours have been set to 12. by Trung Hieu
[2016/2/4 - 9:35:45]    Jons Giang's Playing Hours have been set to 12. by Trung Hieu
[2016/2/4 - 9:35:47]    Jons Giang's Level has been set to 5. by Trung Hieu
[2016/2/4 - 9:38:37] Nguyen Ngoc Tram has given xBoss Duy $98,000 (/givemoney)
[2016/2/4 - 9:46:47]    Troller Florencia's Level has been set to 5. by Trung Hieu
[2016/2/4 - 9:46:50]    Troller Florencia's Playing Hours have been set to 12. by Trung Hieu
[2016/2/4 - 9:55:23]    Bro Gold's Playing Hours have been set to 12. by Trung Hieu
[2016/2/4 - 10:10:38] Trung Hieu changed Trung_Hieu's name to Thanh_Vy
[2016/2/4 - 10:16:32]    Wiliam huy's Rank has been to 1. by Nguyen Ngoc Tram
[2016/2/4 - 10:17:15]    Wiliam huy's Rank has been to 3. by Nguyen Ngoc Tram
[2016/2/4 - 10:24:43] Thanh Vy changed Thanh_Vy's name to Trung_Hieu
[2016/2/4 - 10:34:54] Trung Hieu thay doi ten "Natt Hardy"s thanh "William_Steven" (id: 435)  for free.
[2016/2/4 - 10:35:49] Trung Hieu changed Trung_Hieu's name to Villa_DaiGia
[2016/2/4 - 10:40:04] Villa DaiGia changed Villa_DaiGia's name to Trung_Hieu
[2016/2/4 - 10:43:52]    Winx Hoang's Playing Hours have been set to 12. by Trung Hieu
[2016/2/4 - 10:43:53]    Mafia Winter's Playing Hours have been set to 12. by Trung Hieu
[2016/2/4 - 10:44:29]    Dream Do's Playing Hours have been set to 12. by Trung Hieu
[2016/2/4 - 11:21:04]    Thanh's Level has been set to 10. by Thanh
[2016/2/4 - 11:22:56] Park Soeng Hip thay doi ten "Hai Cau"s thanh "Nhan_DepTrai" (id: 540) voi gia $75000
[2016/2/4 - 11:23:54] Park Soeng Hip thay doi ten "Xemay Do"s thanh "dim_do" (id: 678) voi gia $45000
[2016/2/4 - 12:12:18] Kyo thay doi ten "Akai Smith"s thanh "Evil_Mafia" (id: 333) voi gia $90000
[2016/2/4 - 12:14:55] Nick thay doi ten "Evil Mafia"s thanh "Black_Bloch.Akai" (id: 333) voi gia $90000
[2016/2/4 - 12:15:30] David Vila da dieu chinh tien OngTrum Mafia's thanh $18000000 (/setmoney)
[2016/2/4 - 12:16:29] Nguyen Ngoc Tram has given Carl Johnson $50,000 (/givemoney)
[2016/2/4 - 12:22:18] Nguyen Ngoc Tram has given Office Yuri $5,000,000 (/givemoney)
[2016/2/4 - 12:27:36] Kyo thay doi ten "David Xuyen"s thanh "Ga_Rung" (id: 66) voi gia $105000
[2016/2/4 - 12:32:16] Nguyen Ngoc Tram has given Office Yuri $5,000,000 (/givemoney)
[2016/2/4 - 12:51:56]    Exciter Do's Materials have been set to 100000000. by Nguyen Ngoc Tram
[2016/2/4 - 13:26:36] Nguyen Ngoc Tram thay doi ten "Khanh Teld"s thanh "Khanh_Pray" (id: 483) voi gia $75000
[2016/2/4 - 13:39:37]    OngTrum Mafia's Rim Kits have been set to 5. by Park Soeng Hip
[2016/2/4 - 14:07:32] Cuc Cut Co Don changed noi_Dau_vo_bo's name to Dai_Su
[2016/2/4 - 14:09:40] Cuc Cut Co Don changed Cuc_Cut_Co_Don's name to Tieu_Tang
[2016/2/4 - 14:44:35] Tieu Tang da dieu chinh tien Hidan Cerberus's thanh $10000000 (/setmoney)
[2016/2/4 - 15:05:49] Park Soeng Hip changed Park_Soeng_Hip's name to DIen_Pro
[2016/2/4 - 15:08:57] DIen Pro changed DIen_Pro's name to Park_Soeng_Hip
[2016/2/4 - 15:20:15] Park Soeng Hip thay doi ten "TamHoang Lam"s thanh "Tommy_Lam" (id: 44)  for free.
[2016/2/4 - 15:26:08] Old Dog thay doi ten "TamHoang Hai"s thanh "Alex_Hai" (id: 121)  for free.
[2016/2/4 - 15:27:13] Park Soeng Hip thay doi ten "Max Shin"s thanh "Hardy_Shin" (id: 1269) mien phi (non-RP name).
[2016/2/4 - 15:29:06] David Vila has given David Vila $1,000,000,000 (/givemoney)
[2016/2/4 - 15:30:34] David Vila da dieu chinh tien Justice Cabrales's thanh $-7 (/setmoney)
[2016/2/4 - 15:30:40] David Vila da dieu chinh tien Justice Cabrales's thanh $100000 (/setmoney)
[2016/2/4 - 15:30:41] David Vila da dieu chinh tien Justice Cabrales's thanh $1000000 (/setmoney)
[2016/2/4 - 15:30:42] David Vila da dieu chinh tien Justice Cabrales's thanh $10000000 (/setmoney)
[2016/2/4 - 15:48:40] David Vila has given Tran Hoang Long $20,000 (/givemoney)
[2016/2/4 - 15:48:57] Park Soeng Hip changed Park_Soeng_Hip's name to Dien_Pro
[2016/2/4 - 15:53:53] Dien Pro changed Dien_Pro's name to Park_Soeng_Hip
[2016/2/4 - 16:00:58] Old Dog thay doi ten "Tony Pirates"s thanh "Hidan_Tony" (id: 818) mien phi (non-RP name).
[2016/2/4 - 16:55:35] Thanh changed Thanh's name to Royal_SD
[2016/2/4 - 16:56:30] Royal SD changed Royal_SD's name to Thanh
[2016/2/4 - 17:23:28] Anic Mickey changed Anic_Mickey's name to Waylen_Sicaro
[2016/2/4 - 17:24:19] Waylen Sicaro thay doi ten "Nguyen Quynh"s thanh "Venus_Angel" (id: 849) voi gia $60000
[2016/2/4 - 18:32:24]    Phuc LiOn's Rank has been to 2. by Nguyen Ngoc Tram
[2016/2/4 - 19:05:17] David Vila thay doi ten "Jack Gambit"s thanh "Phat_Hardy" (id: 169) mien phi (non-RP name).
[2016/2/4 - 19:24:12]    Nick's Rim Kits have been set to 1. by Nick
[2016/2/4 - 19:25:20] Nguyen Ngoc Tram has given MaJor Ghost $10,000,000 (/givemoney)
[2016/2/4 - 19:25:41] Nguyen Ngoc Tram has given MaJor Ghost $2,000,000 (/givemoney)
[2016/2/4 - 19:26:51] Nguyen Ngoc Tram has given Office Yuri $20,000,000 (/givemoney)
[2016/2/4 - 19:36:11] Nguyen Ngoc Tram has given MaJor Ghost $2,000,000 (/givemoney)
[2016/2/4 - 19:49:40] Nguyen Ngoc Tram changed Jons_Giang's name to Xuan_Quynh
[2016/2/4 - 20:21:06] David Vila changed David_Vila's name to Andreas
[2016/2/4 - 20:25:44] Tieu Tang changed Tieu_Tang's name to Duong_Tang
[2016/2/4 - 20:26:10] Andreas changed Andreas's name to Phap
[2016/2/4 - 20:26:24] Duong Tang changed Phap's name to Ngo_khong
[2016/2/4 - 20:33:52] Ngo khong changed Ngo_khong's name to Dai_DU
[2016/2/4 - 20:51:25] Dai Du changed Dai_Du's name to Vo Danh
[2016/2/4 - 20:51:25] Loi thay doi ten Dai_Du's thanh Vo Danh
[2016/2/4 - 20:51:49] Dai Du changed Dai_Du's name to Vo Danh
[2016/2/4 - 20:51:49] Loi thay doi ten Dai_Du's thanh Vo Danh
[2016/2/4 - 20:51:52] Dai Du changed Dai_Du's name to Vo_Danh
[2016/2/4 - 21:03:48]    Vuong Hardy's Materials have been set to 1000000. by Vo Danh
[2016/2/4 - 21:17:26]    David Tom's So dien thoai da duoc thiet lap thanh 234567. boi Vo Danh
[2016/2/4 - 21:22:42] Thanh has given Thanh $999,999,999 (/givemoney)
[2016/2/4 - 21:27:10] Thanh thay doi ten "MR Manter"s thanh "Jimmy_Nguyen." (id: 1491) mien phi (non-RP name).
[2016/2/4 - 21:32:04] Thanh has given Black Bloch.Akai $999,999,999 (/givemoney)
[2016/2/4 - 21:32:43] Thanh has given Black Bloch.Akai $1 (/givemoney)
[2016/2/4 - 21:33:42] Thanh has given Thanh $1 (/givemoney)
[2016/2/4 - 21:45:29] Thanh changed Thanh's name to Royal_SD
[2016/2/4 - 21:46:44] Royal SD changed Royal_SD's name to Thanh
[2016/2/5 - 0:28:30] Bee has given Super Bon $500,000 (/givemoney)
[2016/2/5 - 7:38:32] Nick thay doi ten "Ga Rung"s thanh "Mafia_Xuyen" (id: 66) voi gia $105000
[2016/2/5 - 7:40:38] Nguyen Ngoc Tram thay doi ten "DaiCa Pirates"s thanh "Alaxca_DaiCa" (id: 641) voi gia $60000
[2016/2/5 - 8:02:18] Duong Tang changed Naruto.Yeu_Hinata's name to Monkey.D_Luffy
[2016/2/5 - 8:24:45]    Duong Tang's Level has been set to 5. by Duong Tang
[2016/2/5 - 8:36:31] Nguyen Ngoc Tram has given Exciter Do $2,000,000 (/givemoney)
[2016/2/5 - 8:36:36] Nguyen Ngoc Tram has given Exciter Do $5,000,000 (/givemoney)
[2016/2/5 - 8:42:16]    Phuc LiOn's Rank has been to 5. by Nguyen Ngoc Tram
[2016/2/5 - 8:44:02]    Nick's Rim Kits have been set to 20. by Nick
[2016/2/5 - 8:49:44] Duong Tang changed Duong_Tang's name to nguyen_hai_duong
[2016/2/5 - 8:54:38]    nguyen hai duong's Level has been set to 5. by nguyen hai duong
[2016/2/5 - 8:55:58] nguyen hai duong changed nguyen_hai_duong's name to Le_Van_Luyen
[2016/2/5 - 13:27:40] Vo Danh changed Vo_Danh's name to Bat_Xong_Hiep
[2016/2/5 - 13:34:00] Bat Xong Hiep changed Bat_Xong_Hiep's name to Phap
[2016/2/5 - 13:41:09] le van luyen changed le_van_luyen's name to Hoang_Tu
[2016/2/5 - 14:02:06] Nick thay doi ten "Cai GiThe"s thanh "Hu_Le" (id: 1689) mien phi (non-RP name).
[2016/2/5 - 14:17:59] Old Bitch changed Old_Bitch's name to Quang_Vu
[2016/2/5 - 14:28:25] Park Soeng Hip changed Park_Soeng_Hip's name to dien_pro
[2016/2/5 - 14:29:22] Nguyen Ngoc Tram has given John King $1,000,000 (/givemoney)
[2016/2/5 - 14:29:26] Nguyen Ngoc Tram has given John King $1,000,000 (/givemoney)
[2016/2/5 - 14:30:09] dien pro changed dien_pro's name to Park_Soeng_Hip
[2016/2/5 - 14:32:07] Quang Vu changed Old_Dog's name to Anh_Vu
[2016/2/5 - 14:56:19]    Nick's Level has been set to 10. by Nick
[2016/2/5 - 15:20:42]    Tyga Johnson's Level has been set to 40. by Tyga Johnson
[2016/2/5 - 15:24:30] Hoang Tu changed Hoang_Tu's name to Jerry
[2016/2/5 - 15:47:28] Bay Stone has given Ivan Hardwell $2,000,000 (/givemoney)
[2016/2/5 - 15:59:08] Bay Stone has given Bay Stone $750,000 (/givemoney)
[2016/2/5 - 15:59:09] Bay Stone has given Bay Stone $7,500,000 (/givemoney)
[2016/2/5 - 16:39:45]    Fate Jonhson's Level has been set to 5. by Achi Hwake
[2016/2/5 - 16:39:51]    Bet Stom's Level has been set to 5. by Achi Hwake
[2016/2/5 - 16:46:11] Huy changed Huy's name to Smoke_Andreson
[2016/2/5 - 17:14:55] Smoke Andreson changed Smoke_Andreson's name to Huy
[2016/2/5 - 17:41:00] Tyga thay doi ten "Fate Jonhson"s thanh "Duong_Nguyen" (id: 770)  for free.
[2016/2/5 - 17:42:57] Tyga thay doi ten "Bet Stom"s thanh "Jack_Boll" (id: 479)  for free.
[2016/2/5 - 18:04:14] Phap changed Phap's name to David_Vila
[2016/2/5 - 18:18:00]    Dream Do's Level has been set to 5. by Huy
[2016/2/5 - 18:19:15] Bay Stone has given Dream Do $5,000,000 (/givemoney)
[2016/2/5 - 18:20:29] Huy has given Huy $1,000,000 (/givemoney)
[2016/2/5 - 18:20:36] Huy has given Huy $100,000,000 (/givemoney)
[2016/2/5 - 18:21:58]    Dream Do's Level has been set to 21. by Huy
[2016/2/5 - 18:22:44]    Huy's So dien thoai da duoc thiet lap thanh -55555. boi Huy
[2016/2/5 - 18:24:01]    Bay Stone's Level has been set to 5. by Bay Stone
[2016/2/5 - 18:24:04]    Bay Stone's Level has been set to 6. by Bay Stone
[2016/2/5 - 18:47:46] Nguyen Ngoc Tram thay doi ten "Admin A"s thanh "Anonymous_Taii" (id: 1849) mien phi (non-RP name).
[2016/2/5 - 19:14:24] Boss Dragon changed Boss_Dragon's name to Phi_Pirates
[2016/2/5 - 19:17:33] Phi Pirates has given Phi Pirates $10 (/givemoney)
[2016/2/5 - 19:17:45] Phi Pirates has given Phi Pirates $400,000,000 (/givemoney)
[2016/2/5 - 19:20:50] Phi Pirates has given Kio Sotuna $10,000,000 (/givemoney)
[2016/2/5 - 19:31:19] Phi Pirates changed Super_Bon's name to Bon_Pirates
[2016/2/5 - 19:31:30] Nguyen Ngoc Tram has given EVO Shark $50,000 (/givemoney)
[2016/2/5 - 19:34:57] David Vila changed David_Vila's name to Andreas
[2016/2/5 - 19:36:36] Bay Stone has given TuanTai Pirates $45,000,000 (/givemoney)
[2016/2/5 - 19:40:18] Phi Pirates has given Hidan Tony $20,000,000 (/givemoney)
[2016/2/5 - 19:45:31] Phi Pirates changed Phi_Pirates's name to Phi
[2016/2/5 - 19:48:16] Phi changed Phi's name to Phi_Pirates
[2016/2/5 - 19:49:43] Phi Pirates changed Phi_Pirates's name to Phi
[2016/2/5 - 19:56:46] Nguyen Ngoc Tram has given Kio Sotuna $20,000,000 (/givemoney)
[2016/2/5 - 20:09:12] Bay Stone has given Bro Gold $400,000 (/givemoney)
[2016/2/5 - 20:09:15] Huy has given Bro Gold $700,000 (/givemoney)
[2016/2/5 - 20:13:20] Nguyen Ngoc Tram thay doi ten "Bon Pirates"s thanh "Bon_Star" (id: 924) voi gia $105000
[2016/2/5 - 20:26:00] Waylen Sicaro changed Waylen_Sicaro's name to Xem_Xong_Xoa
[2016/2/5 - 20:35:09] jerry changed jerry's name to Tieu_Tang
[2016/2/5 - 20:45:17] Xem Xong Xoa changed Xem_Xong_Xoa's name to Anic_Mickey
[2016/2/5 - 21:01:33] Dream Do thay doi ten "Dream Do"s thanh "Lillian_Gabrielle" (id: 534) voi gia $315000
[2016/2/5 - 21:07:30] Thanh changed Thanh's name to Royal_SD
[2016/2/5 - 21:08:57] Lillian Gabrielle thay doi ten "TamHoang Ballas"s thanh "Ballas_Star" (id: 1710) voi gia $60000
[2016/2/5 - 21:10:53] Royal SD changed Royal_SD's name to Thanh
[2016/2/5 - 21:34:41] Phi has given Tuan Pirates $200,000,000 (/givemoney)
[2016/2/5 - 21:34:45] Phi has given Pirates Katana $200,000,000 (/givemoney)
[2016/2/5 - 21:35:16]    Pirates Katana's Materials have been set to 50000000. by Phi
[2016/2/5 - 21:35:19]    Pirates Katana's Car Mechanic Skill has been set to 50000000. by Phi
[2016/2/5 - 21:35:58]    Pirates Katana's Reward Playing Hours have been set to 50000000. by Phi
[2016/2/5 - 21:36:03] Phi has given Dino Brewster $200,000,000 (/givemoney)
[2016/2/5 - 21:37:26] Phi changed Phi's name to Phi_Pirates
[2016/2/5 - 21:39:34]    Dino Brewster's Materials have been set to 50000000. by Phi Pirates
[2016/2/5 - 21:40:04]    Phi Pirates's Level has been set to 10. by Phi Pirates
[2016/2/5 - 21:40:12]    Tuan Pirates's Level has been set to 8. by Phi Pirates
[2016/2/5 - 21:40:16]    Pirates Katana's Level has been set to 8. by Phi Pirates
[2016/2/5 - 21:40:19]    Dino Brewster's Level has been set to 8. by Phi Pirates
[2016/2/5 - 21:54:10] Huy changed Huy's name to Smoke_Andreson
[2016/2/5 - 22:01:33] Phi Pirates has given Oppa Smith $10,000,000 (/givemoney)
[2016/2/5 - 22:01:53]    Oppa Smith's Level has been set to 7. by Phi Pirates
[2016/2/5 - 22:05:40]    Jimmy Nguyen.'s Level has been set to 20. by Smoke Andreson
[2016/2/5 - 22:06:46] Smoke Andreson changed Smoke_Andreson's name to Legend_Huy
[2016/2/5 - 22:07:24] Legend Huy changed Legend_Mario's name to Legend_Dat
[2016/2/5 - 22:14:46] Lillian Gabrielle changed Chaly_Do's name to Chaly
[2016/2/5 - 22:16:09] Lillian Gabrielle changed Chaly's name to Chaly_Do
[2016/2/5 - 22:16:27] Lillian Gabrielle changed Lillian_Gabrielle's name to Dream
[2016/2/5 - 23:19:21] Dream changed Dream's name to Dream_Do
[2016/2/6 - 7:16:13] Legend Huy changed Legend_Huy's name to Huy
[2016/2/6 - 7:29:18] Thanh has given Thanh $999,999,999 (/givemoney)
[2016/2/6 - 7:59:41] Bay Stone has given Bro Gold $50,000,000 (/givemoney)
[2016/2/6 - 8:01:53] Bay Stone thay doi ten "xDragon Kaito"s thanh "Cai_Bang_Kyo" (id: 1472) mien phi (non-RP name).
[2016/2/6 - 8:15:20] Phi Pirates thay doi ten "Rossi Bell"s thanh "Ren_Zed" (id: 1600) voi gia $105000
[2016/2/6 - 8:32:42] Phi Pirates changed Alex_Hai's name to Jun_Pirates
[2016/2/6 - 8:53:17] Huy changed Huy's name to Smoke_Pick
[2016/2/6 - 8:58:36] Tieu Tang changed Tieu_Tang's name to Dai_Gia
[2016/2/6 - 9:01:14] Smoke Pick changed Smoke_Pick's name to Huy
[2016/2/6 - 9:11:16] Nguyen Ngoc Tram thay doi ten "DongNhi Heo"s thanh "Nhi_Heo" (id: 1346) voi gia $45000
[2016/2/6 - 9:16:42] Huy thay doi ten "Jimmy Nguyen."s thanh "MonKey.D_Minzy" (id: 1491) mien phi (non-RP name).
[2016/2/6 - 9:17:43]    Dai Gia's Pot has been set to 2000000. by Dai Gia
[2016/2/6 - 9:17:47]    Dai Gia's Pot has been set to 20000000. by Dai Gia
[2016/2/6 - 9:17:53]    Dai Gia's Crack has been set to 2000000. by Dai Gia
[2016/2/6 - 9:27:20] Huy changed Huy's name to Smoke_Pick
[2016/2/6 - 9:27:31] Smoke Pick changed Smoke_Pick's name to Doctor_SaSaki
[2016/2/6 - 9:29:17] Dai Gia changed Dai_Gia's name to 1
[2016/2/6 - 9:29:20] 1 changed 1's name to ngu_ngoc
[2016/2/6 - 9:29:51] ngu ngoc changed ngu_ngoc's name to Dai_Gia
[2016/2/6 - 9:30:06] Doctor SaSaki changed Doctor_SaSaki's name to 1_1
[2016/2/6 - 9:30:10] 1 1 changed 1_1's name to Doctor_SaSaKi
[2016/2/6 - 9:35:07] Doctor SaSaKi changed Doctor_SaSaKi's name to Huy
[2016/2/6 - 9:35:17] Huy changed Huy's name to DocTor_SaSaKi
[2016/2/6 - 9:35:43] Phi Pirates thay doi ten "James Alexgaming"s thanh "James_Pirates" (id: 2060) mien phi (non-RP name).
[2016/2/6 - 9:39:06] Phi Pirates thay doi ten "Kun USA"s thanh "Kun_Star" (id: 1658) voi gia $45000
[2016/2/6 - 9:45:54] Park Soeng Hip changed Park_Soeng_Hip's name to Dien_Pro
[2016/2/6 - 9:47:53] DocTor SaSaKi has given MonKey.D Luffy $1,000,000 (/givemoney)
[2016/2/6 - 9:51:04] DocTor SaSaKi changed DocTor_SaSaKi's name to Huy
[2016/2/6 - 9:53:42] Huy has given Tortugas Ella $660 (/givemoney)
[2016/2/6 - 10:02:56] Dien Pro changed Dien_Pro's name to Park_Soeng_Hip
[2016/2/6 - 10:07:52] Park Soeng Hip changed Park_Soeng_Hip's name to Dien_Qua
[2016/2/6 - 10:08:04] Dien Qua changed Dien_Qua's name to Park_Soeng_Hip
[2016/2/6 - 10:08:45] Park Soeng Hip changed Park_Soeng_Hip's name to Dien_Qua
[2016/2/6 - 10:12:54] Dien Qua thay doi ten "Jun Pirates"s thanh "Doctor_Sabo" (id: 121) voi gia $45000
[2016/2/6 - 10:15:59] Dien Qua changed Dien_Qua's name to Park_Soeng_Hip
[2016/2/6 - 10:19:11] Thanh changed Thanh's name to SD_Royal
[2016/2/6 - 10:20:42] SD Royal changed SD_Royal's name to Thanh
[2016/2/6 - 10:21:22] nIcK changed James_Matter's name to Thao_My
[2016/2/6 - 10:24:37] Huy changed Gover_Tai's name to Anonymous_Tai.
[2016/2/6 - 10:27:03] Huy changed Huy's name to Smoke_Andreson
[2016/2/6 - 10:28:26] Smoke Andreson has given Anonymous Tai. $50,000 (/givemoney)
[2016/2/6 - 10:36:33] Nguyen Ngoc Tram thay doi ten "John King"s thanh "Kevin_Hardy" (id: 1707) voi gia $45000
[2016/2/6 - 10:53:08] Nick thay doi ten "Sads Hydcurden"s thanh "Ethanol_Noriega" (id: 1865)  for free.
[2016/2/6 - 10:59:22] Nick has given Nick $10,000,000 (/givemoney)
[2016/2/6 - 11:55:50] Dream Do changed Dream_Do's name to Dong
[2016/2/6 - 12:01:52] Bee changed Bee's name to Khung_Bo
[2016/2/6 - 12:16:54] Khung Bo changed Khung_Bo's name to Bee
[2016/2/6 - 12:27:07] Bee has given Duc Nhan $500,000 (/givemoney)
[2016/2/6 - 12:27:09] Bee has given Duc Nhan $5,000,000 (/givemoney)
[2016/2/6 - 12:27:11] Bee has given Duc Nhan $5,000,000 (/givemoney)
[2016/2/6 - 12:27:11] Bee has given Duc Nhan $5,000,000 (/givemoney)
[2016/2/6 - 12:35:45] Andreas has given Kun Star $2,000,000 (/givemoney)
[2016/2/6 - 12:35:56] Andreas has given Exciter Do $5,000,000 (/givemoney)
[2016/2/6 - 12:36:03] Andreas has given Dark Eagle $1,000,000 (/givemoney)
[2016/2/6 - 12:46:32] Bee changed Bee's name to Thai_Tu
[2016/2/6 - 13:08:11] Thai Tu changed Thai_Tu's name to Hoang_Gia
[2016/2/6 - 14:07:19] Hoang Gia thay doi ten "Ken Smith"s thanh "Quan_Quoc" (id: 581) voi gia $60000
[2016/2/6 - 14:20:32] Hoang Gia changed Hoang_Gia's name to Bee
[2016/2/6 - 15:04:27] Andreas changed Andreas's name to Vo_Phap
[2016/2/6 - 15:04:55] Vo Phap changed Vo_Phap's name to Mean_MAx
[2016/2/6 - 15:05:00] Mean MAx changed Mean_MAx's name to Mean_Maxs
[2016/2/6 - 15:09:33] Phi Pirates has given Pirates Win $20,000,000 (/givemoney)
[2016/2/6 - 15:09:36] Phi Pirates has given Trang Pirates $20,000,000 (/givemoney)
[2016/2/6 - 15:26:52] Dong thay doi ten "Cai Bang Ti"s thanh "Kelvin_Jonhson" (id: 1724) voi gia $60000
[2016/2/6 - 15:27:28] Dong thay doi ten "Cai Bang bo"s thanh "Nick_Willam" (id: 2119) voi gia $45000
[2016/2/6 - 15:52:43] Quang Vu changed Cai_Bang_Kyo's name to Kelvin_Kute
[2016/2/6 - 15:56:14] Anh Vu thay doi ten "Black Bloch.Akai"s thanh "Black_Snow" (id: 333) voi gia $120000
[2016/2/6 - 16:01:55] Chaly Do thay doi ten "Ballas Star"s thanh "TamHoang_Ballas" (id: 1710) voi gia $75000
[2016/2/6 - 16:09:43] Bee changed Bee's name to Bee
[2016/2/6 - 16:09:43] Loi thay doi ten Bee's thanh Bee
[2016/2/6 - 16:15:37] Thanh thay doi ten "Cai Bang"s thanh "Natt_Lucifer" (id: 626) voi gia $60000
[2016/2/6 - 16:25:28] Anic Mickey changed Anic_Mickey's name to Xem_Xong_Xoa
[2016/2/6 - 16:43:20] Mean Maxs changed Mean_Maxs's name to Mr_Mean
[2016/2/6 - 16:46:08] Mr Mean changed Mr_Mean's name to Mr_Pháp
[2016/2/6 - 16:46:08] Loi thay doi ten Mr_Mean's thanh Mr_Pháp
[2016/2/6 - 16:46:12] Mr Mean changed Mr_Mean's name to Mr_Phap
[2016/2/6 - 16:46:24] Mr Phap changed Mr_Phap's name to Mr_BipBIP
[2016/2/6 - 16:46:34] Mr BipBIP changed Mr_BipBIP's name to Que_thuThai_ChjpChjp
[2016/2/6 - 16:46:48] Que thuThai ChjpChjp changed Que_thuThai_ChjpChjp's name to Killer_Vila
[2016/2/6 - 17:00:02] Killer Vila changed Bay_Stone's name to Con_Ca
[2016/2/6 - 17:02:14] Con Ca changed Killer_Vila's name to Con Thú 
[2016/2/6 - 17:02:14] Loi thay doi ten Killer_Vila's thanh Con Thú 
[2016/2/6 - 17:02:30] Con Ca changed Killer_Vila's name to Con Gà
[2016/2/6 - 17:02:30] Loi thay doi ten Killer_Vila's thanh Con Gà
[2016/2/6 - 17:02:41] Con Ca changed Killer_Vila's name to Con Gà
[2016/2/6 - 17:02:41] Loi thay doi ten Killer_Vila's thanh Con Gà
[2016/2/6 - 17:04:16] Con Ca changed Con_Ca's name to Bay_Stone :))
[2016/2/6 - 17:04:16] Loi thay doi ten Con_Ca's thanh Bay_Stone :))
[2016/2/6 - 17:04:19] Con Ca changed Con_Ca's name to Bay_Stone
[2016/2/6 - 17:05:50] Thanh changed Thanh's name to James_Andreson
[2016/2/6 - 17:09:04] Killer Vila changed Killer_Vila's name to Vk_Nick
[2016/2/6 - 17:09:32] Bay Stone changed Bay_Stone's name to Cha_Nick
[2016/2/6 - 17:10:03] Vk Nick changed Vk_Nick's name to Neck
[2016/2/6 - 17:11:06] Neck changed Neck's name to Njck
[2016/2/6 - 17:15:22] Cha Nick changed Cha_Nick's name to Bay_Stone
[2016/2/6 - 17:25:31] Njck changed Njck's name to Killer_Vila
[2016/2/6 - 17:42:11] Killer Vila has given XiPo Do $3,000,000 (/givemoney)
[2016/2/6 - 18:02:05] Park Soeng Hip changed Park_Soeng_Hip's name to Dong_Hiep
[2016/2/6 - 18:17:22] James Andreson changed James_Andreson's name to Thanh
[2016/2/6 - 18:24:59] Dong Hiep changed Dong_Hiep's name to Park_Soeng_Hip
[2016/2/6 - 18:40:53] Bay Stone changed Bay_Stone's name to Bay_SiuNhon
[2016/2/6 - 18:41:32] Bay SiuNhon changed Killer_Vila's name to Pháp_SiuNhon
[2016/2/6 - 18:41:32] Loi thay doi ten Killer_Vila's thanh Pháp_SiuNhon
[2016/2/6 - 18:44:10] Chaly Do thay doi ten "Kelvin Kute"s thanh "xBoss_Kute" (id: 1472) voi gia $90000
[2016/2/6 - 18:46:15] Killer Vila changed Killer_Vila's name to Phap_SiuNhon
[2016/2/6 - 18:46:27] Chaly Do thay doi ten "Kelvin Jonhson"s thanh "xBoss_Ku" (id: 1724) voi gia $60000
[2016/2/6 - 18:47:02] Phap SiuNhon changed Bay_SiuNhon's name to Vinh_SiuNhon
[2016/2/6 - 18:50:30] Thanh changed Thanh's name to James_Andreson
[2016/2/6 - 19:12:50]    Nick's Level has been set to 35. by Nick
[2016/2/6 - 19:24:11] Bee has given Bee $999,999,999 (/givemoney)
[2016/2/6 - 19:26:37] Bee has given Peter Pank $1,000,000 (/givemoney)
[2016/2/6 - 19:26:38] Bee has given Peter Pank $1,000,000 (/givemoney)
[2016/2/6 - 19:26:39] Bee has given Peter Pank $1,000,000 (/givemoney)
[2016/2/6 - 19:26:40] Bee has given Peter Pank $1,000,000 (/givemoney)
[2016/2/6 - 19:27:36] Nick changed Phat_Hardy's name to Messi_Frerdo
[2016/2/6 - 19:30:43] Phap SiuNhon changed Dong's name to Kim_Dong
[2016/2/6 - 19:31:46] Phap SiuNhon changed Kim_Dong's name to Quoc_Dongs
[2016/2/6 - 19:32:22] Phap SiuNhon changed Quoc_Dongs's name to Dream_Do
[2016/2/6 - 19:58:27] Nick thay doi ten "face Book"s thanh "Jmmy_KubNi" (id: 2331) mien phi (non-RP name).
[2016/2/6 - 20:07:04]    Phap SiuNhon's Materials have been set to 1215752192. by Phap SiuNhon
[2016/2/6 - 20:16:03] James Andreson changed James_Andreson's name to Thanh
[2016/2/6 - 20:19:01] Thanh changed Thanh's name to James_Andreson
[2016/2/6 - 20:24:10] James Andreson changed James_Andreson's name to Thanh
[2016/2/6 - 20:29:51] Vinh SiuNhon thay doi ten "Kim Joon"s thanh "xBoss_Joon" (id: 2308) voi gia $45000
[2016/2/6 - 20:31:57] Dream Do changed Dream_Do's name to Dong
[2016/2/6 - 20:43:19] Chaly Do thay doi ten "Lantyr Listineil"s thanh "Bum_Tadashi" (id: 2321) voi gia $45000
[2016/2/6 - 20:44:27] Dai Gia thay doi ten "Ethanol Noriega"s thanh "Enrique_Saldana" (id: 1865)  for free.
[2016/2/6 - 20:45:00] Phap SiuNhon thay doi ten "Jack Boll"s thanh "Ebisu_Garua" (id: 479)  for free.
[2016/2/6 - 20:45:08] Chaly Do thay doi ten "Ebisu Garua"s thanh "Ebisu_Garuda" (id: 479)  for free.
[2016/2/6 - 20:45:38] Chaly Do thay doi ten "Duong Nguyen"s thanh "Daniel_Mathews" (id: 770)  for free.
[2016/2/6 - 20:57:16] Eleazar Santiego changed Eleazar_Santiego's name to Bistar
[2016/2/6 - 20:58:37] Bistar changed Bistar's name to Min
[2016/2/6 - 21:37:55] Chaly Do thay doi ten "Ethan Jockey"s thanh "Ghost_Hunter" (id: 1642) voi gia $120000
[2016/2/7 - 0:21:00] Bee has given XiPo Do $19,000 (/givemoney)
[2016/2/7 - 0:21:01] Bee has given XiPo Do $190,000 (/givemoney)
[2016/2/7 - 0:21:13]    XiPo Do's Rim Kits have been set to 2. by Bee
[2016/2/7 - 1:52:23] Dong has given Chaly Do $1,000,000 (/givemoney)
[2016/2/7 - 1:52:42]    Dong's Level has been set to 22. by Dong
[2016/2/7 - 1:52:45]    Dong's Level has been set to 25. by Dong
[2016/2/7 - 1:52:58]    Dong's Level has been set to 1. by Dong
[2016/2/7 - 1:54:48] Dong has given XiPo Do $1,000,000 (/givemoney)
[2016/2/7 - 2:02:24]    Chaly Do's Level has been set to 1. by Dong
[2016/2/7 - 2:32:26]    Chaly Do's Upgrade Points has been set 3. by Dong
[2016/2/7 - 2:32:31]    Chaly Do's Upgrade Points has been set 3. by Dong
[2016/2/7 - 2:32:37]    Dong's Upgrade Points has been set 3. by Dong
[2016/2/7 - 2:33:19] Dong has given Ivan Hardwell $10,000,000 (/givemoney)
[2016/2/7 - 2:34:03] Dong da dieu chinh tien Dong's thanh $1 (/setmoney)
[2016/2/7 - 2:34:14] Dong da dieu chinh tien Dong's thanh $0 (/setmoney)
[2016/2/7 - 7:12:58]    Nick's Level has been set to 1. by Nick
[2016/2/7 - 7:13:39]    Nick's Level has been set to 20. by Nick
[2016/2/7 - 8:09:30] Dai Gia has given Mafia Winter $1,000,000 (/givemoney)
[2016/2/7 - 8:09:34] Dai Gia has given Ivan Hardwell $1,000,000 (/givemoney)
[2016/2/7 - 8:36:02] Nick changed Thao_My's name to Suu_Nhi
[2016/2/7 - 8:38:09] Nick changed Suu_Nhi's name to Thao_My
[2016/2/7 - 8:53:46] Vinh SiuNhon thay doi ten "Doctor Sabo"s thanh "Alex_Hai" (id: 121) voi gia $45000
[2016/2/7 - 8:59:38] Nick thay doi ten "SG Hades"s thanh "xBoss_Hades" (id: 57) voi gia $135000
[2016/2/7 - 9:09:25]    James Pirates's Level has been set to 14. by Phap SiuNhon
[2016/2/7 - 9:09:46] Phap SiuNhon has given James Pirates $14,000,000 (/givemoney)
[2016/2/7 - 9:13:03] Thanh changed Thanh's name to James_Andreson
[2016/2/7 - 9:14:24] James Andreson changed James_Andreson's name to Thanh
[2016/2/7 - 9:15:02] Dai Gia thay doi ten "James Pirates"s thanh "Brad_Malstep" (id: 2060) voi gia $210000
[2016/2/7 - 9:16:10] Thanh has given Phuong Thao $100,000 (/givemoney)
[2016/2/7 - 9:16:11] Thanh has given Phuong Thao $1,000,000 (/givemoney)
[2016/2/7 - 9:25:46] Thanh da dieu chinh tien Dizz Nica's thanh $1000000 (/setmoney)
[2016/2/7 - 9:30:32] Dong changed Dong's name to Dream
[2016/2/7 - 9:30:40] Dream changed Dream's name to Dream Do
[2016/2/7 - 9:30:40] Loi thay doi ten Dream's thanh Dream Do
[2016/2/7 - 9:31:37] Dai Gia thay doi ten "Kid Elextro"s thanh "xBoss_Kyx" (id: 1820) voi gia $45000
[2016/2/7 - 9:32:04] Dream changed Dream's name to DreamDo
[2016/2/7 - 9:32:23] DreamDo changed DreamDo's name to Quoc_Dongs
[2016/2/7 - 9:43:12] Quoc Dongs changed Quoc_Dongs's name to Dong
[2016/2/7 - 9:50:14] Phap SiuNhon thay doi ten "Bin Hardy"s thanh "Bin_Harry" (id: 548) mien phi (non-RP name).
[2016/2/7 - 9:59:19]    Phi Pirates's Pot has been set to 10000. by Phi Pirates
[2016/2/7 - 9:59:21]    Phi Pirates's Crack has been set to 10000. by Phi Pirates
[2016/2/7 - 10:00:25]    Dong's Upgrade Points has been set 3. by Dong
[2016/2/7 - 10:00:26]    Dong's Upgrade Points has been set 3. by Dong
[2016/2/7 - 10:00:31]    Legend Dat's Upgrade Points has been set 3. by Dong
[2016/2/7 - 10:00:35]    Legend Dat's Materials have been set to 3. by Dong
[2016/2/7 - 10:00:52]    Dong's Level has been set to 3. by Dong
[2016/2/7 - 10:46:12] Min da dieu chinh tien Venus Angel's thanh $1000000 (/setmoney)
[2016/2/7 - 11:04:31] Thanh changed Thanh's name to James_Andrson
[2016/2/7 - 11:04:33] James Andrson changed James_Andrson's name to James_Andreson
[2016/2/7 - 11:07:26] James Andreson changed James_Andreson's name to Jsc_Pick
[2016/2/7 - 11:12:32]    David John's Level has been set to 2. by Min
[2016/2/7 - 11:12:37]    David John's Playing Hours have been set to 2. by Min
[2016/2/7 - 11:26:08] Jsc Pick changed Jsc_Pick's name to Thanh
[2016/2/7 - 11:48:49] Dong thay doi ten "Pha Pisces"s thanh "Quynh_Nhu" (id: 1847) voi gia $45000
[2016/2/7 - 13:39:04] Dong changed Thanh's name to James_Andreson
[2016/2/7 - 13:42:32] Dong has given Ivan Hardwell $10,000,000 (/givemoney)
[2016/2/7 - 14:05:22] Tung Van changed Tung_Van's name to Phuong Thao
[2016/2/7 - 14:05:22] Loi thay doi ten Tung_Van's thanh Phuong Thao
[2016/2/7 - 14:06:35] Tung Van changed Tung_Van's name to PhuongThao
[2016/2/7 - 14:06:40] PhuongThao changed PhuongThao's name to Phuong Thao
[2016/2/7 - 14:06:40] Loi thay doi ten PhuongThao's thanh Phuong Thao
[2016/2/7 - 14:06:43] PhuongThao changed PhuongThao's name to Phuong Thao
[2016/2/7 - 14:06:43] Loi thay doi ten PhuongThao's thanh Phuong Thao
[2016/2/7 - 14:06:55] PhuongThao changed PhuongThao's name to Tung_Van
[2016/2/7 - 14:08:00] Chaly Do thay doi ten "Dark eaglee"s thanh "Kent_Dolce" (id: 2179) voi gia $45000
[2016/2/7 - 14:12:39] Xem Xong Xoa changed Xem_Xong_Xoa's name to Anic_Mickey
[2016/2/7 - 14:47:31] Chaly Do thay doi ten "Ti Chuot"s thanh "Sushi_sss" (id: 1781) voi gia $45000
[2016/2/7 - 14:48:34] Dong thay doi ten "Sushi sss"s thanh "Prince_Stride" (id: 1781) voi gia $45000
[2016/2/7 - 14:49:04] Dai Gia da dieu chinh tien LiOn Bucala's thanh $100000 (/setmoney)
[2016/2/7 - 14:49:29] Dai Gia da dieu chinh tien LiOn Bucala's thanh $1000000 (/setmoney)
[2016/2/7 - 14:52:56] James Andreson changed James_Andreson's name to Thanh
[2016/2/7 - 14:53:11] Dai Gia changed Thanh's name to James
[2016/2/7 - 14:54:25] James changed James's name to Thanh
[2016/2/7 - 15:03:17] Park Soeng Hip changed Park_Soeng_Hip's name to Dong_Thong
[2016/2/7 - 15:11:32] Dong Thong changed Dong_Thong's name to Park_Soeng_Hip
[2016/2/7 - 15:18:28] Chaly Do thay doi ten "Jack Grap"s thanh "xBoss_Grap" (id: 826) voi gia $90000
[2016/2/7 - 15:24:16]    Bao Doctor's Playing Hours have been set to 2. by Park Soeng Hip
[2016/2/7 - 15:30:28] Dong changed Dong's name to Quoc_Dongs
[2016/2/7 - 15:36:23] Quoc Dongs changed Quoc_Dongs's name to Dong
[2016/2/7 - 15:57:35] Chaly Do thay doi ten "Black Snow"s thanh "Smoke_Smith" (id: 333) mien phi (non-RP name).
[2016/2/7 - 16:32:06] Chaly Do changed Chaly_Do's name to Chaly
[2016/2/7 - 16:32:08] Chaly changed Chaly's name to Chaly_Do
[2016/2/7 - 16:42:20] Smoke Andreson changed Smoke_Andreson's name to Huy
[2016/2/7 - 16:53:01] Phap SiuNhon changed Phap_SiuNhon's name to Tao_Thich
[2016/2/7 - 16:53:07] Vinh SiuNhon changed Vinh_SiuNhon's name to Po_SiuNhon
[2016/2/7 - 16:53:08] Tao Thich changed Tao_Thich's name to Mean_Mod
[2016/2/7 - 16:54:14] Chaly Do changed Chaly_Do's name to Van_Thi_Mich
[2016/2/7 - 16:55:30] Van Thi Mich changed Van_Thi_Mich's name to Chaly_Do
[2016/2/7 - 16:56:30] Chaly Do changed Chaly_Do's name to Pentium_Hardwell
[2016/2/7 - 16:58:21] Po SiuNhon changed Po_SiuNhon's name to Chich_Chich
[2016/2/7 - 17:00:37] Thanh changed Thanh's name to James_Andreson
[2016/2/7 - 17:02:03] Pentium Hardwell changed Pentium_Hardwell's name to Nac_Nac
[2016/2/7 - 17:02:34] Mean Mod changed Mean_Mod's name to Suc_Suc
[2016/2/7 - 17:09:34] Suc Suc changed Suc_Suc's name to Mean_Pro
[2016/2/7 - 17:10:02] Nac Nac changed Nac_Nac's name to Chaly_Do
[2016/2/7 - 17:10:13] Mean Pro changed Mean_Pro's name to Suc_Suc
[2016/2/7 - 17:10:45] Chaly Do changed Chaly_Do's name to Nac_Nac
[2016/2/7 - 17:11:28]    James Andreson's Rim Kits have been set to 2. by James Andreson
[2016/2/7 - 17:12:08]    James Andreson's Rim Kits have been set to 1. by Nick
[2016/2/7 - 17:12:22] Suc Suc changed Suc_Suc's name to Mean_Pro
[2016/2/7 - 17:12:36] Mean Pro changed Mean_Pro's name to Suc_Suc
[2016/2/7 - 17:17:41] Suc Suc changed Suc_Suc's name to James_LasKill
[2016/2/7 - 17:18:03] James LasKill changed James_LasKill's name to James_And
[2016/2/7 - 17:18:06] Nac Nac changed Nac_Nac's name to James_Mich
[2016/2/7 - 17:18:09] James And changed James_And's name to James_TheEnd
[2016/2/7 - 17:18:11] James TheEnd changed James_TheEnd's name to James_Min
[2016/2/7 - 17:19:38] Chich Chich changed Chich_Chich's name to James_VinhyeuPhap
[2016/2/7 - 17:20:16] James Mich changed James_Mich's name to Chaly_Do
[2016/2/7 - 17:20:54] Chaly Do changed Chaly_Do's name to James_Mich
[2016/2/7 - 17:21:30] James VinhyeuPhap changed James_VinhyeuPhap's name to James_Chich
[2016/2/7 - 17:34:24] Bee changed Bee's name to Bee_Chee
[2016/2/7 - 17:50:23] James Chich changed James_Chich's name to Vinh_SiuNhon
[2016/2/7 - 17:52:05] James Mich changed James_Mich's name to Chaly_Do
[2016/2/7 - 17:53:30] James Andreson changed James_Andreson's name to Thanh
[2016/2/7 - 17:53:31] James Min changed James_Min's name to Phap_ShiuNhon
[2016/2/7 - 18:09:13]    IkanuS Binz's Materials have been set to 100000. by Park Soeng Hip
[2016/2/7 - 18:38:39] Chaly Do has given Chaly Do $1,000,000,000 (/givemoney)
[2016/2/7 - 18:43:41] Phap ShiuNhon changed Phap_ShiuNhon's name to James_Vila
[2016/2/7 - 19:37:05] Alex Hai thay doi ten "Avengers Nghia"s thanh "Girl_Ngoc" (id: 120) voi gia $105000
[2016/2/7 - 20:10:54] Alex Hai thay doi ten "Alex Hai"s thanh "Jun_Hai" (id: 121) voi gia $60000
[2016/2/7 - 20:12:37] Jun Hai thay doi ten "Girl Ngoc"s thanh "Jun_Ngoc" (id: 120) voi gia $135000
[2016/2/7 - 20:40:40]    thach huy's Playing Hours have been set to 1000. by Sarong Combat
[2016/2/7 - 20:40:56]    thach huy's Playing Hours have been set to 1. by Sarong Combat
[2016/2/7 - 20:55:09] Thanh changed Thanh's name to James_Andreson
[2016/2/7 - 20:58:04] James Andreson changed James_Andreson's name to Thanh
[2016/2/7 - 20:59:34]    MonKey.D Luffy's Materials have been set to 1000000. by Park Soeng Hip
[2016/2/7 - 21:05:59] Thanh changed Thanh's name to James_Andreson
[2016/2/7 - 21:25:57] Jun Hai thay doi ten "Jun Hai"s thanh "Pin_Dog" (id: 121) voi gia $60000
[2016/2/7 - 22:10:39] Tran Thuy Hoang thay doi ten "Sam Regama"s thanh "Sam_Harry" (id: 2610) mien phi (non-RP name).
[2016/2/7 - 22:35:01] Tran Thuy Hoang thay doi ten "Kent Dolce"s thanh "Kent_Harry" (id: 2179) voi gia $75000
[2016/2/7 - 22:47:46] James Andreson changed James_Andreson's name to Thanh
[2016/2/7 - 23:00:42]    Sarong Combat's Level has been set to 500. by Sarong Combat
[2016/2/7 - 23:01:02]    Sarong Combat's Level has been set to 1. by Sarong Combat
[2016/2/7 - 23:45:35]    Sarong Combat's Playing Hours have been set to 1. by Sarong Combat
[2016/2/7 - 23:46:03]    Sarong Combat's Playing Hours have been set to 2. by Sarong Combat
[2016/2/8 - 0:29:09] Thanh has given XiPo Do $1,000,000 (/givemoney)
[2016/2/8 - 0:34:25] Tung Van changed Tung_Van's name to Kieu_Linh
[2016/2/8 - 0:45:31] Kieu Linh changed Kieu_Linh's name to Tung Van
[2016/2/8 - 0:45:31] Loi thay doi ten Kieu_Linh's thanh Tung Van
[2016/2/8 - 0:45:38] Kieu Linh changed Kieu_Linh's name to Tung_Van
[2016/2/8 - 1:04:41] Thanh changed Thanh's name to Subeoz
[2016/2/8 - 1:05:01] Huy has given Nhi Heo $500,000 (/givemoney)
[2016/2/8 - 1:05:07] Subeoz changed Subeoz's name to Thanh
[2016/2/8 - 1:05:55] Huy has given Nhi Heo $500,000 (/givemoney)
[2016/2/8 - 1:10:56] Park Soeng Hip thay doi ten "Nhi Heo"s thanh "Heo_Vo_Tam" (id: 1346) voi gia $105000
[2016/2/8 - 1:14:08] Tung Van has given XiPo Do $20,000 (/givemoney)
[2016/2/8 - 1:23:30] Thanh has given Thanh $199,999 (/givemoney)
[2016/2/8 - 1:23:32] Thanh has given Thanh $1,999,999 (/givemoney)
[2016/2/8 - 1:23:32] Thanh has given Thanh $19,999,999 (/givemoney)
[2016/2/8 - 1:49:55]    XiPo Do's Materials Packages have been set to 1000000. by Tung Van
[2016/2/8 - 1:53:05]    XiPo Do's Materials Packages have been set to 1000000. by Tung Van
[2016/2/8 - 2:01:08] Chaly Do changed Chaly_Do's name to Jizzy
[2016/2/8 - 2:02:49] Jizzy changed Jizzy's name to Chaly_Do
[2016/2/8 - 4:13:10] Tung Van changed Tung_Van's name to GaPhieuLuu
[2016/2/8 - 4:13:13] GaPhieuLuu changed GaPhieuLuu's name to Ga Phieu Luu
[2016/2/8 - 4:13:13] Loi thay doi ten GaPhieuLuu's thanh Ga Phieu Luu
[2016/2/8 - 4:13:57] GaPhieuLuu changed GaPhieuLuu's name to Le_An
[2016/2/8 - 4:14:11] Le An changed Le_An's name to Van_Thanh_Tung
[2016/2/8 - 4:14:24] Van Thanh Tung changed Van_Thanh_Tung's name to Ga_Phieu_lii
[2016/2/8 - 4:14:43] Ga Phieu lii changed Ga_Phieu_lii's name to Tung_Pro
[2016/2/8 - 4:14:48] Tung Pro changed Tung_Pro's name to Tung_Khung
[2016/2/8 - 4:15:02] Tung Khung changed Tung_Khung's name to Tung_Van
[2016/2/8 - 7:59:59] Thanh changed Thanh's name to James_Andreson
[2016/2/8 - 8:28:25] Huy changed Huy's name to DocTor_Smoke
[2016/2/8 - 8:47:32]    Pasin G's Playing Hours have been set to 2. by Park Soeng Hip
[2016/2/8 - 8:48:27] DocTor Smoke changed DocTor_Smoke's name to Huy
[2016/2/8 - 8:49:06] James Andreson changed James_Andreson's name to Thanh
[2016/2/8 - 9:43:18] Huy changed Huy's name to Smoke_Andreson
[2016/2/8 - 9:43:19] Thanh changed Thanh's name to James_Andreson
[2016/2/8 - 9:47:26] Vinh SiuNhon changed Vinh_SiuNhon's name to Chich_Chich
[2016/2/8 - 9:48:10] Chaly Do changed Chaly_Do's name to Nac_Nacs
[2016/2/8 - 9:48:26] Nac Nacs changed Nac_Nacs's name to Thong_Thong
[2016/2/8 - 9:48:40] James Andreson changed James_Andreson's name to Ckik_Ckik
[2016/2/8 - 9:50:11] Thong Thong changed Thong_Thong's name to Chlch_Chlch
[2016/2/8 - 9:58:22] Chlch Chlch changed Chlch_Chlch's name to Chaly_Do
[2016/2/8 - 9:58:49] Smoke Andreson changed Smoke_Andreson's name to Huy
[2016/2/8 - 9:58:50] Chaly Do changed Chaly_Do's name to Chlch_Chlch
[2016/2/8 - 9:59:16] Chlch Chlch changed Chlch_Chlch's name to Chaly_Do
[2016/2/8 - 9:59:52] Chaly Do changed Chaly_Do's name to Chlch_Chlch
[2016/2/8 - 10:00:36] Chlch Chlch changed Chlch_Chlch's name to Chaly_Do
[2016/2/8 - 10:00:39] Ckik Ckik changed Ckik_Ckik's name to Thanh
[2016/2/8 - 10:10:35] Chich Chich changed Chich_Chich's name to Pon
[2016/2/8 - 10:30:15] Dong changed Dong's name to Long_Khung
[2016/2/8 - 10:30:59] Long Khung changed Long_Khung's name to Pin
[2016/2/8 - 11:49:10] Pin changed Tran_Thuy_Hoang's name to Hoang
[2016/2/8 - 11:57:32] Pin changed Pin's name to Dong
[2016/2/8 - 12:05:22]    tuny nguyen's Playing Hours have been set to 2. by Chaly Do
[2016/2/8 - 12:22:10] Chaly Do changed Chaly_Do's name to Jizzy
[2016/2/8 - 12:23:28] JaMes ViLa changed JaMes_ViLa's name to Director
[2016/2/8 - 12:25:15] Jizzy changed Jizzy's name to Chaly_Do
[2016/2/8 - 12:33:37] Dai gia changed Thanh's name to James
[2016/2/8 - 12:36:04] James changed James's name to Thanh
[2016/2/8 - 12:36:20] Dai gia changed Thanh's name to james
[2016/2/8 - 12:40:00] James changed James's name to Thanh
[2016/2/8 - 12:46:54] Thanh has given LTT Dung $8,000,000 (/givemoney)
[2016/2/8 - 12:47:15] Thanh has given LTT Dung $80,000,000 (/givemoney)
[2016/2/8 - 12:49:16] Huy changed Huy's name to Smoke_abdresib
[2016/2/8 - 12:49:36] Smoke abdresib changed Smoke_abdresib's name to Smoke_Andreson
[2016/2/8 - 15:42:57]    MonKeyD Luffy's Playing Hours have been set to 1. by Park Soeng Hip
[2016/2/8 - 15:48:29]    xBoss Toganx's Playing Hours have been set to 1. by Park Soeng Hip
[2016/2/8 - 15:49:44]    Mafia Xuyen's Playing Hours have been set to 1. by Park Soeng Hip
[2016/2/8 - 18:08:05]    xBoss Kyx's Playing Hours have been set to 2. by Nguyen Ngoc Tram
[2016/2/8 - 18:15:45]    Nguyen Ngoc Tram's Materials have been set to 1000000000. by Nguyen Ngoc Tram
[2016/2/8 - 18:18:22]    Smith Robeo's Playing Hours have been set to 2. by Smith Robeo
[2016/2/8 - 18:24:53] Nguyen Ngoc Tram thay doi ten "MonKeyD Luffy"s thanh "MonKey.D_Luffy" (id: 3) voi gia $15000
[2016/2/8 - 18:29:35]    Smoke Andreson's Level has been set to 3. by Smoke Andreson
[2016/2/8 - 18:29:45]    Smoke Andreson's Level has been set to 1. by Smoke Andreson
[2016/2/8 - 18:32:44] Smoke Andreson da dieu chinh tien Smoke Andreson's thanh $0 (/setmoney)
[2016/2/8 - 18:32:50] Smoke Andreson has given Smoke Andreson $50,000 (/givemoney)
[2016/2/8 - 18:33:47]    Smoke Andreson's Playing Hours have been set to 2. by Smoke Andreson
[2016/2/8 - 18:47:35] Hoang tu da dieu chinh tien smoke smith's thanh $50000 (/setmoney)
[2016/2/8 - 18:47:41] Hoang tu da dieu chinh tien smoke smith's thanh $80000 (/setmoney)
[2016/2/8 - 19:06:09]    akira tung's Playing Hours have been set to 2. by Smith Robeo
[2016/2/8 - 19:07:05]    akira tung's Playing Hours have been set to 5. by Smith Robeo
[2016/2/8 - 19:07:31] Smith Robeo has given akira tung $1 (/givemoney)
[2016/2/8 - 19:07:38] Smith Robeo has given akira tung $100,000 (/givemoney)
[2016/2/8 - 19:07:40] Smith Robeo has given akira tung $1,000,000 (/givemoney)
[2016/2/8 - 19:46:11]    Sarong Combat's Level has been set to 500. by Sarong Combat
[2016/2/8 - 19:46:17]    Sarong Combat's Level has been set to 1. by Sarong Combat
[2016/2/8 - 19:47:06] James Vila changed James_Vila's name to Director
[2016/2/8 - 19:49:05]    Sarong Combat's Playing Hours have been set to 9. by Sarong Combat
[2016/2/8 - 19:50:38] Sarong Combat da dieu chinh tien Sarong Combat's thanh $5000000 (/setmoney)
[2016/2/8 - 19:56:22]    Ebisu Garuda's Playing Hours have been set to 2. by Ebisu Garuda
[2016/2/8 - 20:01:27] Duong Minh Hieu changed Duong_Minh_Hieu's name to Nick
[2016/2/8 - 20:03:43] Director has given Director $100,000 (/givemoney)
[2016/2/8 - 20:04:34]    Director's Level has been set to 11. by Director
[2016/2/8 - 20:05:08]    Director's Level has been set to 2. by Director
[2016/2/8 - 22:56:53] Bin Harry da dieu chinh tien Bin Harry's thanh $99999999 (/setmoney)
[2016/2/8 - 22:58:11] Bin Harry changed Bin_Harry's name to Bin
[2016/2/10 - 11:36:36]    Phuong Thao's Playing Hours have been set to 2. by Phuong Thao
[2016/2/10 - 11:38:20]    Phuong Thao's Level has been set to 3. by Phuong Thao
[2016/2/10 - 12:48:49]    Tyn Changes's Playing Hours have been set to 3. by Hoang Tu
[2016/2/10 - 12:53:17]    SieuMa Slayer's Playing Hours have been set to 4. by Hoang Tu
[2016/2/10 - 12:53:23]    SieuMa Slayer's Playing Hours have been set to 5. by Ferreira Wilward
[2016/2/10 - 12:53:28]    Ferreira Wilward's Playing Hours have been set to 5. by Ferreira Wilward
[2016/2/10 - 12:54:24]    Ferreira Wilward's Rim Kits have been set to 2000. by Ferreira Wilward
[2016/2/10 - 12:54:57]    Vinh SiuNhon's Level has been set to 5. by Vinh SiuNhon
[2016/2/10 - 12:56:37]    Binh Nguyen's Level has been set to 3. by Hoang Tu
[2016/2/10 - 12:56:43]    Binh Nguyen's Playing Hours have been set to 3. by Hoang Tu
[2016/2/10 - 13:00:12]    Ferreira Wilward's Playing Hours have been set to 2. by Ferreira Wilward
[2016/2/10 - 13:03:03]    SieuMa Slayer's Playing Hours have been set to 5. by Ferreira Wilward
[2016/2/10 - 13:06:40] Ferreira Wilward thay doi ten "Mr Mario"s thanh "{SatThu}Mr_Mario" (id: 107) mien phi (non-RP name).
[2016/2/10 - 13:06:40] Loi thay doi ten Mr_Mario'sthanh {SatThu}Mr_Mario
[2016/2/10 - 13:23:14]    Vinh SiuNhon's Playing Hours have been set to 5. by Vinh SiuNhon
[2016/2/10 - 13:49:43]    Phuong Thao's Playing Hours have been set to 5. by Vinh SiuNhon
[2016/2/10 - 13:49:44]    Tung Dac's Playing Hours have been set to 2. by Ferreira Wilward
[2016/2/10 - 13:51:04]    Tung Dac's Level has been set to 3. by Hoang Tu
[2016/2/10 - 13:52:34] Hoang Tu changed Charlie_Ryder's name to Kail_karlito
[2016/2/10 - 14:09:07]    EVO Shark's Lawyer Skill has been set to 23. by Kail karlito
[2016/2/10 - 14:14:28]    Smoke Smith's Playing Hours have been set to 2. by Ferreira Wilward
[2016/2/10 - 14:18:34] Ferreira Wilward changed Ferreira_Wilward's name to Hao_Siro
[2016/2/10 - 14:22:02]    Kail karlito's Level has been set to 23. by Kail karlito
[2016/2/10 - 14:26:17]    Kail karlito's Level has been set to 1. by Kail karlito
[2016/2/10 - 14:31:09] Phuong Thao has given Phuong Thao $2,000,000 (/givemoney)
[2016/2/10 - 14:41:30] Phuong Thao has given Thuong Tran $2,000,000 (/givemoney)
[2016/2/10 - 14:45:17] Phuong Thao da dieu chinh tien LTT Dung's thanh $80000000 (/setmoney)
[2016/2/10 - 14:52:25]    Mafia Xuyen's Playing Hours have been set to 2. by Hao Siro
[2016/2/10 - 15:11:18]    Rio lee's Playing Hours have been set to 3. by Hoang Tu
[2016/2/10 - 15:13:39]    LTT Dung's Rim Kits have been set to 2. by Hoang Tu
[2016/2/10 - 16:18:06] Vinh SiuNhon changed Vinh_SiuNhon's name to Vinh_
[2016/2/10 - 16:18:26] Vinh  changed Vinh_'s name to Vinh_SieuNhan
[2016/2/10 - 16:18:29] Vinh SieuNhan changed Vinh_SieuNhan's name to Vinh_SieuNhon
[2016/2/10 - 16:18:31] Vinh SieuNhon changed Vinh_SieuNhon's name to Vinh_SiuNhon
[2016/2/10 - 16:33:47]    Hao Siro's Level has been set to 3. by Hao Siro
[2016/2/10 - 16:35:29] Hao Siro da dieu chinh tien Mark Oscar's thanh $800000 (/setmoney)
[2016/2/10 - 16:55:44] Vinh SiuNhon has given Vinh SiuNhon $200,000 (/givemoney)
[2016/2/10 - 17:26:32] Vinh SiuNhon thay doi ten "Smoke Smith"s thanh "Akai_SiuNho." (id: 40) mien phi (non-RP name).
[2016/2/10 - 17:40:32] Vinh SiuNhon has given Vinh SiuNhon $2,000,000 (/givemoney)
[2016/2/10 - 17:42:54]    Nick's Level has been set to 3. by Vinh SiuNhon
[2016/2/11 - 14:19:26] Park Soeng Hip changed Park_Soeng_Hip's name to Hero_Keyboard
[2016/2/11 - 14:33:03]    Venus Angel's Level has been set to 5. by Venus Angel
[2016/2/11 - 14:33:33] Venus Angel da dieu chinh tien Venus Angel's thanh $1000000 (/setmoney)
[2016/2/11 - 14:38:01]    LTT Dung's Rim Kits have been set to 10. by Hero Keyboard
[2016/2/11 - 14:46:54]    Hero Keyboard's Playing Hours have been set to 2. by Hero Keyboard
[2016/2/11 - 14:47:48]    LTT Dung's Level has been set to 5. by Hero Keyboard
[2016/2/11 - 14:47:52]    LTT Dung's Playing Hours have been set to 2. by Hero Keyboard
[2016/2/11 - 14:58:10] Hoang Tu changed Hoang_Tu's name to Nha_Nghep
[2016/2/11 - 14:58:12] Nha Nghep changed Nha_Nghep's name to Nha_Ngheo
[2016/2/11 - 14:59:05] Venus Angel da dieu chinh tien Venus Angel's thanh $1007307 (/setmoney)
[2016/2/11 - 15:00:24] Venus Angel da dieu chinh tien Venus Angel's thanh $999999999 (/setmoney)
[2016/2/11 - 15:06:32] Nha Ngheo da dieu chinh tien Nha Ngheo's thanh $1000000 (/setmoney)
[2016/2/11 - 15:09:28]    Nha Ngheo's Level has been set to 3. by Nha Ngheo
[2016/2/11 - 15:12:07]    Kanaete Doraemon's Level has been set to 4. by Venus Angel
[2016/2/11 - 15:16:29] Venus Angel da dieu chinh tien Venus Angel's thanh $50000000 (/setmoney)
[2016/2/11 - 15:17:05]    Anh Khiem's Level has been set to 2. by Nha Ngheo
[2016/2/11 - 15:20:42] Venus Angel da dieu chinh tien Venus Angel's thanh $10000000 (/setmoney)
[2016/2/11 - 15:23:12]    Anh Khiem's Level has been set to 3. by Hero Keyboard
[2016/2/11 - 15:37:00]    Venus Angel's Level has been set to 6. by Venus Angel
[2016/2/11 - 15:56:14]    Kanaete Doraemon's Level has been set to 7. by Venus Angel
[2016/2/11 - 16:40:21] Nha ngheo da dieu chinh tien Hoang Long's thanh $1000000 (/setmoney)
[2016/2/11 - 16:58:39]    Venus Angel's Level has been set to 8. by Venus Angel
[2016/2/11 - 18:05:31]    Venus Angel's Level has been set to 15. by Venus Angel
[2016/2/11 - 19:25:00] Nha Ngheo da dieu chinh tien LTT Dung's thanh $10000000 (/setmoney)
[2016/3/5 - 23:33:33]    Hero Keyboard's Level has been set to 3. by Hero Keyboard
[2016/3/5 - 23:33:38]    Hero Keyboard's Level has been set to 5. by Hero Keyboard
[2016/3/5 - 23:33:45]    Hero Keyboard's Level has been set to 2. by Hero Keyboard
[2016/3/5 - 23:37:37] Hero Keyboard has given Hero Keyboard $1,000,000 (/givemoney)
[2016/3/5 - 23:38:38] Hero Keyboard da dieu chinh tien Hero Keyboard's thanh $0 (/setmoney)
[2016/3/5 - 23:38:52]    Hero Keyboard's Materials have been set to 0. by Hero Keyboard
[2016/3/5 - 23:39:09]    Hero Keyboard's Level has been set to 2. by Hero Keyboard
[2016/3/5 - 23:39:19] Hero Keyboard has given Hero Keyboard $75,000 (/givemoney)
