[2015/11/28 - 20:23:18] Thong Vu has deleted Text Label 0.
[2015/11/28 - 20:23:22] Thong Vu has deleted Text Label 24.
[2015/11/28 - 20:26:15] Thong Vu has deleted Text Label 1.
[2016/2/2 - 1:04:39] Ong Gia has edited Text Label ID 39's position.
[2016/2/2 - 1:04:57] Ong Gia has edited Text Label ID 39's color.
[2016/2/2 - 1:05:36] Ong Gia has edited Text Label ID 39's text to /pddoor [open/close].
[2016/2/3 - 17:33:55] Bee Lee has edited Text Label ID 40's position.
[2016/2/3 - 17:34:03] Bee Lee has edited Text Label ID 40's text to loi ra.
[2016/2/3 - 17:34:11] Bee Lee has edited Text Label ID 40's PickupModel.
[2016/2/3 - 17:49:43] Bee Lee has edited Text Label ID 41's position.
[2016/2/3 - 17:49:51] Bee Lee has edited Text Label ID 40's position.
[2016/2/3 - 17:50:02] Bee Lee has edited Text Label ID 41's text to 0.
[2016/2/3 - 17:50:03] Bee Lee has deleted Text Label 41.
[2016/2/3 - 18:27:54] Bee Lee has edited Text Label ID 40's position.
[2016/2/3 - 18:44:13] Bee Lee has edited Text Label ID 41's position.
[2016/2/3 - 18:44:30] Bee Lee has edited Text Label ID 41's text to khong tu tap quay pha o day ! .
[2016/2/3 - 19:57:19] Bee Lee has edited Text Label ID 40's position.
[2016/2/5 - 17:29:31] Bee has edited Text Label ID 1's position.
[2016/2/5 - 17:29:46] Bee has edited Text Label ID 1's text to Roof Bi.
[2016/2/6 - 15:45:22] Bee has edited Text Label ID 42's position.
[2016/2/6 - 15:45:31] Bee has edited Text Label ID 42's text to loi ra.
[2016/2/6 - 15:45:36] Bee has edited Text Label ID 381's PickupModel.
[2016/2/6 - 15:45:41] Bee has edited Text Label ID 42's PickupModel.
[2016/2/6 - 15:48:33] Bee has edited Text Label ID 42's position.
[2016/2/6 - 15:48:53] Bee has edited Text Label ID 42's position.
[2016/2/6 - 15:48:58] Bee has edited Text Label ID 43's position.
[2016/2/6 - 15:52:37] Bee has edited Text Label ID 43's text to 1.
[2016/2/6 - 15:52:39] Bee has deleted Text Label 43.
[2016/2/6 - 16:12:18] Bee has edited Text Label ID 42's position.
[2016/2/7 - 3:16:50] Chaly Do has edited Text Label ID 1's text to Khu dât cua Bi .
[2016/2/7 - 3:17:07] Chaly Do has edited Text Label ID 1's text to Khu dât : Sohuu : Bi [Ivan].
[2016/2/7 - 3:17:13] Chaly Do has edited Text Label ID 1's text to Khu dât : So huu : Bi [Ivan].
[2016/2/7 - 3:17:24] Chaly Do has edited Text Label ID 1's PickupModel.
[2016/2/7 - 3:17:26] Chaly Do has edited Text Label ID 1's PickupModel.
[2016/2/7 - 3:17:28] Chaly Do has edited Text Label ID 1's PickupModel.
[2016/2/7 - 3:17:45] Chaly Do has edited Text Label ID 1's PickupModel.
[2016/2/7 - 3:17:49] Chaly Do has edited Text Label ID 1's PickupModel.
[2016/2/7 - 3:17:50] Chaly Do has edited Text Label ID 1's PickupModel.
[2016/2/7 - 3:17:52] Chaly Do has edited Text Label ID 1's PickupModel.
[2016/2/7 - 3:17:54] Chaly Do has edited Text Label ID 1's PickupModel.
[2016/2/7 - 3:17:56] Chaly Do has edited Text Label ID 1's PickupModel.
[2016/2/7 - 3:17:59] Chaly Do has edited Text Label ID 1's PickupModel.
[2016/2/7 - 3:18:01] Chaly Do has edited Text Label ID 1's PickupModel.
[2016/2/7 - 3:18:03] Chaly Do has edited Text Label ID 1's PickupModel.
[2016/2/7 - 3:18:04] Chaly Do has edited Text Label ID 1's PickupModel.
[2016/2/7 - 3:18:11] Chaly Do has edited Text Label ID 1's PickupModel.
[2016/2/7 - 3:18:13] Chaly Do has edited Text Label ID 1's PickupModel.
[2016/2/7 - 3:18:14] Chaly Do has edited Text Label ID 1's PickupModel.
[2016/2/7 - 3:18:16] Chaly Do has edited Text Label ID 1's PickupModel.
[2016/2/7 - 3:18:20] Chaly Do has edited Text Label ID 1's PickupModel.
[2016/2/7 - 3:18:21] Chaly Do has edited Text Label ID 1's PickupModel.
[2016/2/7 - 3:18:24] Chaly Do has edited Text Label ID 1's PickupModel.
[2016/2/7 - 3:34:47] Chaly Do has edited Text Label ID 1's position.
[2016/2/7 - 3:36:17] Chaly Do has edited Text Label ID 1's position.
[2016/2/7 - 4:43:18] Chaly Do has edited Text Label ID 1's position.
[2016/2/8 - 10:03:40] Park Soeng Hip has edited Text Label ID 43's position.
[2016/2/8 - 10:03:52] Park Soeng Hip has edited Text Label ID 43's PickupModel.
[2016/2/8 - 10:03:54] Park Soeng Hip has edited Text Label ID 43's PickupModel.
[2016/2/8 - 10:03:57] Park Soeng Hip has edited Text Label ID 43's PickupModel.
[2016/2/8 - 10:03:58] Park Soeng Hip has edited Text Label ID 43's PickupModel.
[2016/2/8 - 10:04:01] Park Soeng Hip has edited Text Label ID 43's PickupModel.
[2016/2/8 - 10:04:04] Park Soeng Hip has edited Text Label ID 43's PickupModel.
[2016/2/8 - 10:04:07] Park Soeng Hip has edited Text Label ID 43's PickupModel.
[2016/2/8 - 10:04:12] Park Soeng Hip has edited Text Label ID 43's PickupModel.
[2016/2/8 - 10:04:16] Park Soeng Hip has edited Text Label ID 43's PickupModel.
[2016/2/8 - 10:04:18] Park Soeng Hip has edited Text Label ID 43's PickupModel.
[2016/2/8 - 10:04:20] Park Soeng Hip has edited Text Label ID 43's PickupModel.
[2016/2/8 - 10:04:22] Park Soeng Hip has edited Text Label ID 43's PickupModel.
[2016/2/8 - 10:04:25] Park Soeng Hip has edited Text Label ID 43's PickupModel.
[2016/2/8 - 10:04:27] Park Soeng Hip has edited Text Label ID 43's PickupModel.
[2016/2/8 - 10:04:30] Park Soeng Hip has edited Text Label ID 43's PickupModel.
[2016/2/8 - 10:04:32] Park Soeng Hip has edited Text Label ID 43's PickupModel.
[2016/2/8 - 10:04:35] Park Soeng Hip has edited Text Label ID 43's PickupModel.
[2016/2/8 - 10:04:38] Park Soeng Hip has edited Text Label ID 43's PickupModel.
[2016/2/8 - 10:04:41] Park Soeng Hip has edited Text Label ID 43's PickupModel.
[2016/2/8 - 10:04:43] Park Soeng Hip has edited Text Label ID 43's PickupModel.
[2016/2/8 - 10:04:46] Park Soeng Hip has edited Text Label ID 43's PickupModel.
[2016/2/8 - 10:04:48] Park Soeng Hip has edited Text Label ID 43's PickupModel.
[2016/2/8 - 10:04:52] Park Soeng Hip has edited Text Label ID 43's PickupModel.
[2016/2/8 - 10:04:54] Park Soeng Hip has edited Text Label ID 43's PickupModel.
[2016/2/8 - 10:04:56] Park Soeng Hip has edited Text Label ID 43's PickupModel.
[2016/2/8 - 10:06:13] Park Soeng Hip has edited Text Label ID 43's position.
[2016/2/8 - 10:09:20] Park Soeng Hip has edited Text Label ID 43's position.
[2016/2/8 - 10:09:25] Park Soeng Hip has edited Text Label ID 43's position.
