[2015/11/28 - 20:54:08] [VIP NAMECHANGES] Thong Vu da thay doi ten cua ho thanh Tom.
[2016/1/31 - 8:15:24] [VIP NAMECHANGES] James Andreson da thay doi ten cua ho thanh Thanh.
[2016/1/31 - 9:09:10] [VIP NAMECHANGES] Hoang Tu da thay doi ten cua ho thanh Nha_Giao.
[2016/1/31 - 9:09:19] [VIP NAMECHANGES] Nha Giao da thay doi ten cua ho thanh Nha_Giau.
[2016/1/31 - 10:41:08] [VIP NAMECHANGES] Smoke Andreson da thay doi ten cua ho thanh Huy.
[2016/1/31 - 15:28:22] [VIP NAMECHANGES] Adree Holler da thay doi ten cua ho thanh Peter.Justin_Keyller.
[2016/1/31 - 16:34:44] [VIP NAMECHANGES] An Nguyen da thay doi ten cua ho thanh cc.
[2016/1/31 - 16:35:47] [VIP NAMECHANGES] cc da thay doi ten cua ho thanh Ten_nonrp.
[2016/1/31 - 16:36:27] [VIP NAMECHANGES] Ten nonrp da thay doi ten cua ho thanh An_Nguyen.
[2016/2/1 - 1:24:59] [VIP NAMECHANGES] Ong Giag da thay doi ten cua ho thanh Ong_Gia.
[2016/2/1 - 9:53:24] [VIP NAMECHANGES] Hoang Tu da thay doi ten cua ho thanh Nha_Giau.
[2016/2/1 - 10:34:38] [VIP NAMECHANGES] Harry Jinrs da thay doi ten cua ho thanh Harry_Jinr.
[2016/2/1 - 10:40:41] [VIP NAMECHANGES] Phan Thaii da thay doi ten cua ho thanh Vinh_Thai.
[2016/2/1 - 15:18:49] [VIP NAMECHANGES] Exciter Jakie da thay doi ten cua ho thanh Nghia DEp Trai.
[2016/2/1 - 15:18:58] [VIP NAMECHANGES] Exciter Jakie da thay doi ten cua ho thanh Nghia.
[2016/2/1 - 15:19:22] [VIP NAMECHANGES] Nghia da thay doi ten cua ho thanh Exciter_Jakie.
[2016/2/1 - 17:02:29] [VIP NAMECHANGES] Nha Giau da thay doi ten cua ho thanh Ryze_Bui.
[2016/2/1 - 17:02:49] [VIP NAMECHANGES] Ryze Bui da thay doi ten cua ho thanh Nha_Giau.
[2016/2/1 - 17:15:15] [VIP NAMECHANGES] Fuyu Kaito da thay doi ten cua ho thanh Wing.
[2016/2/1 - 17:28:24] [VIP NAMECHANGES] Na Na da thay doi ten cua ho thanh John_Ethan.
[2016/2/1 - 17:48:44] [VIP NAMECHANGES] Fury Anonymous da thay doi ten cua ho thanh Quang_Trung.
[2016/2/1 - 17:49:01] [VIP NAMECHANGES] Nguyen Bon da thay doi ten cua ho thanh Thinh_pro.
[2016/2/1 - 17:49:12] [VIP NAMECHANGES] Thinh pro da thay doi ten cua ho thanh Nguyen_Bon.
[2016/2/1 - 17:49:27] [VIP NAMECHANGES] Lee Goldmous da thay doi ten cua ho thanh Thinh_PRo.
[2016/2/1 - 17:49:39] [VIP NAMECHANGES] Juan anonymous da thay doi ten cua ho thanh Mia_Khung.
[2016/2/1 - 18:17:17] [VIP NAMECHANGES] Waylen Sicaro da thay doi ten cua ho thanh Zic_Blade.
[2016/2/1 - 18:22:17] [VIP NAMECHANGES] Zic Blade da thay doi ten cua ho thanh Waylen_Sicaro.
[2016/2/1 - 18:46:07] [VIP NAMECHANGES] Jack SipHong da thay doi ten cua ho thanh be_Nghia.
[2016/2/1 - 19:40:49] [VIP NAMECHANGES] Waylen Sicaro da thay doi ten cua ho thanh Satthu_Maulanh.
[2016/2/1 - 19:57:23] [VIP NAMECHANGES] John Ethan da thay doi ten cua ho thanh Old_Bitch.
[2016/2/1 - 20:35:09] [VIP NAMECHANGES] Satthu Maulanh da thay doi ten cua ho thanh Zic_Blade.
[2016/2/1 - 20:38:39] [VIP NAMECHANGES] Zic Blade da thay doi ten cua ho thanh Waylen_Sicaro.
[2016/2/1 - 20:39:16] [VIP NAMECHANGES] Waylen Sicaro da thay doi ten cua ho thanh Anic_Mickey.
[2016/2/1 - 21:56:07] [VIP NAMECHANGES] Bee Lee da thay doi ten cua ho thanh Avengers_FilIer.
[2016/2/1 - 21:56:35] [VIP NAMECHANGES] Avengers FilIer da thay doi ten cua ho thanh Bee_Lee.
[2016/2/2 - 7:49:26] [VIP NAMECHANGES] Duong Minh Hieu da thay doi ten cua ho thanh Nick.
[2016/2/2 - 9:25:17] [VIP NAMECHANGES] Vila Anonymous da thay doi ten cua ho thanh Vila.
[2016/2/2 - 9:29:41] [VIP NAMECHANGES] Vinh Thai da thay doi ten cua ho thanh Vinh.
[2016/2/2 - 9:34:18] [VIP NAMECHANGES] Vinh da thay doi ten cua ho thanh Bay_Stone.
[2016/2/2 - 10:04:39] [VIP NAMECHANGES] Vila da thay doi ten cua ho thanh David_VIla.
[2016/2/2 - 10:04:43] [VIP NAMECHANGES] David VIla da thay doi ten cua ho thanh David_Vi.
[2016/2/2 - 10:04:44] [VIP NAMECHANGES] David Vi da thay doi ten cua ho thanh David_Vila.
[2016/2/2 - 10:06:24] [VIP NAMECHANGES] David Vila da thay doi ten cua ho thanh Vila.
[2016/2/2 - 10:34:15] [VIP NAMECHANGES] Vila da thay doi ten cua ho thanh IS_Vila.
[2016/2/2 - 11:01:32] [VIP NAMECHANGES] Mafia John da thay doi ten cua ho thanh Boss_John.
[2016/2/2 - 11:02:19] [VIP NAMECHANGES] xBoss Mystoganx da thay doi ten cua ho thanh Boss_Togan.
[2016/2/2 - 11:45:50] [VIP NAMECHANGES] Cuong Super da thay doi ten cua ho thanh Avengers_Cuong.
[2016/2/2 - 12:14:50] [VIP NAMECHANGES] Bee Lee da thay doi ten cua ho thanh Hieu_Nguyen.
[2016/2/2 - 12:15:49] [VIP NAMECHANGES] Hieu Nguyen da thay doi ten cua ho thanh Bee_Lee.
[2016/2/2 - 13:41:10] [VIP NAMECHANGES] Thich Thi Chieu da thay doi ten cua ho thanh Gia_LUU.
[2016/2/2 - 13:47:16] [VIP NAMECHANGES] Lao Dai da thay doi ten cua ho thanh Old_Nhok.
[2016/2/2 - 14:20:36] [VIP NAMECHANGES] Ferreira Wilward da thay doi ten cua ho thanh Old_Wilward.
[2016/2/2 - 14:58:08] [VIP NAMECHANGES] IS Vila da thay doi ten cua ho thanh David_Vila.
[2016/2/2 - 15:09:03] [VIP NAMECHANGES] Akai Smith da thay doi ten cua ho thanh Old_Smith.
[2016/2/2 - 15:14:42] [VIP NAMECHANGES] Dominich Rober da thay doi ten cua ho thanh Domminich_Robert.
[2016/2/2 - 15:29:25] [VIP NAMECHANGES] Domminich Robert da thay doi ten cua ho thanh Old_Robert.
[2016/2/2 - 16:25:29] [VIP NAMECHANGES] Old Robert da thay doi ten cua ho thanh Drame_Star.
[2016/2/2 - 17:31:30] [VIP NAMECHANGES] My Meo da thay doi ten cua ho thanh Satt_Count.
[2016/2/2 - 17:46:12] [VIP NAMECHANGES] fuckyou adm da thay doi ten cua ho thanh doiten_di.
[2016/2/2 - 17:51:50] [VIP NAMECHANGES] Nha Giau da thay doi ten cua ho thanh Cong_An_Phuong.
[2016/2/2 - 17:57:30] [VIP NAMECHANGES] Cong An Phuong da thay doi ten cua ho thanh Go_Cu.
[2016/2/2 - 18:24:41] [VIP NAMECHANGES] Wing da thay doi ten cua ho thanh Kaito.
[2016/2/2 - 18:33:12] [VIP NAMECHANGES] Anic Mickey da thay doi ten cua ho thanh Zic_Blade.
[2016/2/2 - 18:47:21] [VIP NAMECHANGES] Zic Blade da thay doi ten cua ho thanh Anic_Mickey.
[2016/2/2 - 18:47:59] [VIP NAMECHANGES] Anic Mickey da thay doi ten cua ho thanh Zic_Blade.
[2016/2/2 - 19:08:26] [VIP NAMECHANGES] Zic Blade da thay doi ten cua ho thanh Anic_Mickey.
[2016/2/2 - 19:09:59] [VIP NAMECHANGES] Be Nghia da thay doi ten cua ho thanh Avengers_Nghia.
[2016/2/2 - 19:10:16] [VIP NAMECHANGES] Akai Smith da thay doi ten cua ho thanh Avengers_Smith.
[2016/2/2 - 19:20:50] [VIP NAMECHANGES] Anic Mickey da thay doi ten cua ho thanh Zic_Blade.
[2016/2/2 - 19:38:33] [VIP NAMECHANGES] Kaito da thay doi ten cua ho thanh Fuyu_Kaito.
[2016/2/2 - 19:39:15] [VIP NAMECHANGES] Zic Blade da thay doi ten cua ho thanh Anic_Mickey.
[2016/2/2 - 19:48:04] [VIP NAMECHANGES] Fuyu Kaito da thay doi ten cua ho thanh Danny_Marvel.
[2016/2/2 - 20:11:31] [VIP NAMECHANGES] Danny Marvel da thay doi ten cua ho thanh Kaito.
[2016/2/2 - 20:14:32] [VIP NAMECHANGES] Old Wilward da thay doi ten cua ho thanh Wiler_Keyller.
[2016/2/2 - 20:15:29] [VIP NAMECHANGES] Kaito da thay doi ten cua ho thanh Wing.
[2016/2/2 - 20:33:26] [VIP NAMECHANGES] Anic Mickey da thay doi ten cua ho thanh Zic_Blade.
[2016/2/2 - 20:42:45] [VIP NAMECHANGES] Avengers Smith da thay doi ten cua ho thanh Akail_Smith.
[2016/2/2 - 20:42:49] [VIP NAMECHANGES] Akail Smith da thay doi ten cua ho thanh Akai_Smith.
[2016/2/2 - 20:45:51] [VIP NAMECHANGES] Zic Blade da thay doi ten cua ho thanh Titi_Toto.
[2016/2/2 - 20:48:31] [VIP NAMECHANGES] Bay Stone da thay doi ten cua ho thanh Kane_Stone.
[2016/2/2 - 20:51:16] [VIP NAMECHANGES] Bay Stone da thay doi ten cua ho thanh fjewpfjewpjweoprjopewjr.
[2016/2/2 - 20:53:22] [VIP NAMECHANGES] Kane Stone da thay doi ten cua ho thanh Micheal_Kane.
[2016/2/2 - 20:54:33] [VIP NAMECHANGES] Titi Hilosiba da thay doi ten cua ho thanh Titi_Bebe.
[2016/2/2 - 20:55:28] [VIP NAMECHANGES] Harlod ShipMan da thay doi ten cua ho thanh Micheal_Sang.
[2016/2/2 - 21:10:51] [VIP NAMECHANGES] Titi Toto da thay doi ten cua ho thanh Anic_Mickey.
[2016/2/2 - 21:37:51] [VIP NAMECHANGES] Anic Mickey da thay doi ten cua ho thanh Anh_Nho_Em.
[2016/2/3 - 7:12:13] [VIP NAMECHANGES] Wiler Keyller da thay doi ten cua ho thanh Uzimaki_Naruto.
[2016/2/3 - 8:27:59] [VIP NAMECHANGES] Wing da thay doi ten cua ho thanh Nicky_Marvel.
[2016/2/3 - 8:38:05] [VIP NAMECHANGES] Nicky Marvel da thay doi ten cua ho thanh Wing.
[2016/2/3 - 9:22:28] [VIP NAMECHANGES] Wing da thay doi ten cua ho thanh Dark_Knigh.
[2016/2/3 - 9:32:36] [VIP NAMECHANGES] Dark Knigh da thay doi ten cua ho thanh Mark_Marvel.
[2016/2/3 - 9:38:26] [VIP NAMECHANGES] Mark Marvel da thay doi ten cua ho thanh Wing.
[2016/2/3 - 9:47:33] [VIP NAMECHANGES] Wing da thay doi ten cua ho thanh Trung_Hieu.
[2016/2/3 - 9:53:36] [VIP NAMECHANGES] Trung Hieu da thay doi ten cua ho thanh Billy_Failed.
[2016/2/3 - 9:58:32] [VIP NAMECHANGES] Billy Failed da thay doi ten cua ho thanh Marvel_Kaito.
[2016/2/3 - 10:08:35] [VIP NAMECHANGES] Marvel Kaito da thay doi ten cua ho thanh Wing.
[2016/2/3 - 10:26:30] [VIP NAMECHANGES] Go Cu da thay doi ten cua ho thanh Hoang_Tu.
[2016/2/3 - 10:29:03] [VIP NAMECHANGES] Hoang Tu da thay doi ten cua ho thanh Pizza_BOoy.
[2016/2/3 - 10:29:05] [VIP NAMECHANGES] Pizza BOoy da thay doi ten cua ho thanh Pizza_Boy.
[2016/2/3 - 10:32:10] [VIP NAMECHANGES] Pizza Boy da thay doi ten cua ho thanh VQT.
[2016/2/3 - 10:32:39] [VIP NAMECHANGES] VQT da thay doi ten cua ho thanh Ban_Tang.
[2016/2/3 - 13:49:35] [VIP NAMECHANGES] hack cleo da thay doi ten cua ho thanh wall_hack.
[2016/2/3 - 13:51:42] [VIP NAMECHANGES] Bee Lee da thay doi ten cua ho thanh Bistar.
[2016/2/3 - 13:52:59] [VIP NAMECHANGES] wall hack da thay doi ten cua ho thanh cu_ba.
[2016/2/3 - 13:53:43] [VIP NAMECHANGES] Ban Tang da thay doi ten cua ho thanh Cuc_Cut_Co_Don.
[2016/2/3 - 13:54:55] [VIP NAMECHANGES] Nha Ngheo da thay doi ten cua ho thanh jons_giang.
[2016/2/3 - 13:56:38] [VIP NAMECHANGES] Bistar da thay doi ten cua ho thanh Bee_Lee.
[2016/2/3 - 14:50:20] [VIP NAMECHANGES] Smoke Andreson da thay doi ten cua ho thanh Huy.
[2016/2/3 - 15:28:55] [VIP NAMECHANGES] James Andreson da thay doi ten cua ho thanh Thanh.
[2016/2/3 - 15:57:36] [VIP NAMECHANGES] Wing da thay doi ten cua ho thanh Vy_Nguyen.
[2016/2/3 - 15:59:35] [VIP NAMECHANGES] Vy Nguyen da thay doi ten cua ho thanh Billy_Dash.
[2016/2/3 - 15:59:41] [VIP NAMECHANGES] Lee VuongJumber da thay doi ten cua ho thanh Vuong_Ancat.
[2016/2/3 - 15:59:58] [VIP NAMECHANGES] Vuong Ancat da thay doi ten cua ho thanh Vuong_Harcat.
[2016/2/3 - 16:00:41] [VIP NAMECHANGES] Vuong Harcat da thay doi ten cua ho thanh Vuong_Hardy.
[2016/2/3 - 16:05:30] [VIP NAMECHANGES] Brian A Sun da thay doi ten cua ho thanh Natt_hardy.
[2016/2/3 - 17:33:38] [VIP NAMECHANGES] Huy da thay doi ten cua ho thanh Smoke_Andreson .
[2016/2/3 - 17:40:38] [VIP NAMECHANGES] Billy Dash da thay doi ten cua ho thanh Marvel_Kaito.
[2016/2/3 - 17:51:08] [VIP NAMECHANGES] Marvel Kaito da thay doi ten cua ho thanh Trung_Hieu.
[2016/2/3 - 18:07:35] [VIP NAMECHANGES] Avengers Trang da thay doi ten cua ho thanh Luffy_Pirates.
[2016/2/3 - 18:08:06] [VIP NAMECHANGES] Anh Nho Em da thay doi ten cua ho thanh Anic_Mickey.
[2016/2/3 - 18:08:32] [VIP NAMECHANGES] Luffy Pirates da thay doi ten cua ho thanh Trang_Pirates.
[2016/2/3 - 18:42:30] [VIP NAMECHANGES] Chaly Doremon da thay doi ten cua ho thanh Chaly_Do.
[2016/2/3 - 18:43:36] [VIP NAMECHANGES] NhanPham Animation da thay doi ten cua ho thanh Exciter_Do.
[2016/2/3 - 19:25:15] [VIP NAMECHANGES] Co Dong da thay doi ten cua ho thanh XiPo_Do.
[2016/2/3 - 19:45:09] [VIP NAMECHANGES] Quoc Dong da thay doi ten cua ho thanh Dream_Do.
[2016/2/3 - 19:52:44] [VIP NAMECHANGES] Trung Hieu da thay doi ten cua ho thanh Kaito.
[2016/2/3 - 20:01:30] [VIP NAMECHANGES] Chaien Killers da thay doi ten cua ho thanh Kyo.
[2016/2/3 - 20:02:14] [VIP NAMECHANGES] Bee Lee da thay doi ten cua ho thanh Bee.
[2016/2/3 - 20:07:47] [VIP NAMECHANGES] Anic Mickey da thay doi ten cua ho thanh Zic_Blade.
[2016/2/3 - 20:10:37] [VIP NAMECHANGES] Zic Blade da thay doi ten cua ho thanh Anic_Mickey.
[2016/2/3 - 20:20:49] [VIP NAMECHANGES] Danh Los da thay doi ten cua ho thanh Sirius_Do.
[2016/2/3 - 20:25:01] [VIP NAMECHANGES] Mie Pirates da thay doi ten cua ho thanh Soai_Ca.
[2016/2/3 - 20:29:40] [VIP NAMECHANGES] Soai Ca da thay doi ten cua ho thanh Mie_Pirates.
[2016/2/3 - 20:37:54] [VIP NAMECHANGES] Uzimaki Naruto da thay doi ten cua ho thanh Naruto.Yeu_Hinata.
[2016/2/3 - 20:46:12] [VIP NAMECHANGES] khanh nhoz da thay doi ten cua ho thanh Khanh_Teld.
[2016/2/3 - 20:50:20] [VIP NAMECHANGES] Nhok Animation da thay doi ten cua ho thanh xemay_do.
[2016/2/3 - 21:33:33] [VIP NAMECHANGES] Phi Pirates da thay doi ten cua ho thanh Boss_Dragon.
[2016/2/4 - 0:58:55] [VIP NAMECHANGES] Fima Rik da thay doi ten cua ho thanh Ivan_Hardwell.
[2016/2/4 - 7:28:44] [VIP NAMECHANGES] Kaito da thay doi ten cua ho thanh Wing.
[2016/2/4 - 7:51:33] [VIP NAMECHANGES] Wing da thay doi ten cua ho thanh Vy_Nguyen.
[2016/2/4 - 8:13:26] [VIP NAMECHANGES] Vy Nguyen da thay doi ten cua ho thanh Wing.
[2016/2/4 - 8:44:33] [VIP NAMECHANGES] Wing da thay doi ten cua ho thanh Trung_Hieu.
[2016/2/4 - 8:48:33] [VIP NAMECHANGES] Boss Togan da thay doi ten cua ho thanh xTrum_Boss_Toganx.
[2016/2/4 - 8:54:27] [VIP NAMECHANGES] xTrum Boss Toganx da thay doi ten cua ho thanh xBoss_Toganx.
[2016/2/4 - 9:02:17] [VIP NAMECHANGES] xDragon Duy da thay doi ten cua ho thanh Boss_Duy.
[2016/2/4 - 9:02:55] [VIP NAMECHANGES] Mafia Red da thay doi ten cua ho thanh Boss_Trong.
[2016/2/4 - 9:04:59] [VIP NAMECHANGES] Boss Duy da thay doi ten cua ho thanh xBoss_Duy.
[2016/2/4 - 10:10:38] [VIP NAMECHANGES] Trung Hieu da thay doi ten cua ho thanh Thanh_Vy.
[2016/2/4 - 10:24:43] [VIP NAMECHANGES] Thanh Vy da thay doi ten cua ho thanh Trung_Hieu.
[2016/2/4 - 10:34:54] [VIP NAMECHANGES] Natt Hardy da thay doi ten cua ho thanh William_Steven.
[2016/2/4 - 10:35:49] [VIP NAMECHANGES] Trung Hieu da thay doi ten cua ho thanh Villa_DaiGia.
[2016/2/4 - 10:40:04] [VIP NAMECHANGES] Villa DaiGia da thay doi ten cua ho thanh Trung_Hieu.
[2016/2/4 - 11:22:56] [VIP NAMECHANGES] Hai Cau da thay doi ten cua ho thanh Nhan_DepTrai.
[2016/2/4 - 11:23:54] [VIP NAMECHANGES] Xemay Do da thay doi ten cua ho thanh dim_do.
[2016/2/4 - 12:12:18] [VIP NAMECHANGES] Akai Smith da thay doi ten cua ho thanh Evil_Mafia.
[2016/2/4 - 12:14:55] [VIP NAMECHANGES] Evil Mafia da thay doi ten cua ho thanh Black_Bloch.Akai.
[2016/2/4 - 12:27:36] [VIP NAMECHANGES] David Xuyen da thay doi ten cua ho thanh Ga_Rung.
[2016/2/4 - 13:26:36] [VIP NAMECHANGES] Khanh Teld da thay doi ten cua ho thanh Khanh_Pray.
[2016/2/4 - 14:07:32] [VIP NAMECHANGES] noi Dau vo bo da thay doi ten cua ho thanh Dai_Su.
[2016/2/4 - 14:09:40] [VIP NAMECHANGES] Cuc Cut Co Don da thay doi ten cua ho thanh Tieu_Tang.
[2016/2/4 - 15:05:48] [VIP NAMECHANGES] Park Soeng Hip da thay doi ten cua ho thanh DIen_Pro.
[2016/2/4 - 15:08:57] [VIP NAMECHANGES] DIen Pro da thay doi ten cua ho thanh Park_Soeng_Hip.
[2016/2/4 - 15:20:14] [VIP NAMECHANGES] TamHoang Lam da thay doi ten cua ho thanh Tommy_Lam.
[2016/2/4 - 15:26:08] [VIP NAMECHANGES] TamHoang Hai da thay doi ten cua ho thanh Alex_Hai.
[2016/2/4 - 15:27:13] [VIP NAMECHANGES] Max Shin da thay doi ten cua ho thanh Hardy_Shin.
[2016/2/4 - 15:48:57] [VIP NAMECHANGES] Park Soeng Hip da thay doi ten cua ho thanh Dien_Pro.
[2016/2/4 - 15:53:52] [VIP NAMECHANGES] Dien Pro da thay doi ten cua ho thanh Park_Soeng_Hip.
[2016/2/4 - 16:00:58] [VIP NAMECHANGES] Tony Pirates da thay doi ten cua ho thanh Hidan_Tony.
[2016/2/4 - 16:55:35] [VIP NAMECHANGES] Thanh da thay doi ten cua ho thanh Royal_SD.
[2016/2/4 - 16:56:30] [VIP NAMECHANGES] Royal SD da thay doi ten cua ho thanh Thanh.
[2016/2/4 - 17:23:28] [VIP NAMECHANGES] Anic Mickey da thay doi ten cua ho thanh Waylen_Sicaro.
[2016/2/4 - 17:24:19] [VIP NAMECHANGES] Nguyen Quynh da thay doi ten cua ho thanh Venus_Angel.
[2016/2/4 - 19:05:17] [VIP NAMECHANGES] Jack Gambit da thay doi ten cua ho thanh Phat_Hardy.
[2016/2/4 - 19:49:40] [VIP NAMECHANGES] Jons Giang da thay doi ten cua ho thanh Xuan_Quynh.
[2016/2/4 - 20:21:06] [VIP NAMECHANGES] David Vila da thay doi ten cua ho thanh Andreas.
[2016/2/4 - 20:25:44] [VIP NAMECHANGES] Tieu Tang da thay doi ten cua ho thanh Duong_Tang.
[2016/2/4 - 20:26:10] [VIP NAMECHANGES] Andreas da thay doi ten cua ho thanh Phap.
[2016/2/4 - 20:26:24] [VIP NAMECHANGES] Phap da thay doi ten cua ho thanh Ngo_khong.
[2016/2/4 - 20:33:52] [VIP NAMECHANGES] Ngo khong da thay doi ten cua ho thanh Dai_DU.
[2016/2/4 - 20:51:25] [VIP NAMECHANGES] Dai Du da thay doi ten cua ho thanh Vo Danh.
[2016/2/4 - 20:51:49] [VIP NAMECHANGES] Dai Du da thay doi ten cua ho thanh Vo Danh.
[2016/2/4 - 20:51:52] [VIP NAMECHANGES] Dai Du da thay doi ten cua ho thanh Vo_Danh.
[2016/2/4 - 21:27:10] [VIP NAMECHANGES] MR Manter da thay doi ten cua ho thanh Jimmy_Nguyen..
[2016/2/4 - 21:45:29] [VIP NAMECHANGES] Thanh da thay doi ten cua ho thanh Royal_SD.
[2016/2/4 - 21:46:44] [VIP NAMECHANGES] Royal SD da thay doi ten cua ho thanh Thanh.
[2016/2/5 - 7:38:32] [VIP NAMECHANGES] Ga Rung da thay doi ten cua ho thanh Mafia_Xuyen.
[2016/2/5 - 7:40:38] [VIP NAMECHANGES] DaiCa Pirates da thay doi ten cua ho thanh Alaxca_DaiCa.
[2016/2/5 - 8:02:18] [VIP NAMECHANGES] Naruto.Yeu Hinata da thay doi ten cua ho thanh Monkey.D_Luffy.
[2016/2/5 - 8:49:44] [VIP NAMECHANGES] Duong Tang da thay doi ten cua ho thanh nguyen_hai_duong.
[2016/2/5 - 8:55:58] [VIP NAMECHANGES] nguyen hai duong da thay doi ten cua ho thanh Le_Van_Luyen.
[2016/2/5 - 13:27:39] [VIP NAMECHANGES] Vo Danh da thay doi ten cua ho thanh Bat_Xong_Hiep.
[2016/2/5 - 13:33:59] [VIP NAMECHANGES] Bat Xong Hiep da thay doi ten cua ho thanh Phap.
[2016/2/5 - 13:41:09] [VIP NAMECHANGES] le van luyen da thay doi ten cua ho thanh Hoang_Tu.
[2016/2/5 - 14:02:06] [VIP NAMECHANGES] Cai GiThe da thay doi ten cua ho thanh Hu_Le.
[2016/2/5 - 14:17:59] [VIP NAMECHANGES] Old Bitch da thay doi ten cua ho thanh Quang_Vu.
[2016/2/5 - 14:28:25] [VIP NAMECHANGES] Park Soeng Hip da thay doi ten cua ho thanh dien_pro.
[2016/2/5 - 14:30:09] [VIP NAMECHANGES] dien pro da thay doi ten cua ho thanh Park_Soeng_Hip.
[2016/2/5 - 14:32:07] [VIP NAMECHANGES] Old Dog da thay doi ten cua ho thanh Anh_Vu.
[2016/2/5 - 15:24:30] [VIP NAMECHANGES] Hoang Tu da thay doi ten cua ho thanh Jerry.
[2016/2/5 - 16:46:11] [VIP NAMECHANGES] Huy da thay doi ten cua ho thanh Smoke_Andreson.
[2016/2/5 - 17:14:55] [VIP NAMECHANGES] Smoke Andreson da thay doi ten cua ho thanh Huy.
[2016/2/5 - 17:41:00] [VIP NAMECHANGES] Fate Jonhson da thay doi ten cua ho thanh Duong_Nguyen.
[2016/2/5 - 17:42:57] [VIP NAMECHANGES] Bet Stom da thay doi ten cua ho thanh Jack_Boll.
[2016/2/5 - 18:04:14] [VIP NAMECHANGES] Phap da thay doi ten cua ho thanh David_Vila.
[2016/2/5 - 18:47:46] [VIP NAMECHANGES] Admin A da thay doi ten cua ho thanh Anonymous_Taii.
[2016/2/5 - 19:14:24] [VIP NAMECHANGES] Boss Dragon da thay doi ten cua ho thanh Phi_Pirates.
[2016/2/5 - 19:31:19] [VIP NAMECHANGES] Super Bon da thay doi ten cua ho thanh Bon_Pirates.
[2016/2/5 - 19:34:57] [VIP NAMECHANGES] David Vila da thay doi ten cua ho thanh Andreas.
[2016/2/5 - 19:45:31] [VIP NAMECHANGES] Phi Pirates da thay doi ten cua ho thanh Phi.
[2016/2/5 - 19:48:16] [VIP NAMECHANGES] Phi da thay doi ten cua ho thanh Phi_Pirates.
[2016/2/5 - 19:49:42] [VIP NAMECHANGES] Phi Pirates da thay doi ten cua ho thanh Phi.
[2016/2/5 - 20:13:20] [VIP NAMECHANGES] Bon Pirates da thay doi ten cua ho thanh Bon_Star.
[2016/2/5 - 20:26:00] [VIP NAMECHANGES] Waylen Sicaro da thay doi ten cua ho thanh Xem_Xong_Xoa.
[2016/2/5 - 20:35:09] [VIP NAMECHANGES] jerry da thay doi ten cua ho thanh Tieu_Tang.
[2016/2/5 - 20:45:17] [VIP NAMECHANGES] Xem Xong Xoa da thay doi ten cua ho thanh Anic_Mickey.
[2016/2/5 - 21:01:33] [VIP NAMECHANGES] Dream Do da thay doi ten cua ho thanh Lillian_Gabrielle.
[2016/2/5 - 21:07:30] [VIP NAMECHANGES] Thanh da thay doi ten cua ho thanh Royal_SD.
[2016/2/5 - 21:08:57] [VIP NAMECHANGES] TamHoang Ballas da thay doi ten cua ho thanh Ballas_Star.
[2016/2/5 - 21:10:53] [VIP NAMECHANGES] Royal SD da thay doi ten cua ho thanh Thanh.
[2016/2/5 - 21:37:25] [VIP NAMECHANGES] Phi da thay doi ten cua ho thanh Phi_Pirates.
[2016/2/5 - 21:54:10] [VIP NAMECHANGES] Huy da thay doi ten cua ho thanh Smoke_Andreson.
[2016/2/5 - 22:06:46] [VIP NAMECHANGES] Smoke Andreson da thay doi ten cua ho thanh Legend_Huy.
[2016/2/5 - 22:07:24] [VIP NAMECHANGES] Legend Mario da thay doi ten cua ho thanh Legend_Dat.
[2016/2/5 - 22:14:46] [VIP NAMECHANGES] Chaly Do da thay doi ten cua ho thanh Chaly.
[2016/2/5 - 22:16:09] [VIP NAMECHANGES] Chaly da thay doi ten cua ho thanh Chaly_Do.
[2016/2/5 - 22:16:26] [VIP NAMECHANGES] Lillian Gabrielle da thay doi ten cua ho thanh Dream.
[2016/2/5 - 23:19:21] [VIP NAMECHANGES] Dream da thay doi ten cua ho thanh Dream_Do.
[2016/2/6 - 7:16:13] [VIP NAMECHANGES] Legend Huy da thay doi ten cua ho thanh Huy.
[2016/2/6 - 8:01:53] [VIP NAMECHANGES] xDragon Kaito da thay doi ten cua ho thanh Cai_Bang_Kyo.
[2016/2/6 - 8:15:20] [VIP NAMECHANGES] Rossi Bell da thay doi ten cua ho thanh Ren_Zed.
[2016/2/6 - 8:32:42] [VIP NAMECHANGES] Alex Hai da thay doi ten cua ho thanh Jun_Pirates.
[2016/2/6 - 8:53:17] [VIP NAMECHANGES] Huy da thay doi ten cua ho thanh Smoke_Pick.
[2016/2/6 - 8:58:36] [VIP NAMECHANGES] Tieu Tang da thay doi ten cua ho thanh Dai_Gia.
[2016/2/6 - 9:01:14] [VIP NAMECHANGES] Smoke Pick da thay doi ten cua ho thanh Huy.
[2016/2/6 - 9:11:16] [VIP NAMECHANGES] DongNhi Heo da thay doi ten cua ho thanh Nhi_Heo.
[2016/2/6 - 9:16:42] [VIP NAMECHANGES] Jimmy Nguyen. da thay doi ten cua ho thanh MonKey.D_Minzy.
[2016/2/6 - 9:27:20] [VIP NAMECHANGES] Huy da thay doi ten cua ho thanh Smoke_Pick.
[2016/2/6 - 9:27:31] [VIP NAMECHANGES] Smoke Pick da thay doi ten cua ho thanh Doctor_SaSaki.
[2016/2/6 - 9:29:17] [VIP NAMECHANGES] Dai Gia da thay doi ten cua ho thanh 1.
[2016/2/6 - 9:29:20] [VIP NAMECHANGES] 1 da thay doi ten cua ho thanh ngu_ngoc.
[2016/2/6 - 9:29:51] [VIP NAMECHANGES] ngu ngoc da thay doi ten cua ho thanh Dai_Gia.
[2016/2/6 - 9:30:06] [VIP NAMECHANGES] Doctor SaSaki da thay doi ten cua ho thanh 1_1.
[2016/2/6 - 9:30:10] [VIP NAMECHANGES] 1 1 da thay doi ten cua ho thanh Doctor_SaSaKi.
[2016/2/6 - 9:35:07] [VIP NAMECHANGES] Doctor SaSaKi da thay doi ten cua ho thanh Huy.
[2016/2/6 - 9:35:17] [VIP NAMECHANGES] Huy da thay doi ten cua ho thanh DocTor_SaSaKi.
[2016/2/6 - 9:35:43] [VIP NAMECHANGES] James Alexgaming da thay doi ten cua ho thanh James_Pirates.
[2016/2/6 - 9:39:06] [VIP NAMECHANGES] Kun USA da thay doi ten cua ho thanh Kun_Star.
[2016/2/6 - 9:45:54] [VIP NAMECHANGES] Park Soeng Hip da thay doi ten cua ho thanh Dien_Pro.
[2016/2/6 - 9:51:04] [VIP NAMECHANGES] DocTor SaSaKi da thay doi ten cua ho thanh Huy.
[2016/2/6 - 10:02:56] [VIP NAMECHANGES] Dien Pro da thay doi ten cua ho thanh Park_Soeng_Hip.
[2016/2/6 - 10:07:52] [VIP NAMECHANGES] Park Soeng Hip da thay doi ten cua ho thanh Dien_Qua.
[2016/2/6 - 10:08:04] [VIP NAMECHANGES] Dien Qua da thay doi ten cua ho thanh Park_Soeng_Hip.
[2016/2/6 - 10:08:45] [VIP NAMECHANGES] Park Soeng Hip da thay doi ten cua ho thanh Dien_Qua.
[2016/2/6 - 10:12:54] [VIP NAMECHANGES] Jun Pirates da thay doi ten cua ho thanh Doctor_Sabo.
[2016/2/6 - 10:15:59] [VIP NAMECHANGES] Dien Qua da thay doi ten cua ho thanh Park_Soeng_Hip.
[2016/2/6 - 10:19:11] [VIP NAMECHANGES] Thanh da thay doi ten cua ho thanh SD_Royal.
[2016/2/6 - 10:20:42] [VIP NAMECHANGES] SD Royal da thay doi ten cua ho thanh Thanh.
[2016/2/6 - 10:21:22] [VIP NAMECHANGES] James Matter da thay doi ten cua ho thanh Thao_My.
[2016/2/6 - 10:24:36] [VIP NAMECHANGES] Gover Tai da thay doi ten cua ho thanh Anonymous_Tai..
[2016/2/6 - 10:27:03] [VIP NAMECHANGES] Huy da thay doi ten cua ho thanh Smoke_Andreson.
[2016/2/6 - 10:36:33] [VIP NAMECHANGES] John King da thay doi ten cua ho thanh Kevin_Hardy.
[2016/2/6 - 10:53:08] [VIP NAMECHANGES] Sads Hydcurden da thay doi ten cua ho thanh Ethanol_Noriega.
[2016/2/6 - 11:55:49] [VIP NAMECHANGES] Dream Do da thay doi ten cua ho thanh Dong.
[2016/2/6 - 12:01:52] [VIP NAMECHANGES] Bee da thay doi ten cua ho thanh Khung_Bo.
[2016/2/6 - 12:16:54] [VIP NAMECHANGES] Khung Bo da thay doi ten cua ho thanh Bee.
[2016/2/6 - 12:46:32] [VIP NAMECHANGES] Bee da thay doi ten cua ho thanh Thai_Tu.
[2016/2/6 - 13:08:11] [VIP NAMECHANGES] Thai Tu da thay doi ten cua ho thanh Hoang_Gia.
[2016/2/6 - 14:07:19] [VIP NAMECHANGES] Ken Smith da thay doi ten cua ho thanh Quan_Quoc.
[2016/2/6 - 14:20:32] [VIP NAMECHANGES] Hoang Gia da thay doi ten cua ho thanh Bee.
[2016/2/6 - 15:04:27] [VIP NAMECHANGES] Andreas da thay doi ten cua ho thanh Vo_Phap.
[2016/2/6 - 15:04:28] [VIP NAMECHANGES] Vo Phap da thay doi ten cua ho thanh .
[2016/2/6 - 15:04:28] [VIP NAMECHANGES] Vo Phap da thay doi ten cua ho thanh .
[2016/2/6 - 15:04:28] [VIP NAMECHANGES] Vo Phap da thay doi ten cua ho thanh .
[2016/2/6 - 15:04:28] [VIP NAMECHANGES] Vo Phap da thay doi ten cua ho thanh .
[2016/2/6 - 15:04:28] [VIP NAMECHANGES] Vo Phap da thay doi ten cua ho thanh .
[2016/2/6 - 15:04:28] [VIP NAMECHANGES] Vo Phap da thay doi ten cua ho thanh .
[2016/2/6 - 15:04:28] [VIP NAMECHANGES] Vo Phap da thay doi ten cua ho thanh .
[2016/2/6 - 15:04:28] [VIP NAMECHANGES] Vo Phap da thay doi ten cua ho thanh .
[2016/2/6 - 15:04:28] [VIP NAMECHANGES] Vo Phap da thay doi ten cua ho thanh .
[2016/2/6 - 15:04:28] [VIP NAMECHANGES] Vo Phap da thay doi ten cua ho thanh .
[2016/2/6 - 15:04:28] [VIP NAMECHANGES] Vo Phap da thay doi ten cua ho thanh .
[2016/2/6 - 15:04:28] [VIP NAMECHANGES] Vo Phap da thay doi ten cua ho thanh .
[2016/2/6 - 15:04:28] [VIP NAMECHANGES] Vo Phap da thay doi ten cua ho thanh .
[2016/2/6 - 15:04:29] [VIP NAMECHANGES] Vo Phap da thay doi ten cua ho thanh .
[2016/2/6 - 15:04:29] [VIP NAMECHANGES] Vo Phap da thay doi ten cua ho thanh .
[2016/2/6 - 15:04:29] [VIP NAMECHANGES] Vo Phap da thay doi ten cua ho thanh .
[2016/2/6 - 15:04:29] [VIP NAMECHANGES] Vo Phap da thay doi ten cua ho thanh .
[2016/2/6 - 15:04:31] [VIP NAMECHANGES] Vo Phap da thay doi ten cua ho thanh .
[2016/2/6 - 15:04:55] [VIP NAMECHANGES] Vo Phap da thay doi ten cua ho thanh Mean_MAx.
[2016/2/6 - 15:05:00] [VIP NAMECHANGES] Mean MAx da thay doi ten cua ho thanh Mean_Maxs.
[2016/2/6 - 15:26:52] [VIP NAMECHANGES] Cai Bang Ti da thay doi ten cua ho thanh Kelvin_Jonhson.
[2016/2/6 - 15:27:28] [VIP NAMECHANGES] Cai Bang bo da thay doi ten cua ho thanh Nick_Willam.
[2016/2/6 - 15:52:43] [VIP NAMECHANGES] Cai Bang Kyo da thay doi ten cua ho thanh Kelvin_Kute.
[2016/2/6 - 15:56:14] [VIP NAMECHANGES] Black Bloch.Akai da thay doi ten cua ho thanh Black_Snow.
[2016/2/6 - 16:01:55] [VIP NAMECHANGES] Ballas Star da thay doi ten cua ho thanh TamHoang_Ballas.
[2016/2/6 - 16:09:43] [VIP NAMECHANGES] Bee da thay doi ten cua ho thanh Bee.
[2016/2/6 - 16:15:37] [VIP NAMECHANGES] Cai Bang da thay doi ten cua ho thanh Natt_Lucifer.
[2016/2/6 - 16:25:28] [VIP NAMECHANGES] Anic Mickey da thay doi ten cua ho thanh Xem_Xong_Xoa.
[2016/2/6 - 16:43:20] [VIP NAMECHANGES] Mean Maxs da thay doi ten cua ho thanh Mr_Mean.
[2016/2/6 - 16:46:08] [VIP NAMECHANGES] Mr Mean da thay doi ten cua ho thanh Mr_Pháp.
[2016/2/6 - 16:46:12] [VIP NAMECHANGES] Mr Mean da thay doi ten cua ho thanh Mr_Phap.
[2016/2/6 - 16:46:24] [VIP NAMECHANGES] Mr Phap da thay doi ten cua ho thanh Mr_BipBIP.
[2016/2/6 - 16:46:34] [VIP NAMECHANGES] Mr BipBIP da thay doi ten cua ho thanh Que_thuThai_ChjpChjp.
[2016/2/6 - 16:46:48] [VIP NAMECHANGES] Que thuThai ChjpChjp da thay doi ten cua ho thanh Killer_Vila.
[2016/2/6 - 17:00:02] [VIP NAMECHANGES] Bay Stone da thay doi ten cua ho thanh Con_Ca.
[2016/2/6 - 17:02:14] [VIP NAMECHANGES] Killer Vila da thay doi ten cua ho thanh Con Thú .
[2016/2/6 - 17:02:30] [VIP NAMECHANGES] Killer Vila da thay doi ten cua ho thanh Con Gà.
[2016/2/6 - 17:02:41] [VIP NAMECHANGES] Killer Vila da thay doi ten cua ho thanh Con Gà.
[2016/2/6 - 17:04:16] [VIP NAMECHANGES] Con Ca da thay doi ten cua ho thanh Bay_Stone :)).
[2016/2/6 - 17:04:19] [VIP NAMECHANGES] Con Ca da thay doi ten cua ho thanh Bay_Stone.
[2016/2/6 - 17:05:50] [VIP NAMECHANGES] Thanh da thay doi ten cua ho thanh James_Andreson.
[2016/2/6 - 17:09:04] [VIP NAMECHANGES] Killer Vila da thay doi ten cua ho thanh Vk_Nick.
[2016/2/6 - 17:09:32] [VIP NAMECHANGES] Bay Stone da thay doi ten cua ho thanh Cha_Nick.
[2016/2/6 - 17:10:03] [VIP NAMECHANGES] Vk Nick da thay doi ten cua ho thanh Neck.
[2016/2/6 - 17:11:06] [VIP NAMECHANGES] Neck da thay doi ten cua ho thanh Njck.
[2016/2/6 - 17:15:22] [VIP NAMECHANGES] Cha Nick da thay doi ten cua ho thanh Bay_Stone.
[2016/2/6 - 17:25:31] [VIP NAMECHANGES] Njck da thay doi ten cua ho thanh Killer_Vila.
[2016/2/6 - 18:02:05] [VIP NAMECHANGES] Park Soeng Hip da thay doi ten cua ho thanh Dong_Hiep.
[2016/2/6 - 18:17:22] [VIP NAMECHANGES] James Andreson da thay doi ten cua ho thanh Thanh.
[2016/2/6 - 18:24:59] [VIP NAMECHANGES] Dong Hiep da thay doi ten cua ho thanh Park_Soeng_Hip.
[2016/2/6 - 18:40:53] [VIP NAMECHANGES] Bay Stone da thay doi ten cua ho thanh Bay_SiuNhon.
[2016/2/6 - 18:41:32] [VIP NAMECHANGES] Killer Vila da thay doi ten cua ho thanh Pháp_SiuNhon.
[2016/2/6 - 18:44:10] [VIP NAMECHANGES] Kelvin Kute da thay doi ten cua ho thanh xBoss_Kute.
[2016/2/6 - 18:46:15] [VIP NAMECHANGES] Killer Vila da thay doi ten cua ho thanh Phap_SiuNhon.
[2016/2/6 - 18:46:27] [VIP NAMECHANGES] Kelvin Jonhson da thay doi ten cua ho thanh xBoss_Ku.
[2016/2/6 - 18:47:02] [VIP NAMECHANGES] Bay SiuNhon da thay doi ten cua ho thanh Vinh_SiuNhon.
[2016/2/6 - 18:50:29] [VIP NAMECHANGES] Thanh da thay doi ten cua ho thanh James_Andreson.
[2016/2/6 - 19:27:35] [VIP NAMECHANGES] Phat Hardy da thay doi ten cua ho thanh Messi_Frerdo.
[2016/2/6 - 19:30:42] [VIP NAMECHANGES] Dong da thay doi ten cua ho thanh Kim_Dong.
[2016/2/6 - 19:31:46] [VIP NAMECHANGES] Kim Dong da thay doi ten cua ho thanh Quoc_Dongs.
[2016/2/6 - 19:32:22] [VIP NAMECHANGES] Quoc Dongs da thay doi ten cua ho thanh Dream_Do.
[2016/2/6 - 19:58:26] [VIP NAMECHANGES] face Book da thay doi ten cua ho thanh Jmmy_KubNi.
[2016/2/6 - 20:16:03] [VIP NAMECHANGES] James Andreson da thay doi ten cua ho thanh Thanh.
[2016/2/6 - 20:19:01] [VIP NAMECHANGES] Thanh da thay doi ten cua ho thanh James_Andreson.
[2016/2/6 - 20:24:09] [VIP NAMECHANGES] James Andreson da thay doi ten cua ho thanh Thanh.
[2016/2/6 - 20:29:51] [VIP NAMECHANGES] Kim Joon da thay doi ten cua ho thanh xBoss_Joon.
[2016/2/6 - 20:31:57] [VIP NAMECHANGES] Dream Do da thay doi ten cua ho thanh Dong.
[2016/2/6 - 20:43:19] [VIP NAMECHANGES] Lantyr Listineil da thay doi ten cua ho thanh Bum_Tadashi.
[2016/2/6 - 20:44:27] [VIP NAMECHANGES] Ethanol Noriega da thay doi ten cua ho thanh Enrique_Saldana.
[2016/2/6 - 20:45:00] [VIP NAMECHANGES] Jack Boll da thay doi ten cua ho thanh Ebisu_Garua.
[2016/2/6 - 20:45:08] [VIP NAMECHANGES] Ebisu Garua da thay doi ten cua ho thanh Ebisu_Garuda.
[2016/2/6 - 20:45:38] [VIP NAMECHANGES] Duong Nguyen da thay doi ten cua ho thanh Daniel_Mathews.
[2016/2/6 - 20:57:16] [VIP NAMECHANGES] Eleazar Santiego da thay doi ten cua ho thanh Bistar.
[2016/2/6 - 20:58:37] [VIP NAMECHANGES] Bistar da thay doi ten cua ho thanh Min.
[2016/2/6 - 21:37:55] [VIP NAMECHANGES] Ethan Jockey da thay doi ten cua ho thanh Ghost_Hunter.
[2016/2/7 - 8:36:02] [VIP NAMECHANGES] Thao My da thay doi ten cua ho thanh Suu_Nhi.
[2016/2/7 - 8:38:09] [VIP NAMECHANGES] Suu Nhi da thay doi ten cua ho thanh Thao_My.
[2016/2/7 - 8:53:46] [VIP NAMECHANGES] Doctor Sabo da thay doi ten cua ho thanh Alex_Hai.
[2016/2/7 - 8:59:38] [VIP NAMECHANGES] SG Hades da thay doi ten cua ho thanh xBoss_Hades.
[2016/2/7 - 9:13:03] [VIP NAMECHANGES] Thanh da thay doi ten cua ho thanh James_Andreson.
[2016/2/7 - 9:14:24] [VIP NAMECHANGES] James Andreson da thay doi ten cua ho thanh Thanh.
[2016/2/7 - 9:15:02] [VIP NAMECHANGES] James Pirates da thay doi ten cua ho thanh Brad_Malstep.
[2016/2/7 - 9:30:32] [VIP NAMECHANGES] Dong da thay doi ten cua ho thanh Dream.
[2016/2/7 - 9:30:40] [VIP NAMECHANGES] Dream da thay doi ten cua ho thanh Dream Do.
[2016/2/7 - 9:31:37] [VIP NAMECHANGES] Kid Elextro da thay doi ten cua ho thanh xBoss_Kyx.
[2016/2/7 - 9:32:04] [VIP NAMECHANGES] Dream da thay doi ten cua ho thanh DreamDo.
[2016/2/7 - 9:32:23] [VIP NAMECHANGES] DreamDo da thay doi ten cua ho thanh Quoc_Dongs.
[2016/2/7 - 9:43:12] [VIP NAMECHANGES] Quoc Dongs da thay doi ten cua ho thanh Dong.
[2016/2/7 - 9:50:14] [VIP NAMECHANGES] Bin Hardy da thay doi ten cua ho thanh Bin_Harry.
[2016/2/7 - 11:04:31] [VIP NAMECHANGES] Thanh da thay doi ten cua ho thanh James_Andrson.
[2016/2/7 - 11:04:33] [VIP NAMECHANGES] James Andrson da thay doi ten cua ho thanh James_Andreson.
[2016/2/7 - 11:07:26] [VIP NAMECHANGES] James Andreson da thay doi ten cua ho thanh Jsc_Pick.
[2016/2/7 - 11:26:08] [VIP NAMECHANGES] Jsc Pick da thay doi ten cua ho thanh Thanh.
[2016/2/7 - 11:48:49] [VIP NAMECHANGES] Pha Pisces da thay doi ten cua ho thanh Quynh_Nhu.
[2016/2/7 - 13:39:04] [VIP NAMECHANGES] Thanh da thay doi ten cua ho thanh James_Andreson.
[2016/2/7 - 14:05:22] [VIP NAMECHANGES] Tung Van da thay doi ten cua ho thanh Phuong Thao.
[2016/2/7 - 14:06:35] [VIP NAMECHANGES] Tung Van da thay doi ten cua ho thanh PhuongThao.
[2016/2/7 - 14:06:40] [VIP NAMECHANGES] PhuongThao da thay doi ten cua ho thanh Phuong Thao.
[2016/2/7 - 14:06:43] [VIP NAMECHANGES] PhuongThao da thay doi ten cua ho thanh Phuong Thao.
[2016/2/7 - 14:06:55] [VIP NAMECHANGES] PhuongThao da thay doi ten cua ho thanh Tung_Van.
[2016/2/7 - 14:08:00] [VIP NAMECHANGES] Dark eaglee da thay doi ten cua ho thanh Kent_Dolce.
[2016/2/7 - 14:12:39] [VIP NAMECHANGES] Xem Xong Xoa da thay doi ten cua ho thanh Anic_Mickey.
[2016/2/7 - 14:47:31] [VIP NAMECHANGES] Ti Chuot da thay doi ten cua ho thanh Sushi_sss.
[2016/2/7 - 14:48:34] [VIP NAMECHANGES] Sushi sss da thay doi ten cua ho thanh Prince_Stride.
[2016/2/7 - 14:52:56] [VIP NAMECHANGES] James Andreson da thay doi ten cua ho thanh Thanh.
[2016/2/7 - 14:53:11] [VIP NAMECHANGES] Thanh da thay doi ten cua ho thanh James.
[2016/2/7 - 14:54:25] [VIP NAMECHANGES] James da thay doi ten cua ho thanh Thanh.
[2016/2/7 - 15:03:17] [VIP NAMECHANGES] Park Soeng Hip da thay doi ten cua ho thanh Dong_Thong.
[2016/2/7 - 15:11:32] [VIP NAMECHANGES] Dong Thong da thay doi ten cua ho thanh Park_Soeng_Hip.
[2016/2/7 - 15:18:28] [VIP NAMECHANGES] Jack Grap da thay doi ten cua ho thanh xBoss_Grap.
[2016/2/7 - 15:30:27] [VIP NAMECHANGES] Dong da thay doi ten cua ho thanh Quoc_Dongs.
[2016/2/7 - 15:36:23] [VIP NAMECHANGES] Quoc Dongs da thay doi ten cua ho thanh Dong.
[2016/2/7 - 15:57:35] [VIP NAMECHANGES] Black Snow da thay doi ten cua ho thanh Smoke_Smith.
[2016/2/7 - 16:32:06] [VIP NAMECHANGES] Chaly Do da thay doi ten cua ho thanh Chaly.
[2016/2/7 - 16:32:08] [VIP NAMECHANGES] Chaly da thay doi ten cua ho thanh Chaly_Do.
[2016/2/7 - 16:42:20] [VIP NAMECHANGES] Smoke Andreson da thay doi ten cua ho thanh Huy.
[2016/2/7 - 16:53:01] [VIP NAMECHANGES] Phap SiuNhon da thay doi ten cua ho thanh Tao_Thich.
[2016/2/7 - 16:53:07] [VIP NAMECHANGES] Vinh SiuNhon da thay doi ten cua ho thanh Po_SiuNhon.
[2016/2/7 - 16:53:08] [VIP NAMECHANGES] Tao Thich da thay doi ten cua ho thanh Mean_Mod.
[2016/2/7 - 16:54:14] [VIP NAMECHANGES] Chaly Do da thay doi ten cua ho thanh Van_Thi_Mich.
[2016/2/7 - 16:55:30] [VIP NAMECHANGES] Van Thi Mich da thay doi ten cua ho thanh Chaly_Do.
[2016/2/7 - 16:56:30] [VIP NAMECHANGES] Chaly Do da thay doi ten cua ho thanh Pentium_Hardwell.
[2016/2/7 - 16:58:21] [VIP NAMECHANGES] Po SiuNhon da thay doi ten cua ho thanh Chich_Chich.
[2016/2/7 - 17:00:37] [VIP NAMECHANGES] Thanh da thay doi ten cua ho thanh James_Andreson.
[2016/2/7 - 17:02:03] [VIP NAMECHANGES] Pentium Hardwell da thay doi ten cua ho thanh Nac_Nac.
[2016/2/7 - 17:02:34] [VIP NAMECHANGES] Mean Mod da thay doi ten cua ho thanh Suc_Suc.
[2016/2/7 - 17:09:34] [VIP NAMECHANGES] Suc Suc da thay doi ten cua ho thanh Mean_Pro.
[2016/2/7 - 17:10:02] [VIP NAMECHANGES] Nac Nac da thay doi ten cua ho thanh Chaly_Do.
[2016/2/7 - 17:10:13] [VIP NAMECHANGES] Mean Pro da thay doi ten cua ho thanh Suc_Suc.
[2016/2/7 - 17:10:45] [VIP NAMECHANGES] Chaly Do da thay doi ten cua ho thanh Nac_Nac.
[2016/2/7 - 17:12:22] [VIP NAMECHANGES] Suc Suc da thay doi ten cua ho thanh Mean_Pro.
[2016/2/7 - 17:12:36] [VIP NAMECHANGES] Mean Pro da thay doi ten cua ho thanh Suc_Suc.
[2016/2/7 - 17:17:41] [VIP NAMECHANGES] Suc Suc da thay doi ten cua ho thanh James_LasKill.
[2016/2/7 - 17:18:03] [VIP NAMECHANGES] James LasKill da thay doi ten cua ho thanh James_And.
[2016/2/7 - 17:18:06] [VIP NAMECHANGES] Nac Nac da thay doi ten cua ho thanh James_Mich.
[2016/2/7 - 17:18:09] [VIP NAMECHANGES] James And da thay doi ten cua ho thanh James_TheEnd.
[2016/2/7 - 17:18:11] [VIP NAMECHANGES] James TheEnd da thay doi ten cua ho thanh James_Min.
[2016/2/7 - 17:19:38] [VIP NAMECHANGES] Chich Chich da thay doi ten cua ho thanh James_VinhyeuPhap.
[2016/2/7 - 17:20:16] [VIP NAMECHANGES] James Mich da thay doi ten cua ho thanh Chaly_Do.
[2016/2/7 - 17:20:54] [VIP NAMECHANGES] Chaly Do da thay doi ten cua ho thanh James_Mich.
[2016/2/7 - 17:21:30] [VIP NAMECHANGES] James VinhyeuPhap da thay doi ten cua ho thanh James_Chich.
[2016/2/7 - 17:34:24] [VIP NAMECHANGES] Bee da thay doi ten cua ho thanh Bee_Chee.
[2016/2/7 - 17:50:23] [VIP NAMECHANGES] James Chich da thay doi ten cua ho thanh Vinh_SiuNhon.
[2016/2/7 - 17:52:05] [VIP NAMECHANGES] James Mich da thay doi ten cua ho thanh Chaly_Do.
[2016/2/7 - 17:53:30] [VIP NAMECHANGES] James Andreson da thay doi ten cua ho thanh Thanh.
[2016/2/7 - 17:53:31] [VIP NAMECHANGES] James Min da thay doi ten cua ho thanh Phap_ShiuNhon.
[2016/2/7 - 18:43:41] [VIP NAMECHANGES] Phap ShiuNhon da thay doi ten cua ho thanh James_Vila.
[2016/2/7 - 19:37:05] [VIP NAMECHANGES] Avengers Nghia da thay doi ten cua ho thanh Girl_Ngoc.
[2016/2/7 - 20:10:54] [VIP NAMECHANGES] Alex Hai da thay doi ten cua ho thanh Jun_Hai.
[2016/2/7 - 20:12:37] [VIP NAMECHANGES] Girl Ngoc da thay doi ten cua ho thanh Jun_Ngoc.
[2016/2/7 - 20:55:09] [VIP NAMECHANGES] Thanh da thay doi ten cua ho thanh James_Andreson.
[2016/2/7 - 20:58:04] [VIP NAMECHANGES] James Andreson da thay doi ten cua ho thanh Thanh.
[2016/2/7 - 21:05:59] [VIP NAMECHANGES] Thanh da thay doi ten cua ho thanh James_Andreson.
[2016/2/7 - 21:25:57] [VIP NAMECHANGES] Jun Hai da thay doi ten cua ho thanh Pin_Dog.
[2016/2/7 - 22:10:39] [VIP NAMECHANGES] Sam Regama da thay doi ten cua ho thanh Sam_Harry.
[2016/2/7 - 22:35:01] [VIP NAMECHANGES] Kent Dolce da thay doi ten cua ho thanh Kent_Harry.
[2016/2/7 - 22:47:46] [VIP NAMECHANGES] James Andreson da thay doi ten cua ho thanh Thanh.
[2016/2/8 - 0:34:25] [VIP NAMECHANGES] Tung Van da thay doi ten cua ho thanh Kieu_Linh.
[2016/2/8 - 0:45:31] [VIP NAMECHANGES] Kieu Linh da thay doi ten cua ho thanh Tung Van.
[2016/2/8 - 0:45:38] [VIP NAMECHANGES] Kieu Linh da thay doi ten cua ho thanh Tung_Van.
[2016/2/8 - 1:04:41] [VIP NAMECHANGES] Thanh da thay doi ten cua ho thanh Subeoz.
[2016/2/8 - 1:05:07] [VIP NAMECHANGES] Subeoz da thay doi ten cua ho thanh Thanh.
[2016/2/8 - 1:10:56] [VIP NAMECHANGES] Nhi Heo da thay doi ten cua ho thanh Heo_Vo_Tam.
[2016/2/8 - 2:01:08] [VIP NAMECHANGES] Chaly Do da thay doi ten cua ho thanh Jizzy.
[2016/2/8 - 2:02:49] [VIP NAMECHANGES] Jizzy da thay doi ten cua ho thanh Chaly_Do.
[2016/2/8 - 4:13:10] [VIP NAMECHANGES] Tung Van da thay doi ten cua ho thanh GaPhieuLuu.
[2016/2/8 - 4:13:13] [VIP NAMECHANGES] GaPhieuLuu da thay doi ten cua ho thanh Ga Phieu Luu.
[2016/2/8 - 4:13:57] [VIP NAMECHANGES] GaPhieuLuu da thay doi ten cua ho thanh Le_An.
[2016/2/8 - 4:14:11] [VIP NAMECHANGES] Le An da thay doi ten cua ho thanh Van_Thanh_Tung.
[2016/2/8 - 4:14:24] [VIP NAMECHANGES] Van Thanh Tung da thay doi ten cua ho thanh Ga_Phieu_lii.
[2016/2/8 - 4:14:43] [VIP NAMECHANGES] Ga Phieu lii da thay doi ten cua ho thanh Tung_Pro.
[2016/2/8 - 4:14:48] [VIP NAMECHANGES] Tung Pro da thay doi ten cua ho thanh Tung_Khung.
[2016/2/8 - 4:15:02] [VIP NAMECHANGES] Tung Khung da thay doi ten cua ho thanh Tung_Van.
[2016/2/8 - 7:59:59] [VIP NAMECHANGES] Thanh da thay doi ten cua ho thanh James_Andreson.
[2016/2/8 - 8:28:25] [VIP NAMECHANGES] Huy da thay doi ten cua ho thanh DocTor_Smoke.
[2016/2/8 - 8:48:27] [VIP NAMECHANGES] DocTor Smoke da thay doi ten cua ho thanh Huy.
[2016/2/8 - 8:49:06] [VIP NAMECHANGES] James Andreson da thay doi ten cua ho thanh Thanh.
[2016/2/8 - 9:43:18] [VIP NAMECHANGES] Huy da thay doi ten cua ho thanh Smoke_Andreson.
[2016/2/8 - 9:43:19] [VIP NAMECHANGES] Thanh da thay doi ten cua ho thanh James_Andreson.
[2016/2/8 - 9:47:26] [VIP NAMECHANGES] Vinh SiuNhon da thay doi ten cua ho thanh Chich_Chich.
[2016/2/8 - 9:48:10] [VIP NAMECHANGES] Chaly Do da thay doi ten cua ho thanh Nac_Nacs.
[2016/2/8 - 9:48:26] [VIP NAMECHANGES] Nac Nacs da thay doi ten cua ho thanh Thong_Thong.
[2016/2/8 - 9:48:40] [VIP NAMECHANGES] James Andreson da thay doi ten cua ho thanh Ckik_Ckik.
[2016/2/8 - 9:50:11] [VIP NAMECHANGES] Thong Thong da thay doi ten cua ho thanh Chlch_Chlch.
[2016/2/8 - 9:58:22] [VIP NAMECHANGES] Chlch Chlch da thay doi ten cua ho thanh Chaly_Do.
[2016/2/8 - 9:58:49] [VIP NAMECHANGES] Smoke Andreson da thay doi ten cua ho thanh Huy.
[2016/2/8 - 9:58:50] [VIP NAMECHANGES] Chaly Do da thay doi ten cua ho thanh Chlch_Chlch.
[2016/2/8 - 9:59:16] [VIP NAMECHANGES] Chlch Chlch da thay doi ten cua ho thanh Chaly_Do.
[2016/2/8 - 9:59:52] [VIP NAMECHANGES] Chaly Do da thay doi ten cua ho thanh Chlch_Chlch.
[2016/2/8 - 10:00:36] [VIP NAMECHANGES] Chlch Chlch da thay doi ten cua ho thanh Chaly_Do.
[2016/2/8 - 10:00:39] [VIP NAMECHANGES] Ckik Ckik da thay doi ten cua ho thanh Thanh.
[2016/2/8 - 10:10:35] [VIP NAMECHANGES] Chich Chich da thay doi ten cua ho thanh Pon.
[2016/2/8 - 10:30:15] [VIP NAMECHANGES] Dong da thay doi ten cua ho thanh Long_Khung.
[2016/2/8 - 10:30:59] [VIP NAMECHANGES] Long Khung da thay doi ten cua ho thanh Pin.
[2016/2/8 - 11:49:10] [VIP NAMECHANGES] Tran Thuy Hoang da thay doi ten cua ho thanh Hoang.
[2016/2/8 - 11:57:32] [VIP NAMECHANGES] Pin da thay doi ten cua ho thanh Dong.
[2016/2/8 - 12:22:10] [VIP NAMECHANGES] Chaly Do da thay doi ten cua ho thanh Jizzy.
[2016/2/8 - 12:23:28] [VIP NAMECHANGES] JaMes ViLa da thay doi ten cua ho thanh Director.
[2016/2/8 - 12:25:15] [VIP NAMECHANGES] Jizzy da thay doi ten cua ho thanh Chaly_Do.
[2016/2/8 - 12:33:37] [VIP NAMECHANGES] Thanh da thay doi ten cua ho thanh James.
[2016/2/8 - 12:36:04] [VIP NAMECHANGES] James da thay doi ten cua ho thanh Thanh.
[2016/2/8 - 12:36:20] [VIP NAMECHANGES] Thanh da thay doi ten cua ho thanh james.
[2016/2/8 - 12:40:00] [VIP NAMECHANGES] James da thay doi ten cua ho thanh Thanh.
[2016/2/8 - 12:49:16] [VIP NAMECHANGES] Huy da thay doi ten cua ho thanh Smoke_abdresib.
[2016/2/8 - 12:49:36] [VIP NAMECHANGES] Smoke abdresib da thay doi ten cua ho thanh Smoke_Andreson.
[2016/2/8 - 18:24:53] [VIP NAMECHANGES] MonKeyD Luffy da thay doi ten cua ho thanh MonKey.D_Luffy.
[2016/2/8 - 22:58:11] [VIP NAMECHANGES] Bin Harry da thay doi ten cua ho thanh Bin.
[2016/2/10 - 13:06:40] [VIP NAMECHANGES] Mr Mario da thay doi ten cua ho thanh {SatThu}Mr_Mario.
[2016/2/10 - 13:52:34] [VIP NAMECHANGES] Charlie Ryder da thay doi ten cua ho thanh Kail_karlito.
[2016/2/10 - 14:18:34] [VIP NAMECHANGES] Ferreira Wilward da thay doi ten cua ho thanh Hao_Siro.
[2016/2/10 - 16:18:06] [VIP NAMECHANGES] Vinh SiuNhon da thay doi ten cua ho thanh Vinh_.
[2016/2/10 - 16:18:26] [VIP NAMECHANGES] Vinh  da thay doi ten cua ho thanh Vinh_SieuNhan.
[2016/2/10 - 16:18:29] [VIP NAMECHANGES] Vinh SieuNhan da thay doi ten cua ho thanh Vinh_SieuNhon.
[2016/2/10 - 16:18:31] [VIP NAMECHANGES] Vinh SieuNhon da thay doi ten cua ho thanh Vinh_SiuNhon.
[2016/2/10 - 17:26:32] [VIP NAMECHANGES] Smoke Smith da thay doi ten cua ho thanh Akai_SiuNho..
[2016/2/11 - 14:19:26] [VIP NAMECHANGES] Park Soeng Hip da thay doi ten cua ho thanh Hero_Keyboard.
