[2016/1/31 - 0:00:54] The faction vault is at $0
[2016/1/31 - 1:00:11] The faction vault is at $0
[2016/1/31 - 2:00:02] The faction vault is at $0
[2016/1/31 - 3:00:56] The faction vault is at $0
[2016/1/31 - 4:00:57] The faction vault is at $0
[2016/1/31 - 5:00:44] The faction vault is at $0
[2016/1/31 - 6:00:50] The faction vault is at $0
[2016/1/31 - 7:51:15] TamHoang lam took a Combat Shotgun out of the SFPD locker at a cost of 0 HG Materials.
[2016/1/31 - 7:51:20] TamHoang lam took a M4 out of the SFPD locker at a cost of 0 HG Materials.
[2016/1/31 - 7:51:38] TamHoang lam took a vest out of the SFPD locker at a cost of 1 HG Material.
[2016/1/31 - 7:51:41] TamHoang lam took a vest for their car out of the SFPD locker at a cost of 1 HG Material.
[2016/1/31 - 7:52:14] TamHoang Hai took a vest out of the SFPD locker at a cost of 1 HG Material.
[2016/1/31 - 7:52:42] TamHoang Hai took a M4 out of the SFPD locker at a cost of 0 HG Materials.
[2016/1/31 - 7:52:47] TamHoang Hai took a Combat Shotgun out of the SFPD locker at a cost of 0 HG Materials.
[2016/1/31 - 7:52:52] TamHoang Hai took a Sniper Rifle out of the SFPD locker at a cost of 0 HG Materials.
[2016/1/31 - 7:56:27] TamHoang lam took a vest out of the SFPD locker at a cost of 1 HG Material.
[2016/1/31 - 7:56:44] TamHoang Hai took a vest for their car out of the SFPD locker at a cost of 1 HG Material.
[2016/1/31 - 7:56:48] TamHoang Hai took a vest out of the SFPD locker at a cost of 1 HG Material.
[2016/1/31 - 8:00:29] The faction vault is at $0
[2016/1/31 - 8:00:54] TamHoang lam took a vest out of the SFPD locker at a cost of 1 HG Material.
[2016/1/31 - 8:01:12] TamHoang Hai took a vest out of the SFPD locker at a cost of 1 HG Material.
[2016/1/31 - 8:01:44] TamHoang lam took a vest out of the SFPD locker at a cost of 1 HG Material.
[2016/1/31 - 8:01:46] TamHoang Hai took a vest out of the SFPD locker at a cost of 1 HG Material.
[2016/1/31 - 8:19:22] Leo Fun took a Desert Eagle out of the SFPD locker at a cost of 0 HG Materials.
[2016/1/31 - 8:19:24] Leo Fun took a M4 out of the SFPD locker at a cost of 0 HG Materials.
[2016/1/31 - 8:19:26] Leo Fun took a Combat Shotgun out of the SFPD locker at a cost of 0 HG Materials.
[2016/1/31 - 8:19:29] Leo Fun took a Sniper Rifle out of the SFPD locker at a cost of 0 HG Materials.
[2016/1/31 - 8:19:33] Leo Fun took a vest out of the SFPD locker at a cost of 1 HG Material.
[2016/1/31 - 8:19:35] Leo Fun took a vest for their car out of the SFPD locker at a cost of 1 HG Material.
[2016/1/31 - 8:23:54] TamHoang lam took a vest out of the SFPD locker at a cost of 1 HG Material.
[2016/1/31 - 8:40:30] Nguyen Huy took a Shotgun out of the SFPD locker at a cost of 0 HG Materials.
[2016/1/31 - 8:40:35] Nguyen Huy took a Combat Shotgun out of the SFPD locker at a cost of 0 HG Materials.
[2016/1/31 - 8:40:38] Nguyen Huy took a Shotgun out of the SFPD locker at a cost of 0 HG Materials.
[2016/1/31 - 8:40:41] Nguyen Huy took a Teargas out of the SFPD locker at a cost of 0 HG Materials.
[2016/1/31 - 8:40:43] Nguyen Huy took a Nite Stick out of the SFPD locker at a cost of 0 HG Materials.
[2016/1/31 - 8:40:48] Nguyen Huy took a Sniper Rifle out of the SFPD locker at a cost of 0 HG Materials.
[2016/1/31 - 8:40:51] Nguyen Huy took a vest for their car out of the SFPD locker at a cost of 1 HG Material.
[2016/1/31 - 8:46:28] Minh Alaxander took a vest out of the SFPD locker at a cost of 1 HG Material.
[2016/1/31 - 8:46:30] Minh Alaxander took a Nite Stick out of the SFPD locker at a cost of 0 HG Materials.
[2016/1/31 - 8:46:31] TamHoang Hai took a vest out of the SFPD locker at a cost of 1 HG Material.
[2016/1/31 - 8:46:31] Minh Alaxander took a Spray Can out of the SFPD locker at a cost of 0 HG Materials.
[2016/1/31 - 8:46:33] Minh Alaxander took a Spray Can out of the SFPD locker at a cost of 0 HG Materials.
[2016/1/31 - 8:46:36] Minh Alaxander took a Teargas out of the SFPD locker at a cost of 0 HG Materials.
[2016/1/31 - 8:46:38] Minh Alaxander took a Parachute out of the SFPD locker at a cost of 0 HG Materials.
[2016/1/31 - 8:46:40] Minh Alaxander took a Shotgun out of the SFPD locker at a cost of 0 HG Materials.
[2016/1/31 - 8:46:43] Minh Alaxander took a MP5 out of the SFPD locker at a cost of 0 HG Materials.
[2016/1/31 - 8:46:45] Minh Alaxander took a MP5 out of the SFPD locker at a cost of 0 HG Materials.
[2016/1/31 - 8:46:48] Minh Alaxander took a M4 out of the SFPD locker at a cost of 0 HG Materials.
[2016/1/31 - 8:46:51] Minh Alaxander took a Desert Eagle out of the SFPD locker at a cost of 0 HG Materials.
[2016/1/31 - 8:46:56] Minh Alaxander took a Sniper Rifle out of the SFPD locker at a cost of 0 HG Materials.
[2016/1/31 - 8:47:04] Minh Alaxander took a vest out of the SFPD locker at a cost of 1 HG Material.
[2016/1/31 - 8:47:16] Leo Fun took a vest out of the SFPD locker at a cost of 1 HG Material.
[2016/1/31 - 8:47:17] TamHoang lam took a vest out of the SFPD locker at a cost of 1 HG Material.
[2016/1/31 - 8:47:20] Ly Mac Sau took a Nite Stick out of the SFPD locker at a cost of 0 HG Materials.
[2016/1/31 - 8:47:22] Ly Mac Sau took a vest out of the SFPD locker at a cost of 1 HG Material.
[2016/1/31 - 8:47:30] Ly Mac Sau took a vest out of the SFPD locker at a cost of 1 HG Material.
[2016/1/31 - 8:47:31] Ly Mac Sau took a vest for their car out of the SFPD locker at a cost of 1 HG Material.
[2016/1/31 - 9:00:10] The faction vault is at $0
[2016/1/31 - 9:08:29] Leo Fun took a vest out of the SFPD locker at a cost of 1 HG Material.
[2016/1/31 - 9:16:58] TamHoang lam took a vest out of the SFPD locker at a cost of 1 HG Material.
[2016/1/31 - 9:17:24] Leo Fun took a vest out of the SFPD locker at a cost of 1 HG Material.
[2016/1/31 - 9:18:53] TamHoang lam took a vest out of the SFPD locker at a cost of 1 HG Material.
[2016/1/31 - 9:18:56] TamHoang lam took a Sniper Rifle out of the SFPD locker at a cost of 0 HG Materials.
[2016/1/31 - 9:20:13] Yasuka khu took a  out of the SFPD locker at a cost of 0 HG Materials.
[2016/1/31 - 9:20:19] Yasuka khu took a  out of the SFPD locker at a cost of 0 HG Materials.
[2016/1/31 - 9:20:52] Yasuka khu took a vest out of the SFPD locker at a cost of 1 HG Material.
[2016/1/31 - 9:46:05] Yasuka khu took a vest out of the SFPD locker at a cost of 1 HG Material.
[2016/1/31 - 9:53:33] Yasuka khu took a vest out of the SFPD locker at a cost of 1 HG Material.
[2016/1/31 - 9:53:36] Yasuka khu took a Combat Shotgun out of the SFPD locker at a cost of 0 HG Materials.
[2016/1/31 - 9:53:40] Yasuka khu took a M4 out of the SFPD locker at a cost of 0 HG Materials.
[2016/1/31 - 9:53:45] Yasuka khu took a Sniper Rifle out of the SFPD locker at a cost of 0 HG Materials.
[2016/1/31 - 10:01:12] The faction vault is at $0
[2016/1/31 - 10:02:06] Yasuka khu took a Sniper Rifle out of the SFPD locker at a cost of 0 HG Materials.
[2016/1/31 - 10:02:11] Yasuka khu took a M4 out of the SFPD locker at a cost of 0 HG Materials.
[2016/1/31 - 10:02:14] Yasuka khu took a vest out of the SFPD locker at a cost of 1 HG Material.
[2016/1/31 - 11:00:50] The faction vault is at $0
[2016/1/31 - 12:00:07] The faction vault is at $0
[2016/1/31 - 13:00:54] The faction vault is at $0
[2016/1/31 - 13:31:33] David Xuyen took a Desert Eagle out of the SFPD locker at a cost of 0 HG Materials.
[2016/1/31 - 13:31:34] David Xuyen took a MP5 out of the SFPD locker at a cost of 0 HG Materials.
[2016/1/31 - 13:31:36] David Xuyen took a Shotgun out of the SFPD locker at a cost of 0 HG Materials.
[2016/1/31 - 14:01:02] The faction vault is at $0
[2016/1/31 - 14:36:22] David Xuyen took a vest out of the SFPD locker at a cost of 1 HG Material.
[2016/1/31 - 14:36:24] David Xuyen took a vest for their car out of the SFPD locker at a cost of 1 HG Material.
[2016/1/31 - 14:37:21] David Xuyen took a Desert Eagle out of the SFPD locker at a cost of 0 HG Materials.
[2016/1/31 - 14:37:26] David Xuyen took a M4 out of the SFPD locker at a cost of 0 HG Materials.
[2016/1/31 - 14:37:29] David Xuyen took a Combat Shotgun out of the SFPD locker at a cost of 0 HG Materials.
[2016/1/31 - 14:37:32] David Xuyen took a Sniper Rifle out of the SFPD locker at a cost of 0 HG Materials.
[2016/1/31 - 14:38:32] Adree Holler da tra ve phat David Xuyen's voi so tien $1 va $0 da duoc gui den SFPD's quy ngan sach.
[2016/1/31 - 15:00:47] The faction vault is at $0
[2016/1/31 - 15:53:21] Yasuka khu took a vest out of the SFPD locker at a cost of 1 HG Material.
[2016/1/31 - 15:53:25] Yasuka khu took a Combat Shotgun out of the SFPD locker at a cost of 0 HG Materials.
[2016/1/31 - 15:53:28] Yasuka khu took a Sniper Rifle out of the SFPD locker at a cost of 0 HG Materials.
[2016/1/31 - 15:53:31] Yasuka khu took a M4 out of the SFPD locker at a cost of 0 HG Materials.
[2016/1/31 - 15:53:45] story s took a vest out of the SFPD locker at a cost of 1 HG Material.
[2016/1/31 - 15:53:53] story s took a Shotgun out of the SFPD locker at a cost of 0 HG Materials.
[2016/1/31 - 15:53:58] story s took a MP5 out of the SFPD locker at a cost of 0 HG Materials.
[2016/1/31 - 15:54:02] story s took a Desert Eagle out of the SFPD locker at a cost of 0 HG Materials.
[2016/1/31 - 15:54:07] story s took a M4 out of the SFPD locker at a cost of 0 HG Materials.
[2016/1/31 - 15:54:11] story s took a Combat Shotgun out of the SFPD locker at a cost of 0 HG Materials.
[2016/1/31 - 15:54:51] Bu Hoang took a Sniper Rifle out of the SFPD locker at a cost of 0 HG Materials.
[2016/1/31 - 15:55:01] Bu Hoang took a  out of the SFPD locker at a cost of 0 HG Materials.
[2016/1/31 - 15:55:34] Bu Hoang took a vest for their car out of the SFPD locker at a cost of 1 HG Material.
[2016/1/31 - 15:55:37] Bu Hoang took a vest out of the SFPD locker at a cost of 1 HG Material.
[2016/1/31 - 15:56:01] Bu Hoang took a M4 out of the SFPD locker at a cost of 0 HG Materials.
[2016/1/31 - 15:56:05] Bu Hoang took a Combat Shotgun out of the SFPD locker at a cost of 0 HG Materials.
[2016/1/31 - 15:56:08] Bu Hoang took a Shotgun out of the SFPD locker at a cost of 0 HG Materials.
[2016/1/31 - 16:00:35] The faction vault is at $0
[2016/1/31 - 16:29:05] Yasuka khu took a vest out of the SFPD locker at a cost of 1 HG Material.
[2016/1/31 - 16:29:08] Yasuka khu took a Sniper Rifle out of the SFPD locker at a cost of 0 HG Materials.
[2016/1/31 - 16:29:13] Yasuka khu took a Combat Shotgun out of the SFPD locker at a cost of 0 HG Materials.
[2016/1/31 - 16:29:16] Yasuka khu took a M4 out of the SFPD locker at a cost of 0 HG Materials.
[2016/1/31 - 17:00:26] The faction vault is at $0
[2016/1/31 - 17:05:16] Anic Mickey took a vest out of the SFPD locker at a cost of 1 HG Material.
[2016/1/31 - 17:05:27] Anic Mickey took a Desert Eagle out of the SFPD locker at a cost of 0 HG Materials.
[2016/1/31 - 17:05:30] Anic Mickey took a MP5 out of the SFPD locker at a cost of 0 HG Materials.
[2016/1/31 - 17:05:33] Anic Mickey took a M4 out of the SFPD locker at a cost of 0 HG Materials.
[2016/1/31 - 17:05:36] Anic Mickey took a Combat Shotgun out of the SFPD locker at a cost of 0 HG Materials.
[2016/1/31 - 17:05:38] Anic Mickey took a Sniper Rifle out of the SFPD locker at a cost of 0 HG Materials.
