[2016/2/1 - 0:00:19] The faction vault is at $0
[2016/2/1 - 2:01:00] The faction vault is at $0
[2016/2/1 - 8:00:13] The faction vault is at $0
[2016/2/1 - 10:00:51] The faction vault is at $0
[2016/2/1 - 10:11:20] Tamhoang lam took a vest out of the SFPD locker at a cost of 1 HG Material.
[2016/2/1 - 10:11:22] Tamhoang lam took a vest for their car out of the SFPD locker at a cost of 1 HG Material.
[2016/2/1 - 10:11:47] Tamhoang lam took a Desert Eagle out of the SFPD locker at a cost of 0 HG Materials.
[2016/2/1 - 10:11:51] Tamhoang lam took a Combat Shotgun out of the SFPD locker at a cost of 0 HG Materials.
[2016/2/1 - 10:11:54] Tamhoang lam took a M4 out of the SFPD locker at a cost of 0 HG Materials.
[2016/2/1 - 10:41:29] Exciter Jakie took a Combat Shotgun out of the SFPD locker at a cost of 0 HG Materials.
[2016/2/1 - 10:41:30] TamHoang Long took a Combat Shotgun out of the SFPD locker at a cost of 0 HG Materials.
[2016/2/1 - 10:41:34] Vinh Thai took a vest out of the SFPD locker at a cost of 1 HG Material.
[2016/2/1 - 10:41:34] Exciter Jakie took a Nite Stick out of the SFPD locker at a cost of 0 HG Materials.
[2016/2/1 - 10:41:36] TamHoang Long took a M4 out of the SFPD locker at a cost of 0 HG Materials.
[2016/2/1 - 10:41:37] Vinh Thai took a Shotgun out of the SFPD locker at a cost of 0 HG Materials.
[2016/2/1 - 10:41:38] TamHoang Long took a Spray Can out of the SFPD locker at a cost of 0 HG Materials.
[2016/2/1 - 10:41:40] Vinh Thai took a MP5 out of the SFPD locker at a cost of 0 HG Materials.
[2016/2/1 - 10:41:42] Vinh Thai took a Desert Eagle out of the SFPD locker at a cost of 0 HG Materials.
[2016/2/1 - 10:41:44] Vinh Thai took a M4 out of the SFPD locker at a cost of 0 HG Materials.
[2016/2/1 - 10:41:44] TamHoang Long took a Sniper Rifle out of the SFPD locker at a cost of 0 HG Materials.
[2016/2/1 - 10:41:46] Vinh Thai took a Combat Shotgun out of the SFPD locker at a cost of 0 HG Materials.
[2016/2/1 - 10:41:49] TamHoang Long took a Parachute out of the SFPD locker at a cost of 0 HG Materials.
[2016/2/1 - 10:41:51] Vinh Thai took a Sniper Rifle out of the SFPD locker at a cost of 0 HG Materials.
[2016/2/1 - 10:48:09] Ecxiter LAT took a Combat Shotgun out of the SFPD locker at a cost of 0 HG Materials.
[2016/2/1 - 10:48:11] Ecxiter LAT took a Parachute out of the SFPD locker at a cost of 0 HG Materials.
[2016/2/1 - 10:48:14] Ecxiter LAT took a Spray Can out of the SFPD locker at a cost of 0 HG Materials.
[2016/2/1 - 11:00:51] The faction vault is at $0
[2016/2/1 - 11:07:55] Nghia Oma has been arrested by Exciter Jakie and fined $10000. $3333 has been sent to SFPD's budget fund.
[2016/2/1 - 11:12:23] Tamhoang lam da dong gop $1 de SFPD von ngan sach.
[2016/2/1 - 12:00:24] The faction vault is at $3,334
[2016/2/1 - 12:38:26] yamahuga okieds took a vest out of the SFPD locker at a cost of 1 HG Material.
[2016/2/1 - 12:38:28] yamahuga okieds took a Combat Shotgun out of the SFPD locker at a cost of 0 HG Materials.
[2016/2/1 - 12:38:54] yamahuga okieds took a Nite Stick out of the SFPD locker at a cost of 0 HG Materials.
[2016/2/1 - 12:38:56] yamahuga okieds took a Spray Can out of the SFPD locker at a cost of 0 HG Materials.
[2016/2/1 - 12:38:57] yamahuga okieds took a Shotgun out of the SFPD locker at a cost of 0 HG Materials.
[2016/2/1 - 12:38:59] yamahuga okieds took a Desert Eagle out of the SFPD locker at a cost of 0 HG Materials.
[2016/2/1 - 12:39:02] yamahuga okieds took a M4 out of the SFPD locker at a cost of 0 HG Materials.
[2016/2/1 - 12:39:05] yamahuga okieds took a Sniper Rifle out of the SFPD locker at a cost of 0 HG Materials.
[2016/2/1 - 12:39:14] yamahuga okieds took a vest out of the SFPD locker at a cost of 1 HG Material.
[2016/2/1 - 13:00:20] The faction vault is at $3,334
[2016/2/1 - 13:14:16] Vinh Thai took a vest out of the SFPD locker at a cost of 1 HG Material.
[2016/2/1 - 13:14:19] Vinh Thai took a Shotgun out of the SFPD locker at a cost of 0 HG Materials.
[2016/2/1 - 13:14:23] Vinh Thai took a MP5 out of the SFPD locker at a cost of 0 HG Materials.
[2016/2/1 - 13:14:25] Vinh Thai took a Shotgun out of the SFPD locker at a cost of 0 HG Materials.
[2016/2/1 - 13:14:27] Vinh Thai took a Desert Eagle out of the SFPD locker at a cost of 0 HG Materials.
[2016/2/1 - 13:14:30] Vinh Thai took a M4 out of the SFPD locker at a cost of 0 HG Materials.
[2016/2/1 - 13:14:32] Vinh Thai took a M4 out of the SFPD locker at a cost of 0 HG Materials.
[2016/2/1 - 13:14:34] Vinh Thai took a Combat Shotgun out of the SFPD locker at a cost of 0 HG Materials.
[2016/2/1 - 13:14:37] Vinh Thai took a Sniper Rifle out of the SFPD locker at a cost of 0 HG Materials.
[2016/2/1 - 13:14:42] Vinh Thai took a vest for their car out of the SFPD locker at a cost of 1 HG Material.
[2016/2/1 - 13:14:43] Vinh Thai took a vest out of the SFPD locker at a cost of 1 HG Material.
[2016/2/1 - 14:00:15] The faction vault is at $3,334
[2016/2/1 - 14:29:34] Vinh Thai took a vest out of the SFPD locker at a cost of 1 HG Material.
[2016/2/1 - 14:29:38] Vinh Thai took a Combat Shotgun out of the SFPD locker at a cost of 0 HG Materials.
[2016/2/1 - 14:29:41] Vinh Thai took a Desert Eagle out of the SFPD locker at a cost of 0 HG Materials.
[2016/2/1 - 14:29:44] Vinh Thai took a MP5 out of the SFPD locker at a cost of 0 HG Materials.
[2016/2/1 - 14:29:45] Exciter Jakie took a Desert Eagle out of the SFPD locker at a cost of 0 HG Materials.
[2016/2/1 - 14:29:50] Exciter Jakie took a Teargas out of the SFPD locker at a cost of 0 HG Materials.
[2016/2/1 - 14:29:52] Vinh Thai took a vest for their car out of the SFPD locker at a cost of 1 HG Material.
[2016/2/1 - 14:29:53] Exciter Jakie took a MP5 out of the SFPD locker at a cost of 0 HG Materials.
[2016/2/1 - 14:29:54] Vinh Thai took a vest out of the SFPD locker at a cost of 1 HG Material.
[2016/2/1 - 14:29:55] Exciter Jakie took a M4 out of the SFPD locker at a cost of 0 HG Materials.
[2016/2/1 - 14:29:58] Exciter Jakie took a Sniper Rifle out of the SFPD locker at a cost of 0 HG Materials.
[2016/2/1 - 15:00:30] The faction vault is at $3,334
[2016/2/1 - 16:01:02] The faction vault is at $3,334
[2016/2/1 - 16:48:27] Vinh Thai took a vest out of the SFPD locker at a cost of 1 HG Material.
[2016/2/1 - 16:48:32] Vinh Thai took a vest for their car out of the SFPD locker at a cost of 1 HG Material.
[2016/2/1 - 16:48:49] Vinh Thai took a Desert Eagle out of the SFPD locker at a cost of 0 HG Materials.
[2016/2/1 - 16:49:16] Vinh Thai took a Combat Shotgun out of the SFPD locker at a cost of 0 HG Materials.
[2016/2/1 - 16:50:19] Na Na took a M4 out of the SFPD locker at a cost of 0 HG Materials.
[2016/2/1 - 16:50:22] Na Na took a Combat Shotgun out of the SFPD locker at a cost of 0 HG Materials.
[2016/2/1 - 16:50:28] Na Na took a vest out of the SFPD locker at a cost of 1 HG Material.
[2016/2/1 - 16:50:35] Na Na took a Sniper Rifle out of the SFPD locker at a cost of 0 HG Materials.
[2016/2/1 - 16:51:27] Old Dog took a M4 out of the SFPD locker at a cost of 0 HG Materials.
[2016/2/1 - 16:51:30] Old Dog took a Desert Eagle out of the SFPD locker at a cost of 0 HG Materials.
[2016/2/1 - 16:51:37] Old Dog took a Sniper Rifle out of the SFPD locker at a cost of 0 HG Materials.
[2016/2/1 - 17:00:49] Old Dog took a vest out of the SFPD locker at a cost of 1 HG Material.
[2016/2/1 - 17:01:04] The faction vault is at $3,334
[2016/2/1 - 17:14:09] Nha Giau took a Shotgun out of the SFPD locker at a cost of 0 HG Materials.
[2016/2/1 - 17:14:12] Nha Giau took a M4 out of the SFPD locker at a cost of 0 HG Materials.
[2016/2/1 - 17:14:15] Nha Giau took a Desert Eagle out of the SFPD locker at a cost of 0 HG Materials.
[2016/2/1 - 17:14:17] Nha Giau took a vest out of the SFPD locker at a cost of 1 HG Material.
[2016/2/1 - 17:15:14] Na Na took a vest out of the SFPD locker at a cost of 1 HG Material.
[2016/2/1 - 17:22:02] Lil Jack took a vest out of the SFPD locker at a cost of 1 HG Material.
[2016/2/1 - 17:22:15] Lil Jack took a Combat Shotgun out of the SFPD locker at a cost of 0 HG Materials.
[2016/2/1 - 17:22:21] Lil Jack took a Desert Eagle out of the SFPD locker at a cost of 0 HG Materials.
[2016/2/1 - 17:22:25] Lil Jack took a Teargas out of the SFPD locker at a cost of 0 HG Materials.
[2016/2/1 - 17:30:05] John Ethan took a Teargas out of the SFPD locker at a cost of 0 HG Materials.
[2016/2/1 - 17:30:14] John Ethan took a Shotgun out of the SFPD locker at a cost of 0 HG Materials.
[2016/2/1 - 17:30:15] Hu Hu took a vest out of the SFPD locker at a cost of 1 HG Material.
[2016/2/1 - 17:30:18] John Ethan took a M4 out of the SFPD locker at a cost of 0 HG Materials.
[2016/2/1 - 17:30:20] John Ethan took a Desert Eagle out of the SFPD locker at a cost of 0 HG Materials.
[2016/2/1 - 17:30:21] John Ethan took a vest out of the SFPD locker at a cost of 1 HG Material.
[2016/2/1 - 17:30:22] Hu Hu took a Combat Shotgun out of the SFPD locker at a cost of 0 HG Materials.
[2016/2/1 - 17:30:26] Hu Hu took a Sniper Rifle out of the SFPD locker at a cost of 0 HG Materials.
[2016/2/1 - 17:30:27] John Ethan took a Combat Shotgun out of the SFPD locker at a cost of 0 HG Materials.
[2016/2/1 - 17:30:30] John Ethan took a vest out of the SFPD locker at a cost of 1 HG Material.
[2016/2/1 - 17:30:31] Hu Hu took a vest for their car out of the SFPD locker at a cost of 1 HG Material.
[2016/2/1 - 17:30:31] John Ethan took a vest for their car out of the SFPD locker at a cost of 1 HG Material.
[2016/2/1 - 17:30:33] Hu Hu took a vest out of the SFPD locker at a cost of 1 HG Material.
[2016/2/1 - 17:30:53] Tamhoang lam took a vest out of the SFPD locker at a cost of 1 HG Material.
[2016/2/1 - 17:30:53] TamHoang Hai took a Combat Shotgun out of the SFPD locker at a cost of 0 HG Materials.
[2016/2/1 - 17:33:00] Old Dog took a Nite Stick out of the SFPD locker at a cost of 0 HG Materials.
[2016/2/1 - 17:33:09] Old Dog took a Spray Can out of the SFPD locker at a cost of 0 HG Materials.
[2016/2/1 - 17:33:13] Old Dog took a M4 out of the SFPD locker at a cost of 0 HG Materials.
[2016/2/1 - 17:33:22] Old Dog took a Combat Shotgun out of the SFPD locker at a cost of 0 HG Materials.
[2016/2/1 - 17:33:28] Old Dog took a Sniper Rifle out of the SFPD locker at a cost of 0 HG Materials.
[2016/2/1 - 17:35:56] Old Dog took a vest out of the SFPD locker at a cost of 1 HG Material.
[2016/2/1 - 17:36:53] Tamhoang lam took a vest out of the SFPD locker at a cost of 1 HG Material.
[2016/2/1 - 17:36:54] TamHoang Hai took a vest out of the SFPD locker at a cost of 1 HG Material.
[2016/2/1 - 17:36:55] Tamhoang lam took a vest for their car out of the SFPD locker at a cost of 1 HG Material.
[2016/2/1 - 17:37:54] John Ethan took a M4 out of the SFPD locker at a cost of 0 HG Materials.
[2016/2/1 - 17:37:55] John Ethan took a vest out of the SFPD locker at a cost of 1 HG Material.
[2016/2/1 - 17:37:57] John Ethan took a Desert Eagle out of the SFPD locker at a cost of 0 HG Materials.
[2016/2/1 - 17:38:00] John Ethan took a Sniper Rifle out of the SFPD locker at a cost of 0 HG Materials.
[2016/2/1 - 17:56:02] Lil Jack took a Parachute out of the SFPD locker at a cost of 0 HG Materials.
[2016/2/1 - 17:56:07] Lil Jack took a Combat Shotgun out of the SFPD locker at a cost of 0 HG Materials.
[2016/2/1 - 17:56:10] Lil Jack took a M4 out of the SFPD locker at a cost of 0 HG Materials.
[2016/2/1 - 17:56:12] Lil Jack took a vest out of the SFPD locker at a cost of 1 HG Material.
[2016/2/1 - 17:56:14] Lil Jack took a vest for their car out of the SFPD locker at a cost of 1 HG Material.
[2016/2/1 - 17:57:41] TamHoang Hai took a vest out of the SFPD locker at a cost of 1 HG Material.
[2016/2/1 - 17:57:47] TamHoang Hai took a vest out of the SFPD locker at a cost of 1 HG Material.
[2016/2/1 - 18:00:00] The faction vault is at $3,334
[2016/2/1 - 18:00:22] Hu Hu took a Teargas out of the SFPD locker at a cost of 0 HG Materials.
[2016/2/1 - 18:00:26] Hu Hu took a Parachute out of the SFPD locker at a cost of 0 HG Materials.
[2016/2/1 - 18:00:30] Hu Hu took a Shotgun out of the SFPD locker at a cost of 0 HG Materials.
[2016/2/1 - 18:00:33] Old Dog took a vest out of the SFPD locker at a cost of 1 HG Material.
[2016/2/1 - 18:00:35] Hu Hu took a M4 out of the SFPD locker at a cost of 0 HG Materials.
[2016/2/1 - 18:00:39] Hu Hu took a Desert Eagle out of the SFPD locker at a cost of 0 HG Materials.
[2016/2/1 - 18:00:44] Hu Hu took a Combat Shotgun out of the SFPD locker at a cost of 0 HG Materials.
[2016/2/1 - 18:00:50] Hu Hu took a Sniper Rifle out of the SFPD locker at a cost of 0 HG Materials.
[2016/2/1 - 18:00:53] Hu Hu took a vest out of the SFPD locker at a cost of 1 HG Material.
[2016/2/1 - 18:01:34] Lil Jack took a vest out of the SFPD locker at a cost of 1 HG Material.
[2016/2/1 - 18:01:49] Lil Jack took a M4 out of the SFPD locker at a cost of 0 HG Materials.
[2016/2/1 - 18:01:51] Lil Jack took a Combat Shotgun out of the SFPD locker at a cost of 0 HG Materials.
[2016/2/1 - 18:07:20] Vinh Thai took a vest out of the SFPD locker at a cost of 1 HG Material.
[2016/2/1 - 18:07:27] Vinh Thai took a MP5 out of the SFPD locker at a cost of 0 HG Materials.
[2016/2/1 - 18:07:31] Vinh Thai took a Desert Eagle out of the SFPD locker at a cost of 0 HG Materials.
[2016/2/1 - 18:07:36] Vinh Thai took a M4 out of the SFPD locker at a cost of 0 HG Materials.
[2016/2/1 - 18:07:39] Vinh Thai took a Combat Shotgun out of the SFPD locker at a cost of 0 HG Materials.
[2016/2/1 - 18:07:42] Vinh Thai took a Sniper Rifle out of the SFPD locker at a cost of 0 HG Materials.
[2016/2/1 - 18:07:44] Vinh Thai took a vest out of the SFPD locker at a cost of 1 HG Material.
[2016/2/1 - 18:07:50] Vinh Thai took a vest for their car out of the SFPD locker at a cost of 1 HG Material.
[2016/2/1 - 18:12:24] Tamhoang lam took a vest out of the SFPD locker at a cost of 1 HG Material.
[2016/2/1 - 18:12:32] Tamhoang lam took a Combat Shotgun out of the SFPD locker at a cost of 0 HG Materials.
[2016/2/1 - 18:12:36] Tamhoang lam took a M4 out of the SFPD locker at a cost of 0 HG Materials.
[2016/2/1 - 18:12:41] Tamhoang lam took a Desert Eagle out of the SFPD locker at a cost of 0 HG Materials.
[2016/2/1 - 18:12:47] Tamhoang lam took a Spray Can out of the SFPD locker at a cost of 0 HG Materials.
[2016/2/1 - 18:18:21] Tamhoang lam took a vest out of the SFPD locker at a cost of 1 HG Material.
[2016/2/1 - 19:01:05] The faction vault is at $3,334
[2016/2/1 - 19:02:03] Duong Minh Hieu took a vest out of the SFPD locker at a cost of 1 HG Material.
[2016/2/1 - 19:11:30] Be Vy took a vest out of the SFPD locker at a cost of 1 HG Material.
[2016/2/1 - 19:11:37] Be Vy took a Nite Stick out of the SFPD locker at a cost of 0 HG Materials.
[2016/2/1 - 19:11:42] Be Vy took a Spray Can out of the SFPD locker at a cost of 0 HG Materials.
[2016/2/1 - 19:12:06] Be Vy took a Teargas out of the SFPD locker at a cost of 0 HG Materials.
[2016/2/1 - 19:12:10] Be Vy took a Nite Stick out of the SFPD locker at a cost of 0 HG Materials.
[2016/2/1 - 19:12:14] Be Vy took a Shotgun out of the SFPD locker at a cost of 0 HG Materials.
[2016/2/1 - 19:12:16] Be Vy took a MP5 out of the SFPD locker at a cost of 0 HG Materials.
[2016/2/1 - 19:12:22] Be Vy took a Desert Eagle out of the SFPD locker at a cost of 0 HG Materials.
[2016/2/1 - 19:19:40] Be Cu took a vest out of the SFPD locker at a cost of 1 HG Material.
[2016/2/1 - 19:19:45] Be Cu took a M4 out of the SFPD locker at a cost of 0 HG Materials.
[2016/2/1 - 19:19:48] Be Cu took a Sniper Rifle out of the SFPD locker at a cost of 0 HG Materials.
[2016/2/1 - 19:19:53] Be Cu took a Combat Shotgun out of the SFPD locker at a cost of 0 HG Materials.
[2016/2/1 - 19:19:55] Be Cu took a Desert Eagle out of the SFPD locker at a cost of 0 HG Materials.
[2016/2/1 - 19:19:58] Be Cu took a MP5 out of the SFPD locker at a cost of 0 HG Materials.
[2016/2/1 - 19:20:00] Be Cu took a Spray Can out of the SFPD locker at a cost of 0 HG Materials.
[2016/2/1 - 19:20:07] Be Cu took a vest out of the SFPD locker at a cost of 1 HG Material.
[2016/2/1 - 19:20:08] Be Cu took a vest for their car out of the SFPD locker at a cost of 1 HG Material.
[2016/2/1 - 19:21:05] TamHoang Lam took a vest out of the SFPD locker at a cost of 1 HG Material.
[2016/2/1 - 19:21:06] TamHoang Lam took a vest for their car out of the SFPD locker at a cost of 1 HG Material.
[2016/2/1 - 19:30:48] John Ethan took a M4 out of the SFPD locker at a cost of 0 HG Materials.
[2016/2/1 - 19:30:51] John Ethan took a Combat Shotgun out of the SFPD locker at a cost of 0 HG Materials.
[2016/2/1 - 19:30:54] John Ethan took a vest for their car out of the SFPD locker at a cost of 1 HG Material.
[2016/2/1 - 19:30:55] John Ethan took a vest out of the SFPD locker at a cost of 1 HG Material.
[2016/2/1 - 19:31:01] Old Dog took a M4 out of the SFPD locker at a cost of 0 HG Materials.
[2016/2/1 - 19:31:06] Old Dog took a Combat Shotgun out of the SFPD locker at a cost of 0 HG Materials.
[2016/2/1 - 19:31:11] Old Dog took a Desert Eagle out of the SFPD locker at a cost of 0 HG Materials.
[2016/2/1 - 19:31:14] Old Dog took a Sniper Rifle out of the SFPD locker at a cost of 0 HG Materials.
[2016/2/1 - 19:37:18] TuanTai Pirates took a Sniper Rifle out of the SFPD locker at a cost of 0 HG Materials.
[2016/2/1 - 19:37:20] TuanTai Pirates took a Combat Shotgun out of the SFPD locker at a cost of 0 HG Materials.
[2016/2/1 - 19:37:23] TuanTai Pirates took a Desert Eagle out of the SFPD locker at a cost of 0 HG Materials.
[2016/2/1 - 19:37:26] TuanTai Pirates took a M4 out of the SFPD locker at a cost of 0 HG Materials.
[2016/2/1 - 19:37:32] TuanTai Pirates took a vest for their car out of the SFPD locker at a cost of 1 HG Material.
[2016/2/1 - 19:39:37] Vinh Thai took a vest for their car out of the SFPD locker at a cost of 1 HG Material.
[2016/2/1 - 19:41:02] Vinh Thai took a vest out of the SFPD locker at a cost of 1 HG Material.
[2016/2/1 - 19:42:30] Be Cu took a vest out of the SFPD locker at a cost of 1 HG Material.
[2016/2/1 - 19:42:33] Be Cu took a Spray Can out of the SFPD locker at a cost of 0 HG Materials.
[2016/2/1 - 19:42:35] Be Cu took a Parachute out of the SFPD locker at a cost of 0 HG Materials.
[2016/2/1 - 19:42:38] Be Cu took a MP5 out of the SFPD locker at a cost of 0 HG Materials.
[2016/2/1 - 19:42:40] Be Cu took a Desert Eagle out of the SFPD locker at a cost of 0 HG Materials.
[2016/2/1 - 19:42:42] Be Cu took a M4 out of the SFPD locker at a cost of 0 HG Materials.
[2016/2/1 - 19:42:45] Be Cu took a Combat Shotgun out of the SFPD locker at a cost of 0 HG Materials.
[2016/2/1 - 19:42:47] Be Cu took a Sniper Rifle out of the SFPD locker at a cost of 0 HG Materials.
[2016/2/1 - 19:42:49] Be Cu took a vest for their car out of the SFPD locker at a cost of 1 HG Material.
[2016/2/1 - 19:55:10] TamHoang Lam took a vest out of the SFPD locker at a cost of 1 HG Material.
[2016/2/1 - 19:55:12] TamHoang Lam took a vest for their car out of the SFPD locker at a cost of 1 HG Material.
[2016/2/1 - 19:55:20] TamHoang Hai took a vest out of the SFPD locker at a cost of 1 HG Material.
[2016/2/1 - 19:55:27] TamHoang Hai took a M4 out of the SFPD locker at a cost of 0 HG Materials.
[2016/2/1 - 19:55:32] TamHoang Hai took a Sniper Rifle out of the SFPD locker at a cost of 0 HG Materials.
[2016/2/1 - 19:55:36] TamHoang Lam took a  out of the SFPD locker at a cost of 0 HG Materials.
[2016/2/1 - 19:55:43] TamHoang Hai took a Combat Shotgun out of the SFPD locker at a cost of 0 HG Materials.
[2016/2/1 - 19:55:45] TamHoang Lam took a Sniper Rifle out of the SFPD locker at a cost of 0 HG Materials.
[2016/2/1 - 19:55:50] TamHoang Hai took a Parachute out of the SFPD locker at a cost of 0 HG Materials.
[2016/2/1 - 19:55:56] TamHoang Hai took a Desert Eagle out of the SFPD locker at a cost of 0 HG Materials.
[2016/2/1 - 19:56:03] TamHoang Hai took a MP5 out of the SFPD locker at a cost of 0 HG Materials.
[2016/2/1 - 19:56:10] TamHoang Hai took a Teargas out of the SFPD locker at a cost of 0 HG Materials.
[2016/2/1 - 19:56:19] TamHoang Hai took a Shotgun out of the SFPD locker at a cost of 0 HG Materials.
[2016/2/1 - 19:56:23] TuanTai Pirates took a vest for their car out of the SFPD locker at a cost of 1 HG Material.
[2016/2/1 - 19:56:25] TuanTai Pirates took a vest out of the SFPD locker at a cost of 1 HG Material.
[2016/2/1 - 19:57:13] Be Cu took a vest out of the SFPD locker at a cost of 1 HG Material.
[2016/2/1 - 19:57:20] Be Cu took a vest for their car out of the SFPD locker at a cost of 1 HG Material.
[2016/2/1 - 19:59:10] Vinh Thai took a vest out of the SFPD locker at a cost of 1 HG Material.
[2016/2/1 - 19:59:12] Vinh Thai took a Shotgun out of the SFPD locker at a cost of 0 HG Materials.
[2016/2/1 - 19:59:14] Vinh Thai took a MP5 out of the SFPD locker at a cost of 0 HG Materials.
[2016/2/1 - 19:59:16] Vinh Thai took a M4 out of the SFPD locker at a cost of 0 HG Materials.
[2016/2/1 - 19:59:19] Vinh Thai took a Desert Eagle out of the SFPD locker at a cost of 0 HG Materials.
[2016/2/1 - 19:59:27] Vinh Thai took a Combat Shotgun out of the SFPD locker at a cost of 0 HG Materials.
[2016/2/1 - 19:59:29] Vinh Thai took a Sniper Rifle out of the SFPD locker at a cost of 0 HG Materials.
[2016/2/1 - 19:59:38] Vinh Thai took a vest out of the SFPD locker at a cost of 1 HG Material.
[2016/2/1 - 19:59:44] Carlos SlimHelu took a Nite Stick out of the SFPD locker at a cost of 0 HG Materials.
[2016/2/1 - 19:59:46] Carlos SlimHelu took a Spray Can out of the SFPD locker at a cost of 0 HG Materials.
[2016/2/1 - 19:59:47] Carlos SlimHelu took a Teargas out of the SFPD locker at a cost of 0 HG Materials.
[2016/2/1 - 19:59:49] Carlos SlimHelu took a Shotgun out of the SFPD locker at a cost of 0 HG Materials.
[2016/2/1 - 19:59:51] Carlos SlimHelu took a MP5 out of the SFPD locker at a cost of 0 HG Materials.
[2016/2/1 - 19:59:54] Carlos SlimHelu took a Desert Eagle out of the SFPD locker at a cost of 0 HG Materials.
[2016/2/1 - 19:59:56] Carlos SlimHelu took a M4 out of the SFPD locker at a cost of 0 HG Materials.
[2016/2/1 - 19:59:58] Carlos SlimHelu took a Combat Shotgun out of the SFPD locker at a cost of 0 HG Materials.
[2016/2/1 - 20:00:01] Carlos SlimHelu took a Sniper Rifle out of the SFPD locker at a cost of 0 HG Materials.
[2016/2/1 - 20:00:03] Carlos SlimHelu took a vest out of the SFPD locker at a cost of 1 HG Material.
[2016/2/1 - 20:00:04] Carlos SlimHelu took a vest for their car out of the SFPD locker at a cost of 1 HG Material.
[2016/2/1 - 20:00:59] The faction vault is at $3,334
[2016/2/1 - 20:01:36] TamHoang Hai took a vest out of the SFPD locker at a cost of 1 HG Material.
[2016/2/1 - 20:01:38] TamHoang Hai took a vest out of the SFPD locker at a cost of 1 HG Material.
[2016/2/1 - 20:01:41] TamHoang Hai took a vest out of the SFPD locker at a cost of 1 HG Material.
[2016/2/1 - 20:01:56] Vinh Thai took a vest out of the SFPD locker at a cost of 1 HG Material.
[2016/2/1 - 20:10:37] TamHoang Hai took a vest out of the SFPD locker at a cost of 1 HG Material.
[2016/2/1 - 20:11:28] Old Bitch took a M4 out of the SFPD locker at a cost of 0 HG Materials.
[2016/2/1 - 20:11:31] Old Bitch took a MP5 out of the SFPD locker at a cost of 0 HG Materials.
[2016/2/1 - 20:11:34] Old Bitch took a Combat Shotgun out of the SFPD locker at a cost of 0 HG Materials.
[2016/2/1 - 20:11:36] Old Bitch took a vest out of the SFPD locker at a cost of 1 HG Material.
[2016/2/1 - 20:11:37] Old Bitch took a vest for their car out of the SFPD locker at a cost of 1 HG Material.
[2016/2/1 - 20:11:57] Old Dog took a vest out of the SFPD locker at a cost of 1 HG Material.
[2016/2/1 - 20:12:02] Old Dog took a Nite Stick out of the SFPD locker at a cost of 0 HG Materials.
[2016/2/1 - 20:12:06] Old Dog took a M4 out of the SFPD locker at a cost of 0 HG Materials.
[2016/2/1 - 20:12:10] Old Dog took a Desert Eagle out of the SFPD locker at a cost of 0 HG Materials.
[2016/2/1 - 20:12:13] Old Dog took a Sniper Rifle out of the SFPD locker at a cost of 0 HG Materials.
[2016/2/1 - 20:12:18] Old Dog took a Combat Shotgun out of the SFPD locker at a cost of 0 HG Materials.
[2016/2/1 - 20:12:24] TuanTai Pirates took a vest out of the SFPD locker at a cost of 1 HG Material.
[2016/2/1 - 20:12:27] TuanTai Pirates took a Desert Eagle out of the SFPD locker at a cost of 0 HG Materials.
[2016/2/1 - 20:12:29] TuanTai Pirates took a Sniper Rifle out of the SFPD locker at a cost of 0 HG Materials.
[2016/2/1 - 20:12:31] TuanTai Pirates took a Combat Shotgun out of the SFPD locker at a cost of 0 HG Materials.
[2016/2/1 - 20:12:34] TuanTai Pirates took a M4 out of the SFPD locker at a cost of 0 HG Materials.
[2016/2/1 - 20:12:50] Carlos SlimHelu took a Sniper Rifle out of the SFPD locker at a cost of 0 HG Materials.
[2016/2/1 - 20:12:55] Carlos SlimHelu took a Combat Shotgun out of the SFPD locker at a cost of 0 HG Materials.
[2016/2/1 - 20:12:59] Carlos SlimHelu took a Desert Eagle out of the SFPD locker at a cost of 0 HG Materials.
[2016/2/1 - 20:15:02] TamHoang Hai took a Desert Eagle out of the SFPD locker at a cost of 0 HG Materials.
[2016/2/1 - 20:15:07] TamHoang Hai took a M4 out of the SFPD locker at a cost of 0 HG Materials.
[2016/2/1 - 20:15:12] TamHoang Hai took a Sniper Rifle out of the SFPD locker at a cost of 0 HG Materials.
[2016/2/1 - 20:15:15] TamHoang Hai took a vest out of the SFPD locker at a cost of 1 HG Material.
[2016/2/1 - 20:15:25] TamHoang Hai took a Parachute out of the SFPD locker at a cost of 0 HG Materials.
[2016/2/1 - 20:15:29] TamHoang Hai took a MP5 out of the SFPD locker at a cost of 0 HG Materials.
[2016/2/1 - 20:15:40] TamHoang Hai took a MP5 out of the SFPD locker at a cost of 0 HG Materials.
[2016/2/1 - 20:16:55] TamHoang Hai took a Shotgun out of the SFPD locker at a cost of 0 HG Materials.
[2016/2/1 - 20:16:59] TamHoang Hai took a Parachute out of the SFPD locker at a cost of 0 HG Materials.
[2016/2/1 - 20:17:04] TamHoang Hai took a MP5 out of the SFPD locker at a cost of 0 HG Materials.
[2016/2/1 - 20:17:09] TamHoang Hai took a Desert Eagle out of the SFPD locker at a cost of 0 HG Materials.
[2016/2/1 - 20:17:13] TamHoang Hai took a M4 out of the SFPD locker at a cost of 0 HG Materials.
[2016/2/1 - 20:17:17] TamHoang Hai took a M4 out of the SFPD locker at a cost of 0 HG Materials.
[2016/2/1 - 20:17:21] TamHoang Hai took a Combat Shotgun out of the SFPD locker at a cost of 0 HG Materials.
[2016/2/1 - 20:17:24] TamHoang Hai took a Sniper Rifle out of the SFPD locker at a cost of 0 HG Materials.
[2016/2/1 - 20:18:03] Be Cu took a Spray Can out of the SFPD locker at a cost of 0 HG Materials.
[2016/2/1 - 20:18:04] Be Cu took a Nite Stick out of the SFPD locker at a cost of 0 HG Materials.
[2016/2/1 - 20:18:08] Be Cu took a Parachute out of the SFPD locker at a cost of 0 HG Materials.
[2016/2/1 - 20:18:09] TuanTai Pirates took a vest out of the SFPD locker at a cost of 1 HG Material.
[2016/2/1 - 20:18:10] Be Cu took a Shotgun out of the SFPD locker at a cost of 0 HG Materials.
[2016/2/1 - 20:18:10] TuanTai Pirates took a vest for their car out of the SFPD locker at a cost of 1 HG Material.
[2016/2/1 - 20:18:14] Be Cu took a MP5 out of the SFPD locker at a cost of 0 HG Materials.
[2016/2/1 - 20:18:16] Be Cu took a Desert Eagle out of the SFPD locker at a cost of 0 HG Materials.
[2016/2/1 - 20:18:20] Be Cu took a M4 out of the SFPD locker at a cost of 0 HG Materials.
[2016/2/1 - 20:18:22] Be Cu took a Combat Shotgun out of the SFPD locker at a cost of 0 HG Materials.
[2016/2/1 - 20:18:25] Be Cu took a Sniper Rifle out of the SFPD locker at a cost of 0 HG Materials.
[2016/2/1 - 20:25:24] TamHoang Hai took a Parachute out of the SFPD locker at a cost of 0 HG Materials.
[2016/2/1 - 20:25:29] TamHoang Hai took a Parachute out of the SFPD locker at a cost of 0 HG Materials.
[2016/2/1 - 20:25:33] TamHoang Hai took a Shotgun out of the SFPD locker at a cost of 0 HG Materials.
[2016/2/1 - 20:25:37] TamHoang Hai took a MP5 out of the SFPD locker at a cost of 0 HG Materials.
[2016/2/1 - 20:25:40] TamHoang Hai took a Desert Eagle out of the SFPD locker at a cost of 0 HG Materials.
[2016/2/1 - 20:25:44] TamHoang Hai took a M4 out of the SFPD locker at a cost of 0 HG Materials.
[2016/2/1 - 20:25:48] TamHoang Hai took a Combat Shotgun out of the SFPD locker at a cost of 0 HG Materials.
[2016/2/1 - 20:25:52] TamHoang Hai took a Sniper Rifle out of the SFPD locker at a cost of 0 HG Materials.
[2016/2/1 - 20:25:57] TamHoang Hai took a vest for their car out of the SFPD locker at a cost of 1 HG Material.
[2016/2/1 - 20:26:01] TamHoang Hai took a vest out of the SFPD locker at a cost of 1 HG Material.
[2016/2/1 - 20:27:25] TamHoang Hai took a Sniper Rifle out of the SFPD locker at a cost of 0 HG Materials.
[2016/2/1 - 20:27:29] TamHoang Hai took a Combat Shotgun out of the SFPD locker at a cost of 0 HG Materials.
[2016/2/1 - 20:27:33] TamHoang Hai took a Parachute out of the SFPD locker at a cost of 0 HG Materials.
[2016/2/1 - 20:27:36] TamHoang Hai took a Shotgun out of the SFPD locker at a cost of 0 HG Materials.
[2016/2/1 - 20:27:38] Be Cu took a vest out of the SFPD locker at a cost of 1 HG Material.
[2016/2/1 - 20:27:40] Be Cu took a Spray Can out of the SFPD locker at a cost of 0 HG Materials.
[2016/2/1 - 20:27:42] TamHoang Hai took a M4 out of the SFPD locker at a cost of 0 HG Materials.
[2016/2/1 - 20:27:44] Be Cu took a Parachute out of the SFPD locker at a cost of 0 HG Materials.
[2016/2/1 - 20:27:45] Vinh Thai took a vest out of the SFPD locker at a cost of 1 HG Material.
[2016/2/1 - 20:27:46] Be Cu took a MP5 out of the SFPD locker at a cost of 0 HG Materials.
[2016/2/1 - 20:27:49] Vinh Thai took a Parachute out of the SFPD locker at a cost of 0 HG Materials.
[2016/2/1 - 20:27:49] Be Cu took a Desert Eagle out of the SFPD locker at a cost of 0 HG Materials.
[2016/2/1 - 20:27:49] TamHoang Hai took a Desert Eagle out of the SFPD locker at a cost of 0 HG Materials.
[2016/2/1 - 20:27:51] Be Cu took a M4 out of the SFPD locker at a cost of 0 HG Materials.
[2016/2/1 - 20:27:53] Be Cu took a Combat Shotgun out of the SFPD locker at a cost of 0 HG Materials.
[2016/2/1 - 20:27:56] Be Cu took a Sniper Rifle out of the SFPD locker at a cost of 0 HG Materials.
[2016/2/1 - 20:27:58] Be Cu took a vest for their car out of the SFPD locker at a cost of 1 HG Material.
[2016/2/1 - 20:27:59] Phat Tuan took a vest out of the SFPD locker at a cost of 1 HG Material.
[2016/2/1 - 20:28:00] Vinh Thai took a MP5 out of the SFPD locker at a cost of 0 HG Materials.
[2016/2/1 - 20:28:02] Phat Tuan took a M4 out of the SFPD locker at a cost of 0 HG Materials.
[2016/2/1 - 20:28:05] Vinh Thai took a Sniper Rifle out of the SFPD locker at a cost of 0 HG Materials.
[2016/2/1 - 20:28:06] Phat Tuan took a Combat Shotgun out of the SFPD locker at a cost of 0 HG Materials.
[2016/2/1 - 20:28:07] Vinh Thai took a Combat Shotgun out of the SFPD locker at a cost of 0 HG Materials.
[2016/2/1 - 20:28:09] Vinh Thai took a M4 out of the SFPD locker at a cost of 0 HG Materials.
[2016/2/1 - 20:28:09] Phat Tuan took a Sniper Rifle out of the SFPD locker at a cost of 0 HG Materials.
[2016/2/1 - 20:28:12] Vinh Thai took a MP5 out of the SFPD locker at a cost of 0 HG Materials.
[2016/2/1 - 20:28:13] Phat Tuan took a Desert Eagle out of the SFPD locker at a cost of 0 HG Materials.
[2016/2/1 - 20:28:14] Vinh Thai took a Desert Eagle out of the SFPD locker at a cost of 0 HG Materials.
[2016/2/1 - 20:28:19] Vinh Thai took a vest for their car out of the SFPD locker at a cost of 1 HG Material.
[2016/2/1 - 20:28:21] Phat Tuan took a MP5 out of the SFPD locker at a cost of 0 HG Materials.
[2016/2/1 - 20:28:21] Vinh Thai took a vest out of the SFPD locker at a cost of 1 HG Material.
[2016/2/1 - 20:28:27] Vinh Thai took a vest out of the SFPD locker at a cost of 1 HG Material.
[2016/2/1 - 20:28:31] Vinh Thai took a Shotgun out of the SFPD locker at a cost of 0 HG Materials.
[2016/2/1 - 20:28:38] Phat Tuan took a vest out of the SFPD locker at a cost of 1 HG Material.
[2016/2/1 - 20:28:39] Phat Tuan took a vest for their car out of the SFPD locker at a cost of 1 HG Material.
[2016/2/1 - 20:59:25] Old Dog took a vest for their car out of the SFPD locker at a cost of 1 HG Material.
[2016/2/1 - 20:59:50] Old Dog took a vest out of the SFPD locker at a cost of 1 HG Material.
[2016/2/1 - 21:00:06] Old Bitch took a vest for their car out of the SFPD locker at a cost of 1 HG Material.
[2016/2/1 - 21:00:15] The faction vault is at $3,334
[2016/2/1 - 22:00:02] The faction vault is at $3,334
[2016/2/1 - 23:01:03] The faction vault is at $3,334
