[2016/2/10 - 11:00:24] The faction vault is at $96,760
[2016/2/10 - 11:00:25] Vehicle ID 614 (Slot ID 169) Maintainence fee cost $0 to SFPD's budget fund.
[2016/2/10 - 11:00:25] Vehicle ID 615 (Slot ID 170) Maintainence fee cost $0 to SFPD's budget fund.
[2016/2/10 - 11:00:25] Vehicle ID 616 (Slot ID 171) Maintainence fee cost $0 to SFPD's budget fund.
[2016/2/10 - 11:00:25] Vehicle ID 617 (Slot ID 172) Maintainence fee cost $0 to SFPD's budget fund.
[2016/2/10 - 11:00:25] Vehicle ID 618 (Slot ID 173) Maintainence fee cost $0 to SFPD's budget fund.
[2016/2/10 - 11:00:25] Vehicle ID 619 (Slot ID 174) Maintainence fee cost $0 to SFPD's budget fund.
[2016/2/10 - 11:00:25] Vehicle ID 620 (Slot ID 175) Maintainence fee cost $0 to SFPD's budget fund.
[2016/2/10 - 11:00:25] Vehicle ID 621 (Slot ID 176) Maintainence fee cost $0 to SFPD's budget fund.
[2016/2/10 - 11:00:25] Vehicle ID 622 (Slot ID 177) Maintainence fee cost $0 to SFPD's budget fund.
[2016/2/10 - 11:00:25] Vehicle ID 624 (Slot ID 179) Maintainence fee cost $0 to SFPD's budget fund.
[2016/2/10 - 11:00:25] Vehicle ID 625 (Slot ID 180) Maintainence fee cost $0 to SFPD's budget fund.
[2016/2/10 - 11:00:25] Vehicle ID 626 (Slot ID 181) Maintainence fee cost $0 to SFPD's budget fund.
[2016/2/10 - 11:00:25] Vehicle ID 627 (Slot ID 182) Maintainence fee cost $0 to SFPD's budget fund.
[2016/2/10 - 11:00:25] Vehicle ID 628 (Slot ID 183) Maintainence fee cost $0 to SFPD's budget fund.
[2016/2/10 - 11:00:25] Vehicle ID 629 (Slot ID 184) Maintainence fee cost $0 to SFPD's budget fund.
[2016/2/10 - 11:00:25] Vehicle ID 630 (Slot ID 185) Maintainence fee cost $0 to SFPD's budget fund.
[2016/2/10 - 11:00:25] Vehicle ID 631 (Slot ID 186) Maintainence fee cost $0 to SFPD's budget fund.
[2016/2/10 - 11:00:25] Vehicle ID 632 (Slot ID 187) Maintainence fee cost $0 to SFPD's budget fund.
[2016/2/10 - 11:00:25] Vehicle ID 633 (Slot ID 188) Maintainence fee cost $0 to SFPD's budget fund.
[2016/2/10 - 11:00:25] Vehicle ID 634 (Slot ID 189) Maintainence fee cost $0 to SFPD's budget fund.
[2016/2/10 - 11:00:25] Vehicle ID 635 (Slot ID 190) Maintainence fee cost $0 to SFPD's budget fund.
[2016/2/10 - 11:00:25] Vehicle ID 636 (Slot ID 191) Maintainence fee cost $0 to SFPD's budget fund.
[2016/2/10 - 11:00:25] Vehicle ID 637 (Slot ID 192) Maintainence fee cost $0 to SFPD's budget fund.
[2016/2/10 - 12:01:01] The faction vault is at $96,760
[2016/2/10 - 12:01:01] Vehicle ID 614 (Slot ID 169) Maintainence fee cost $0 to SFPD's budget fund.
[2016/2/10 - 12:01:01] Vehicle ID 615 (Slot ID 170) Maintainence fee cost $0 to SFPD's budget fund.
[2016/2/10 - 12:01:01] Vehicle ID 616 (Slot ID 171) Maintainence fee cost $0 to SFPD's budget fund.
[2016/2/10 - 12:01:01] Vehicle ID 617 (Slot ID 172) Maintainence fee cost $0 to SFPD's budget fund.
[2016/2/10 - 12:01:01] Vehicle ID 618 (Slot ID 173) Maintainence fee cost $0 to SFPD's budget fund.
[2016/2/10 - 12:01:01] Vehicle ID 619 (Slot ID 174) Maintainence fee cost $0 to SFPD's budget fund.
[2016/2/10 - 12:01:01] Vehicle ID 620 (Slot ID 175) Maintainence fee cost $0 to SFPD's budget fund.
[2016/2/10 - 12:01:01] Vehicle ID 621 (Slot ID 176) Maintainence fee cost $0 to SFPD's budget fund.
[2016/2/10 - 12:01:01] Vehicle ID 622 (Slot ID 177) Maintainence fee cost $0 to SFPD's budget fund.
[2016/2/10 - 12:01:01] Vehicle ID 624 (Slot ID 179) Maintainence fee cost $0 to SFPD's budget fund.
[2016/2/10 - 12:01:01] Vehicle ID 625 (Slot ID 180) Maintainence fee cost $0 to SFPD's budget fund.
[2016/2/10 - 12:01:01] Vehicle ID 626 (Slot ID 181) Maintainence fee cost $0 to SFPD's budget fund.
[2016/2/10 - 12:01:01] Vehicle ID 627 (Slot ID 182) Maintainence fee cost $0 to SFPD's budget fund.
[2016/2/10 - 12:01:01] Vehicle ID 628 (Slot ID 183) Maintainence fee cost $0 to SFPD's budget fund.
[2016/2/10 - 12:01:01] Vehicle ID 629 (Slot ID 184) Maintainence fee cost $0 to SFPD's budget fund.
[2016/2/10 - 12:01:01] Vehicle ID 630 (Slot ID 185) Maintainence fee cost $0 to SFPD's budget fund.
[2016/2/10 - 12:01:01] Vehicle ID 631 (Slot ID 186) Maintainence fee cost $0 to SFPD's budget fund.
[2016/2/10 - 12:01:01] Vehicle ID 632 (Slot ID 187) Maintainence fee cost $0 to SFPD's budget fund.
[2016/2/10 - 12:01:01] Vehicle ID 633 (Slot ID 188) Maintainence fee cost $0 to SFPD's budget fund.
[2016/2/10 - 12:01:01] Vehicle ID 634 (Slot ID 189) Maintainence fee cost $0 to SFPD's budget fund.
[2016/2/10 - 12:01:01] Vehicle ID 635 (Slot ID 190) Maintainence fee cost $0 to SFPD's budget fund.
[2016/2/10 - 12:01:01] Vehicle ID 636 (Slot ID 191) Maintainence fee cost $0 to SFPD's budget fund.
[2016/2/10 - 12:01:01] Vehicle ID 637 (Slot ID 192) Maintainence fee cost $0 to SFPD's budget fund.
[2016/2/10 - 13:01:05] The faction vault is at $96,760
[2016/2/10 - 13:01:05] Vehicle ID 614 (Slot ID 169) Maintainence fee cost $0 to SFPD's budget fund.
[2016/2/10 - 13:01:05] Vehicle ID 615 (Slot ID 170) Maintainence fee cost $0 to SFPD's budget fund.
[2016/2/10 - 13:01:05] Vehicle ID 616 (Slot ID 171) Maintainence fee cost $0 to SFPD's budget fund.
[2016/2/10 - 13:01:05] Vehicle ID 617 (Slot ID 172) Maintainence fee cost $0 to SFPD's budget fund.
[2016/2/10 - 13:01:05] Vehicle ID 618 (Slot ID 173) Maintainence fee cost $0 to SFPD's budget fund.
[2016/2/10 - 13:01:05] Vehicle ID 619 (Slot ID 174) Maintainence fee cost $0 to SFPD's budget fund.
[2016/2/10 - 13:01:05] Vehicle ID 620 (Slot ID 175) Maintainence fee cost $0 to SFPD's budget fund.
[2016/2/10 - 13:01:05] Vehicle ID 621 (Slot ID 176) Maintainence fee cost $0 to SFPD's budget fund.
[2016/2/10 - 13:01:05] Vehicle ID 622 (Slot ID 177) Maintainence fee cost $0 to SFPD's budget fund.
[2016/2/10 - 13:01:05] Vehicle ID 624 (Slot ID 179) Maintainence fee cost $0 to SFPD's budget fund.
[2016/2/10 - 13:01:05] Vehicle ID 625 (Slot ID 180) Maintainence fee cost $0 to SFPD's budget fund.
[2016/2/10 - 13:01:05] Vehicle ID 626 (Slot ID 181) Maintainence fee cost $0 to SFPD's budget fund.
[2016/2/10 - 13:01:05] Vehicle ID 627 (Slot ID 182) Maintainence fee cost $0 to SFPD's budget fund.
[2016/2/10 - 13:01:05] Vehicle ID 628 (Slot ID 183) Maintainence fee cost $0 to SFPD's budget fund.
[2016/2/10 - 13:01:05] Vehicle ID 629 (Slot ID 184) Maintainence fee cost $0 to SFPD's budget fund.
[2016/2/10 - 13:01:05] Vehicle ID 630 (Slot ID 185) Maintainence fee cost $0 to SFPD's budget fund.
[2016/2/10 - 13:01:05] Vehicle ID 631 (Slot ID 186) Maintainence fee cost $0 to SFPD's budget fund.
[2016/2/10 - 13:01:05] Vehicle ID 632 (Slot ID 187) Maintainence fee cost $0 to SFPD's budget fund.
[2016/2/10 - 13:01:05] Vehicle ID 633 (Slot ID 188) Maintainence fee cost $0 to SFPD's budget fund.
[2016/2/10 - 13:01:05] Vehicle ID 634 (Slot ID 189) Maintainence fee cost $0 to SFPD's budget fund.
[2016/2/10 - 13:01:05] Vehicle ID 635 (Slot ID 190) Maintainence fee cost $0 to SFPD's budget fund.
[2016/2/10 - 13:01:05] Vehicle ID 636 (Slot ID 191) Maintainence fee cost $0 to SFPD's budget fund.
[2016/2/10 - 13:01:05] Vehicle ID 637 (Slot ID 192) Maintainence fee cost $0 to SFPD's budget fund.
[2016/2/10 - 14:00:20] The faction vault is at $96,760
[2016/2/10 - 14:00:20] Vehicle ID 614 (Slot ID 169) Maintainence fee cost $0 to SFPD's budget fund.
[2016/2/10 - 14:00:20] Vehicle ID 615 (Slot ID 170) Maintainence fee cost $0 to SFPD's budget fund.
[2016/2/10 - 14:00:20] Vehicle ID 616 (Slot ID 171) Maintainence fee cost $0 to SFPD's budget fund.
[2016/2/10 - 14:00:20] Vehicle ID 617 (Slot ID 172) Maintainence fee cost $0 to SFPD's budget fund.
[2016/2/10 - 14:00:20] Vehicle ID 618 (Slot ID 173) Maintainence fee cost $0 to SFPD's budget fund.
[2016/2/10 - 14:00:20] Vehicle ID 619 (Slot ID 174) Maintainence fee cost $0 to SFPD's budget fund.
[2016/2/10 - 14:00:20] Vehicle ID 620 (Slot ID 175) Maintainence fee cost $0 to SFPD's budget fund.
[2016/2/10 - 14:00:20] Vehicle ID 621 (Slot ID 176) Maintainence fee cost $0 to SFPD's budget fund.
[2016/2/10 - 14:00:20] Vehicle ID 622 (Slot ID 177) Maintainence fee cost $0 to SFPD's budget fund.
[2016/2/10 - 14:00:20] Vehicle ID 624 (Slot ID 179) Maintainence fee cost $0 to SFPD's budget fund.
[2016/2/10 - 14:00:20] Vehicle ID 625 (Slot ID 180) Maintainence fee cost $0 to SFPD's budget fund.
[2016/2/10 - 14:00:20] Vehicle ID 626 (Slot ID 181) Maintainence fee cost $0 to SFPD's budget fund.
[2016/2/10 - 14:00:20] Vehicle ID 627 (Slot ID 182) Maintainence fee cost $0 to SFPD's budget fund.
[2016/2/10 - 14:00:20] Vehicle ID 628 (Slot ID 183) Maintainence fee cost $0 to SFPD's budget fund.
[2016/2/10 - 14:00:20] Vehicle ID 629 (Slot ID 184) Maintainence fee cost $0 to SFPD's budget fund.
[2016/2/10 - 14:00:20] Vehicle ID 630 (Slot ID 185) Maintainence fee cost $0 to SFPD's budget fund.
[2016/2/10 - 14:00:20] Vehicle ID 631 (Slot ID 186) Maintainence fee cost $0 to SFPD's budget fund.
[2016/2/10 - 14:00:20] Vehicle ID 632 (Slot ID 187) Maintainence fee cost $0 to SFPD's budget fund.
[2016/2/10 - 14:00:20] Vehicle ID 633 (Slot ID 188) Maintainence fee cost $0 to SFPD's budget fund.
[2016/2/10 - 14:00:20] Vehicle ID 634 (Slot ID 189) Maintainence fee cost $0 to SFPD's budget fund.
[2016/2/10 - 14:00:20] Vehicle ID 635 (Slot ID 190) Maintainence fee cost $0 to SFPD's budget fund.
[2016/2/10 - 14:00:20] Vehicle ID 636 (Slot ID 191) Maintainence fee cost $0 to SFPD's budget fund.
[2016/2/10 - 14:00:20] Vehicle ID 637 (Slot ID 192) Maintainence fee cost $0 to SFPD's budget fund.
[2016/2/10 - 14:03:38] Jet Tu took a Desert Eagle out of the SFPD locker at a cost of 0 HG Materials.
[2016/2/10 - 14:03:40] Jet Tu took a MP5 out of the SFPD locker at a cost of 0 HG Materials.
[2016/2/10 - 14:03:46] Jet Tu took a vest out of the SFPD locker at a cost of 1 HG Material.
[2016/2/10 - 14:03:51] Jet Tu took a vest for their car out of the SFPD locker at a cost of 1 HG Material.
[2016/2/10 - 14:03:53] Jet Tu took a vest out of the SFPD locker at a cost of 1 HG Material.
[2016/2/10 - 14:09:21] Darcy Bradley took a Desert Eagle out of the SFPD locker at a cost of 0 HG Materials.
[2016/2/10 - 14:09:24] Darcy Bradley took a MP5 out of the SFPD locker at a cost of 0 HG Materials.
[2016/2/10 - 14:10:53] Thuong Tran took a Desert Eagle out of the SFPD locker at a cost of 0 HG Materials.
[2016/2/10 - 14:10:56] Thuong Tran took a Nite Stick out of the SFPD locker at a cost of 0 HG Materials.
[2016/2/10 - 14:11:01] Thuong Tran took a Combat Shotgun out of the SFPD locker at a cost of 0 HG Materials.
[2016/2/10 - 14:11:03] Thuong Tran took a Sniper Rifle out of the SFPD locker at a cost of 0 HG Materials.
[2016/2/10 - 15:00:49] The faction vault is at $96,760
[2016/2/10 - 15:00:49] Vehicle ID 614 (Slot ID 169) Maintainence fee cost $0 to SFPD's budget fund.
[2016/2/10 - 15:00:49] Vehicle ID 615 (Slot ID 170) Maintainence fee cost $0 to SFPD's budget fund.
[2016/2/10 - 15:00:49] Vehicle ID 616 (Slot ID 171) Maintainence fee cost $0 to SFPD's budget fund.
[2016/2/10 - 15:00:49] Vehicle ID 617 (Slot ID 172) Maintainence fee cost $0 to SFPD's budget fund.
[2016/2/10 - 15:00:49] Vehicle ID 618 (Slot ID 173) Maintainence fee cost $0 to SFPD's budget fund.
[2016/2/10 - 15:00:49] Vehicle ID 619 (Slot ID 174) Maintainence fee cost $0 to SFPD's budget fund.
[2016/2/10 - 15:00:49] Vehicle ID 620 (Slot ID 175) Maintainence fee cost $0 to SFPD's budget fund.
[2016/2/10 - 15:00:49] Vehicle ID 621 (Slot ID 176) Maintainence fee cost $0 to SFPD's budget fund.
[2016/2/10 - 15:00:49] Vehicle ID 622 (Slot ID 177) Maintainence fee cost $0 to SFPD's budget fund.
[2016/2/10 - 15:00:49] Vehicle ID 624 (Slot ID 179) Maintainence fee cost $0 to SFPD's budget fund.
[2016/2/10 - 15:00:49] Vehicle ID 625 (Slot ID 180) Maintainence fee cost $0 to SFPD's budget fund.
[2016/2/10 - 15:00:49] Vehicle ID 626 (Slot ID 181) Maintainence fee cost $0 to SFPD's budget fund.
[2016/2/10 - 15:00:49] Vehicle ID 627 (Slot ID 182) Maintainence fee cost $0 to SFPD's budget fund.
[2016/2/10 - 15:00:49] Vehicle ID 628 (Slot ID 183) Maintainence fee cost $0 to SFPD's budget fund.
[2016/2/10 - 15:00:49] Vehicle ID 629 (Slot ID 184) Maintainence fee cost $0 to SFPD's budget fund.
[2016/2/10 - 15:00:49] Vehicle ID 630 (Slot ID 185) Maintainence fee cost $0 to SFPD's budget fund.
[2016/2/10 - 15:00:49] Vehicle ID 631 (Slot ID 186) Maintainence fee cost $0 to SFPD's budget fund.
[2016/2/10 - 15:00:49] Vehicle ID 632 (Slot ID 187) Maintainence fee cost $0 to SFPD's budget fund.
[2016/2/10 - 15:00:49] Vehicle ID 633 (Slot ID 188) Maintainence fee cost $0 to SFPD's budget fund.
[2016/2/10 - 15:00:49] Vehicle ID 634 (Slot ID 189) Maintainence fee cost $0 to SFPD's budget fund.
[2016/2/10 - 15:00:49] Vehicle ID 635 (Slot ID 190) Maintainence fee cost $0 to SFPD's budget fund.
[2016/2/10 - 15:00:49] Vehicle ID 636 (Slot ID 191) Maintainence fee cost $0 to SFPD's budget fund.
[2016/2/10 - 15:00:49] Vehicle ID 637 (Slot ID 192) Maintainence fee cost $0 to SFPD's budget fund.
[2016/2/10 - 15:02:42] Vehicle Slot ID 169 RTB fee cost $0 to SFPD's budget fund.
[2016/2/10 - 15:02:42] Vehicle Slot ID 169 RTB fee cost $0 to SFPD's budget fund.
[2016/2/10 - 15:02:42] Vehicle Slot ID 170 RTB fee cost $0 to SFPD's budget fund.
[2016/2/10 - 15:02:42] Vehicle Slot ID 170 RTB fee cost $0 to SFPD's budget fund.
[2016/2/10 - 15:02:42] Vehicle Slot ID 171 RTB fee cost $0 to SFPD's budget fund.
[2016/2/10 - 15:02:42] Vehicle Slot ID 171 RTB fee cost $0 to SFPD's budget fund.
[2016/2/10 - 15:02:42] Vehicle Slot ID 172 RTB fee cost $0 to SFPD's budget fund.
[2016/2/10 - 15:02:42] Vehicle Slot ID 172 RTB fee cost $0 to SFPD's budget fund.
[2016/2/10 - 15:02:42] Vehicle Slot ID 173 RTB fee cost $0 to SFPD's budget fund.
[2016/2/10 - 15:02:42] Vehicle Slot ID 173 RTB fee cost $0 to SFPD's budget fund.
[2016/2/10 - 15:02:42] Vehicle Slot ID 174 RTB fee cost $0 to SFPD's budget fund.
[2016/2/10 - 15:02:42] Vehicle Slot ID 174 RTB fee cost $0 to SFPD's budget fund.
[2016/2/10 - 15:02:42] Vehicle Slot ID 175 RTB fee cost $0 to SFPD's budget fund.
[2016/2/10 - 15:02:42] Vehicle Slot ID 175 RTB fee cost $0 to SFPD's budget fund.
[2016/2/10 - 15:02:42] Vehicle Slot ID 176 RTB fee cost $0 to SFPD's budget fund.
[2016/2/10 - 15:02:42] Vehicle Slot ID 176 RTB fee cost $0 to SFPD's budget fund.
[2016/2/10 - 15:02:42] Vehicle Slot ID 177 RTB fee cost $0 to SFPD's budget fund.
[2016/2/10 - 15:02:42] Vehicle Slot ID 177 RTB fee cost $0 to SFPD's budget fund.
[2016/2/10 - 15:02:42] Vehicle Slot ID 179 RTB fee cost $0 to SFPD's budget fund.
[2016/2/10 - 15:02:42] Vehicle Slot ID 179 RTB fee cost $0 to SFPD's budget fund.
[2016/2/10 - 15:02:42] Vehicle Slot ID 180 RTB fee cost $0 to SFPD's budget fund.
[2016/2/10 - 15:02:42] Vehicle Slot ID 180 RTB fee cost $0 to SFPD's budget fund.
[2016/2/10 - 15:02:42] Vehicle Slot ID 181 RTB fee cost $0 to SFPD's budget fund.
[2016/2/10 - 15:02:42] Vehicle Slot ID 181 RTB fee cost $0 to SFPD's budget fund.
[2016/2/10 - 15:02:42] Vehicle Slot ID 182 RTB fee cost $0 to SFPD's budget fund.
[2016/2/10 - 15:02:42] Vehicle Slot ID 182 RTB fee cost $0 to SFPD's budget fund.
[2016/2/10 - 15:02:42] Vehicle Slot ID 183 RTB fee cost $0 to SFPD's budget fund.
[2016/2/10 - 15:02:42] Vehicle Slot ID 183 RTB fee cost $0 to SFPD's budget fund.
[2016/2/10 - 15:02:42] Vehicle Slot ID 184 RTB fee cost $0 to SFPD's budget fund.
[2016/2/10 - 15:02:42] Vehicle Slot ID 184 RTB fee cost $0 to SFPD's budget fund.
[2016/2/10 - 15:02:42] Vehicle Slot ID 185 RTB fee cost $0 to SFPD's budget fund.
[2016/2/10 - 15:02:42] Vehicle Slot ID 185 RTB fee cost $0 to SFPD's budget fund.
[2016/2/10 - 15:02:42] Vehicle Slot ID 186 RTB fee cost $0 to SFPD's budget fund.
[2016/2/10 - 15:02:42] Vehicle Slot ID 186 RTB fee cost $0 to SFPD's budget fund.
[2016/2/10 - 15:02:42] Vehicle Slot ID 187 RTB fee cost $0 to SFPD's budget fund.
[2016/2/10 - 15:02:42] Vehicle Slot ID 187 RTB fee cost $0 to SFPD's budget fund.
[2016/2/10 - 15:02:42] Vehicle Slot ID 188 RTB fee cost $0 to SFPD's budget fund.
[2016/2/10 - 15:02:42] Vehicle Slot ID 188 RTB fee cost $0 to SFPD's budget fund.
[2016/2/10 - 15:02:42] Vehicle Slot ID 189 RTB fee cost $0 to SFPD's budget fund.
[2016/2/10 - 15:02:42] Vehicle Slot ID 189 RTB fee cost $0 to SFPD's budget fund.
[2016/2/10 - 15:02:42] Vehicle Slot ID 190 RTB fee cost $0 to SFPD's budget fund.
[2016/2/10 - 15:02:42] Vehicle Slot ID 190 RTB fee cost $0 to SFPD's budget fund.
[2016/2/10 - 15:02:42] Vehicle Slot ID 191 RTB fee cost $0 to SFPD's budget fund.
[2016/2/10 - 15:02:42] Vehicle Slot ID 191 RTB fee cost $0 to SFPD's budget fund.
[2016/2/10 - 15:02:42] Vehicle Slot ID 192 RTB fee cost $0 to SFPD's budget fund.
[2016/2/10 - 15:02:42] Vehicle Slot ID 192 RTB fee cost $0 to SFPD's budget fund.
[2016/2/10 - 15:05:10] Vehicle Slot ID 169 RTB fee cost $0 to SFPD's budget fund.
[2016/2/10 - 15:05:10] Vehicle Slot ID 169 RTB fee cost $0 to SFPD's budget fund.
[2016/2/10 - 15:05:10] Vehicle Slot ID 170 RTB fee cost $0 to SFPD's budget fund.
[2016/2/10 - 15:05:10] Vehicle Slot ID 170 RTB fee cost $0 to SFPD's budget fund.
[2016/2/10 - 15:05:10] Vehicle Slot ID 171 RTB fee cost $0 to SFPD's budget fund.
[2016/2/10 - 15:05:10] Vehicle Slot ID 171 RTB fee cost $0 to SFPD's budget fund.
[2016/2/10 - 15:05:10] Vehicle Slot ID 172 RTB fee cost $0 to SFPD's budget fund.
[2016/2/10 - 15:05:10] Vehicle Slot ID 172 RTB fee cost $0 to SFPD's budget fund.
[2016/2/10 - 15:05:10] Vehicle Slot ID 173 RTB fee cost $0 to SFPD's budget fund.
[2016/2/10 - 15:05:10] Vehicle Slot ID 173 RTB fee cost $0 to SFPD's budget fund.
[2016/2/10 - 15:05:10] Vehicle Slot ID 174 RTB fee cost $0 to SFPD's budget fund.
[2016/2/10 - 15:05:10] Vehicle Slot ID 174 RTB fee cost $0 to SFPD's budget fund.
[2016/2/10 - 15:05:10] Vehicle Slot ID 175 RTB fee cost $0 to SFPD's budget fund.
[2016/2/10 - 15:05:10] Vehicle Slot ID 175 RTB fee cost $0 to SFPD's budget fund.
[2016/2/10 - 15:05:10] Vehicle Slot ID 176 RTB fee cost $0 to SFPD's budget fund.
[2016/2/10 - 15:05:10] Vehicle Slot ID 176 RTB fee cost $0 to SFPD's budget fund.
[2016/2/10 - 15:05:10] Vehicle Slot ID 177 RTB fee cost $0 to SFPD's budget fund.
[2016/2/10 - 15:05:10] Vehicle Slot ID 177 RTB fee cost $0 to SFPD's budget fund.
[2016/2/10 - 15:05:10] Vehicle Slot ID 179 RTB fee cost $0 to SFPD's budget fund.
[2016/2/10 - 15:05:10] Vehicle Slot ID 179 RTB fee cost $0 to SFPD's budget fund.
[2016/2/10 - 15:05:10] Vehicle Slot ID 180 RTB fee cost $0 to SFPD's budget fund.
[2016/2/10 - 15:05:10] Vehicle Slot ID 180 RTB fee cost $0 to SFPD's budget fund.
[2016/2/10 - 15:05:10] Vehicle Slot ID 181 RTB fee cost $0 to SFPD's budget fund.
[2016/2/10 - 15:05:10] Vehicle Slot ID 181 RTB fee cost $0 to SFPD's budget fund.
[2016/2/10 - 15:05:10] Vehicle Slot ID 182 RTB fee cost $0 to SFPD's budget fund.
[2016/2/10 - 15:05:10] Vehicle Slot ID 182 RTB fee cost $0 to SFPD's budget fund.
[2016/2/10 - 15:05:10] Vehicle Slot ID 183 RTB fee cost $0 to SFPD's budget fund.
[2016/2/10 - 15:05:10] Vehicle Slot ID 183 RTB fee cost $0 to SFPD's budget fund.
[2016/2/10 - 15:05:10] Vehicle Slot ID 184 RTB fee cost $0 to SFPD's budget fund.
[2016/2/10 - 15:05:10] Vehicle Slot ID 184 RTB fee cost $0 to SFPD's budget fund.
[2016/2/10 - 15:05:10] Vehicle Slot ID 185 RTB fee cost $0 to SFPD's budget fund.
[2016/2/10 - 15:05:10] Vehicle Slot ID 185 RTB fee cost $0 to SFPD's budget fund.
[2016/2/10 - 15:05:10] Vehicle Slot ID 186 RTB fee cost $0 to SFPD's budget fund.
[2016/2/10 - 15:05:10] Vehicle Slot ID 186 RTB fee cost $0 to SFPD's budget fund.
[2016/2/10 - 15:05:10] Vehicle Slot ID 187 RTB fee cost $0 to SFPD's budget fund.
[2016/2/10 - 15:05:10] Vehicle Slot ID 187 RTB fee cost $0 to SFPD's budget fund.
[2016/2/10 - 15:05:10] Vehicle Slot ID 188 RTB fee cost $0 to SFPD's budget fund.
[2016/2/10 - 15:05:10] Vehicle Slot ID 188 RTB fee cost $0 to SFPD's budget fund.
[2016/2/10 - 15:05:10] Vehicle Slot ID 189 RTB fee cost $0 to SFPD's budget fund.
[2016/2/10 - 15:05:10] Vehicle Slot ID 189 RTB fee cost $0 to SFPD's budget fund.
[2016/2/10 - 15:05:10] Vehicle Slot ID 190 RTB fee cost $0 to SFPD's budget fund.
[2016/2/10 - 15:05:10] Vehicle Slot ID 190 RTB fee cost $0 to SFPD's budget fund.
[2016/2/10 - 15:05:10] Vehicle Slot ID 191 RTB fee cost $0 to SFPD's budget fund.
[2016/2/10 - 15:05:10] Vehicle Slot ID 191 RTB fee cost $0 to SFPD's budget fund.
[2016/2/10 - 15:05:10] Vehicle Slot ID 192 RTB fee cost $0 to SFPD's budget fund.
[2016/2/10 - 15:05:10] Vehicle Slot ID 192 RTB fee cost $0 to SFPD's budget fund.
[2016/2/10 - 15:05:57] Vehicle Slot ID 169 RTB fee cost $0 to SFPD's budget fund.
[2016/2/10 - 15:05:57] Vehicle Slot ID 169 RTB fee cost $0 to SFPD's budget fund.
[2016/2/10 - 15:05:57] Vehicle Slot ID 170 RTB fee cost $0 to SFPD's budget fund.
[2016/2/10 - 15:05:57] Vehicle Slot ID 170 RTB fee cost $0 to SFPD's budget fund.
[2016/2/10 - 15:05:57] Vehicle Slot ID 171 RTB fee cost $0 to SFPD's budget fund.
[2016/2/10 - 15:05:57] Vehicle Slot ID 171 RTB fee cost $0 to SFPD's budget fund.
[2016/2/10 - 15:05:57] Vehicle Slot ID 172 RTB fee cost $0 to SFPD's budget fund.
[2016/2/10 - 15:05:57] Vehicle Slot ID 172 RTB fee cost $0 to SFPD's budget fund.
[2016/2/10 - 15:05:57] Vehicle Slot ID 173 RTB fee cost $0 to SFPD's budget fund.
[2016/2/10 - 15:05:57] Vehicle Slot ID 173 RTB fee cost $0 to SFPD's budget fund.
[2016/2/10 - 15:05:57] Vehicle Slot ID 174 RTB fee cost $0 to SFPD's budget fund.
[2016/2/10 - 15:05:57] Vehicle Slot ID 174 RTB fee cost $0 to SFPD's budget fund.
[2016/2/10 - 15:05:57] Vehicle Slot ID 175 RTB fee cost $0 to SFPD's budget fund.
[2016/2/10 - 15:05:57] Vehicle Slot ID 175 RTB fee cost $0 to SFPD's budget fund.
[2016/2/10 - 15:05:57] Vehicle Slot ID 176 RTB fee cost $0 to SFPD's budget fund.
[2016/2/10 - 15:05:57] Vehicle Slot ID 176 RTB fee cost $0 to SFPD's budget fund.
[2016/2/10 - 15:05:57] Vehicle Slot ID 177 RTB fee cost $0 to SFPD's budget fund.
[2016/2/10 - 15:05:57] Vehicle Slot ID 177 RTB fee cost $0 to SFPD's budget fund.
[2016/2/10 - 15:05:57] Vehicle Slot ID 179 RTB fee cost $0 to SFPD's budget fund.
[2016/2/10 - 15:05:57] Vehicle Slot ID 179 RTB fee cost $0 to SFPD's budget fund.
[2016/2/10 - 15:05:57] Vehicle Slot ID 180 RTB fee cost $0 to SFPD's budget fund.
[2016/2/10 - 15:05:57] Vehicle Slot ID 180 RTB fee cost $0 to SFPD's budget fund.
[2016/2/10 - 15:05:57] Vehicle Slot ID 181 RTB fee cost $0 to SFPD's budget fund.
[2016/2/10 - 15:05:57] Vehicle Slot ID 181 RTB fee cost $0 to SFPD's budget fund.
[2016/2/10 - 15:05:57] Vehicle Slot ID 182 RTB fee cost $0 to SFPD's budget fund.
[2016/2/10 - 15:05:57] Vehicle Slot ID 182 RTB fee cost $0 to SFPD's budget fund.
[2016/2/10 - 15:05:57] Vehicle Slot ID 183 RTB fee cost $0 to SFPD's budget fund.
[2016/2/10 - 15:05:57] Vehicle Slot ID 183 RTB fee cost $0 to SFPD's budget fund.
[2016/2/10 - 15:05:57] Vehicle Slot ID 184 RTB fee cost $0 to SFPD's budget fund.
[2016/2/10 - 15:05:57] Vehicle Slot ID 184 RTB fee cost $0 to SFPD's budget fund.
[2016/2/10 - 15:05:57] Vehicle Slot ID 185 RTB fee cost $0 to SFPD's budget fund.
[2016/2/10 - 15:05:57] Vehicle Slot ID 185 RTB fee cost $0 to SFPD's budget fund.
[2016/2/10 - 15:05:57] Vehicle Slot ID 186 RTB fee cost $0 to SFPD's budget fund.
[2016/2/10 - 15:05:57] Vehicle Slot ID 186 RTB fee cost $0 to SFPD's budget fund.
[2016/2/10 - 15:05:57] Vehicle Slot ID 187 RTB fee cost $0 to SFPD's budget fund.
[2016/2/10 - 15:05:57] Vehicle Slot ID 187 RTB fee cost $0 to SFPD's budget fund.
[2016/2/10 - 15:05:57] Vehicle Slot ID 188 RTB fee cost $0 to SFPD's budget fund.
[2016/2/10 - 15:05:57] Vehicle Slot ID 188 RTB fee cost $0 to SFPD's budget fund.
[2016/2/10 - 15:05:57] Vehicle Slot ID 189 RTB fee cost $0 to SFPD's budget fund.
[2016/2/10 - 15:05:57] Vehicle Slot ID 189 RTB fee cost $0 to SFPD's budget fund.
[2016/2/10 - 15:05:57] Vehicle Slot ID 190 RTB fee cost $0 to SFPD's budget fund.
[2016/2/10 - 15:05:57] Vehicle Slot ID 190 RTB fee cost $0 to SFPD's budget fund.
[2016/2/10 - 15:05:57] Vehicle Slot ID 191 RTB fee cost $0 to SFPD's budget fund.
[2016/2/10 - 15:05:57] Vehicle Slot ID 191 RTB fee cost $0 to SFPD's budget fund.
[2016/2/10 - 15:05:57] Vehicle Slot ID 192 RTB fee cost $0 to SFPD's budget fund.
[2016/2/10 - 15:05:57] Vehicle Slot ID 192 RTB fee cost $0 to SFPD's budget fund.
[2016/2/10 - 15:06:35] Vehicle Slot ID 169 RTB fee cost $0 to SFPD's budget fund.
[2016/2/10 - 15:06:35] Vehicle Slot ID 169 RTB fee cost $0 to SFPD's budget fund.
[2016/2/10 - 15:06:35] Vehicle Slot ID 170 RTB fee cost $0 to SFPD's budget fund.
[2016/2/10 - 15:06:35] Vehicle Slot ID 170 RTB fee cost $0 to SFPD's budget fund.
[2016/2/10 - 15:06:35] Vehicle Slot ID 171 RTB fee cost $0 to SFPD's budget fund.
[2016/2/10 - 15:06:35] Vehicle Slot ID 171 RTB fee cost $0 to SFPD's budget fund.
[2016/2/10 - 15:06:35] Vehicle Slot ID 172 RTB fee cost $0 to SFPD's budget fund.
[2016/2/10 - 15:06:35] Vehicle Slot ID 172 RTB fee cost $0 to SFPD's budget fund.
[2016/2/10 - 15:06:35] Vehicle Slot ID 173 RTB fee cost $0 to SFPD's budget fund.
[2016/2/10 - 15:06:35] Vehicle Slot ID 173 RTB fee cost $0 to SFPD's budget fund.
[2016/2/10 - 15:06:35] Vehicle Slot ID 174 RTB fee cost $0 to SFPD's budget fund.
[2016/2/10 - 15:06:35] Vehicle Slot ID 174 RTB fee cost $0 to SFPD's budget fund.
[2016/2/10 - 15:06:35] Vehicle Slot ID 175 RTB fee cost $0 to SFPD's budget fund.
[2016/2/10 - 15:06:35] Vehicle Slot ID 175 RTB fee cost $0 to SFPD's budget fund.
[2016/2/10 - 15:06:35] Vehicle Slot ID 176 RTB fee cost $0 to SFPD's budget fund.
[2016/2/10 - 15:06:35] Vehicle Slot ID 176 RTB fee cost $0 to SFPD's budget fund.
[2016/2/10 - 15:06:35] Vehicle Slot ID 177 RTB fee cost $0 to SFPD's budget fund.
[2016/2/10 - 15:06:35] Vehicle Slot ID 177 RTB fee cost $0 to SFPD's budget fund.
[2016/2/10 - 15:06:35] Vehicle Slot ID 179 RTB fee cost $0 to SFPD's budget fund.
[2016/2/10 - 15:06:35] Vehicle Slot ID 179 RTB fee cost $0 to SFPD's budget fund.
[2016/2/10 - 15:06:35] Vehicle Slot ID 180 RTB fee cost $0 to SFPD's budget fund.
[2016/2/10 - 15:06:35] Vehicle Slot ID 180 RTB fee cost $0 to SFPD's budget fund.
[2016/2/10 - 15:06:35] Vehicle Slot ID 181 RTB fee cost $0 to SFPD's budget fund.
[2016/2/10 - 15:06:35] Vehicle Slot ID 181 RTB fee cost $0 to SFPD's budget fund.
[2016/2/10 - 15:06:35] Vehicle Slot ID 182 RTB fee cost $0 to SFPD's budget fund.
[2016/2/10 - 15:06:35] Vehicle Slot ID 182 RTB fee cost $0 to SFPD's budget fund.
[2016/2/10 - 15:06:35] Vehicle Slot ID 183 RTB fee cost $0 to SFPD's budget fund.
[2016/2/10 - 15:06:35] Vehicle Slot ID 183 RTB fee cost $0 to SFPD's budget fund.
[2016/2/10 - 15:06:35] Vehicle Slot ID 184 RTB fee cost $0 to SFPD's budget fund.
[2016/2/10 - 15:06:35] Vehicle Slot ID 184 RTB fee cost $0 to SFPD's budget fund.
[2016/2/10 - 15:06:35] Vehicle Slot ID 185 RTB fee cost $0 to SFPD's budget fund.
[2016/2/10 - 15:06:35] Vehicle Slot ID 185 RTB fee cost $0 to SFPD's budget fund.
[2016/2/10 - 15:06:35] Vehicle Slot ID 186 RTB fee cost $0 to SFPD's budget fund.
[2016/2/10 - 15:06:35] Vehicle Slot ID 186 RTB fee cost $0 to SFPD's budget fund.
[2016/2/10 - 15:06:35] Vehicle Slot ID 187 RTB fee cost $0 to SFPD's budget fund.
[2016/2/10 - 15:06:35] Vehicle Slot ID 187 RTB fee cost $0 to SFPD's budget fund.
[2016/2/10 - 15:06:35] Vehicle Slot ID 188 RTB fee cost $0 to SFPD's budget fund.
[2016/2/10 - 15:06:35] Vehicle Slot ID 188 RTB fee cost $0 to SFPD's budget fund.
[2016/2/10 - 15:06:35] Vehicle Slot ID 189 RTB fee cost $0 to SFPD's budget fund.
[2016/2/10 - 15:06:35] Vehicle Slot ID 189 RTB fee cost $0 to SFPD's budget fund.
[2016/2/10 - 15:06:35] Vehicle Slot ID 190 RTB fee cost $0 to SFPD's budget fund.
[2016/2/10 - 15:06:35] Vehicle Slot ID 190 RTB fee cost $0 to SFPD's budget fund.
[2016/2/10 - 15:06:35] Vehicle Slot ID 191 RTB fee cost $0 to SFPD's budget fund.
[2016/2/10 - 15:06:35] Vehicle Slot ID 191 RTB fee cost $0 to SFPD's budget fund.
[2016/2/10 - 15:06:35] Vehicle Slot ID 192 RTB fee cost $0 to SFPD's budget fund.
[2016/2/10 - 15:06:35] Vehicle Slot ID 192 RTB fee cost $0 to SFPD's budget fund.
[2016/2/10 - 15:07:25] Vehicle Slot ID 169 RTB fee cost $0 to SFPD's budget fund.
[2016/2/10 - 15:07:25] Vehicle Slot ID 169 RTB fee cost $0 to SFPD's budget fund.
[2016/2/10 - 15:07:25] Vehicle Slot ID 170 RTB fee cost $0 to SFPD's budget fund.
[2016/2/10 - 15:07:25] Vehicle Slot ID 170 RTB fee cost $0 to SFPD's budget fund.
[2016/2/10 - 15:07:25] Vehicle Slot ID 171 RTB fee cost $0 to SFPD's budget fund.
[2016/2/10 - 15:07:25] Vehicle Slot ID 171 RTB fee cost $0 to SFPD's budget fund.
[2016/2/10 - 15:07:25] Vehicle Slot ID 172 RTB fee cost $0 to SFPD's budget fund.
[2016/2/10 - 15:07:25] Vehicle Slot ID 172 RTB fee cost $0 to SFPD's budget fund.
[2016/2/10 - 15:07:25] Vehicle Slot ID 173 RTB fee cost $0 to SFPD's budget fund.
[2016/2/10 - 15:07:25] Vehicle Slot ID 173 RTB fee cost $0 to SFPD's budget fund.
[2016/2/10 - 15:07:25] Vehicle Slot ID 174 RTB fee cost $0 to SFPD's budget fund.
[2016/2/10 - 15:07:25] Vehicle Slot ID 174 RTB fee cost $0 to SFPD's budget fund.
[2016/2/10 - 15:07:25] Vehicle Slot ID 175 RTB fee cost $0 to SFPD's budget fund.
[2016/2/10 - 15:07:25] Vehicle Slot ID 175 RTB fee cost $0 to SFPD's budget fund.
[2016/2/10 - 15:07:25] Vehicle Slot ID 176 RTB fee cost $0 to SFPD's budget fund.
[2016/2/10 - 15:07:25] Vehicle Slot ID 176 RTB fee cost $0 to SFPD's budget fund.
[2016/2/10 - 15:07:25] Vehicle Slot ID 177 RTB fee cost $0 to SFPD's budget fund.
[2016/2/10 - 15:07:25] Vehicle Slot ID 177 RTB fee cost $0 to SFPD's budget fund.
[2016/2/10 - 15:07:25] Vehicle Slot ID 179 RTB fee cost $0 to SFPD's budget fund.
[2016/2/10 - 15:07:25] Vehicle Slot ID 179 RTB fee cost $0 to SFPD's budget fund.
[2016/2/10 - 15:07:25] Vehicle Slot ID 180 RTB fee cost $0 to SFPD's budget fund.
[2016/2/10 - 15:07:25] Vehicle Slot ID 180 RTB fee cost $0 to SFPD's budget fund.
[2016/2/10 - 15:07:25] Vehicle Slot ID 181 RTB fee cost $0 to SFPD's budget fund.
[2016/2/10 - 15:07:25] Vehicle Slot ID 181 RTB fee cost $0 to SFPD's budget fund.
[2016/2/10 - 15:07:25] Vehicle Slot ID 182 RTB fee cost $0 to SFPD's budget fund.
[2016/2/10 - 15:07:25] Vehicle Slot ID 182 RTB fee cost $0 to SFPD's budget fund.
[2016/2/10 - 15:07:25] Vehicle Slot ID 183 RTB fee cost $0 to SFPD's budget fund.
[2016/2/10 - 15:07:25] Vehicle Slot ID 183 RTB fee cost $0 to SFPD's budget fund.
[2016/2/10 - 15:07:25] Vehicle Slot ID 184 RTB fee cost $0 to SFPD's budget fund.
[2016/2/10 - 15:07:25] Vehicle Slot ID 184 RTB fee cost $0 to SFPD's budget fund.
[2016/2/10 - 15:07:25] Vehicle Slot ID 185 RTB fee cost $0 to SFPD's budget fund.
[2016/2/10 - 15:07:25] Vehicle Slot ID 185 RTB fee cost $0 to SFPD's budget fund.
[2016/2/10 - 15:07:25] Vehicle Slot ID 186 RTB fee cost $0 to SFPD's budget fund.
[2016/2/10 - 15:07:25] Vehicle Slot ID 186 RTB fee cost $0 to SFPD's budget fund.
[2016/2/10 - 15:07:25] Vehicle Slot ID 187 RTB fee cost $0 to SFPD's budget fund.
[2016/2/10 - 15:07:25] Vehicle Slot ID 187 RTB fee cost $0 to SFPD's budget fund.
[2016/2/10 - 15:07:25] Vehicle Slot ID 188 RTB fee cost $0 to SFPD's budget fund.
[2016/2/10 - 15:07:25] Vehicle Slot ID 188 RTB fee cost $0 to SFPD's budget fund.
[2016/2/10 - 15:07:25] Vehicle Slot ID 189 RTB fee cost $0 to SFPD's budget fund.
[2016/2/10 - 15:07:25] Vehicle Slot ID 189 RTB fee cost $0 to SFPD's budget fund.
[2016/2/10 - 15:07:25] Vehicle Slot ID 190 RTB fee cost $0 to SFPD's budget fund.
[2016/2/10 - 15:07:25] Vehicle Slot ID 190 RTB fee cost $0 to SFPD's budget fund.
[2016/2/10 - 15:07:25] Vehicle Slot ID 191 RTB fee cost $0 to SFPD's budget fund.
[2016/2/10 - 15:07:25] Vehicle Slot ID 191 RTB fee cost $0 to SFPD's budget fund.
[2016/2/10 - 15:07:25] Vehicle Slot ID 192 RTB fee cost $0 to SFPD's budget fund.
[2016/2/10 - 15:07:25] Vehicle Slot ID 192 RTB fee cost $0 to SFPD's budget fund.
[2016/2/10 - 16:00:21] The faction vault is at $96,760
[2016/2/10 - 16:00:21] Vehicle ID 614 (Slot ID 169) Maintainence fee cost $0 to SFPD's budget fund.
[2016/2/10 - 16:00:21] Vehicle ID 615 (Slot ID 170) Maintainence fee cost $0 to SFPD's budget fund.
[2016/2/10 - 16:00:21] Vehicle ID 616 (Slot ID 171) Maintainence fee cost $0 to SFPD's budget fund.
[2016/2/10 - 16:00:21] Vehicle ID 617 (Slot ID 172) Maintainence fee cost $0 to SFPD's budget fund.
[2016/2/10 - 16:00:21] Vehicle ID 618 (Slot ID 173) Maintainence fee cost $0 to SFPD's budget fund.
[2016/2/10 - 16:00:21] Vehicle ID 619 (Slot ID 174) Maintainence fee cost $0 to SFPD's budget fund.
[2016/2/10 - 16:00:21] Vehicle ID 620 (Slot ID 175) Maintainence fee cost $0 to SFPD's budget fund.
[2016/2/10 - 16:00:21] Vehicle ID 621 (Slot ID 176) Maintainence fee cost $0 to SFPD's budget fund.
[2016/2/10 - 16:00:21] Vehicle ID 622 (Slot ID 177) Maintainence fee cost $0 to SFPD's budget fund.
[2016/2/10 - 16:00:21] Vehicle ID 624 (Slot ID 179) Maintainence fee cost $0 to SFPD's budget fund.
[2016/2/10 - 16:00:21] Vehicle ID 625 (Slot ID 180) Maintainence fee cost $0 to SFPD's budget fund.
[2016/2/10 - 16:00:21] Vehicle ID 626 (Slot ID 181) Maintainence fee cost $0 to SFPD's budget fund.
[2016/2/10 - 16:00:21] Vehicle ID 627 (Slot ID 182) Maintainence fee cost $0 to SFPD's budget fund.
[2016/2/10 - 16:00:21] Vehicle ID 628 (Slot ID 183) Maintainence fee cost $0 to SFPD's budget fund.
[2016/2/10 - 16:00:21] Vehicle ID 629 (Slot ID 184) Maintainence fee cost $0 to SFPD's budget fund.
[2016/2/10 - 16:00:21] Vehicle ID 630 (Slot ID 185) Maintainence fee cost $0 to SFPD's budget fund.
[2016/2/10 - 16:00:21] Vehicle ID 631 (Slot ID 186) Maintainence fee cost $0 to SFPD's budget fund.
[2016/2/10 - 16:00:21] Vehicle ID 632 (Slot ID 187) Maintainence fee cost $0 to SFPD's budget fund.
[2016/2/10 - 16:00:21] Vehicle ID 633 (Slot ID 188) Maintainence fee cost $0 to SFPD's budget fund.
[2016/2/10 - 16:00:21] Vehicle ID 634 (Slot ID 189) Maintainence fee cost $0 to SFPD's budget fund.
[2016/2/10 - 16:00:21] Vehicle ID 635 (Slot ID 190) Maintainence fee cost $0 to SFPD's budget fund.
[2016/2/10 - 16:00:21] Vehicle ID 636 (Slot ID 191) Maintainence fee cost $0 to SFPD's budget fund.
[2016/2/10 - 16:00:21] Vehicle ID 637 (Slot ID 192) Maintainence fee cost $0 to SFPD's budget fund.
[2016/2/10 - 17:00:37] The faction vault is at $96,760
[2016/2/10 - 17:00:37] Vehicle ID 614 (Slot ID 169) Maintainence fee cost $0 to SFPD's budget fund.
[2016/2/10 - 17:00:37] Vehicle ID 615 (Slot ID 170) Maintainence fee cost $0 to SFPD's budget fund.
[2016/2/10 - 17:00:37] Vehicle ID 616 (Slot ID 171) Maintainence fee cost $0 to SFPD's budget fund.
[2016/2/10 - 17:00:37] Vehicle ID 617 (Slot ID 172) Maintainence fee cost $0 to SFPD's budget fund.
[2016/2/10 - 17:00:37] Vehicle ID 618 (Slot ID 173) Maintainence fee cost $0 to SFPD's budget fund.
[2016/2/10 - 17:00:37] Vehicle ID 619 (Slot ID 174) Maintainence fee cost $0 to SFPD's budget fund.
[2016/2/10 - 17:00:37] Vehicle ID 620 (Slot ID 175) Maintainence fee cost $0 to SFPD's budget fund.
[2016/2/10 - 17:00:37] Vehicle ID 621 (Slot ID 176) Maintainence fee cost $0 to SFPD's budget fund.
[2016/2/10 - 17:00:37] Vehicle ID 622 (Slot ID 177) Maintainence fee cost $0 to SFPD's budget fund.
[2016/2/10 - 17:00:37] Vehicle ID 624 (Slot ID 179) Maintainence fee cost $0 to SFPD's budget fund.
[2016/2/10 - 17:00:37] Vehicle ID 625 (Slot ID 180) Maintainence fee cost $0 to SFPD's budget fund.
[2016/2/10 - 17:00:37] Vehicle ID 626 (Slot ID 181) Maintainence fee cost $0 to SFPD's budget fund.
[2016/2/10 - 17:00:37] Vehicle ID 627 (Slot ID 182) Maintainence fee cost $0 to SFPD's budget fund.
[2016/2/10 - 17:00:37] Vehicle ID 628 (Slot ID 183) Maintainence fee cost $0 to SFPD's budget fund.
[2016/2/10 - 17:00:37] Vehicle ID 629 (Slot ID 184) Maintainence fee cost $0 to SFPD's budget fund.
[2016/2/10 - 17:00:37] Vehicle ID 630 (Slot ID 185) Maintainence fee cost $0 to SFPD's budget fund.
[2016/2/10 - 17:00:37] Vehicle ID 631 (Slot ID 186) Maintainence fee cost $0 to SFPD's budget fund.
[2016/2/10 - 17:00:37] Vehicle ID 632 (Slot ID 187) Maintainence fee cost $0 to SFPD's budget fund.
[2016/2/10 - 17:00:37] Vehicle ID 633 (Slot ID 188) Maintainence fee cost $0 to SFPD's budget fund.
[2016/2/10 - 17:00:37] Vehicle ID 634 (Slot ID 189) Maintainence fee cost $0 to SFPD's budget fund.
[2016/2/10 - 17:00:37] Vehicle ID 635 (Slot ID 190) Maintainence fee cost $0 to SFPD's budget fund.
[2016/2/10 - 17:00:37] Vehicle ID 636 (Slot ID 191) Maintainence fee cost $0 to SFPD's budget fund.
[2016/2/10 - 17:00:37] Vehicle ID 637 (Slot ID 192) Maintainence fee cost $0 to SFPD's budget fund.
[2016/2/10 - 18:00:19] The faction vault is at $96,760
[2016/2/10 - 18:00:19] Vehicle ID 614 (Slot ID 169) Maintainence fee cost $0 to SFPD's budget fund.
[2016/2/10 - 18:00:19] Vehicle ID 615 (Slot ID 170) Maintainence fee cost $0 to SFPD's budget fund.
[2016/2/10 - 18:00:19] Vehicle ID 616 (Slot ID 171) Maintainence fee cost $0 to SFPD's budget fund.
[2016/2/10 - 18:00:19] Vehicle ID 617 (Slot ID 172) Maintainence fee cost $0 to SFPD's budget fund.
[2016/2/10 - 18:00:19] Vehicle ID 618 (Slot ID 173) Maintainence fee cost $0 to SFPD's budget fund.
[2016/2/10 - 18:00:19] Vehicle ID 619 (Slot ID 174) Maintainence fee cost $0 to SFPD's budget fund.
[2016/2/10 - 18:00:19] Vehicle ID 620 (Slot ID 175) Maintainence fee cost $0 to SFPD's budget fund.
[2016/2/10 - 18:00:19] Vehicle ID 621 (Slot ID 176) Maintainence fee cost $0 to SFPD's budget fund.
[2016/2/10 - 18:00:19] Vehicle ID 622 (Slot ID 177) Maintainence fee cost $0 to SFPD's budget fund.
[2016/2/10 - 18:00:19] Vehicle ID 624 (Slot ID 179) Maintainence fee cost $0 to SFPD's budget fund.
[2016/2/10 - 18:00:19] Vehicle ID 625 (Slot ID 180) Maintainence fee cost $0 to SFPD's budget fund.
[2016/2/10 - 18:00:19] Vehicle ID 626 (Slot ID 181) Maintainence fee cost $0 to SFPD's budget fund.
[2016/2/10 - 18:00:19] Vehicle ID 627 (Slot ID 182) Maintainence fee cost $0 to SFPD's budget fund.
[2016/2/10 - 18:00:19] Vehicle ID 628 (Slot ID 183) Maintainence fee cost $0 to SFPD's budget fund.
[2016/2/10 - 18:00:19] Vehicle ID 629 (Slot ID 184) Maintainence fee cost $0 to SFPD's budget fund.
[2016/2/10 - 18:00:19] Vehicle ID 630 (Slot ID 185) Maintainence fee cost $0 to SFPD's budget fund.
[2016/2/10 - 18:00:19] Vehicle ID 631 (Slot ID 186) Maintainence fee cost $0 to SFPD's budget fund.
[2016/2/10 - 18:00:19] Vehicle ID 632 (Slot ID 187) Maintainence fee cost $0 to SFPD's budget fund.
[2016/2/10 - 18:00:19] Vehicle ID 633 (Slot ID 188) Maintainence fee cost $0 to SFPD's budget fund.
[2016/2/10 - 18:00:19] Vehicle ID 634 (Slot ID 189) Maintainence fee cost $0 to SFPD's budget fund.
[2016/2/10 - 18:00:19] Vehicle ID 635 (Slot ID 190) Maintainence fee cost $0 to SFPD's budget fund.
[2016/2/10 - 18:00:19] Vehicle ID 636 (Slot ID 191) Maintainence fee cost $0 to SFPD's budget fund.
[2016/2/10 - 18:00:19] Vehicle ID 637 (Slot ID 192) Maintainence fee cost $0 to SFPD's budget fund.
[2016/2/10 - 19:00:57] The faction vault is at $96,760
[2016/2/10 - 19:00:57] Vehicle ID 614 (Slot ID 169) Maintainence fee cost $0 to SFPD's budget fund.
[2016/2/10 - 19:00:57] Vehicle ID 615 (Slot ID 170) Maintainence fee cost $0 to SFPD's budget fund.
[2016/2/10 - 19:00:57] Vehicle ID 616 (Slot ID 171) Maintainence fee cost $0 to SFPD's budget fund.
[2016/2/10 - 19:00:57] Vehicle ID 617 (Slot ID 172) Maintainence fee cost $0 to SFPD's budget fund.
[2016/2/10 - 19:00:57] Vehicle ID 618 (Slot ID 173) Maintainence fee cost $0 to SFPD's budget fund.
[2016/2/10 - 19:00:57] Vehicle ID 619 (Slot ID 174) Maintainence fee cost $0 to SFPD's budget fund.
[2016/2/10 - 19:00:57] Vehicle ID 620 (Slot ID 175) Maintainence fee cost $0 to SFPD's budget fund.
[2016/2/10 - 19:00:57] Vehicle ID 621 (Slot ID 176) Maintainence fee cost $0 to SFPD's budget fund.
[2016/2/10 - 19:00:57] Vehicle ID 622 (Slot ID 177) Maintainence fee cost $0 to SFPD's budget fund.
[2016/2/10 - 19:00:57] Vehicle ID 624 (Slot ID 179) Maintainence fee cost $0 to SFPD's budget fund.
[2016/2/10 - 19:00:57] Vehicle ID 625 (Slot ID 180) Maintainence fee cost $0 to SFPD's budget fund.
[2016/2/10 - 19:00:57] Vehicle ID 626 (Slot ID 181) Maintainence fee cost $0 to SFPD's budget fund.
[2016/2/10 - 19:00:57] Vehicle ID 627 (Slot ID 182) Maintainence fee cost $0 to SFPD's budget fund.
[2016/2/10 - 19:00:57] Vehicle ID 628 (Slot ID 183) Maintainence fee cost $0 to SFPD's budget fund.
[2016/2/10 - 19:00:57] Vehicle ID 629 (Slot ID 184) Maintainence fee cost $0 to SFPD's budget fund.
[2016/2/10 - 19:00:57] Vehicle ID 630 (Slot ID 185) Maintainence fee cost $0 to SFPD's budget fund.
[2016/2/10 - 19:00:57] Vehicle ID 631 (Slot ID 186) Maintainence fee cost $0 to SFPD's budget fund.
[2016/2/10 - 19:00:57] Vehicle ID 632 (Slot ID 187) Maintainence fee cost $0 to SFPD's budget fund.
[2016/2/10 - 19:00:57] Vehicle ID 633 (Slot ID 188) Maintainence fee cost $0 to SFPD's budget fund.
[2016/2/10 - 19:00:57] Vehicle ID 634 (Slot ID 189) Maintainence fee cost $0 to SFPD's budget fund.
[2016/2/10 - 19:00:57] Vehicle ID 635 (Slot ID 190) Maintainence fee cost $0 to SFPD's budget fund.
[2016/2/10 - 19:00:57] Vehicle ID 636 (Slot ID 191) Maintainence fee cost $0 to SFPD's budget fund.
[2016/2/10 - 19:00:57] Vehicle ID 637 (Slot ID 192) Maintainence fee cost $0 to SFPD's budget fund.
[2016/2/10 - 20:00:04] The faction vault is at $96,760
[2016/2/10 - 20:00:05] Vehicle ID 614 (Slot ID 169) Maintainence fee cost $0 to SFPD's budget fund.
[2016/2/10 - 20:00:05] Vehicle ID 615 (Slot ID 170) Maintainence fee cost $0 to SFPD's budget fund.
[2016/2/10 - 20:00:05] Vehicle ID 616 (Slot ID 171) Maintainence fee cost $0 to SFPD's budget fund.
[2016/2/10 - 20:00:05] Vehicle ID 617 (Slot ID 172) Maintainence fee cost $0 to SFPD's budget fund.
[2016/2/10 - 20:00:05] Vehicle ID 618 (Slot ID 173) Maintainence fee cost $0 to SFPD's budget fund.
[2016/2/10 - 20:00:05] Vehicle ID 619 (Slot ID 174) Maintainence fee cost $0 to SFPD's budget fund.
[2016/2/10 - 20:00:05] Vehicle ID 620 (Slot ID 175) Maintainence fee cost $0 to SFPD's budget fund.
[2016/2/10 - 20:00:05] Vehicle ID 621 (Slot ID 176) Maintainence fee cost $0 to SFPD's budget fund.
[2016/2/10 - 20:00:05] Vehicle ID 622 (Slot ID 177) Maintainence fee cost $0 to SFPD's budget fund.
[2016/2/10 - 20:00:05] Vehicle ID 624 (Slot ID 179) Maintainence fee cost $0 to SFPD's budget fund.
[2016/2/10 - 20:00:05] Vehicle ID 625 (Slot ID 180) Maintainence fee cost $0 to SFPD's budget fund.
[2016/2/10 - 20:00:05] Vehicle ID 626 (Slot ID 181) Maintainence fee cost $0 to SFPD's budget fund.
[2016/2/10 - 20:00:05] Vehicle ID 627 (Slot ID 182) Maintainence fee cost $0 to SFPD's budget fund.
[2016/2/10 - 20:00:05] Vehicle ID 628 (Slot ID 183) Maintainence fee cost $0 to SFPD's budget fund.
[2016/2/10 - 20:00:05] Vehicle ID 629 (Slot ID 184) Maintainence fee cost $0 to SFPD's budget fund.
[2016/2/10 - 20:00:05] Vehicle ID 630 (Slot ID 185) Maintainence fee cost $0 to SFPD's budget fund.
[2016/2/10 - 20:00:05] Vehicle ID 631 (Slot ID 186) Maintainence fee cost $0 to SFPD's budget fund.
[2016/2/10 - 20:00:05] Vehicle ID 632 (Slot ID 187) Maintainence fee cost $0 to SFPD's budget fund.
[2016/2/10 - 20:00:05] Vehicle ID 633 (Slot ID 188) Maintainence fee cost $0 to SFPD's budget fund.
[2016/2/10 - 20:00:05] Vehicle ID 634 (Slot ID 189) Maintainence fee cost $0 to SFPD's budget fund.
[2016/2/10 - 20:00:05] Vehicle ID 635 (Slot ID 190) Maintainence fee cost $0 to SFPD's budget fund.
[2016/2/10 - 20:00:05] Vehicle ID 636 (Slot ID 191) Maintainence fee cost $0 to SFPD's budget fund.
[2016/2/10 - 20:00:05] Vehicle ID 637 (Slot ID 192) Maintainence fee cost $0 to SFPD's budget fund.
