[2016/2/11 - 0:00:00] The faction vault is at $96,760
[2016/2/11 - 0:00:00] Vehicle ID 614 (Slot ID 169) Maintainence fee cost $0 to SFPD's budget fund.
[2016/2/11 - 0:00:00] Vehicle ID 615 (Slot ID 170) Maintainence fee cost $0 to SFPD's budget fund.
[2016/2/11 - 0:00:00] Vehicle ID 616 (Slot ID 171) Maintainence fee cost $0 to SFPD's budget fund.
[2016/2/11 - 0:00:00] Vehicle ID 617 (Slot ID 172) Maintainence fee cost $0 to SFPD's budget fund.
[2016/2/11 - 0:00:00] Vehicle ID 618 (Slot ID 173) Maintainence fee cost $0 to SFPD's budget fund.
[2016/2/11 - 0:00:00] Vehicle ID 619 (Slot ID 174) Maintainence fee cost $0 to SFPD's budget fund.
[2016/2/11 - 0:00:00] Vehicle ID 620 (Slot ID 175) Maintainence fee cost $0 to SFPD's budget fund.
[2016/2/11 - 0:00:00] Vehicle ID 621 (Slot ID 176) Maintainence fee cost $0 to SFPD's budget fund.
[2016/2/11 - 0:00:00] Vehicle ID 622 (Slot ID 177) Maintainence fee cost $0 to SFPD's budget fund.
[2016/2/11 - 0:00:00] Vehicle ID 624 (Slot ID 179) Maintainence fee cost $0 to SFPD's budget fund.
[2016/2/11 - 0:00:00] Vehicle ID 625 (Slot ID 180) Maintainence fee cost $0 to SFPD's budget fund.
[2016/2/11 - 0:00:00] Vehicle ID 626 (Slot ID 181) Maintainence fee cost $0 to SFPD's budget fund.
[2016/2/11 - 0:00:00] Vehicle ID 627 (Slot ID 182) Maintainence fee cost $0 to SFPD's budget fund.
[2016/2/11 - 0:00:00] Vehicle ID 628 (Slot ID 183) Maintainence fee cost $0 to SFPD's budget fund.
[2016/2/11 - 0:00:00] Vehicle ID 629 (Slot ID 184) Maintainence fee cost $0 to SFPD's budget fund.
[2016/2/11 - 0:00:00] Vehicle ID 630 (Slot ID 185) Maintainence fee cost $0 to SFPD's budget fund.
[2016/2/11 - 0:00:00] Vehicle ID 631 (Slot ID 186) Maintainence fee cost $0 to SFPD's budget fund.
[2016/2/11 - 0:00:00] Vehicle ID 632 (Slot ID 187) Maintainence fee cost $0 to SFPD's budget fund.
[2016/2/11 - 0:00:00] Vehicle ID 633 (Slot ID 188) Maintainence fee cost $0 to SFPD's budget fund.
[2016/2/11 - 0:00:00] Vehicle ID 634 (Slot ID 189) Maintainence fee cost $0 to SFPD's budget fund.
[2016/2/11 - 0:00:00] Vehicle ID 635 (Slot ID 190) Maintainence fee cost $0 to SFPD's budget fund.
[2016/2/11 - 0:00:00] Vehicle ID 636 (Slot ID 191) Maintainence fee cost $0 to SFPD's budget fund.
[2016/2/11 - 0:00:00] Vehicle ID 637 (Slot ID 192) Maintainence fee cost $0 to SFPD's budget fund.
[2016/2/11 - 0:16:32] Smith Robeo took a vest out of the SFPD locker at a cost of 1 HG Material.
[2016/2/11 - 0:16:43] Smith Robeo took a Desert Eagle out of the SFPD locker at a cost of 0 HG Materials.
[2016/2/11 - 0:16:48] Smith Robeo took a M4 out of the SFPD locker at a cost of 0 HG Materials.
[2016/2/11 - 0:16:53] Smith Robeo took a Combat Shotgun out of the SFPD locker at a cost of 0 HG Materials.
[2016/2/11 - 1:00:13] The faction vault is at $96,760
[2016/2/11 - 1:00:13] Vehicle ID 614 (Slot ID 169) Maintainence fee cost $0 to SFPD's budget fund.
[2016/2/11 - 1:00:13] Vehicle ID 615 (Slot ID 170) Maintainence fee cost $0 to SFPD's budget fund.
[2016/2/11 - 1:00:13] Vehicle ID 616 (Slot ID 171) Maintainence fee cost $0 to SFPD's budget fund.
[2016/2/11 - 1:00:13] Vehicle ID 617 (Slot ID 172) Maintainence fee cost $0 to SFPD's budget fund.
[2016/2/11 - 1:00:13] Vehicle ID 618 (Slot ID 173) Maintainence fee cost $0 to SFPD's budget fund.
[2016/2/11 - 1:00:13] Vehicle ID 619 (Slot ID 174) Maintainence fee cost $0 to SFPD's budget fund.
[2016/2/11 - 1:00:13] Vehicle ID 620 (Slot ID 175) Maintainence fee cost $0 to SFPD's budget fund.
[2016/2/11 - 1:00:13] Vehicle ID 621 (Slot ID 176) Maintainence fee cost $0 to SFPD's budget fund.
[2016/2/11 - 1:00:13] Vehicle ID 622 (Slot ID 177) Maintainence fee cost $0 to SFPD's budget fund.
[2016/2/11 - 1:00:13] Vehicle ID 624 (Slot ID 179) Maintainence fee cost $0 to SFPD's budget fund.
[2016/2/11 - 1:00:13] Vehicle ID 625 (Slot ID 180) Maintainence fee cost $0 to SFPD's budget fund.
[2016/2/11 - 1:00:13] Vehicle ID 626 (Slot ID 181) Maintainence fee cost $0 to SFPD's budget fund.
[2016/2/11 - 1:00:13] Vehicle ID 627 (Slot ID 182) Maintainence fee cost $0 to SFPD's budget fund.
[2016/2/11 - 1:00:13] Vehicle ID 628 (Slot ID 183) Maintainence fee cost $0 to SFPD's budget fund.
[2016/2/11 - 1:00:13] Vehicle ID 629 (Slot ID 184) Maintainence fee cost $0 to SFPD's budget fund.
[2016/2/11 - 1:00:13] Vehicle ID 630 (Slot ID 185) Maintainence fee cost $0 to SFPD's budget fund.
[2016/2/11 - 1:00:13] Vehicle ID 631 (Slot ID 186) Maintainence fee cost $0 to SFPD's budget fund.
[2016/2/11 - 1:00:13] Vehicle ID 632 (Slot ID 187) Maintainence fee cost $0 to SFPD's budget fund.
[2016/2/11 - 1:00:13] Vehicle ID 633 (Slot ID 188) Maintainence fee cost $0 to SFPD's budget fund.
[2016/2/11 - 1:00:13] Vehicle ID 634 (Slot ID 189) Maintainence fee cost $0 to SFPD's budget fund.
[2016/2/11 - 1:00:13] Vehicle ID 635 (Slot ID 190) Maintainence fee cost $0 to SFPD's budget fund.
[2016/2/11 - 1:00:13] Vehicle ID 636 (Slot ID 191) Maintainence fee cost $0 to SFPD's budget fund.
[2016/2/11 - 1:00:13] Vehicle ID 637 (Slot ID 192) Maintainence fee cost $0 to SFPD's budget fund.
[2016/2/11 - 1:24:18] Smith Robeo took a vest out of the SFPD locker at a cost of 1 HG Material.
[2016/2/11 - 1:24:23] Smith Robeo took a M4 out of the SFPD locker at a cost of 0 HG Materials.
[2016/2/11 - 1:24:47] Smith Robeo took a Desert Eagle out of the SFPD locker at a cost of 0 HG Materials.
[2016/2/11 - 1:25:21] Smith Robeo took a Sniper Rifle out of the SFPD locker at a cost of 0 HG Materials.
[2016/2/11 - 14:56:25] Vehicle Slot ID 169 RTB fee cost $0 to SFPD's budget fund.
[2016/2/11 - 14:56:25] Vehicle Slot ID 169 RTB fee cost $0 to SFPD's budget fund.
[2016/2/11 - 14:56:25] Vehicle Slot ID 170 RTB fee cost $0 to SFPD's budget fund.
[2016/2/11 - 14:56:25] Vehicle Slot ID 170 RTB fee cost $0 to SFPD's budget fund.
[2016/2/11 - 14:56:25] Vehicle Slot ID 171 RTB fee cost $0 to SFPD's budget fund.
[2016/2/11 - 14:56:25] Vehicle Slot ID 171 RTB fee cost $0 to SFPD's budget fund.
[2016/2/11 - 14:56:25] Vehicle Slot ID 172 RTB fee cost $0 to SFPD's budget fund.
[2016/2/11 - 14:56:25] Vehicle Slot ID 172 RTB fee cost $0 to SFPD's budget fund.
[2016/2/11 - 14:56:25] Vehicle Slot ID 173 RTB fee cost $0 to SFPD's budget fund.
[2016/2/11 - 14:56:25] Vehicle Slot ID 173 RTB fee cost $0 to SFPD's budget fund.
[2016/2/11 - 14:56:25] Vehicle Slot ID 174 RTB fee cost $0 to SFPD's budget fund.
[2016/2/11 - 14:56:25] Vehicle Slot ID 174 RTB fee cost $0 to SFPD's budget fund.
[2016/2/11 - 14:56:25] Vehicle Slot ID 175 RTB fee cost $0 to SFPD's budget fund.
[2016/2/11 - 14:56:25] Vehicle Slot ID 175 RTB fee cost $0 to SFPD's budget fund.
[2016/2/11 - 14:56:25] Vehicle Slot ID 176 RTB fee cost $0 to SFPD's budget fund.
[2016/2/11 - 14:56:25] Vehicle Slot ID 176 RTB fee cost $0 to SFPD's budget fund.
[2016/2/11 - 14:56:25] Vehicle Slot ID 177 RTB fee cost $0 to SFPD's budget fund.
[2016/2/11 - 14:56:25] Vehicle Slot ID 177 RTB fee cost $0 to SFPD's budget fund.
[2016/2/11 - 14:56:25] Vehicle Slot ID 179 RTB fee cost $0 to SFPD's budget fund.
[2016/2/11 - 14:56:25] Vehicle Slot ID 179 RTB fee cost $0 to SFPD's budget fund.
[2016/2/11 - 14:56:25] Vehicle Slot ID 180 RTB fee cost $0 to SFPD's budget fund.
[2016/2/11 - 14:56:26] Vehicle Slot ID 180 RTB fee cost $0 to SFPD's budget fund.
[2016/2/11 - 14:56:26] Vehicle Slot ID 181 RTB fee cost $0 to SFPD's budget fund.
[2016/2/11 - 14:56:26] Vehicle Slot ID 181 RTB fee cost $0 to SFPD's budget fund.
[2016/2/11 - 14:56:26] Vehicle Slot ID 182 RTB fee cost $0 to SFPD's budget fund.
[2016/2/11 - 14:56:26] Vehicle Slot ID 182 RTB fee cost $0 to SFPD's budget fund.
[2016/2/11 - 14:56:26] Vehicle Slot ID 183 RTB fee cost $0 to SFPD's budget fund.
[2016/2/11 - 14:56:26] Vehicle Slot ID 183 RTB fee cost $0 to SFPD's budget fund.
[2016/2/11 - 14:56:26] Vehicle Slot ID 184 RTB fee cost $0 to SFPD's budget fund.
[2016/2/11 - 14:56:26] Vehicle Slot ID 184 RTB fee cost $0 to SFPD's budget fund.
[2016/2/11 - 14:56:26] Vehicle Slot ID 185 RTB fee cost $0 to SFPD's budget fund.
[2016/2/11 - 14:56:26] Vehicle Slot ID 185 RTB fee cost $0 to SFPD's budget fund.
[2016/2/11 - 14:56:26] Vehicle Slot ID 186 RTB fee cost $0 to SFPD's budget fund.
[2016/2/11 - 14:56:26] Vehicle Slot ID 186 RTB fee cost $0 to SFPD's budget fund.
[2016/2/11 - 14:56:26] Vehicle Slot ID 187 RTB fee cost $0 to SFPD's budget fund.
[2016/2/11 - 14:56:26] Vehicle Slot ID 187 RTB fee cost $0 to SFPD's budget fund.
[2016/2/11 - 14:56:26] Vehicle Slot ID 188 RTB fee cost $0 to SFPD's budget fund.
[2016/2/11 - 14:56:26] Vehicle Slot ID 188 RTB fee cost $0 to SFPD's budget fund.
[2016/2/11 - 14:56:26] Vehicle Slot ID 189 RTB fee cost $0 to SFPD's budget fund.
[2016/2/11 - 14:56:26] Vehicle Slot ID 189 RTB fee cost $0 to SFPD's budget fund.
[2016/2/11 - 14:56:26] Vehicle Slot ID 190 RTB fee cost $0 to SFPD's budget fund.
[2016/2/11 - 14:56:26] Vehicle Slot ID 190 RTB fee cost $0 to SFPD's budget fund.
[2016/2/11 - 14:56:26] Vehicle Slot ID 191 RTB fee cost $0 to SFPD's budget fund.
[2016/2/11 - 14:56:26] Vehicle Slot ID 191 RTB fee cost $0 to SFPD's budget fund.
[2016/2/11 - 14:56:26] Vehicle Slot ID 192 RTB fee cost $0 to SFPD's budget fund.
[2016/2/11 - 14:56:26] Vehicle Slot ID 192 RTB fee cost $0 to SFPD's budget fund.
[2016/2/11 - 14:57:51] Jet Tu took a vest out of the SFPD locker at a cost of 1 HG Material.
[2016/2/11 - 14:57:57] Jet Tu took a vest for their car out of the SFPD locker at a cost of 1 HG Material.
[2016/2/11 - 15:00:22] The faction vault is at $96,760
[2016/2/11 - 15:00:22] Vehicle ID 614 (Slot ID 169) Maintainence fee cost $0 to SFPD's budget fund.
[2016/2/11 - 15:00:22] Vehicle ID 615 (Slot ID 170) Maintainence fee cost $0 to SFPD's budget fund.
[2016/2/11 - 15:00:22] Vehicle ID 616 (Slot ID 171) Maintainence fee cost $0 to SFPD's budget fund.
[2016/2/11 - 15:00:22] Vehicle ID 617 (Slot ID 172) Maintainence fee cost $0 to SFPD's budget fund.
[2016/2/11 - 15:00:22] Vehicle ID 618 (Slot ID 173) Maintainence fee cost $0 to SFPD's budget fund.
[2016/2/11 - 15:00:22] Vehicle ID 619 (Slot ID 174) Maintainence fee cost $0 to SFPD's budget fund.
[2016/2/11 - 15:00:22] Vehicle ID 620 (Slot ID 175) Maintainence fee cost $0 to SFPD's budget fund.
[2016/2/11 - 15:00:22] Vehicle ID 621 (Slot ID 176) Maintainence fee cost $0 to SFPD's budget fund.
[2016/2/11 - 15:00:22] Vehicle ID 622 (Slot ID 177) Maintainence fee cost $0 to SFPD's budget fund.
[2016/2/11 - 15:00:22] Vehicle ID 624 (Slot ID 179) Maintainence fee cost $0 to SFPD's budget fund.
[2016/2/11 - 15:00:22] Vehicle ID 625 (Slot ID 180) Maintainence fee cost $0 to SFPD's budget fund.
[2016/2/11 - 15:00:22] Vehicle ID 626 (Slot ID 181) Maintainence fee cost $0 to SFPD's budget fund.
[2016/2/11 - 15:00:22] Vehicle ID 627 (Slot ID 182) Maintainence fee cost $0 to SFPD's budget fund.
[2016/2/11 - 15:00:22] Vehicle ID 628 (Slot ID 183) Maintainence fee cost $0 to SFPD's budget fund.
[2016/2/11 - 15:00:22] Vehicle ID 629 (Slot ID 184) Maintainence fee cost $0 to SFPD's budget fund.
[2016/2/11 - 15:00:22] Vehicle ID 630 (Slot ID 185) Maintainence fee cost $0 to SFPD's budget fund.
[2016/2/11 - 15:00:22] Vehicle ID 631 (Slot ID 186) Maintainence fee cost $0 to SFPD's budget fund.
[2016/2/11 - 15:00:22] Vehicle ID 632 (Slot ID 187) Maintainence fee cost $0 to SFPD's budget fund.
[2016/2/11 - 15:00:22] Vehicle ID 633 (Slot ID 188) Maintainence fee cost $0 to SFPD's budget fund.
[2016/2/11 - 15:00:22] Vehicle ID 634 (Slot ID 189) Maintainence fee cost $0 to SFPD's budget fund.
[2016/2/11 - 15:00:22] Vehicle ID 635 (Slot ID 190) Maintainence fee cost $0 to SFPD's budget fund.
[2016/2/11 - 15:00:22] Vehicle ID 636 (Slot ID 191) Maintainence fee cost $0 to SFPD's budget fund.
[2016/2/11 - 15:00:22] Vehicle ID 637 (Slot ID 192) Maintainence fee cost $0 to SFPD's budget fund.
[2016/2/11 - 15:15:01] Kanaete Doraemon took a vest out of the SFPD locker at a cost of 1 HG Material.
[2016/2/11 - 15:15:06] Kanaete Doraemon took a Desert Eagle out of the SFPD locker at a cost of 0 HG Materials.
[2016/2/11 - 15:15:09] Kanaete Doraemon took a M4 out of the SFPD locker at a cost of 0 HG Materials.
[2016/2/11 - 15:15:12] Kanaete Doraemon took a Combat Shotgun out of the SFPD locker at a cost of 0 HG Materials.
[2016/2/11 - 15:15:15] Kanaete Doraemon took a Sniper Rifle out of the SFPD locker at a cost of 0 HG Materials.
[2016/2/11 - 15:15:18] Kanaete Doraemon took a MP5 out of the SFPD locker at a cost of 0 HG Materials.
[2016/2/11 - 15:15:22] Kanaete Doraemon took a vest for their car out of the SFPD locker at a cost of 1 HG Material.
[2016/2/11 - 15:31:33] Kanaete Doraemon took a vest out of the SFPD locker at a cost of 1 HG Material.
[2016/2/11 - 15:31:34] Kanaete Doraemon took a Nite Stick out of the SFPD locker at a cost of 0 HG Materials.
[2016/2/11 - 15:31:38] Kanaete Doraemon took a Sniper Rifle out of the SFPD locker at a cost of 0 HG Materials.
[2016/2/11 - 15:31:40] Kanaete Doraemon took a Combat Shotgun out of the SFPD locker at a cost of 0 HG Materials.
[2016/2/11 - 15:31:43] Kanaete Doraemon took a M4 out of the SFPD locker at a cost of 0 HG Materials.
[2016/2/11 - 15:31:46] Kanaete Doraemon took a Desert Eagle out of the SFPD locker at a cost of 0 HG Materials.
[2016/2/11 - 15:31:48] Kanaete Doraemon took a MP5 out of the SFPD locker at a cost of 0 HG Materials.
[2016/2/11 - 15:31:50] Kanaete Doraemon took a Shotgun out of the SFPD locker at a cost of 0 HG Materials.
[2016/2/11 - 15:31:54] Kanaete Doraemon took a vest for their car out of the SFPD locker at a cost of 1 HG Material.
[2016/2/11 - 15:39:56] Kanaete Doraemon took a vest out of the SFPD locker at a cost of 1 HG Material.
[2016/2/11 - 15:39:57] Kanaete Doraemon took a Nite Stick out of the SFPD locker at a cost of 0 HG Materials.
[2016/2/11 - 15:40:02] Kanaete Doraemon took a Combat Shotgun out of the SFPD locker at a cost of 0 HG Materials.
[2016/2/11 - 15:40:04] Kanaete Doraemon took a Sniper Rifle out of the SFPD locker at a cost of 0 HG Materials.
[2016/2/11 - 15:40:07] Kanaete Doraemon took a M4 out of the SFPD locker at a cost of 0 HG Materials.
[2016/2/11 - 15:40:11] Kanaete Doraemon took a Desert Eagle out of the SFPD locker at a cost of 0 HG Materials.
[2016/2/11 - 15:40:14] Kanaete Doraemon took a MP5 out of the SFPD locker at a cost of 0 HG Materials.
[2016/2/11 - 15:40:17] Kanaete Doraemon took a Teargas out of the SFPD locker at a cost of 0 HG Materials.
[2016/2/11 - 16:00:09] The faction vault is at $96,760
[2016/2/11 - 16:00:09] Vehicle ID 614 (Slot ID 169) Maintainence fee cost $0 to SFPD's budget fund.
[2016/2/11 - 16:00:09] Vehicle ID 615 (Slot ID 170) Maintainence fee cost $0 to SFPD's budget fund.
[2016/2/11 - 16:00:09] Vehicle ID 616 (Slot ID 171) Maintainence fee cost $0 to SFPD's budget fund.
[2016/2/11 - 16:00:09] Vehicle ID 617 (Slot ID 172) Maintainence fee cost $0 to SFPD's budget fund.
[2016/2/11 - 16:00:09] Vehicle ID 618 (Slot ID 173) Maintainence fee cost $0 to SFPD's budget fund.
[2016/2/11 - 16:00:09] Vehicle ID 619 (Slot ID 174) Maintainence fee cost $0 to SFPD's budget fund.
[2016/2/11 - 16:00:09] Vehicle ID 620 (Slot ID 175) Maintainence fee cost $0 to SFPD's budget fund.
[2016/2/11 - 16:00:09] Vehicle ID 621 (Slot ID 176) Maintainence fee cost $0 to SFPD's budget fund.
[2016/2/11 - 16:00:09] Vehicle ID 622 (Slot ID 177) Maintainence fee cost $0 to SFPD's budget fund.
[2016/2/11 - 16:00:09] Vehicle ID 624 (Slot ID 179) Maintainence fee cost $0 to SFPD's budget fund.
[2016/2/11 - 16:00:09] Vehicle ID 625 (Slot ID 180) Maintainence fee cost $0 to SFPD's budget fund.
[2016/2/11 - 16:00:09] Vehicle ID 626 (Slot ID 181) Maintainence fee cost $0 to SFPD's budget fund.
[2016/2/11 - 16:00:09] Vehicle ID 627 (Slot ID 182) Maintainence fee cost $0 to SFPD's budget fund.
[2016/2/11 - 16:00:09] Vehicle ID 628 (Slot ID 183) Maintainence fee cost $0 to SFPD's budget fund.
[2016/2/11 - 16:00:09] Vehicle ID 629 (Slot ID 184) Maintainence fee cost $0 to SFPD's budget fund.
[2016/2/11 - 16:00:09] Vehicle ID 630 (Slot ID 185) Maintainence fee cost $0 to SFPD's budget fund.
[2016/2/11 - 16:00:09] Vehicle ID 631 (Slot ID 186) Maintainence fee cost $0 to SFPD's budget fund.
[2016/2/11 - 16:00:09] Vehicle ID 632 (Slot ID 187) Maintainence fee cost $0 to SFPD's budget fund.
[2016/2/11 - 16:00:09] Vehicle ID 633 (Slot ID 188) Maintainence fee cost $0 to SFPD's budget fund.
[2016/2/11 - 16:00:09] Vehicle ID 634 (Slot ID 189) Maintainence fee cost $0 to SFPD's budget fund.
[2016/2/11 - 16:00:09] Vehicle ID 635 (Slot ID 190) Maintainence fee cost $0 to SFPD's budget fund.
[2016/2/11 - 16:00:09] Vehicle ID 636 (Slot ID 191) Maintainence fee cost $0 to SFPD's budget fund.
[2016/2/11 - 16:00:09] Vehicle ID 637 (Slot ID 192) Maintainence fee cost $0 to SFPD's budget fund.
[2016/2/11 - 17:00:14] The faction vault is at $96,760
[2016/2/11 - 17:00:15] Vehicle ID 614 (Slot ID 169) Maintainence fee cost $0 to SFPD's budget fund.
[2016/2/11 - 17:00:15] Vehicle ID 615 (Slot ID 170) Maintainence fee cost $0 to SFPD's budget fund.
[2016/2/11 - 17:00:15] Vehicle ID 616 (Slot ID 171) Maintainence fee cost $0 to SFPD's budget fund.
[2016/2/11 - 17:00:15] Vehicle ID 617 (Slot ID 172) Maintainence fee cost $0 to SFPD's budget fund.
[2016/2/11 - 17:00:15] Vehicle ID 618 (Slot ID 173) Maintainence fee cost $0 to SFPD's budget fund.
[2016/2/11 - 17:00:15] Vehicle ID 619 (Slot ID 174) Maintainence fee cost $0 to SFPD's budget fund.
[2016/2/11 - 17:00:15] Vehicle ID 620 (Slot ID 175) Maintainence fee cost $0 to SFPD's budget fund.
[2016/2/11 - 17:00:15] Vehicle ID 621 (Slot ID 176) Maintainence fee cost $0 to SFPD's budget fund.
[2016/2/11 - 17:00:15] Vehicle ID 622 (Slot ID 177) Maintainence fee cost $0 to SFPD's budget fund.
[2016/2/11 - 17:00:15] Vehicle ID 624 (Slot ID 179) Maintainence fee cost $0 to SFPD's budget fund.
[2016/2/11 - 17:00:15] Vehicle ID 625 (Slot ID 180) Maintainence fee cost $0 to SFPD's budget fund.
[2016/2/11 - 17:00:15] Vehicle ID 626 (Slot ID 181) Maintainence fee cost $0 to SFPD's budget fund.
[2016/2/11 - 17:00:15] Vehicle ID 627 (Slot ID 182) Maintainence fee cost $0 to SFPD's budget fund.
[2016/2/11 - 17:00:15] Vehicle ID 628 (Slot ID 183) Maintainence fee cost $0 to SFPD's budget fund.
[2016/2/11 - 17:00:15] Vehicle ID 629 (Slot ID 184) Maintainence fee cost $0 to SFPD's budget fund.
[2016/2/11 - 17:00:15] Vehicle ID 630 (Slot ID 185) Maintainence fee cost $0 to SFPD's budget fund.
[2016/2/11 - 17:00:15] Vehicle ID 631 (Slot ID 186) Maintainence fee cost $0 to SFPD's budget fund.
[2016/2/11 - 17:00:15] Vehicle ID 632 (Slot ID 187) Maintainence fee cost $0 to SFPD's budget fund.
[2016/2/11 - 17:00:15] Vehicle ID 633 (Slot ID 188) Maintainence fee cost $0 to SFPD's budget fund.
[2016/2/11 - 17:00:15] Vehicle ID 634 (Slot ID 189) Maintainence fee cost $0 to SFPD's budget fund.
[2016/2/11 - 17:00:15] Vehicle ID 635 (Slot ID 190) Maintainence fee cost $0 to SFPD's budget fund.
[2016/2/11 - 17:00:15] Vehicle ID 636 (Slot ID 191) Maintainence fee cost $0 to SFPD's budget fund.
[2016/2/11 - 17:00:15] Vehicle ID 637 (Slot ID 192) Maintainence fee cost $0 to SFPD's budget fund.
[2016/2/11 - 17:08:37] Kanaete Doraemon took a vest out of the SFPD locker at a cost of 1 HG Material.
[2016/2/11 - 17:08:39] Anh Khoa took a Shotgun out of the SFPD locker at a cost of 0 HG Materials.
[2016/2/11 - 17:08:40] Kanaete Doraemon took a Nite Stick out of the SFPD locker at a cost of 0 HG Materials.
[2016/2/11 - 17:08:42] Anh Khoa took a Combat Shotgun out of the SFPD locker at a cost of 0 HG Materials.
[2016/2/11 - 17:08:46] Kanaete Doraemon took a Combat Shotgun out of the SFPD locker at a cost of 0 HG Materials.
[2016/2/11 - 17:08:47] Anh Khoa took a M4 out of the SFPD locker at a cost of 0 HG Materials.
[2016/2/11 - 17:08:48] Kanaete Doraemon took a Sniper Rifle out of the SFPD locker at a cost of 0 HG Materials.
[2016/2/11 - 17:08:50] Anh Khoa took a Sniper Rifle out of the SFPD locker at a cost of 0 HG Materials.
[2016/2/11 - 17:08:52] Kanaete Doraemon took a M4 out of the SFPD locker at a cost of 0 HG Materials.
[2016/2/11 - 17:08:55] Anh Khoa took a vest out of the SFPD locker at a cost of 1 HG Material.
[2016/2/11 - 17:09:00] Anh Khoa took a vest for their car out of the SFPD locker at a cost of 1 HG Material.
[2016/2/11 - 17:09:42] Kanaete Doraemon took a MP5 out of the SFPD locker at a cost of 0 HG Materials.
[2016/2/11 - 17:10:16] Kanaete Doraemon took a vest out of the SFPD locker at a cost of 1 HG Material.
[2016/2/11 - 17:10:19] Kanaete Doraemon took a Nite Stick out of the SFPD locker at a cost of 0 HG Materials.
[2016/2/11 - 17:10:27] Kanaete Doraemon took a Parachute out of the SFPD locker at a cost of 0 HG Materials.
[2016/2/11 - 17:10:27] Anh Khoa took a vest out of the SFPD locker at a cost of 1 HG Material.
[2016/2/11 - 18:00:32] The faction vault is at $96,760
[2016/2/11 - 18:00:32] Vehicle ID 614 (Slot ID 169) Maintainence fee cost $0 to SFPD's budget fund.
[2016/2/11 - 18:00:32] Vehicle ID 615 (Slot ID 170) Maintainence fee cost $0 to SFPD's budget fund.
[2016/2/11 - 18:00:32] Vehicle ID 616 (Slot ID 171) Maintainence fee cost $0 to SFPD's budget fund.
[2016/2/11 - 18:00:32] Vehicle ID 617 (Slot ID 172) Maintainence fee cost $0 to SFPD's budget fund.
[2016/2/11 - 18:00:32] Vehicle ID 618 (Slot ID 173) Maintainence fee cost $0 to SFPD's budget fund.
[2016/2/11 - 18:00:32] Vehicle ID 619 (Slot ID 174) Maintainence fee cost $0 to SFPD's budget fund.
[2016/2/11 - 18:00:32] Vehicle ID 620 (Slot ID 175) Maintainence fee cost $0 to SFPD's budget fund.
[2016/2/11 - 18:00:32] Vehicle ID 621 (Slot ID 176) Maintainence fee cost $0 to SFPD's budget fund.
[2016/2/11 - 18:00:32] Vehicle ID 622 (Slot ID 177) Maintainence fee cost $0 to SFPD's budget fund.
[2016/2/11 - 18:00:32] Vehicle ID 624 (Slot ID 179) Maintainence fee cost $0 to SFPD's budget fund.
[2016/2/11 - 18:00:32] Vehicle ID 625 (Slot ID 180) Maintainence fee cost $0 to SFPD's budget fund.
[2016/2/11 - 18:00:32] Vehicle ID 626 (Slot ID 181) Maintainence fee cost $0 to SFPD's budget fund.
[2016/2/11 - 18:00:32] Vehicle ID 627 (Slot ID 182) Maintainence fee cost $0 to SFPD's budget fund.
[2016/2/11 - 18:00:32] Vehicle ID 628 (Slot ID 183) Maintainence fee cost $0 to SFPD's budget fund.
[2016/2/11 - 18:00:32] Vehicle ID 629 (Slot ID 184) Maintainence fee cost $0 to SFPD's budget fund.
[2016/2/11 - 18:00:32] Vehicle ID 630 (Slot ID 185) Maintainence fee cost $0 to SFPD's budget fund.
[2016/2/11 - 18:00:32] Vehicle ID 631 (Slot ID 186) Maintainence fee cost $0 to SFPD's budget fund.
[2016/2/11 - 18:00:32] Vehicle ID 632 (Slot ID 187) Maintainence fee cost $0 to SFPD's budget fund.
[2016/2/11 - 18:00:32] Vehicle ID 633 (Slot ID 188) Maintainence fee cost $0 to SFPD's budget fund.
[2016/2/11 - 18:00:32] Vehicle ID 634 (Slot ID 189) Maintainence fee cost $0 to SFPD's budget fund.
[2016/2/11 - 18:00:32] Vehicle ID 635 (Slot ID 190) Maintainence fee cost $0 to SFPD's budget fund.
[2016/2/11 - 18:00:32] Vehicle ID 636 (Slot ID 191) Maintainence fee cost $0 to SFPD's budget fund.
[2016/2/11 - 18:00:32] Vehicle ID 637 (Slot ID 192) Maintainence fee cost $0 to SFPD's budget fund.
[2016/2/11 - 18:56:07] Anh Khoa took a Desert Eagle out of the SFPD locker at a cost of 0 HG Materials.
[2016/2/11 - 18:56:11] Anh Khoa took a Sniper Rifle out of the SFPD locker at a cost of 0 HG Materials.
[2016/2/11 - 18:56:14] Anh Khoa took a Combat Shotgun out of the SFPD locker at a cost of 0 HG Materials.
[2016/2/11 - 18:56:17] Anh Khoa took a M4 out of the SFPD locker at a cost of 0 HG Materials.
[2016/2/11 - 18:56:21] Anh Khoa took a vest out of the SFPD locker at a cost of 1 HG Material.
[2016/2/11 - 18:56:23] Anh Khoa took a vest for their car out of the SFPD locker at a cost of 1 HG Material.
[2016/2/11 - 19:00:03] The faction vault is at $96,760
[2016/2/11 - 19:00:03] Vehicle ID 614 (Slot ID 169) Maintainence fee cost $0 to SFPD's budget fund.
[2016/2/11 - 19:00:03] Vehicle ID 615 (Slot ID 170) Maintainence fee cost $0 to SFPD's budget fund.
[2016/2/11 - 19:00:03] Vehicle ID 616 (Slot ID 171) Maintainence fee cost $0 to SFPD's budget fund.
[2016/2/11 - 19:00:03] Vehicle ID 617 (Slot ID 172) Maintainence fee cost $0 to SFPD's budget fund.
[2016/2/11 - 19:00:03] Vehicle ID 618 (Slot ID 173) Maintainence fee cost $0 to SFPD's budget fund.
[2016/2/11 - 19:00:03] Vehicle ID 619 (Slot ID 174) Maintainence fee cost $0 to SFPD's budget fund.
[2016/2/11 - 19:00:03] Vehicle ID 620 (Slot ID 175) Maintainence fee cost $0 to SFPD's budget fund.
[2016/2/11 - 19:00:03] Vehicle ID 621 (Slot ID 176) Maintainence fee cost $0 to SFPD's budget fund.
[2016/2/11 - 19:00:03] Vehicle ID 622 (Slot ID 177) Maintainence fee cost $0 to SFPD's budget fund.
[2016/2/11 - 19:00:03] Vehicle ID 624 (Slot ID 179) Maintainence fee cost $0 to SFPD's budget fund.
[2016/2/11 - 19:00:03] Vehicle ID 625 (Slot ID 180) Maintainence fee cost $0 to SFPD's budget fund.
[2016/2/11 - 19:00:03] Vehicle ID 626 (Slot ID 181) Maintainence fee cost $0 to SFPD's budget fund.
[2016/2/11 - 19:00:03] Vehicle ID 627 (Slot ID 182) Maintainence fee cost $0 to SFPD's budget fund.
[2016/2/11 - 19:00:03] Vehicle ID 628 (Slot ID 183) Maintainence fee cost $0 to SFPD's budget fund.
[2016/2/11 - 19:00:03] Vehicle ID 629 (Slot ID 184) Maintainence fee cost $0 to SFPD's budget fund.
[2016/2/11 - 19:00:03] Vehicle ID 630 (Slot ID 185) Maintainence fee cost $0 to SFPD's budget fund.
[2016/2/11 - 19:00:03] Vehicle ID 631 (Slot ID 186) Maintainence fee cost $0 to SFPD's budget fund.
[2016/2/11 - 19:00:03] Vehicle ID 632 (Slot ID 187) Maintainence fee cost $0 to SFPD's budget fund.
[2016/2/11 - 19:00:03] Vehicle ID 633 (Slot ID 188) Maintainence fee cost $0 to SFPD's budget fund.
[2016/2/11 - 19:00:03] Vehicle ID 634 (Slot ID 189) Maintainence fee cost $0 to SFPD's budget fund.
[2016/2/11 - 19:00:03] Vehicle ID 635 (Slot ID 190) Maintainence fee cost $0 to SFPD's budget fund.
[2016/2/11 - 19:00:03] Vehicle ID 636 (Slot ID 191) Maintainence fee cost $0 to SFPD's budget fund.
[2016/2/11 - 19:00:03] Vehicle ID 637 (Slot ID 192) Maintainence fee cost $0 to SFPD's budget fund.
[2016/2/11 - 20:00:53] The faction vault is at $96,760
[2016/2/11 - 20:00:53] Vehicle ID 614 (Slot ID 169) Maintainence fee cost $0 to SFPD's budget fund.
[2016/2/11 - 20:00:53] Vehicle ID 615 (Slot ID 170) Maintainence fee cost $0 to SFPD's budget fund.
[2016/2/11 - 20:00:53] Vehicle ID 616 (Slot ID 171) Maintainence fee cost $0 to SFPD's budget fund.
[2016/2/11 - 20:00:53] Vehicle ID 617 (Slot ID 172) Maintainence fee cost $0 to SFPD's budget fund.
[2016/2/11 - 20:00:53] Vehicle ID 618 (Slot ID 173) Maintainence fee cost $0 to SFPD's budget fund.
[2016/2/11 - 20:00:53] Vehicle ID 619 (Slot ID 174) Maintainence fee cost $0 to SFPD's budget fund.
[2016/2/11 - 20:00:53] Vehicle ID 620 (Slot ID 175) Maintainence fee cost $0 to SFPD's budget fund.
[2016/2/11 - 20:00:53] Vehicle ID 621 (Slot ID 176) Maintainence fee cost $0 to SFPD's budget fund.
[2016/2/11 - 20:00:53] Vehicle ID 622 (Slot ID 177) Maintainence fee cost $0 to SFPD's budget fund.
[2016/2/11 - 20:00:53] Vehicle ID 624 (Slot ID 179) Maintainence fee cost $0 to SFPD's budget fund.
[2016/2/11 - 20:00:53] Vehicle ID 625 (Slot ID 180) Maintainence fee cost $0 to SFPD's budget fund.
[2016/2/11 - 20:00:53] Vehicle ID 626 (Slot ID 181) Maintainence fee cost $0 to SFPD's budget fund.
[2016/2/11 - 20:00:53] Vehicle ID 627 (Slot ID 182) Maintainence fee cost $0 to SFPD's budget fund.
[2016/2/11 - 20:00:53] Vehicle ID 628 (Slot ID 183) Maintainence fee cost $0 to SFPD's budget fund.
[2016/2/11 - 20:00:53] Vehicle ID 629 (Slot ID 184) Maintainence fee cost $0 to SFPD's budget fund.
[2016/2/11 - 20:00:53] Vehicle ID 630 (Slot ID 185) Maintainence fee cost $0 to SFPD's budget fund.
[2016/2/11 - 20:00:53] Vehicle ID 631 (Slot ID 186) Maintainence fee cost $0 to SFPD's budget fund.
[2016/2/11 - 20:00:53] Vehicle ID 632 (Slot ID 187) Maintainence fee cost $0 to SFPD's budget fund.
[2016/2/11 - 20:00:53] Vehicle ID 633 (Slot ID 188) Maintainence fee cost $0 to SFPD's budget fund.
[2016/2/11 - 20:00:53] Vehicle ID 634 (Slot ID 189) Maintainence fee cost $0 to SFPD's budget fund.
[2016/2/11 - 20:00:53] Vehicle ID 635 (Slot ID 190) Maintainence fee cost $0 to SFPD's budget fund.
[2016/2/11 - 20:00:53] Vehicle ID 636 (Slot ID 191) Maintainence fee cost $0 to SFPD's budget fund.
[2016/2/11 - 20:00:53] Vehicle ID 637 (Slot ID 192) Maintainence fee cost $0 to SFPD's budget fund.
