[2016/2/2 - 0:00:37] The faction vault is at $3,334
[2016/2/2 - 1:00:56] The faction vault is at $3,334
[2016/2/2 - 2:00:48] The faction vault is at $3,334
[2016/2/2 - 3:00:20] The faction vault is at $3,334
[2016/2/2 - 4:01:04] The faction vault is at $3,334
[2016/2/2 - 5:00:25] The faction vault is at $3,334
[2016/2/2 - 6:00:49] The faction vault is at $3,334
[2016/2/2 - 7:00:22] The faction vault is at $3,334
[2016/2/2 - 8:01:00] The faction vault is at $3,334
[2016/2/2 - 8:04:34] Lil Jack took a vest out of the SFPD locker at a cost of 1 HG Material.
[2016/2/2 - 8:04:40] Lil Jack took a Combat Shotgun out of the SFPD locker at a cost of 0 HG Materials.
[2016/2/2 - 8:04:42] Lil Jack took a M4 out of the SFPD locker at a cost of 0 HG Materials.
[2016/2/2 - 8:04:46] Lil Jack took a Desert Eagle out of the SFPD locker at a cost of 0 HG Materials.
[2016/2/2 - 8:06:53] Lil Jack took a vest out of the SFPD locker at a cost of 1 HG Material.
[2016/2/2 - 8:06:58] Lil Jack took a vest for their car out of the SFPD locker at a cost of 1 HG Material.
[2016/2/2 - 8:06:59] Lil Jack took a vest out of the SFPD locker at a cost of 1 HG Material.
[2016/2/2 - 8:10:47] TamHoang Lam took a vest out of the SFPD locker at a cost of 1 HG Material.
[2016/2/2 - 8:10:49] TamHoang Lam took a vest for their car out of the SFPD locker at a cost of 1 HG Material.
[2016/2/2 - 8:10:55] TamHoang Lam took a Desert Eagle out of the SFPD locker at a cost of 0 HG Materials.
[2016/2/2 - 8:10:59] TamHoang Lam took a M4 out of the SFPD locker at a cost of 0 HG Materials.
[2016/2/2 - 8:11:02] TamHoang Lam took a Combat Shotgun out of the SFPD locker at a cost of 0 HG Materials.
[2016/2/2 - 8:11:05] TamHoang Lam took a Sniper Rifle out of the SFPD locker at a cost of 0 HG Materials.
[2016/2/2 - 8:11:20] TamHoang Hai took a vest out of the SFPD locker at a cost of 1 HG Material.
[2016/2/2 - 8:13:42] Exciter Jakie took a Desert Eagle out of the SFPD locker at a cost of 0 HG Materials.
[2016/2/2 - 8:13:45] Exciter Jakie took a Sniper Rifle out of the SFPD locker at a cost of 0 HG Materials.
[2016/2/2 - 8:13:48] Exciter Jakie took a M4 out of the SFPD locker at a cost of 0 HG Materials.
[2016/2/2 - 8:13:50] Vinh Thai took a vest out of the SFPD locker at a cost of 1 HG Material.
[2016/2/2 - 8:13:52] Exciter Jakie took a Combat Shotgun out of the SFPD locker at a cost of 0 HG Materials.
[2016/2/2 - 8:22:25] Lil Jack took a vest out of the SFPD locker at a cost of 1 HG Material.
[2016/2/2 - 8:22:32] Lil Jack took a MP5 out of the SFPD locker at a cost of 0 HG Materials.
[2016/2/2 - 8:22:35] Lil Jack took a Desert Eagle out of the SFPD locker at a cost of 0 HG Materials.
[2016/2/2 - 8:22:38] Lil Jack took a M4 out of the SFPD locker at a cost of 0 HG Materials.
[2016/2/2 - 8:22:41] Lil Jack took a Combat Shotgun out of the SFPD locker at a cost of 0 HG Materials.
[2016/2/2 - 8:22:46] Lil Jack took a vest out of the SFPD locker at a cost of 1 HG Material.
[2016/2/2 - 8:22:48] Lil Jack took a vest for their car out of the SFPD locker at a cost of 1 HG Material.
[2016/2/2 - 8:30:15] Exciter Ty took a Shotgun out of the SFPD locker at a cost of 0 HG Materials.
[2016/2/2 - 8:30:24] Exciter Ty took a Desert Eagle out of the SFPD locker at a cost of 0 HG Materials.
[2016/2/2 - 8:30:28] Exciter Ty took a Combat Shotgun out of the SFPD locker at a cost of 0 HG Materials.
[2016/2/2 - 8:30:32] Exciter Ty took a MP5 out of the SFPD locker at a cost of 0 HG Materials.
[2016/2/2 - 8:31:33] Exciter Ty took a vest out of the SFPD locker at a cost of 1 HG Material.
[2016/2/2 - 8:36:12] Exciter Ty took a vest out of the SFPD locker at a cost of 1 HG Material.
[2016/2/2 - 8:36:17] Exciter Ty took a M4 out of the SFPD locker at a cost of 0 HG Materials.
[2016/2/2 - 8:36:21] Exciter Ty took a Sniper Rifle out of the SFPD locker at a cost of 0 HG Materials.
[2016/2/2 - 8:36:26] Exciter Ty took a Combat Shotgun out of the SFPD locker at a cost of 0 HG Materials.
[2016/2/2 - 8:36:29] Exciter Ty took a Parachute out of the SFPD locker at a cost of 0 HG Materials.
[2016/2/2 - 8:38:11] TamHoang Lam took a vest out of the SFPD locker at a cost of 1 HG Material.
[2016/2/2 - 8:38:15] TamHoang Lam took a vest for their car out of the SFPD locker at a cost of 1 HG Material.
[2016/2/2 - 8:38:20] TamHoang Lam took a Desert Eagle out of the SFPD locker at a cost of 0 HG Materials.
[2016/2/2 - 8:38:23] TamHoang Lam took a M4 out of the SFPD locker at a cost of 0 HG Materials.
[2016/2/2 - 8:38:27] TamHoang Lam took a Combat Shotgun out of the SFPD locker at a cost of 0 HG Materials.
[2016/2/2 - 8:38:30] TamHoang Lam took a Sniper Rifle out of the SFPD locker at a cost of 0 HG Materials.
[2016/2/2 - 8:44:21] Nathan Erwin has been arrested by Exciter Ty and fined $10000. $3333 has been sent to SFPD's budget fund.
[2016/2/2 - 8:53:06] Exciter Ty took a vest out of the SFPD locker at a cost of 1 HG Material.
[2016/2/2 - 8:53:11] Exciter Ty took a Sniper Rifle out of the SFPD locker at a cost of 0 HG Materials.
[2016/2/2 - 8:53:15] Exciter Ty took a M4 out of the SFPD locker at a cost of 0 HG Materials.
[2016/2/2 - 8:53:19] Exciter Ty took a Combat Shotgun out of the SFPD locker at a cost of 0 HG Materials.
[2016/2/2 - 9:00:41] The faction vault is at $6,667
[2016/2/2 - 9:18:54] TamHoang Lam took a vest out of the SFPD locker at a cost of 1 HG Material.
[2016/2/2 - 9:18:58] TamHoang Lam took a vest for their car out of the SFPD locker at a cost of 1 HG Material.
[2016/2/2 - 9:19:01] TamHoang Lam took a Desert Eagle out of the SFPD locker at a cost of 0 HG Materials.
[2016/2/2 - 9:19:04] TamHoang Lam took a M4 out of the SFPD locker at a cost of 0 HG Materials.
[2016/2/2 - 9:19:07] TamHoang Lam took a Combat Shotgun out of the SFPD locker at a cost of 0 HG Materials.
[2016/2/2 - 9:19:10] TamHoang Lam took a Sniper Rifle out of the SFPD locker at a cost of 0 HG Materials.
[2016/2/2 - 9:20:59] Vila Anonymous took a vest out of the SFPD locker at a cost of 1 HG Material.
[2016/2/2 - 9:21:03] Vila Anonymous took a M4 out of the SFPD locker at a cost of 0 HG Materials.
[2016/2/2 - 9:21:06] Vila Anonymous took a Combat Shotgun out of the SFPD locker at a cost of 0 HG Materials.
[2016/2/2 - 9:21:09] Vila Anonymous took a Sniper Rifle out of the SFPD locker at a cost of 0 HG Materials.
[2016/2/2 - 9:21:19] Vila Anonymous took a Nite Stick out of the SFPD locker at a cost of 0 HG Materials.
[2016/2/2 - 9:21:28] Vila Anonymous took a vest out of the SFPD locker at a cost of 1 HG Material.
[2016/2/2 - 9:21:30] Vila Anonymous took a vest for their car out of the SFPD locker at a cost of 1 HG Material.
[2016/2/2 - 9:34:33] Be Vy took a vest for their car out of the SFPD locker at a cost of 1 HG Material.
[2016/2/2 - 9:34:35] Be Vy took a vest out of the SFPD locker at a cost of 1 HG Material.
[2016/2/2 - 9:49:05] Nguyen Bon took a vest out of the SFPD locker at a cost of 1 HG Material.
[2016/2/2 - 9:49:19] Nguyen Bon took a Combat Shotgun out of the SFPD locker at a cost of 0 HG Materials.
[2016/2/2 - 9:49:22] Nguyen Bon took a Spray Can out of the SFPD locker at a cost of 0 HG Materials.
[2016/2/2 - 9:49:29] Nguyen Bon took a M4 out of the SFPD locker at a cost of 0 HG Materials.
[2016/2/2 - 9:52:56] Nguyen Bon took a vest out of the SFPD locker at a cost of 1 HG Material.
[2016/2/2 - 9:53:00] Nguyen Bon took a Combat Shotgun out of the SFPD locker at a cost of 0 HG Materials.
[2016/2/2 - 9:53:12] Nguyen Bon took a M4 out of the SFPD locker at a cost of 0 HG Materials.
[2016/2/2 - 9:53:15] Nguyen Bon took a Desert Eagle out of the SFPD locker at a cost of 0 HG Materials.
[2016/2/2 - 10:00:38] The faction vault is at $6,667
[2016/2/2 - 10:03:14] Vila took a vest out of the SFPD locker at a cost of 1 HG Material.
[2016/2/2 - 10:03:19] Vila took a Desert Eagle out of the SFPD locker at a cost of 0 HG Materials.
[2016/2/2 - 10:03:21] Vila took a Nite Stick out of the SFPD locker at a cost of 0 HG Materials.
[2016/2/2 - 10:03:23] Vila took a Desert Eagle out of the SFPD locker at a cost of 0 HG Materials.
[2016/2/2 - 10:03:25] Vila took a M4 out of the SFPD locker at a cost of 0 HG Materials.
[2016/2/2 - 10:03:27] Vila took a Combat Shotgun out of the SFPD locker at a cost of 0 HG Materials.
[2016/2/2 - 10:03:29] Vila took a Sniper Rifle out of the SFPD locker at a cost of 0 HG Materials.
[2016/2/2 - 10:03:33] Vila took a vest for their car out of the SFPD locker at a cost of 1 HG Material.
[2016/2/2 - 10:56:38] Nguyen Bon took a vest out of the SFPD locker at a cost of 1 HG Material.
[2016/2/2 - 10:56:46] Nguyen Bon took a Combat Shotgun out of the SFPD locker at a cost of 0 HG Materials.
[2016/2/2 - 10:56:59] Nguyen Bon took a Parachute out of the SFPD locker at a cost of 0 HG Materials.
[2016/2/2 - 10:58:53] TamHoang Lam took a vest out of the SFPD locker at a cost of 1 HG Material.
[2016/2/2 - 10:58:54] TamHoang Lam took a vest out of the SFPD locker at a cost of 1 HG Material.
[2016/2/2 - 10:58:56] TamHoang Lam took a vest for their car out of the SFPD locker at a cost of 1 HG Material.
[2016/2/2 - 11:00:35] The faction vault is at $6,667
[2016/2/2 - 11:00:35] Vehicle ID 464 (Slot ID 0) Maintainence fee cost $0 to SFPD's budget fund.
[2016/2/2 - 11:03:18] TuanTai Pirates took a vest out of the SFPD locker at a cost of 1 HG Material.
[2016/2/2 - 11:03:19] Bro Gold took a vest out of the SFPD locker at a cost of 1 HG Material.
[2016/2/2 - 11:03:21] TuanTai Pirates took a Desert Eagle out of the SFPD locker at a cost of 0 HG Materials.
[2016/2/2 - 11:03:23] Bro Gold took a Nite Stick out of the SFPD locker at a cost of 0 HG Materials.
[2016/2/2 - 11:03:24] TuanTai Pirates took a Sniper Rifle out of the SFPD locker at a cost of 0 HG Materials.
[2016/2/2 - 11:03:24] Bro Gold took a Spray Can out of the SFPD locker at a cost of 0 HG Materials.
[2016/2/2 - 11:03:26] Bro Gold took a Teargas out of the SFPD locker at a cost of 0 HG Materials.
[2016/2/2 - 11:03:26] TuanTai Pirates took a Combat Shotgun out of the SFPD locker at a cost of 0 HG Materials.
[2016/2/2 - 11:03:28] Bro Gold took a Desert Eagle out of the SFPD locker at a cost of 0 HG Materials.
[2016/2/2 - 11:03:30] Bro Gold took a M4 out of the SFPD locker at a cost of 0 HG Materials.
[2016/2/2 - 11:03:32] TuanTai Pirates took a M4 out of the SFPD locker at a cost of 0 HG Materials.
[2016/2/2 - 11:03:32] Bro Gold took a Combat Shotgun out of the SFPD locker at a cost of 0 HG Materials.
[2016/2/2 - 11:03:33] TuanTai Pirates took a vest for their car out of the SFPD locker at a cost of 1 HG Material.
[2016/2/2 - 11:03:34] Bro Gold took a Sniper Rifle out of the SFPD locker at a cost of 0 HG Materials.
[2016/2/2 - 11:03:40] Bro Gold took a vest out of the SFPD locker at a cost of 1 HG Material.
[2016/2/2 - 11:03:43] Bro Gold took a vest for their car out of the SFPD locker at a cost of 1 HG Material.
[2016/2/2 - 11:04:59] TamHoang Lam took a vest out of the SFPD locker at a cost of 1 HG Material.
[2016/2/2 - 11:05:08] TamHoang Lam took a Desert Eagle out of the SFPD locker at a cost of 0 HG Materials.
[2016/2/2 - 11:05:12] TamHoang Lam took a M4 out of the SFPD locker at a cost of 0 HG Materials.
[2016/2/2 - 11:05:14] TamHoang Lam took a Combat Shotgun out of the SFPD locker at a cost of 0 HG Materials.
[2016/2/2 - 11:05:17] TamHoang Lam took a Sniper Rifle out of the SFPD locker at a cost of 0 HG Materials.
[2016/2/2 - 11:10:01] Nguyen Bon took a vest out of the SFPD locker at a cost of 1 HG Material.
[2016/2/2 - 11:10:07] Nguyen Bon took a Teargas out of the SFPD locker at a cost of 0 HG Materials.
[2016/2/2 - 11:10:16] Nguyen Bon took a Nite Stick out of the SFPD locker at a cost of 0 HG Materials.
[2016/2/2 - 11:10:19] Nguyen Bon took a Spray Can out of the SFPD locker at a cost of 0 HG Materials.
[2016/2/2 - 11:10:21] Nguyen Bon took a Teargas out of the SFPD locker at a cost of 0 HG Materials.
[2016/2/2 - 11:10:24] Nguyen Bon took a Parachute out of the SFPD locker at a cost of 0 HG Materials.
[2016/2/2 - 11:10:26] Nguyen Bon took a Shotgun out of the SFPD locker at a cost of 0 HG Materials.
[2016/2/2 - 11:10:36] Nguyen Bon took a vest out of the SFPD locker at a cost of 1 HG Material.
[2016/2/2 - 11:10:41] Nguyen Bon took a Shotgun out of the SFPD locker at a cost of 0 HG Materials.
[2016/2/2 - 11:10:44] Nguyen Bon took a MP5 out of the SFPD locker at a cost of 0 HG Materials.
[2016/2/2 - 11:10:46] Nguyen Bon took a Desert Eagle out of the SFPD locker at a cost of 0 HG Materials.
[2016/2/2 - 11:10:49] Nguyen Bon took a M4 out of the SFPD locker at a cost of 0 HG Materials.
[2016/2/2 - 11:10:53] Nguyen Bon took a Combat Shotgun out of the SFPD locker at a cost of 0 HG Materials.
[2016/2/2 - 11:10:57] Nguyen Bon took a Sniper Rifle out of the SFPD locker at a cost of 0 HG Materials.
[2016/2/2 - 11:15:35] Charlie Puth has been arrested by Bro Gold and fined $10000. $3333 has been sent to SFPD's budget fund.
[2016/2/2 - 11:30:49] Bro Gold took a Nite Stick out of the SFPD locker at a cost of 0 HG Materials.
[2016/2/2 - 11:30:50] Bro Gold took a Spray Can out of the SFPD locker at a cost of 0 HG Materials.
[2016/2/2 - 11:30:51] Bro Gold took a Teargas out of the SFPD locker at a cost of 0 HG Materials.
[2016/2/2 - 11:30:53] Bro Gold took a MP5 out of the SFPD locker at a cost of 0 HG Materials.
[2016/2/2 - 11:30:55] Bro Gold took a Desert Eagle out of the SFPD locker at a cost of 0 HG Materials.
[2016/2/2 - 11:30:57] Bro Gold took a M4 out of the SFPD locker at a cost of 0 HG Materials.
[2016/2/2 - 11:30:59] Bro Gold took a Combat Shotgun out of the SFPD locker at a cost of 0 HG Materials.
[2016/2/2 - 11:31:01] Bro Gold took a Sniper Rifle out of the SFPD locker at a cost of 0 HG Materials.
[2016/2/2 - 11:31:09] Bro Gold took a vest for their car out of the SFPD locker at a cost of 1 HG Material.
[2016/2/2 - 11:34:01] Bro Gold took a vest out of the SFPD locker at a cost of 1 HG Material.
[2016/2/2 - 11:34:02] Bro Gold took a Nite Stick out of the SFPD locker at a cost of 0 HG Materials.
[2016/2/2 - 11:34:04] Bro Gold took a Spray Can out of the SFPD locker at a cost of 0 HG Materials.
[2016/2/2 - 11:34:06] Bro Gold took a Desert Eagle out of the SFPD locker at a cost of 0 HG Materials.
[2016/2/2 - 11:34:08] Bro Gold took a M4 out of the SFPD locker at a cost of 0 HG Materials.
[2016/2/2 - 11:34:11] Bro Gold took a Combat Shotgun out of the SFPD locker at a cost of 0 HG Materials.
[2016/2/2 - 11:34:13] Bro Gold took a Sniper Rifle out of the SFPD locker at a cost of 0 HG Materials.
[2016/2/2 - 11:34:19] Bro Gold took a vest out of the SFPD locker at a cost of 1 HG Material.
[2016/2/2 - 11:34:45] TamHoang Lam took a vest out of the SFPD locker at a cost of 1 HG Material.
[2016/2/2 - 11:34:50] TamHoang Lam took a Desert Eagle out of the SFPD locker at a cost of 0 HG Materials.
[2016/2/2 - 11:34:53] TamHoang Lam took a M4 out of the SFPD locker at a cost of 0 HG Materials.
[2016/2/2 - 11:34:55] TamHoang Lam took a Combat Shotgun out of the SFPD locker at a cost of 0 HG Materials.
[2016/2/2 - 11:34:59] TamHoang Lam took a Sniper Rifle out of the SFPD locker at a cost of 0 HG Materials.
[2016/2/2 - 11:40:24] Bro Gold took a vest out of the SFPD locker at a cost of 1 HG Material.
[2016/2/2 - 11:40:35] TamHoang Lam took a vest out of the SFPD locker at a cost of 1 HG Material.
[2016/2/2 - 11:40:53] Ray Star took a vest out of the SFPD locker at a cost of 1 HG Material.
[2016/2/2 - 11:41:00] TuanTai Pirates took a vest out of the SFPD locker at a cost of 1 HG Material.
[2016/2/2 - 11:41:40] Ray Star took a Sniper Rifle out of the SFPD locker at a cost of 0 HG Materials.
[2016/2/2 - 11:41:43] Ray Star took a M4 out of the SFPD locker at a cost of 0 HG Materials.
[2016/2/2 - 11:41:46] Ray Star took a Combat Shotgun out of the SFPD locker at a cost of 0 HG Materials.
[2016/2/2 - 11:41:49] Ray Star took a Desert Eagle out of the SFPD locker at a cost of 0 HG Materials.
[2016/2/2 - 11:43:59] Bay Stone took a vest out of the SFPD locker at a cost of 1 HG Material.
[2016/2/2 - 11:44:03] Bay Stone took a Sniper Rifle out of the SFPD locker at a cost of 0 HG Materials.
[2016/2/2 - 11:44:05] Bay Stone took a Combat Shotgun out of the SFPD locker at a cost of 0 HG Materials.
[2016/2/2 - 11:44:07] Bay Stone took a M4 out of the SFPD locker at a cost of 0 HG Materials.
[2016/2/2 - 11:44:10] Bay Stone took a Desert Eagle out of the SFPD locker at a cost of 0 HG Materials.
[2016/2/2 - 11:44:11] Bay Stone took a MP5 out of the SFPD locker at a cost of 0 HG Materials.
[2016/2/2 - 11:44:14] Bay Stone took a Shotgun out of the SFPD locker at a cost of 0 HG Materials.
[2016/2/2 - 11:44:15] Bay Stone took a vest out of the SFPD locker at a cost of 1 HG Material.
[2016/2/2 - 11:51:46] TamHoang Lam took a vest out of the SFPD locker at a cost of 1 HG Material.
[2016/2/2 - 11:51:48] Bro Gold took a vest out of the SFPD locker at a cost of 1 HG Material.
[2016/2/2 - 11:55:36] Old Dog took a vest out of the SFPD locker at a cost of 1 HG Material.
[2016/2/2 - 11:56:30] Old Dog took a M4 out of the SFPD locker at a cost of 0 HG Materials.
[2016/2/2 - 11:56:36] Old Dog took a Nite Stick out of the SFPD locker at a cost of 0 HG Materials.
[2016/2/2 - 11:56:46] Old Dog took a Desert Eagle out of the SFPD locker at a cost of 0 HG Materials.
[2016/2/2 - 11:56:50] Old Dog took a Combat Shotgun out of the SFPD locker at a cost of 0 HG Materials.
[2016/2/2 - 11:56:55] Old Dog took a Sniper Rifle out of the SFPD locker at a cost of 0 HG Materials.
[2016/2/2 - 12:00:26] The faction vault is at $10,000
[2016/2/2 - 12:07:59] TuanTai Pirates took a vest out of the SFPD locker at a cost of 1 HG Material.
[2016/2/2 - 12:08:02] TuanTai Pirates took a Desert Eagle out of the SFPD locker at a cost of 0 HG Materials.
[2016/2/2 - 12:08:04] TuanTai Pirates took a Sniper Rifle out of the SFPD locker at a cost of 0 HG Materials.
[2016/2/2 - 12:08:06] TuanTai Pirates took a Combat Shotgun out of the SFPD locker at a cost of 0 HG Materials.
[2016/2/2 - 12:08:08] TuanTai Pirates took a M4 out of the SFPD locker at a cost of 0 HG Materials.
[2016/2/2 - 12:09:49] Old Dog took a vest out of the SFPD locker at a cost of 1 HG Material.
[2016/2/2 - 12:09:54] Old Dog took a M4 out of the SFPD locker at a cost of 0 HG Materials.
[2016/2/2 - 12:09:59] Old Dog took a Combat Shotgun out of the SFPD locker at a cost of 0 HG Materials.
[2016/2/2 - 12:10:03] Old Dog took a Desert Eagle out of the SFPD locker at a cost of 0 HG Materials.
[2016/2/2 - 12:10:10] Old Dog took a Sniper Rifle out of the SFPD locker at a cost of 0 HG Materials.
[2016/2/2 - 12:15:15] Old Dog took a Nite Stick out of the SFPD locker at a cost of 0 HG Materials.
[2016/2/2 - 12:15:18] Old Dog took a Spray Can out of the SFPD locker at a cost of 0 HG Materials.
[2016/2/2 - 12:15:21] Old Dog took a M4 out of the SFPD locker at a cost of 0 HG Materials.
[2016/2/2 - 12:15:25] Old Dog took a Combat Shotgun out of the SFPD locker at a cost of 0 HG Materials.
[2016/2/2 - 12:15:28] Old Dog took a Desert Eagle out of the SFPD locker at a cost of 0 HG Materials.
[2016/2/2 - 12:15:31] Old Dog took a Combat Shotgun out of the SFPD locker at a cost of 0 HG Materials.
[2016/2/2 - 12:15:35] Old Dog took a Sniper Rifle out of the SFPD locker at a cost of 0 HG Materials.
[2016/2/2 - 12:17:00] Old Dog took a vest out of the SFPD locker at a cost of 1 HG Material.
[2016/2/2 - 12:34:34] Ray Star took a Desert Eagle out of the SFPD locker at a cost of 0 HG Materials.
[2016/2/2 - 12:34:36] Ray Star took a M4 out of the SFPD locker at a cost of 0 HG Materials.
[2016/2/2 - 12:34:38] Ray Star took a Combat Shotgun out of the SFPD locker at a cost of 0 HG Materials.
[2016/2/2 - 12:34:40] Ray Star took a Sniper Rifle out of the SFPD locker at a cost of 0 HG Materials.
[2016/2/2 - 12:34:46] Ray Star took a vest out of the SFPD locker at a cost of 1 HG Material.
[2016/2/2 - 12:34:51] Ray Star took a vest for their car out of the SFPD locker at a cost of 1 HG Material.
[2016/2/2 - 12:42:40] Ray Star took a vest out of the SFPD locker at a cost of 1 HG Material.
[2016/2/2 - 12:42:43] Ray Star took a Desert Eagle out of the SFPD locker at a cost of 0 HG Materials.
[2016/2/2 - 12:42:46] Ray Star took a M4 out of the SFPD locker at a cost of 0 HG Materials.
[2016/2/2 - 12:42:49] Ray Star took a Combat Shotgun out of the SFPD locker at a cost of 0 HG Materials.
[2016/2/2 - 12:42:51] Ray Star took a Sniper Rifle out of the SFPD locker at a cost of 0 HG Materials.
[2016/2/2 - 12:42:53] Ray Star took a vest out of the SFPD locker at a cost of 1 HG Material.
[2016/2/2 - 13:00:22] The faction vault is at $10,000
[2016/2/2 - 13:20:06] Exciter Ty took a vest out of the SFPD locker at a cost of 1 HG Material.
[2016/2/2 - 14:00:35] The faction vault is at $10,000
[2016/2/2 - 14:01:02] Be Cu took a Nite Stick out of the SFPD locker at a cost of 0 HG Materials.
[2016/2/2 - 14:01:04] Be Cu took a Spray Can out of the SFPD locker at a cost of 0 HG Materials.
[2016/2/2 - 14:01:07] Be Cu took a Parachute out of the SFPD locker at a cost of 0 HG Materials.
[2016/2/2 - 14:01:10] Be Cu took a M4 out of the SFPD locker at a cost of 0 HG Materials.
[2016/2/2 - 14:01:12] Be Cu took a Combat Shotgun out of the SFPD locker at a cost of 0 HG Materials.
[2016/2/2 - 14:01:14] Be Cu took a Sniper Rifle out of the SFPD locker at a cost of 0 HG Materials.
[2016/2/2 - 14:01:16] Be Cu took a vest out of the SFPD locker at a cost of 1 HG Material.
[2016/2/2 - 14:01:18] Be Cu took a vest for their car out of the SFPD locker at a cost of 1 HG Material.
[2016/2/2 - 14:01:21] Be Cu took a vest out of the SFPD locker at a cost of 1 HG Material.
[2016/2/2 - 14:08:44] Nguyen Ngoc Tram has been arrested by Be Cu and fined $30000. $10000 has been sent to SFPD's budget fund.
[2016/2/2 - 14:15:39] Old Nhok has been arrested by Be Cu and fined $30000. $10000 has been sent to SFPD's budget fund.
[2016/2/2 - 14:25:31] Be Cu took a Spray Can out of the SFPD locker at a cost of 0 HG Materials.
[2016/2/2 - 14:25:33] Be Cu took a Nite Stick out of the SFPD locker at a cost of 0 HG Materials.
[2016/2/2 - 14:25:36] Be Cu took a Parachute out of the SFPD locker at a cost of 0 HG Materials.
[2016/2/2 - 14:25:39] Be Cu took a MP5 out of the SFPD locker at a cost of 0 HG Materials.
[2016/2/2 - 14:25:45] Be Cu took a Desert Eagle out of the SFPD locker at a cost of 0 HG Materials.
[2016/2/2 - 14:25:48] Be Cu took a M4 out of the SFPD locker at a cost of 0 HG Materials.
[2016/2/2 - 14:25:50] Be Cu took a Combat Shotgun out of the SFPD locker at a cost of 0 HG Materials.
[2016/2/2 - 14:25:53] Be Cu took a Sniper Rifle out of the SFPD locker at a cost of 0 HG Materials.
[2016/2/2 - 15:00:38] The faction vault is at $30,000
[2016/2/2 - 16:00:59] The faction vault is at $30,000
[2016/2/2 - 16:11:12] Old Robert took a Nite Stick out of the SFPD locker at a cost of 0 HG Materials.
[2016/2/2 - 16:11:14] Old Robert took a Spray Can out of the SFPD locker at a cost of 0 HG Materials.
[2016/2/2 - 16:11:15] Old Robert took a Teargas out of the SFPD locker at a cost of 0 HG Materials.
[2016/2/2 - 16:11:17] Old Robert took a Parachute out of the SFPD locker at a cost of 0 HG Materials.
[2016/2/2 - 16:11:19] Old Robert took a Shotgun out of the SFPD locker at a cost of 0 HG Materials.
[2016/2/2 - 16:11:21] Old Robert took a MP5 out of the SFPD locker at a cost of 0 HG Materials.
[2016/2/2 - 16:11:25] Old Robert took a Desert Eagle out of the SFPD locker at a cost of 0 HG Materials.
[2016/2/2 - 16:11:28] Old Robert took a M4 out of the SFPD locker at a cost of 0 HG Materials.
[2016/2/2 - 16:11:30] Old Robert took a Combat Shotgun out of the SFPD locker at a cost of 0 HG Materials.
[2016/2/2 - 16:11:32] Old Robert took a Sniper Rifle out of the SFPD locker at a cost of 0 HG Materials.
[2016/2/2 - 16:11:47] Old Robert took a vest out of the SFPD locker at a cost of 1 HG Material.
[2016/2/2 - 16:11:50] Old Robert took a vest for their car out of the SFPD locker at a cost of 1 HG Material.
[2016/2/2 - 16:34:28] Drame Star took a vest out of the SFPD locker at a cost of 1 HG Material.
[2016/2/2 - 16:34:30] Drame Star took a Nite Stick out of the SFPD locker at a cost of 0 HG Materials.
[2016/2/2 - 16:34:33] Drame Star took a Parachute out of the SFPD locker at a cost of 0 HG Materials.
[2016/2/2 - 16:34:35] Drame Star took a MP5 out of the SFPD locker at a cost of 0 HG Materials.
[2016/2/2 - 16:34:37] Drame Star took a Desert Eagle out of the SFPD locker at a cost of 0 HG Materials.
[2016/2/2 - 16:34:39] Drame Star took a M4 out of the SFPD locker at a cost of 0 HG Materials.
[2016/2/2 - 16:34:41] Drame Star took a Combat Shotgun out of the SFPD locker at a cost of 0 HG Materials.
[2016/2/2 - 16:34:43] Drame Star took a vest out of the SFPD locker at a cost of 1 HG Material.
[2016/2/2 - 16:43:18] Drame Star took a Nite Stick out of the SFPD locker at a cost of 0 HG Materials.
[2016/2/2 - 16:43:22] Drame Star took a Shotgun out of the SFPD locker at a cost of 0 HG Materials.
[2016/2/2 - 16:43:24] Drame Star took a MP5 out of the SFPD locker at a cost of 0 HG Materials.
[2016/2/2 - 16:43:26] Drame Star took a Desert Eagle out of the SFPD locker at a cost of 0 HG Materials.
[2016/2/2 - 16:43:29] Drame Star took a M4 out of the SFPD locker at a cost of 0 HG Materials.
[2016/2/2 - 16:43:31] Drame Star took a Combat Shotgun out of the SFPD locker at a cost of 0 HG Materials.
[2016/2/2 - 16:43:33] Drame Star took a Sniper Rifle out of the SFPD locker at a cost of 0 HG Materials.
[2016/2/2 - 16:53:14] Drame Star took a Nite Stick out of the SFPD locker at a cost of 0 HG Materials.
[2016/2/2 - 16:53:16] Drame Star took a Spray Can out of the SFPD locker at a cost of 0 HG Materials.
[2016/2/2 - 16:53:17] Drame Star took a Teargas out of the SFPD locker at a cost of 0 HG Materials.
[2016/2/2 - 16:53:21] Drame Star took a Desert Eagle out of the SFPD locker at a cost of 0 HG Materials.
[2016/2/2 - 16:53:23] Drame Star took a M4 out of the SFPD locker at a cost of 0 HG Materials.
[2016/2/2 - 16:53:25] Drame Star took a Combat Shotgun out of the SFPD locker at a cost of 0 HG Materials.
[2016/2/2 - 16:53:27] Drame Star took a Sniper Rifle out of the SFPD locker at a cost of 0 HG Materials.
[2016/2/2 - 16:53:30] Drame Star took a vest out of the SFPD locker at a cost of 1 HG Material.
[2016/2/2 - 16:53:32] Drame Star took a vest for their car out of the SFPD locker at a cost of 1 HG Material.
[2016/2/2 - 17:00:34] The faction vault is at $30,000
[2016/2/2 - 17:02:22] Drame Star took a vest out of the SFPD locker at a cost of 1 HG Material.
[2016/2/2 - 17:02:25] Drame Star took a Nite Stick out of the SFPD locker at a cost of 0 HG Materials.
[2016/2/2 - 17:02:27] Kanaete Doraemon took a Combat Shotgun out of the SFPD locker at a cost of 0 HG Materials.
[2016/2/2 - 17:02:27] Drame Star took a Teargas out of the SFPD locker at a cost of 0 HG Materials.
[2016/2/2 - 17:02:30] Kanaete Doraemon took a M4 out of the SFPD locker at a cost of 0 HG Materials.
[2016/2/2 - 17:02:30] Drame Star took a Shotgun out of the SFPD locker at a cost of 0 HG Materials.
[2016/2/2 - 17:02:32] Drame Star took a MP5 out of the SFPD locker at a cost of 0 HG Materials.
[2016/2/2 - 17:02:33] Kanaete Doraemon took a MP5 out of the SFPD locker at a cost of 0 HG Materials.
[2016/2/2 - 17:02:34] Drame Star took a Desert Eagle out of the SFPD locker at a cost of 0 HG Materials.
[2016/2/2 - 17:02:36] Drame Star took a M4 out of the SFPD locker at a cost of 0 HG Materials.
[2016/2/2 - 17:02:36] Kanaete Doraemon took a Sniper Rifle out of the SFPD locker at a cost of 0 HG Materials.
[2016/2/2 - 17:02:38] Drame Star took a Combat Shotgun out of the SFPD locker at a cost of 0 HG Materials.
[2016/2/2 - 17:02:40] Drame Star took a Sniper Rifle out of the SFPD locker at a cost of 0 HG Materials.
[2016/2/2 - 17:02:54] Kanaete Doraemon took a vest out of the SFPD locker at a cost of 1 HG Material.
[2016/2/2 - 17:02:57] Kanaete Doraemon took a vest for their car out of the SFPD locker at a cost of 1 HG Material.
[2016/2/2 - 17:04:52] Be Vy took a M4 out of the SFPD locker at a cost of 0 HG Materials.
[2016/2/2 - 17:04:58] Be Vy took a Nite Stick out of the SFPD locker at a cost of 0 HG Materials.
[2016/2/2 - 17:05:01] Be Vy took a Spray Can out of the SFPD locker at a cost of 0 HG Materials.
[2016/2/2 - 17:05:04] Be Vy took a Shotgun out of the SFPD locker at a cost of 0 HG Materials.
[2016/2/2 - 17:05:10] Be Vy took a Shotgun out of the SFPD locker at a cost of 0 HG Materials.
[2016/2/2 - 17:05:12] Be Vy took a MP5 out of the SFPD locker at a cost of 0 HG Materials.
[2016/2/2 - 17:05:21] Be Vy took a vest out of the SFPD locker at a cost of 1 HG Material.
[2016/2/2 - 17:05:27] Be Vy took a Desert Eagle out of the SFPD locker at a cost of 0 HG Materials.
[2016/2/2 - 17:05:32] Be Vy took a Sniper Rifle out of the SFPD locker at a cost of 0 HG Materials.
[2016/2/2 - 17:05:39] Be Vy took a Combat Shotgun out of the SFPD locker at a cost of 0 HG Materials.
[2016/2/2 - 17:07:56] Kanaete Doraemon took a vest out of the SFPD locker at a cost of 1 HG Material.
[2016/2/2 - 17:07:59] Kanaete Doraemon took a vest out of the SFPD locker at a cost of 1 HG Material.
[2016/2/2 - 17:13:09] Akai Smith has been arrested by Drame Star and fined $10000. $3333 has been sent to SFPD's budget fund.
[2016/2/2 - 17:18:07] Kanaete Doraemon took a Desert Eagle out of the SFPD locker at a cost of 0 HG Materials.
[2016/2/2 - 17:18:11] Kanaete Doraemon took a M4 out of the SFPD locker at a cost of 0 HG Materials.
[2016/2/2 - 17:18:13] Kanaete Doraemon took a Combat Shotgun out of the SFPD locker at a cost of 0 HG Materials.
[2016/2/2 - 17:18:21] Kanaete Doraemon took a MP5 out of the SFPD locker at a cost of 0 HG Materials.
[2016/2/2 - 17:18:25] Kanaete Doraemon took a vest out of the SFPD locker at a cost of 1 HG Material.
[2016/2/2 - 17:19:34] Kanaete Doraemon took a vest out of the SFPD locker at a cost of 1 HG Material.
[2016/2/2 - 17:22:04] Kanaete Doraemon took a vest out of the SFPD locker at a cost of 1 HG Material.
[2016/2/2 - 17:30:56] Be Vy took a vest out of the SFPD locker at a cost of 1 HG Material.
[2016/2/2 - 17:30:59] Be Vy took a Nite Stick out of the SFPD locker at a cost of 0 HG Materials.
[2016/2/2 - 17:31:00] Kanaete Doraemon took a vest out of the SFPD locker at a cost of 1 HG Material.
[2016/2/2 - 17:31:01] Be Vy took a Spray Can out of the SFPD locker at a cost of 0 HG Materials.
[2016/2/2 - 17:31:02] Kanaete Doraemon took a vest out of the SFPD locker at a cost of 1 HG Material.
[2016/2/2 - 17:31:04] Be Vy took a Teargas out of the SFPD locker at a cost of 0 HG Materials.
[2016/2/2 - 17:31:05] Kanaete Doraemon took a M4 out of the SFPD locker at a cost of 0 HG Materials.
[2016/2/2 - 17:31:08] Kanaete Doraemon took a Combat Shotgun out of the SFPD locker at a cost of 0 HG Materials.
[2016/2/2 - 17:31:10] Be Vy took a Shotgun out of the SFPD locker at a cost of 0 HG Materials.
[2016/2/2 - 17:31:10] Kanaete Doraemon took a Sniper Rifle out of the SFPD locker at a cost of 0 HG Materials.
[2016/2/2 - 17:31:12] Be Vy took a MP5 out of the SFPD locker at a cost of 0 HG Materials.
[2016/2/2 - 17:31:13] Kanaete Doraemon took a MP5 out of the SFPD locker at a cost of 0 HG Materials.
[2016/2/2 - 17:31:15] Be Vy took a M4 out of the SFPD locker at a cost of 0 HG Materials.
[2016/2/2 - 17:31:22] Be Vy took a Combat Shotgun out of the SFPD locker at a cost of 0 HG Materials.
[2016/2/2 - 17:31:26] Be Vy took a Sniper Rifle out of the SFPD locker at a cost of 0 HG Materials.
[2016/2/2 - 17:31:34] Be Vy took a vest for their car out of the SFPD locker at a cost of 1 HG Material.
[2016/2/2 - 17:31:41] Be Vy took a vest out of the SFPD locker at a cost of 1 HG Material.
[2016/2/2 - 17:34:43] Be Vy took a vest out of the SFPD locker at a cost of 1 HG Material.
[2016/2/2 - 17:34:49] Be Vy took a Nite Stick out of the SFPD locker at a cost of 0 HG Materials.
[2016/2/2 - 17:34:51] Be Vy took a Spray Can out of the SFPD locker at a cost of 0 HG Materials.
[2016/2/2 - 17:34:54] Be Vy took a Shotgun out of the SFPD locker at a cost of 0 HG Materials.
[2016/2/2 - 17:34:57] Be Vy took a M4 out of the SFPD locker at a cost of 0 HG Materials.
[2016/2/2 - 17:35:00] Be Vy took a Combat Shotgun out of the SFPD locker at a cost of 0 HG Materials.
[2016/2/2 - 17:35:03] Be Vy took a M4 out of the SFPD locker at a cost of 0 HG Materials.
[2016/2/2 - 17:35:06] Be Vy took a Sniper Rifle out of the SFPD locker at a cost of 0 HG Materials.
[2016/2/2 - 17:36:12] Kanaete Doraemon took a vest out of the SFPD locker at a cost of 1 HG Material.
[2016/2/2 - 17:36:16] Kanaete Doraemon took a Sniper Rifle out of the SFPD locker at a cost of 0 HG Materials.
[2016/2/2 - 17:36:19] Kanaete Doraemon took a Combat Shotgun out of the SFPD locker at a cost of 0 HG Materials.
[2016/2/2 - 17:36:21] Kanaete Doraemon took a M4 out of the SFPD locker at a cost of 0 HG Materials.
[2016/2/2 - 17:36:24] Kanaete Doraemon took a Desert Eagle out of the SFPD locker at a cost of 0 HG Materials.
[2016/2/2 - 17:36:28] Kanaete Doraemon took a MP5 out of the SFPD locker at a cost of 0 HG Materials.
[2016/2/2 - 17:38:17] Be Vy took a Spray Can out of the SFPD locker at a cost of 0 HG Materials.
[2016/2/2 - 17:38:19] Be Vy took a Nite Stick out of the SFPD locker at a cost of 0 HG Materials.
[2016/2/2 - 17:38:21] Be Vy took a Shotgun out of the SFPD locker at a cost of 0 HG Materials.
[2016/2/2 - 17:38:24] Be Vy took a MP5 out of the SFPD locker at a cost of 0 HG Materials.
[2016/2/2 - 17:38:27] Be Vy took a Desert Eagle out of the SFPD locker at a cost of 0 HG Materials.
[2016/2/2 - 17:38:30] Be Vy took a M4 out of the SFPD locker at a cost of 0 HG Materials.
[2016/2/2 - 17:38:33] Be Vy took a Combat Shotgun out of the SFPD locker at a cost of 0 HG Materials.
[2016/2/2 - 17:38:35] Be Vy took a Sniper Rifle out of the SFPD locker at a cost of 0 HG Materials.
[2016/2/2 - 17:40:06] Drame Star took a vest out of the SFPD locker at a cost of 1 HG Material.
[2016/2/2 - 17:40:07] Akai Smith took a vest out of the SFPD locker at a cost of 1 HG Material.
[2016/2/2 - 17:40:12] Akai Smith took a vest for their car out of the SFPD locker at a cost of 1 HG Material.
[2016/2/2 - 17:40:32] Akai Smith took a Desert Eagle out of the SFPD locker at a cost of 0 HG Materials.
[2016/2/2 - 17:42:12] Be Vy took a Spray Can out of the SFPD locker at a cost of 0 HG Materials.
[2016/2/2 - 17:42:13] Be Vy took a vest out of the SFPD locker at a cost of 1 HG Material.
[2016/2/2 - 17:42:17] Be Vy took a Shotgun out of the SFPD locker at a cost of 0 HG Materials.
[2016/2/2 - 17:42:20] Be Vy took a MP5 out of the SFPD locker at a cost of 0 HG Materials.
[2016/2/2 - 17:42:22] Be Vy took a Shotgun out of the SFPD locker at a cost of 0 HG Materials.
[2016/2/2 - 17:42:26] Be Vy took a Desert Eagle out of the SFPD locker at a cost of 0 HG Materials.
[2016/2/2 - 17:42:28] Be Vy took a M4 out of the SFPD locker at a cost of 0 HG Materials.
[2016/2/2 - 17:42:31] Be Vy took a Combat Shotgun out of the SFPD locker at a cost of 0 HG Materials.
[2016/2/2 - 17:42:34] Be Vy took a Sniper Rifle out of the SFPD locker at a cost of 0 HG Materials.
[2016/2/2 - 17:44:40] Be Vy took a vest out of the SFPD locker at a cost of 1 HG Material.
[2016/2/2 - 17:46:47] Drame Star took a vest out of the SFPD locker at a cost of 1 HG Material.
[2016/2/2 - 17:46:52] Kanaete Doraemon took a vest out of the SFPD locker at a cost of 1 HG Material.
[2016/2/2 - 17:51:04] Drame Star took a vest out of the SFPD locker at a cost of 1 HG Material.
[2016/2/2 - 17:59:09] Be Vy took a vest out of the SFPD locker at a cost of 1 HG Material.
[2016/2/2 - 17:59:23] Sip Do has been arrested by Drame Star and fined $10000. $3333 has been sent to SFPD's budget fund.
[2016/2/2 - 18:00:51] The faction vault is at $36,666
[2016/2/2 - 18:03:41] Akai Smith took a vest out of the SFPD locker at a cost of 1 HG Material.
[2016/2/2 - 18:14:11] Drame Star took a vest out of the SFPD locker at a cost of 1 HG Material.
[2016/2/2 - 18:14:14] Drame Star took a Nite Stick out of the SFPD locker at a cost of 0 HG Materials.
[2016/2/2 - 18:14:16] Drame Star took a Spray Can out of the SFPD locker at a cost of 0 HG Materials.
[2016/2/2 - 18:14:18] Drame Star took a Teargas out of the SFPD locker at a cost of 0 HG Materials.
[2016/2/2 - 18:14:20] Drame Star took a MP5 out of the SFPD locker at a cost of 0 HG Materials.
[2016/2/2 - 18:14:22] Drame Star took a Desert Eagle out of the SFPD locker at a cost of 0 HG Materials.
[2016/2/2 - 18:14:25] Drame Star took a M4 out of the SFPD locker at a cost of 0 HG Materials.
[2016/2/2 - 18:14:27] Drame Star took a Combat Shotgun out of the SFPD locker at a cost of 0 HG Materials.
[2016/2/2 - 18:14:29] Drame Star took a Sniper Rifle out of the SFPD locker at a cost of 0 HG Materials.
[2016/2/2 - 18:14:32] Kanaete Doraemon took a vest out of the SFPD locker at a cost of 1 HG Material.
[2016/2/2 - 18:14:41] Kanaete Doraemon took a Desert Eagle out of the SFPD locker at a cost of 0 HG Materials.
[2016/2/2 - 18:14:42] Drame Star took a vest out of the SFPD locker at a cost of 1 HG Material.
[2016/2/2 - 18:14:44] Drame Star took a vest for their car out of the SFPD locker at a cost of 1 HG Material.
[2016/2/2 - 18:14:44] Kanaete Doraemon took a Combat Shotgun out of the SFPD locker at a cost of 0 HG Materials.
[2016/2/2 - 18:14:47] Kanaete Doraemon took a Sniper Rifle out of the SFPD locker at a cost of 0 HG Materials.
[2016/2/2 - 18:14:50] Kanaete Doraemon took a M4 out of the SFPD locker at a cost of 0 HG Materials.
[2016/2/2 - 18:14:53] Kanaete Doraemon took a vest out of the SFPD locker at a cost of 1 HG Material.
[2016/2/2 - 18:15:02] Kanaete Doraemon took a vest out of the SFPD locker at a cost of 1 HG Material.
[2016/2/2 - 18:15:15] Drame Star took a vest out of the SFPD locker at a cost of 1 HG Material.
[2016/2/2 - 18:15:18] Kanaete Doraemon took a vest out of the SFPD locker at a cost of 1 HG Material.
[2016/2/2 - 18:15:24] Kanaete Doraemon took a vest out of the SFPD locker at a cost of 1 HG Material.
[2016/2/2 - 18:15:50] Drame Star took a vest out of the SFPD locker at a cost of 1 HG Material.
[2016/2/2 - 18:17:44] Kanaete Doraemon took a vest out of the SFPD locker at a cost of 1 HG Material.
[2016/2/2 - 18:17:45] Kanaete Doraemon took a Nite Stick out of the SFPD locker at a cost of 0 HG Materials.
[2016/2/2 - 18:17:49] Kanaete Doraemon took a Sniper Rifle out of the SFPD locker at a cost of 0 HG Materials.
[2016/2/2 - 18:17:52] Kanaete Doraemon took a Combat Shotgun out of the SFPD locker at a cost of 0 HG Materials.
[2016/2/2 - 18:17:55] Kanaete Doraemon took a M4 out of the SFPD locker at a cost of 0 HG Materials.
[2016/2/2 - 18:17:57] Kanaete Doraemon took a Desert Eagle out of the SFPD locker at a cost of 0 HG Materials.
[2016/2/2 - 18:18:01] Kanaete Doraemon took a MP5 out of the SFPD locker at a cost of 0 HG Materials.
[2016/2/2 - 18:18:52] Drame Star took a vest out of the SFPD locker at a cost of 1 HG Material.
[2016/2/2 - 18:24:51] Be Ha has been arrested by Akai Smith and fined $1. $0 has been sent to SFPD's budget fund.
[2016/2/2 - 18:25:45] Be Vy took a vest out of the SFPD locker at a cost of 1 HG Material.
[2016/2/2 - 18:25:55] Be Vy took a Shotgun out of the SFPD locker at a cost of 0 HG Materials.
[2016/2/2 - 18:25:58] Be Vy took a MP5 out of the SFPD locker at a cost of 0 HG Materials.
[2016/2/2 - 18:26:01] Be Vy took a Desert Eagle out of the SFPD locker at a cost of 0 HG Materials.
[2016/2/2 - 18:26:04] Be Vy took a M4 out of the SFPD locker at a cost of 0 HG Materials.
[2016/2/2 - 18:26:08] Be Vy took a Combat Shotgun out of the SFPD locker at a cost of 0 HG Materials.
[2016/2/2 - 18:26:11] Be Vy took a Sniper Rifle out of the SFPD locker at a cost of 0 HG Materials.
[2016/2/2 - 18:32:16] TuanTai Pirates took a vest out of the SFPD locker at a cost of 1 HG Material.
[2016/2/2 - 18:32:18] TuanTai Pirates took a vest out of the SFPD locker at a cost of 1 HG Material.
[2016/2/2 - 18:32:20] TuanTai Pirates took a vest for their car out of the SFPD locker at a cost of 1 HG Material.
[2016/2/2 - 19:00:06] The faction vault is at $36,666
[2016/2/2 - 19:06:09] Zic Blade took a vest out of the SFPD locker at a cost of 1 HG Material.
[2016/2/2 - 19:06:13] Zic Blade took a Desert Eagle out of the SFPD locker at a cost of 0 HG Materials.
[2016/2/2 - 19:06:20] Zic Blade took a Shotgun out of the SFPD locker at a cost of 0 HG Materials.
[2016/2/2 - 19:06:23] Zic Blade took a MP5 out of the SFPD locker at a cost of 0 HG Materials.
[2016/2/2 - 19:06:35] Zic Blade took a vest for their car out of the SFPD locker at a cost of 1 HG Material.
[2016/2/2 - 19:06:37] Zic Blade took a vest out of the SFPD locker at a cost of 1 HG Material.
[2016/2/2 - 19:14:32] Gin Lucifer took a vest out of the SFPD locker at a cost of 1 HG Material.
[2016/2/2 - 19:14:38] Gin Lucifer took a Sniper Rifle out of the SFPD locker at a cost of 0 HG Materials.
[2016/2/2 - 19:14:41] Gin Lucifer took a M4 out of the SFPD locker at a cost of 0 HG Materials.
[2016/2/2 - 19:14:47] Gin Lucifer took a Desert Eagle out of the SFPD locker at a cost of 0 HG Materials.
[2016/2/2 - 19:14:49] TuanTai Pirates took a vest out of the SFPD locker at a cost of 1 HG Material.
[2016/2/2 - 19:14:50] Gin Lucifer took a Combat Shotgun out of the SFPD locker at a cost of 0 HG Materials.
[2016/2/2 - 19:15:48] Gin Lucifer took a vest for their car out of the SFPD locker at a cost of 1 HG Material.
[2016/2/2 - 19:20:32] Be Cu took a vest out of the SFPD locker at a cost of 1 HG Material.
[2016/2/2 - 19:20:36] Be Cu took a Nite Stick out of the SFPD locker at a cost of 0 HG Materials.
[2016/2/2 - 19:20:38] Be Cu took a Spray Can out of the SFPD locker at a cost of 0 HG Materials.
[2016/2/2 - 19:20:41] Be Cu took a Parachute out of the SFPD locker at a cost of 0 HG Materials.
[2016/2/2 - 19:20:43] Be Cu took a M4 out of the SFPD locker at a cost of 0 HG Materials.
[2016/2/2 - 19:20:46] Be Cu took a Combat Shotgun out of the SFPD locker at a cost of 0 HG Materials.
[2016/2/2 - 19:20:48] Be Cu took a Sniper Rifle out of the SFPD locker at a cost of 0 HG Materials.
[2016/2/2 - 19:20:55] Be Cu took a vest for their car out of the SFPD locker at a cost of 1 HG Material.
[2016/2/2 - 19:21:21] Zic Blade took a Desert Eagle out of the SFPD locker at a cost of 0 HG Materials.
[2016/2/2 - 19:21:26] Zic Blade took a M4 out of the SFPD locker at a cost of 0 HG Materials.
[2016/2/2 - 19:21:28] Zic Blade took a Combat Shotgun out of the SFPD locker at a cost of 0 HG Materials.
[2016/2/2 - 19:21:58] Gin Lucifer took a vest out of the SFPD locker at a cost of 1 HG Material.
[2016/2/2 - 19:22:00] TuanTai Pirates took a vest out of the SFPD locker at a cost of 1 HG Material.
[2016/2/2 - 19:22:03] Gin Lucifer took a MP5 out of the SFPD locker at a cost of 0 HG Materials.
[2016/2/2 - 19:22:03] TuanTai Pirates took a Desert Eagle out of the SFPD locker at a cost of 0 HG Materials.
[2016/2/2 - 19:22:06] TuanTai Pirates took a Sniper Rifle out of the SFPD locker at a cost of 0 HG Materials.
[2016/2/2 - 19:22:08] TuanTai Pirates took a Combat Shotgun out of the SFPD locker at a cost of 0 HG Materials.
[2016/2/2 - 19:22:10] TuanTai Pirates took a M4 out of the SFPD locker at a cost of 0 HG Materials.
[2016/2/2 - 19:22:12] TuanTai Pirates took a MP5 out of the SFPD locker at a cost of 0 HG Materials.
[2016/2/2 - 19:22:19] TuanTai Pirates took a vest for their car out of the SFPD locker at a cost of 1 HG Material.
[2016/2/2 - 19:22:23] TuanTai Pirates took a vest out of the SFPD locker at a cost of 1 HG Material.
[2016/2/2 - 19:22:28] Gin Lucifer took a MP5 out of the SFPD locker at a cost of 0 HG Materials.
[2016/2/2 - 19:22:32] Gin Lucifer took a M4 out of the SFPD locker at a cost of 0 HG Materials.
[2016/2/2 - 19:22:36] Gin Lucifer took a Combat Shotgun out of the SFPD locker at a cost of 0 HG Materials.
[2016/2/2 - 19:22:38] Gin Lucifer took a Sniper Rifle out of the SFPD locker at a cost of 0 HG Materials.
[2016/2/2 - 19:25:54] Gin Lucifer took a vest out of the SFPD locker at a cost of 1 HG Material.
[2016/2/2 - 19:26:00] TuanTai Pirates took a vest out of the SFPD locker at a cost of 1 HG Material.
[2016/2/2 - 19:26:02] Be Cu took a vest for their car out of the SFPD locker at a cost of 1 HG Material.
[2016/2/2 - 19:28:23] Gin Lucifer took a vest out of the SFPD locker at a cost of 1 HG Material.
[2016/2/2 - 19:28:33] TuanTai Pirates took a vest out of the SFPD locker at a cost of 1 HG Material.
[2016/2/2 - 19:31:22] Be Cu took a vest out of the SFPD locker at a cost of 1 HG Material.
[2016/2/2 - 19:31:25] Be Cu took a Nite Stick out of the SFPD locker at a cost of 0 HG Materials.
[2016/2/2 - 19:31:27] Be Cu took a Spray Can out of the SFPD locker at a cost of 0 HG Materials.
[2016/2/2 - 19:31:29] Be Cu took a Parachute out of the SFPD locker at a cost of 0 HG Materials.
[2016/2/2 - 19:31:31] Be Cu took a MP5 out of the SFPD locker at a cost of 0 HG Materials.
[2016/2/2 - 19:31:33] Be Cu took a Desert Eagle out of the SFPD locker at a cost of 0 HG Materials.
[2016/2/2 - 19:31:35] Be Cu took a M4 out of the SFPD locker at a cost of 0 HG Materials.
[2016/2/2 - 19:31:38] Be Cu took a Combat Shotgun out of the SFPD locker at a cost of 0 HG Materials.
[2016/2/2 - 19:31:41] Be Cu took a Sniper Rifle out of the SFPD locker at a cost of 0 HG Materials.
[2016/2/2 - 19:31:43] Be Cu took a vest for their car out of the SFPD locker at a cost of 1 HG Material.
[2016/2/2 - 19:32:31] Gin Lucifer took a vest out of the SFPD locker at a cost of 1 HG Material.
[2016/2/2 - 19:32:34] Gin Lucifer took a MP5 out of the SFPD locker at a cost of 0 HG Materials.
[2016/2/2 - 19:32:37] Gin Lucifer took a Desert Eagle out of the SFPD locker at a cost of 0 HG Materials.
[2016/2/2 - 19:32:39] Gin Lucifer took a M4 out of the SFPD locker at a cost of 0 HG Materials.
[2016/2/2 - 19:32:41] TuanTai Pirates took a vest out of the SFPD locker at a cost of 1 HG Material.
[2016/2/2 - 19:32:42] Gin Lucifer took a Combat Shotgun out of the SFPD locker at a cost of 0 HG Materials.
[2016/2/2 - 19:32:43] TuanTai Pirates took a MP5 out of the SFPD locker at a cost of 0 HG Materials.
[2016/2/2 - 19:32:45] Zic Blade took a vest out of the SFPD locker at a cost of 1 HG Material.
[2016/2/2 - 19:32:46] Gin Lucifer took a Sniper Rifle out of the SFPD locker at a cost of 0 HG Materials.
[2016/2/2 - 19:32:46] TuanTai Pirates took a Sniper Rifle out of the SFPD locker at a cost of 0 HG Materials.
[2016/2/2 - 19:32:48] TuanTai Pirates took a Combat Shotgun out of the SFPD locker at a cost of 0 HG Materials.
[2016/2/2 - 19:32:49] Zic Blade took a MP5 out of the SFPD locker at a cost of 0 HG Materials.
[2016/2/2 - 19:32:50] TuanTai Pirates took a M4 out of the SFPD locker at a cost of 0 HG Materials.
[2016/2/2 - 19:32:51] Gin Lucifer took a vest out of the SFPD locker at a cost of 1 HG Material.
[2016/2/2 - 19:32:52] Zic Blade took a Desert Eagle out of the SFPD locker at a cost of 0 HG Materials.
[2016/2/2 - 19:32:52] TuanTai Pirates took a Desert Eagle out of the SFPD locker at a cost of 0 HG Materials.
[2016/2/2 - 19:32:55] Zic Blade took a M4 out of the SFPD locker at a cost of 0 HG Materials.
[2016/2/2 - 19:32:58] Zic Blade took a Combat Shotgun out of the SFPD locker at a cost of 0 HG Materials.
[2016/2/2 - 19:33:01] Zic Blade took a Sniper Rifle out of the SFPD locker at a cost of 0 HG Materials.
[2016/2/2 - 19:33:10] Be Cu took a vest out of the SFPD locker at a cost of 1 HG Material.
[2016/2/2 - 19:36:31] Zic Blade took a vest out of the SFPD locker at a cost of 1 HG Material.
[2016/2/2 - 19:37:33] Zic Blade took a vest out of the SFPD locker at a cost of 1 HG Material.
[2016/2/2 - 19:38:15] Gin Lucifer took a vest out of the SFPD locker at a cost of 1 HG Material.
[2016/2/2 - 19:38:20] Gin Lucifer took a vest out of the SFPD locker at a cost of 1 HG Material.
[2016/2/2 - 19:38:23] Gin Lucifer took a MP5 out of the SFPD locker at a cost of 0 HG Materials.
[2016/2/2 - 19:38:28] Gin Lucifer took a Desert Eagle out of the SFPD locker at a cost of 0 HG Materials.
[2016/2/2 - 19:38:32] Gin Lucifer took a M4 out of the SFPD locker at a cost of 0 HG Materials.
[2016/2/2 - 19:38:40] Gin Lucifer took a Combat Shotgun out of the SFPD locker at a cost of 0 HG Materials.
[2016/2/2 - 19:38:43] Gin Lucifer took a Sniper Rifle out of the SFPD locker at a cost of 0 HG Materials.
[2016/2/2 - 19:41:56] Gin Lucifer took a vest out of the SFPD locker at a cost of 1 HG Material.
[2016/2/2 - 19:48:31] Old Bitch took a M4 out of the SFPD locker at a cost of 0 HG Materials.
[2016/2/2 - 19:48:33] Old Bitch took a Combat Shotgun out of the SFPD locker at a cost of 0 HG Materials.
[2016/2/2 - 19:48:34] Old Bitch took a vest out of the SFPD locker at a cost of 1 HG Material.
[2016/2/2 - 19:48:50] Old Bitch took a vest out of the SFPD locker at a cost of 1 HG Material.
[2016/2/2 - 19:48:53] Old Bitch took a vest for their car out of the SFPD locker at a cost of 1 HG Material.
[2016/2/2 - 19:51:08] Old Dog took a M4 out of the SFPD locker at a cost of 0 HG Materials.
[2016/2/2 - 19:51:12] Old Dog took a Sniper Rifle out of the SFPD locker at a cost of 0 HG Materials.
[2016/2/2 - 19:51:16] Old Dog took a Desert Eagle out of the SFPD locker at a cost of 0 HG Materials.
[2016/2/2 - 19:51:20] Old Dog took a Combat Shotgun out of the SFPD locker at a cost of 0 HG Materials.
[2016/2/2 - 19:57:58] Be Cu took a Nite Stick out of the SFPD locker at a cost of 0 HG Materials.
[2016/2/2 - 19:58:00] Be Cu took a Spray Can out of the SFPD locker at a cost of 0 HG Materials.
[2016/2/2 - 19:58:02] Be Cu took a Parachute out of the SFPD locker at a cost of 0 HG Materials.
[2016/2/2 - 19:58:04] Be Cu took a MP5 out of the SFPD locker at a cost of 0 HG Materials.
[2016/2/2 - 19:58:06] Be Cu took a Desert Eagle out of the SFPD locker at a cost of 0 HG Materials.
[2016/2/2 - 19:58:09] Be Cu took a M4 out of the SFPD locker at a cost of 0 HG Materials.
[2016/2/2 - 19:58:11] Old Bitch took a vest out of the SFPD locker at a cost of 1 HG Material.
[2016/2/2 - 19:58:13] Be Cu took a Combat Shotgun out of the SFPD locker at a cost of 0 HG Materials.
[2016/2/2 - 19:58:15] Be Cu took a Sniper Rifle out of the SFPD locker at a cost of 0 HG Materials.
[2016/2/2 - 19:58:21] Be Cu took a vest out of the SFPD locker at a cost of 1 HG Material.
[2016/2/2 - 19:58:22] TuanTai Pirates took a vest out of the SFPD locker at a cost of 1 HG Material.
[2016/2/2 - 19:58:23] Be Cu took a vest for their car out of the SFPD locker at a cost of 1 HG Material.
[2016/2/2 - 19:58:24] TuanTai Pirates took a vest for their car out of the SFPD locker at a cost of 1 HG Material.
[2016/2/2 - 19:58:51] Old Dog took a vest for their car out of the SFPD locker at a cost of 1 HG Material.
[2016/2/2 - 19:58:57] Old Dog took a vest out of the SFPD locker at a cost of 1 HG Material.
[2016/2/2 - 20:00:34] The faction vault is at $36,666
[2016/2/2 - 20:04:08] Old Wilward has been arrested by Old Bitch and fined $1000. $333 has been sent to SFPD's budget fund.
[2016/2/2 - 20:13:55] Old Dog took a vest out of the SFPD locker at a cost of 1 HG Material.
[2016/2/2 - 20:13:59] Old Bitch took a vest out of the SFPD locker at a cost of 1 HG Material.
[2016/2/2 - 20:14:03] Old Dog took a Nite Stick out of the SFPD locker at a cost of 0 HG Materials.
[2016/2/2 - 20:14:05] Old Bitch took a Combat Shotgun out of the SFPD locker at a cost of 0 HG Materials.
[2016/2/2 - 20:14:06] Gin Lucifer took a vest out of the SFPD locker at a cost of 1 HG Material.
[2016/2/2 - 20:14:11] Old Bitch took a M4 out of the SFPD locker at a cost of 0 HG Materials.
[2016/2/2 - 20:14:13] Old Bitch took a Desert Eagle out of the SFPD locker at a cost of 0 HG Materials.
[2016/2/2 - 20:14:15] Old Dog took a Desert Eagle out of the SFPD locker at a cost of 0 HG Materials.
[2016/2/2 - 20:14:17] Old Bitch took a vest for their car out of the SFPD locker at a cost of 1 HG Material.
[2016/2/2 - 20:14:18] Old Bitch took a vest out of the SFPD locker at a cost of 1 HG Material.
[2016/2/2 - 20:14:20] Old Dog took a M4 out of the SFPD locker at a cost of 0 HG Materials.
[2016/2/2 - 20:14:24] Old Dog took a Combat Shotgun out of the SFPD locker at a cost of 0 HG Materials.
[2016/2/2 - 20:14:28] Old Dog took a Sniper Rifle out of the SFPD locker at a cost of 0 HG Materials.
[2016/2/2 - 20:22:41] Old Dog took a vest out of the SFPD locker at a cost of 1 HG Material.
[2016/2/2 - 20:22:49] Old Dog took a vest for their car out of the SFPD locker at a cost of 1 HG Material.
[2016/2/2 - 20:22:53] Old Dog took a Desert Eagle out of the SFPD locker at a cost of 0 HG Materials.
[2016/2/2 - 20:22:57] Old Dog took a M4 out of the SFPD locker at a cost of 0 HG Materials.
[2016/2/2 - 20:23:01] Old Dog took a Combat Shotgun out of the SFPD locker at a cost of 0 HG Materials.
[2016/2/2 - 20:23:07] Old Dog took a Sniper Rifle out of the SFPD locker at a cost of 0 HG Materials.
[2016/2/2 - 20:23:18] Old Bitch took a vest out of the SFPD locker at a cost of 1 HG Material.
[2016/2/2 - 20:23:21] Old Bitch took a M4 out of the SFPD locker at a cost of 0 HG Materials.
[2016/2/2 - 20:23:25] Old Bitch took a Combat Shotgun out of the SFPD locker at a cost of 0 HG Materials.
[2016/2/2 - 20:23:27] Old Bitch took a vest out of the SFPD locker at a cost of 1 HG Material.
[2016/2/2 - 20:23:29] Old Bitch took a vest for their car out of the SFPD locker at a cost of 1 HG Material.
[2016/2/2 - 20:24:01] Gin Lucifer took a vest out of the SFPD locker at a cost of 1 HG Material.
[2016/2/2 - 20:37:31] Be Cu took a vest out of the SFPD locker at a cost of 1 HG Material.
[2016/2/2 - 20:37:34] Be Cu took a Nite Stick out of the SFPD locker at a cost of 0 HG Materials.
[2016/2/2 - 20:37:35] Be Cu took a Spray Can out of the SFPD locker at a cost of 0 HG Materials.
[2016/2/2 - 20:37:38] Be Cu took a Parachute out of the SFPD locker at a cost of 0 HG Materials.
[2016/2/2 - 20:37:40] Be Cu took a MP5 out of the SFPD locker at a cost of 0 HG Materials.
[2016/2/2 - 20:37:42] Be Cu took a Desert Eagle out of the SFPD locker at a cost of 0 HG Materials.
[2016/2/2 - 20:37:45] Be Cu took a M4 out of the SFPD locker at a cost of 0 HG Materials.
[2016/2/2 - 20:37:47] Be Cu took a Combat Shotgun out of the SFPD locker at a cost of 0 HG Materials.
[2016/2/2 - 20:37:50] Be Cu took a Sniper Rifle out of the SFPD locker at a cost of 0 HG Materials.
[2016/2/2 - 20:37:56] Be Cu took a vest for their car out of the SFPD locker at a cost of 1 HG Material.
[2016/2/2 - 21:00:00] The faction vault is at $36,999
[2016/2/2 - 21:28:08] Nguyen Huy took a Nite Stick out of the SFPD locker at a cost of 0 HG Materials.
[2016/2/2 - 21:28:10] Nguyen Huy took a Teargas out of the SFPD locker at a cost of 0 HG Materials.
[2016/2/2 - 21:28:19] Nguyen Huy took a Shotgun out of the SFPD locker at a cost of 0 HG Materials.
[2016/2/2 - 21:28:19] Be Vy took a vest out of the SFPD locker at a cost of 1 HG Material.
[2016/2/2 - 21:28:19] Nguyen Bon took a vest out of the SFPD locker at a cost of 1 HG Material.
[2016/2/2 - 21:28:20] Nguyen Huy took a Teargas out of the SFPD locker at a cost of 0 HG Materials.
[2016/2/2 - 21:28:22] Nguyen Huy took a Spray Can out of the SFPD locker at a cost of 0 HG Materials.
[2016/2/2 - 21:28:24] Nguyen Huy took a Shotgun out of the SFPD locker at a cost of 0 HG Materials.
[2016/2/2 - 21:28:25] Nguyen Huy took a Teargas out of the SFPD locker at a cost of 0 HG Materials.
[2016/2/2 - 21:28:27] Nguyen Huy took a MP5 out of the SFPD locker at a cost of 0 HG Materials.
[2016/2/2 - 21:28:30] Nguyen Huy took a Desert Eagle out of the SFPD locker at a cost of 0 HG Materials.
[2016/2/2 - 21:28:32] Nguyen Huy took a M4 out of the SFPD locker at a cost of 0 HG Materials.
[2016/2/2 - 21:28:35] Nguyen Huy took a Combat Shotgun out of the SFPD locker at a cost of 0 HG Materials.
[2016/2/2 - 21:28:37] Nguyen Huy took a Sniper Rifle out of the SFPD locker at a cost of 0 HG Materials.
[2016/2/2 - 21:28:41] Nguyen Huy took a vest out of the SFPD locker at a cost of 1 HG Material.
[2016/2/2 - 21:54:28] Micheal Sang took a vest out of the SFPD locker at a cost of 1 HG Material.
[2016/2/2 - 21:56:21] Micheal Sang took a vest out of the SFPD locker at a cost of 1 HG Material.
[2016/2/2 - 21:56:31] Micheal Sang took a Desert Eagle out of the SFPD locker at a cost of 0 HG Materials.
[2016/2/2 - 21:56:33] Micheal Sang took a M4 out of the SFPD locker at a cost of 0 HG Materials.
[2016/2/2 - 21:56:36] Micheal Sang took a Combat Shotgun out of the SFPD locker at a cost of 0 HG Materials.
[2016/2/2 - 21:56:40] Micheal Sang took a Sniper Rifle out of the SFPD locker at a cost of 0 HG Materials.
[2016/2/2 - 21:56:43] Micheal Sang took a vest for their car out of the SFPD locker at a cost of 1 HG Material.
[2016/2/2 - 22:00:24] The faction vault is at $36,999
[2016/2/2 - 22:11:29] Aconlont Spatex took a Combat Shotgun out of the SFPD locker at a cost of 0 HG Materials.
[2016/2/2 - 22:11:32] Aconlont Spatex took a M4 out of the SFPD locker at a cost of 0 HG Materials.
[2016/2/2 - 23:00:26] The faction vault is at $36,999
