[2016/2/3 - 0:00:02] The faction vault is at $36,999
[2016/2/3 - 1:00:57] The faction vault is at $36,999
[2016/2/3 - 3:00:41] The faction vault is at $36,999
[2016/2/3 - 4:00:18] The faction vault is at $36,999
[2016/2/3 - 5:00:53] The faction vault is at $36,999
[2016/2/3 - 6:00:16] The faction vault is at $36,999
[2016/2/3 - 7:00:02] The faction vault is at $36,999
[2016/2/3 - 8:00:30] The faction vault is at $36,999
[2016/2/3 - 9:01:04] The faction vault is at $36,999
[2016/2/3 - 9:43:28] Boy Hardy took a vest out of the SFPD locker at a cost of 1 HG Material.
[2016/2/3 - 9:43:32] Boy Hardy took a Combat Shotgun out of the SFPD locker at a cost of 0 HG Materials.
[2016/2/3 - 9:43:35] Boy Hardy took a Sniper Rifle out of the SFPD locker at a cost of 0 HG Materials.
[2016/2/3 - 9:43:37] Boy Hardy took a Desert Eagle out of the SFPD locker at a cost of 0 HG Materials.
[2016/2/3 - 9:43:39] Boy Hardy took a MP5 out of the SFPD locker at a cost of 0 HG Materials.
[2016/2/3 - 9:43:45] Boy Hardy took a vest for their car out of the SFPD locker at a cost of 1 HG Material.
[2016/2/3 - 9:43:47] Boy Hardy took a vest out of the SFPD locker at a cost of 1 HG Material.
[2016/2/3 - 9:49:08] Brian A Sun took a vest out of the SFPD locker at a cost of 1 HG Material.
[2016/2/3 - 9:49:10] Brian A Sun took a Nite Stick out of the SFPD locker at a cost of 0 HG Materials.
[2016/2/3 - 9:49:14] Brian A Sun took a Spray Can out of the SFPD locker at a cost of 0 HG Materials.
[2016/2/3 - 9:49:16] Brian A Sun took a Parachute out of the SFPD locker at a cost of 0 HG Materials.
[2016/2/3 - 9:49:17] Brian A Sun took a Shotgun out of the SFPD locker at a cost of 0 HG Materials.
[2016/2/3 - 9:49:19] Brian A Sun took a MP5 out of the SFPD locker at a cost of 0 HG Materials.
[2016/2/3 - 9:49:20] Brian A Sun took a Desert Eagle out of the SFPD locker at a cost of 0 HG Materials.
[2016/2/3 - 9:49:23] Brian A Sun took a M4 out of the SFPD locker at a cost of 0 HG Materials.
[2016/2/3 - 9:49:26] Brian A Sun took a Combat Shotgun out of the SFPD locker at a cost of 0 HG Materials.
[2016/2/3 - 9:49:28] Brian A Sun took a Sniper Rifle out of the SFPD locker at a cost of 0 HG Materials.
[2016/2/3 - 10:00:25] Boy Hardy took a vest out of the SFPD locker at a cost of 1 HG Material.
[2016/2/3 - 10:00:28] Boy Hardy took a Sniper Rifle out of the SFPD locker at a cost of 0 HG Materials.
[2016/2/3 - 10:00:30] Boy Hardy took a Combat Shotgun out of the SFPD locker at a cost of 0 HG Materials.
[2016/2/3 - 10:00:33] Boy Hardy took a M4 out of the SFPD locker at a cost of 0 HG Materials.
[2016/2/3 - 10:00:36] Boy Hardy took a Desert Eagle out of the SFPD locker at a cost of 0 HG Materials.
[2016/2/3 - 10:00:40] Boy Hardy took a Nite Stick out of the SFPD locker at a cost of 0 HG Materials.
[2016/2/3 - 10:01:01] The faction vault is at $36,999
[2016/2/3 - 10:04:38] Brian A Sun took a vest out of the SFPD locker at a cost of 1 HG Material.
[2016/2/3 - 10:04:39] Brian A Sun took a Nite Stick out of the SFPD locker at a cost of 0 HG Materials.
[2016/2/3 - 10:04:41] Brian A Sun took a Spray Can out of the SFPD locker at a cost of 0 HG Materials.
[2016/2/3 - 10:04:42] Brian A Sun took a Teargas out of the SFPD locker at a cost of 0 HG Materials.
[2016/2/3 - 10:04:44] Brian A Sun took a Parachute out of the SFPD locker at a cost of 0 HG Materials.
[2016/2/3 - 10:04:45] Brian A Sun took a Shotgun out of the SFPD locker at a cost of 0 HG Materials.
[2016/2/3 - 10:04:47] Brian A Sun took a MP5 out of the SFPD locker at a cost of 0 HG Materials.
[2016/2/3 - 10:04:49] Brian A Sun took a Desert Eagle out of the SFPD locker at a cost of 0 HG Materials.
[2016/2/3 - 10:04:51] Brian A Sun took a M4 out of the SFPD locker at a cost of 0 HG Materials.
[2016/2/3 - 10:04:57] Brian A Sun took a Sniper Rifle out of the SFPD locker at a cost of 0 HG Materials.
[2016/2/3 - 10:04:59] Brian A Sun took a Combat Shotgun out of the SFPD locker at a cost of 0 HG Materials.
[2016/2/3 - 10:05:01] Brian A Sun took a M4 out of the SFPD locker at a cost of 0 HG Materials.
[2016/2/3 - 10:05:02] Brian A Sun took a vest out of the SFPD locker at a cost of 1 HG Material.
[2016/2/3 - 10:05:30] Brian A Sun took a vest out of the SFPD locker at a cost of 1 HG Material.
[2016/2/3 - 10:05:36] Boy Hardy took a vest out of the SFPD locker at a cost of 1 HG Material.
[2016/2/3 - 10:05:39] Boy Hardy took a Nite Stick out of the SFPD locker at a cost of 0 HG Materials.
[2016/2/3 - 10:05:42] Boy Hardy took a Sniper Rifle out of the SFPD locker at a cost of 0 HG Materials.
[2016/2/3 - 10:05:44] Boy Hardy took a Combat Shotgun out of the SFPD locker at a cost of 0 HG Materials.
[2016/2/3 - 10:05:46] Boy Hardy took a M4 out of the SFPD locker at a cost of 0 HG Materials.
[2016/2/3 - 10:05:48] Boy Hardy took a Desert Eagle out of the SFPD locker at a cost of 0 HG Materials.
[2016/2/3 - 10:05:51] Boy Hardy took a vest for their car out of the SFPD locker at a cost of 1 HG Material.
[2016/2/3 - 10:05:57] Brian A Sun took a vest for their car out of the SFPD locker at a cost of 1 HG Material.
[2016/2/3 - 10:12:22] Brian A Sun took a vest out of the SFPD locker at a cost of 1 HG Material.
[2016/2/3 - 10:12:24] Brian A Sun took a Nite Stick out of the SFPD locker at a cost of 0 HG Materials.
[2016/2/3 - 10:12:26] Brian A Sun took a Spray Can out of the SFPD locker at a cost of 0 HG Materials.
[2016/2/3 - 10:12:27] Brian A Sun took a Teargas out of the SFPD locker at a cost of 0 HG Materials.
[2016/2/3 - 10:12:29] Brian A Sun took a Parachute out of the SFPD locker at a cost of 0 HG Materials.
[2016/2/3 - 10:12:30] Brian A Sun took a Shotgun out of the SFPD locker at a cost of 0 HG Materials.
[2016/2/3 - 10:12:32] Brian A Sun took a MP5 out of the SFPD locker at a cost of 0 HG Materials.
[2016/2/3 - 10:12:33] Boy Hardy took a vest out of the SFPD locker at a cost of 1 HG Material.
[2016/2/3 - 10:12:34] Brian A Sun took a Desert Eagle out of the SFPD locker at a cost of 0 HG Materials.
[2016/2/3 - 10:12:36] Brian A Sun took a M4 out of the SFPD locker at a cost of 0 HG Materials.
[2016/2/3 - 10:12:38] Brian A Sun took a Combat Shotgun out of the SFPD locker at a cost of 0 HG Materials.
[2016/2/3 - 10:12:39] Boy Hardy took a Sniper Rifle out of the SFPD locker at a cost of 0 HG Materials.
[2016/2/3 - 10:12:40] Brian A Sun took a Sniper Rifle out of the SFPD locker at a cost of 0 HG Materials.
[2016/2/3 - 10:12:41] Boy Hardy took a Combat Shotgun out of the SFPD locker at a cost of 0 HG Materials.
[2016/2/3 - 10:12:43] Boy Hardy took a M4 out of the SFPD locker at a cost of 0 HG Materials.
[2016/2/3 - 10:12:45] Boy Hardy took a Desert Eagle out of the SFPD locker at a cost of 0 HG Materials.
[2016/2/3 - 10:19:10] Boy Hardy took a vest out of the SFPD locker at a cost of 1 HG Material.
[2016/2/3 - 10:19:17] Boy Hardy took a Sniper Rifle out of the SFPD locker at a cost of 0 HG Materials.
[2016/2/3 - 10:19:19] Boy Hardy took a Combat Shotgun out of the SFPD locker at a cost of 0 HG Materials.
[2016/2/3 - 10:19:21] Boy Hardy took a M4 out of the SFPD locker at a cost of 0 HG Materials.
[2016/2/3 - 10:19:23] Boy Hardy took a Desert Eagle out of the SFPD locker at a cost of 0 HG Materials.
[2016/2/3 - 10:19:24] Boy Hardy took a Nite Stick out of the SFPD locker at a cost of 0 HG Materials.
[2016/2/3 - 10:30:31] Aconlont Spatex took a Sniper Rifle out of the SFPD locker at a cost of 0 HG Materials.
[2016/2/3 - 10:30:36] Aconlont Spatex took a Spray Can out of the SFPD locker at a cost of 0 HG Materials.
[2016/2/3 - 10:31:08] Aconlont Spatex took a vest out of the SFPD locker at a cost of 1 HG Material.
[2016/2/3 - 10:33:21] Tam Faker took a vest out of the SFPD locker at a cost of 1 HG Material.
[2016/2/3 - 10:33:25] Tam Faker took a Combat Shotgun out of the SFPD locker at a cost of 0 HG Materials.
[2016/2/3 - 10:33:28] Tam Faker took a M4 out of the SFPD locker at a cost of 0 HG Materials.
[2016/2/3 - 10:33:31] Tam Faker took a Desert Eagle out of the SFPD locker at a cost of 0 HG Materials.
[2016/2/3 - 10:35:24] Aconlont Spatex took a Combat Shotgun out of the SFPD locker at a cost of 0 HG Materials.
[2016/2/3 - 10:35:27] Aconlont Spatex took a M4 out of the SFPD locker at a cost of 0 HG Materials.
[2016/2/3 - 10:35:30] Aconlont Spatex took a Sniper Rifle out of the SFPD locker at a cost of 0 HG Materials.
[2016/2/3 - 10:35:34] Aconlont Spatex took a Desert Eagle out of the SFPD locker at a cost of 0 HG Materials.
[2016/2/3 - 10:36:23] Brian a Sun took a vest out of the SFPD locker at a cost of 1 HG Material.
[2016/2/3 - 10:36:24] Brian a Sun took a Nite Stick out of the SFPD locker at a cost of 0 HG Materials.
[2016/2/3 - 10:38:47] Aconlont Spatex took a vest out of the SFPD locker at a cost of 1 HG Material.
[2016/2/3 - 10:39:56] Boy Hardy took a vest out of the SFPD locker at a cost of 1 HG Material.
[2016/2/3 - 10:39:59] Boy Hardy took a Sniper Rifle out of the SFPD locker at a cost of 0 HG Materials.
[2016/2/3 - 10:40:01] Boy Hardy took a Combat Shotgun out of the SFPD locker at a cost of 0 HG Materials.
[2016/2/3 - 10:40:08] Boy Hardy took a M4 out of the SFPD locker at a cost of 0 HG Materials.
[2016/2/3 - 10:40:12] Boy Hardy took a Desert Eagle out of the SFPD locker at a cost of 0 HG Materials.
[2016/2/3 - 10:40:15] Boy Hardy took a MP5 out of the SFPD locker at a cost of 0 HG Materials.
[2016/2/3 - 10:40:38] Boy Hardy took a Desert Eagle out of the SFPD locker at a cost of 0 HG Materials.
[2016/2/3 - 10:44:39] Aconlont Spatex took a vest out of the SFPD locker at a cost of 1 HG Material.
[2016/2/3 - 10:45:55] Boy Hardy took a vest out of the SFPD locker at a cost of 1 HG Material.
[2016/2/3 - 10:46:05] Brian a Sun took a vest out of the SFPD locker at a cost of 1 HG Material.
[2016/2/3 - 10:46:17] Boy Hardy took a vest for their car out of the SFPD locker at a cost of 1 HG Material.
[2016/2/3 - 10:46:36] Boy Hardy took a Desert Eagle out of the SFPD locker at a cost of 0 HG Materials.
[2016/2/3 - 10:46:38] Boy Hardy took a Nite Stick out of the SFPD locker at a cost of 0 HG Materials.
[2016/2/3 - 10:46:40] Boy Hardy took a M4 out of the SFPD locker at a cost of 0 HG Materials.
[2016/2/3 - 10:46:44] Boy Hardy took a Combat Shotgun out of the SFPD locker at a cost of 0 HG Materials.
[2016/2/3 - 10:46:46] Boy Hardy took a Sniper Rifle out of the SFPD locker at a cost of 0 HG Materials.
[2016/2/3 - 10:52:42] Boy Hardy took a Sniper Rifle out of the SFPD locker at a cost of 0 HG Materials.
[2016/2/3 - 10:52:44] Boy Hardy took a Combat Shotgun out of the SFPD locker at a cost of 0 HG Materials.
[2016/2/3 - 10:52:46] Boy Hardy took a M4 out of the SFPD locker at a cost of 0 HG Materials.
[2016/2/3 - 10:52:48] Boy Hardy took a Desert Eagle out of the SFPD locker at a cost of 0 HG Materials.
[2016/2/3 - 10:57:42] Aconlont Spatex took a vest out of the SFPD locker at a cost of 1 HG Material.
[2016/2/3 - 10:57:46] Aconlont Spatex took a M4 out of the SFPD locker at a cost of 0 HG Materials.
[2016/2/3 - 10:57:48] Aconlont Spatex took a Combat Shotgun out of the SFPD locker at a cost of 0 HG Materials.
[2016/2/3 - 10:57:51] Aconlont Spatex took a Sniper Rifle out of the SFPD locker at a cost of 0 HG Materials.
[2016/2/3 - 10:57:56] Aconlont Spatex took a Desert Eagle out of the SFPD locker at a cost of 0 HG Materials.
[2016/2/3 - 11:00:55] The faction vault is at $36,999
[2016/2/3 - 11:11:56] Aconlont Spatex took a vest out of the SFPD locker at a cost of 1 HG Material.
[2016/2/3 - 11:11:57] Aconlont Spatex took a vest out of the SFPD locker at a cost of 1 HG Material.
[2016/2/3 - 11:12:00] Aconlont Spatex took a M4 out of the SFPD locker at a cost of 0 HG Materials.
[2016/2/3 - 11:12:03] Aconlont Spatex took a Combat Shotgun out of the SFPD locker at a cost of 0 HG Materials.
[2016/2/3 - 11:12:05] Aconlont Spatex took a Sniper Rifle out of the SFPD locker at a cost of 0 HG Materials.
[2016/2/3 - 11:12:09] Aconlont Spatex took a Desert Eagle out of the SFPD locker at a cost of 0 HG Materials.
[2016/2/3 - 11:16:37] Moster Giang took a vest out of the SFPD locker at a cost of 1 HG Material.
[2016/2/3 - 11:16:43] Moster Giang took a vest out of the SFPD locker at a cost of 1 HG Material.
[2016/2/3 - 11:16:50] Moster Giang took a vest for their car out of the SFPD locker at a cost of 1 HG Material.
[2016/2/3 - 11:16:52] Moster Giang took a vest out of the SFPD locker at a cost of 1 HG Material.
[2016/2/3 - 11:17:03] Moster Giang took a vest out of the SFPD locker at a cost of 1 HG Material.
[2016/2/3 - 11:17:09] Moster Giang took a Nite Stick out of the SFPD locker at a cost of 0 HG Materials.
[2016/2/3 - 11:17:11] Moster Giang took a Spray Can out of the SFPD locker at a cost of 0 HG Materials.
[2016/2/3 - 11:17:14] Moster Giang took a Combat Shotgun out of the SFPD locker at a cost of 0 HG Materials.
[2016/2/3 - 11:17:18] Moster Giang took a Desert Eagle out of the SFPD locker at a cost of 0 HG Materials.
[2016/2/3 - 11:17:21] Moster Giang took a Sniper Rifle out of the SFPD locker at a cost of 0 HG Materials.
[2016/2/3 - 11:28:22] Moster Giang took a vest out of the SFPD locker at a cost of 1 HG Material.
[2016/2/3 - 11:28:24] Moster Giang took a Nite Stick out of the SFPD locker at a cost of 0 HG Materials.
[2016/2/3 - 11:28:25] Moster Giang took a Spray Can out of the SFPD locker at a cost of 0 HG Materials.
[2016/2/3 - 11:28:28] Moster Giang took a Shotgun out of the SFPD locker at a cost of 0 HG Materials.
[2016/2/3 - 11:28:30] Moster Giang took a Combat Shotgun out of the SFPD locker at a cost of 0 HG Materials.
[2016/2/3 - 11:28:33] Moster Giang took a Sniper Rifle out of the SFPD locker at a cost of 0 HG Materials.
[2016/2/3 - 11:28:35] Moster Giang took a Desert Eagle out of the SFPD locker at a cost of 0 HG Materials.
[2016/2/3 - 11:28:37] Moster Giang took a MP5 out of the SFPD locker at a cost of 0 HG Materials.
[2016/2/3 - 11:42:36] Aconlont Spatex took a M4 out of the SFPD locker at a cost of 0 HG Materials.
[2016/2/3 - 11:42:38] Aconlont Spatex took a Combat Shotgun out of the SFPD locker at a cost of 0 HG Materials.
[2016/2/3 - 11:42:41] Aconlont Spatex took a Sniper Rifle out of the SFPD locker at a cost of 0 HG Materials.
[2016/2/3 - 11:42:45] Aconlont Spatex took a Desert Eagle out of the SFPD locker at a cost of 0 HG Materials.
[2016/2/3 - 11:44:50] Moster Giang took a vest out of the SFPD locker at a cost of 1 HG Material.
[2016/2/3 - 11:44:52] Moster Giang took a Nite Stick out of the SFPD locker at a cost of 0 HG Materials.
[2016/2/3 - 11:44:54] Moster Giang took a Spray Can out of the SFPD locker at a cost of 0 HG Materials.
[2016/2/3 - 11:44:55] Moster Giang took a Spray Can out of the SFPD locker at a cost of 0 HG Materials.
[2016/2/3 - 11:44:57] Moster Giang took a Teargas out of the SFPD locker at a cost of 0 HG Materials.
[2016/2/3 - 11:45:02] Moster Giang took a Desert Eagle out of the SFPD locker at a cost of 0 HG Materials.
[2016/2/3 - 11:45:05] Moster Giang took a Combat Shotgun out of the SFPD locker at a cost of 0 HG Materials.
[2016/2/3 - 11:45:07] Moster Giang took a M4 out of the SFPD locker at a cost of 0 HG Materials.
[2016/2/3 - 11:45:10] Moster Giang took a Sniper Rifle out of the SFPD locker at a cost of 0 HG Materials.
[2016/2/3 - 11:57:08] Mafia Winter has been arrested by Aconlont Spatex and fined $2000. $666 has been sent to SFPD's budget fund.
[2016/2/3 - 11:58:37] Moster Giang took a vest out of the SFPD locker at a cost of 1 HG Material.
[2016/2/3 - 12:00:39] The faction vault is at $37,665
[2016/2/3 - 12:01:17] Boss Togan has been arrested by Aconlont Spatex and fined $2000. $666 has been sent to SFPD's budget fund.
[2016/2/3 - 12:23:44] Be Vy took a vest out of the SFPD locker at a cost of 1 HG Material.
[2016/2/3 - 12:23:45] Be Vy took a vest for their car out of the SFPD locker at a cost of 1 HG Material.
[2016/2/3 - 13:00:23] The faction vault is at $37,665
[2016/2/3 - 13:10:52] Brian a Sun took a vest out of the SFPD locker at a cost of 1 HG Material.
[2016/2/3 - 13:10:53] Brian a Sun took a Nite Stick out of the SFPD locker at a cost of 0 HG Materials.
[2016/2/3 - 13:10:55] Brian a Sun took a Spray Can out of the SFPD locker at a cost of 0 HG Materials.
[2016/2/3 - 13:10:57] Brian a Sun took a Teargas out of the SFPD locker at a cost of 0 HG Materials.
[2016/2/3 - 13:10:59] Brian a Sun took a Parachute out of the SFPD locker at a cost of 0 HG Materials.
[2016/2/3 - 13:11:01] Brian a Sun took a Desert Eagle out of the SFPD locker at a cost of 0 HG Materials.
[2016/2/3 - 13:11:03] Brian a Sun took a Combat Shotgun out of the SFPD locker at a cost of 0 HG Materials.
[2016/2/3 - 13:11:06] Brian a Sun took a M4 out of the SFPD locker at a cost of 0 HG Materials.
[2016/2/3 - 13:11:08] Brian a Sun took a Sniper Rifle out of the SFPD locker at a cost of 0 HG Materials.
[2016/2/3 - 14:00:56] The faction vault is at $37,665
[2016/2/3 - 14:53:51] Aconlont Spatex took a vest out of the SFPD locker at a cost of 1 HG Material.
[2016/2/3 - 15:01:05] The faction vault is at $37,665
[2016/2/3 - 15:03:35] Micheal Sang took a vest out of the SFPD locker at a cost of 1 HG Material.
[2016/2/3 - 15:04:26] Aconlont Spatex took a vest out of the SFPD locker at a cost of 1 HG Material.
[2016/2/3 - 15:04:29] Aconlont Spatex took a M4 out of the SFPD locker at a cost of 0 HG Materials.
[2016/2/3 - 15:04:32] Aconlont Spatex took a Combat Shotgun out of the SFPD locker at a cost of 0 HG Materials.
[2016/2/3 - 15:04:34] Aconlont Spatex took a Sniper Rifle out of the SFPD locker at a cost of 0 HG Materials.
[2016/2/3 - 15:04:37] Aconlont Spatex took a Desert Eagle out of the SFPD locker at a cost of 0 HG Materials.
[2016/2/3 - 15:06:11] Micheal Sang took a vest out of the SFPD locker at a cost of 1 HG Material.
[2016/2/3 - 15:06:13] Micheal Sang took a vest for their car out of the SFPD locker at a cost of 1 HG Material.
[2016/2/3 - 15:13:54] Micheal Sang took a vest out of the SFPD locker at a cost of 1 HG Material.
[2016/2/3 - 15:13:55] Micheal Sang took a Nite Stick out of the SFPD locker at a cost of 0 HG Materials.
[2016/2/3 - 15:13:57] Micheal Sang took a Combat Shotgun out of the SFPD locker at a cost of 0 HG Materials.
[2016/2/3 - 15:13:59] Micheal Sang took a M4 out of the SFPD locker at a cost of 0 HG Materials.
[2016/2/3 - 15:14:02] Micheal Sang took a Sniper Rifle out of the SFPD locker at a cost of 0 HG Materials.
[2016/2/3 - 15:17:47] Wiliam Huy took a Shotgun out of the SFPD locker at a cost of 0 HG Materials.
[2016/2/3 - 15:17:52] Wiliam Huy took a Desert Eagle out of the SFPD locker at a cost of 0 HG Materials.
[2016/2/3 - 15:17:54] Wiliam Huy took a vest out of the SFPD locker at a cost of 1 HG Material.
[2016/2/3 - 15:28:18] Tran Thuy Hoang took a vest out of the SFPD locker at a cost of 1 HG Material.
[2016/2/3 - 15:28:24] Tran Thuy Hoang took a Nite Stick out of the SFPD locker at a cost of 0 HG Materials.
[2016/2/3 - 15:28:26] Tran Thuy Hoang took a Spray Can out of the SFPD locker at a cost of 0 HG Materials.
[2016/2/3 - 15:28:28] Tran Thuy Hoang took a Shotgun out of the SFPD locker at a cost of 0 HG Materials.
[2016/2/3 - 15:28:32] Tran Thuy Hoang took a Desert Eagle out of the SFPD locker at a cost of 0 HG Materials.
[2016/2/3 - 15:28:35] Tran Thuy Hoang took a M4 out of the SFPD locker at a cost of 0 HG Materials.
[2016/2/3 - 15:28:39] Tran Thuy Hoang took a Sniper Rifle out of the SFPD locker at a cost of 0 HG Materials.
[2016/2/3 - 15:28:49] Wiliam Huy took a vest for their car out of the SFPD locker at a cost of 1 HG Material.
[2016/2/3 - 15:28:51] Wiliam Huy took a vest out of the SFPD locker at a cost of 1 HG Material.
[2016/2/3 - 15:28:55] Wiliam Huy took a Nite Stick out of the SFPD locker at a cost of 0 HG Materials.
[2016/2/3 - 15:29:00] Wiliam Huy took a M4 out of the SFPD locker at a cost of 0 HG Materials.
[2016/2/3 - 15:29:03] Tran Thuy Hoang took a vest for their car out of the SFPD locker at a cost of 1 HG Material.
[2016/2/3 - 15:31:10] Tran Thuy Hoang took a vest out of the SFPD locker at a cost of 1 HG Material.
[2016/2/3 - 15:40:13] Tran Thuy Hoang took a vest out of the SFPD locker at a cost of 1 HG Material.
[2016/2/3 - 15:40:23] Tran Thuy Hoang took a Desert Eagle out of the SFPD locker at a cost of 0 HG Materials.
[2016/2/3 - 15:40:26] Tran Thuy Hoang took a M4 out of the SFPD locker at a cost of 0 HG Materials.
[2016/2/3 - 15:40:28] Tran Thuy Hoang took a Sniper Rifle out of the SFPD locker at a cost of 0 HG Materials.
[2016/2/3 - 16:00:49] The faction vault is at $37,665
[2016/2/3 - 16:09:24] Cai Bang took a M4 out of the SFPD locker at a cost of 0 HG Materials.
[2016/2/3 - 16:09:28] Cai Bang took a Combat Shotgun out of the SFPD locker at a cost of 0 HG Materials.
[2016/2/3 - 16:09:31] Cai Bang took a Sniper Rifle out of the SFPD locker at a cost of 0 HG Materials.
[2016/2/3 - 16:09:35] Cai Bang took a Nite Stick out of the SFPD locker at a cost of 0 HG Materials.
[2016/2/3 - 16:12:10] Smith Robeo took a vest out of the SFPD locker at a cost of 1 HG Material.
[2016/2/3 - 16:12:37] Smith Robeo took a vest out of the SFPD locker at a cost of 1 HG Material.
[2016/2/3 - 16:12:47] Smith Robeo took a Desert Eagle out of the SFPD locker at a cost of 0 HG Materials.
[2016/2/3 - 16:12:51] Smith Robeo took a M4 out of the SFPD locker at a cost of 0 HG Materials.
[2016/2/3 - 16:12:59] Smith Robeo took a Spray Can out of the SFPD locker at a cost of 0 HG Materials.
[2016/2/3 - 16:26:17] Smith Robeo took a vest out of the SFPD locker at a cost of 1 HG Material.
[2016/2/3 - 16:47:06] Jons Giang took a vest out of the SFPD locker at a cost of 1 HG Material.
[2016/2/3 - 16:47:08] Jons Giang took a Nite Stick out of the SFPD locker at a cost of 0 HG Materials.
[2016/2/3 - 16:47:09] Jons Giang took a Spray Can out of the SFPD locker at a cost of 0 HG Materials.
[2016/2/3 - 16:47:12] Jons Giang took a M4 out of the SFPD locker at a cost of 0 HG Materials.
[2016/2/3 - 16:47:14] Jons Giang took a Combat Shotgun out of the SFPD locker at a cost of 0 HG Materials.
[2016/2/3 - 16:47:16] Jons Giang took a Sniper Rifle out of the SFPD locker at a cost of 0 HG Materials.
[2016/2/3 - 16:56:36] Micheal Sang took a vest out of the SFPD locker at a cost of 1 HG Material.
[2016/2/3 - 16:56:37] Micheal Sang took a vest for their car out of the SFPD locker at a cost of 1 HG Material.
[2016/2/3 - 16:57:11] Micheal Sang took a vest out of the SFPD locker at a cost of 1 HG Material.
[2016/2/3 - 16:57:13] Micheal Sang took a vest for their car out of the SFPD locker at a cost of 1 HG Material.
[2016/2/3 - 16:57:43] Micheal Sang took a vest for their car out of the SFPD locker at a cost of 1 HG Material.
[2016/2/3 - 16:58:27] Micheal Sang took a Combat Shotgun out of the SFPD locker at a cost of 0 HG Materials.
[2016/2/3 - 16:58:29] Micheal Sang took a vest out of the SFPD locker at a cost of 1 HG Material.
[2016/2/3 - 16:58:43] TamHoang Lam took a vest out of the SFPD locker at a cost of 1 HG Material.
[2016/2/3 - 16:58:45] TamHoang Lam took a vest for their car out of the SFPD locker at a cost of 1 HG Material.
[2016/2/3 - 16:58:51] TamHoang Lam took a Desert Eagle out of the SFPD locker at a cost of 0 HG Materials.
[2016/2/3 - 16:58:55] TamHoang Lam took a M4 out of the SFPD locker at a cost of 0 HG Materials.
[2016/2/3 - 16:58:57] TamHoang Lam took a Combat Shotgun out of the SFPD locker at a cost of 0 HG Materials.
[2016/2/3 - 16:59:00] TamHoang Lam took a Sniper Rifle out of the SFPD locker at a cost of 0 HG Materials.
[2016/2/3 - 17:01:03] The faction vault is at $37,665
[2016/2/3 - 17:09:16] Smith Robeo took a vest out of the SFPD locker at a cost of 1 HG Material.
[2016/2/3 - 17:09:23] Smith Robeo took a Nite Stick out of the SFPD locker at a cost of 0 HG Materials.
[2016/2/3 - 17:31:48] Smith Robeo took a vest out of the SFPD locker at a cost of 1 HG Material.
[2016/2/3 - 17:31:53] Smith Robeo took a Nite Stick out of the SFPD locker at a cost of 0 HG Materials.
[2016/2/3 - 17:31:57] Smith Robeo took a Teargas out of the SFPD locker at a cost of 0 HG Materials.
[2016/2/3 - 17:32:02] Smith Robeo took a Spray Can out of the SFPD locker at a cost of 0 HG Materials.
[2016/2/3 - 17:32:07] Smith Robeo took a M4 out of the SFPD locker at a cost of 0 HG Materials.
[2016/2/3 - 17:32:11] Smith Robeo took a Desert Eagle out of the SFPD locker at a cost of 0 HG Materials.
[2016/2/3 - 17:44:38] Smith Robeo took a vest out of the SFPD locker at a cost of 1 HG Material.
[2016/2/3 - 17:44:45] Smith Robeo took a Teargas out of the SFPD locker at a cost of 0 HG Materials.
[2016/2/3 - 17:44:58] Smith Robeo took a vest out of the SFPD locker at a cost of 1 HG Material.
[2016/2/3 - 17:45:01] Smith Robeo took a Nite Stick out of the SFPD locker at a cost of 0 HG Materials.
[2016/2/3 - 17:45:06] Smith Robeo took a M4 out of the SFPD locker at a cost of 0 HG Materials.
[2016/2/3 - 17:45:10] Smith Robeo took a Desert Eagle out of the SFPD locker at a cost of 0 HG Materials.
[2016/2/3 - 18:00:24] The faction vault is at $37,665
[2016/2/3 - 18:03:29] Tran Thuy Hoang took a vest out of the SFPD locker at a cost of 1 HG Material.
[2016/2/3 - 18:03:34] Tran Thuy Hoang took a Nite Stick out of the SFPD locker at a cost of 0 HG Materials.
[2016/2/3 - 18:03:37] Tran Thuy Hoang took a M4 out of the SFPD locker at a cost of 0 HG Materials.
[2016/2/3 - 18:03:40] Tran Thuy Hoang took a Desert Eagle out of the SFPD locker at a cost of 0 HG Materials.
[2016/2/3 - 18:10:43] Smith Robeo took a vest out of the SFPD locker at a cost of 1 HG Material.
[2016/2/3 - 18:10:48] Smith Robeo took a Nite Stick out of the SFPD locker at a cost of 0 HG Materials.
[2016/2/3 - 18:10:50] Smith Robeo took a Spray Can out of the SFPD locker at a cost of 0 HG Materials.
[2016/2/3 - 18:10:53] Smith Robeo took a Desert Eagle out of the SFPD locker at a cost of 0 HG Materials.
[2016/2/3 - 18:10:56] Smith Robeo took a M4 out of the SFPD locker at a cost of 0 HG Materials.
[2016/2/3 - 18:14:42] Tran Thuy Hoang took a M4 out of the SFPD locker at a cost of 0 HG Materials.
[2016/2/3 - 18:14:43] Smith Robeo took a vest out of the SFPD locker at a cost of 1 HG Material.
[2016/2/3 - 18:14:45] Tran Thuy Hoang took a Desert Eagle out of the SFPD locker at a cost of 0 HG Materials.
[2016/2/3 - 18:14:45] Smith Robeo took a Nite Stick out of the SFPD locker at a cost of 0 HG Materials.
[2016/2/3 - 18:14:47] Tran Thuy Hoang took a vest out of the SFPD locker at a cost of 1 HG Material.
[2016/2/3 - 18:14:49] Micheal Sang took a vest out of the SFPD locker at a cost of 1 HG Material.
[2016/2/3 - 18:14:51] Smith Robeo took a Spray Can out of the SFPD locker at a cost of 0 HG Materials.
[2016/2/3 - 18:14:53] Micheal Sang took a vest out of the SFPD locker at a cost of 1 HG Material.
[2016/2/3 - 18:14:54] Micheal Sang took a Nite Stick out of the SFPD locker at a cost of 0 HG Materials.
[2016/2/3 - 18:14:54] Smith Robeo took a Desert Eagle out of the SFPD locker at a cost of 0 HG Materials.
[2016/2/3 - 18:14:57] Micheal Sang took a Desert Eagle out of the SFPD locker at a cost of 0 HG Materials.
[2016/2/3 - 18:14:57] Smith Robeo took a M4 out of the SFPD locker at a cost of 0 HG Materials.
[2016/2/3 - 18:14:58] Smith Robeo took a vest out of the SFPD locker at a cost of 1 HG Material.
[2016/2/3 - 18:14:59] Micheal Sang took a M4 out of the SFPD locker at a cost of 0 HG Materials.
[2016/2/3 - 18:15:01] Micheal Sang took a Combat Shotgun out of the SFPD locker at a cost of 0 HG Materials.
[2016/2/3 - 18:15:03] Micheal Sang took a Sniper Rifle out of the SFPD locker at a cost of 0 HG Materials.
[2016/2/3 - 18:15:49] Micheal Sang took a vest out of the SFPD locker at a cost of 1 HG Material.
[2016/2/3 - 18:17:35] Micheal Sang took a vest out of the SFPD locker at a cost of 1 HG Material.
[2016/2/3 - 18:17:36] Micheal Sang took a vest for their car out of the SFPD locker at a cost of 1 HG Material.
[2016/2/3 - 18:18:20] Smith Robeo took a vest out of the SFPD locker at a cost of 1 HG Material.
[2016/2/3 - 18:18:22] Smith Robeo took a Nite Stick out of the SFPD locker at a cost of 0 HG Materials.
[2016/2/3 - 18:18:26] Smith Robeo took a vest out of the SFPD locker at a cost of 1 HG Material.
[2016/2/3 - 18:18:27] Smith Robeo took a Spray Can out of the SFPD locker at a cost of 0 HG Materials.
[2016/2/3 - 18:18:31] Smith Robeo took a M4 out of the SFPD locker at a cost of 0 HG Materials.
[2016/2/3 - 18:18:33] Smith Robeo took a Desert Eagle out of the SFPD locker at a cost of 0 HG Materials.
[2016/2/3 - 18:19:26] Tran Thuy Hoang took a vest out of the SFPD locker at a cost of 1 HG Material.
[2016/2/3 - 18:19:29] Tran Thuy Hoang took a M4 out of the SFPD locker at a cost of 0 HG Materials.
[2016/2/3 - 18:19:34] Tran Thuy Hoang took a Combat Shotgun out of the SFPD locker at a cost of 0 HG Materials.
[2016/2/3 - 18:19:36] Tran Thuy Hoang took a Sniper Rifle out of the SFPD locker at a cost of 0 HG Materials.
[2016/2/3 - 18:19:43] Micheal Sang took a vest out of the SFPD locker at a cost of 1 HG Material.
[2016/2/3 - 18:19:54] Tran Thuy Hoang took a Desert Eagle out of the SFPD locker at a cost of 0 HG Materials.
[2016/2/3 - 18:20:50] Anic Mickey took a vest out of the SFPD locker at a cost of 1 HG Material.
[2016/2/3 - 18:20:54] Anic Mickey took a Desert Eagle out of the SFPD locker at a cost of 0 HG Materials.
[2016/2/3 - 18:20:58] Anic Mickey took a MP5 out of the SFPD locker at a cost of 0 HG Materials.
[2016/2/3 - 18:21:01] Anic Mickey took a M4 out of the SFPD locker at a cost of 0 HG Materials.
[2016/2/3 - 18:21:04] Anic Mickey took a Combat Shotgun out of the SFPD locker at a cost of 0 HG Materials.
[2016/2/3 - 18:21:06] Anic Mickey took a Sniper Rifle out of the SFPD locker at a cost of 0 HG Materials.
[2016/2/3 - 18:23:24] Tran Thuy Hoang took a vest out of the SFPD locker at a cost of 1 HG Material.
[2016/2/3 - 18:25:30] Smith Robeo took a vest out of the SFPD locker at a cost of 1 HG Material.
[2016/2/3 - 18:26:36] Micheal Sang took a vest out of the SFPD locker at a cost of 1 HG Material.
[2016/2/3 - 18:26:44] Micheal Sang took a vest out of the SFPD locker at a cost of 1 HG Material.
[2016/2/3 - 18:26:45] Micheal Sang took a vest for their car out of the SFPD locker at a cost of 1 HG Material.
[2016/2/3 - 18:26:50] Micheal Sang took a M4 out of the SFPD locker at a cost of 0 HG Materials.
[2016/2/3 - 18:26:51] Micheal Sang took a Combat Shotgun out of the SFPD locker at a cost of 0 HG Materials.
[2016/2/3 - 18:26:53] Micheal Sang took a Sniper Rifle out of the SFPD locker at a cost of 0 HG Materials.
[2016/2/3 - 18:36:51] Smith Robeo took a vest out of the SFPD locker at a cost of 1 HG Material.
[2016/2/3 - 18:36:59] Smith Robeo took a Nite Stick out of the SFPD locker at a cost of 0 HG Materials.
[2016/2/3 - 18:37:01] Smith Robeo took a Spray Can out of the SFPD locker at a cost of 0 HG Materials.
[2016/2/3 - 18:37:03] Smith Robeo took a M4 out of the SFPD locker at a cost of 0 HG Materials.
[2016/2/3 - 18:37:07] Smith Robeo took a Desert Eagle out of the SFPD locker at a cost of 0 HG Materials.
[2016/2/3 - 18:37:13] Tran Thuy Hoang took a vest out of the SFPD locker at a cost of 1 HG Material.
[2016/2/3 - 18:37:16] Tran Thuy Hoang took a M4 out of the SFPD locker at a cost of 0 HG Materials.
[2016/2/3 - 18:37:23] Tran Thuy Hoang took a Sniper Rifle out of the SFPD locker at a cost of 0 HG Materials.
[2016/2/3 - 18:37:26] Tran Thuy Hoang took a Desert Eagle out of the SFPD locker at a cost of 0 HG Materials.
[2016/2/3 - 18:42:23] Micheal Sang took a vest out of the SFPD locker at a cost of 1 HG Material.
[2016/2/3 - 18:42:25] Micheal Sang took a vest out of the SFPD locker at a cost of 1 HG Material.
[2016/2/3 - 18:42:28] Micheal Sang took a Nite Stick out of the SFPD locker at a cost of 0 HG Materials.
[2016/2/3 - 18:42:30] Micheal Sang took a Desert Eagle out of the SFPD locker at a cost of 0 HG Materials.
[2016/2/3 - 18:42:31] Micheal Sang took a M4 out of the SFPD locker at a cost of 0 HG Materials.
[2016/2/3 - 18:42:34] Micheal Sang took a Combat Shotgun out of the SFPD locker at a cost of 0 HG Materials.
[2016/2/3 - 18:42:36] Micheal Sang took a Sniper Rifle out of the SFPD locker at a cost of 0 HG Materials.
[2016/2/3 - 18:43:10] Micheal Sang took a vest out of the SFPD locker at a cost of 1 HG Material.
[2016/2/3 - 18:43:14] Micheal Sang took a vest for their car out of the SFPD locker at a cost of 1 HG Material.
[2016/2/3 - 18:47:08] Tran Thuy Hoang took a vest out of the SFPD locker at a cost of 1 HG Material.
[2016/2/3 - 18:47:13] Tran Thuy Hoang took a M4 out of the SFPD locker at a cost of 0 HG Materials.
[2016/2/3 - 18:47:16] Tran Thuy Hoang took a Desert Eagle out of the SFPD locker at a cost of 0 HG Materials.
[2016/2/3 - 18:47:42] Smith Robeo took a vest out of the SFPD locker at a cost of 1 HG Material.
[2016/2/3 - 18:47:44] TamHoang Lam took a vest out of the SFPD locker at a cost of 1 HG Material.
[2016/2/3 - 18:47:45] Smith Robeo took a Nite Stick out of the SFPD locker at a cost of 0 HG Materials.
[2016/2/3 - 18:47:46] Smith Robeo took a Spray Can out of the SFPD locker at a cost of 0 HG Materials.
[2016/2/3 - 18:47:46] TamHoang Lam took a vest for their car out of the SFPD locker at a cost of 1 HG Material.
[2016/2/3 - 18:47:49] Smith Robeo took a M4 out of the SFPD locker at a cost of 0 HG Materials.
[2016/2/3 - 18:47:52] Smith Robeo took a Desert Eagle out of the SFPD locker at a cost of 0 HG Materials.
[2016/2/3 - 18:47:52] TamHoang Lam took a Desert Eagle out of the SFPD locker at a cost of 0 HG Materials.
[2016/2/3 - 18:47:54] Tran Thuy Hoang took a Nite Stick out of the SFPD locker at a cost of 0 HG Materials.
[2016/2/3 - 18:47:56] TamHoang Lam took a M4 out of the SFPD locker at a cost of 0 HG Materials.
[2016/2/3 - 18:48:51] TamHoang Lam took a Combat Shotgun out of the SFPD locker at a cost of 0 HG Materials.
[2016/2/3 - 18:48:54] TamHoang Lam took a Sniper Rifle out of the SFPD locker at a cost of 0 HG Materials.
[2016/2/3 - 18:55:06] Smith Robeo took a vest out of the SFPD locker at a cost of 1 HG Material.
[2016/2/3 - 18:55:10] Smith Robeo took a Nite Stick out of the SFPD locker at a cost of 0 HG Materials.
[2016/2/3 - 18:55:13] Smith Robeo took a Desert Eagle out of the SFPD locker at a cost of 0 HG Materials.
[2016/2/3 - 18:55:16] Smith Robeo took a M4 out of the SFPD locker at a cost of 0 HG Materials.
[2016/2/3 - 18:55:57] Tran Thuy Hoang took a vest out of the SFPD locker at a cost of 1 HG Material.
[2016/2/3 - 18:56:01] Tran Thuy Hoang took a M4 out of the SFPD locker at a cost of 0 HG Materials.
[2016/2/3 - 18:56:03] Tran Thuy Hoang took a Desert Eagle out of the SFPD locker at a cost of 0 HG Materials.
[2016/2/3 - 19:00:06] The faction vault is at $37,665
[2016/2/3 - 19:02:46] Tran Thuy Hoang took a MP5 out of the SFPD locker at a cost of 0 HG Materials.
[2016/2/3 - 19:07:43] Smith Robeo took a vest out of the SFPD locker at a cost of 1 HG Material.
[2016/2/3 - 19:07:44] Smith Robeo took a Nite Stick out of the SFPD locker at a cost of 0 HG Materials.
[2016/2/3 - 19:07:47] Smith Robeo took a Desert Eagle out of the SFPD locker at a cost of 0 HG Materials.
[2016/2/3 - 19:07:49] Smith Robeo took a M4 out of the SFPD locker at a cost of 0 HG Materials.
[2016/2/3 - 19:09:55] Smith Robeo took a vest out of the SFPD locker at a cost of 1 HG Material.
[2016/2/3 - 19:10:09] Tran Thuy Hoang took a vest out of the SFPD locker at a cost of 1 HG Material.
[2016/2/3 - 19:10:21] Tran Thuy Hoang took a Nite Stick out of the SFPD locker at a cost of 0 HG Materials.
[2016/2/3 - 19:10:24] Tran Thuy Hoang took a M4 out of the SFPD locker at a cost of 0 HG Materials.
[2016/2/3 - 19:10:27] Tran Thuy Hoang took a Sniper Rifle out of the SFPD locker at a cost of 0 HG Materials.
[2016/2/3 - 19:10:31] Tran Thuy Hoang took a Desert Eagle out of the SFPD locker at a cost of 0 HG Materials.
[2016/2/3 - 19:10:33] Tran Thuy Hoang took a MP5 out of the SFPD locker at a cost of 0 HG Materials.
[2016/2/3 - 19:16:18] Smith Robeo took a vest out of the SFPD locker at a cost of 1 HG Material.
[2016/2/3 - 19:16:21] Smith Robeo took a Desert Eagle out of the SFPD locker at a cost of 0 HG Materials.
[2016/2/3 - 19:16:25] Smith Robeo took a M4 out of the SFPD locker at a cost of 0 HG Materials.
[2016/2/3 - 19:19:33] Tran Thuy Hoang took a vest out of the SFPD locker at a cost of 1 HG Material.
[2016/2/3 - 19:19:37] Tran Thuy Hoang took a M4 out of the SFPD locker at a cost of 0 HG Materials.
[2016/2/3 - 19:19:39] Smith Robeo took a vest out of the SFPD locker at a cost of 1 HG Material.
[2016/2/3 - 19:19:40] Tran Thuy Hoang took a Desert Eagle out of the SFPD locker at a cost of 0 HG Materials.
[2016/2/3 - 19:19:47] Smith Robeo took a Desert Eagle out of the SFPD locker at a cost of 0 HG Materials.
[2016/2/3 - 19:19:50] Smith Robeo took a M4 out of the SFPD locker at a cost of 0 HG Materials.
[2016/2/3 - 19:27:33] Jack Gambit has been arrested by Smith Robeo and fined $1. $0 has been sent to SFPD's budget fund.
[2016/2/3 - 19:34:27] Smith Robeo took a vest out of the SFPD locker at a cost of 1 HG Material.
[2016/2/3 - 19:34:54] Tran Thuy Hoang took a MP5 out of the SFPD locker at a cost of 0 HG Materials.
[2016/2/3 - 19:38:27] Smith Robeo took a M4 out of the SFPD locker at a cost of 0 HG Materials.
[2016/2/3 - 19:38:30] Smith Robeo took a Desert Eagle out of the SFPD locker at a cost of 0 HG Materials.
[2016/2/3 - 19:38:31] Smith Robeo took a vest out of the SFPD locker at a cost of 1 HG Material.
[2016/2/3 - 19:39:09] Tran Thuy Hoang took a vest out of the SFPD locker at a cost of 1 HG Material.
[2016/2/3 - 19:39:12] Tran Thuy Hoang took a Desert Eagle out of the SFPD locker at a cost of 0 HG Materials.
[2016/2/3 - 19:39:14] Tran Thuy Hoang took a M4 out of the SFPD locker at a cost of 0 HG Materials.
[2016/2/3 - 19:47:48] Tran Thuy Hoang took a vest out of the SFPD locker at a cost of 1 HG Material.
[2016/2/3 - 19:47:51] Tran Thuy Hoang took a MP5 out of the SFPD locker at a cost of 0 HG Materials.
[2016/2/3 - 19:47:53] Tran Thuy Hoang took a M4 out of the SFPD locker at a cost of 0 HG Materials.
[2016/2/3 - 19:47:57] Tran Thuy Hoang took a Desert Eagle out of the SFPD locker at a cost of 0 HG Materials.
[2016/2/3 - 19:56:06] Smith Robeo took a vest out of the SFPD locker at a cost of 1 HG Material.
[2016/2/3 - 19:56:13] Smith Robeo took a M4 out of the SFPD locker at a cost of 0 HG Materials.
[2016/2/3 - 19:56:17] Smith Robeo took a Desert Eagle out of the SFPD locker at a cost of 0 HG Materials.
[2016/2/3 - 20:01:05] The faction vault is at $37,665
[2016/2/3 - 20:01:47] Smith Robeo took a vest out of the SFPD locker at a cost of 1 HG Material.
[2016/2/3 - 20:01:51] Smith Robeo took a Desert Eagle out of the SFPD locker at a cost of 0 HG Materials.
[2016/2/3 - 20:01:54] Smith Robeo took a M4 out of the SFPD locker at a cost of 0 HG Materials.
[2016/2/3 - 20:02:46] Tran Thuy Hoang took a vest out of the SFPD locker at a cost of 1 HG Material.
[2016/2/3 - 20:03:09] Tran Thuy Hoang took a M4 out of the SFPD locker at a cost of 0 HG Materials.
[2016/2/3 - 20:03:12] Tran Thuy Hoang took a MP5 out of the SFPD locker at a cost of 0 HG Materials.
[2016/2/3 - 20:03:15] Tran Thuy Hoang took a Desert Eagle out of the SFPD locker at a cost of 0 HG Materials.
[2016/2/3 - 20:11:11] Tran Thuy Hoang took a vest out of the SFPD locker at a cost of 1 HG Material.
[2016/2/3 - 20:11:13] Tran Thuy Hoang took a MP5 out of the SFPD locker at a cost of 0 HG Materials.
[2016/2/3 - 20:11:15] Tran Thuy Hoang took a vest out of the SFPD locker at a cost of 1 HG Material.
[2016/2/3 - 20:11:21] Tran Thuy Hoang took a Desert Eagle out of the SFPD locker at a cost of 0 HG Materials.
[2016/2/3 - 20:36:32] Jin DeadEye has been arrested by Smith Robeo and fined $1. $0 has been sent to SFPD's budget fund.
[2016/2/3 - 20:50:28] Nguyen Quynh took a vest out of the SFPD locker at a cost of 1 HG Material.
[2016/2/3 - 20:50:31] Nguyen Quynh took a Nite Stick out of the SFPD locker at a cost of 0 HG Materials.
[2016/2/3 - 20:50:33] Nguyen Quynh took a Spray Can out of the SFPD locker at a cost of 0 HG Materials.
[2016/2/3 - 20:50:35] Nguyen Quynh took a Teargas out of the SFPD locker at a cost of 0 HG Materials.
[2016/2/3 - 20:50:38] Nguyen Quynh took a Parachute out of the SFPD locker at a cost of 0 HG Materials.
[2016/2/3 - 20:50:40] Nguyen Quynh took a Shotgun out of the SFPD locker at a cost of 0 HG Materials.
[2016/2/3 - 20:50:42] Nguyen Quynh took a MP5 out of the SFPD locker at a cost of 0 HG Materials.
[2016/2/3 - 20:50:44] Nguyen Quynh took a Desert Eagle out of the SFPD locker at a cost of 0 HG Materials.
[2016/2/3 - 20:50:46] Nguyen Quynh took a M4 out of the SFPD locker at a cost of 0 HG Materials.
[2016/2/3 - 20:50:48] Nguyen Quynh took a Combat Shotgun out of the SFPD locker at a cost of 0 HG Materials.
[2016/2/3 - 20:50:50] Nguyen Quynh took a Sniper Rifle out of the SFPD locker at a cost of 0 HG Materials.
[2016/2/3 - 20:51:13] Nguyen Quynh took a vest out of the SFPD locker at a cost of 1 HG Material.
[2016/2/3 - 20:51:14] Nguyen Quynh took a vest for their car out of the SFPD locker at a cost of 1 HG Material.
[2016/2/3 - 20:58:07] Smith Robeo took a vest out of the SFPD locker at a cost of 1 HG Material.
[2016/2/3 - 20:58:12] Smith Robeo took a Desert Eagle out of the SFPD locker at a cost of 0 HG Materials.
[2016/2/3 - 20:58:17] Smith Robeo took a M4 out of the SFPD locker at a cost of 0 HG Materials.
[2016/2/3 - 21:00:54] The faction vault is at $37,665
[2016/2/3 - 21:02:37] Smith Robeo took a vest out of the SFPD locker at a cost of 1 HG Material.
[2016/2/3 - 21:02:41] Smith Robeo took a Desert Eagle out of the SFPD locker at a cost of 0 HG Materials.
[2016/2/3 - 21:02:45] Smith Robeo took a M4 out of the SFPD locker at a cost of 0 HG Materials.
[2016/2/3 - 22:00:52] The faction vault is at $37,665
[2016/2/3 - 23:00:39] The faction vault is at $37,665
