[2016/2/4 - 0:00:41] The faction vault is at $37,665
[2016/2/4 - 1:00:07] The faction vault is at $37,665
[2016/2/4 - 2:00:04] The faction vault is at $37,665
[2016/2/4 - 3:00:04] The faction vault is at $37,665
[2016/2/4 - 4:00:40] The faction vault is at $37,665
[2016/2/4 - 5:00:14] The faction vault is at $37,665
[2016/2/4 - 6:00:47] The faction vault is at $37,665
[2016/2/4 - 7:00:30] The faction vault is at $37,665
[2016/2/4 - 7:22:37] Wiliam Huy took a M4 out of the SFPD locker at a cost of 0 HG Materials.
[2016/2/4 - 7:22:44] Wiliam Huy took a vest for their car out of the SFPD locker at a cost of 1 HG Material.
[2016/2/4 - 7:23:06] Wiliam Huy took a vest out of the SFPD locker at a cost of 1 HG Material.
[2016/2/4 - 7:36:52] Smith Robeo took a vest out of the SFPD locker at a cost of 1 HG Material.
[2016/2/4 - 7:36:55] Smith Robeo took a Nite Stick out of the SFPD locker at a cost of 0 HG Materials.
[2016/2/4 - 7:36:58] Smith Robeo took a Desert Eagle out of the SFPD locker at a cost of 0 HG Materials.
[2016/2/4 - 7:37:09] Smith Robeo took a M4 out of the SFPD locker at a cost of 0 HG Materials.
[2016/2/4 - 7:45:09] Smith Robeo took a vest out of the SFPD locker at a cost of 1 HG Material.
[2016/2/4 - 7:45:12] Smith Robeo took a Nite Stick out of the SFPD locker at a cost of 0 HG Materials.
[2016/2/4 - 7:45:16] Smith Robeo took a Desert Eagle out of the SFPD locker at a cost of 0 HG Materials.
[2016/2/4 - 7:45:19] Smith Robeo took a M4 out of the SFPD locker at a cost of 0 HG Materials.
[2016/2/4 - 7:45:22] Smith Robeo took a Combat Shotgun out of the SFPD locker at a cost of 0 HG Materials.
[2016/2/4 - 7:45:42] Wiliam Huy took a M4 out of the SFPD locker at a cost of 0 HG Materials.
[2016/2/4 - 7:45:49] Wiliam Huy took a vest out of the SFPD locker at a cost of 1 HG Material.
[2016/2/4 - 7:58:45] Wiliam Huy took a Nite Stick out of the SFPD locker at a cost of 0 HG Materials.
[2016/2/4 - 7:58:50] Wiliam Huy took a Desert Eagle out of the SFPD locker at a cost of 0 HG Materials.
[2016/2/4 - 7:58:54] Wiliam Huy took a M4 out of the SFPD locker at a cost of 0 HG Materials.
[2016/2/4 - 7:58:58] Wiliam Huy took a vest out of the SFPD locker at a cost of 1 HG Material.
[2016/2/4 - 8:00:09] The faction vault is at $37,665
[2016/2/4 - 8:00:40] Smith Robeo took a vest out of the SFPD locker at a cost of 1 HG Material.
[2016/2/4 - 8:00:42] Smith Robeo took a vest out of the SFPD locker at a cost of 1 HG Material.
[2016/2/4 - 8:28:21] Jons Giang has been arrested by Smith Robeo and fined $1. $0 has been sent to SFPD's budget fund.
[2016/2/4 - 8:34:14] Smith Robeo took a vest out of the SFPD locker at a cost of 1 HG Material.
[2016/2/4 - 8:34:19] Smith Robeo took a Nite Stick out of the SFPD locker at a cost of 0 HG Materials.
[2016/2/4 - 8:34:22] Smith Robeo took a Desert Eagle out of the SFPD locker at a cost of 0 HG Materials.
[2016/2/4 - 8:34:39] Smith Robeo took a M4 out of the SFPD locker at a cost of 0 HG Materials.
[2016/2/4 - 8:39:41] wiliam huy took a Desert Eagle out of the SFPD locker at a cost of 0 HG Materials.
[2016/2/4 - 8:39:46] wiliam huy took a Combat Shotgun out of the SFPD locker at a cost of 0 HG Materials.
[2016/2/4 - 8:39:51] wiliam huy took a M4 out of the SFPD locker at a cost of 0 HG Materials.
[2016/2/4 - 8:39:56] wiliam huy took a vest out of the SFPD locker at a cost of 1 HG Material.
[2016/2/4 - 8:39:58] wiliam huy took a vest for their car out of the SFPD locker at a cost of 1 HG Material.
[2016/2/4 - 8:40:03] wiliam huy took a vest out of the SFPD locker at a cost of 1 HG Material.
[2016/2/4 - 8:40:05] wiliam huy took a vest out of the SFPD locker at a cost of 1 HG Material.
[2016/2/4 - 8:44:57] Smith Robeo took a vest out of the SFPD locker at a cost of 1 HG Material.
[2016/2/4 - 8:45:01] Smith Robeo took a M4 out of the SFPD locker at a cost of 0 HG Materials.
[2016/2/4 - 8:45:04] Smith Robeo took a Combat Shotgun out of the SFPD locker at a cost of 0 HG Materials.
[2016/2/4 - 8:45:11] Smith Robeo took a Desert Eagle out of the SFPD locker at a cost of 0 HG Materials.
[2016/2/4 - 8:50:17] wiliam huy took a Desert Eagle out of the SFPD locker at a cost of 0 HG Materials.
[2016/2/4 - 8:50:22] wiliam huy took a M4 out of the SFPD locker at a cost of 0 HG Materials.
[2016/2/4 - 8:50:26] wiliam huy took a vest out of the SFPD locker at a cost of 1 HG Material.
[2016/2/4 - 8:50:30] wiliam huy took a vest out of the SFPD locker at a cost of 1 HG Material.
[2016/2/4 - 8:52:18] Smith Robeo took a vest out of the SFPD locker at a cost of 1 HG Material.
[2016/2/4 - 8:52:21] Smith Robeo took a Nite Stick out of the SFPD locker at a cost of 0 HG Materials.
[2016/2/4 - 8:52:24] Smith Robeo took a Desert Eagle out of the SFPD locker at a cost of 0 HG Materials.
[2016/2/4 - 8:52:57] Smith Robeo took a vest out of the SFPD locker at a cost of 1 HG Material.
[2016/2/4 - 8:53:03] Smith Robeo took a M4 out of the SFPD locker at a cost of 0 HG Materials.
[2016/2/4 - 8:56:44] wiliam huy took a Desert Eagle out of the SFPD locker at a cost of 0 HG Materials.
[2016/2/4 - 8:56:48] wiliam huy took a M4 out of the SFPD locker at a cost of 0 HG Materials.
[2016/2/4 - 8:56:51] wiliam huy took a Combat Shotgun out of the SFPD locker at a cost of 0 HG Materials.
[2016/2/4 - 8:56:54] wiliam huy took a vest out of the SFPD locker at a cost of 1 HG Material.
[2016/2/4 - 9:00:10] Bro Gold took a vest out of the SFPD locker at a cost of 1 HG Material.
[2016/2/4 - 9:00:13] Smith Robeo took a vest out of the SFPD locker at a cost of 1 HG Material.
[2016/2/4 - 9:00:15] Smith Robeo took a Nite Stick out of the SFPD locker at a cost of 0 HG Materials.
[2016/2/4 - 9:00:17] Smith Robeo took a M4 out of the SFPD locker at a cost of 0 HG Materials.
[2016/2/4 - 9:00:20] Smith Robeo took a Desert Eagle out of the SFPD locker at a cost of 0 HG Materials.
[2016/2/4 - 9:00:23] Bro Gold took a Nite Stick out of the SFPD locker at a cost of 0 HG Materials.
[2016/2/4 - 9:00:24] Bro Gold took a Spray Can out of the SFPD locker at a cost of 0 HG Materials.
[2016/2/4 - 9:00:27] Bro Gold took a Desert Eagle out of the SFPD locker at a cost of 0 HG Materials.
[2016/2/4 - 9:00:31] Bro Gold took a M4 out of the SFPD locker at a cost of 0 HG Materials.
[2016/2/4 - 9:00:33] Bro Gold took a Combat Shotgun out of the SFPD locker at a cost of 0 HG Materials.
[2016/2/4 - 9:00:35] Bro Gold took a Sniper Rifle out of the SFPD locker at a cost of 0 HG Materials.
[2016/2/4 - 9:00:41] Bro Gold took a vest out of the SFPD locker at a cost of 1 HG Material.
[2016/2/4 - 9:00:43] Bro Gold took a vest for their car out of the SFPD locker at a cost of 1 HG Material.
[2016/2/4 - 9:01:09] The faction vault is at $37,665
[2016/2/4 - 9:08:10] Smith Robeo took a vest out of the SFPD locker at a cost of 1 HG Material.
[2016/2/4 - 9:08:14] Smith Robeo took a Nite Stick out of the SFPD locker at a cost of 0 HG Materials.
[2016/2/4 - 9:08:19] Smith Robeo took a M4 out of the SFPD locker at a cost of 0 HG Materials.
[2016/2/4 - 9:08:23] Smith Robeo took a Desert Eagle out of the SFPD locker at a cost of 0 HG Materials.
[2016/2/4 - 9:08:30] wiliam huy took a M4 out of the SFPD locker at a cost of 0 HG Materials.
[2016/2/4 - 9:08:33] wiliam huy took a vest out of the SFPD locker at a cost of 1 HG Material.
[2016/2/4 - 9:10:27] Thomas Dat has been arrested by Bro Gold and fined $30000. $10000 has been sent to SFPD's budget fund.
[2016/2/4 - 9:21:19] Harry Jinr has been arrested by Smith Robeo and fined $1. $0 has been sent to SFPD's budget fund.
[2016/2/4 - 9:37:28] Endwars Kingz took a Combat Shotgun out of the SFPD locker at a cost of 0 HG Materials.
[2016/2/4 - 9:37:33] Endwars Kingz took a Desert Eagle out of the SFPD locker at a cost of 0 HG Materials.
[2016/2/4 - 9:37:35] Endwars Kingz took a M4 out of the SFPD locker at a cost of 0 HG Materials.
[2016/2/4 - 9:37:37] Endwars Kingz took a Sniper Rifle out of the SFPD locker at a cost of 0 HG Materials.
[2016/2/4 - 9:37:41] Endwars Kingz took a vest out of the SFPD locker at a cost of 1 HG Material.
[2016/2/4 - 9:43:03] Bro Gold took a vest out of the SFPD locker at a cost of 1 HG Material.
[2016/2/4 - 9:43:06] Bro Gold took a Nite Stick out of the SFPD locker at a cost of 0 HG Materials.
[2016/2/4 - 9:43:07] Bro Gold took a Spray Can out of the SFPD locker at a cost of 0 HG Materials.
[2016/2/4 - 9:43:09] Bro Gold took a Desert Eagle out of the SFPD locker at a cost of 0 HG Materials.
[2016/2/4 - 9:43:12] Bro Gold took a M4 out of the SFPD locker at a cost of 0 HG Materials.
[2016/2/4 - 9:43:14] Bro Gold took a Combat Shotgun out of the SFPD locker at a cost of 0 HG Materials.
[2016/2/4 - 9:43:16] Bro Gold took a Sniper Rifle out of the SFPD locker at a cost of 0 HG Materials.
[2016/2/4 - 9:43:18] Bro Gold took a vest out of the SFPD locker at a cost of 1 HG Material.
[2016/2/4 - 9:43:21] Bro Gold took a vest for their car out of the SFPD locker at a cost of 1 HG Material.
[2016/2/4 - 9:50:01] Bro Gold took a vest out of the SFPD locker at a cost of 1 HG Material.
[2016/2/4 - 9:50:04] Bro Gold took a M4 out of the SFPD locker at a cost of 0 HG Materials.
[2016/2/4 - 9:50:06] Bro Gold took a Combat Shotgun out of the SFPD locker at a cost of 0 HG Materials.
[2016/2/4 - 9:50:09] Bro Gold took a Sniper Rifle out of the SFPD locker at a cost of 0 HG Materials.
[2016/2/4 - 9:50:10] Bro Gold took a Nite Stick out of the SFPD locker at a cost of 0 HG Materials.
[2016/2/4 - 9:50:11] Bro Gold took a Spray Can out of the SFPD locker at a cost of 0 HG Materials.
[2016/2/4 - 9:50:16] Bro Gold took a vest for their car out of the SFPD locker at a cost of 1 HG Material.
[2016/2/4 - 9:50:25] Wiliam huy took a Desert Eagle out of the SFPD locker at a cost of 0 HG Materials.
[2016/2/4 - 9:50:25] Wiliam huy took a vest out of the SFPD locker at a cost of 1 HG Material.
[2016/2/4 - 9:50:30] Wiliam huy took a M4 out of the SFPD locker at a cost of 0 HG Materials.
[2016/2/4 - 9:50:34] Wiliam huy took a Combat Shotgun out of the SFPD locker at a cost of 0 HG Materials.
[2016/2/4 - 9:50:38] Wiliam huy took a vest out of the SFPD locker at a cost of 1 HG Material.
[2016/2/4 - 9:50:40] Wiliam huy took a vest for their car out of the SFPD locker at a cost of 1 HG Material.
[2016/2/4 - 9:55:57] Bro Gold took a vest out of the SFPD locker at a cost of 1 HG Material.
[2016/2/4 - 9:57:11] Smith Robeo took a vest out of the SFPD locker at a cost of 1 HG Material.
[2016/2/4 - 9:57:15] Smith Robeo took a Desert Eagle out of the SFPD locker at a cost of 0 HG Materials.
[2016/2/4 - 9:57:18] Smith Robeo took a M4 out of the SFPD locker at a cost of 0 HG Materials.
[2016/2/4 - 10:00:37] The faction vault is at $47,665
[2016/2/4 - 10:05:19] Bro Gold took a vest out of the SFPD locker at a cost of 1 HG Material.
[2016/2/4 - 10:05:20] Bro Gold took a Nite Stick out of the SFPD locker at a cost of 0 HG Materials.
[2016/2/4 - 10:05:21] Bro Gold took a Spray Can out of the SFPD locker at a cost of 0 HG Materials.
[2016/2/4 - 10:05:24] Bro Gold took a Desert Eagle out of the SFPD locker at a cost of 0 HG Materials.
[2016/2/4 - 10:05:26] Bro Gold took a M4 out of the SFPD locker at a cost of 0 HG Materials.
[2016/2/4 - 10:05:28] Bro Gold took a Combat Shotgun out of the SFPD locker at a cost of 0 HG Materials.
[2016/2/4 - 10:05:29] Bro Gold took a Sniper Rifle out of the SFPD locker at a cost of 0 HG Materials.
[2016/2/4 - 10:05:35] Bro Gold took a vest out of the SFPD locker at a cost of 1 HG Material.
[2016/2/4 - 10:11:20] Bro Gold took a vest out of the SFPD locker at a cost of 1 HG Material.
[2016/2/4 - 10:11:30] Bro Gold took a vest out of the SFPD locker at a cost of 1 HG Material.
[2016/2/4 - 10:18:53] Wiliam huy took a Combat Shotgun out of the SFPD locker at a cost of 0 HG Materials.
[2016/2/4 - 10:18:57] Wiliam huy took a M4 out of the SFPD locker at a cost of 0 HG Materials.
[2016/2/4 - 10:19:01] Wiliam huy took a Desert Eagle out of the SFPD locker at a cost of 0 HG Materials.
[2016/2/4 - 10:19:06] Wiliam huy took a vest out of the SFPD locker at a cost of 1 HG Material.
[2016/2/4 - 10:23:20] Bro Gold took a vest out of the SFPD locker at a cost of 1 HG Material.
[2016/2/4 - 10:25:44] Smith Robeo took a vest out of the SFPD locker at a cost of 1 HG Material.
[2016/2/4 - 10:25:47] Smith Robeo took a Nite Stick out of the SFPD locker at a cost of 0 HG Materials.
[2016/2/4 - 10:25:54] Smith Robeo took a M4 out of the SFPD locker at a cost of 0 HG Materials.
[2016/2/4 - 10:26:02] Smith Robeo took a Desert Eagle out of the SFPD locker at a cost of 0 HG Materials.
[2016/2/4 - 10:26:06] Smith Robeo took a Combat Shotgun out of the SFPD locker at a cost of 0 HG Materials.
[2016/2/4 - 10:30:09] Smith Robeo took a vest out of the SFPD locker at a cost of 1 HG Material.
[2016/2/4 - 10:30:51] Bro Gold took a M4 out of the SFPD locker at a cost of 0 HG Materials.
[2016/2/4 - 10:30:54] Bro Gold took a Combat Shotgun out of the SFPD locker at a cost of 0 HG Materials.
[2016/2/4 - 10:30:56] Bro Gold took a Sniper Rifle out of the SFPD locker at a cost of 0 HG Materials.
[2016/2/4 - 10:31:49] Tuan Nguyen took a vest out of the SFPD locker at a cost of 1 HG Material.
[2016/2/4 - 10:32:13] Tuan Nguyen took a MP5 out of the SFPD locker at a cost of 0 HG Materials.
[2016/2/4 - 10:32:17] Tuan Nguyen took a Shotgun out of the SFPD locker at a cost of 0 HG Materials.
[2016/2/4 - 10:32:20] Tuan Nguyen took a Desert Eagle out of the SFPD locker at a cost of 0 HG Materials.
[2016/2/4 - 10:32:29] Tuan Nguyen took a Nite Stick out of the SFPD locker at a cost of 0 HG Materials.
[2016/2/4 - 10:34:03] Bro Gold took a Desert Eagle out of the SFPD locker at a cost of 0 HG Materials.
[2016/2/4 - 10:34:05] Bro Gold took a M4 out of the SFPD locker at a cost of 0 HG Materials.
[2016/2/4 - 10:34:08] Bro Gold took a Combat Shotgun out of the SFPD locker at a cost of 0 HG Materials.
[2016/2/4 - 10:34:09] Bro Gold took a Sniper Rifle out of the SFPD locker at a cost of 0 HG Materials.
[2016/2/4 - 10:35:43] David Xuyen took a Desert Eagle out of the SFPD locker at a cost of 0 HG Materials.
[2016/2/4 - 10:35:46] David Xuyen took a M4 out of the SFPD locker at a cost of 0 HG Materials.
[2016/2/4 - 10:35:49] David Xuyen took a Combat Shotgun out of the SFPD locker at a cost of 0 HG Materials.
[2016/2/4 - 10:35:51] David Xuyen took a Sniper Rifle out of the SFPD locker at a cost of 0 HG Materials.
[2016/2/4 - 10:38:41] Smith Robeo took a vest out of the SFPD locker at a cost of 1 HG Material.
[2016/2/4 - 10:40:53] Akai Smith took a vest out of the SFPD locker at a cost of 1 HG Material.
[2016/2/4 - 10:40:57] Akai Smith took a M4 out of the SFPD locker at a cost of 0 HG Materials.
[2016/2/4 - 10:40:59] Akai Smith took a Combat Shotgun out of the SFPD locker at a cost of 0 HG Materials.
[2016/2/4 - 10:41:02] Akai Smith took a Sniper Rifle out of the SFPD locker at a cost of 0 HG Materials.
[2016/2/4 - 10:41:22] Akai Smith took a vest for their car out of the SFPD locker at a cost of 1 HG Material.
[2016/2/4 - 10:42:58] Wiliam huy took a Desert Eagle out of the SFPD locker at a cost of 0 HG Materials.
[2016/2/4 - 10:43:02] Wiliam huy took a M4 out of the SFPD locker at a cost of 0 HG Materials.
[2016/2/4 - 10:43:15] Wiliam huy took a vest out of the SFPD locker at a cost of 1 HG Material.
[2016/2/4 - 10:46:30] Smith Robeo took a vest out of the SFPD locker at a cost of 1 HG Material.
[2016/2/4 - 10:46:33] Smith Robeo took a Nite Stick out of the SFPD locker at a cost of 0 HG Materials.
[2016/2/4 - 10:46:40] Smith Robeo took a Desert Eagle out of the SFPD locker at a cost of 0 HG Materials.
[2016/2/4 - 10:46:48] Smith Robeo took a M4 out of the SFPD locker at a cost of 0 HG Materials.
[2016/2/4 - 10:46:50] Smith Robeo took a Teargas out of the SFPD locker at a cost of 0 HG Materials.
[2016/2/4 - 10:47:14] Tuan Nguyen took a vest out of the SFPD locker at a cost of 1 HG Material.
[2016/2/4 - 10:47:15] Wiliam huy took a Nite Stick out of the SFPD locker at a cost of 0 HG Materials.
[2016/2/4 - 10:47:15] Tuan Nguyen took a Nite Stick out of the SFPD locker at a cost of 0 HG Materials.
[2016/2/4 - 10:47:17] Tuan Nguyen took a Spray Can out of the SFPD locker at a cost of 0 HG Materials.
[2016/2/4 - 10:47:20] Wiliam huy took a Teargas out of the SFPD locker at a cost of 0 HG Materials.
[2016/2/4 - 10:47:21] Tuan Nguyen took a Shotgun out of the SFPD locker at a cost of 0 HG Materials.
[2016/2/4 - 10:47:23] Tuan Nguyen took a MP5 out of the SFPD locker at a cost of 0 HG Materials.
[2016/2/4 - 10:47:24] Wiliam huy took a Sniper Rifle out of the SFPD locker at a cost of 0 HG Materials.
[2016/2/4 - 10:47:26] Tuan Nguyen took a Desert Eagle out of the SFPD locker at a cost of 0 HG Materials.
[2016/2/4 - 10:47:31] Tuan Nguyen took a Teargas out of the SFPD locker at a cost of 0 HG Materials.
[2016/2/4 - 10:48:23] Akai Smith took a Desert Eagle out of the SFPD locker at a cost of 0 HG Materials.
[2016/2/4 - 10:48:25] Akai Smith took a M4 out of the SFPD locker at a cost of 0 HG Materials.
[2016/2/4 - 10:48:28] Akai Smith took a Combat Shotgun out of the SFPD locker at a cost of 0 HG Materials.
[2016/2/4 - 10:48:30] Akai Smith took a Sniper Rifle out of the SFPD locker at a cost of 0 HG Materials.
[2016/2/4 - 10:48:34] Akai Smith took a vest for their car out of the SFPD locker at a cost of 1 HG Material.
[2016/2/4 - 10:49:18] Wiliam huy took a vest for their car out of the SFPD locker at a cost of 1 HG Material.
[2016/2/4 - 10:49:20] Wiliam huy took a vest out of the SFPD locker at a cost of 1 HG Material.
[2016/2/4 - 10:50:10] David Xuyen took a Nite Stick out of the SFPD locker at a cost of 0 HG Materials.
[2016/2/4 - 10:50:21] David Xuyen took a vest for their car out of the SFPD locker at a cost of 1 HG Material.
[2016/2/4 - 10:50:26] David Xuyen took a vest out of the SFPD locker at a cost of 1 HG Material.
[2016/2/4 - 10:50:30] David Xuyen took a Desert Eagle out of the SFPD locker at a cost of 0 HG Materials.
[2016/2/4 - 10:50:32] David Xuyen took a M4 out of the SFPD locker at a cost of 0 HG Materials.
[2016/2/4 - 10:50:34] David Xuyen took a Combat Shotgun out of the SFPD locker at a cost of 0 HG Materials.
[2016/2/4 - 10:50:36] David Xuyen took a Sniper Rifle out of the SFPD locker at a cost of 0 HG Materials.
[2016/2/4 - 10:50:50] Smith Robeo took a vest out of the SFPD locker at a cost of 1 HG Material.
[2016/2/4 - 10:50:51] Smith Robeo took a Nite Stick out of the SFPD locker at a cost of 0 HG Materials.
[2016/2/4 - 10:50:54] Smith Robeo took a Teargas out of the SFPD locker at a cost of 0 HG Materials.
[2016/2/4 - 10:50:57] Smith Robeo took a M4 out of the SFPD locker at a cost of 0 HG Materials.
[2016/2/4 - 10:51:01] Smith Robeo took a Desert Eagle out of the SFPD locker at a cost of 0 HG Materials.
[2016/2/4 - 10:54:07] Bro Gold took a M4 out of the SFPD locker at a cost of 0 HG Materials.
[2016/2/4 - 10:54:09] Bro Gold took a Combat Shotgun out of the SFPD locker at a cost of 0 HG Materials.
[2016/2/4 - 10:54:11] Bro Gold took a Sniper Rifle out of the SFPD locker at a cost of 0 HG Materials.
[2016/2/4 - 10:54:32] Smith Robeo took a vest out of the SFPD locker at a cost of 1 HG Material.
[2016/2/4 - 10:54:40] Smith Robeo took a M4 out of the SFPD locker at a cost of 0 HG Materials.
[2016/2/4 - 10:55:01] Smith Robeo took a Desert Eagle out of the SFPD locker at a cost of 0 HG Materials.
[2016/2/4 - 10:55:22] David Xuyen took a vest out of the SFPD locker at a cost of 1 HG Material.
[2016/2/4 - 10:55:25] David Xuyen took a Desert Eagle out of the SFPD locker at a cost of 0 HG Materials.
[2016/2/4 - 10:55:27] David Xuyen took a M4 out of the SFPD locker at a cost of 0 HG Materials.
[2016/2/4 - 10:55:29] David Xuyen took a Combat Shotgun out of the SFPD locker at a cost of 0 HG Materials.
[2016/2/4 - 10:55:31] David Xuyen took a Sniper Rifle out of the SFPD locker at a cost of 0 HG Materials.
[2016/2/4 - 10:55:34] David Xuyen took a Nite Stick out of the SFPD locker at a cost of 0 HG Materials.
[2016/2/4 - 10:57:22] Tuan Nguyen took a vest out of the SFPD locker at a cost of 1 HG Material.
[2016/2/4 - 10:57:25] Tuan Nguyen took a Nite Stick out of the SFPD locker at a cost of 0 HG Materials.
[2016/2/4 - 10:57:27] Tuan Nguyen took a Spray Can out of the SFPD locker at a cost of 0 HG Materials.
[2016/2/4 - 10:57:29] Tuan Nguyen took a MP5 out of the SFPD locker at a cost of 0 HG Materials.
[2016/2/4 - 10:57:33] Tuan Nguyen took a Shotgun out of the SFPD locker at a cost of 0 HG Materials.
[2016/2/4 - 10:57:35] Tuan Nguyen took a Desert Eagle out of the SFPD locker at a cost of 0 HG Materials.
[2016/2/4 - 10:57:38] Tuan Nguyen took a M4 out of the SFPD locker at a cost of 0 HG Materials.
[2016/2/4 - 10:57:46] Tuan Nguyen took a Teargas out of the SFPD locker at a cost of 0 HG Materials.
[2016/2/4 - 10:58:37] Wiliam huy took a Desert Eagle out of the SFPD locker at a cost of 0 HG Materials.
[2016/2/4 - 10:58:40] Wiliam huy took a Combat Shotgun out of the SFPD locker at a cost of 0 HG Materials.
[2016/2/4 - 10:58:46] Wiliam huy took a vest out of the SFPD locker at a cost of 1 HG Material.
[2016/2/4 - 11:00:42] The faction vault is at $47,665
[2016/2/4 - 11:10:33] Tuan Nguyen took a vest out of the SFPD locker at a cost of 1 HG Material.
[2016/2/4 - 11:10:35] Tuan Nguyen took a Nite Stick out of the SFPD locker at a cost of 0 HG Materials.
[2016/2/4 - 11:10:37] Tuan Nguyen took a Spray Can out of the SFPD locker at a cost of 0 HG Materials.
[2016/2/4 - 11:10:39] Tuan Nguyen took a Shotgun out of the SFPD locker at a cost of 0 HG Materials.
[2016/2/4 - 11:10:41] Tuan Nguyen took a MP5 out of the SFPD locker at a cost of 0 HG Materials.
[2016/2/4 - 11:10:44] Tuan Nguyen took a M4 out of the SFPD locker at a cost of 0 HG Materials.
[2016/2/4 - 11:10:47] Tuan Nguyen took a Desert Eagle out of the SFPD locker at a cost of 0 HG Materials.
[2016/2/4 - 11:13:59] Akai Smith took a Desert Eagle out of the SFPD locker at a cost of 0 HG Materials.
[2016/2/4 - 11:14:02] Akai Smith took a Combat Shotgun out of the SFPD locker at a cost of 0 HG Materials.
[2016/2/4 - 11:14:06] Akai Smith took a M4 out of the SFPD locker at a cost of 0 HG Materials.
[2016/2/4 - 11:14:16] Akai Smith took a Sniper Rifle out of the SFPD locker at a cost of 0 HG Materials.
[2016/2/4 - 11:17:09] Smith Robeo took a vest out of the SFPD locker at a cost of 1 HG Material.
[2016/2/4 - 11:18:22] David Xuyen took a vest out of the SFPD locker at a cost of 1 HG Material.
[2016/2/4 - 11:23:23] Smith Robeo took a vest out of the SFPD locker at a cost of 1 HG Material.
[2016/2/4 - 11:29:01] Smith Robeo took a vest out of the SFPD locker at a cost of 1 HG Material.
[2016/2/4 - 11:37:21] Aconlont Spatex took a vest for their car out of the SFPD locker at a cost of 1 HG Material.
[2016/2/4 - 11:55:14] David Xuyen took a vest out of the SFPD locker at a cost of 1 HG Material.
[2016/2/4 - 11:55:16] David Xuyen took a Desert Eagle out of the SFPD locker at a cost of 0 HG Materials.
[2016/2/4 - 11:55:20] David Xuyen took a Desert Eagle out of the SFPD locker at a cost of 0 HG Materials.
[2016/2/4 - 11:55:23] David Xuyen took a M4 out of the SFPD locker at a cost of 0 HG Materials.
[2016/2/4 - 11:55:25] David Xuyen took a Combat Shotgun out of the SFPD locker at a cost of 0 HG Materials.
[2016/2/4 - 11:55:27] David Xuyen took a Sniper Rifle out of the SFPD locker at a cost of 0 HG Materials.
[2016/2/4 - 11:56:24] Smith Robeo took a vest out of the SFPD locker at a cost of 1 HG Material.
[2016/2/4 - 11:56:26] Smith Robeo took a vest out of the SFPD locker at a cost of 1 HG Material.
[2016/2/4 - 11:56:35] Smith Robeo took a Nite Stick out of the SFPD locker at a cost of 0 HG Materials.
[2016/2/4 - 11:56:40] Smith Robeo took a Desert Eagle out of the SFPD locker at a cost of 0 HG Materials.
[2016/2/4 - 11:56:50] Smith Robeo took a M4 out of the SFPD locker at a cost of 0 HG Materials.
[2016/2/4 - 12:00:05] DaiCa Pirates has been arrested by Aconlont Spatex and fined $200. $66 has been sent to SFPD's budget fund.
[2016/2/4 - 12:01:01] The faction vault is at $47,731
[2016/2/4 - 12:07:26] SG Hades has been arrested by Aconlont Spatex and fined $10000. $3333 has been sent to SFPD's budget fund.
[2016/2/4 - 12:18:12] DaiCa Pirates has been arrested by Smith Robeo and fined $1. $0 has been sent to SFPD's budget fund.
[2016/2/4 - 12:21:13] David Xuyen took a vest out of the SFPD locker at a cost of 1 HG Material.
[2016/2/4 - 12:22:55] Smith Robeo took a vest out of the SFPD locker at a cost of 1 HG Material.
[2016/2/4 - 12:25:53] Smith Robeo took a vest out of the SFPD locker at a cost of 1 HG Material.
[2016/2/4 - 12:25:57] Smith Robeo took a Desert Eagle out of the SFPD locker at a cost of 0 HG Materials.
[2016/2/4 - 12:26:00] Smith Robeo took a M4 out of the SFPD locker at a cost of 0 HG Materials.
[2016/2/4 - 12:29:32] Smith Robeo took a vest out of the SFPD locker at a cost of 1 HG Material.
[2016/2/4 - 12:43:01] Aconlont Spatex took a vest out of the SFPD locker at a cost of 1 HG Material.
[2016/2/4 - 12:43:08] Smith Robeo took a vest out of the SFPD locker at a cost of 1 HG Material.
[2016/2/4 - 12:43:09] Aconlont Spatex took a M4 out of the SFPD locker at a cost of 0 HG Materials.
[2016/2/4 - 12:43:12] Aconlont Spatex took a Combat Shotgun out of the SFPD locker at a cost of 0 HG Materials.
[2016/2/4 - 12:43:14] Aconlont Spatex took a Sniper Rifle out of the SFPD locker at a cost of 0 HG Materials.
[2016/2/4 - 12:43:16] Aconlont Spatex took a Desert Eagle out of the SFPD locker at a cost of 0 HG Materials.
[2016/2/4 - 12:44:48] Aconlont Spatex took a vest out of the SFPD locker at a cost of 1 HG Material.
[2016/2/4 - 12:45:59] Aconlont Spatex took a vest out of the SFPD locker at a cost of 1 HG Material.
[2016/2/4 - 12:47:54] Smith Robeo took a vest out of the SFPD locker at a cost of 1 HG Material.
[2016/2/4 - 12:47:57] Smith Robeo took a Nite Stick out of the SFPD locker at a cost of 0 HG Materials.
[2016/2/4 - 12:48:01] Smith Robeo took a Desert Eagle out of the SFPD locker at a cost of 0 HG Materials.
[2016/2/4 - 12:48:12] Smith Robeo took a M4 out of the SFPD locker at a cost of 0 HG Materials.
[2016/2/4 - 13:00:58] The faction vault is at $51,064
[2016/2/4 - 13:11:07] Smith Robeo took a vest out of the SFPD locker at a cost of 1 HG Material.
[2016/2/4 - 13:11:11] Smith Robeo took a Nite Stick out of the SFPD locker at a cost of 0 HG Materials.
[2016/2/4 - 13:11:15] Smith Robeo took a M4 out of the SFPD locker at a cost of 0 HG Materials.
[2016/2/4 - 13:11:18] Smith Robeo took a Desert Eagle out of the SFPD locker at a cost of 0 HG Materials.
[2016/2/4 - 13:11:19] Nguyen Quynh took a vest out of the SFPD locker at a cost of 1 HG Material.
[2016/2/4 - 13:13:21] Ga Rung took a vest out of the SFPD locker at a cost of 1 HG Material.
[2016/2/4 - 13:13:24] Ga Rung took a vest out of the SFPD locker at a cost of 1 HG Material.
[2016/2/4 - 13:13:26] Ga Rung took a Desert Eagle out of the SFPD locker at a cost of 0 HG Materials.
[2016/2/4 - 13:13:28] Ga Rung took a M4 out of the SFPD locker at a cost of 0 HG Materials.
[2016/2/4 - 13:13:30] Ga Rung took a Combat Shotgun out of the SFPD locker at a cost of 0 HG Materials.
[2016/2/4 - 13:13:32] Ga Rung took a Sniper Rifle out of the SFPD locker at a cost of 0 HG Materials.
[2016/2/4 - 13:21:24] Smith Robeo took a vest out of the SFPD locker at a cost of 1 HG Material.
[2016/2/4 - 13:21:32] Nguyen Quynh took a Nite Stick out of the SFPD locker at a cost of 0 HG Materials.
[2016/2/4 - 13:21:48] Nguyen Quynh took a vest out of the SFPD locker at a cost of 1 HG Material.
[2016/2/4 - 13:21:53] Nguyen Quynh took a Spray Can out of the SFPD locker at a cost of 0 HG Materials.
[2016/2/4 - 13:21:54] Smith Robeo took a vest out of the SFPD locker at a cost of 1 HG Material.
[2016/2/4 - 13:21:54] Nguyen Quynh took a Teargas out of the SFPD locker at a cost of 0 HG Materials.
[2016/2/4 - 13:22:06] Nguyen Quynh took a Shotgun out of the SFPD locker at a cost of 0 HG Materials.
[2016/2/4 - 13:22:08] Nguyen Quynh took a MP5 out of the SFPD locker at a cost of 0 HG Materials.
[2016/2/4 - 13:22:10] Nguyen Quynh took a Desert Eagle out of the SFPD locker at a cost of 0 HG Materials.
[2016/2/4 - 13:22:13] Nguyen Quynh took a M4 out of the SFPD locker at a cost of 0 HG Materials.
[2016/2/4 - 13:22:15] Nguyen Quynh took a vest out of the SFPD locker at a cost of 1 HG Material.
[2016/2/4 - 13:22:18] Nguyen Quynh took a Combat Shotgun out of the SFPD locker at a cost of 0 HG Materials.
[2016/2/4 - 13:22:20] Nguyen Quynh took a Sniper Rifle out of the SFPD locker at a cost of 0 HG Materials.
[2016/2/4 - 13:22:29] Nguyen Quynh took a vest for their car out of the SFPD locker at a cost of 1 HG Material.
[2016/2/4 - 13:25:10] Smith Robeo took a vest out of the SFPD locker at a cost of 1 HG Material.
[2016/2/4 - 13:28:18] Nguyen Quynh took a vest out of the SFPD locker at a cost of 1 HG Material.
[2016/2/4 - 13:28:20] Nguyen Quynh took a Nite Stick out of the SFPD locker at a cost of 0 HG Materials.
[2016/2/4 - 13:28:22] Nguyen Quynh took a Spray Can out of the SFPD locker at a cost of 0 HG Materials.
[2016/2/4 - 13:28:23] Nguyen Quynh took a Teargas out of the SFPD locker at a cost of 0 HG Materials.
[2016/2/4 - 13:28:25] Nguyen Quynh took a Shotgun out of the SFPD locker at a cost of 0 HG Materials.
[2016/2/4 - 13:28:28] Nguyen Quynh took a MP5 out of the SFPD locker at a cost of 0 HG Materials.
[2016/2/4 - 13:28:36] Nguyen Quynh took a Desert Eagle out of the SFPD locker at a cost of 0 HG Materials.
[2016/2/4 - 13:28:38] Nguyen Quynh took a M4 out of the SFPD locker at a cost of 0 HG Materials.
[2016/2/4 - 13:28:40] Nguyen Quynh took a Combat Shotgun out of the SFPD locker at a cost of 0 HG Materials.
[2016/2/4 - 13:28:42] Nguyen Quynh took a Sniper Rifle out of the SFPD locker at a cost of 0 HG Materials.
[2016/2/4 - 13:30:49] Smith Robeo took a vest out of the SFPD locker at a cost of 1 HG Material.
[2016/2/4 - 13:30:52] Smith Robeo took a Nite Stick out of the SFPD locker at a cost of 0 HG Materials.
[2016/2/4 - 13:30:55] Smith Robeo took a M4 out of the SFPD locker at a cost of 0 HG Materials.
[2016/2/4 - 13:31:02] Smith Robeo took a Desert Eagle out of the SFPD locker at a cost of 0 HG Materials.
[2016/2/4 - 13:34:35] Nguyen Quynh took a vest out of the SFPD locker at a cost of 1 HG Material.
[2016/2/4 - 13:34:37] Nguyen Quynh took a Nite Stick out of the SFPD locker at a cost of 0 HG Materials.
[2016/2/4 - 13:34:38] Nguyen Quynh took a Spray Can out of the SFPD locker at a cost of 0 HG Materials.
[2016/2/4 - 13:34:40] Nguyen Quynh took a Teargas out of the SFPD locker at a cost of 0 HG Materials.
[2016/2/4 - 13:34:43] Nguyen Quynh took a MP5 out of the SFPD locker at a cost of 0 HG Materials.
[2016/2/4 - 13:34:50] Nguyen Quynh took a Desert Eagle out of the SFPD locker at a cost of 0 HG Materials.
[2016/2/4 - 13:34:52] Nguyen Quynh took a M4 out of the SFPD locker at a cost of 0 HG Materials.
[2016/2/4 - 13:34:57] Nguyen Quynh took a Combat Shotgun out of the SFPD locker at a cost of 0 HG Materials.
[2016/2/4 - 13:34:59] Nguyen Quynh took a Sniper Rifle out of the SFPD locker at a cost of 0 HG Materials.
[2016/2/4 - 13:38:37] Smith Robeo took a vest out of the SFPD locker at a cost of 1 HG Material.
[2016/2/4 - 13:41:05] Nguyen Quynh took a vest out of the SFPD locker at a cost of 1 HG Material.
[2016/2/4 - 14:00:21] The faction vault is at $51,064
[2016/2/4 - 14:02:22] Smith Robeo took a vest out of the SFPD locker at a cost of 1 HG Material.
[2016/2/4 - 14:02:27] Smith Robeo took a Nite Stick out of the SFPD locker at a cost of 0 HG Materials.
[2016/2/4 - 14:02:31] Smith Robeo took a Desert Eagle out of the SFPD locker at a cost of 0 HG Materials.
[2016/2/4 - 14:02:35] Smith Robeo took a M4 out of the SFPD locker at a cost of 0 HG Materials.
[2016/2/4 - 14:03:00] Ken SmiTh took a vest out of the SFPD locker at a cost of 1 HG Material.
[2016/2/4 - 14:03:43] NguyenLan Anh took a Desert Eagle out of the SFPD locker at a cost of 0 HG Materials.
[2016/2/4 - 14:03:47] Ken SmiTh took a vest out of the SFPD locker at a cost of 1 HG Material.
[2016/2/4 - 14:04:26] Ken SmiTh took a M4 out of the SFPD locker at a cost of 0 HG Materials.
[2016/2/4 - 14:08:12] NguyenLan Anh took a vest out of the SFPD locker at a cost of 1 HG Material.
[2016/2/4 - 14:08:16] NguyenLan Anh took a Desert Eagle out of the SFPD locker at a cost of 0 HG Materials.
[2016/2/4 - 14:08:20] Smith Robeo took a vest out of the SFPD locker at a cost of 1 HG Material.
[2016/2/4 - 14:08:22] NguyenLan Anh took a Shotgun out of the SFPD locker at a cost of 0 HG Materials.
[2016/2/4 - 14:08:30] Smith Robeo took a Nite Stick out of the SFPD locker at a cost of 0 HG Materials.
[2016/2/4 - 14:08:30] NguyenLan Anh took a Teargas out of the SFPD locker at a cost of 0 HG Materials.
[2016/2/4 - 14:08:33] Smith Robeo took a Desert Eagle out of the SFPD locker at a cost of 0 HG Materials.
[2016/2/4 - 14:08:41] Smith Robeo took a M4 out of the SFPD locker at a cost of 0 HG Materials.
[2016/2/4 - 14:09:38] Ken SmiTh took a Combat Shotgun out of the SFPD locker at a cost of 0 HG Materials.
[2016/2/4 - 14:09:48] Nguyen Quynh took a vest out of the SFPD locker at a cost of 1 HG Material.
[2016/2/4 - 14:09:50] Nguyen Quynh took a Nite Stick out of the SFPD locker at a cost of 0 HG Materials.
[2016/2/4 - 14:09:52] Nguyen Quynh took a Spray Can out of the SFPD locker at a cost of 0 HG Materials.
[2016/2/4 - 14:09:53] Nguyen Quynh took a Teargas out of the SFPD locker at a cost of 0 HG Materials.
[2016/2/4 - 14:09:56] Nguyen Quynh took a MP5 out of the SFPD locker at a cost of 0 HG Materials.
[2016/2/4 - 14:09:59] Nguyen Quynh took a MP5 out of the SFPD locker at a cost of 0 HG Materials.
[2016/2/4 - 14:10:09] Nguyen Quynh took a Desert Eagle out of the SFPD locker at a cost of 0 HG Materials.
[2016/2/4 - 14:10:11] Nguyen Quynh took a M4 out of the SFPD locker at a cost of 0 HG Materials.
[2016/2/4 - 14:10:14] Nguyen Quynh took a Combat Shotgun out of the SFPD locker at a cost of 0 HG Materials.
[2016/2/4 - 14:10:16] Nguyen Quynh took a Sniper Rifle out of the SFPD locker at a cost of 0 HG Materials.
[2016/2/4 - 14:10:20] Nguyen Quynh took a vest for their car out of the SFPD locker at a cost of 1 HG Material.
[2016/2/4 - 14:15:22] Brin Simple took a vest out of the SFPD locker at a cost of 1 HG Material.
[2016/2/4 - 14:15:25] Brin Simple took a Nite Stick out of the SFPD locker at a cost of 0 HG Materials.
[2016/2/4 - 14:15:27] Brin Simple took a Spray Can out of the SFPD locker at a cost of 0 HG Materials.
[2016/2/4 - 14:15:29] Brin Simple took a Teargas out of the SFPD locker at a cost of 0 HG Materials.
[2016/2/4 - 14:15:31] Brin Simple took a Parachute out of the SFPD locker at a cost of 0 HG Materials.
[2016/2/4 - 14:15:33] Brin Simple took a Shotgun out of the SFPD locker at a cost of 0 HG Materials.
[2016/2/4 - 14:15:34] Brin Simple took a MP5 out of the SFPD locker at a cost of 0 HG Materials.
[2016/2/4 - 14:15:37] Brin Simple took a Desert Eagle out of the SFPD locker at a cost of 0 HG Materials.
[2016/2/4 - 14:18:20] Brin Simple took a vest for their car out of the SFPD locker at a cost of 1 HG Material.
[2016/2/4 - 14:18:21] Brin Simple took a vest out of the SFPD locker at a cost of 1 HG Material.
[2016/2/4 - 14:21:39] Cai Bang took a Nite Stick out of the SFPD locker at a cost of 0 HG Materials.
[2016/2/4 - 14:21:45] Cai Bang took a M4 out of the SFPD locker at a cost of 0 HG Materials.
[2016/2/4 - 14:21:50] Cai Bang took a Combat Shotgun out of the SFPD locker at a cost of 0 HG Materials.
[2016/2/4 - 14:21:54] Cai Bang took a Sniper Rifle out of the SFPD locker at a cost of 0 HG Materials.
[2016/2/4 - 14:26:03] Smith Robeo took a vest out of the SFPD locker at a cost of 1 HG Material.
[2016/2/4 - 14:26:10] Smith Robeo took a M4 out of the SFPD locker at a cost of 0 HG Materials.
[2016/2/4 - 14:26:17] Smith Robeo took a Desert Eagle out of the SFPD locker at a cost of 0 HG Materials.
[2016/2/4 - 14:28:37] Nguyen Quynh took a vest out of the SFPD locker at a cost of 1 HG Material.
[2016/2/4 - 14:28:40] Nguyen Quynh took a Nite Stick out of the SFPD locker at a cost of 0 HG Materials.
[2016/2/4 - 14:28:43] Nguyen Quynh took a MP5 out of the SFPD locker at a cost of 0 HG Materials.
[2016/2/4 - 14:28:45] Nguyen Quynh took a Desert Eagle out of the SFPD locker at a cost of 0 HG Materials.
[2016/2/4 - 14:28:47] Aconlont Spatex took a vest out of the SFPD locker at a cost of 1 HG Material.
[2016/2/4 - 14:28:47] Nguyen Quynh took a M4 out of the SFPD locker at a cost of 0 HG Materials.
[2016/2/4 - 14:28:50] Nguyen Quynh took a Combat Shotgun out of the SFPD locker at a cost of 0 HG Materials.
[2016/2/4 - 14:28:52] Aconlont Spatex took a Desert Eagle out of the SFPD locker at a cost of 0 HG Materials.
[2016/2/4 - 14:28:52] Nguyen Quynh took a Sniper Rifle out of the SFPD locker at a cost of 0 HG Materials.
[2016/2/4 - 14:28:57] Aconlont Spatex took a M4 out of the SFPD locker at a cost of 0 HG Materials.
[2016/2/4 - 14:29:00] Aconlont Spatex took a Combat Shotgun out of the SFPD locker at a cost of 0 HG Materials.
[2016/2/4 - 14:29:00] NguyenLan Anh took a vest out of the SFPD locker at a cost of 1 HG Material.
[2016/2/4 - 14:29:02] Aconlont Spatex took a Sniper Rifle out of the SFPD locker at a cost of 0 HG Materials.
[2016/2/4 - 14:29:03] NguyenLan Anh took a Shotgun out of the SFPD locker at a cost of 0 HG Materials.
[2016/2/4 - 14:29:06] NguyenLan Anh took a Teargas out of the SFPD locker at a cost of 0 HG Materials.
[2016/2/4 - 14:29:11] NguyenLan Anh took a Spray Can out of the SFPD locker at a cost of 0 HG Materials.
[2016/2/4 - 14:31:06] Ken SmiTh took a vest out of the SFPD locker at a cost of 1 HG Material.
[2016/2/4 - 14:31:13] Ken SmiTh took a Shotgun out of the SFPD locker at a cost of 0 HG Materials.
[2016/2/4 - 14:31:15] Ken SmiTh took a MP5 out of the SFPD locker at a cost of 0 HG Materials.
[2016/2/4 - 14:31:18] Ken SmiTh took a Desert Eagle out of the SFPD locker at a cost of 0 HG Materials.
[2016/2/4 - 14:31:23] Ken SmiTh took a M4 out of the SFPD locker at a cost of 0 HG Materials.
[2016/2/4 - 14:31:26] Ken SmiTh took a Combat Shotgun out of the SFPD locker at a cost of 0 HG Materials.
[2016/2/4 - 14:31:29] Ken SmiTh took a Sniper Rifle out of the SFPD locker at a cost of 0 HG Materials.
[2016/2/4 - 14:31:44] Mafia Red has been arrested by Smith Robeo and fined $1. $0 has been sent to SFPD's budget fund.
[2016/2/4 - 14:34:17] Micheal Sang took a vest out of the SFPD locker at a cost of 1 HG Material.
[2016/2/4 - 14:34:21] Micheal Sang took a Desert Eagle out of the SFPD locker at a cost of 0 HG Materials.
[2016/2/4 - 14:34:24] Micheal Sang took a M4 out of the SFPD locker at a cost of 0 HG Materials.
[2016/2/4 - 14:34:26] Micheal Sang took a Combat Shotgun out of the SFPD locker at a cost of 0 HG Materials.
[2016/2/4 - 14:34:28] NguyenLan Anh took a MP5 out of the SFPD locker at a cost of 0 HG Materials.
[2016/2/4 - 14:34:28] Micheal Sang took a Sniper Rifle out of the SFPD locker at a cost of 0 HG Materials.
[2016/2/4 - 14:34:31] Micheal Sang took a vest for their car out of the SFPD locker at a cost of 1 HG Material.
[2016/2/4 - 14:36:12] Cai Bang took a vest out of the SFPD locker at a cost of 1 HG Material.
[2016/2/4 - 14:36:13] Super Bon has been arrested by Brin Simple and fined $1. $0 has been sent to SFPD's budget fund.
[2016/2/4 - 14:36:15] Cai Bang took a Nite Stick out of the SFPD locker at a cost of 0 HG Materials.
[2016/2/4 - 14:36:17] Cai Bang took a Spray Can out of the SFPD locker at a cost of 0 HG Materials.
[2016/2/4 - 14:36:20] Cai Bang took a Sniper Rifle out of the SFPD locker at a cost of 0 HG Materials.
[2016/2/4 - 14:36:22] Cai Bang took a M4 out of the SFPD locker at a cost of 0 HG Materials.
[2016/2/4 - 14:36:25] Cai Bang took a Combat Shotgun out of the SFPD locker at a cost of 0 HG Materials.
[2016/2/4 - 14:36:28] Cai Bang took a Desert Eagle out of the SFPD locker at a cost of 0 HG Materials.
[2016/2/4 - 14:36:32] Cai Bang took a Shotgun out of the SFPD locker at a cost of 0 HG Materials.
[2016/2/4 - 14:37:28] Aconlont Spatex took a Desert Eagle out of the SFPD locker at a cost of 0 HG Materials.
[2016/2/4 - 14:37:30] Aconlont Spatex took a M4 out of the SFPD locker at a cost of 0 HG Materials.
[2016/2/4 - 14:37:33] Aconlont Spatex took a Combat Shotgun out of the SFPD locker at a cost of 0 HG Materials.
[2016/2/4 - 14:37:35] Aconlont Spatex took a Sniper Rifle out of the SFPD locker at a cost of 0 HG Materials.
[2016/2/4 - 14:37:37] Aconlont Spatex took a vest out of the SFPD locker at a cost of 1 HG Material.
[2016/2/4 - 14:37:38] Aconlont Spatex took a vest out of the SFPD locker at a cost of 1 HG Material.
[2016/2/4 - 14:37:50] Robbie Williams took a M4 out of the SFPD locker at a cost of 0 HG Materials.
[2016/2/4 - 14:37:54] Robbie Williams took a Combat Shotgun out of the SFPD locker at a cost of 0 HG Materials.
[2016/2/4 - 14:37:56] Robbie Williams took a Sniper Rifle out of the SFPD locker at a cost of 0 HG Materials.
[2016/2/4 - 14:38:00] Robbie Williams took a Desert Eagle out of the SFPD locker at a cost of 0 HG Materials.
[2016/2/4 - 14:38:03] Robbie Williams took a Nite Stick out of the SFPD locker at a cost of 0 HG Materials.
[2016/2/4 - 14:38:09] Robbie Williams took a Spray Can out of the SFPD locker at a cost of 0 HG Materials.
[2016/2/4 - 14:41:35] Ga Rung took a Desert Eagle out of the SFPD locker at a cost of 0 HG Materials.
[2016/2/4 - 14:41:38] Ga Rung took a M4 out of the SFPD locker at a cost of 0 HG Materials.
[2016/2/4 - 14:41:40] Ga Rung took a Combat Shotgun out of the SFPD locker at a cost of 0 HG Materials.
[2016/2/4 - 14:41:42] Ga Rung took a Sniper Rifle out of the SFPD locker at a cost of 0 HG Materials.
[2016/2/4 - 14:41:45] Ga Rung took a vest out of the SFPD locker at a cost of 1 HG Material.
[2016/2/4 - 14:41:45] James Matter took a vest out of the SFPD locker at a cost of 1 HG Material.
[2016/2/4 - 14:41:53] James Matter took a vest out of the SFPD locker at a cost of 1 HG Material.
[2016/2/4 - 14:42:00] James Matter took a vest for their car out of the SFPD locker at a cost of 1 HG Material.
[2016/2/4 - 14:42:52] Ken SmiTh took a vest out of the SFPD locker at a cost of 1 HG Material.
[2016/2/4 - 14:43:17] NguyenLan Anh took a vest out of the SFPD locker at a cost of 1 HG Material.
[2016/2/4 - 14:43:55] Aconlont Spatex took a vest out of the SFPD locker at a cost of 1 HG Material.
[2016/2/4 - 14:43:58] Aconlont Spatex took a Desert Eagle out of the SFPD locker at a cost of 0 HG Materials.
[2016/2/4 - 14:44:00] Aconlont Spatex took a M4 out of the SFPD locker at a cost of 0 HG Materials.
[2016/2/4 - 14:44:03] Aconlont Spatex took a Combat Shotgun out of the SFPD locker at a cost of 0 HG Materials.
[2016/2/4 - 14:44:06] Aconlont Spatex took a Sniper Rifle out of the SFPD locker at a cost of 0 HG Materials.
[2016/2/4 - 14:44:08] Aconlont Spatex took a vest out of the SFPD locker at a cost of 1 HG Material.
[2016/2/4 - 14:45:47] James Matter took a vest out of the SFPD locker at a cost of 1 HG Material.
[2016/2/4 - 14:45:56] Cai Bang took a vest out of the SFPD locker at a cost of 1 HG Material.
[2016/2/4 - 14:46:00] Cai Bang took a Nite Stick out of the SFPD locker at a cost of 0 HG Materials.
[2016/2/4 - 14:46:02] Cai Bang took a Spray Can out of the SFPD locker at a cost of 0 HG Materials.
[2016/2/4 - 14:46:03] James Matter took a Nite Stick out of the SFPD locker at a cost of 0 HG Materials.
[2016/2/4 - 14:46:05] Cai Bang took a Teargas out of the SFPD locker at a cost of 0 HG Materials.
[2016/2/4 - 14:46:08] Cai Bang took a Desert Eagle out of the SFPD locker at a cost of 0 HG Materials.
[2016/2/4 - 14:46:09] James Matter took a Desert Eagle out of the SFPD locker at a cost of 0 HG Materials.
[2016/2/4 - 14:46:11] Cai Bang took a M4 out of the SFPD locker at a cost of 0 HG Materials.
[2016/2/4 - 14:46:12] James Matter took a Combat Shotgun out of the SFPD locker at a cost of 0 HG Materials.
[2016/2/4 - 14:46:13] Cai Bang took a Combat Shotgun out of the SFPD locker at a cost of 0 HG Materials.
[2016/2/4 - 14:46:16] Cai Bang took a Sniper Rifle out of the SFPD locker at a cost of 0 HG Materials.
[2016/2/4 - 14:46:17] James Matter took a M4 out of the SFPD locker at a cost of 0 HG Materials.
[2016/2/4 - 14:46:30] Ga Rung took a vest out of the SFPD locker at a cost of 1 HG Material.
[2016/2/4 - 14:46:32] Ga Rung took a Desert Eagle out of the SFPD locker at a cost of 0 HG Materials.
[2016/2/4 - 14:46:34] Ga Rung took a M4 out of the SFPD locker at a cost of 0 HG Materials.
[2016/2/4 - 14:46:36] Ga Rung took a Combat Shotgun out of the SFPD locker at a cost of 0 HG Materials.
[2016/2/4 - 14:46:38] Ga Rung took a Sniper Rifle out of the SFPD locker at a cost of 0 HG Materials.
[2016/2/4 - 14:46:41] Brin Simple took a vest out of the SFPD locker at a cost of 1 HG Material.
[2016/2/4 - 14:46:47] Brin Simple took a vest out of the SFPD locker at a cost of 1 HG Material.
[2016/2/4 - 14:46:49] Brin Simple took a vest for their car out of the SFPD locker at a cost of 1 HG Material.
[2016/2/4 - 14:46:49] Aconlont Spatex took a vest out of the SFPD locker at a cost of 1 HG Material.
[2016/2/4 - 14:46:52] Brin Simple took a Combat Shotgun out of the SFPD locker at a cost of 0 HG Materials.
[2016/2/4 - 14:46:55] Brin Simple took a M4 out of the SFPD locker at a cost of 0 HG Materials.
[2016/2/4 - 14:46:57] Brin Simple took a Sniper Rifle out of the SFPD locker at a cost of 0 HG Materials.
[2016/2/4 - 14:47:00] Brin Simple took a Nite Stick out of the SFPD locker at a cost of 0 HG Materials.
[2016/2/4 - 14:47:02] Brin Simple took a Spray Can out of the SFPD locker at a cost of 0 HG Materials.
[2016/2/4 - 14:47:04] Brin Simple took a Parachute out of the SFPD locker at a cost of 0 HG Materials.
[2016/2/4 - 14:52:06] Ken SmiTh took a vest out of the SFPD locker at a cost of 1 HG Material.
[2016/2/4 - 14:52:09] Ken SmiTh took a Parachute out of the SFPD locker at a cost of 0 HG Materials.
[2016/2/4 - 14:52:12] Ken SmiTh took a Shotgun out of the SFPD locker at a cost of 0 HG Materials.
[2016/2/4 - 14:52:15] Ken SmiTh took a MP5 out of the SFPD locker at a cost of 0 HG Materials.
[2016/2/4 - 14:52:18] Ken SmiTh took a Desert Eagle out of the SFPD locker at a cost of 0 HG Materials.
[2016/2/4 - 14:52:20] Ken SmiTh took a M4 out of the SFPD locker at a cost of 0 HG Materials.
[2016/2/4 - 14:52:23] Ken SmiTh took a M4 out of the SFPD locker at a cost of 0 HG Materials.
[2016/2/4 - 14:52:26] Ken SmiTh took a Combat Shotgun out of the SFPD locker at a cost of 0 HG Materials.
[2016/2/4 - 14:52:29] Ken SmiTh took a Sniper Rifle out of the SFPD locker at a cost of 0 HG Materials.
[2016/2/4 - 14:58:22] Ga Rung took a vest for their car out of the SFPD locker at a cost of 1 HG Material.
[2016/2/4 - 14:58:27] Ga Rung took a vest out of the SFPD locker at a cost of 1 HG Material.
[2016/2/4 - 14:59:54] Nguyen Quynh took a vest out of the SFPD locker at a cost of 1 HG Material.
[2016/2/4 - 14:59:56] Nguyen Quynh took a Nite Stick out of the SFPD locker at a cost of 0 HG Materials.
[2016/2/4 - 14:59:59] Nguyen Quynh took a MP5 out of the SFPD locker at a cost of 0 HG Materials.
[2016/2/4 - 15:00:01] Nguyen Quynh took a Desert Eagle out of the SFPD locker at a cost of 0 HG Materials.
[2016/2/4 - 15:00:03] Nguyen Quynh took a M4 out of the SFPD locker at a cost of 0 HG Materials.
[2016/2/4 - 15:00:05] Nguyen Quynh took a Combat Shotgun out of the SFPD locker at a cost of 0 HG Materials.
[2016/2/4 - 15:00:07] Nguyen Quynh took a Sniper Rifle out of the SFPD locker at a cost of 0 HG Materials.
[2016/2/4 - 15:00:09] Nguyen Quynh took a Spray Can out of the SFPD locker at a cost of 0 HG Materials.
[2016/2/4 - 15:00:10] Nguyen Quynh took a Teargas out of the SFPD locker at a cost of 0 HG Materials.
[2016/2/4 - 15:00:21] The faction vault is at $51,064
[2016/2/4 - 15:01:35] Ken SmiTh took a vest out of the SFPD locker at a cost of 1 HG Material.
[2016/2/4 - 15:01:39] Ken SmiTh took a Shotgun out of the SFPD locker at a cost of 0 HG Materials.
[2016/2/4 - 15:01:42] Ken SmiTh took a MP5 out of the SFPD locker at a cost of 0 HG Materials.
[2016/2/4 - 15:01:45] Ken SmiTh took a Desert Eagle out of the SFPD locker at a cost of 0 HG Materials.
[2016/2/4 - 15:01:47] Ken SmiTh took a Combat Shotgun out of the SFPD locker at a cost of 0 HG Materials.
[2016/2/4 - 15:01:52] Ken SmiTh took a Sniper Rifle out of the SFPD locker at a cost of 0 HG Materials.
[2016/2/4 - 15:01:58] Ken SmiTh took a M4 out of the SFPD locker at a cost of 0 HG Materials.
[2016/2/4 - 15:02:02] Ken SmiTh took a vest out of the SFPD locker at a cost of 1 HG Material.
[2016/2/4 - 15:02:04] Ken SmiTh took a vest for their car out of the SFPD locker at a cost of 1 HG Material.
[2016/2/4 - 15:05:07] Ken SmiTh took a vest out of the SFPD locker at a cost of 1 HG Material.
[2016/2/4 - 15:05:18] Ken SmiTh took a vest out of the SFPD locker at a cost of 1 HG Material.
[2016/2/4 - 15:07:15] quoc tai took a vest out of the SFPD locker at a cost of 1 HG Material.
[2016/2/4 - 15:07:22] quoc tai took a Desert Eagle out of the SFPD locker at a cost of 0 HG Materials.
[2016/2/4 - 15:07:32] quoc tai took a M4 out of the SFPD locker at a cost of 0 HG Materials.
[2016/2/4 - 15:07:38] quoc tai took a Combat Shotgun out of the SFPD locker at a cost of 0 HG Materials.
[2016/2/4 - 15:07:43] quoc tai took a Sniper Rifle out of the SFPD locker at a cost of 0 HG Materials.
[2016/2/4 - 15:07:48] quoc tai took a Teargas out of the SFPD locker at a cost of 0 HG Materials.
[2016/2/4 - 15:07:54] quoc tai took a Nite Stick out of the SFPD locker at a cost of 0 HG Materials.
[2016/2/4 - 15:09:16] Ken SmiTh took a vest out of the SFPD locker at a cost of 1 HG Material.
[2016/2/4 - 15:10:29] NguyenLan Anh took a vest out of the SFPD locker at a cost of 1 HG Material.
[2016/2/4 - 15:10:30] Nguyen Quynh took a vest out of the SFPD locker at a cost of 1 HG Material.
[2016/2/4 - 15:10:31] Nguyen Quynh took a Nite Stick out of the SFPD locker at a cost of 0 HG Materials.
[2016/2/4 - 15:10:33] Nguyen Quynh took a Spray Can out of the SFPD locker at a cost of 0 HG Materials.
[2016/2/4 - 15:10:34] Nguyen Quynh took a Teargas out of the SFPD locker at a cost of 0 HG Materials.
[2016/2/4 - 15:10:34] NguyenLan Anh took a M4 out of the SFPD locker at a cost of 0 HG Materials.
[2016/2/4 - 15:10:37] Nguyen Quynh took a MP5 out of the SFPD locker at a cost of 0 HG Materials.
[2016/2/4 - 15:10:39] NguyenLan Anh took a Sniper Rifle out of the SFPD locker at a cost of 0 HG Materials.
[2016/2/4 - 15:10:39] Nguyen Quynh took a Desert Eagle out of the SFPD locker at a cost of 0 HG Materials.
[2016/2/4 - 15:10:41] Nguyen Quynh took a M4 out of the SFPD locker at a cost of 0 HG Materials.
[2016/2/4 - 15:10:43] Brin Simple took a vest out of the SFPD locker at a cost of 1 HG Material.
[2016/2/4 - 15:10:43] Nguyen Quynh took a Combat Shotgun out of the SFPD locker at a cost of 0 HG Materials.
[2016/2/4 - 15:10:44] Brin Simple took a Nite Stick out of the SFPD locker at a cost of 0 HG Materials.
[2016/2/4 - 15:10:46] Brin Simple took a Spray Can out of the SFPD locker at a cost of 0 HG Materials.
[2016/2/4 - 15:10:46] Nguyen Quynh took a Sniper Rifle out of the SFPD locker at a cost of 0 HG Materials.
[2016/2/4 - 15:10:47] Brin Simple took a Teargas out of the SFPD locker at a cost of 0 HG Materials.
[2016/2/4 - 15:10:48] Brin Simple took a Parachute out of the SFPD locker at a cost of 0 HG Materials.
[2016/2/4 - 15:10:50] Brin Simple took a Shotgun out of the SFPD locker at a cost of 0 HG Materials.
[2016/2/4 - 15:10:50] NguyenLan Anh took a Combat Shotgun out of the SFPD locker at a cost of 0 HG Materials.
[2016/2/4 - 15:10:52] Brin Simple took a MP5 out of the SFPD locker at a cost of 0 HG Materials.
[2016/2/4 - 15:10:53] Nguyen Quynh took a vest out of the SFPD locker at a cost of 1 HG Material.
[2016/2/4 - 15:10:54] Brin Simple took a Desert Eagle out of the SFPD locker at a cost of 0 HG Materials.
[2016/2/4 - 15:10:55] Nguyen Quynh took a vest for their car out of the SFPD locker at a cost of 1 HG Material.
[2016/2/4 - 15:10:57] Brin Simple took a M4 out of the SFPD locker at a cost of 0 HG Materials.
[2016/2/4 - 15:10:59] Brin Simple took a Combat Shotgun out of the SFPD locker at a cost of 0 HG Materials.
[2016/2/4 - 15:11:01] Brin Simple took a  out of the SFPD locker at a cost of 0 HG Materials.
[2016/2/4 - 15:11:04] Brin Simple took a Sniper Rifle out of the SFPD locker at a cost of 0 HG Materials.
[2016/2/4 - 15:11:07] Brin Simple took a vest out of the SFPD locker at a cost of 1 HG Material.
[2016/2/4 - 15:11:11] Brin Simple took a vest for their car out of the SFPD locker at a cost of 1 HG Material.
[2016/2/4 - 15:11:12] Brin Simple took a vest out of the SFPD locker at a cost of 1 HG Material.
[2016/2/4 - 15:15:37] James Matter took a vest out of the SFPD locker at a cost of 1 HG Material.
[2016/2/4 - 15:15:42] James Matter took a Nite Stick out of the SFPD locker at a cost of 0 HG Materials.
[2016/2/4 - 15:15:46] James Matter took a Teargas out of the SFPD locker at a cost of 0 HG Materials.
[2016/2/4 - 15:15:51] James Matter took a M4 out of the SFPD locker at a cost of 0 HG Materials.
[2016/2/4 - 15:15:54] James Matter took a Combat Shotgun out of the SFPD locker at a cost of 0 HG Materials.
[2016/2/4 - 15:15:56] James Matter took a Sniper Rifle out of the SFPD locker at a cost of 0 HG Materials.
[2016/2/4 - 15:15:59] James Matter took a Desert Eagle out of the SFPD locker at a cost of 0 HG Materials.
[2016/2/4 - 15:18:09] Ken SmiTh took a vest out of the SFPD locker at a cost of 1 HG Material.
[2016/2/4 - 15:18:14] Ken SmiTh took a Shotgun out of the SFPD locker at a cost of 0 HG Materials.
[2016/2/4 - 15:18:17] Ken SmiTh took a MP5 out of the SFPD locker at a cost of 0 HG Materials.
[2016/2/4 - 15:18:19] Ken SmiTh took a Desert Eagle out of the SFPD locker at a cost of 0 HG Materials.
[2016/2/4 - 15:18:22] Ken SmiTh took a M4 out of the SFPD locker at a cost of 0 HG Materials.
[2016/2/4 - 15:18:24] Ken SmiTh took a Combat Shotgun out of the SFPD locker at a cost of 0 HG Materials.
[2016/2/4 - 15:18:27] Ken SmiTh took a Sniper Rifle out of the SFPD locker at a cost of 0 HG Materials.
[2016/2/4 - 15:18:31] Ken SmiTh took a Nite Stick out of the SFPD locker at a cost of 0 HG Materials.
[2016/2/4 - 15:19:24] Nguyen Quynh took a vest out of the SFPD locker at a cost of 1 HG Material.
[2016/2/4 - 15:19:25] Nguyen Quynh took a Nite Stick out of the SFPD locker at a cost of 0 HG Materials.
[2016/2/4 - 15:19:26] Nguyen Quynh took a Spray Can out of the SFPD locker at a cost of 0 HG Materials.
[2016/2/4 - 15:19:28] Nguyen Quynh took a Teargas out of the SFPD locker at a cost of 0 HG Materials.
[2016/2/4 - 15:19:30] Nguyen Quynh took a MP5 out of the SFPD locker at a cost of 0 HG Materials.
[2016/2/4 - 15:19:32] Nguyen Quynh took a Desert Eagle out of the SFPD locker at a cost of 0 HG Materials.
[2016/2/4 - 15:19:34] Nguyen Quynh took a M4 out of the SFPD locker at a cost of 0 HG Materials.
[2016/2/4 - 15:19:36] Nguyen Quynh took a Combat Shotgun out of the SFPD locker at a cost of 0 HG Materials.
[2016/2/4 - 15:19:37] NguyenLan Anh took a vest out of the SFPD locker at a cost of 1 HG Material.
[2016/2/4 - 15:19:39] Nguyen Quynh took a Sniper Rifle out of the SFPD locker at a cost of 0 HG Materials.
[2016/2/4 - 15:19:40] NguyenLan Anh took a Desert Eagle out of the SFPD locker at a cost of 0 HG Materials.
[2016/2/4 - 15:19:43] Nguyen Quynh took a Sniper Rifle out of the SFPD locker at a cost of 0 HG Materials.
[2016/2/4 - 15:19:44] NguyenLan Anh took a M4 out of the SFPD locker at a cost of 0 HG Materials.
[2016/2/4 - 15:19:46] NguyenLan Anh took a Combat Shotgun out of the SFPD locker at a cost of 0 HG Materials.
[2016/2/4 - 15:19:48] Nguyen Quynh took a vest out of the SFPD locker at a cost of 1 HG Material.
[2016/2/4 - 15:19:49] NguyenLan Anh took a Sniper Rifle out of the SFPD locker at a cost of 0 HG Materials.
[2016/2/4 - 15:19:53] NguyenLan Anh took a Parachute out of the SFPD locker at a cost of 0 HG Materials.
[2016/2/4 - 15:22:57] Ga Rung took a vest out of the SFPD locker at a cost of 1 HG Material.
[2016/2/4 - 15:22:59] Ga Rung took a Desert Eagle out of the SFPD locker at a cost of 0 HG Materials.
[2016/2/4 - 15:23:01] Ga Rung took a M4 out of the SFPD locker at a cost of 0 HG Materials.
[2016/2/4 - 15:23:07] Ga Rung took a Combat Shotgun out of the SFPD locker at a cost of 0 HG Materials.
[2016/2/4 - 15:23:09] Ga Rung took a Sniper Rifle out of the SFPD locker at a cost of 0 HG Materials.
[2016/2/4 - 15:26:21] NguyenLan Anh took a vest out of the SFPD locker at a cost of 1 HG Material.
[2016/2/4 - 15:26:22] Nguyen Quynh took a vest out of the SFPD locker at a cost of 1 HG Material.
[2016/2/4 - 15:26:23] Nguyen Quynh took a Nite Stick out of the SFPD locker at a cost of 0 HG Materials.
[2016/2/4 - 15:26:24] NguyenLan Anh took a Desert Eagle out of the SFPD locker at a cost of 0 HG Materials.
[2016/2/4 - 15:26:25] Nguyen Quynh took a Spray Can out of the SFPD locker at a cost of 0 HG Materials.
[2016/2/4 - 15:26:26] Nguyen Quynh took a Teargas out of the SFPD locker at a cost of 0 HG Materials.
[2016/2/4 - 15:26:27] NguyenLan Anh took a Combat Shotgun out of the SFPD locker at a cost of 0 HG Materials.
[2016/2/4 - 15:26:29] Nguyen Quynh took a MP5 out of the SFPD locker at a cost of 0 HG Materials.
[2016/2/4 - 15:26:31] NguyenLan Anh took a M4 out of the SFPD locker at a cost of 0 HG Materials.
[2016/2/4 - 15:26:31] Nguyen Quynh took a Desert Eagle out of the SFPD locker at a cost of 0 HG Materials.
[2016/2/4 - 15:26:33] Nguyen Quynh took a M4 out of the SFPD locker at a cost of 0 HG Materials.
[2016/2/4 - 15:26:34] NguyenLan Anh took a Sniper Rifle out of the SFPD locker at a cost of 0 HG Materials.
[2016/2/4 - 15:26:35] Nguyen Quynh took a Combat Shotgun out of the SFPD locker at a cost of 0 HG Materials.
[2016/2/4 - 15:26:37] Nguyen Quynh took a Sniper Rifle out of the SFPD locker at a cost of 0 HG Materials.
[2016/2/4 - 15:26:38] NguyenLan Anh took a Parachute out of the SFPD locker at a cost of 0 HG Materials.
[2016/2/4 - 15:26:43] Nguyen Quynh took a vest out of the SFPD locker at a cost of 1 HG Material.
[2016/2/4 - 15:26:44] Nguyen Quynh took a vest out of the SFPD locker at a cost of 1 HG Material.
[2016/2/4 - 15:26:46] Ken SmiTh took a vest out of the SFPD locker at a cost of 1 HG Material.
[2016/2/4 - 15:26:50] Ken SmiTh took a MP5 out of the SFPD locker at a cost of 0 HG Materials.
[2016/2/4 - 15:26:53] Ken SmiTh took a Desert Eagle out of the SFPD locker at a cost of 0 HG Materials.
[2016/2/4 - 15:26:56] Ken SmiTh took a M4 out of the SFPD locker at a cost of 0 HG Materials.
[2016/2/4 - 15:26:58] Ken SmiTh took a Combat Shotgun out of the SFPD locker at a cost of 0 HG Materials.
[2016/2/4 - 15:27:01] Ken SmiTh took a Sniper Rifle out of the SFPD locker at a cost of 0 HG Materials.
[2016/2/4 - 15:27:52] NguyenLan Anh took a vest out of the SFPD locker at a cost of 1 HG Material.
[2016/2/4 - 15:28:11] NguyenLan Anh took a Nite Stick out of the SFPD locker at a cost of 0 HG Materials.
[2016/2/4 - 15:30:15] Nguyen Quynh took a vest out of the SFPD locker at a cost of 1 HG Material.
[2016/2/4 - 15:35:50] Ga Rung took a vest out of the SFPD locker at a cost of 1 HG Material.
[2016/2/4 - 15:35:56] Ga Rung took a Nite Stick out of the SFPD locker at a cost of 0 HG Materials.
[2016/2/4 - 15:35:59] Ga Rung took a Desert Eagle out of the SFPD locker at a cost of 0 HG Materials.
[2016/2/4 - 15:36:01] Ga Rung took a M4 out of the SFPD locker at a cost of 0 HG Materials.
[2016/2/4 - 15:36:04] Ga Rung took a Combat Shotgun out of the SFPD locker at a cost of 0 HG Materials.
[2016/2/4 - 15:36:06] Ga Rung took a Sniper Rifle out of the SFPD locker at a cost of 0 HG Materials.
[2016/2/4 - 15:38:10] NguyenLan Anh took a vest out of the SFPD locker at a cost of 1 HG Material.
[2016/2/4 - 15:38:19] NguyenLan Anh took a M4 out of the SFPD locker at a cost of 0 HG Materials.
[2016/2/4 - 15:38:22] NguyenLan Anh took a Combat Shotgun out of the SFPD locker at a cost of 0 HG Materials.
[2016/2/4 - 15:38:25] NguyenLan Anh took a Sniper Rifle out of the SFPD locker at a cost of 0 HG Materials.
[2016/2/4 - 15:40:13] Smith Robeo took a vest out of the SFPD locker at a cost of 1 HG Material.
[2016/2/4 - 15:44:39] Nguyen Quynh took a vest out of the SFPD locker at a cost of 1 HG Material.
[2016/2/4 - 15:44:42] Nguyen Quynh took a vest for their car out of the SFPD locker at a cost of 1 HG Material.
[2016/2/4 - 15:45:00] NguyenLan Anh took a vest for their car out of the SFPD locker at a cost of 1 HG Material.
[2016/2/4 - 15:45:38] Smith Robeo took a vest out of the SFPD locker at a cost of 1 HG Material.
[2016/2/4 - 15:45:43] Smith Robeo took a Desert Eagle out of the SFPD locker at a cost of 0 HG Materials.
[2016/2/4 - 15:45:57] Smith Robeo took a vest out of the SFPD locker at a cost of 1 HG Material.
[2016/2/4 - 15:46:01] Smith Robeo took a M4 out of the SFPD locker at a cost of 0 HG Materials.
[2016/2/4 - 15:52:22] James Matter took a Desert Eagle out of the SFPD locker at a cost of 0 HG Materials.
[2016/2/4 - 15:52:24] James Matter took a M4 out of the SFPD locker at a cost of 0 HG Materials.
[2016/2/4 - 15:52:37] James Matter took a Combat Shotgun out of the SFPD locker at a cost of 0 HG Materials.
[2016/2/4 - 15:52:40] James Matter took a Sniper Rifle out of the SFPD locker at a cost of 0 HG Materials.
[2016/2/4 - 15:52:44] James Matter took a Nite Stick out of the SFPD locker at a cost of 0 HG Materials.
[2016/2/4 - 15:52:47] James Matter took a Teargas out of the SFPD locker at a cost of 0 HG Materials.
[2016/2/4 - 15:52:55] James Matter took a vest out of the SFPD locker at a cost of 1 HG Material.
[2016/2/4 - 15:53:03] James Matter took a vest for their car out of the SFPD locker at a cost of 1 HG Material.
[2016/2/4 - 15:59:55] Nhan DepTrai has been arrested by Nguyen Quynh and fined $30000. $10000 has been sent to SFPD's budget fund.
[2016/2/4 - 16:00:22] The faction vault is at $61,064
[2016/2/4 - 16:06:10] NguyenLan Anh took a vest out of the SFPD locker at a cost of 1 HG Material.
[2016/2/4 - 16:06:18] NguyenLan Anh took a M4 out of the SFPD locker at a cost of 0 HG Materials.
[2016/2/4 - 16:06:21] NguyenLan Anh took a Sniper Rifle out of the SFPD locker at a cost of 0 HG Materials.
[2016/2/4 - 16:06:24] NguyenLan Anh took a Combat Shotgun out of the SFPD locker at a cost of 0 HG Materials.
[2016/2/4 - 16:06:27] NguyenLan Anh took a Nite Stick out of the SFPD locker at a cost of 0 HG Materials.
[2016/2/4 - 16:06:30] NguyenLan Anh took a Parachute out of the SFPD locker at a cost of 0 HG Materials.
[2016/2/4 - 16:06:34] NguyenLan Anh took a vest for their car out of the SFPD locker at a cost of 1 HG Material.
[2016/2/4 - 16:23:50] Nguyen Quynh took a vest out of the SFPD locker at a cost of 1 HG Material.
[2016/2/4 - 16:28:04] Nguyen Quynh took a vest out of the SFPD locker at a cost of 1 HG Material.
[2016/2/4 - 16:28:05] Nguyen Quynh took a Nite Stick out of the SFPD locker at a cost of 0 HG Materials.
[2016/2/4 - 16:28:06] Nguyen Quynh took a Spray Can out of the SFPD locker at a cost of 0 HG Materials.
[2016/2/4 - 16:28:08] Nguyen Quynh took a Teargas out of the SFPD locker at a cost of 0 HG Materials.
[2016/2/4 - 16:28:10] Nguyen Quynh took a MP5 out of the SFPD locker at a cost of 0 HG Materials.
[2016/2/4 - 16:28:13] Nguyen Quynh took a Desert Eagle out of the SFPD locker at a cost of 0 HG Materials.
[2016/2/4 - 16:28:15] Nguyen Quynh took a vest out of the SFPD locker at a cost of 1 HG Material.
[2016/2/4 - 16:28:17] Nguyen Quynh took a M4 out of the SFPD locker at a cost of 0 HG Materials.
[2016/2/4 - 16:28:20] Nguyen Quynh took a Combat Shotgun out of the SFPD locker at a cost of 0 HG Materials.
[2016/2/4 - 16:28:31] Nguyen Quynh took a Sniper Rifle out of the SFPD locker at a cost of 0 HG Materials.
[2016/2/4 - 16:28:36] Nguyen Quynh took a vest out of the SFPD locker at a cost of 1 HG Material.
[2016/2/4 - 16:28:38] Nguyen Quynh took a vest for their car out of the SFPD locker at a cost of 1 HG Material.
[2016/2/4 - 16:31:25] NguyenLan Anh took a vest out of the SFPD locker at a cost of 1 HG Material.
[2016/2/4 - 16:31:27] NguyenLan Anh took a Desert Eagle out of the SFPD locker at a cost of 0 HG Materials.
[2016/2/4 - 16:31:30] NguyenLan Anh took a Sniper Rifle out of the SFPD locker at a cost of 0 HG Materials.
[2016/2/4 - 16:31:33] NguyenLan Anh took a M4 out of the SFPD locker at a cost of 0 HG Materials.
[2016/2/4 - 16:31:35] NguyenLan Anh took a M4 out of the SFPD locker at a cost of 0 HG Materials.
[2016/2/4 - 16:31:38] NguyenLan Anh took a Nite Stick out of the SFPD locker at a cost of 0 HG Materials.
[2016/2/4 - 16:31:42] NguyenLan Anh took a vest for their car out of the SFPD locker at a cost of 1 HG Material.
[2016/2/4 - 16:31:43] Smith Robeo took a vest out of the SFPD locker at a cost of 1 HG Material.
[2016/2/4 - 16:37:19] Kelvin Dat took a vest for their car out of the SFPD locker at a cost of 1 HG Material.
[2016/2/4 - 16:37:21] Kelvin Dat took a vest out of the SFPD locker at a cost of 1 HG Material.
[2016/2/4 - 16:37:27] Kelvin Dat took a M4 out of the SFPD locker at a cost of 0 HG Materials.
[2016/2/4 - 16:37:31] Kelvin Dat took a Combat Shotgun out of the SFPD locker at a cost of 0 HG Materials.
[2016/2/4 - 16:39:46] Aconlont Spatex took a vest out of the SFPD locker at a cost of 1 HG Material.
[2016/2/4 - 16:40:07] Nguyen Quynh took a vest out of the SFPD locker at a cost of 1 HG Material.
[2016/2/4 - 16:44:56] Aconlont Spatex took a Desert Eagle out of the SFPD locker at a cost of 0 HG Materials.
[2016/2/4 - 16:44:58] Aconlont Spatex took a M4 out of the SFPD locker at a cost of 0 HG Materials.
[2016/2/4 - 16:45:01] Aconlont Spatex took a Combat Shotgun out of the SFPD locker at a cost of 0 HG Materials.
[2016/2/4 - 16:45:05] Aconlont Spatex took a Sniper Rifle out of the SFPD locker at a cost of 0 HG Materials.
[2016/2/4 - 16:52:36] Smith Robeo took a vest out of the SFPD locker at a cost of 1 HG Material.
[2016/2/4 - 16:55:42] Smith Robeo took a vest out of the SFPD locker at a cost of 1 HG Material.
[2016/2/4 - 17:00:58] The faction vault is at $61,064
[2016/2/4 - 17:19:01] NguyenLan Anh took a vest out of the SFPD locker at a cost of 1 HG Material.
[2016/2/4 - 17:19:04] NguyenLan Anh took a M4 out of the SFPD locker at a cost of 0 HG Materials.
[2016/2/4 - 17:19:07] NguyenLan Anh took a Combat Shotgun out of the SFPD locker at a cost of 0 HG Materials.
[2016/2/4 - 17:19:11] NguyenLan Anh took a Sniper Rifle out of the SFPD locker at a cost of 0 HG Materials.
[2016/2/4 - 17:19:29] NguyenLan Anh took a vest out of the SFPD locker at a cost of 1 HG Material.
[2016/2/4 - 17:19:34] NguyenLan Anh took a vest for their car out of the SFPD locker at a cost of 1 HG Material.
[2016/2/4 - 17:19:37] Smith Robeo took a vest out of the SFPD locker at a cost of 1 HG Material.
[2016/2/4 - 17:19:43] Smith Robeo took a Desert Eagle out of the SFPD locker at a cost of 0 HG Materials.
[2016/2/4 - 17:19:46] Smith Robeo took a M4 out of the SFPD locker at a cost of 0 HG Materials.
[2016/2/4 - 17:25:34] Smith Robeo took a vest out of the SFPD locker at a cost of 1 HG Material.
[2016/2/4 - 17:26:19] NguyenLan Anh took a vest out of the SFPD locker at a cost of 1 HG Material.
[2016/2/4 - 17:26:26] NguyenLan Anh took a Desert Eagle out of the SFPD locker at a cost of 0 HG Materials.
[2016/2/4 - 17:26:29] NguyenLan Anh took a Nite Stick out of the SFPD locker at a cost of 0 HG Materials.
[2016/2/4 - 17:26:32] NguyenLan Anh took a Parachute out of the SFPD locker at a cost of 0 HG Materials.
[2016/2/4 - 17:36:13] Smith Robeo took a vest out of the SFPD locker at a cost of 1 HG Material.
[2016/2/4 - 17:36:17] Smith Robeo took a Desert Eagle out of the SFPD locker at a cost of 0 HG Materials.
[2016/2/4 - 17:36:20] Smith Robeo took a M4 out of the SFPD locker at a cost of 0 HG Materials.
[2016/2/4 - 18:01:03] The faction vault is at $61,064
[2016/2/4 - 18:02:34] Ivan Hardwell has been arrested by Smith Robeo and fined $1. $0 has been sent to SFPD's budget fund.
[2016/2/4 - 18:06:39] Smith Robeo took a vest out of the SFPD locker at a cost of 1 HG Material.
[2016/2/4 - 18:06:41] Smith Robeo took a vest out of the SFPD locker at a cost of 1 HG Material.
[2016/2/4 - 18:06:45] Smith Robeo took a Desert Eagle out of the SFPD locker at a cost of 0 HG Materials.
[2016/2/4 - 18:06:47] Smith Robeo took a M4 out of the SFPD locker at a cost of 0 HG Materials.
[2016/2/4 - 18:15:11] Smith Robeo took a vest out of the SFPD locker at a cost of 1 HG Material.
[2016/2/4 - 18:15:15] Smith Robeo took a Nite Stick out of the SFPD locker at a cost of 0 HG Materials.
[2016/2/4 - 18:15:17] Smith Robeo took a M4 out of the SFPD locker at a cost of 0 HG Materials.
[2016/2/4 - 18:15:20] Smith Robeo took a Desert Eagle out of the SFPD locker at a cost of 0 HG Materials.
[2016/2/4 - 18:27:02] Micheal Sang took a vest out of the SFPD locker at a cost of 1 HG Material.
[2016/2/4 - 18:58:11] Smith Robeo took a vest out of the SFPD locker at a cost of 1 HG Material.
[2016/2/4 - 19:00:04] The faction vault is at $61,064
[2016/2/4 - 19:15:07] Smith Robeo took a vest out of the SFPD locker at a cost of 1 HG Material.
[2016/2/4 - 19:20:54] NguyenLan Anh took a vest out of the SFPD locker at a cost of 1 HG Material.
[2016/2/4 - 19:20:57] NguyenLan Anh took a M4 out of the SFPD locker at a cost of 0 HG Materials.
[2016/2/4 - 19:21:00] NguyenLan Anh took a Nite Stick out of the SFPD locker at a cost of 0 HG Materials.
[2016/2/4 - 19:21:02] NguyenLan Anh took a Parachute out of the SFPD locker at a cost of 0 HG Materials.
[2016/2/4 - 19:21:05] NguyenLan Anh took a Combat Shotgun out of the SFPD locker at a cost of 0 HG Materials.
[2016/2/4 - 19:21:08] NguyenLan Anh took a Sniper Rifle out of the SFPD locker at a cost of 0 HG Materials.
[2016/2/4 - 19:21:12] NguyenLan Anh took a Desert Eagle out of the SFPD locker at a cost of 0 HG Materials.
[2016/2/4 - 19:33:51] Aconlont Spatex took a vest out of the SFPD locker at a cost of 1 HG Material.
[2016/2/4 - 19:33:56] Aconlont Spatex took a Desert Eagle out of the SFPD locker at a cost of 0 HG Materials.
[2016/2/4 - 19:33:58] Aconlont Spatex took a M4 out of the SFPD locker at a cost of 0 HG Materials.
[2016/2/4 - 19:34:01] Aconlont Spatex took a Combat Shotgun out of the SFPD locker at a cost of 0 HG Materials.
[2016/2/4 - 19:34:03] Aconlont Spatex took a Sniper Rifle out of the SFPD locker at a cost of 0 HG Materials.
[2016/2/4 - 19:34:06] Aconlont Spatex took a MP5 out of the SFPD locker at a cost of 0 HG Materials.
[2016/2/4 - 19:34:11] Aconlont Spatex took a Nite Stick out of the SFPD locker at a cost of 0 HG Materials.
[2016/2/4 - 19:34:24] Venus Angel took a vest out of the SFPD locker at a cost of 1 HG Material.
[2016/2/4 - 19:34:30] Venus Angel took a vest out of the SFPD locker at a cost of 1 HG Material.
[2016/2/4 - 19:34:32] Venus Angel took a Nite Stick out of the SFPD locker at a cost of 0 HG Materials.
[2016/2/4 - 19:34:34] Venus Angel took a Spray Can out of the SFPD locker at a cost of 0 HG Materials.
[2016/2/4 - 19:34:36] Venus Angel took a Teargas out of the SFPD locker at a cost of 0 HG Materials.
[2016/2/4 - 19:34:45] Venus Angel took a MP5 out of the SFPD locker at a cost of 0 HG Materials.
[2016/2/4 - 19:34:49] Venus Angel took a M4 out of the SFPD locker at a cost of 0 HG Materials.
[2016/2/4 - 19:34:51] Venus Angel took a Combat Shotgun out of the SFPD locker at a cost of 0 HG Materials.
[2016/2/4 - 19:34:53] Venus Angel took a Sniper Rifle out of the SFPD locker at a cost of 0 HG Materials.
[2016/2/4 - 19:35:01] Venus Angel took a vest out of the SFPD locker at a cost of 1 HG Material.
[2016/2/4 - 19:35:03] Venus Angel took a vest for their car out of the SFPD locker at a cost of 1 HG Material.
[2016/2/4 - 19:35:15] NguyenLan Anh took a vest out of the SFPD locker at a cost of 1 HG Material.
[2016/2/4 - 19:38:45] NguyenLan Anh took a vest out of the SFPD locker at a cost of 1 HG Material.
[2016/2/4 - 19:38:52] Venus Angel took a vest out of the SFPD locker at a cost of 1 HG Material.
[2016/2/4 - 19:38:59] NguyenLan Anh took a vest out of the SFPD locker at a cost of 1 HG Material.
[2016/2/4 - 19:39:00] Venus Angel took a vest out of the SFPD locker at a cost of 1 HG Material.
[2016/2/4 - 19:39:08] NguyenLan Anh took a vest out of the SFPD locker at a cost of 1 HG Material.
[2016/2/4 - 19:39:10] Venus Angel took a vest out of the SFPD locker at a cost of 1 HG Material.
[2016/2/4 - 19:50:21] NguyenLan Anh took a vest out of the SFPD locker at a cost of 1 HG Material.
[2016/2/4 - 19:50:24] NguyenLan Anh took a Nite Stick out of the SFPD locker at a cost of 0 HG Materials.
[2016/2/4 - 19:50:26] NguyenLan Anh took a Parachute out of the SFPD locker at a cost of 0 HG Materials.
[2016/2/4 - 19:50:29] NguyenLan Anh took a M4 out of the SFPD locker at a cost of 0 HG Materials.
[2016/2/4 - 19:50:32] NguyenLan Anh took a Sniper Rifle out of the SFPD locker at a cost of 0 HG Materials.
[2016/2/4 - 19:50:35] NguyenLan Anh took a Combat Shotgun out of the SFPD locker at a cost of 0 HG Materials.
[2016/2/4 - 19:50:37] NguyenLan Anh took a Desert Eagle out of the SFPD locker at a cost of 0 HG Materials.
[2016/2/4 - 19:50:46] NguyenLan Anh took a vest out of the SFPD locker at a cost of 1 HG Material.
[2016/2/4 - 19:50:47] NguyenLan Anh took a vest for their car out of the SFPD locker at a cost of 1 HG Material.
[2016/2/4 - 19:52:14] Smith Robeo took a vest out of the SFPD locker at a cost of 1 HG Material.
[2016/2/4 - 19:52:19] Smith Robeo took a MP5 out of the SFPD locker at a cost of 0 HG Materials.
[2016/2/4 - 19:52:21] Smith Robeo took a M4 out of the SFPD locker at a cost of 0 HG Materials.
[2016/2/4 - 19:52:24] Smith Robeo took a Desert Eagle out of the SFPD locker at a cost of 0 HG Materials.
[2016/2/4 - 19:52:28] Smith Robeo took a Combat Shotgun out of the SFPD locker at a cost of 0 HG Materials.
[2016/2/4 - 19:52:31] Aconlont Spatex took a Nite Stick out of the SFPD locker at a cost of 0 HG Materials.
[2016/2/4 - 19:52:33] Aconlont Spatex took a Desert Eagle out of the SFPD locker at a cost of 0 HG Materials.
[2016/2/4 - 19:52:36] Aconlont Spatex took a MP5 out of the SFPD locker at a cost of 0 HG Materials.
[2016/2/4 - 19:52:38] Aconlont Spatex took a M4 out of the SFPD locker at a cost of 0 HG Materials.
[2016/2/4 - 19:52:40] Aconlont Spatex took a Combat Shotgun out of the SFPD locker at a cost of 0 HG Materials.
[2016/2/4 - 19:52:42] Aconlont Spatex took a Sniper Rifle out of the SFPD locker at a cost of 0 HG Materials.
[2016/2/4 - 19:58:17] NguyenLan Anh took a vest out of the SFPD locker at a cost of 1 HG Material.
[2016/2/4 - 19:58:19] NguyenLan Anh took a Nite Stick out of the SFPD locker at a cost of 0 HG Materials.
[2016/2/4 - 19:58:21] NguyenLan Anh took a Parachute out of the SFPD locker at a cost of 0 HG Materials.
[2016/2/4 - 19:58:23] NguyenLan Anh took a Desert Eagle out of the SFPD locker at a cost of 0 HG Materials.
[2016/2/4 - 19:58:26] NguyenLan Anh took a Combat Shotgun out of the SFPD locker at a cost of 0 HG Materials.
[2016/2/4 - 19:58:29] NguyenLan Anh took a  out of the SFPD locker at a cost of 0 HG Materials.
[2016/2/4 - 19:58:32] NguyenLan Anh took a Sniper Rifle out of the SFPD locker at a cost of 0 HG Materials.
[2016/2/4 - 19:58:34] NguyenLan Anh took a M4 out of the SFPD locker at a cost of 0 HG Materials.
[2016/2/4 - 20:00:11] The faction vault is at $61,064
[2016/2/4 - 20:01:38] Smith Robeo took a vest out of the SFPD locker at a cost of 1 HG Material.
[2016/2/4 - 20:01:41] Smith Robeo took a Nite Stick out of the SFPD locker at a cost of 0 HG Materials.
[2016/2/4 - 20:01:43] Smith Robeo took a MP5 out of the SFPD locker at a cost of 0 HG Materials.
[2016/2/4 - 20:01:46] Smith Robeo took a Desert Eagle out of the SFPD locker at a cost of 0 HG Materials.
[2016/2/4 - 20:01:48] Smith Robeo took a M4 out of the SFPD locker at a cost of 0 HG Materials.
[2016/2/4 - 20:01:50] Smith Robeo took a Combat Shotgun out of the SFPD locker at a cost of 0 HG Materials.
[2016/2/4 - 20:11:19] Aconlont Spatex took a vest out of the SFPD locker at a cost of 1 HG Material.
[2016/2/4 - 20:11:22] Aconlont Spatex took a Desert Eagle out of the SFPD locker at a cost of 0 HG Materials.
[2016/2/4 - 20:11:26] Smith Robeo took a vest out of the SFPD locker at a cost of 1 HG Material.
[2016/2/4 - 20:11:27] Aconlont Spatex took a M4 out of the SFPD locker at a cost of 0 HG Materials.
[2016/2/4 - 20:11:29] Smith Robeo took a MP5 out of the SFPD locker at a cost of 0 HG Materials.
[2016/2/4 - 20:11:30] Aconlont Spatex took a Combat Shotgun out of the SFPD locker at a cost of 0 HG Materials.
[2016/2/4 - 20:11:33] Smith Robeo took a Desert Eagle out of the SFPD locker at a cost of 0 HG Materials.
[2016/2/4 - 20:11:33] Aconlont Spatex took a Sniper Rifle out of the SFPD locker at a cost of 0 HG Materials.
[2016/2/4 - 20:11:35] Smith Robeo took a M4 out of the SFPD locker at a cost of 0 HG Materials.
[2016/2/4 - 20:50:21] Smith Robeo took a vest out of the SFPD locker at a cost of 1 HG Material.
[2016/2/4 - 20:50:27] Smith Robeo took a M4 out of the SFPD locker at a cost of 0 HG Materials.
[2016/2/4 - 20:50:31] Smith Robeo took a Desert Eagle out of the SFPD locker at a cost of 0 HG Materials.
[2016/2/4 - 21:00:14] The faction vault is at $61,064
[2016/2/4 - 21:17:21] Smith Robeo took a vest out of the SFPD locker at a cost of 1 HG Material.
[2016/2/4 - 22:00:04] The faction vault is at $61,064
[2016/2/4 - 23:00:53] The faction vault is at $61,064
