[2016/2/5 - 0:00:31] The faction vault is at $61,064
[2016/2/5 - 1:00:20] The faction vault is at $61,064
[2016/2/5 - 2:00:54] The faction vault is at $61,064
[2016/2/5 - 4:00:08] The faction vault is at $61,064
[2016/2/5 - 5:00:54] The faction vault is at $61,064
[2016/2/5 - 6:00:35] The faction vault is at $61,064
[2016/2/5 - 7:00:52] The faction vault is at $61,064
[2016/2/5 - 7:33:36] Smith Robeo took a vest out of the SFPD locker at a cost of 1 HG Material.
[2016/2/5 - 7:39:54] Mafia Xuyen took a vest out of the SFPD locker at a cost of 1 HG Material.
[2016/2/5 - 7:40:29] Smith Robeo took a MP5 out of the SFPD locker at a cost of 0 HG Materials.
[2016/2/5 - 7:40:33] Mafia Xuyen took a vest out of the SFPD locker at a cost of 1 HG Material.
[2016/2/5 - 7:45:00] Truong Long has been arrested by Smith Robeo and fined $1. $0 has been sent to SFPD's budget fund.
[2016/2/5 - 7:53:00] Smith Robeo took a vest out of the SFPD locker at a cost of 1 HG Material.
[2016/2/5 - 7:59:54] Smith Robeo took a Desert Eagle out of the SFPD locker at a cost of 0 HG Materials.
[2016/2/5 - 7:59:54] Mafia Xuyen took a vest out of the SFPD locker at a cost of 1 HG Material.
[2016/2/5 - 7:59:57] Mafia Xuyen took a Desert Eagle out of the SFPD locker at a cost of 0 HG Materials.
[2016/2/5 - 7:59:59] Smith Robeo took a M4 out of the SFPD locker at a cost of 0 HG Materials.
[2016/2/5 - 8:00:00] Mafia Xuyen took a MP5 out of the SFPD locker at a cost of 0 HG Materials.
[2016/2/5 - 8:00:01] Smith Robeo took a Sniper Rifle out of the SFPD locker at a cost of 0 HG Materials.
[2016/2/5 - 8:00:03] Mafia Xuyen took a M4 out of the SFPD locker at a cost of 0 HG Materials.
[2016/2/5 - 8:00:05] Mafia Xuyen took a Combat Shotgun out of the SFPD locker at a cost of 0 HG Materials.
[2016/2/5 - 8:00:08] Mafia Xuyen took a Sniper Rifle out of the SFPD locker at a cost of 0 HG Materials.
[2016/2/5 - 8:00:39] The faction vault is at $61,064
[2016/2/5 - 8:01:02] Smith Robeo took a vest out of the SFPD locker at a cost of 1 HG Material.
[2016/2/5 - 8:03:36] DongNhi Heo took a vest out of the SFPD locker at a cost of 1 HG Material.
[2016/2/5 - 8:03:38] DongNhi Heo took a Nite Stick out of the SFPD locker at a cost of 0 HG Materials.
[2016/2/5 - 8:03:39] DongNhi Heo took a Spray Can out of the SFPD locker at a cost of 0 HG Materials.
[2016/2/5 - 8:03:41] DongNhi Heo took a Teargas out of the SFPD locker at a cost of 0 HG Materials.
[2016/2/5 - 8:03:43] DongNhi Heo took a Parachute out of the SFPD locker at a cost of 0 HG Materials.
[2016/2/5 - 8:03:45] DongNhi Heo took a Shotgun out of the SFPD locker at a cost of 0 HG Materials.
[2016/2/5 - 8:03:48] DongNhi Heo took a MP5 out of the SFPD locker at a cost of 0 HG Materials.
[2016/2/5 - 8:03:50] DongNhi Heo took a Desert Eagle out of the SFPD locker at a cost of 0 HG Materials.
[2016/2/5 - 8:05:05] Wiliam Huy took a vest out of the SFPD locker at a cost of 1 HG Material.
[2016/2/5 - 8:09:46] Wiliam Huy took a M4 out of the SFPD locker at a cost of 0 HG Materials.
[2016/2/5 - 8:09:51] Wiliam Huy took a vest out of the SFPD locker at a cost of 1 HG Material.
[2016/2/5 - 8:09:54] Wiliam Huy took a Desert Eagle out of the SFPD locker at a cost of 0 HG Materials.
[2016/2/5 - 8:09:58] Wiliam Huy took a Sniper Rifle out of the SFPD locker at a cost of 0 HG Materials.
[2016/2/5 - 8:13:07] Mafia Xuyen took a vest out of the SFPD locker at a cost of 1 HG Material.
[2016/2/5 - 8:15:18] Smith Robeo took a vest out of the SFPD locker at a cost of 1 HG Material.
[2016/2/5 - 8:15:18] Wiliam Huy took a vest out of the SFPD locker at a cost of 1 HG Material.
[2016/2/5 - 8:16:22] Wiliam Huy da dong gop $10 de SFPD von ngan sach.
[2016/2/5 - 8:20:16] Smith Robeo took a vest out of the SFPD locker at a cost of 1 HG Material.
[2016/2/5 - 8:20:30] Smith Robeo took a vest for their car out of the SFPD locker at a cost of 1 HG Material.
[2016/2/5 - 8:20:33] Smith Robeo took a vest out of the SFPD locker at a cost of 1 HG Material.
[2016/2/5 - 8:45:38] Smith Robeo took a vest out of the SFPD locker at a cost of 1 HG Material.
[2016/2/5 - 8:45:49] Smith Robeo took a Desert Eagle out of the SFPD locker at a cost of 0 HG Materials.
[2016/2/5 - 8:45:51] Mafia Xuyen took a vest out of the SFPD locker at a cost of 1 HG Material.
[2016/2/5 - 8:45:59] Smith Robeo took a M4 out of the SFPD locker at a cost of 0 HG Materials.
[2016/2/5 - 9:00:17] The faction vault is at $61,074
[2016/2/5 - 9:10:59] Smith Robeo took a vest out of the SFPD locker at a cost of 1 HG Material.
[2016/2/5 - 9:11:02] Smith Robeo took a Nite Stick out of the SFPD locker at a cost of 0 HG Materials.
[2016/2/5 - 9:11:05] Smith Robeo took a Desert Eagle out of the SFPD locker at a cost of 0 HG Materials.
[2016/2/5 - 9:11:09] Smith Robeo took a M4 out of the SFPD locker at a cost of 0 HG Materials.
[2016/2/5 - 13:50:32] Smith Robeo took a vest out of the SFPD locker at a cost of 1 HG Material.
[2016/2/5 - 13:58:10] Micheal Sang took a vest out of the SFPD locker at a cost of 1 HG Material.
[2016/2/5 - 13:58:13] Micheal Sang took a vest out of the SFPD locker at a cost of 1 HG Material.
[2016/2/5 - 13:58:16] Micheal Sang took a vest for their car out of the SFPD locker at a cost of 1 HG Material.
[2016/2/5 - 14:00:18] The faction vault is at $61,074
[2016/2/5 - 14:12:07] Micheal Sang took a vest out of the SFPD locker at a cost of 1 HG Material.
[2016/2/5 - 14:13:36] Smith Robeo took a vest out of the SFPD locker at a cost of 1 HG Material.
[2016/2/5 - 14:13:40] Mafia Xuyen took a vest out of the SFPD locker at a cost of 1 HG Material.
[2016/2/5 - 14:24:50] Smith Robeo took a vest out of the SFPD locker at a cost of 1 HG Material.
[2016/2/5 - 14:24:55] Smith Robeo took a Desert Eagle out of the SFPD locker at a cost of 0 HG Materials.
[2016/2/5 - 14:24:57] Smith Robeo took a M4 out of the SFPD locker at a cost of 0 HG Materials.
[2016/2/5 - 14:34:37] Smith Robeo took a vest out of the SFPD locker at a cost of 1 HG Material.
[2016/2/5 - 14:34:43] Smith Robeo took a Desert Eagle out of the SFPD locker at a cost of 0 HG Materials.
[2016/2/5 - 14:34:46] Smith Robeo took a M4 out of the SFPD locker at a cost of 0 HG Materials.
[2016/2/5 - 14:39:31] Smith Robeo took a vest out of the SFPD locker at a cost of 1 HG Material.
[2016/2/5 - 14:39:34] Smith Robeo took a M4 out of the SFPD locker at a cost of 0 HG Materials.
[2016/2/5 - 14:39:37] Smith Robeo took a Combat Shotgun out of the SFPD locker at a cost of 0 HG Materials.
[2016/2/5 - 14:39:39] Smith Robeo took a vest out of the SFPD locker at a cost of 1 HG Material.
[2016/2/5 - 14:39:42] Smith Robeo took a Desert Eagle out of the SFPD locker at a cost of 0 HG Materials.
[2016/2/5 - 14:48:39] Smith Robeo took a vest out of the SFPD locker at a cost of 1 HG Material.
[2016/2/5 - 14:48:43] Smith Robeo took a Desert Eagle out of the SFPD locker at a cost of 0 HG Materials.
[2016/2/5 - 14:48:46] Smith Robeo took a Sniper Rifle out of the SFPD locker at a cost of 0 HG Materials.
[2016/2/5 - 14:48:48] Smith Robeo took a vest out of the SFPD locker at a cost of 1 HG Material.
[2016/2/5 - 14:48:52] Smith Robeo took a Combat Shotgun out of the SFPD locker at a cost of 0 HG Materials.
[2016/2/5 - 14:48:55] Smith Robeo took a M4 out of the SFPD locker at a cost of 0 HG Materials.
[2016/2/5 - 14:48:57] Smith Robeo took a Desert Eagle out of the SFPD locker at a cost of 0 HG Materials.
[2016/2/5 - 15:00:14] The faction vault is at $61,074
[2016/2/5 - 15:04:34] NguyenLan Anh took a vest for their car out of the SFPD locker at a cost of 1 HG Material.
[2016/2/5 - 15:10:06] Smith Robeo took a vest out of the SFPD locker at a cost of 1 HG Material.
[2016/2/5 - 15:10:08] Smith Robeo took a vest out of the SFPD locker at a cost of 1 HG Material.
[2016/2/5 - 15:12:33] Phuong Thao took a vest out of the SFPD locker at a cost of 1 HG Material.
[2016/2/5 - 15:13:02] Phuong Thao took a vest out of the SFPD locker at a cost of 1 HG Material.
[2016/2/5 - 15:13:04] Phuong Thao took a vest for their car out of the SFPD locker at a cost of 1 HG Material.
[2016/2/5 - 15:13:13] Phuong Thao took a M4 out of the SFPD locker at a cost of 0 HG Materials.
[2016/2/5 - 15:13:18] Phuong Thao took a Combat Shotgun out of the SFPD locker at a cost of 0 HG Materials.
[2016/2/5 - 15:13:35] NguyenLan Anh took a vest out of the SFPD locker at a cost of 1 HG Material.
[2016/2/5 - 15:18:07] NguyenLan Anh took a vest out of the SFPD locker at a cost of 1 HG Material.
[2016/2/5 - 15:19:39] NguyenLan Anh took a vest out of the SFPD locker at a cost of 1 HG Material.
[2016/2/5 - 15:19:53] James Matter took a vest out of the SFPD locker at a cost of 1 HG Material.
[2016/2/5 - 15:19:57] James Matter took a Desert Eagle out of the SFPD locker at a cost of 0 HG Materials.
[2016/2/5 - 15:20:00] James Matter took a M4 out of the SFPD locker at a cost of 0 HG Materials.
[2016/2/5 - 15:20:03] James Matter took a Combat Shotgun out of the SFPD locker at a cost of 0 HG Materials.
[2016/2/5 - 15:20:06] James Matter took a Sniper Rifle out of the SFPD locker at a cost of 0 HG Materials.
[2016/2/5 - 15:20:08] James Matter took a Nite Stick out of the SFPD locker at a cost of 0 HG Materials.
[2016/2/5 - 15:20:11] James Matter took a Teargas out of the SFPD locker at a cost of 0 HG Materials.
[2016/2/5 - 15:43:35] NguyenLan Anh took a vest out of the SFPD locker at a cost of 1 HG Material.
[2016/2/5 - 15:44:22] Smith Robeo took a vest out of the SFPD locker at a cost of 1 HG Material.
[2016/2/5 - 15:48:11] Smith Robeo took a vest out of the SFPD locker at a cost of 1 HG Material.
[2016/2/5 - 15:48:14] Smith Robeo took a vest out of the SFPD locker at a cost of 1 HG Material.
[2016/2/5 - 15:48:16] Smith Robeo took a vest for their car out of the SFPD locker at a cost of 1 HG Material.
[2016/2/5 - 15:49:20] Kelvin Dat took a vest out of the SFPD locker at a cost of 1 HG Material.
[2016/2/5 - 15:49:24] Kelvin Dat took a M4 out of the SFPD locker at a cost of 0 HG Materials.
[2016/2/5 - 15:49:30] Kelvin Dat took a vest for their car out of the SFPD locker at a cost of 1 HG Material.
[2016/2/5 - 15:49:32] Kelvin Dat took a vest out of the SFPD locker at a cost of 1 HG Material.
[2016/2/5 - 15:52:51] James Matter took a vest out of the SFPD locker at a cost of 1 HG Material.
[2016/2/5 - 15:53:03] Smith Robeo took a vest out of the SFPD locker at a cost of 1 HG Material.
[2016/2/5 - 15:53:05] Smith Robeo took a vest out of the SFPD locker at a cost of 1 HG Material.
[2016/2/5 - 15:53:09] Smith Robeo took a Nite Stick out of the SFPD locker at a cost of 0 HG Materials.
[2016/2/5 - 15:53:12] Smith Robeo took a M4 out of the SFPD locker at a cost of 0 HG Materials.
[2016/2/5 - 15:53:14] Smith Robeo took a Desert Eagle out of the SFPD locker at a cost of 0 HG Materials.
[2016/2/5 - 15:58:35] James Matter took a vest out of the SFPD locker at a cost of 1 HG Material.
[2016/2/5 - 15:58:39] James Matter took a vest out of the SFPD locker at a cost of 1 HG Material.
[2016/2/5 - 15:58:54] Phuong Thao took a Nite Stick out of the SFPD locker at a cost of 0 HG Materials.
[2016/2/5 - 15:59:30] Kelvin Dat took a vest out of the SFPD locker at a cost of 1 HG Material.
[2016/2/5 - 15:59:33] Kelvin Dat took a Desert Eagle out of the SFPD locker at a cost of 0 HG Materials.
[2016/2/5 - 15:59:35] Kelvin Dat took a M4 out of the SFPD locker at a cost of 0 HG Materials.
[2016/2/5 - 15:59:37] Kelvin Dat took a Sniper Rifle out of the SFPD locker at a cost of 0 HG Materials.
[2016/2/5 - 16:00:14] The faction vault is at $61,074
[2016/2/5 - 16:08:07] Smith Robeo took a vest out of the SFPD locker at a cost of 1 HG Material.
[2016/2/5 - 16:08:11] Mafia Xuyen took a Desert Eagle out of the SFPD locker at a cost of 0 HG Materials.
[2016/2/5 - 16:08:13] Mafia Xuyen took a MP5 out of the SFPD locker at a cost of 0 HG Materials.
[2016/2/5 - 16:08:13] Smith Robeo took a Sniper Rifle out of the SFPD locker at a cost of 0 HG Materials.
[2016/2/5 - 16:08:15] Mafia Xuyen took a M4 out of the SFPD locker at a cost of 0 HG Materials.
[2016/2/5 - 16:08:17] Mafia Xuyen took a Combat Shotgun out of the SFPD locker at a cost of 0 HG Materials.
[2016/2/5 - 16:08:20] Mafia Xuyen took a Sniper Rifle out of the SFPD locker at a cost of 0 HG Materials.
[2016/2/5 - 16:08:21] Mafia Xuyen took a vest out of the SFPD locker at a cost of 1 HG Material.
[2016/2/5 - 16:12:09] Kelvin Dat took a vest out of the SFPD locker at a cost of 1 HG Material.
[2016/2/5 - 16:12:11] Kelvin Dat took a Desert Eagle out of the SFPD locker at a cost of 0 HG Materials.
[2016/2/5 - 16:12:13] Kelvin Dat took a M4 out of the SFPD locker at a cost of 0 HG Materials.
[2016/2/5 - 16:12:19] Kelvin Dat took a vest out of the SFPD locker at a cost of 1 HG Material.
[2016/2/5 - 16:12:37] Phuong Thao took a vest out of the SFPD locker at a cost of 1 HG Material.
[2016/2/5 - 16:14:49] James Matter took a vest out of the SFPD locker at a cost of 1 HG Material.
[2016/2/5 - 16:14:54] James Matter took a Nite Stick out of the SFPD locker at a cost of 0 HG Materials.
[2016/2/5 - 16:14:58] James Matter took a Teargas out of the SFPD locker at a cost of 0 HG Materials.
[2016/2/5 - 16:15:00] James Matter took a MP5 out of the SFPD locker at a cost of 0 HG Materials.
[2016/2/5 - 16:15:03] James Matter took a M4 out of the SFPD locker at a cost of 0 HG Materials.
[2016/2/5 - 16:15:14] James Matter took a M4 out of the SFPD locker at a cost of 0 HG Materials.
[2016/2/5 - 16:15:17] James Matter took a Desert Eagle out of the SFPD locker at a cost of 0 HG Materials.
[2016/2/5 - 16:15:20] James Matter took a Combat Shotgun out of the SFPD locker at a cost of 0 HG Materials.
[2016/2/5 - 16:15:22] Avengers Nghia has been arrested by Smith Robeo and fined $1. $0 has been sent to SFPD's budget fund.
[2016/2/5 - 16:15:23] James Matter took a Sniper Rifle out of the SFPD locker at a cost of 0 HG Materials.
[2016/2/5 - 16:18:18] Smith Robeo took a vest out of the SFPD locker at a cost of 1 HG Material.
[2016/2/5 - 16:18:23] Smith Robeo took a Desert Eagle out of the SFPD locker at a cost of 0 HG Materials.
[2016/2/5 - 16:18:26] Smith Robeo took a M4 out of the SFPD locker at a cost of 0 HG Materials.
[2016/2/5 - 16:18:29] Smith Robeo took a Nite Stick out of the SFPD locker at a cost of 0 HG Materials.
[2016/2/5 - 16:18:51] Mafia Xuyen took a vest out of the SFPD locker at a cost of 1 HG Material.
[2016/2/5 - 16:18:55] Mafia Xuyen took a Desert Eagle out of the SFPD locker at a cost of 0 HG Materials.
[2016/2/5 - 16:18:57] Mafia Xuyen took a MP5 out of the SFPD locker at a cost of 0 HG Materials.
[2016/2/5 - 16:19:01] Mafia Xuyen took a Combat Shotgun out of the SFPD locker at a cost of 0 HG Materials.
[2016/2/5 - 16:19:04] Mafia Xuyen took a Combat Shotgun out of the SFPD locker at a cost of 0 HG Materials.
[2016/2/5 - 16:19:07] Mafia Xuyen took a M4 out of the SFPD locker at a cost of 0 HG Materials.
[2016/2/5 - 16:19:10] Mafia Xuyen took a Sniper Rifle out of the SFPD locker at a cost of 0 HG Materials.
[2016/2/5 - 16:19:23] Mafia Xuyen took a vest out of the SFPD locker at a cost of 1 HG Material.
[2016/2/5 - 16:31:38] Smith Robeo took a vest out of the SFPD locker at a cost of 1 HG Material.
[2016/2/5 - 16:31:44] Smith Robeo took a Desert Eagle out of the SFPD locker at a cost of 0 HG Materials.
[2016/2/5 - 16:31:48] Smith Robeo took a M4 out of the SFPD locker at a cost of 0 HG Materials.
[2016/2/5 - 16:33:32] Fate Jonhson took a vest out of the SFPD locker at a cost of 1 HG Material.
[2016/2/5 - 16:33:37] Bet Stom took a vest out of the SFPD locker at a cost of 1 HG Material.
[2016/2/5 - 16:33:42] Bet Stom took a Desert Eagle out of the SFPD locker at a cost of 0 HG Materials.
[2016/2/5 - 16:33:46] Bet Stom took a M4 out of the SFPD locker at a cost of 0 HG Materials.
[2016/2/5 - 16:33:48] Bet Stom took a Combat Shotgun out of the SFPD locker at a cost of 0 HG Materials.
[2016/2/5 - 16:33:53] Bet Stom took a Sniper Rifle out of the SFPD locker at a cost of 0 HG Materials.
[2016/2/5 - 16:34:06] Bet Stom took a vest for their car out of the SFPD locker at a cost of 1 HG Material.
[2016/2/5 - 16:34:19] Fate Jonhson took a M4 out of the SFPD locker at a cost of 0 HG Materials.
[2016/2/5 - 16:34:22] Fate Jonhson took a Nite Stick out of the SFPD locker at a cost of 0 HG Materials.
[2016/2/5 - 16:34:27] Fate Jonhson took a Sniper Rifle out of the SFPD locker at a cost of 0 HG Materials.
[2016/2/5 - 16:34:31] Fate Jonhson took a vest for their car out of the SFPD locker at a cost of 1 HG Material.
[2016/2/5 - 16:37:50] Phuong Thao took a vest out of the SFPD locker at a cost of 1 HG Material.
[2016/2/5 - 16:41:48] Thuong Tran took a vest out of the SFPD locker at a cost of 1 HG Material.
[2016/2/5 - 16:41:54] Alaxca DaiCa took a vest out of the SFPD locker at a cost of 1 HG Material.
[2016/2/5 - 16:41:57] Alaxca DaiCa took a Nite Stick out of the SFPD locker at a cost of 0 HG Materials.
[2016/2/5 - 16:42:00] Alaxca DaiCa took a Shotgun out of the SFPD locker at a cost of 0 HG Materials.
[2016/2/5 - 16:42:02] Alaxca DaiCa took a Desert Eagle out of the SFPD locker at a cost of 0 HG Materials.
[2016/2/5 - 16:42:14] Alaxca DaiCa took a Spray Can out of the SFPD locker at a cost of 0 HG Materials.
[2016/2/5 - 16:42:23] Alaxca DaiCa took a vest for their car out of the SFPD locker at a cost of 1 HG Material.
[2016/2/5 - 16:42:37] Smith Robeo took a vest out of the SFPD locker at a cost of 1 HG Material.
[2016/2/5 - 16:47:10] Black Bloch.Akai took a vest out of the SFPD locker at a cost of 1 HG Material.
[2016/2/5 - 16:53:20] Black Bloch.Akai took a vest out of the SFPD locker at a cost of 1 HG Material.
[2016/2/5 - 17:00:01] The faction vault is at $61,074
[2016/2/5 - 17:05:00] Phuong Thao took a vest out of the SFPD locker at a cost of 1 HG Material.
[2016/2/5 - 17:05:23] Thuong Tran took a vest out of the SFPD locker at a cost of 1 HG Material.
[2016/2/5 - 17:07:12] Thuong Tran took a vest out of the SFPD locker at a cost of 1 HG Material.
[2016/2/5 - 17:07:48] Thuong Tran took a vest out of the SFPD locker at a cost of 1 HG Material.
[2016/2/5 - 17:11:43] Black Bloch.Akai took a vest out of the SFPD locker at a cost of 1 HG Material.
[2016/2/5 - 17:14:45] Smith Robeo took a vest out of the SFPD locker at a cost of 1 HG Material.
[2016/2/5 - 17:15:09] Black Bloch.Akai took a vest out of the SFPD locker at a cost of 1 HG Material.
[2016/2/5 - 17:15:14] Black Bloch.Akai took a Desert Eagle out of the SFPD locker at a cost of 0 HG Materials.
[2016/2/5 - 17:25:03] Thuong Tran took a Nite Stick out of the SFPD locker at a cost of 0 HG Materials.
[2016/2/5 - 17:25:04] Phuong Thao took a Nite Stick out of the SFPD locker at a cost of 0 HG Materials.
[2016/2/5 - 17:25:08] Thuong Tran took a Desert Eagle out of the SFPD locker at a cost of 0 HG Materials.
[2016/2/5 - 17:25:11] Phuong Thao took a Desert Eagle out of the SFPD locker at a cost of 0 HG Materials.
[2016/2/5 - 17:25:12] Thuong Tran took a Shotgun out of the SFPD locker at a cost of 0 HG Materials.
[2016/2/5 - 17:25:15] Thuong Tran took a MP5 out of the SFPD locker at a cost of 0 HG Materials.
[2016/2/5 - 17:25:21] Phuong Thao took a M4 out of the SFPD locker at a cost of 0 HG Materials.
[2016/2/5 - 17:25:24] Phuong Thao took a Combat Shotgun out of the SFPD locker at a cost of 0 HG Materials.
[2016/2/5 - 17:26:40] Phuong Thao took a vest out of the SFPD locker at a cost of 1 HG Material.
[2016/2/5 - 17:31:46] Thuong Tran took a vest out of the SFPD locker at a cost of 1 HG Material.
[2016/2/5 - 17:31:50] Thuong Tran took a Nite Stick out of the SFPD locker at a cost of 0 HG Materials.
[2016/2/5 - 17:31:51] Thuong Tran took a Spray Can out of the SFPD locker at a cost of 0 HG Materials.
[2016/2/5 - 17:31:54] Thuong Tran took a Desert Eagle out of the SFPD locker at a cost of 0 HG Materials.
[2016/2/5 - 17:31:55] Thuong Tran took a Shotgun out of the SFPD locker at a cost of 0 HG Materials.
[2016/2/5 - 17:31:57] Thuong Tran took a MP5 out of the SFPD locker at a cost of 0 HG Materials.
[2016/2/5 - 17:31:59] Phuong Thao took a Desert Eagle out of the SFPD locker at a cost of 0 HG Materials.
[2016/2/5 - 17:32:01] Phuong Thao took a M4 out of the SFPD locker at a cost of 0 HG Materials.
[2016/2/5 - 17:32:04] Phuong Thao took a Combat Shotgun out of the SFPD locker at a cost of 0 HG Materials.
[2016/2/5 - 17:32:07] Phuong Thao took a Nite Stick out of the SFPD locker at a cost of 0 HG Materials.
[2016/2/5 - 17:32:34] Phuong Thao took a vest for their car out of the SFPD locker at a cost of 1 HG Material.
[2016/2/5 - 17:32:37] Phuong Thao took a vest out of the SFPD locker at a cost of 1 HG Material.
[2016/2/5 - 17:33:49] James Matter took a vest out of the SFPD locker at a cost of 1 HG Material.
[2016/2/5 - 17:39:37] Phuong Thao took a vest out of the SFPD locker at a cost of 1 HG Material.
[2016/2/5 - 17:41:07] Thuong Tran took a vest out of the SFPD locker at a cost of 1 HG Material.
[2016/2/5 - 17:41:25] Thuong Tran took a M4 out of the SFPD locker at a cost of 0 HG Materials.
[2016/2/5 - 17:48:57] Phuong Thao took a vest out of the SFPD locker at a cost of 1 HG Material.
[2016/2/5 - 17:50:12] Thuong Tran took a vest out of the SFPD locker at a cost of 1 HG Material.
[2016/2/5 - 17:50:14] Thuong Tran took a Spray Can out of the SFPD locker at a cost of 0 HG Materials.
[2016/2/5 - 17:50:19] Thuong Tran took a Desert Eagle out of the SFPD locker at a cost of 0 HG Materials.
[2016/2/5 - 17:50:21] Thuong Tran took a M4 out of the SFPD locker at a cost of 0 HG Materials.
[2016/2/5 - 17:52:39] Phuong Thao took a vest out of the SFPD locker at a cost of 1 HG Material.
[2016/2/5 - 17:52:42] Phuong Thao took a Nite Stick out of the SFPD locker at a cost of 0 HG Materials.
[2016/2/5 - 17:52:44] Smith Robeo took a vest out of the SFPD locker at a cost of 1 HG Material.
[2016/2/5 - 17:52:45] Phuong Thao took a Desert Eagle out of the SFPD locker at a cost of 0 HG Materials.
[2016/2/5 - 17:52:48] Phuong Thao took a M4 out of the SFPD locker at a cost of 0 HG Materials.
[2016/2/5 - 17:52:51] Phuong Thao took a Combat Shotgun out of the SFPD locker at a cost of 0 HG Materials.
[2016/2/5 - 17:53:02] Thuong Tran took a vest out of the SFPD locker at a cost of 1 HG Material.
[2016/2/5 - 17:53:05] Thuong Tran took a Nite Stick out of the SFPD locker at a cost of 0 HG Materials.
[2016/2/5 - 17:53:08] Thuong Tran took a Desert Eagle out of the SFPD locker at a cost of 0 HG Materials.
[2016/2/5 - 17:53:18] Thuong Tran took a M4 out of the SFPD locker at a cost of 0 HG Materials.
[2016/2/5 - 17:53:20] Thuong Tran took a Shotgun out of the SFPD locker at a cost of 0 HG Materials.
[2016/2/5 - 18:00:57] The faction vault is at $61,074
[2016/2/5 - 18:01:05] Smith Robeo took a vest out of the SFPD locker at a cost of 1 HG Material.
[2016/2/5 - 18:01:10] Smith Robeo took a Desert Eagle out of the SFPD locker at a cost of 0 HG Materials.
[2016/2/5 - 18:01:12] Smith Robeo took a M4 out of the SFPD locker at a cost of 0 HG Materials.
[2016/2/5 - 18:02:48] Phuong Thao took a vest out of the SFPD locker at a cost of 1 HG Material.
[2016/2/5 - 18:02:49] Thuong Tran took a vest out of the SFPD locker at a cost of 1 HG Material.
[2016/2/5 - 18:04:24] David Vila took a vest out of the SFPD locker at a cost of 1 HG Material.
[2016/2/5 - 18:04:26] David Vila took a Desert Eagle out of the SFPD locker at a cost of 0 HG Materials.
[2016/2/5 - 18:04:28] David Vila took a Shotgun out of the SFPD locker at a cost of 0 HG Materials.
[2016/2/5 - 18:04:31] David Vila took a MP5 out of the SFPD locker at a cost of 0 HG Materials.
[2016/2/5 - 18:04:33] David Vila took a Spray Can out of the SFPD locker at a cost of 0 HG Materials.
[2016/2/5 - 18:04:35] David Vila took a Nite Stick out of the SFPD locker at a cost of 0 HG Materials.
[2016/2/5 - 18:04:37] David Vila took a M4 out of the SFPD locker at a cost of 0 HG Materials.
[2016/2/5 - 18:04:39] David Vila took a Sniper Rifle out of the SFPD locker at a cost of 0 HG Materials.
[2016/2/5 - 18:04:42] David Vila took a Combat Shotgun out of the SFPD locker at a cost of 0 HG Materials.
[2016/2/5 - 18:04:43] David Vila took a vest for their car out of the SFPD locker at a cost of 1 HG Material.
[2016/2/5 - 18:11:32] Vehicle Slot ID 169 RTB fee cost $0 to SFPD's budget fund.
[2016/2/5 - 18:11:32] Vehicle Slot ID 170 RTB fee cost $0 to SFPD's budget fund.
[2016/2/5 - 18:11:32] Vehicle Slot ID 171 RTB fee cost $0 to SFPD's budget fund.
[2016/2/5 - 18:11:32] Vehicle Slot ID 172 RTB fee cost $0 to SFPD's budget fund.
[2016/2/5 - 18:11:32] Vehicle Slot ID 173 RTB fee cost $0 to SFPD's budget fund.
[2016/2/5 - 18:11:32] Vehicle Slot ID 174 RTB fee cost $0 to SFPD's budget fund.
[2016/2/5 - 18:16:27] Vehicle Slot ID 169 RTB fee cost $0 to SFPD's budget fund.
[2016/2/5 - 18:16:27] Vehicle Slot ID 170 RTB fee cost $0 to SFPD's budget fund.
[2016/2/5 - 18:16:27] Vehicle Slot ID 171 RTB fee cost $0 to SFPD's budget fund.
[2016/2/5 - 18:16:27] Vehicle Slot ID 172 RTB fee cost $0 to SFPD's budget fund.
[2016/2/5 - 18:16:27] Vehicle Slot ID 173 RTB fee cost $0 to SFPD's budget fund.
[2016/2/5 - 18:16:27] Vehicle Slot ID 174 RTB fee cost $0 to SFPD's budget fund.
[2016/2/5 - 18:16:27] Vehicle Slot ID 175 RTB fee cost $0 to SFPD's budget fund.
[2016/2/5 - 18:18:47] Vehicle Slot ID 166 RTB fee cost $0 to SFPD's budget fund.
[2016/2/5 - 18:18:47] Vehicle Slot ID 169 RTB fee cost $0 to SFPD's budget fund.
[2016/2/5 - 18:18:47] Vehicle Slot ID 170 RTB fee cost $0 to SFPD's budget fund.
[2016/2/5 - 18:18:47] Vehicle Slot ID 171 RTB fee cost $0 to SFPD's budget fund.
[2016/2/5 - 18:18:47] Vehicle Slot ID 172 RTB fee cost $0 to SFPD's budget fund.
[2016/2/5 - 18:18:47] Vehicle Slot ID 173 RTB fee cost $0 to SFPD's budget fund.
[2016/2/5 - 18:18:47] Vehicle Slot ID 174 RTB fee cost $0 to SFPD's budget fund.
[2016/2/5 - 18:18:47] Vehicle Slot ID 175 RTB fee cost $0 to SFPD's budget fund.
[2016/2/5 - 18:18:47] Vehicle Slot ID 176 RTB fee cost $0 to SFPD's budget fund.
[2016/2/5 - 18:18:47] Vehicle Slot ID 177 RTB fee cost $0 to SFPD's budget fund.
[2016/2/5 - 18:21:58] Vehicle Slot ID 166 RTB fee cost $0 to SFPD's budget fund.
[2016/2/5 - 18:21:58] Vehicle Slot ID 169 RTB fee cost $0 to SFPD's budget fund.
[2016/2/5 - 18:21:58] Vehicle Slot ID 170 RTB fee cost $0 to SFPD's budget fund.
[2016/2/5 - 18:21:58] Vehicle Slot ID 171 RTB fee cost $0 to SFPD's budget fund.
[2016/2/5 - 18:21:58] Vehicle Slot ID 172 RTB fee cost $0 to SFPD's budget fund.
[2016/2/5 - 18:21:58] Vehicle Slot ID 173 RTB fee cost $0 to SFPD's budget fund.
[2016/2/5 - 18:21:58] Vehicle Slot ID 174 RTB fee cost $0 to SFPD's budget fund.
[2016/2/5 - 18:21:58] Vehicle Slot ID 175 RTB fee cost $0 to SFPD's budget fund.
[2016/2/5 - 18:21:58] Vehicle Slot ID 176 RTB fee cost $0 to SFPD's budget fund.
[2016/2/5 - 18:21:58] Vehicle Slot ID 177 RTB fee cost $0 to SFPD's budget fund.
[2016/2/5 - 18:21:58] Vehicle Slot ID 179 RTB fee cost $0 to SFPD's budget fund.
[2016/2/5 - 18:21:58] Vehicle Slot ID 180 RTB fee cost $0 to SFPD's budget fund.
[2016/2/5 - 18:21:58] Vehicle Slot ID 181 RTB fee cost $0 to SFPD's budget fund.
[2016/2/5 - 18:22:11] Vehicle Slot ID 180 RTB fee cost $0 to SFPD's budget fund.
[2016/2/5 - 18:22:22] Vehicle Slot ID 181 RTB fee cost $0 to SFPD's budget fund.
[2016/2/5 - 18:27:22] Vehicle Slot ID 166 RTB fee cost $0 to SFPD's budget fund.
[2016/2/5 - 18:27:22] Vehicle Slot ID 169 RTB fee cost $0 to SFPD's budget fund.
[2016/2/5 - 18:27:22] Vehicle Slot ID 170 RTB fee cost $0 to SFPD's budget fund.
[2016/2/5 - 18:27:22] Vehicle Slot ID 171 RTB fee cost $0 to SFPD's budget fund.
[2016/2/5 - 18:27:22] Vehicle Slot ID 172 RTB fee cost $0 to SFPD's budget fund.
[2016/2/5 - 18:27:22] Vehicle Slot ID 173 RTB fee cost $0 to SFPD's budget fund.
[2016/2/5 - 18:27:22] Vehicle Slot ID 174 RTB fee cost $0 to SFPD's budget fund.
[2016/2/5 - 18:27:22] Vehicle Slot ID 175 RTB fee cost $0 to SFPD's budget fund.
[2016/2/5 - 18:27:22] Vehicle Slot ID 176 RTB fee cost $0 to SFPD's budget fund.
[2016/2/5 - 18:27:22] Vehicle Slot ID 177 RTB fee cost $0 to SFPD's budget fund.
[2016/2/5 - 18:27:22] Vehicle Slot ID 179 RTB fee cost $0 to SFPD's budget fund.
[2016/2/5 - 18:27:22] Vehicle Slot ID 180 RTB fee cost $0 to SFPD's budget fund.
[2016/2/5 - 18:27:22] Vehicle Slot ID 181 RTB fee cost $0 to SFPD's budget fund.
[2016/2/5 - 18:27:22] Vehicle Slot ID 182 RTB fee cost $0 to SFPD's budget fund.
[2016/2/5 - 18:27:22] Vehicle Slot ID 183 RTB fee cost $0 to SFPD's budget fund.
[2016/2/5 - 18:27:22] Vehicle Slot ID 184 RTB fee cost $0 to SFPD's budget fund.
[2016/2/5 - 18:27:22] Vehicle Slot ID 185 RTB fee cost $0 to SFPD's budget fund.
[2016/2/5 - 18:27:23] Vehicle Slot ID 186 RTB fee cost $0 to SFPD's budget fund.
[2016/2/5 - 18:27:23] Vehicle Slot ID 187 RTB fee cost $0 to SFPD's budget fund.
[2016/2/5 - 18:27:23] Vehicle Slot ID 188 RTB fee cost $0 to SFPD's budget fund.
[2016/2/5 - 18:27:23] Vehicle Slot ID 189 RTB fee cost $0 to SFPD's budget fund.
[2016/2/5 - 18:27:44] Vehicle Slot ID 186 RTB fee cost $0 to SFPD's budget fund.
[2016/2/5 - 18:27:52] Vehicle Slot ID 166 RTB fee cost $0 to SFPD's budget fund.
[2016/2/5 - 18:27:52] Vehicle Slot ID 169 RTB fee cost $0 to SFPD's budget fund.
[2016/2/5 - 18:27:52] Vehicle Slot ID 170 RTB fee cost $0 to SFPD's budget fund.
[2016/2/5 - 18:27:52] Vehicle Slot ID 171 RTB fee cost $0 to SFPD's budget fund.
[2016/2/5 - 18:27:52] Vehicle Slot ID 172 RTB fee cost $0 to SFPD's budget fund.
[2016/2/5 - 18:27:52] Vehicle Slot ID 173 RTB fee cost $0 to SFPD's budget fund.
[2016/2/5 - 18:27:52] Vehicle Slot ID 174 RTB fee cost $0 to SFPD's budget fund.
[2016/2/5 - 18:27:52] Vehicle Slot ID 175 RTB fee cost $0 to SFPD's budget fund.
[2016/2/5 - 18:27:53] Vehicle Slot ID 176 RTB fee cost $0 to SFPD's budget fund.
[2016/2/5 - 18:27:53] Vehicle Slot ID 177 RTB fee cost $0 to SFPD's budget fund.
[2016/2/5 - 18:27:53] Vehicle Slot ID 179 RTB fee cost $0 to SFPD's budget fund.
[2016/2/5 - 18:27:53] Vehicle Slot ID 180 RTB fee cost $0 to SFPD's budget fund.
[2016/2/5 - 18:27:53] Vehicle Slot ID 181 RTB fee cost $0 to SFPD's budget fund.
[2016/2/5 - 18:27:53] Vehicle Slot ID 182 RTB fee cost $0 to SFPD's budget fund.
[2016/2/5 - 18:27:53] Vehicle Slot ID 183 RTB fee cost $0 to SFPD's budget fund.
[2016/2/5 - 18:27:53] Vehicle Slot ID 184 RTB fee cost $0 to SFPD's budget fund.
[2016/2/5 - 18:27:53] Vehicle Slot ID 185 RTB fee cost $0 to SFPD's budget fund.
[2016/2/5 - 18:27:53] Vehicle Slot ID 186 RTB fee cost $0 to SFPD's budget fund.
[2016/2/5 - 18:27:53] Vehicle Slot ID 187 RTB fee cost $0 to SFPD's budget fund.
[2016/2/5 - 18:27:53] Vehicle Slot ID 188 RTB fee cost $0 to SFPD's budget fund.
[2016/2/5 - 18:27:53] Vehicle Slot ID 189 RTB fee cost $0 to SFPD's budget fund.
[2016/2/5 - 18:32:43] NguyenLan Anh took a vest out of the SFPD locker at a cost of 1 HG Material.
[2016/2/5 - 18:32:55] DongNhi Heo took a vest out of the SFPD locker at a cost of 1 HG Material.
[2016/2/5 - 18:33:01] DongNhi Heo took a Nite Stick out of the SFPD locker at a cost of 0 HG Materials.
[2016/2/5 - 18:33:03] DongNhi Heo took a Spray Can out of the SFPD locker at a cost of 0 HG Materials.
[2016/2/5 - 18:33:05] DongNhi Heo took a Parachute out of the SFPD locker at a cost of 0 HG Materials.
[2016/2/5 - 18:33:07] DongNhi Heo took a Desert Eagle out of the SFPD locker at a cost of 0 HG Materials.
[2016/2/5 - 18:33:10] DongNhi Heo took a M4 out of the SFPD locker at a cost of 0 HG Materials.
[2016/2/5 - 18:33:12] DongNhi Heo took a Combat Shotgun out of the SFPD locker at a cost of 0 HG Materials.
[2016/2/5 - 18:33:15] DongNhi Heo took a Sniper Rifle out of the SFPD locker at a cost of 0 HG Materials.
[2016/2/5 - 18:33:26] Vehicle Slot ID 166 RTB fee cost $0 to SFPD's budget fund.
[2016/2/5 - 18:33:27] Vehicle Slot ID 169 RTB fee cost $0 to SFPD's budget fund.
[2016/2/5 - 18:33:27] Vehicle Slot ID 170 RTB fee cost $0 to SFPD's budget fund.
[2016/2/5 - 18:33:27] Vehicle Slot ID 171 RTB fee cost $0 to SFPD's budget fund.
[2016/2/5 - 18:33:27] Vehicle Slot ID 172 RTB fee cost $0 to SFPD's budget fund.
[2016/2/5 - 18:33:27] Vehicle Slot ID 173 RTB fee cost $0 to SFPD's budget fund.
[2016/2/5 - 18:33:27] Vehicle Slot ID 174 RTB fee cost $0 to SFPD's budget fund.
[2016/2/5 - 18:33:27] Vehicle Slot ID 175 RTB fee cost $0 to SFPD's budget fund.
[2016/2/5 - 18:33:27] Vehicle Slot ID 176 RTB fee cost $0 to SFPD's budget fund.
[2016/2/5 - 18:33:27] Vehicle Slot ID 177 RTB fee cost $0 to SFPD's budget fund.
[2016/2/5 - 18:33:27] Vehicle Slot ID 179 RTB fee cost $0 to SFPD's budget fund.
[2016/2/5 - 18:33:27] Vehicle Slot ID 180 RTB fee cost $0 to SFPD's budget fund.
[2016/2/5 - 18:33:27] Vehicle Slot ID 181 RTB fee cost $0 to SFPD's budget fund.
[2016/2/5 - 18:33:27] Vehicle Slot ID 182 RTB fee cost $0 to SFPD's budget fund.
[2016/2/5 - 18:33:27] Vehicle Slot ID 183 RTB fee cost $0 to SFPD's budget fund.
[2016/2/5 - 18:33:27] Vehicle Slot ID 184 RTB fee cost $0 to SFPD's budget fund.
[2016/2/5 - 18:33:27] Vehicle Slot ID 185 RTB fee cost $0 to SFPD's budget fund.
[2016/2/5 - 18:33:27] Vehicle Slot ID 186 RTB fee cost $0 to SFPD's budget fund.
[2016/2/5 - 18:33:27] Vehicle Slot ID 187 RTB fee cost $0 to SFPD's budget fund.
[2016/2/5 - 18:33:27] Vehicle Slot ID 188 RTB fee cost $0 to SFPD's budget fund.
[2016/2/5 - 18:33:27] Vehicle Slot ID 189 RTB fee cost $0 to SFPD's budget fund.
[2016/2/5 - 18:33:27] Vehicle Slot ID 190 RTB fee cost $0 to SFPD's budget fund.
[2016/2/5 - 18:33:27] Vehicle Slot ID 191 RTB fee cost $0 to SFPD's budget fund.
[2016/2/5 - 18:36:38] Vehicle Slot ID 166 RTB fee cost $0 to SFPD's budget fund.
[2016/2/5 - 18:36:38] Vehicle Slot ID 169 RTB fee cost $0 to SFPD's budget fund.
[2016/2/5 - 18:36:38] Vehicle Slot ID 170 RTB fee cost $0 to SFPD's budget fund.
[2016/2/5 - 18:36:38] Vehicle Slot ID 171 RTB fee cost $0 to SFPD's budget fund.
[2016/2/5 - 18:36:38] Vehicle Slot ID 172 RTB fee cost $0 to SFPD's budget fund.
[2016/2/5 - 18:36:38] Vehicle Slot ID 173 RTB fee cost $0 to SFPD's budget fund.
[2016/2/5 - 18:36:38] Vehicle Slot ID 174 RTB fee cost $0 to SFPD's budget fund.
[2016/2/5 - 18:36:38] Vehicle Slot ID 175 RTB fee cost $0 to SFPD's budget fund.
[2016/2/5 - 18:36:38] Vehicle Slot ID 176 RTB fee cost $0 to SFPD's budget fund.
[2016/2/5 - 18:36:38] Vehicle Slot ID 177 RTB fee cost $0 to SFPD's budget fund.
[2016/2/5 - 18:36:38] Vehicle Slot ID 179 RTB fee cost $0 to SFPD's budget fund.
[2016/2/5 - 18:36:38] Vehicle Slot ID 180 RTB fee cost $0 to SFPD's budget fund.
[2016/2/5 - 18:36:38] Vehicle Slot ID 181 RTB fee cost $0 to SFPD's budget fund.
[2016/2/5 - 18:36:38] Vehicle Slot ID 182 RTB fee cost $0 to SFPD's budget fund.
[2016/2/5 - 18:36:38] Vehicle Slot ID 184 RTB fee cost $0 to SFPD's budget fund.
[2016/2/5 - 18:36:38] Vehicle Slot ID 185 RTB fee cost $0 to SFPD's budget fund.
[2016/2/5 - 18:36:38] Vehicle Slot ID 186 RTB fee cost $0 to SFPD's budget fund.
[2016/2/5 - 18:36:38] Vehicle Slot ID 187 RTB fee cost $0 to SFPD's budget fund.
[2016/2/5 - 18:36:39] Vehicle Slot ID 188 RTB fee cost $0 to SFPD's budget fund.
[2016/2/5 - 18:36:39] Vehicle Slot ID 189 RTB fee cost $0 to SFPD's budget fund.
[2016/2/5 - 18:36:39] Vehicle Slot ID 190 RTB fee cost $0 to SFPD's budget fund.
[2016/2/5 - 18:36:39] Vehicle Slot ID 191 RTB fee cost $0 to SFPD's budget fund.
[2016/2/5 - 18:36:39] Vehicle Slot ID 192 RTB fee cost $0 to SFPD's budget fund.
[2016/2/5 - 18:36:41] NguyenLan Anh took a vest out of the SFPD locker at a cost of 1 HG Material.
[2016/2/5 - 18:36:47] Venus Angel took a vest out of the SFPD locker at a cost of 1 HG Material.
[2016/2/5 - 18:38:39] David Vila took a vest out of the SFPD locker at a cost of 1 HG Material.
[2016/2/5 - 18:38:40] Harry Jinr took a vest out of the SFPD locker at a cost of 1 HG Material.
[2016/2/5 - 18:38:42] David Vila took a M4 out of the SFPD locker at a cost of 0 HG Materials.
[2016/2/5 - 18:38:42] Harry Jinr took a Nite Stick out of the SFPD locker at a cost of 0 HG Materials.
[2016/2/5 - 18:38:44] David Vila took a Combat Shotgun out of the SFPD locker at a cost of 0 HG Materials.
[2016/2/5 - 18:38:44] Harry Jinr took a Shotgun out of the SFPD locker at a cost of 0 HG Materials.
[2016/2/5 - 18:38:46] David Vila took a Sniper Rifle out of the SFPD locker at a cost of 0 HG Materials.
[2016/2/5 - 18:38:47] Harry Jinr took a MP5 out of the SFPD locker at a cost of 0 HG Materials.
[2016/2/5 - 18:38:48] David Vila took a Nite Stick out of the SFPD locker at a cost of 0 HG Materials.
[2016/2/5 - 18:38:49] Harry Jinr took a Desert Eagle out of the SFPD locker at a cost of 0 HG Materials.
[2016/2/5 - 18:38:50] David Vila took a MP5 out of the SFPD locker at a cost of 0 HG Materials.
[2016/2/5 - 18:38:52] David Vila took a Desert Eagle out of the SFPD locker at a cost of 0 HG Materials.
[2016/2/5 - 18:46:03] Mafia Xuyen took a Desert Eagle out of the SFPD locker at a cost of 0 HG Materials.
[2016/2/5 - 18:46:05] Mafia Xuyen took a MP5 out of the SFPD locker at a cost of 0 HG Materials.
[2016/2/5 - 18:46:08] Mafia Xuyen took a M4 out of the SFPD locker at a cost of 0 HG Materials.
[2016/2/5 - 18:46:10] Mafia Xuyen took a Combat Shotgun out of the SFPD locker at a cost of 0 HG Materials.
[2016/2/5 - 18:46:13] Mafia Xuyen took a Sniper Rifle out of the SFPD locker at a cost of 0 HG Materials.
[2016/2/5 - 18:46:31] Harry Jinr took a vest out of the SFPD locker at a cost of 1 HG Material.
[2016/2/5 - 18:46:33] Harry Jinr took a Nite Stick out of the SFPD locker at a cost of 0 HG Materials.
[2016/2/5 - 18:46:33] David Vila took a vest out of the SFPD locker at a cost of 1 HG Material.
[2016/2/5 - 18:46:34] Harry Jinr took a Spray Can out of the SFPD locker at a cost of 0 HG Materials.
[2016/2/5 - 18:46:36] Harry Jinr took a Shotgun out of the SFPD locker at a cost of 0 HG Materials.
[2016/2/5 - 18:46:37] David Vila took a Desert Eagle out of the SFPD locker at a cost of 0 HG Materials.
[2016/2/5 - 18:46:38] Harry Jinr took a Desert Eagle out of the SFPD locker at a cost of 0 HG Materials.
[2016/2/5 - 18:46:39] David Vila took a Nite Stick out of the SFPD locker at a cost of 0 HG Materials.
[2016/2/5 - 18:46:42] David Vila took a M4 out of the SFPD locker at a cost of 0 HG Materials.
[2016/2/5 - 18:46:47] David Vila took a Sniper Rifle out of the SFPD locker at a cost of 0 HG Materials.
[2016/2/5 - 18:54:26] Smith Robeo took a vest out of the SFPD locker at a cost of 1 HG Material.
[2016/2/5 - 18:54:31] Smith Robeo took a Desert Eagle out of the SFPD locker at a cost of 0 HG Materials.
[2016/2/5 - 18:54:35] Smith Robeo took a vest out of the SFPD locker at a cost of 1 HG Material.
[2016/2/5 - 18:54:37] Smith Robeo took a M4 out of the SFPD locker at a cost of 0 HG Materials.
[2016/2/5 - 18:54:59] Mafia Xuyen took a vest out of the SFPD locker at a cost of 1 HG Material.
[2016/2/5 - 19:00:17] The faction vault is at $61,074
[2016/2/5 - 19:00:18] Vehicle ID 633 (Slot ID 166) Maintainence fee cost $0 to SFPD's budget fund.
[2016/2/5 - 19:00:18] Vehicle ID 616 (Slot ID 169) Maintainence fee cost $0 to SFPD's budget fund.
[2016/2/5 - 19:00:18] Vehicle ID 622 (Slot ID 170) Maintainence fee cost $0 to SFPD's budget fund.
[2016/2/5 - 19:00:18] Vehicle ID 624 (Slot ID 171) Maintainence fee cost $0 to SFPD's budget fund.
[2016/2/5 - 19:00:18] Vehicle ID 625 (Slot ID 172) Maintainence fee cost $0 to SFPD's budget fund.
[2016/2/5 - 19:00:18] Vehicle ID 620 (Slot ID 173) Maintainence fee cost $0 to SFPD's budget fund.
[2016/2/5 - 19:00:18] Vehicle ID 630 (Slot ID 174) Maintainence fee cost $0 to SFPD's budget fund.
[2016/2/5 - 19:00:18] Vehicle ID 639 (Slot ID 175) Maintainence fee cost $0 to SFPD's budget fund.
[2016/2/5 - 19:00:18] Vehicle ID 641 (Slot ID 176) Maintainence fee cost $0 to SFPD's budget fund.
[2016/2/5 - 19:00:18] Vehicle ID 631 (Slot ID 177) Maintainence fee cost $0 to SFPD's budget fund.
[2016/2/5 - 19:00:18] Vehicle ID 610 (Slot ID 179) Maintainence fee cost $0 to SFPD's budget fund.
[2016/2/5 - 19:00:18] Vehicle ID 635 (Slot ID 180) Maintainence fee cost $0 to SFPD's budget fund.
[2016/2/5 - 19:00:18] Vehicle ID 636 (Slot ID 181) Maintainence fee cost $0 to SFPD's budget fund.
[2016/2/5 - 19:00:18] Vehicle ID 643 (Slot ID 182) Maintainence fee cost $0 to SFPD's budget fund.
[2016/2/5 - 19:00:18] Vehicle ID 646 (Slot ID 183) Maintainence fee cost $0 to SFPD's budget fund.
[2016/2/5 - 19:00:18] Vehicle ID 629 (Slot ID 184) Maintainence fee cost $0 to SFPD's budget fund.
[2016/2/5 - 19:00:18] Vehicle ID 644 (Slot ID 185) Maintainence fee cost $0 to SFPD's budget fund.
[2016/2/5 - 19:00:18] Vehicle ID 647 (Slot ID 186) Maintainence fee cost $0 to SFPD's budget fund.
[2016/2/5 - 19:00:18] Vehicle ID 649 (Slot ID 187) Maintainence fee cost $0 to SFPD's budget fund.
[2016/2/5 - 19:00:18] Vehicle ID 645 (Slot ID 188) Maintainence fee cost $0 to SFPD's budget fund.
[2016/2/5 - 19:00:18] Vehicle ID 650 (Slot ID 189) Maintainence fee cost $0 to SFPD's budget fund.
[2016/2/5 - 19:00:18] Vehicle ID 648 (Slot ID 190) Maintainence fee cost $0 to SFPD's budget fund.
[2016/2/5 - 19:00:18] Vehicle ID 651 (Slot ID 191) Maintainence fee cost $0 to SFPD's budget fund.
[2016/2/5 - 19:00:18] Vehicle ID 608 (Slot ID 192) Maintainence fee cost $0 to SFPD's budget fund.
[2016/2/5 - 19:06:57] Venus Angel took a vest out of the SFPD locker at a cost of 1 HG Material.
[2016/2/5 - 19:07:07] Venus Angel took a Nite Stick out of the SFPD locker at a cost of 0 HG Materials.
[2016/2/5 - 19:07:09] Venus Angel took a Spray Can out of the SFPD locker at a cost of 0 HG Materials.
[2016/2/5 - 19:07:11] Venus Angel took a Teargas out of the SFPD locker at a cost of 0 HG Materials.
[2016/2/5 - 19:07:14] Venus Angel took a MP5 out of the SFPD locker at a cost of 0 HG Materials.
[2016/2/5 - 19:07:16] Venus Angel took a Desert Eagle out of the SFPD locker at a cost of 0 HG Materials.
[2016/2/5 - 19:07:18] Venus Angel took a M4 out of the SFPD locker at a cost of 0 HG Materials.
[2016/2/5 - 19:07:20] Venus Angel took a Combat Shotgun out of the SFPD locker at a cost of 0 HG Materials.
[2016/2/5 - 19:07:23] Venus Angel took a Sniper Rifle out of the SFPD locker at a cost of 0 HG Materials.
[2016/2/5 - 19:07:25] Venus Angel took a vest for their car out of the SFPD locker at a cost of 1 HG Material.
[2016/2/5 - 19:24:47] NguyenLan Anh took a vest out of the SFPD locker at a cost of 1 HG Material.
[2016/2/5 - 19:24:53] NguyenLan Anh took a Desert Eagle out of the SFPD locker at a cost of 0 HG Materials.
[2016/2/5 - 19:24:58] NguyenLan Anh took a M4 out of the SFPD locker at a cost of 0 HG Materials.
[2016/2/5 - 19:25:02] NguyenLan Anh took a Combat Shotgun out of the SFPD locker at a cost of 0 HG Materials.
[2016/2/5 - 19:25:05] NguyenLan Anh took a Sniper Rifle out of the SFPD locker at a cost of 0 HG Materials.
[2016/2/5 - 19:25:08] NguyenLan Anh took a vest for their car out of the SFPD locker at a cost of 1 HG Material.
[2016/2/5 - 19:25:15] NguyenLan Anh took a Nite Stick out of the SFPD locker at a cost of 0 HG Materials.
[2016/2/5 - 19:25:37] Harry Jinr took a vest out of the SFPD locker at a cost of 1 HG Material.
[2016/2/5 - 19:33:16] Smith Robeo took a vest out of the SFPD locker at a cost of 1 HG Material.
[2016/2/5 - 19:35:43] NguyenLan Anh took a vest out of the SFPD locker at a cost of 1 HG Material.
[2016/2/5 - 19:37:56] Harry Jinr took a Nite Stick out of the SFPD locker at a cost of 0 HG Materials.
[2016/2/5 - 19:37:58] Harry Jinr took a Spray Can out of the SFPD locker at a cost of 0 HG Materials.
[2016/2/5 - 19:40:35] Vehicle Slot ID 192 RTB fee cost $0 to SFPD's budget fund.
[2016/2/5 - 19:40:35] Vehicle Slot ID 192 RTB fee cost $0 to SFPD's budget fund.
[2016/2/5 - 19:40:35] Vehicle Slot ID 179 RTB fee cost $0 to SFPD's budget fund.
[2016/2/5 - 19:40:35] Vehicle Slot ID 179 RTB fee cost $0 to SFPD's budget fund.
[2016/2/5 - 19:40:35] Vehicle Slot ID 169 RTB fee cost $0 to SFPD's budget fund.
[2016/2/5 - 19:40:35] Vehicle Slot ID 169 RTB fee cost $0 to SFPD's budget fund.
[2016/2/5 - 19:40:35] Vehicle Slot ID 173 RTB fee cost $0 to SFPD's budget fund.
[2016/2/5 - 19:40:35] Vehicle Slot ID 173 RTB fee cost $0 to SFPD's budget fund.
[2016/2/5 - 19:40:35] Vehicle Slot ID 170 RTB fee cost $0 to SFPD's budget fund.
[2016/2/5 - 19:40:35] Vehicle Slot ID 170 RTB fee cost $0 to SFPD's budget fund.
[2016/2/5 - 19:40:36] Vehicle Slot ID 171 RTB fee cost $0 to SFPD's budget fund.
[2016/2/5 - 19:40:36] Vehicle Slot ID 171 RTB fee cost $0 to SFPD's budget fund.
[2016/2/5 - 19:40:36] Vehicle Slot ID 172 RTB fee cost $0 to SFPD's budget fund.
[2016/2/5 - 19:40:36] Vehicle Slot ID 172 RTB fee cost $0 to SFPD's budget fund.
[2016/2/5 - 19:40:36] Vehicle Slot ID 184 RTB fee cost $0 to SFPD's budget fund.
[2016/2/5 - 19:40:36] Vehicle Slot ID 184 RTB fee cost $0 to SFPD's budget fund.
[2016/2/5 - 19:40:36] Vehicle Slot ID 174 RTB fee cost $0 to SFPD's budget fund.
[2016/2/5 - 19:40:36] Vehicle Slot ID 174 RTB fee cost $0 to SFPD's budget fund.
[2016/2/5 - 19:40:36] Vehicle Slot ID 177 RTB fee cost $0 to SFPD's budget fund.
[2016/2/5 - 19:40:36] Vehicle Slot ID 177 RTB fee cost $0 to SFPD's budget fund.
[2016/2/5 - 19:40:36] Vehicle Slot ID 166 RTB fee cost $0 to SFPD's budget fund.
[2016/2/5 - 19:40:36] Vehicle Slot ID 166 RTB fee cost $0 to SFPD's budget fund.
[2016/2/5 - 19:40:36] Vehicle Slot ID 180 RTB fee cost $0 to SFPD's budget fund.
[2016/2/5 - 19:40:36] Vehicle Slot ID 180 RTB fee cost $0 to SFPD's budget fund.
[2016/2/5 - 19:40:36] Vehicle Slot ID 181 RTB fee cost $0 to SFPD's budget fund.
[2016/2/5 - 19:40:36] Vehicle Slot ID 181 RTB fee cost $0 to SFPD's budget fund.
[2016/2/5 - 19:40:36] Vehicle Slot ID 175 RTB fee cost $0 to SFPD's budget fund.
[2016/2/5 - 19:40:36] Vehicle Slot ID 175 RTB fee cost $0 to SFPD's budget fund.
[2016/2/5 - 19:40:36] Vehicle Slot ID 176 RTB fee cost $0 to SFPD's budget fund.
[2016/2/5 - 19:40:36] Vehicle Slot ID 176 RTB fee cost $0 to SFPD's budget fund.
[2016/2/5 - 19:40:36] Vehicle Slot ID 182 RTB fee cost $0 to SFPD's budget fund.
[2016/2/5 - 19:40:36] Vehicle Slot ID 182 RTB fee cost $0 to SFPD's budget fund.
[2016/2/5 - 19:40:36] Vehicle Slot ID 185 RTB fee cost $0 to SFPD's budget fund.
[2016/2/5 - 19:40:36] Vehicle Slot ID 185 RTB fee cost $0 to SFPD's budget fund.
[2016/2/5 - 19:40:36] Vehicle Slot ID 188 RTB fee cost $0 to SFPD's budget fund.
[2016/2/5 - 19:40:36] Vehicle Slot ID 188 RTB fee cost $0 to SFPD's budget fund.
[2016/2/5 - 19:40:36] Vehicle Slot ID 183 RTB fee cost $0 to SFPD's budget fund.
[2016/2/5 - 19:40:37] Vehicle Slot ID 183 RTB fee cost $0 to SFPD's budget fund.
[2016/2/5 - 19:40:37] Vehicle Slot ID 186 RTB fee cost $0 to SFPD's budget fund.
[2016/2/5 - 19:40:37] Vehicle Slot ID 186 RTB fee cost $0 to SFPD's budget fund.
[2016/2/5 - 19:40:37] Vehicle Slot ID 190 RTB fee cost $0 to SFPD's budget fund.
[2016/2/5 - 19:40:37] Vehicle Slot ID 190 RTB fee cost $0 to SFPD's budget fund.
[2016/2/5 - 19:40:37] Vehicle Slot ID 187 RTB fee cost $0 to SFPD's budget fund.
[2016/2/5 - 19:40:37] Vehicle Slot ID 187 RTB fee cost $0 to SFPD's budget fund.
[2016/2/5 - 19:40:37] Vehicle Slot ID 189 RTB fee cost $0 to SFPD's budget fund.
[2016/2/5 - 19:40:37] Vehicle Slot ID 189 RTB fee cost $0 to SFPD's budget fund.
[2016/2/5 - 19:40:37] Vehicle Slot ID 191 RTB fee cost $0 to SFPD's budget fund.
[2016/2/5 - 19:40:37] Vehicle Slot ID 191 RTB fee cost $0 to SFPD's budget fund.
[2016/2/5 - 19:41:27] Vehicle Slot ID 192 RTB fee cost $0 to SFPD's budget fund.
[2016/2/5 - 19:41:27] Vehicle Slot ID 192 RTB fee cost $0 to SFPD's budget fund.
[2016/2/5 - 19:41:27] Vehicle Slot ID 179 RTB fee cost $0 to SFPD's budget fund.
[2016/2/5 - 19:41:27] Vehicle Slot ID 179 RTB fee cost $0 to SFPD's budget fund.
[2016/2/5 - 19:41:27] Vehicle Slot ID 169 RTB fee cost $0 to SFPD's budget fund.
[2016/2/5 - 19:41:27] Vehicle Slot ID 169 RTB fee cost $0 to SFPD's budget fund.
[2016/2/5 - 19:41:27] Vehicle Slot ID 173 RTB fee cost $0 to SFPD's budget fund.
[2016/2/5 - 19:41:28] Vehicle Slot ID 173 RTB fee cost $0 to SFPD's budget fund.
[2016/2/5 - 19:41:28] Vehicle Slot ID 170 RTB fee cost $0 to SFPD's budget fund.
[2016/2/5 - 19:41:28] Vehicle Slot ID 170 RTB fee cost $0 to SFPD's budget fund.
[2016/2/5 - 19:41:28] Vehicle Slot ID 171 RTB fee cost $0 to SFPD's budget fund.
[2016/2/5 - 19:41:28] Vehicle Slot ID 171 RTB fee cost $0 to SFPD's budget fund.
[2016/2/5 - 19:41:28] Vehicle Slot ID 172 RTB fee cost $0 to SFPD's budget fund.
[2016/2/5 - 19:41:28] Vehicle Slot ID 172 RTB fee cost $0 to SFPD's budget fund.
[2016/2/5 - 19:41:28] Vehicle Slot ID 184 RTB fee cost $0 to SFPD's budget fund.
[2016/2/5 - 19:41:28] Vehicle Slot ID 184 RTB fee cost $0 to SFPD's budget fund.
[2016/2/5 - 19:41:28] Vehicle Slot ID 174 RTB fee cost $0 to SFPD's budget fund.
[2016/2/5 - 19:41:28] Vehicle Slot ID 174 RTB fee cost $0 to SFPD's budget fund.
[2016/2/5 - 19:41:28] Vehicle Slot ID 177 RTB fee cost $0 to SFPD's budget fund.
[2016/2/5 - 19:41:28] Vehicle Slot ID 177 RTB fee cost $0 to SFPD's budget fund.
[2016/2/5 - 19:41:28] Vehicle Slot ID 166 RTB fee cost $0 to SFPD's budget fund.
[2016/2/5 - 19:41:28] Vehicle Slot ID 166 RTB fee cost $0 to SFPD's budget fund.
[2016/2/5 - 19:41:28] Vehicle Slot ID 180 RTB fee cost $0 to SFPD's budget fund.
[2016/2/5 - 19:41:28] Vehicle Slot ID 180 RTB fee cost $0 to SFPD's budget fund.
[2016/2/5 - 19:41:29] Vehicle Slot ID 181 RTB fee cost $0 to SFPD's budget fund.
[2016/2/5 - 19:41:29] Vehicle Slot ID 181 RTB fee cost $0 to SFPD's budget fund.
[2016/2/5 - 19:41:29] Vehicle Slot ID 175 RTB fee cost $0 to SFPD's budget fund.
[2016/2/5 - 19:41:29] Vehicle Slot ID 175 RTB fee cost $0 to SFPD's budget fund.
[2016/2/5 - 19:41:29] Vehicle Slot ID 176 RTB fee cost $0 to SFPD's budget fund.
[2016/2/5 - 19:41:29] Vehicle Slot ID 176 RTB fee cost $0 to SFPD's budget fund.
[2016/2/5 - 19:41:29] Vehicle Slot ID 182 RTB fee cost $0 to SFPD's budget fund.
[2016/2/5 - 19:41:29] Vehicle Slot ID 182 RTB fee cost $0 to SFPD's budget fund.
[2016/2/5 - 19:41:29] Vehicle Slot ID 185 RTB fee cost $0 to SFPD's budget fund.
[2016/2/5 - 19:41:29] Vehicle Slot ID 185 RTB fee cost $0 to SFPD's budget fund.
[2016/2/5 - 19:41:29] Vehicle Slot ID 188 RTB fee cost $0 to SFPD's budget fund.
[2016/2/5 - 19:41:29] Vehicle Slot ID 188 RTB fee cost $0 to SFPD's budget fund.
[2016/2/5 - 19:41:30] Vehicle Slot ID 183 RTB fee cost $0 to SFPD's budget fund.
[2016/2/5 - 19:41:30] Vehicle Slot ID 183 RTB fee cost $0 to SFPD's budget fund.
[2016/2/5 - 19:41:30] Vehicle Slot ID 186 RTB fee cost $0 to SFPD's budget fund.
[2016/2/5 - 19:41:30] Vehicle Slot ID 186 RTB fee cost $0 to SFPD's budget fund.
[2016/2/5 - 19:41:30] Vehicle Slot ID 190 RTB fee cost $0 to SFPD's budget fund.
[2016/2/5 - 19:41:30] Vehicle Slot ID 190 RTB fee cost $0 to SFPD's budget fund.
[2016/2/5 - 19:41:31] Vehicle Slot ID 187 RTB fee cost $0 to SFPD's budget fund.
[2016/2/5 - 19:41:31] Vehicle Slot ID 187 RTB fee cost $0 to SFPD's budget fund.
[2016/2/5 - 19:41:31] Vehicle Slot ID 189 RTB fee cost $0 to SFPD's budget fund.
[2016/2/5 - 19:41:31] Vehicle Slot ID 189 RTB fee cost $0 to SFPD's budget fund.
[2016/2/5 - 19:41:31] Vehicle Slot ID 191 RTB fee cost $0 to SFPD's budget fund.
[2016/2/5 - 19:41:31] Vehicle Slot ID 191 RTB fee cost $0 to SFPD's budget fund.
[2016/2/5 - 19:42:15] Phuong Thao took a vest out of the SFPD locker at a cost of 1 HG Material.
[2016/2/5 - 19:42:36] NguyenLan Anh took a vest out of the SFPD locker at a cost of 1 HG Material.
[2016/2/5 - 19:42:53] Vehicle Slot ID 166 RTB fee cost $0 to SFPD's budget fund.
[2016/2/5 - 19:42:53] Vehicle Slot ID 166 RTB fee cost $0 to SFPD's budget fund.
[2016/2/5 - 19:43:09] Vehicle Slot ID 166 RTB fee cost $0 to SFPD's budget fund.
[2016/2/5 - 19:43:09] Vehicle Slot ID 166 RTB fee cost $0 to SFPD's budget fund.
[2016/2/5 - 19:45:11] Smith Robeo took a vest out of the SFPD locker at a cost of 1 HG Material.
[2016/2/5 - 19:45:15] Smith Robeo took a Desert Eagle out of the SFPD locker at a cost of 0 HG Materials.
[2016/2/5 - 19:45:19] Smith Robeo took a Combat Shotgun out of the SFPD locker at a cost of 0 HG Materials.
[2016/2/5 - 19:45:21] Smith Robeo took a M4 out of the SFPD locker at a cost of 0 HG Materials.
[2016/2/5 - 20:01:01] The faction vault is at $61,074
[2016/2/5 - 20:01:01] Vehicle ID 633 (Slot ID 166) Maintainence fee cost $0 to SFPD's budget fund.
[2016/2/5 - 20:01:01] Vehicle ID 616 (Slot ID 169) Maintainence fee cost $0 to SFPD's budget fund.
[2016/2/5 - 20:01:01] Vehicle ID 622 (Slot ID 170) Maintainence fee cost $0 to SFPD's budget fund.
[2016/2/5 - 20:01:01] Vehicle ID 624 (Slot ID 171) Maintainence fee cost $0 to SFPD's budget fund.
[2016/2/5 - 20:01:01] Vehicle ID 625 (Slot ID 172) Maintainence fee cost $0 to SFPD's budget fund.
[2016/2/5 - 20:01:01] Vehicle ID 620 (Slot ID 173) Maintainence fee cost $0 to SFPD's budget fund.
[2016/2/5 - 20:01:01] Vehicle ID 630 (Slot ID 174) Maintainence fee cost $0 to SFPD's budget fund.
[2016/2/5 - 20:01:01] Vehicle ID 639 (Slot ID 175) Maintainence fee cost $0 to SFPD's budget fund.
[2016/2/5 - 20:01:01] Vehicle ID 641 (Slot ID 176) Maintainence fee cost $0 to SFPD's budget fund.
[2016/2/5 - 20:01:01] Vehicle ID 631 (Slot ID 177) Maintainence fee cost $0 to SFPD's budget fund.
[2016/2/5 - 20:01:01] Vehicle ID 610 (Slot ID 179) Maintainence fee cost $0 to SFPD's budget fund.
[2016/2/5 - 20:01:01] Vehicle ID 635 (Slot ID 180) Maintainence fee cost $0 to SFPD's budget fund.
[2016/2/5 - 20:01:01] Vehicle ID 636 (Slot ID 181) Maintainence fee cost $0 to SFPD's budget fund.
[2016/2/5 - 20:01:01] Vehicle ID 643 (Slot ID 182) Maintainence fee cost $0 to SFPD's budget fund.
[2016/2/5 - 20:01:01] Vehicle ID 646 (Slot ID 183) Maintainence fee cost $0 to SFPD's budget fund.
[2016/2/5 - 20:01:01] Vehicle ID 629 (Slot ID 184) Maintainence fee cost $0 to SFPD's budget fund.
[2016/2/5 - 20:01:01] Vehicle ID 644 (Slot ID 185) Maintainence fee cost $0 to SFPD's budget fund.
[2016/2/5 - 20:01:01] Vehicle ID 647 (Slot ID 186) Maintainence fee cost $0 to SFPD's budget fund.
[2016/2/5 - 20:01:01] Vehicle ID 649 (Slot ID 187) Maintainence fee cost $0 to SFPD's budget fund.
[2016/2/5 - 20:01:01] Vehicle ID 645 (Slot ID 188) Maintainence fee cost $0 to SFPD's budget fund.
[2016/2/5 - 20:01:01] Vehicle ID 650 (Slot ID 189) Maintainence fee cost $0 to SFPD's budget fund.
[2016/2/5 - 20:01:01] Vehicle ID 648 (Slot ID 190) Maintainence fee cost $0 to SFPD's budget fund.
[2016/2/5 - 20:01:01] Vehicle ID 651 (Slot ID 191) Maintainence fee cost $0 to SFPD's budget fund.
[2016/2/5 - 20:01:01] Vehicle ID 608 (Slot ID 192) Maintainence fee cost $0 to SFPD's budget fund.
[2016/2/5 - 20:01:31] Vehicle Slot ID 192 RTB fee cost $0 to SFPD's budget fund.
[2016/2/5 - 20:01:31] Vehicle Slot ID 192 RTB fee cost $0 to SFPD's budget fund.
[2016/2/5 - 20:01:31] Vehicle Slot ID 179 RTB fee cost $0 to SFPD's budget fund.
[2016/2/5 - 20:01:31] Vehicle Slot ID 179 RTB fee cost $0 to SFPD's budget fund.
[2016/2/5 - 20:01:32] Vehicle Slot ID 169 RTB fee cost $0 to SFPD's budget fund.
[2016/2/5 - 20:01:32] Vehicle Slot ID 169 RTB fee cost $0 to SFPD's budget fund.
[2016/2/5 - 20:01:32] Vehicle Slot ID 173 RTB fee cost $0 to SFPD's budget fund.
[2016/2/5 - 20:01:32] Vehicle Slot ID 173 RTB fee cost $0 to SFPD's budget fund.
[2016/2/5 - 20:01:32] Vehicle Slot ID 170 RTB fee cost $0 to SFPD's budget fund.
[2016/2/5 - 20:01:32] Vehicle Slot ID 170 RTB fee cost $0 to SFPD's budget fund.
[2016/2/5 - 20:01:32] Vehicle Slot ID 171 RTB fee cost $0 to SFPD's budget fund.
[2016/2/5 - 20:01:32] Vehicle Slot ID 171 RTB fee cost $0 to SFPD's budget fund.
[2016/2/5 - 20:01:32] Vehicle Slot ID 172 RTB fee cost $0 to SFPD's budget fund.
[2016/2/5 - 20:01:32] Vehicle Slot ID 172 RTB fee cost $0 to SFPD's budget fund.
[2016/2/5 - 20:01:33] Vehicle Slot ID 184 RTB fee cost $0 to SFPD's budget fund.
[2016/2/5 - 20:01:33] Vehicle Slot ID 184 RTB fee cost $0 to SFPD's budget fund.
[2016/2/5 - 20:01:33] Vehicle Slot ID 174 RTB fee cost $0 to SFPD's budget fund.
[2016/2/5 - 20:01:33] Vehicle Slot ID 174 RTB fee cost $0 to SFPD's budget fund.
[2016/2/5 - 20:01:33] Vehicle Slot ID 177 RTB fee cost $0 to SFPD's budget fund.
[2016/2/5 - 20:01:33] Vehicle Slot ID 177 RTB fee cost $0 to SFPD's budget fund.
[2016/2/5 - 20:01:33] Vehicle Slot ID 166 RTB fee cost $0 to SFPD's budget fund.
[2016/2/5 - 20:01:33] Vehicle Slot ID 166 RTB fee cost $0 to SFPD's budget fund.
[2016/2/5 - 20:01:33] Vehicle Slot ID 180 RTB fee cost $0 to SFPD's budget fund.
[2016/2/5 - 20:01:33] Vehicle Slot ID 180 RTB fee cost $0 to SFPD's budget fund.
[2016/2/5 - 20:01:33] Vehicle Slot ID 181 RTB fee cost $0 to SFPD's budget fund.
[2016/2/5 - 20:01:33] Vehicle Slot ID 181 RTB fee cost $0 to SFPD's budget fund.
[2016/2/5 - 20:01:33] Vehicle Slot ID 175 RTB fee cost $0 to SFPD's budget fund.
[2016/2/5 - 20:01:33] Vehicle Slot ID 175 RTB fee cost $0 to SFPD's budget fund.
[2016/2/5 - 20:01:34] Vehicle Slot ID 176 RTB fee cost $0 to SFPD's budget fund.
[2016/2/5 - 20:01:34] Vehicle Slot ID 176 RTB fee cost $0 to SFPD's budget fund.
[2016/2/5 - 20:01:34] Vehicle Slot ID 182 RTB fee cost $0 to SFPD's budget fund.
[2016/2/5 - 20:01:34] Vehicle Slot ID 182 RTB fee cost $0 to SFPD's budget fund.
[2016/2/5 - 20:01:34] Vehicle Slot ID 185 RTB fee cost $0 to SFPD's budget fund.
[2016/2/5 - 20:01:34] Vehicle Slot ID 185 RTB fee cost $0 to SFPD's budget fund.
[2016/2/5 - 20:01:34] Vehicle Slot ID 188 RTB fee cost $0 to SFPD's budget fund.
[2016/2/5 - 20:01:34] Vehicle Slot ID 188 RTB fee cost $0 to SFPD's budget fund.
[2016/2/5 - 20:01:34] Vehicle Slot ID 183 RTB fee cost $0 to SFPD's budget fund.
[2016/2/5 - 20:01:34] Vehicle Slot ID 183 RTB fee cost $0 to SFPD's budget fund.
[2016/2/5 - 20:01:34] Vehicle Slot ID 186 RTB fee cost $0 to SFPD's budget fund.
[2016/2/5 - 20:01:34] Vehicle Slot ID 186 RTB fee cost $0 to SFPD's budget fund.
[2016/2/5 - 20:01:34] Vehicle Slot ID 190 RTB fee cost $0 to SFPD's budget fund.
[2016/2/5 - 20:01:34] Vehicle Slot ID 190 RTB fee cost $0 to SFPD's budget fund.
[2016/2/5 - 20:01:34] Vehicle Slot ID 187 RTB fee cost $0 to SFPD's budget fund.
[2016/2/5 - 20:01:34] Vehicle Slot ID 187 RTB fee cost $0 to SFPD's budget fund.
[2016/2/5 - 20:01:35] Vehicle Slot ID 189 RTB fee cost $0 to SFPD's budget fund.
[2016/2/5 - 20:01:35] Vehicle Slot ID 189 RTB fee cost $0 to SFPD's budget fund.
[2016/2/5 - 20:01:35] Vehicle Slot ID 191 RTB fee cost $0 to SFPD's budget fund.
[2016/2/5 - 20:01:35] Vehicle Slot ID 191 RTB fee cost $0 to SFPD's budget fund.
[2016/2/5 - 20:05:27] Vehicle Slot ID 192 RTB fee cost $0 to SFPD's budget fund.
[2016/2/5 - 20:05:27] Vehicle Slot ID 192 RTB fee cost $0 to SFPD's budget fund.
[2016/2/5 - 20:05:28] Vehicle Slot ID 179 RTB fee cost $0 to SFPD's budget fund.
[2016/2/5 - 20:05:28] Vehicle Slot ID 179 RTB fee cost $0 to SFPD's budget fund.
[2016/2/5 - 20:05:28] Vehicle Slot ID 169 RTB fee cost $0 to SFPD's budget fund.
[2016/2/5 - 20:05:28] Vehicle Slot ID 169 RTB fee cost $0 to SFPD's budget fund.
[2016/2/5 - 20:05:28] Vehicle Slot ID 173 RTB fee cost $0 to SFPD's budget fund.
[2016/2/5 - 20:05:28] Vehicle Slot ID 173 RTB fee cost $0 to SFPD's budget fund.
[2016/2/5 - 20:05:28] Vehicle Slot ID 170 RTB fee cost $0 to SFPD's budget fund.
[2016/2/5 - 20:05:28] Vehicle Slot ID 170 RTB fee cost $0 to SFPD's budget fund.
[2016/2/5 - 20:05:28] Vehicle Slot ID 171 RTB fee cost $0 to SFPD's budget fund.
[2016/2/5 - 20:05:28] Vehicle Slot ID 171 RTB fee cost $0 to SFPD's budget fund.
[2016/2/5 - 20:05:28] Vehicle Slot ID 172 RTB fee cost $0 to SFPD's budget fund.
[2016/2/5 - 20:05:28] Vehicle Slot ID 172 RTB fee cost $0 to SFPD's budget fund.
[2016/2/5 - 20:05:28] Vehicle Slot ID 184 RTB fee cost $0 to SFPD's budget fund.
[2016/2/5 - 20:05:28] Vehicle Slot ID 184 RTB fee cost $0 to SFPD's budget fund.
[2016/2/5 - 20:05:28] Vehicle Slot ID 174 RTB fee cost $0 to SFPD's budget fund.
[2016/2/5 - 20:05:28] Vehicle Slot ID 174 RTB fee cost $0 to SFPD's budget fund.
[2016/2/5 - 20:05:29] Vehicle Slot ID 177 RTB fee cost $0 to SFPD's budget fund.
[2016/2/5 - 20:05:29] Vehicle Slot ID 177 RTB fee cost $0 to SFPD's budget fund.
[2016/2/5 - 20:05:29] Vehicle Slot ID 166 RTB fee cost $0 to SFPD's budget fund.
[2016/2/5 - 20:05:29] Vehicle Slot ID 166 RTB fee cost $0 to SFPD's budget fund.
[2016/2/5 - 20:05:29] Vehicle Slot ID 180 RTB fee cost $0 to SFPD's budget fund.
[2016/2/5 - 20:05:29] Vehicle Slot ID 180 RTB fee cost $0 to SFPD's budget fund.
[2016/2/5 - 20:05:29] Vehicle Slot ID 181 RTB fee cost $0 to SFPD's budget fund.
[2016/2/5 - 20:05:29] Vehicle Slot ID 181 RTB fee cost $0 to SFPD's budget fund.
[2016/2/5 - 20:05:29] Vehicle Slot ID 175 RTB fee cost $0 to SFPD's budget fund.
[2016/2/5 - 20:05:29] Vehicle Slot ID 175 RTB fee cost $0 to SFPD's budget fund.
[2016/2/5 - 20:05:29] Vehicle Slot ID 176 RTB fee cost $0 to SFPD's budget fund.
[2016/2/5 - 20:05:29] Vehicle Slot ID 176 RTB fee cost $0 to SFPD's budget fund.
[2016/2/5 - 20:05:29] Vehicle Slot ID 182 RTB fee cost $0 to SFPD's budget fund.
[2016/2/5 - 20:05:29] Vehicle Slot ID 182 RTB fee cost $0 to SFPD's budget fund.
[2016/2/5 - 20:05:29] Vehicle Slot ID 185 RTB fee cost $0 to SFPD's budget fund.
[2016/2/5 - 20:05:29] Vehicle Slot ID 185 RTB fee cost $0 to SFPD's budget fund.
[2016/2/5 - 20:05:29] Vehicle Slot ID 188 RTB fee cost $0 to SFPD's budget fund.
[2016/2/5 - 20:05:29] Vehicle Slot ID 188 RTB fee cost $0 to SFPD's budget fund.
[2016/2/5 - 20:05:29] Vehicle Slot ID 183 RTB fee cost $0 to SFPD's budget fund.
[2016/2/5 - 20:05:29] Vehicle Slot ID 183 RTB fee cost $0 to SFPD's budget fund.
[2016/2/5 - 20:05:29] Vehicle Slot ID 186 RTB fee cost $0 to SFPD's budget fund.
[2016/2/5 - 20:05:29] Vehicle Slot ID 186 RTB fee cost $0 to SFPD's budget fund.
[2016/2/5 - 20:05:29] Vehicle Slot ID 190 RTB fee cost $0 to SFPD's budget fund.
[2016/2/5 - 20:05:29] Vehicle Slot ID 190 RTB fee cost $0 to SFPD's budget fund.
[2016/2/5 - 20:05:30] Vehicle Slot ID 187 RTB fee cost $0 to SFPD's budget fund.
[2016/2/5 - 20:05:30] Vehicle Slot ID 187 RTB fee cost $0 to SFPD's budget fund.
[2016/2/5 - 20:05:30] Vehicle Slot ID 189 RTB fee cost $0 to SFPD's budget fund.
[2016/2/5 - 20:05:30] Vehicle Slot ID 189 RTB fee cost $0 to SFPD's budget fund.
[2016/2/5 - 20:05:30] Vehicle Slot ID 191 RTB fee cost $0 to SFPD's budget fund.
[2016/2/5 - 20:05:30] Vehicle Slot ID 191 RTB fee cost $0 to SFPD's budget fund.
[2016/2/5 - 20:06:13] Smith Robeo took a vest out of the SFPD locker at a cost of 1 HG Material.
[2016/2/5 - 20:24:28] NguyenLan Anh took a vest out of the SFPD locker at a cost of 1 HG Material.
[2016/2/5 - 20:27:05] Alaxca DaiCa took a Shotgun out of the SFPD locker at a cost of 0 HG Materials.
[2016/2/5 - 20:27:07] Alaxca DaiCa took a vest out of the SFPD locker at a cost of 1 HG Material.
[2016/2/5 - 20:33:42] Alaxca DaiCa took a Nite Stick out of the SFPD locker at a cost of 0 HG Materials.
[2016/2/5 - 20:33:43] Alaxca DaiCa took a vest out of the SFPD locker at a cost of 1 HG Material.
[2016/2/5 - 20:33:45] Smith Robeo took a vest out of the SFPD locker at a cost of 1 HG Material.
[2016/2/5 - 20:33:49] Alaxca DaiCa took a Shotgun out of the SFPD locker at a cost of 0 HG Materials.
[2016/2/5 - 20:33:50] Smith Robeo took a Desert Eagle out of the SFPD locker at a cost of 0 HG Materials.
[2016/2/5 - 20:33:51] Alaxca DaiCa took a MP5 out of the SFPD locker at a cost of 0 HG Materials.
[2016/2/5 - 20:33:54] Smith Robeo took a M4 out of the SFPD locker at a cost of 0 HG Materials.
[2016/2/5 - 20:35:10] NguyenLan Anh took a vest out of the SFPD locker at a cost of 1 HG Material.
[2016/2/5 - 20:37:54] Thuong Tran took a vest out of the SFPD locker at a cost of 1 HG Material.
[2016/2/5 - 20:37:58] Thuong Tran took a Nite Stick out of the SFPD locker at a cost of 0 HG Materials.
[2016/2/5 - 20:38:01] Thuong Tran took a Desert Eagle out of the SFPD locker at a cost of 0 HG Materials.
[2016/2/5 - 20:38:03] Thuong Tran took a M4 out of the SFPD locker at a cost of 0 HG Materials.
[2016/2/5 - 20:38:05] Thuong Tran took a Shotgun out of the SFPD locker at a cost of 0 HG Materials.
[2016/2/5 - 20:38:59] Thuong Tran took a vest for their car out of the SFPD locker at a cost of 1 HG Material.
[2016/2/5 - 20:39:33] Phuong Thao took a MP5 out of the SFPD locker at a cost of 0 HG Materials.
[2016/2/5 - 20:39:36] Phuong Thao took a Desert Eagle out of the SFPD locker at a cost of 0 HG Materials.
[2016/2/5 - 20:39:40] Phuong Thao took a M4 out of the SFPD locker at a cost of 0 HG Materials.
[2016/2/5 - 20:39:43] Phuong Thao took a Combat Shotgun out of the SFPD locker at a cost of 0 HG Materials.
[2016/2/5 - 20:39:44] Phuong Thao took a vest out of the SFPD locker at a cost of 1 HG Material.
[2016/2/5 - 20:39:45] Phuong Thao took a vest for their car out of the SFPD locker at a cost of 1 HG Material.
[2016/2/5 - 20:41:49] Smith Robeo took a vest out of the SFPD locker at a cost of 1 HG Material.
[2016/2/5 - 20:41:54] Smith Robeo took a M4 out of the SFPD locker at a cost of 0 HG Materials.
[2016/2/5 - 20:41:59] Smith Robeo took a Desert Eagle out of the SFPD locker at a cost of 0 HG Materials.
[2016/2/5 - 20:44:16] Thuong Tran took a vest out of the SFPD locker at a cost of 1 HG Material.
[2016/2/5 - 20:46:44] Dongnhi Heo took a vest out of the SFPD locker at a cost of 1 HG Material.
[2016/2/5 - 20:46:46] MaFia Tan da tra ve phat Smith Robeo's voi so tien $2000 va $666 da duoc gui den SFPD's quy ngan sach.
[2016/2/5 - 20:46:48] Dongnhi Heo took a Nite Stick out of the SFPD locker at a cost of 0 HG Materials.
[2016/2/5 - 20:46:53] Dongnhi Heo took a Desert Eagle out of the SFPD locker at a cost of 0 HG Materials.
[2016/2/5 - 20:46:55] Dongnhi Heo took a Desert Eagle out of the SFPD locker at a cost of 0 HG Materials.
[2016/2/5 - 20:47:02] Dongnhi Heo took a M4 out of the SFPD locker at a cost of 0 HG Materials.
[2016/2/5 - 20:47:04] Dongnhi Heo took a Combat Shotgun out of the SFPD locker at a cost of 0 HG Materials.
[2016/2/5 - 20:47:06] Dongnhi Heo took a Sniper Rifle out of the SFPD locker at a cost of 0 HG Materials.
[2016/2/5 - 20:47:11] Dongnhi Heo took a MP5 out of the SFPD locker at a cost of 0 HG Materials.
[2016/2/5 - 20:47:14] Dongnhi Heo took a Spray Can out of the SFPD locker at a cost of 0 HG Materials.
[2016/2/5 - 20:47:16] Dongnhi Heo took a Parachute out of the SFPD locker at a cost of 0 HG Materials.
[2016/2/5 - 20:48:25] NguyenLan Anh took a vest out of the SFPD locker at a cost of 1 HG Material.
[2016/2/5 - 20:48:27] NguyenLan Anh took a Nite Stick out of the SFPD locker at a cost of 0 HG Materials.
[2016/2/5 - 20:48:29] NguyenLan Anh took a Desert Eagle out of the SFPD locker at a cost of 0 HG Materials.
[2016/2/5 - 20:48:32] NguyenLan Anh took a M4 out of the SFPD locker at a cost of 0 HG Materials.
[2016/2/5 - 20:48:35] NguyenLan Anh took a Combat Shotgun out of the SFPD locker at a cost of 0 HG Materials.
[2016/2/5 - 20:48:40] NguyenLan Anh took a Sniper Rifle out of the SFPD locker at a cost of 0 HG Materials.
[2016/2/5 - 20:48:45] NguyenLan Anh took a vest for their car out of the SFPD locker at a cost of 1 HG Material.
[2016/2/5 - 20:48:46] MaFia Tan has been arrested by Smith Robeo and fined $1. $0 has been sent to SFPD's budget fund.
[2016/2/5 - 20:49:38] NguyenLan Anh took a vest out of the SFPD locker at a cost of 1 HG Material.
[2016/2/5 - 20:50:39] Alaxca DaiCa took a vest out of the SFPD locker at a cost of 1 HG Material.
[2016/2/5 - 20:50:42] Smith Robeo took a vest out of the SFPD locker at a cost of 1 HG Material.
[2016/2/5 - 20:51:50] Thuong Tran took a vest out of the SFPD locker at a cost of 1 HG Material.
[2016/2/5 - 20:52:00] Phuong Thao took a vest out of the SFPD locker at a cost of 1 HG Material.
[2016/2/5 - 20:55:35] Venus Angel took a vest out of the SFPD locker at a cost of 1 HG Material.
[2016/2/5 - 20:55:38] Venus Angel took a Nite Stick out of the SFPD locker at a cost of 0 HG Materials.
[2016/2/5 - 20:55:42] Venus Angel took a Spray Can out of the SFPD locker at a cost of 0 HG Materials.
[2016/2/5 - 20:55:43] Venus Angel took a Teargas out of the SFPD locker at a cost of 0 HG Materials.
[2016/2/5 - 20:55:47] Venus Angel took a MP5 out of the SFPD locker at a cost of 0 HG Materials.
[2016/2/5 - 20:55:49] Venus Angel took a Desert Eagle out of the SFPD locker at a cost of 0 HG Materials.
[2016/2/5 - 20:55:55] Venus Angel took a Combat Shotgun out of the SFPD locker at a cost of 0 HG Materials.
[2016/2/5 - 20:55:58] Venus Angel took a M4 out of the SFPD locker at a cost of 0 HG Materials.
[2016/2/5 - 20:56:02] Venus Angel took a Sniper Rifle out of the SFPD locker at a cost of 0 HG Materials.
[2016/2/5 - 20:56:04] Venus Angel took a vest out of the SFPD locker at a cost of 1 HG Material.
[2016/2/5 - 20:56:06] Venus Angel took a vest for their car out of the SFPD locker at a cost of 1 HG Material.
[2016/2/5 - 21:00:46] Alaxca DaiCa took a vest out of the SFPD locker at a cost of 1 HG Material.
[2016/2/5 - 21:00:48] The faction vault is at $61,740
[2016/2/5 - 21:00:48] Vehicle ID 633 (Slot ID 166) Maintainence fee cost $0 to SFPD's budget fund.
[2016/2/5 - 21:00:48] Vehicle ID 616 (Slot ID 169) Maintainence fee cost $0 to SFPD's budget fund.
[2016/2/5 - 21:00:48] Vehicle ID 622 (Slot ID 170) Maintainence fee cost $0 to SFPD's budget fund.
[2016/2/5 - 21:00:48] Vehicle ID 624 (Slot ID 171) Maintainence fee cost $0 to SFPD's budget fund.
[2016/2/5 - 21:00:48] Vehicle ID 625 (Slot ID 172) Maintainence fee cost $0 to SFPD's budget fund.
[2016/2/5 - 21:00:48] Vehicle ID 620 (Slot ID 173) Maintainence fee cost $0 to SFPD's budget fund.
[2016/2/5 - 21:00:48] Vehicle ID 630 (Slot ID 174) Maintainence fee cost $0 to SFPD's budget fund.
[2016/2/5 - 21:00:48] Vehicle ID 639 (Slot ID 175) Maintainence fee cost $0 to SFPD's budget fund.
[2016/2/5 - 21:00:49] Vehicle ID 641 (Slot ID 176) Maintainence fee cost $0 to SFPD's budget fund.
[2016/2/5 - 21:00:49] Vehicle ID 631 (Slot ID 177) Maintainence fee cost $0 to SFPD's budget fund.
[2016/2/5 - 21:00:49] Vehicle ID 610 (Slot ID 179) Maintainence fee cost $0 to SFPD's budget fund.
[2016/2/5 - 21:00:49] Vehicle ID 635 (Slot ID 180) Maintainence fee cost $0 to SFPD's budget fund.
[2016/2/5 - 21:00:49] Vehicle ID 636 (Slot ID 181) Maintainence fee cost $0 to SFPD's budget fund.
[2016/2/5 - 21:00:49] Vehicle ID 643 (Slot ID 182) Maintainence fee cost $0 to SFPD's budget fund.
[2016/2/5 - 21:00:49] Vehicle ID 646 (Slot ID 183) Maintainence fee cost $0 to SFPD's budget fund.
[2016/2/5 - 21:00:49] Vehicle ID 629 (Slot ID 184) Maintainence fee cost $0 to SFPD's budget fund.
[2016/2/5 - 21:00:49] Vehicle ID 644 (Slot ID 185) Maintainence fee cost $0 to SFPD's budget fund.
[2016/2/5 - 21:00:49] Vehicle ID 647 (Slot ID 186) Maintainence fee cost $0 to SFPD's budget fund.
[2016/2/5 - 21:00:49] Vehicle ID 649 (Slot ID 187) Maintainence fee cost $0 to SFPD's budget fund.
[2016/2/5 - 21:00:49] Vehicle ID 645 (Slot ID 188) Maintainence fee cost $0 to SFPD's budget fund.
[2016/2/5 - 21:00:49] Vehicle ID 650 (Slot ID 189) Maintainence fee cost $0 to SFPD's budget fund.
[2016/2/5 - 21:00:49] Vehicle ID 648 (Slot ID 190) Maintainence fee cost $0 to SFPD's budget fund.
[2016/2/5 - 21:00:49] Vehicle ID 651 (Slot ID 191) Maintainence fee cost $0 to SFPD's budget fund.
[2016/2/5 - 21:00:49] Vehicle ID 608 (Slot ID 192) Maintainence fee cost $0 to SFPD's budget fund.
[2016/2/5 - 21:00:52] Phuong Thao took a vest out of the SFPD locker at a cost of 1 HG Material.
[2016/2/5 - 21:00:53] Alaxca DaiCa took a Shotgun out of the SFPD locker at a cost of 0 HG Materials.
[2016/2/5 - 21:00:55] Alaxca DaiCa took a MP5 out of the SFPD locker at a cost of 0 HG Materials.
[2016/2/5 - 21:00:58] Alaxca DaiCa took a Desert Eagle out of the SFPD locker at a cost of 0 HG Materials.
[2016/2/5 - 21:01:01] Alaxca DaiCa took a Nite Stick out of the SFPD locker at a cost of 0 HG Materials.
[2016/2/5 - 21:01:04] Alaxca DaiCa took a Spray Can out of the SFPD locker at a cost of 0 HG Materials.
[2016/2/5 - 21:01:06] Thuong Tran took a vest out of the SFPD locker at a cost of 1 HG Material.
[2016/2/5 - 21:01:22] Dongnhi Heo took a vest out of the SFPD locker at a cost of 1 HG Material.
[2016/2/5 - 21:01:24] Dongnhi Heo took a Nite Stick out of the SFPD locker at a cost of 0 HG Materials.
[2016/2/5 - 21:01:25] Dongnhi Heo took a Spray Can out of the SFPD locker at a cost of 0 HG Materials.
[2016/2/5 - 21:01:26] Dongnhi Heo took a Parachute out of the SFPD locker at a cost of 0 HG Materials.
[2016/2/5 - 21:01:27] Smith Robeo took a vest out of the SFPD locker at a cost of 1 HG Material.
[2016/2/5 - 21:01:28] Dongnhi Heo took a Shotgun out of the SFPD locker at a cost of 0 HG Materials.
[2016/2/5 - 21:01:31] Dongnhi Heo took a MP5 out of the SFPD locker at a cost of 0 HG Materials.
[2016/2/5 - 21:01:32] Smith Robeo took a M4 out of the SFPD locker at a cost of 0 HG Materials.
[2016/2/5 - 21:01:33] Dongnhi Heo took a Desert Eagle out of the SFPD locker at a cost of 0 HG Materials.
[2016/2/5 - 21:01:35] Dongnhi Heo took a M4 out of the SFPD locker at a cost of 0 HG Materials.
[2016/2/5 - 21:01:35] Smith Robeo took a Desert Eagle out of the SFPD locker at a cost of 0 HG Materials.
[2016/2/5 - 21:01:37] Dongnhi Heo took a Combat Shotgun out of the SFPD locker at a cost of 0 HG Materials.
[2016/2/5 - 21:01:40] Dongnhi Heo took a Sniper Rifle out of the SFPD locker at a cost of 0 HG Materials.
[2016/2/5 - 21:01:52] NguyenLan Anh took a vest out of the SFPD locker at a cost of 1 HG Material.
[2016/2/5 - 21:01:56] NguyenLan Anh took a Desert Eagle out of the SFPD locker at a cost of 0 HG Materials.
[2016/2/5 - 21:01:59] NguyenLan Anh took a Combat Shotgun out of the SFPD locker at a cost of 0 HG Materials.
[2016/2/5 - 21:02:02] NguyenLan Anh took a M4 out of the SFPD locker at a cost of 0 HG Materials.
[2016/2/5 - 21:02:05] NguyenLan Anh took a Sniper Rifle out of the SFPD locker at a cost of 0 HG Materials.
[2016/2/5 - 21:02:07] NguyenLan Anh took a vest for their car out of the SFPD locker at a cost of 1 HG Material.
[2016/2/5 - 21:18:11] Vehicle Slot ID 184 RTB fee cost $0 to SFPD's budget fund.
[2016/2/5 - 21:18:11] Vehicle Slot ID 184 RTB fee cost $0 to SFPD's budget fund.
[2016/2/5 - 21:18:11] Vehicle Slot ID 181 RTB fee cost $0 to SFPD's budget fund.
[2016/2/5 - 21:18:11] Vehicle Slot ID 182 RTB fee cost $0 to SFPD's budget fund.
[2016/2/5 - 21:18:11] Vehicle Slot ID 185 RTB fee cost $0 to SFPD's budget fund.
[2016/2/5 - 21:18:11] Vehicle Slot ID 188 RTB fee cost $0 to SFPD's budget fund.
[2016/2/5 - 21:18:11] Vehicle Slot ID 183 RTB fee cost $0 to SFPD's budget fund.
[2016/2/5 - 21:18:11] Vehicle Slot ID 186 RTB fee cost $0 to SFPD's budget fund.
[2016/2/5 - 21:18:11] Vehicle Slot ID 187 RTB fee cost $0 to SFPD's budget fund.
[2016/2/5 - 21:18:11] Vehicle Slot ID 189 RTB fee cost $0 to SFPD's budget fund.
[2016/2/5 - 21:19:13] Venus Angel took a vest out of the SFPD locker at a cost of 1 HG Material.
[2016/2/5 - 21:19:28] NguyenLan Anh took a vest out of the SFPD locker at a cost of 1 HG Material.
[2016/2/5 - 21:19:31] NguyenLan Anh took a Nite Stick out of the SFPD locker at a cost of 0 HG Materials.
[2016/2/5 - 21:19:34] NguyenLan Anh took a M4 out of the SFPD locker at a cost of 0 HG Materials.
[2016/2/5 - 21:19:36] NguyenLan Anh took a Desert Eagle out of the SFPD locker at a cost of 0 HG Materials.
[2016/2/5 - 21:19:39] NguyenLan Anh took a Sniper Rifle out of the SFPD locker at a cost of 0 HG Materials.
[2016/2/5 - 21:19:42] NguyenLan Anh took a Combat Shotgun out of the SFPD locker at a cost of 0 HG Materials.
[2016/2/5 - 21:19:43] NguyenLan Anh took a vest for their car out of the SFPD locker at a cost of 1 HG Material.
[2016/2/5 - 21:21:39] Bin Hardy has been arrested by Thuong Tran and fined $26. $8 has been sent to SFPD's budget fund.
[2016/2/5 - 21:27:12] Vuong Hardy da tra ve phat Smith Robeo's voi so tien $2000 va $666 da duoc gui den SFPD's quy ngan sach.
[2016/2/5 - 21:28:01] Vuong Hardy has been arrested by Smith Robeo and fined $1. $0 has been sent to SFPD's budget fund.
[2016/2/5 - 21:29:00] Thuong Tran took a vest out of the SFPD locker at a cost of 1 HG Material.
[2016/2/5 - 21:30:18] Phuong Thao took a vest out of the SFPD locker at a cost of 1 HG Material.
[2016/2/5 - 21:32:51] Alaxca DaiCa took a vest for their car out of the SFPD locker at a cost of 1 HG Material.
[2016/2/5 - 21:32:54] Alaxca DaiCa took a vest out of the SFPD locker at a cost of 1 HG Material.
[2016/2/5 - 21:37:29] NguyenLan Anh took a vest out of the SFPD locker at a cost of 1 HG Material.
[2016/2/5 - 21:37:32] NguyenLan Anh took a Desert Eagle out of the SFPD locker at a cost of 0 HG Materials.
[2016/2/5 - 21:37:33] NguyenLan Anh took a Nite Stick out of the SFPD locker at a cost of 0 HG Materials.
[2016/2/5 - 21:37:39] NguyenLan Anh took a M4 out of the SFPD locker at a cost of 0 HG Materials.
[2016/2/5 - 21:37:41] NguyenLan Anh took a Combat Shotgun out of the SFPD locker at a cost of 0 HG Materials.
[2016/2/5 - 21:37:43] NguyenLan Anh took a Sniper Rifle out of the SFPD locker at a cost of 0 HG Materials.
[2016/2/5 - 22:00:30] The faction vault is at $62,414
[2016/2/5 - 22:00:31] Vehicle ID 633 (Slot ID 166) Maintainence fee cost $0 to SFPD's budget fund.
[2016/2/5 - 22:00:31] Vehicle ID 616 (Slot ID 169) Maintainence fee cost $0 to SFPD's budget fund.
[2016/2/5 - 22:00:31] Vehicle ID 622 (Slot ID 170) Maintainence fee cost $0 to SFPD's budget fund.
[2016/2/5 - 22:00:31] Vehicle ID 624 (Slot ID 171) Maintainence fee cost $0 to SFPD's budget fund.
[2016/2/5 - 22:00:31] Vehicle ID 625 (Slot ID 172) Maintainence fee cost $0 to SFPD's budget fund.
[2016/2/5 - 22:00:31] Vehicle ID 620 (Slot ID 173) Maintainence fee cost $0 to SFPD's budget fund.
[2016/2/5 - 22:00:31] Vehicle ID 630 (Slot ID 174) Maintainence fee cost $0 to SFPD's budget fund.
[2016/2/5 - 22:00:31] Vehicle ID 639 (Slot ID 175) Maintainence fee cost $0 to SFPD's budget fund.
[2016/2/5 - 22:00:31] Vehicle ID 641 (Slot ID 176) Maintainence fee cost $0 to SFPD's budget fund.
[2016/2/5 - 22:00:31] Vehicle ID 631 (Slot ID 177) Maintainence fee cost $0 to SFPD's budget fund.
[2016/2/5 - 22:00:31] Vehicle ID 610 (Slot ID 179) Maintainence fee cost $0 to SFPD's budget fund.
[2016/2/5 - 22:00:31] Vehicle ID 635 (Slot ID 180) Maintainence fee cost $0 to SFPD's budget fund.
[2016/2/5 - 22:00:31] Vehicle ID 634 (Slot ID 181) Maintainence fee cost $0 to SFPD's budget fund.
[2016/2/5 - 22:00:31] Vehicle ID 636 (Slot ID 182) Maintainence fee cost $0 to SFPD's budget fund.
[2016/2/5 - 22:00:31] Vehicle ID 645 (Slot ID 183) Maintainence fee cost $0 to SFPD's budget fund.
[2016/2/5 - 22:00:31] Vehicle ID 629 (Slot ID 184) Maintainence fee cost $0 to SFPD's budget fund.
[2016/2/5 - 22:00:31] Vehicle ID 643 (Slot ID 185) Maintainence fee cost $0 to SFPD's budget fund.
[2016/2/5 - 22:00:31] Vehicle ID 646 (Slot ID 186) Maintainence fee cost $0 to SFPD's budget fund.
[2016/2/5 - 22:00:31] Vehicle ID 647 (Slot ID 187) Maintainence fee cost $0 to SFPD's budget fund.
[2016/2/5 - 22:00:31] Vehicle ID 644 (Slot ID 188) Maintainence fee cost $0 to SFPD's budget fund.
[2016/2/5 - 22:00:31] Vehicle ID 649 (Slot ID 189) Maintainence fee cost $0 to SFPD's budget fund.
[2016/2/5 - 22:00:31] Vehicle ID 648 (Slot ID 190) Maintainence fee cost $0 to SFPD's budget fund.
[2016/2/5 - 22:00:31] Vehicle ID 651 (Slot ID 191) Maintainence fee cost $0 to SFPD's budget fund.
[2016/2/5 - 22:00:31] Vehicle ID 608 (Slot ID 192) Maintainence fee cost $0 to SFPD's budget fund.
[2016/2/5 - 22:22:53] Vehicle Slot ID 191 RTB fee cost $0 to SFPD's budget fund.
[2016/2/5 - 22:49:28] Vehicle Slot ID 172 RTB fee cost $0 to SFPD's budget fund.
[2016/2/5 - 22:49:34] Vehicle Slot ID 171 RTB fee cost $0 to SFPD's budget fund.
[2016/2/5 - 22:50:08] Vehicle Slot ID 180 RTB fee cost $0 to SFPD's budget fund.
[2016/2/5 - 23:00:08] The faction vault is at $62,414
[2016/2/5 - 23:00:09] Vehicle ID 633 (Slot ID 166) Maintainence fee cost $0 to SFPD's budget fund.
[2016/2/5 - 23:00:09] Vehicle ID 616 (Slot ID 169) Maintainence fee cost $0 to SFPD's budget fund.
[2016/2/5 - 23:00:09] Vehicle ID 622 (Slot ID 170) Maintainence fee cost $0 to SFPD's budget fund.
[2016/2/5 - 23:00:09] Vehicle ID 624 (Slot ID 171) Maintainence fee cost $0 to SFPD's budget fund.
[2016/2/5 - 23:00:09] Vehicle ID 625 (Slot ID 172) Maintainence fee cost $0 to SFPD's budget fund.
[2016/2/5 - 23:00:09] Vehicle ID 620 (Slot ID 173) Maintainence fee cost $0 to SFPD's budget fund.
[2016/2/5 - 23:00:09] Vehicle ID 630 (Slot ID 174) Maintainence fee cost $0 to SFPD's budget fund.
[2016/2/5 - 23:00:09] Vehicle ID 639 (Slot ID 175) Maintainence fee cost $0 to SFPD's budget fund.
[2016/2/5 - 23:00:09] Vehicle ID 641 (Slot ID 176) Maintainence fee cost $0 to SFPD's budget fund.
[2016/2/5 - 23:00:09] Vehicle ID 631 (Slot ID 177) Maintainence fee cost $0 to SFPD's budget fund.
[2016/2/5 - 23:00:09] Vehicle ID 610 (Slot ID 179) Maintainence fee cost $0 to SFPD's budget fund.
[2016/2/5 - 23:00:09] Vehicle ID 635 (Slot ID 180) Maintainence fee cost $0 to SFPD's budget fund.
[2016/2/5 - 23:00:09] Vehicle ID 634 (Slot ID 181) Maintainence fee cost $0 to SFPD's budget fund.
[2016/2/5 - 23:00:09] Vehicle ID 636 (Slot ID 182) Maintainence fee cost $0 to SFPD's budget fund.
[2016/2/5 - 23:00:09] Vehicle ID 645 (Slot ID 183) Maintainence fee cost $0 to SFPD's budget fund.
[2016/2/5 - 23:00:09] Vehicle ID 629 (Slot ID 184) Maintainence fee cost $0 to SFPD's budget fund.
[2016/2/5 - 23:00:09] Vehicle ID 643 (Slot ID 185) Maintainence fee cost $0 to SFPD's budget fund.
[2016/2/5 - 23:00:09] Vehicle ID 646 (Slot ID 186) Maintainence fee cost $0 to SFPD's budget fund.
[2016/2/5 - 23:00:09] Vehicle ID 647 (Slot ID 187) Maintainence fee cost $0 to SFPD's budget fund.
[2016/2/5 - 23:00:09] Vehicle ID 644 (Slot ID 188) Maintainence fee cost $0 to SFPD's budget fund.
[2016/2/5 - 23:00:09] Vehicle ID 649 (Slot ID 189) Maintainence fee cost $0 to SFPD's budget fund.
[2016/2/5 - 23:00:09] Vehicle ID 648 (Slot ID 190) Maintainence fee cost $0 to SFPD's budget fund.
[2016/2/5 - 23:00:09] Vehicle ID 651 (Slot ID 191) Maintainence fee cost $0 to SFPD's budget fund.
[2016/2/5 - 23:00:09] Vehicle ID 608 (Slot ID 192) Maintainence fee cost $0 to SFPD's budget fund.
