[2016/2/8 - 0:00:37] The faction vault is at $96,760
[2016/2/8 - 0:00:37] Vehicle ID 619 (Slot ID 166) Maintainence fee cost $0 to SFPD's budget fund.
[2016/2/8 - 0:00:37] Vehicle ID 622 (Slot ID 169) Maintainence fee cost $0 to SFPD's budget fund.
[2016/2/8 - 0:00:37] Vehicle ID 623 (Slot ID 170) Maintainence fee cost $0 to SFPD's budget fund.
[2016/2/8 - 0:00:37] Vehicle ID 624 (Slot ID 171) Maintainence fee cost $0 to SFPD's budget fund.
[2016/2/8 - 0:00:37] Vehicle ID 625 (Slot ID 172) Maintainence fee cost $0 to SFPD's budget fund.
[2016/2/8 - 0:00:37] Vehicle ID 626 (Slot ID 173) Maintainence fee cost $0 to SFPD's budget fund.
[2016/2/8 - 0:00:37] Vehicle ID 627 (Slot ID 174) Maintainence fee cost $0 to SFPD's budget fund.
[2016/2/8 - 0:00:37] Vehicle ID 628 (Slot ID 175) Maintainence fee cost $0 to SFPD's budget fund.
[2016/2/8 - 0:00:37] Vehicle ID 629 (Slot ID 176) Maintainence fee cost $0 to SFPD's budget fund.
[2016/2/8 - 0:00:37] Vehicle ID 630 (Slot ID 177) Maintainence fee cost $0 to SFPD's budget fund.
[2016/2/8 - 0:00:37] Vehicle ID 632 (Slot ID 179) Maintainence fee cost $0 to SFPD's budget fund.
[2016/2/8 - 0:00:37] Vehicle ID 633 (Slot ID 180) Maintainence fee cost $0 to SFPD's budget fund.
[2016/2/8 - 0:00:37] Vehicle ID 634 (Slot ID 181) Maintainence fee cost $0 to SFPD's budget fund.
[2016/2/8 - 0:00:37] Vehicle ID 635 (Slot ID 182) Maintainence fee cost $0 to SFPD's budget fund.
[2016/2/8 - 0:00:37] Vehicle ID 636 (Slot ID 183) Maintainence fee cost $0 to SFPD's budget fund.
[2016/2/8 - 0:00:37] Vehicle ID 637 (Slot ID 184) Maintainence fee cost $0 to SFPD's budget fund.
[2016/2/8 - 0:00:37] Vehicle ID 638 (Slot ID 185) Maintainence fee cost $0 to SFPD's budget fund.
[2016/2/8 - 0:00:37] Vehicle ID 639 (Slot ID 186) Maintainence fee cost $0 to SFPD's budget fund.
[2016/2/8 - 0:00:37] Vehicle ID 640 (Slot ID 187) Maintainence fee cost $0 to SFPD's budget fund.
[2016/2/8 - 0:00:37] Vehicle ID 641 (Slot ID 188) Maintainence fee cost $0 to SFPD's budget fund.
[2016/2/8 - 0:00:37] Vehicle ID 642 (Slot ID 189) Maintainence fee cost $0 to SFPD's budget fund.
[2016/2/8 - 0:00:37] Vehicle ID 643 (Slot ID 190) Maintainence fee cost $0 to SFPD's budget fund.
[2016/2/8 - 0:00:37] Vehicle ID 644 (Slot ID 191) Maintainence fee cost $0 to SFPD's budget fund.
[2016/2/8 - 0:00:37] Vehicle ID 645 (Slot ID 192) Maintainence fee cost $0 to SFPD's budget fund.
[2016/2/8 - 0:52:48] Smith Robeo took a vest out of the SFPD locker at a cost of 1 HG Material.
[2016/2/8 - 1:00:11] The faction vault is at $96,760
[2016/2/8 - 1:00:11] Vehicle ID 619 (Slot ID 166) Maintainence fee cost $0 to SFPD's budget fund.
[2016/2/8 - 1:00:11] Vehicle ID 622 (Slot ID 169) Maintainence fee cost $0 to SFPD's budget fund.
[2016/2/8 - 1:00:11] Vehicle ID 623 (Slot ID 170) Maintainence fee cost $0 to SFPD's budget fund.
[2016/2/8 - 1:00:11] Vehicle ID 624 (Slot ID 171) Maintainence fee cost $0 to SFPD's budget fund.
[2016/2/8 - 1:00:11] Vehicle ID 625 (Slot ID 172) Maintainence fee cost $0 to SFPD's budget fund.
[2016/2/8 - 1:00:11] Vehicle ID 626 (Slot ID 173) Maintainence fee cost $0 to SFPD's budget fund.
[2016/2/8 - 1:00:11] Vehicle ID 627 (Slot ID 174) Maintainence fee cost $0 to SFPD's budget fund.
[2016/2/8 - 1:00:11] Vehicle ID 628 (Slot ID 175) Maintainence fee cost $0 to SFPD's budget fund.
[2016/2/8 - 1:00:11] Vehicle ID 629 (Slot ID 176) Maintainence fee cost $0 to SFPD's budget fund.
[2016/2/8 - 1:00:11] Vehicle ID 630 (Slot ID 177) Maintainence fee cost $0 to SFPD's budget fund.
[2016/2/8 - 1:00:11] Vehicle ID 632 (Slot ID 179) Maintainence fee cost $0 to SFPD's budget fund.
[2016/2/8 - 1:00:11] Vehicle ID 633 (Slot ID 180) Maintainence fee cost $0 to SFPD's budget fund.
[2016/2/8 - 1:00:11] Vehicle ID 634 (Slot ID 181) Maintainence fee cost $0 to SFPD's budget fund.
[2016/2/8 - 1:00:11] Vehicle ID 635 (Slot ID 182) Maintainence fee cost $0 to SFPD's budget fund.
[2016/2/8 - 1:00:11] Vehicle ID 636 (Slot ID 183) Maintainence fee cost $0 to SFPD's budget fund.
[2016/2/8 - 1:00:11] Vehicle ID 637 (Slot ID 184) Maintainence fee cost $0 to SFPD's budget fund.
[2016/2/8 - 1:00:11] Vehicle ID 638 (Slot ID 185) Maintainence fee cost $0 to SFPD's budget fund.
[2016/2/8 - 1:00:11] Vehicle ID 639 (Slot ID 186) Maintainence fee cost $0 to SFPD's budget fund.
[2016/2/8 - 1:00:11] Vehicle ID 640 (Slot ID 187) Maintainence fee cost $0 to SFPD's budget fund.
[2016/2/8 - 1:00:11] Vehicle ID 641 (Slot ID 188) Maintainence fee cost $0 to SFPD's budget fund.
[2016/2/8 - 1:00:11] Vehicle ID 642 (Slot ID 189) Maintainence fee cost $0 to SFPD's budget fund.
[2016/2/8 - 1:00:11] Vehicle ID 643 (Slot ID 190) Maintainence fee cost $0 to SFPD's budget fund.
[2016/2/8 - 1:00:11] Vehicle ID 644 (Slot ID 191) Maintainence fee cost $0 to SFPD's budget fund.
[2016/2/8 - 1:00:11] Vehicle ID 645 (Slot ID 192) Maintainence fee cost $0 to SFPD's budget fund.
[2016/2/8 - 2:00:12] The faction vault is at $96,760
[2016/2/8 - 2:00:12] Vehicle ID 619 (Slot ID 166) Maintainence fee cost $0 to SFPD's budget fund.
[2016/2/8 - 2:00:12] Vehicle ID 622 (Slot ID 169) Maintainence fee cost $0 to SFPD's budget fund.
[2016/2/8 - 2:00:12] Vehicle ID 623 (Slot ID 170) Maintainence fee cost $0 to SFPD's budget fund.
[2016/2/8 - 2:00:12] Vehicle ID 624 (Slot ID 171) Maintainence fee cost $0 to SFPD's budget fund.
[2016/2/8 - 2:00:12] Vehicle ID 625 (Slot ID 172) Maintainence fee cost $0 to SFPD's budget fund.
[2016/2/8 - 2:00:12] Vehicle ID 626 (Slot ID 173) Maintainence fee cost $0 to SFPD's budget fund.
[2016/2/8 - 2:00:12] Vehicle ID 627 (Slot ID 174) Maintainence fee cost $0 to SFPD's budget fund.
[2016/2/8 - 2:00:12] Vehicle ID 628 (Slot ID 175) Maintainence fee cost $0 to SFPD's budget fund.
[2016/2/8 - 2:00:12] Vehicle ID 629 (Slot ID 176) Maintainence fee cost $0 to SFPD's budget fund.
[2016/2/8 - 2:00:12] Vehicle ID 630 (Slot ID 177) Maintainence fee cost $0 to SFPD's budget fund.
[2016/2/8 - 2:00:12] Vehicle ID 632 (Slot ID 179) Maintainence fee cost $0 to SFPD's budget fund.
[2016/2/8 - 2:00:12] Vehicle ID 633 (Slot ID 180) Maintainence fee cost $0 to SFPD's budget fund.
[2016/2/8 - 2:00:12] Vehicle ID 634 (Slot ID 181) Maintainence fee cost $0 to SFPD's budget fund.
[2016/2/8 - 2:00:12] Vehicle ID 635 (Slot ID 182) Maintainence fee cost $0 to SFPD's budget fund.
[2016/2/8 - 2:00:12] Vehicle ID 636 (Slot ID 183) Maintainence fee cost $0 to SFPD's budget fund.
[2016/2/8 - 2:00:12] Vehicle ID 637 (Slot ID 184) Maintainence fee cost $0 to SFPD's budget fund.
[2016/2/8 - 2:00:12] Vehicle ID 638 (Slot ID 185) Maintainence fee cost $0 to SFPD's budget fund.
[2016/2/8 - 2:00:12] Vehicle ID 639 (Slot ID 186) Maintainence fee cost $0 to SFPD's budget fund.
[2016/2/8 - 2:00:12] Vehicle ID 640 (Slot ID 187) Maintainence fee cost $0 to SFPD's budget fund.
[2016/2/8 - 2:00:12] Vehicle ID 641 (Slot ID 188) Maintainence fee cost $0 to SFPD's budget fund.
[2016/2/8 - 2:00:12] Vehicle ID 642 (Slot ID 189) Maintainence fee cost $0 to SFPD's budget fund.
[2016/2/8 - 2:00:12] Vehicle ID 643 (Slot ID 190) Maintainence fee cost $0 to SFPD's budget fund.
[2016/2/8 - 2:00:12] Vehicle ID 644 (Slot ID 191) Maintainence fee cost $0 to SFPD's budget fund.
[2016/2/8 - 2:00:12] Vehicle ID 645 (Slot ID 192) Maintainence fee cost $0 to SFPD's budget fund.
[2016/2/8 - 2:15:08] Vehicle Slot ID 191 RTB fee cost $0 to SFPD's budget fund.
[2016/2/8 - 2:18:49] Vehicle Slot ID 171 RTB fee cost $0 to SFPD's budget fund.
[2016/2/8 - 2:18:58] Vehicle Slot ID 172 RTB fee cost $0 to SFPD's budget fund.
[2016/2/8 - 2:32:35] Vehicle Slot ID 166 RTB fee cost $0 to SFPD's budget fund.
[2016/2/8 - 2:32:35] Vehicle Slot ID 166 RTB fee cost $0 to SFPD's budget fund.
[2016/2/8 - 2:32:35] Vehicle Slot ID 169 RTB fee cost $0 to SFPD's budget fund.
[2016/2/8 - 2:32:35] Vehicle Slot ID 169 RTB fee cost $0 to SFPD's budget fund.
[2016/2/8 - 2:32:35] Vehicle Slot ID 170 RTB fee cost $0 to SFPD's budget fund.
[2016/2/8 - 2:32:35] Vehicle Slot ID 170 RTB fee cost $0 to SFPD's budget fund.
[2016/2/8 - 2:32:35] Vehicle Slot ID 171 RTB fee cost $0 to SFPD's budget fund.
[2016/2/8 - 2:32:35] Vehicle Slot ID 171 RTB fee cost $0 to SFPD's budget fund.
[2016/2/8 - 2:32:35] Vehicle Slot ID 172 RTB fee cost $0 to SFPD's budget fund.
[2016/2/8 - 2:32:35] Vehicle Slot ID 172 RTB fee cost $0 to SFPD's budget fund.
[2016/2/8 - 2:32:35] Vehicle Slot ID 173 RTB fee cost $0 to SFPD's budget fund.
[2016/2/8 - 2:32:35] Vehicle Slot ID 173 RTB fee cost $0 to SFPD's budget fund.
[2016/2/8 - 2:32:35] Vehicle Slot ID 174 RTB fee cost $0 to SFPD's budget fund.
[2016/2/8 - 2:32:35] Vehicle Slot ID 174 RTB fee cost $0 to SFPD's budget fund.
[2016/2/8 - 2:32:35] Vehicle Slot ID 175 RTB fee cost $0 to SFPD's budget fund.
[2016/2/8 - 2:32:35] Vehicle Slot ID 175 RTB fee cost $0 to SFPD's budget fund.
[2016/2/8 - 2:32:35] Vehicle Slot ID 176 RTB fee cost $0 to SFPD's budget fund.
[2016/2/8 - 2:32:35] Vehicle Slot ID 176 RTB fee cost $0 to SFPD's budget fund.
[2016/2/8 - 2:32:35] Vehicle Slot ID 177 RTB fee cost $0 to SFPD's budget fund.
[2016/2/8 - 2:32:35] Vehicle Slot ID 177 RTB fee cost $0 to SFPD's budget fund.
[2016/2/8 - 2:32:35] Vehicle Slot ID 179 RTB fee cost $0 to SFPD's budget fund.
[2016/2/8 - 2:32:35] Vehicle Slot ID 179 RTB fee cost $0 to SFPD's budget fund.
[2016/2/8 - 2:32:35] Vehicle Slot ID 180 RTB fee cost $0 to SFPD's budget fund.
[2016/2/8 - 2:32:35] Vehicle Slot ID 180 RTB fee cost $0 to SFPD's budget fund.
[2016/2/8 - 2:32:35] Vehicle Slot ID 181 RTB fee cost $0 to SFPD's budget fund.
[2016/2/8 - 2:32:35] Vehicle Slot ID 181 RTB fee cost $0 to SFPD's budget fund.
[2016/2/8 - 2:32:35] Vehicle Slot ID 182 RTB fee cost $0 to SFPD's budget fund.
[2016/2/8 - 2:32:35] Vehicle Slot ID 182 RTB fee cost $0 to SFPD's budget fund.
[2016/2/8 - 2:32:35] Vehicle Slot ID 183 RTB fee cost $0 to SFPD's budget fund.
[2016/2/8 - 2:32:35] Vehicle Slot ID 183 RTB fee cost $0 to SFPD's budget fund.
[2016/2/8 - 2:32:35] Vehicle Slot ID 184 RTB fee cost $0 to SFPD's budget fund.
[2016/2/8 - 2:32:35] Vehicle Slot ID 184 RTB fee cost $0 to SFPD's budget fund.
[2016/2/8 - 2:32:35] Vehicle Slot ID 185 RTB fee cost $0 to SFPD's budget fund.
[2016/2/8 - 2:32:35] Vehicle Slot ID 185 RTB fee cost $0 to SFPD's budget fund.
[2016/2/8 - 2:32:35] Vehicle Slot ID 186 RTB fee cost $0 to SFPD's budget fund.
[2016/2/8 - 2:32:35] Vehicle Slot ID 186 RTB fee cost $0 to SFPD's budget fund.
[2016/2/8 - 2:32:35] Vehicle Slot ID 187 RTB fee cost $0 to SFPD's budget fund.
[2016/2/8 - 2:32:35] Vehicle Slot ID 187 RTB fee cost $0 to SFPD's budget fund.
[2016/2/8 - 2:32:35] Vehicle Slot ID 188 RTB fee cost $0 to SFPD's budget fund.
[2016/2/8 - 2:32:35] Vehicle Slot ID 188 RTB fee cost $0 to SFPD's budget fund.
[2016/2/8 - 2:32:35] Vehicle Slot ID 189 RTB fee cost $0 to SFPD's budget fund.
[2016/2/8 - 2:32:35] Vehicle Slot ID 189 RTB fee cost $0 to SFPD's budget fund.
[2016/2/8 - 2:32:35] Vehicle Slot ID 190 RTB fee cost $0 to SFPD's budget fund.
[2016/2/8 - 2:32:35] Vehicle Slot ID 190 RTB fee cost $0 to SFPD's budget fund.
[2016/2/8 - 2:32:35] Vehicle Slot ID 191 RTB fee cost $0 to SFPD's budget fund.
[2016/2/8 - 2:32:35] Vehicle Slot ID 191 RTB fee cost $0 to SFPD's budget fund.
[2016/2/8 - 2:32:35] Vehicle Slot ID 192 RTB fee cost $0 to SFPD's budget fund.
[2016/2/8 - 2:32:35] Vehicle Slot ID 192 RTB fee cost $0 to SFPD's budget fund.
[2016/2/8 - 2:33:46] Vehicle Slot ID 166 RTB fee cost $0 to SFPD's budget fund.
[2016/2/8 - 2:33:46] Vehicle Slot ID 169 RTB fee cost $0 to SFPD's budget fund.
[2016/2/8 - 2:33:46] Vehicle Slot ID 170 RTB fee cost $0 to SFPD's budget fund.
[2016/2/8 - 2:33:46] Vehicle Slot ID 171 RTB fee cost $0 to SFPD's budget fund.
[2016/2/8 - 2:33:46] Vehicle Slot ID 172 RTB fee cost $0 to SFPD's budget fund.
[2016/2/8 - 2:33:46] Vehicle Slot ID 173 RTB fee cost $0 to SFPD's budget fund.
[2016/2/8 - 2:33:46] Vehicle Slot ID 174 RTB fee cost $0 to SFPD's budget fund.
[2016/2/8 - 2:33:46] Vehicle Slot ID 175 RTB fee cost $0 to SFPD's budget fund.
[2016/2/8 - 2:33:46] Vehicle Slot ID 176 RTB fee cost $0 to SFPD's budget fund.
[2016/2/8 - 2:33:46] Vehicle Slot ID 177 RTB fee cost $0 to SFPD's budget fund.
[2016/2/8 - 2:33:46] Vehicle Slot ID 179 RTB fee cost $0 to SFPD's budget fund.
[2016/2/8 - 2:33:46] Vehicle Slot ID 180 RTB fee cost $0 to SFPD's budget fund.
[2016/2/8 - 2:33:46] Vehicle Slot ID 181 RTB fee cost $0 to SFPD's budget fund.
[2016/2/8 - 2:33:46] Vehicle Slot ID 182 RTB fee cost $0 to SFPD's budget fund.
[2016/2/8 - 2:33:46] Vehicle Slot ID 183 RTB fee cost $0 to SFPD's budget fund.
[2016/2/8 - 2:33:46] Vehicle Slot ID 184 RTB fee cost $0 to SFPD's budget fund.
[2016/2/8 - 2:33:46] Vehicle Slot ID 185 RTB fee cost $0 to SFPD's budget fund.
[2016/2/8 - 2:33:46] Vehicle Slot ID 186 RTB fee cost $0 to SFPD's budget fund.
[2016/2/8 - 2:33:46] Vehicle Slot ID 187 RTB fee cost $0 to SFPD's budget fund.
[2016/2/8 - 2:33:46] Vehicle Slot ID 188 RTB fee cost $0 to SFPD's budget fund.
[2016/2/8 - 2:33:46] Vehicle Slot ID 189 RTB fee cost $0 to SFPD's budget fund.
[2016/2/8 - 2:33:46] Vehicle Slot ID 190 RTB fee cost $0 to SFPD's budget fund.
[2016/2/8 - 2:33:46] Vehicle Slot ID 191 RTB fee cost $0 to SFPD's budget fund.
[2016/2/8 - 2:33:46] Vehicle Slot ID 192 RTB fee cost $0 to SFPD's budget fund.
[2016/2/8 - 3:00:27] The faction vault is at $96,760
[2016/2/8 - 3:00:27] Vehicle ID 617 (Slot ID 166) Maintainence fee cost $0 to SFPD's budget fund.
[2016/2/8 - 3:00:27] Vehicle ID 620 (Slot ID 169) Maintainence fee cost $0 to SFPD's budget fund.
[2016/2/8 - 3:00:27] Vehicle ID 621 (Slot ID 170) Maintainence fee cost $0 to SFPD's budget fund.
[2016/2/8 - 3:00:27] Vehicle ID 622 (Slot ID 171) Maintainence fee cost $0 to SFPD's budget fund.
[2016/2/8 - 3:00:27] Vehicle ID 623 (Slot ID 172) Maintainence fee cost $0 to SFPD's budget fund.
[2016/2/8 - 3:00:27] Vehicle ID 624 (Slot ID 173) Maintainence fee cost $0 to SFPD's budget fund.
[2016/2/8 - 3:00:27] Vehicle ID 625 (Slot ID 174) Maintainence fee cost $0 to SFPD's budget fund.
[2016/2/8 - 3:00:27] Vehicle ID 626 (Slot ID 175) Maintainence fee cost $0 to SFPD's budget fund.
[2016/2/8 - 3:00:27] Vehicle ID 627 (Slot ID 176) Maintainence fee cost $0 to SFPD's budget fund.
[2016/2/8 - 3:00:27] Vehicle ID 628 (Slot ID 177) Maintainence fee cost $0 to SFPD's budget fund.
[2016/2/8 - 3:00:27] Vehicle ID 630 (Slot ID 179) Maintainence fee cost $0 to SFPD's budget fund.
[2016/2/8 - 3:00:27] Vehicle ID 631 (Slot ID 180) Maintainence fee cost $0 to SFPD's budget fund.
[2016/2/8 - 3:00:27] Vehicle ID 632 (Slot ID 181) Maintainence fee cost $0 to SFPD's budget fund.
[2016/2/8 - 3:00:27] Vehicle ID 633 (Slot ID 182) Maintainence fee cost $0 to SFPD's budget fund.
[2016/2/8 - 3:00:27] Vehicle ID 634 (Slot ID 183) Maintainence fee cost $0 to SFPD's budget fund.
[2016/2/8 - 3:00:27] Vehicle ID 635 (Slot ID 184) Maintainence fee cost $0 to SFPD's budget fund.
[2016/2/8 - 3:00:27] Vehicle ID 636 (Slot ID 185) Maintainence fee cost $0 to SFPD's budget fund.
[2016/2/8 - 3:00:27] Vehicle ID 637 (Slot ID 186) Maintainence fee cost $0 to SFPD's budget fund.
[2016/2/8 - 3:00:27] Vehicle ID 638 (Slot ID 187) Maintainence fee cost $0 to SFPD's budget fund.
[2016/2/8 - 3:00:27] Vehicle ID 639 (Slot ID 188) Maintainence fee cost $0 to SFPD's budget fund.
[2016/2/8 - 3:00:27] Vehicle ID 640 (Slot ID 189) Maintainence fee cost $0 to SFPD's budget fund.
[2016/2/8 - 3:00:27] Vehicle ID 641 (Slot ID 190) Maintainence fee cost $0 to SFPD's budget fund.
[2016/2/8 - 3:00:27] Vehicle ID 642 (Slot ID 191) Maintainence fee cost $0 to SFPD's budget fund.
[2016/2/8 - 3:00:27] Vehicle ID 643 (Slot ID 192) Maintainence fee cost $0 to SFPD's budget fund.
[2016/2/8 - 4:00:05] The faction vault is at $96,760
[2016/2/8 - 4:00:05] Vehicle ID 617 (Slot ID 166) Maintainence fee cost $0 to SFPD's budget fund.
[2016/2/8 - 4:00:05] Vehicle ID 620 (Slot ID 169) Maintainence fee cost $0 to SFPD's budget fund.
[2016/2/8 - 4:00:05] Vehicle ID 621 (Slot ID 170) Maintainence fee cost $0 to SFPD's budget fund.
[2016/2/8 - 4:00:05] Vehicle ID 622 (Slot ID 171) Maintainence fee cost $0 to SFPD's budget fund.
[2016/2/8 - 4:00:05] Vehicle ID 623 (Slot ID 172) Maintainence fee cost $0 to SFPD's budget fund.
[2016/2/8 - 4:00:05] Vehicle ID 624 (Slot ID 173) Maintainence fee cost $0 to SFPD's budget fund.
[2016/2/8 - 4:00:05] Vehicle ID 625 (Slot ID 174) Maintainence fee cost $0 to SFPD's budget fund.
[2016/2/8 - 4:00:05] Vehicle ID 626 (Slot ID 175) Maintainence fee cost $0 to SFPD's budget fund.
[2016/2/8 - 4:00:05] Vehicle ID 627 (Slot ID 176) Maintainence fee cost $0 to SFPD's budget fund.
[2016/2/8 - 4:00:05] Vehicle ID 628 (Slot ID 177) Maintainence fee cost $0 to SFPD's budget fund.
[2016/2/8 - 4:00:05] Vehicle ID 630 (Slot ID 179) Maintainence fee cost $0 to SFPD's budget fund.
[2016/2/8 - 4:00:05] Vehicle ID 631 (Slot ID 180) Maintainence fee cost $0 to SFPD's budget fund.
[2016/2/8 - 4:00:05] Vehicle ID 632 (Slot ID 181) Maintainence fee cost $0 to SFPD's budget fund.
[2016/2/8 - 4:00:05] Vehicle ID 633 (Slot ID 182) Maintainence fee cost $0 to SFPD's budget fund.
[2016/2/8 - 4:00:05] Vehicle ID 634 (Slot ID 183) Maintainence fee cost $0 to SFPD's budget fund.
[2016/2/8 - 4:00:05] Vehicle ID 635 (Slot ID 184) Maintainence fee cost $0 to SFPD's budget fund.
[2016/2/8 - 4:00:05] Vehicle ID 636 (Slot ID 185) Maintainence fee cost $0 to SFPD's budget fund.
[2016/2/8 - 4:00:05] Vehicle ID 637 (Slot ID 186) Maintainence fee cost $0 to SFPD's budget fund.
[2016/2/8 - 4:00:05] Vehicle ID 638 (Slot ID 187) Maintainence fee cost $0 to SFPD's budget fund.
[2016/2/8 - 4:00:05] Vehicle ID 639 (Slot ID 188) Maintainence fee cost $0 to SFPD's budget fund.
[2016/2/8 - 4:00:05] Vehicle ID 640 (Slot ID 189) Maintainence fee cost $0 to SFPD's budget fund.
[2016/2/8 - 4:00:05] Vehicle ID 641 (Slot ID 190) Maintainence fee cost $0 to SFPD's budget fund.
[2016/2/8 - 4:00:05] Vehicle ID 642 (Slot ID 191) Maintainence fee cost $0 to SFPD's budget fund.
[2016/2/8 - 4:00:05] Vehicle ID 643 (Slot ID 192) Maintainence fee cost $0 to SFPD's budget fund.
[2016/2/8 - 5:00:36] The faction vault is at $96,760
[2016/2/8 - 5:00:36] Vehicle ID 617 (Slot ID 166) Maintainence fee cost $0 to SFPD's budget fund.
[2016/2/8 - 5:00:36] Vehicle ID 620 (Slot ID 169) Maintainence fee cost $0 to SFPD's budget fund.
[2016/2/8 - 5:00:36] Vehicle ID 621 (Slot ID 170) Maintainence fee cost $0 to SFPD's budget fund.
[2016/2/8 - 5:00:36] Vehicle ID 622 (Slot ID 171) Maintainence fee cost $0 to SFPD's budget fund.
[2016/2/8 - 5:00:36] Vehicle ID 623 (Slot ID 172) Maintainence fee cost $0 to SFPD's budget fund.
[2016/2/8 - 5:00:36] Vehicle ID 624 (Slot ID 173) Maintainence fee cost $0 to SFPD's budget fund.
[2016/2/8 - 5:00:36] Vehicle ID 625 (Slot ID 174) Maintainence fee cost $0 to SFPD's budget fund.
[2016/2/8 - 5:00:36] Vehicle ID 626 (Slot ID 175) Maintainence fee cost $0 to SFPD's budget fund.
[2016/2/8 - 5:00:36] Vehicle ID 627 (Slot ID 176) Maintainence fee cost $0 to SFPD's budget fund.
[2016/2/8 - 5:00:36] Vehicle ID 628 (Slot ID 177) Maintainence fee cost $0 to SFPD's budget fund.
[2016/2/8 - 5:00:36] Vehicle ID 630 (Slot ID 179) Maintainence fee cost $0 to SFPD's budget fund.
[2016/2/8 - 5:00:36] Vehicle ID 631 (Slot ID 180) Maintainence fee cost $0 to SFPD's budget fund.
[2016/2/8 - 5:00:36] Vehicle ID 632 (Slot ID 181) Maintainence fee cost $0 to SFPD's budget fund.
[2016/2/8 - 5:00:36] Vehicle ID 633 (Slot ID 182) Maintainence fee cost $0 to SFPD's budget fund.
[2016/2/8 - 5:00:36] Vehicle ID 634 (Slot ID 183) Maintainence fee cost $0 to SFPD's budget fund.
[2016/2/8 - 5:00:36] Vehicle ID 635 (Slot ID 184) Maintainence fee cost $0 to SFPD's budget fund.
[2016/2/8 - 5:00:36] Vehicle ID 636 (Slot ID 185) Maintainence fee cost $0 to SFPD's budget fund.
[2016/2/8 - 5:00:36] Vehicle ID 637 (Slot ID 186) Maintainence fee cost $0 to SFPD's budget fund.
[2016/2/8 - 5:00:36] Vehicle ID 638 (Slot ID 187) Maintainence fee cost $0 to SFPD's budget fund.
[2016/2/8 - 5:00:36] Vehicle ID 639 (Slot ID 188) Maintainence fee cost $0 to SFPD's budget fund.
[2016/2/8 - 5:00:36] Vehicle ID 640 (Slot ID 189) Maintainence fee cost $0 to SFPD's budget fund.
[2016/2/8 - 5:00:36] Vehicle ID 641 (Slot ID 190) Maintainence fee cost $0 to SFPD's budget fund.
[2016/2/8 - 5:00:36] Vehicle ID 642 (Slot ID 191) Maintainence fee cost $0 to SFPD's budget fund.
[2016/2/8 - 5:00:36] Vehicle ID 643 (Slot ID 192) Maintainence fee cost $0 to SFPD's budget fund.
[2016/2/8 - 6:00:02] The faction vault is at $96,760
[2016/2/8 - 6:00:02] Vehicle ID 617 (Slot ID 166) Maintainence fee cost $0 to SFPD's budget fund.
[2016/2/8 - 6:00:02] Vehicle ID 620 (Slot ID 169) Maintainence fee cost $0 to SFPD's budget fund.
[2016/2/8 - 6:00:02] Vehicle ID 621 (Slot ID 170) Maintainence fee cost $0 to SFPD's budget fund.
[2016/2/8 - 6:00:02] Vehicle ID 622 (Slot ID 171) Maintainence fee cost $0 to SFPD's budget fund.
[2016/2/8 - 6:00:02] Vehicle ID 623 (Slot ID 172) Maintainence fee cost $0 to SFPD's budget fund.
[2016/2/8 - 6:00:02] Vehicle ID 624 (Slot ID 173) Maintainence fee cost $0 to SFPD's budget fund.
[2016/2/8 - 6:00:02] Vehicle ID 625 (Slot ID 174) Maintainence fee cost $0 to SFPD's budget fund.
[2016/2/8 - 6:00:02] Vehicle ID 626 (Slot ID 175) Maintainence fee cost $0 to SFPD's budget fund.
[2016/2/8 - 6:00:02] Vehicle ID 627 (Slot ID 176) Maintainence fee cost $0 to SFPD's budget fund.
[2016/2/8 - 6:00:02] Vehicle ID 628 (Slot ID 177) Maintainence fee cost $0 to SFPD's budget fund.
[2016/2/8 - 6:00:02] Vehicle ID 630 (Slot ID 179) Maintainence fee cost $0 to SFPD's budget fund.
[2016/2/8 - 6:00:02] Vehicle ID 631 (Slot ID 180) Maintainence fee cost $0 to SFPD's budget fund.
[2016/2/8 - 6:00:02] Vehicle ID 632 (Slot ID 181) Maintainence fee cost $0 to SFPD's budget fund.
[2016/2/8 - 6:00:02] Vehicle ID 633 (Slot ID 182) Maintainence fee cost $0 to SFPD's budget fund.
[2016/2/8 - 6:00:02] Vehicle ID 634 (Slot ID 183) Maintainence fee cost $0 to SFPD's budget fund.
[2016/2/8 - 6:00:02] Vehicle ID 635 (Slot ID 184) Maintainence fee cost $0 to SFPD's budget fund.
[2016/2/8 - 6:00:02] Vehicle ID 636 (Slot ID 185) Maintainence fee cost $0 to SFPD's budget fund.
[2016/2/8 - 6:00:02] Vehicle ID 637 (Slot ID 186) Maintainence fee cost $0 to SFPD's budget fund.
[2016/2/8 - 6:00:02] Vehicle ID 638 (Slot ID 187) Maintainence fee cost $0 to SFPD's budget fund.
[2016/2/8 - 6:00:02] Vehicle ID 639 (Slot ID 188) Maintainence fee cost $0 to SFPD's budget fund.
[2016/2/8 - 6:00:02] Vehicle ID 640 (Slot ID 189) Maintainence fee cost $0 to SFPD's budget fund.
[2016/2/8 - 6:00:02] Vehicle ID 641 (Slot ID 190) Maintainence fee cost $0 to SFPD's budget fund.
[2016/2/8 - 6:00:02] Vehicle ID 642 (Slot ID 191) Maintainence fee cost $0 to SFPD's budget fund.
[2016/2/8 - 6:00:02] Vehicle ID 643 (Slot ID 192) Maintainence fee cost $0 to SFPD's budget fund.
[2016/2/8 - 6:11:12] Vehicle Slot ID 166 RTB fee cost $0 to SFPD's budget fund.
[2016/2/8 - 7:00:30] The faction vault is at $96,760
[2016/2/8 - 7:00:30] Vehicle ID 617 (Slot ID 166) Maintainence fee cost $0 to SFPD's budget fund.
[2016/2/8 - 7:00:30] Vehicle ID 620 (Slot ID 169) Maintainence fee cost $0 to SFPD's budget fund.
[2016/2/8 - 7:00:30] Vehicle ID 621 (Slot ID 170) Maintainence fee cost $0 to SFPD's budget fund.
[2016/2/8 - 7:00:30] Vehicle ID 622 (Slot ID 171) Maintainence fee cost $0 to SFPD's budget fund.
[2016/2/8 - 7:00:30] Vehicle ID 623 (Slot ID 172) Maintainence fee cost $0 to SFPD's budget fund.
[2016/2/8 - 7:00:30] Vehicle ID 624 (Slot ID 173) Maintainence fee cost $0 to SFPD's budget fund.
[2016/2/8 - 7:00:30] Vehicle ID 625 (Slot ID 174) Maintainence fee cost $0 to SFPD's budget fund.
[2016/2/8 - 7:00:30] Vehicle ID 626 (Slot ID 175) Maintainence fee cost $0 to SFPD's budget fund.
[2016/2/8 - 7:00:30] Vehicle ID 627 (Slot ID 176) Maintainence fee cost $0 to SFPD's budget fund.
[2016/2/8 - 7:00:30] Vehicle ID 628 (Slot ID 177) Maintainence fee cost $0 to SFPD's budget fund.
[2016/2/8 - 7:00:30] Vehicle ID 630 (Slot ID 179) Maintainence fee cost $0 to SFPD's budget fund.
[2016/2/8 - 7:00:30] Vehicle ID 631 (Slot ID 180) Maintainence fee cost $0 to SFPD's budget fund.
[2016/2/8 - 7:00:30] Vehicle ID 632 (Slot ID 181) Maintainence fee cost $0 to SFPD's budget fund.
[2016/2/8 - 7:00:30] Vehicle ID 633 (Slot ID 182) Maintainence fee cost $0 to SFPD's budget fund.
[2016/2/8 - 7:00:30] Vehicle ID 634 (Slot ID 183) Maintainence fee cost $0 to SFPD's budget fund.
[2016/2/8 - 7:00:30] Vehicle ID 635 (Slot ID 184) Maintainence fee cost $0 to SFPD's budget fund.
[2016/2/8 - 7:00:30] Vehicle ID 636 (Slot ID 185) Maintainence fee cost $0 to SFPD's budget fund.
[2016/2/8 - 7:00:30] Vehicle ID 637 (Slot ID 186) Maintainence fee cost $0 to SFPD's budget fund.
[2016/2/8 - 7:00:30] Vehicle ID 638 (Slot ID 187) Maintainence fee cost $0 to SFPD's budget fund.
[2016/2/8 - 7:00:30] Vehicle ID 639 (Slot ID 188) Maintainence fee cost $0 to SFPD's budget fund.
[2016/2/8 - 7:00:30] Vehicle ID 640 (Slot ID 189) Maintainence fee cost $0 to SFPD's budget fund.
[2016/2/8 - 7:00:30] Vehicle ID 641 (Slot ID 190) Maintainence fee cost $0 to SFPD's budget fund.
[2016/2/8 - 7:00:30] Vehicle ID 642 (Slot ID 191) Maintainence fee cost $0 to SFPD's budget fund.
[2016/2/8 - 7:00:30] Vehicle ID 643 (Slot ID 192) Maintainence fee cost $0 to SFPD's budget fund.
[2016/2/8 - 7:38:14] Alaxca DaiCa took a M4 out of the SFPD locker at a cost of 0 HG Materials.
[2016/2/8 - 7:38:18] Alaxca DaiCa took a vest for their car out of the SFPD locker at a cost of 1 HG Material.
[2016/2/8 - 7:38:26] Alaxca DaiCa took a Combat Shotgun out of the SFPD locker at a cost of 0 HG Materials.
[2016/2/8 - 8:01:02] The faction vault is at $96,760
[2016/2/8 - 8:01:02] Vehicle ID 617 (Slot ID 166) Maintainence fee cost $0 to SFPD's budget fund.
[2016/2/8 - 8:01:02] Vehicle ID 620 (Slot ID 169) Maintainence fee cost $0 to SFPD's budget fund.
[2016/2/8 - 8:01:02] Vehicle ID 621 (Slot ID 170) Maintainence fee cost $0 to SFPD's budget fund.
[2016/2/8 - 8:01:02] Vehicle ID 622 (Slot ID 171) Maintainence fee cost $0 to SFPD's budget fund.
[2016/2/8 - 8:01:02] Vehicle ID 623 (Slot ID 172) Maintainence fee cost $0 to SFPD's budget fund.
[2016/2/8 - 8:01:02] Vehicle ID 624 (Slot ID 173) Maintainence fee cost $0 to SFPD's budget fund.
[2016/2/8 - 8:01:02] Vehicle ID 625 (Slot ID 174) Maintainence fee cost $0 to SFPD's budget fund.
[2016/2/8 - 8:01:02] Vehicle ID 626 (Slot ID 175) Maintainence fee cost $0 to SFPD's budget fund.
[2016/2/8 - 8:01:02] Vehicle ID 627 (Slot ID 176) Maintainence fee cost $0 to SFPD's budget fund.
[2016/2/8 - 8:01:02] Vehicle ID 628 (Slot ID 177) Maintainence fee cost $0 to SFPD's budget fund.
[2016/2/8 - 8:01:02] Vehicle ID 630 (Slot ID 179) Maintainence fee cost $0 to SFPD's budget fund.
[2016/2/8 - 8:01:02] Vehicle ID 631 (Slot ID 180) Maintainence fee cost $0 to SFPD's budget fund.
[2016/2/8 - 8:01:02] Vehicle ID 632 (Slot ID 181) Maintainence fee cost $0 to SFPD's budget fund.
[2016/2/8 - 8:01:02] Vehicle ID 633 (Slot ID 182) Maintainence fee cost $0 to SFPD's budget fund.
[2016/2/8 - 8:01:02] Vehicle ID 634 (Slot ID 183) Maintainence fee cost $0 to SFPD's budget fund.
[2016/2/8 - 8:01:02] Vehicle ID 635 (Slot ID 184) Maintainence fee cost $0 to SFPD's budget fund.
[2016/2/8 - 8:01:02] Vehicle ID 636 (Slot ID 185) Maintainence fee cost $0 to SFPD's budget fund.
[2016/2/8 - 8:01:02] Vehicle ID 637 (Slot ID 186) Maintainence fee cost $0 to SFPD's budget fund.
[2016/2/8 - 8:01:02] Vehicle ID 638 (Slot ID 187) Maintainence fee cost $0 to SFPD's budget fund.
[2016/2/8 - 8:01:02] Vehicle ID 639 (Slot ID 188) Maintainence fee cost $0 to SFPD's budget fund.
[2016/2/8 - 8:01:02] Vehicle ID 640 (Slot ID 189) Maintainence fee cost $0 to SFPD's budget fund.
[2016/2/8 - 8:01:02] Vehicle ID 641 (Slot ID 190) Maintainence fee cost $0 to SFPD's budget fund.
[2016/2/8 - 8:01:02] Vehicle ID 642 (Slot ID 191) Maintainence fee cost $0 to SFPD's budget fund.
[2016/2/8 - 8:01:02] Vehicle ID 643 (Slot ID 192) Maintainence fee cost $0 to SFPD's budget fund.
[2016/2/8 - 8:08:36] Alaxca DaiCa took a Shotgun out of the SFPD locker at a cost of 0 HG Materials.
[2016/2/8 - 8:08:38] Alaxca DaiCa took a Nite Stick out of the SFPD locker at a cost of 0 HG Materials.
[2016/2/8 - 8:08:41] Alaxca DaiCa took a MP5 out of the SFPD locker at a cost of 0 HG Materials.
[2016/2/8 - 8:08:43] Alaxca DaiCa took a Desert Eagle out of the SFPD locker at a cost of 0 HG Materials.
[2016/2/8 - 8:08:45] Alaxca DaiCa took a M4 out of the SFPD locker at a cost of 0 HG Materials.
[2016/2/8 - 8:08:51] Alaxca DaiCa took a vest out of the SFPD locker at a cost of 1 HG Material.
[2016/2/8 - 8:22:41] Alaxca DaiCa took a Desert Eagle out of the SFPD locker at a cost of 0 HG Materials.
[2016/2/8 - 8:22:44] Alaxca DaiCa took a Shotgun out of the SFPD locker at a cost of 0 HG Materials.
[2016/2/8 - 8:22:47] Alaxca DaiCa took a MP5 out of the SFPD locker at a cost of 0 HG Materials.
[2016/2/8 - 8:37:16] Vehicle Slot ID 169 RTB fee cost $0 to SFPD's budget fund.
[2016/2/8 - 8:37:16] Vehicle Slot ID 169 RTB fee cost $0 to SFPD's budget fund.
[2016/2/8 - 8:37:16] Vehicle Slot ID 170 RTB fee cost $0 to SFPD's budget fund.
[2016/2/8 - 8:37:16] Vehicle Slot ID 170 RTB fee cost $0 to SFPD's budget fund.
[2016/2/8 - 8:37:16] Vehicle Slot ID 171 RTB fee cost $0 to SFPD's budget fund.
[2016/2/8 - 8:37:16] Vehicle Slot ID 171 RTB fee cost $0 to SFPD's budget fund.
[2016/2/8 - 8:37:16] Vehicle Slot ID 172 RTB fee cost $0 to SFPD's budget fund.
[2016/2/8 - 8:37:16] Vehicle Slot ID 172 RTB fee cost $0 to SFPD's budget fund.
[2016/2/8 - 8:37:16] Vehicle Slot ID 173 RTB fee cost $0 to SFPD's budget fund.
[2016/2/8 - 8:37:16] Vehicle Slot ID 173 RTB fee cost $0 to SFPD's budget fund.
[2016/2/8 - 8:37:16] Vehicle Slot ID 174 RTB fee cost $0 to SFPD's budget fund.
[2016/2/8 - 8:37:16] Vehicle Slot ID 174 RTB fee cost $0 to SFPD's budget fund.
[2016/2/8 - 8:37:16] Vehicle Slot ID 175 RTB fee cost $0 to SFPD's budget fund.
[2016/2/8 - 8:37:16] Vehicle Slot ID 175 RTB fee cost $0 to SFPD's budget fund.
[2016/2/8 - 8:37:16] Vehicle Slot ID 176 RTB fee cost $0 to SFPD's budget fund.
[2016/2/8 - 8:37:16] Vehicle Slot ID 176 RTB fee cost $0 to SFPD's budget fund.
[2016/2/8 - 8:37:16] Vehicle Slot ID 177 RTB fee cost $0 to SFPD's budget fund.
[2016/2/8 - 8:37:16] Vehicle Slot ID 177 RTB fee cost $0 to SFPD's budget fund.
[2016/2/8 - 8:37:16] Vehicle Slot ID 179 RTB fee cost $0 to SFPD's budget fund.
[2016/2/8 - 8:37:16] Vehicle Slot ID 179 RTB fee cost $0 to SFPD's budget fund.
[2016/2/8 - 8:37:16] Vehicle Slot ID 180 RTB fee cost $0 to SFPD's budget fund.
[2016/2/8 - 8:37:16] Vehicle Slot ID 180 RTB fee cost $0 to SFPD's budget fund.
[2016/2/8 - 8:37:16] Vehicle Slot ID 181 RTB fee cost $0 to SFPD's budget fund.
[2016/2/8 - 8:37:16] Vehicle Slot ID 181 RTB fee cost $0 to SFPD's budget fund.
[2016/2/8 - 8:37:16] Vehicle Slot ID 182 RTB fee cost $0 to SFPD's budget fund.
[2016/2/8 - 8:37:16] Vehicle Slot ID 182 RTB fee cost $0 to SFPD's budget fund.
[2016/2/8 - 8:37:16] Vehicle Slot ID 183 RTB fee cost $0 to SFPD's budget fund.
[2016/2/8 - 8:37:16] Vehicle Slot ID 183 RTB fee cost $0 to SFPD's budget fund.
[2016/2/8 - 8:37:16] Vehicle Slot ID 184 RTB fee cost $0 to SFPD's budget fund.
[2016/2/8 - 8:37:16] Vehicle Slot ID 184 RTB fee cost $0 to SFPD's budget fund.
[2016/2/8 - 8:37:16] Vehicle Slot ID 185 RTB fee cost $0 to SFPD's budget fund.
[2016/2/8 - 8:37:16] Vehicle Slot ID 185 RTB fee cost $0 to SFPD's budget fund.
[2016/2/8 - 8:37:16] Vehicle Slot ID 186 RTB fee cost $0 to SFPD's budget fund.
[2016/2/8 - 8:37:16] Vehicle Slot ID 186 RTB fee cost $0 to SFPD's budget fund.
[2016/2/8 - 8:37:16] Vehicle Slot ID 187 RTB fee cost $0 to SFPD's budget fund.
[2016/2/8 - 8:37:16] Vehicle Slot ID 187 RTB fee cost $0 to SFPD's budget fund.
[2016/2/8 - 8:37:16] Vehicle Slot ID 188 RTB fee cost $0 to SFPD's budget fund.
[2016/2/8 - 8:37:16] Vehicle Slot ID 188 RTB fee cost $0 to SFPD's budget fund.
[2016/2/8 - 8:37:16] Vehicle Slot ID 189 RTB fee cost $0 to SFPD's budget fund.
[2016/2/8 - 8:37:16] Vehicle Slot ID 189 RTB fee cost $0 to SFPD's budget fund.
[2016/2/8 - 8:37:16] Vehicle Slot ID 190 RTB fee cost $0 to SFPD's budget fund.
[2016/2/8 - 8:37:16] Vehicle Slot ID 190 RTB fee cost $0 to SFPD's budget fund.
[2016/2/8 - 8:37:16] Vehicle Slot ID 191 RTB fee cost $0 to SFPD's budget fund.
[2016/2/8 - 8:37:16] Vehicle Slot ID 191 RTB fee cost $0 to SFPD's budget fund.
[2016/2/8 - 8:37:16] Vehicle Slot ID 192 RTB fee cost $0 to SFPD's budget fund.
[2016/2/8 - 8:37:16] Vehicle Slot ID 192 RTB fee cost $0 to SFPD's budget fund.
[2016/2/8 - 9:00:21] The faction vault is at $96,760
[2016/2/8 - 9:00:22] Vehicle ID 617 (Slot ID 166) Maintainence fee cost $0 to SFPD's budget fund.
[2016/2/8 - 9:00:22] Vehicle ID 620 (Slot ID 169) Maintainence fee cost $0 to SFPD's budget fund.
[2016/2/8 - 9:00:22] Vehicle ID 621 (Slot ID 170) Maintainence fee cost $0 to SFPD's budget fund.
[2016/2/8 - 9:00:22] Vehicle ID 622 (Slot ID 171) Maintainence fee cost $0 to SFPD's budget fund.
[2016/2/8 - 9:00:22] Vehicle ID 623 (Slot ID 172) Maintainence fee cost $0 to SFPD's budget fund.
[2016/2/8 - 9:00:22] Vehicle ID 624 (Slot ID 173) Maintainence fee cost $0 to SFPD's budget fund.
[2016/2/8 - 9:00:22] Vehicle ID 625 (Slot ID 174) Maintainence fee cost $0 to SFPD's budget fund.
[2016/2/8 - 9:00:22] Vehicle ID 626 (Slot ID 175) Maintainence fee cost $0 to SFPD's budget fund.
[2016/2/8 - 9:00:22] Vehicle ID 627 (Slot ID 176) Maintainence fee cost $0 to SFPD's budget fund.
[2016/2/8 - 9:00:22] Vehicle ID 628 (Slot ID 177) Maintainence fee cost $0 to SFPD's budget fund.
[2016/2/8 - 9:00:22] Vehicle ID 630 (Slot ID 179) Maintainence fee cost $0 to SFPD's budget fund.
[2016/2/8 - 9:00:22] Vehicle ID 631 (Slot ID 180) Maintainence fee cost $0 to SFPD's budget fund.
[2016/2/8 - 9:00:22] Vehicle ID 632 (Slot ID 181) Maintainence fee cost $0 to SFPD's budget fund.
[2016/2/8 - 9:00:22] Vehicle ID 633 (Slot ID 182) Maintainence fee cost $0 to SFPD's budget fund.
[2016/2/8 - 9:00:22] Vehicle ID 634 (Slot ID 183) Maintainence fee cost $0 to SFPD's budget fund.
[2016/2/8 - 9:00:22] Vehicle ID 635 (Slot ID 184) Maintainence fee cost $0 to SFPD's budget fund.
[2016/2/8 - 9:00:22] Vehicle ID 636 (Slot ID 185) Maintainence fee cost $0 to SFPD's budget fund.
[2016/2/8 - 9:00:22] Vehicle ID 637 (Slot ID 186) Maintainence fee cost $0 to SFPD's budget fund.
[2016/2/8 - 9:00:22] Vehicle ID 638 (Slot ID 187) Maintainence fee cost $0 to SFPD's budget fund.
[2016/2/8 - 9:00:22] Vehicle ID 639 (Slot ID 188) Maintainence fee cost $0 to SFPD's budget fund.
[2016/2/8 - 9:00:22] Vehicle ID 640 (Slot ID 189) Maintainence fee cost $0 to SFPD's budget fund.
[2016/2/8 - 9:00:22] Vehicle ID 641 (Slot ID 190) Maintainence fee cost $0 to SFPD's budget fund.
[2016/2/8 - 9:00:22] Vehicle ID 642 (Slot ID 191) Maintainence fee cost $0 to SFPD's budget fund.
[2016/2/8 - 9:00:22] Vehicle ID 643 (Slot ID 192) Maintainence fee cost $0 to SFPD's budget fund.
[2016/2/8 - 9:21:42] Sirius Do took a vest out of the SFPD locker at a cost of 1 HG Material.
[2016/2/8 - 9:21:46] Sirius Do took a Combat Shotgun out of the SFPD locker at a cost of 0 HG Materials.
[2016/2/8 - 9:40:24] Huy Thai took a vest out of the SFPD locker at a cost of 1 HG Material.
[2016/2/8 - 9:40:26] Huy Thai took a Nite Stick out of the SFPD locker at a cost of 0 HG Materials.
[2016/2/8 - 9:40:28] Huy Thai took a Spray Can out of the SFPD locker at a cost of 0 HG Materials.
[2016/2/8 - 9:40:30] Huy Thai took a Parachute out of the SFPD locker at a cost of 0 HG Materials.
[2016/2/8 - 9:40:32] Huy Thai took a Shotgun out of the SFPD locker at a cost of 0 HG Materials.
[2016/2/8 - 9:40:34] Huy Thai took a MP5 out of the SFPD locker at a cost of 0 HG Materials.
[2016/2/8 - 9:40:36] Huy Thai took a Desert Eagle out of the SFPD locker at a cost of 0 HG Materials.
[2016/2/8 - 9:44:23] Bro Gold took a vest out of the SFPD locker at a cost of 1 HG Material.
[2016/2/8 - 9:44:24] Bro Gold took a Nite Stick out of the SFPD locker at a cost of 0 HG Materials.
[2016/2/8 - 9:44:26] Bro Gold took a Spray Can out of the SFPD locker at a cost of 0 HG Materials.
[2016/2/8 - 9:44:28] Bro Gold took a Desert Eagle out of the SFPD locker at a cost of 0 HG Materials.
[2016/2/8 - 9:44:31] Bro Gold took a M4 out of the SFPD locker at a cost of 0 HG Materials.
[2016/2/8 - 9:44:33] Bro Gold took a Combat Shotgun out of the SFPD locker at a cost of 0 HG Materials.
[2016/2/8 - 9:44:36] Bro Gold took a Sniper Rifle out of the SFPD locker at a cost of 0 HG Materials.
[2016/2/8 - 9:47:16] Bro Gold took a vest out of the SFPD locker at a cost of 1 HG Material.
[2016/2/8 - 9:48:45] Vehicle Slot ID 166 RTB fee cost $0 to SFPD's budget fund.
[2016/2/8 - 9:48:45] Vehicle Slot ID 166 RTB fee cost $0 to SFPD's budget fund.
[2016/2/8 - 9:48:45] Vehicle Slot ID 169 RTB fee cost $0 to SFPD's budget fund.
[2016/2/8 - 9:48:45] Vehicle Slot ID 169 RTB fee cost $0 to SFPD's budget fund.
[2016/2/8 - 9:48:45] Vehicle Slot ID 170 RTB fee cost $0 to SFPD's budget fund.
[2016/2/8 - 9:48:45] Vehicle Slot ID 170 RTB fee cost $0 to SFPD's budget fund.
[2016/2/8 - 9:48:45] Vehicle Slot ID 171 RTB fee cost $0 to SFPD's budget fund.
[2016/2/8 - 9:48:45] Vehicle Slot ID 171 RTB fee cost $0 to SFPD's budget fund.
[2016/2/8 - 9:48:45] Vehicle Slot ID 172 RTB fee cost $0 to SFPD's budget fund.
[2016/2/8 - 9:48:45] Vehicle Slot ID 172 RTB fee cost $0 to SFPD's budget fund.
[2016/2/8 - 9:48:45] Vehicle Slot ID 173 RTB fee cost $0 to SFPD's budget fund.
[2016/2/8 - 9:48:45] Vehicle Slot ID 173 RTB fee cost $0 to SFPD's budget fund.
[2016/2/8 - 9:48:45] Vehicle Slot ID 174 RTB fee cost $0 to SFPD's budget fund.
[2016/2/8 - 9:48:45] Vehicle Slot ID 174 RTB fee cost $0 to SFPD's budget fund.
[2016/2/8 - 9:48:45] Vehicle Slot ID 175 RTB fee cost $0 to SFPD's budget fund.
[2016/2/8 - 9:48:45] Vehicle Slot ID 175 RTB fee cost $0 to SFPD's budget fund.
[2016/2/8 - 9:48:45] Vehicle Slot ID 176 RTB fee cost $0 to SFPD's budget fund.
[2016/2/8 - 9:48:45] Vehicle Slot ID 176 RTB fee cost $0 to SFPD's budget fund.
[2016/2/8 - 9:48:45] Vehicle Slot ID 177 RTB fee cost $0 to SFPD's budget fund.
[2016/2/8 - 9:48:45] Vehicle Slot ID 177 RTB fee cost $0 to SFPD's budget fund.
[2016/2/8 - 9:48:45] Vehicle Slot ID 179 RTB fee cost $0 to SFPD's budget fund.
[2016/2/8 - 9:48:45] Vehicle Slot ID 179 RTB fee cost $0 to SFPD's budget fund.
[2016/2/8 - 9:48:45] Vehicle Slot ID 180 RTB fee cost $0 to SFPD's budget fund.
[2016/2/8 - 9:48:45] Vehicle Slot ID 180 RTB fee cost $0 to SFPD's budget fund.
[2016/2/8 - 9:48:45] Vehicle Slot ID 181 RTB fee cost $0 to SFPD's budget fund.
[2016/2/8 - 9:48:45] Vehicle Slot ID 181 RTB fee cost $0 to SFPD's budget fund.
[2016/2/8 - 9:48:45] Vehicle Slot ID 182 RTB fee cost $0 to SFPD's budget fund.
[2016/2/8 - 9:48:45] Vehicle Slot ID 182 RTB fee cost $0 to SFPD's budget fund.
[2016/2/8 - 9:48:45] Vehicle Slot ID 183 RTB fee cost $0 to SFPD's budget fund.
[2016/2/8 - 9:48:45] Vehicle Slot ID 183 RTB fee cost $0 to SFPD's budget fund.
[2016/2/8 - 9:48:45] Vehicle Slot ID 184 RTB fee cost $0 to SFPD's budget fund.
[2016/2/8 - 9:48:45] Vehicle Slot ID 184 RTB fee cost $0 to SFPD's budget fund.
[2016/2/8 - 9:48:45] Vehicle Slot ID 185 RTB fee cost $0 to SFPD's budget fund.
[2016/2/8 - 9:48:45] Vehicle Slot ID 185 RTB fee cost $0 to SFPD's budget fund.
[2016/2/8 - 9:48:45] Vehicle Slot ID 186 RTB fee cost $0 to SFPD's budget fund.
[2016/2/8 - 9:48:45] Vehicle Slot ID 186 RTB fee cost $0 to SFPD's budget fund.
[2016/2/8 - 9:48:45] Vehicle Slot ID 187 RTB fee cost $0 to SFPD's budget fund.
[2016/2/8 - 9:48:45] Vehicle Slot ID 187 RTB fee cost $0 to SFPD's budget fund.
[2016/2/8 - 9:48:45] Vehicle Slot ID 188 RTB fee cost $0 to SFPD's budget fund.
[2016/2/8 - 9:48:45] Vehicle Slot ID 188 RTB fee cost $0 to SFPD's budget fund.
[2016/2/8 - 9:48:45] Vehicle Slot ID 189 RTB fee cost $0 to SFPD's budget fund.
[2016/2/8 - 9:48:45] Vehicle Slot ID 189 RTB fee cost $0 to SFPD's budget fund.
[2016/2/8 - 9:48:45] Vehicle Slot ID 190 RTB fee cost $0 to SFPD's budget fund.
[2016/2/8 - 9:48:45] Vehicle Slot ID 190 RTB fee cost $0 to SFPD's budget fund.
[2016/2/8 - 9:48:45] Vehicle Slot ID 191 RTB fee cost $0 to SFPD's budget fund.
[2016/2/8 - 9:48:46] Vehicle Slot ID 191 RTB fee cost $0 to SFPD's budget fund.
[2016/2/8 - 9:48:46] Vehicle Slot ID 192 RTB fee cost $0 to SFPD's budget fund.
[2016/2/8 - 9:48:46] Vehicle Slot ID 192 RTB fee cost $0 to SFPD's budget fund.
[2016/2/8 - 9:51:06] Bro Gold took a Nite Stick out of the SFPD locker at a cost of 0 HG Materials.
[2016/2/8 - 9:51:08] Bro Gold took a Spray Can out of the SFPD locker at a cost of 0 HG Materials.
[2016/2/8 - 9:51:10] Bro Gold took a Desert Eagle out of the SFPD locker at a cost of 0 HG Materials.
[2016/2/8 - 9:51:13] Bro Gold took a M4 out of the SFPD locker at a cost of 0 HG Materials.
[2016/2/8 - 9:51:16] Bro Gold took a Combat Shotgun out of the SFPD locker at a cost of 0 HG Materials.
[2016/2/8 - 9:51:18] Bro Gold took a Sniper Rifle out of the SFPD locker at a cost of 0 HG Materials.
[2016/2/8 - 10:00:47] The faction vault is at $96,760
[2016/2/8 - 10:00:47] Vehicle ID 617 (Slot ID 166) Maintainence fee cost $0 to SFPD's budget fund.
[2016/2/8 - 10:00:47] Vehicle ID 620 (Slot ID 169) Maintainence fee cost $0 to SFPD's budget fund.
[2016/2/8 - 10:00:47] Vehicle ID 621 (Slot ID 170) Maintainence fee cost $0 to SFPD's budget fund.
[2016/2/8 - 10:00:47] Vehicle ID 622 (Slot ID 171) Maintainence fee cost $0 to SFPD's budget fund.
[2016/2/8 - 10:00:47] Vehicle ID 623 (Slot ID 172) Maintainence fee cost $0 to SFPD's budget fund.
[2016/2/8 - 10:00:47] Vehicle ID 624 (Slot ID 173) Maintainence fee cost $0 to SFPD's budget fund.
[2016/2/8 - 10:00:47] Vehicle ID 625 (Slot ID 174) Maintainence fee cost $0 to SFPD's budget fund.
[2016/2/8 - 10:00:47] Vehicle ID 626 (Slot ID 175) Maintainence fee cost $0 to SFPD's budget fund.
[2016/2/8 - 10:00:47] Vehicle ID 627 (Slot ID 176) Maintainence fee cost $0 to SFPD's budget fund.
[2016/2/8 - 10:00:47] Vehicle ID 628 (Slot ID 177) Maintainence fee cost $0 to SFPD's budget fund.
[2016/2/8 - 10:00:47] Vehicle ID 630 (Slot ID 179) Maintainence fee cost $0 to SFPD's budget fund.
[2016/2/8 - 10:00:47] Vehicle ID 631 (Slot ID 180) Maintainence fee cost $0 to SFPD's budget fund.
[2016/2/8 - 10:00:47] Vehicle ID 632 (Slot ID 181) Maintainence fee cost $0 to SFPD's budget fund.
[2016/2/8 - 10:00:47] Vehicle ID 633 (Slot ID 182) Maintainence fee cost $0 to SFPD's budget fund.
[2016/2/8 - 10:00:47] Vehicle ID 634 (Slot ID 183) Maintainence fee cost $0 to SFPD's budget fund.
[2016/2/8 - 10:00:47] Vehicle ID 635 (Slot ID 184) Maintainence fee cost $0 to SFPD's budget fund.
[2016/2/8 - 10:00:47] Vehicle ID 636 (Slot ID 185) Maintainence fee cost $0 to SFPD's budget fund.
[2016/2/8 - 10:00:47] Vehicle ID 637 (Slot ID 186) Maintainence fee cost $0 to SFPD's budget fund.
[2016/2/8 - 10:00:47] Vehicle ID 638 (Slot ID 187) Maintainence fee cost $0 to SFPD's budget fund.
[2016/2/8 - 10:00:47] Vehicle ID 639 (Slot ID 188) Maintainence fee cost $0 to SFPD's budget fund.
[2016/2/8 - 10:00:47] Vehicle ID 640 (Slot ID 189) Maintainence fee cost $0 to SFPD's budget fund.
[2016/2/8 - 10:00:47] Vehicle ID 641 (Slot ID 190) Maintainence fee cost $0 to SFPD's budget fund.
[2016/2/8 - 10:00:47] Vehicle ID 642 (Slot ID 191) Maintainence fee cost $0 to SFPD's budget fund.
[2016/2/8 - 10:00:47] Vehicle ID 643 (Slot ID 192) Maintainence fee cost $0 to SFPD's budget fund.
[2016/2/8 - 10:24:16] Vehicle Slot ID 166 RTB fee cost $0 to SFPD's budget fund.
[2016/2/8 - 10:24:16] Vehicle Slot ID 169 RTB fee cost $0 to SFPD's budget fund.
[2016/2/8 - 10:24:16] Vehicle Slot ID 170 RTB fee cost $0 to SFPD's budget fund.
[2016/2/8 - 10:24:16] Vehicle Slot ID 171 RTB fee cost $0 to SFPD's budget fund.
[2016/2/8 - 10:24:16] Vehicle Slot ID 172 RTB fee cost $0 to SFPD's budget fund.
[2016/2/8 - 10:24:16] Vehicle Slot ID 173 RTB fee cost $0 to SFPD's budget fund.
[2016/2/8 - 10:24:16] Vehicle Slot ID 174 RTB fee cost $0 to SFPD's budget fund.
[2016/2/8 - 10:24:16] Vehicle Slot ID 175 RTB fee cost $0 to SFPD's budget fund.
[2016/2/8 - 10:24:16] Vehicle Slot ID 176 RTB fee cost $0 to SFPD's budget fund.
[2016/2/8 - 10:24:16] Vehicle Slot ID 177 RTB fee cost $0 to SFPD's budget fund.
[2016/2/8 - 10:24:16] Vehicle Slot ID 179 RTB fee cost $0 to SFPD's budget fund.
[2016/2/8 - 10:24:16] Vehicle Slot ID 180 RTB fee cost $0 to SFPD's budget fund.
[2016/2/8 - 10:24:16] Vehicle Slot ID 181 RTB fee cost $0 to SFPD's budget fund.
[2016/2/8 - 10:24:16] Vehicle Slot ID 182 RTB fee cost $0 to SFPD's budget fund.
[2016/2/8 - 10:24:16] Vehicle Slot ID 183 RTB fee cost $0 to SFPD's budget fund.
[2016/2/8 - 10:24:16] Vehicle Slot ID 184 RTB fee cost $0 to SFPD's budget fund.
[2016/2/8 - 10:24:16] Vehicle Slot ID 185 RTB fee cost $0 to SFPD's budget fund.
[2016/2/8 - 10:24:16] Vehicle Slot ID 186 RTB fee cost $0 to SFPD's budget fund.
[2016/2/8 - 10:24:16] Vehicle Slot ID 187 RTB fee cost $0 to SFPD's budget fund.
[2016/2/8 - 10:24:16] Vehicle Slot ID 188 RTB fee cost $0 to SFPD's budget fund.
[2016/2/8 - 10:24:16] Vehicle Slot ID 189 RTB fee cost $0 to SFPD's budget fund.
[2016/2/8 - 10:24:16] Vehicle Slot ID 190 RTB fee cost $0 to SFPD's budget fund.
[2016/2/8 - 10:24:16] Vehicle Slot ID 191 RTB fee cost $0 to SFPD's budget fund.
[2016/2/8 - 10:24:16] Vehicle Slot ID 192 RTB fee cost $0 to SFPD's budget fund.
[2016/2/8 - 10:44:12] Vehicle Slot ID 166 RTB fee cost $0 to SFPD's budget fund.
[2016/2/8 - 10:44:12] Vehicle Slot ID 166 RTB fee cost $0 to SFPD's budget fund.
[2016/2/8 - 10:44:12] Vehicle Slot ID 169 RTB fee cost $0 to SFPD's budget fund.
[2016/2/8 - 10:44:12] Vehicle Slot ID 169 RTB fee cost $0 to SFPD's budget fund.
[2016/2/8 - 10:44:12] Vehicle Slot ID 170 RTB fee cost $0 to SFPD's budget fund.
[2016/2/8 - 10:44:12] Vehicle Slot ID 170 RTB fee cost $0 to SFPD's budget fund.
[2016/2/8 - 10:44:12] Vehicle Slot ID 171 RTB fee cost $0 to SFPD's budget fund.
[2016/2/8 - 10:44:12] Vehicle Slot ID 171 RTB fee cost $0 to SFPD's budget fund.
[2016/2/8 - 10:44:12] Vehicle Slot ID 172 RTB fee cost $0 to SFPD's budget fund.
[2016/2/8 - 10:44:12] Vehicle Slot ID 172 RTB fee cost $0 to SFPD's budget fund.
[2016/2/8 - 10:44:12] Vehicle Slot ID 173 RTB fee cost $0 to SFPD's budget fund.
[2016/2/8 - 10:44:12] Vehicle Slot ID 173 RTB fee cost $0 to SFPD's budget fund.
[2016/2/8 - 10:44:12] Vehicle Slot ID 174 RTB fee cost $0 to SFPD's budget fund.
[2016/2/8 - 10:44:12] Vehicle Slot ID 174 RTB fee cost $0 to SFPD's budget fund.
[2016/2/8 - 10:44:12] Vehicle Slot ID 175 RTB fee cost $0 to SFPD's budget fund.
[2016/2/8 - 10:44:13] Vehicle Slot ID 175 RTB fee cost $0 to SFPD's budget fund.
[2016/2/8 - 10:44:13] Vehicle Slot ID 176 RTB fee cost $0 to SFPD's budget fund.
[2016/2/8 - 10:44:13] Vehicle Slot ID 176 RTB fee cost $0 to SFPD's budget fund.
[2016/2/8 - 10:44:13] Vehicle Slot ID 177 RTB fee cost $0 to SFPD's budget fund.
[2016/2/8 - 10:44:13] Vehicle Slot ID 177 RTB fee cost $0 to SFPD's budget fund.
[2016/2/8 - 10:44:13] Vehicle Slot ID 179 RTB fee cost $0 to SFPD's budget fund.
[2016/2/8 - 10:44:13] Vehicle Slot ID 179 RTB fee cost $0 to SFPD's budget fund.
[2016/2/8 - 10:44:13] Vehicle Slot ID 180 RTB fee cost $0 to SFPD's budget fund.
[2016/2/8 - 10:44:13] Vehicle Slot ID 180 RTB fee cost $0 to SFPD's budget fund.
[2016/2/8 - 10:44:13] Vehicle Slot ID 181 RTB fee cost $0 to SFPD's budget fund.
[2016/2/8 - 10:44:13] Vehicle Slot ID 181 RTB fee cost $0 to SFPD's budget fund.
[2016/2/8 - 10:44:13] Vehicle Slot ID 182 RTB fee cost $0 to SFPD's budget fund.
[2016/2/8 - 10:44:13] Vehicle Slot ID 182 RTB fee cost $0 to SFPD's budget fund.
[2016/2/8 - 10:44:13] Vehicle Slot ID 183 RTB fee cost $0 to SFPD's budget fund.
[2016/2/8 - 10:44:13] Vehicle Slot ID 183 RTB fee cost $0 to SFPD's budget fund.
[2016/2/8 - 10:44:13] Vehicle Slot ID 184 RTB fee cost $0 to SFPD's budget fund.
[2016/2/8 - 10:44:13] Vehicle Slot ID 184 RTB fee cost $0 to SFPD's budget fund.
[2016/2/8 - 10:44:13] Vehicle Slot ID 185 RTB fee cost $0 to SFPD's budget fund.
[2016/2/8 - 10:44:13] Vehicle Slot ID 185 RTB fee cost $0 to SFPD's budget fund.
[2016/2/8 - 10:44:13] Vehicle Slot ID 186 RTB fee cost $0 to SFPD's budget fund.
[2016/2/8 - 10:44:13] Vehicle Slot ID 186 RTB fee cost $0 to SFPD's budget fund.
[2016/2/8 - 10:44:13] Vehicle Slot ID 187 RTB fee cost $0 to SFPD's budget fund.
[2016/2/8 - 10:44:13] Vehicle Slot ID 187 RTB fee cost $0 to SFPD's budget fund.
[2016/2/8 - 10:44:13] Vehicle Slot ID 188 RTB fee cost $0 to SFPD's budget fund.
[2016/2/8 - 10:44:13] Vehicle Slot ID 188 RTB fee cost $0 to SFPD's budget fund.
[2016/2/8 - 10:44:13] Vehicle Slot ID 189 RTB fee cost $0 to SFPD's budget fund.
[2016/2/8 - 10:44:13] Vehicle Slot ID 189 RTB fee cost $0 to SFPD's budget fund.
[2016/2/8 - 10:44:13] Vehicle Slot ID 190 RTB fee cost $0 to SFPD's budget fund.
[2016/2/8 - 10:44:13] Vehicle Slot ID 190 RTB fee cost $0 to SFPD's budget fund.
[2016/2/8 - 10:44:13] Vehicle Slot ID 191 RTB fee cost $0 to SFPD's budget fund.
[2016/2/8 - 10:44:13] Vehicle Slot ID 191 RTB fee cost $0 to SFPD's budget fund.
[2016/2/8 - 10:44:13] Vehicle Slot ID 192 RTB fee cost $0 to SFPD's budget fund.
[2016/2/8 - 10:44:13] Vehicle Slot ID 192 RTB fee cost $0 to SFPD's budget fund.
[2016/2/8 - 10:44:29] Vehicle Slot ID 166 RTB fee cost $0 to SFPD's budget fund.
[2016/2/8 - 10:44:29] Vehicle Slot ID 166 RTB fee cost $0 to SFPD's budget fund.
[2016/2/8 - 10:44:29] Vehicle Slot ID 173 RTB fee cost $0 to SFPD's budget fund.
[2016/2/8 - 10:44:29] Vehicle Slot ID 173 RTB fee cost $0 to SFPD's budget fund.
[2016/2/8 - 10:44:29] Vehicle Slot ID 174 RTB fee cost $0 to SFPD's budget fund.
[2016/2/8 - 10:44:29] Vehicle Slot ID 174 RTB fee cost $0 to SFPD's budget fund.
[2016/2/8 - 10:44:29] Vehicle Slot ID 190 RTB fee cost $0 to SFPD's budget fund.
[2016/2/8 - 10:44:29] Vehicle Slot ID 190 RTB fee cost $0 to SFPD's budget fund.
[2016/2/8 - 10:44:29] Vehicle Slot ID 191 RTB fee cost $0 to SFPD's budget fund.
[2016/2/8 - 10:44:29] Vehicle Slot ID 191 RTB fee cost $0 to SFPD's budget fund.
[2016/2/8 - 10:44:30] Vehicle Slot ID 166 RTB fee cost $0 to SFPD's budget fund.
[2016/2/8 - 10:44:30] Vehicle Slot ID 166 RTB fee cost $0 to SFPD's budget fund.
[2016/2/8 - 10:44:30] Vehicle Slot ID 173 RTB fee cost $0 to SFPD's budget fund.
[2016/2/8 - 10:44:30] Vehicle Slot ID 173 RTB fee cost $0 to SFPD's budget fund.
[2016/2/8 - 10:44:30] Vehicle Slot ID 174 RTB fee cost $0 to SFPD's budget fund.
[2016/2/8 - 10:44:30] Vehicle Slot ID 174 RTB fee cost $0 to SFPD's budget fund.
[2016/2/8 - 10:44:30] Vehicle Slot ID 190 RTB fee cost $0 to SFPD's budget fund.
[2016/2/8 - 10:44:30] Vehicle Slot ID 190 RTB fee cost $0 to SFPD's budget fund.
[2016/2/8 - 10:44:30] Vehicle Slot ID 191 RTB fee cost $0 to SFPD's budget fund.
[2016/2/8 - 10:44:30] Vehicle Slot ID 191 RTB fee cost $0 to SFPD's budget fund.
[2016/2/8 - 11:00:19] The faction vault is at $96,760
[2016/2/8 - 11:00:19] Vehicle ID 617 (Slot ID 166) Maintainence fee cost $0 to SFPD's budget fund.
[2016/2/8 - 11:00:19] Vehicle ID 620 (Slot ID 169) Maintainence fee cost $0 to SFPD's budget fund.
[2016/2/8 - 11:00:19] Vehicle ID 621 (Slot ID 170) Maintainence fee cost $0 to SFPD's budget fund.
[2016/2/8 - 11:00:19] Vehicle ID 622 (Slot ID 171) Maintainence fee cost $0 to SFPD's budget fund.
[2016/2/8 - 11:00:19] Vehicle ID 623 (Slot ID 172) Maintainence fee cost $0 to SFPD's budget fund.
[2016/2/8 - 11:00:19] Vehicle ID 624 (Slot ID 173) Maintainence fee cost $0 to SFPD's budget fund.
[2016/2/8 - 11:00:19] Vehicle ID 625 (Slot ID 174) Maintainence fee cost $0 to SFPD's budget fund.
[2016/2/8 - 11:00:19] Vehicle ID 626 (Slot ID 175) Maintainence fee cost $0 to SFPD's budget fund.
[2016/2/8 - 11:00:19] Vehicle ID 627 (Slot ID 176) Maintainence fee cost $0 to SFPD's budget fund.
[2016/2/8 - 11:00:19] Vehicle ID 628 (Slot ID 177) Maintainence fee cost $0 to SFPD's budget fund.
[2016/2/8 - 11:00:19] Vehicle ID 630 (Slot ID 179) Maintainence fee cost $0 to SFPD's budget fund.
[2016/2/8 - 11:00:19] Vehicle ID 631 (Slot ID 180) Maintainence fee cost $0 to SFPD's budget fund.
[2016/2/8 - 11:00:19] Vehicle ID 632 (Slot ID 181) Maintainence fee cost $0 to SFPD's budget fund.
[2016/2/8 - 11:00:20] Vehicle ID 633 (Slot ID 182) Maintainence fee cost $0 to SFPD's budget fund.
[2016/2/8 - 11:00:20] Vehicle ID 634 (Slot ID 183) Maintainence fee cost $0 to SFPD's budget fund.
[2016/2/8 - 11:00:20] Vehicle ID 635 (Slot ID 184) Maintainence fee cost $0 to SFPD's budget fund.
[2016/2/8 - 11:00:20] Vehicle ID 636 (Slot ID 185) Maintainence fee cost $0 to SFPD's budget fund.
[2016/2/8 - 11:00:20] Vehicle ID 637 (Slot ID 186) Maintainence fee cost $0 to SFPD's budget fund.
[2016/2/8 - 11:00:20] Vehicle ID 638 (Slot ID 187) Maintainence fee cost $0 to SFPD's budget fund.
[2016/2/8 - 11:00:20] Vehicle ID 639 (Slot ID 188) Maintainence fee cost $0 to SFPD's budget fund.
[2016/2/8 - 11:00:20] Vehicle ID 640 (Slot ID 189) Maintainence fee cost $0 to SFPD's budget fund.
[2016/2/8 - 11:00:20] Vehicle ID 641 (Slot ID 190) Maintainence fee cost $0 to SFPD's budget fund.
[2016/2/8 - 11:00:20] Vehicle ID 642 (Slot ID 191) Maintainence fee cost $0 to SFPD's budget fund.
[2016/2/8 - 11:00:20] Vehicle ID 643 (Slot ID 192) Maintainence fee cost $0 to SFPD's budget fund.
[2016/2/8 - 11:02:49] Vehicle Slot ID 166 RTB fee cost $0 to SFPD's budget fund.
[2016/2/8 - 11:02:49] Vehicle Slot ID 166 RTB fee cost $0 to SFPD's budget fund.
[2016/2/8 - 11:02:50] Vehicle Slot ID 169 RTB fee cost $0 to SFPD's budget fund.
[2016/2/8 - 11:02:50] Vehicle Slot ID 169 RTB fee cost $0 to SFPD's budget fund.
[2016/2/8 - 11:02:50] Vehicle Slot ID 170 RTB fee cost $0 to SFPD's budget fund.
[2016/2/8 - 11:02:50] Vehicle Slot ID 170 RTB fee cost $0 to SFPD's budget fund.
[2016/2/8 - 11:02:50] Vehicle Slot ID 171 RTB fee cost $0 to SFPD's budget fund.
[2016/2/8 - 11:02:50] Vehicle Slot ID 171 RTB fee cost $0 to SFPD's budget fund.
[2016/2/8 - 11:02:50] Vehicle Slot ID 172 RTB fee cost $0 to SFPD's budget fund.
[2016/2/8 - 11:02:50] Vehicle Slot ID 172 RTB fee cost $0 to SFPD's budget fund.
[2016/2/8 - 11:02:50] Vehicle Slot ID 173 RTB fee cost $0 to SFPD's budget fund.
[2016/2/8 - 11:02:50] Vehicle Slot ID 173 RTB fee cost $0 to SFPD's budget fund.
[2016/2/8 - 11:02:50] Vehicle Slot ID 174 RTB fee cost $0 to SFPD's budget fund.
[2016/2/8 - 11:02:50] Vehicle Slot ID 174 RTB fee cost $0 to SFPD's budget fund.
[2016/2/8 - 11:02:50] Vehicle Slot ID 175 RTB fee cost $0 to SFPD's budget fund.
[2016/2/8 - 11:02:50] Vehicle Slot ID 175 RTB fee cost $0 to SFPD's budget fund.
[2016/2/8 - 11:02:50] Vehicle Slot ID 176 RTB fee cost $0 to SFPD's budget fund.
[2016/2/8 - 11:02:50] Vehicle Slot ID 176 RTB fee cost $0 to SFPD's budget fund.
[2016/2/8 - 11:02:50] Vehicle Slot ID 177 RTB fee cost $0 to SFPD's budget fund.
[2016/2/8 - 11:02:50] Vehicle Slot ID 177 RTB fee cost $0 to SFPD's budget fund.
[2016/2/8 - 11:02:50] Vehicle Slot ID 179 RTB fee cost $0 to SFPD's budget fund.
[2016/2/8 - 11:02:50] Vehicle Slot ID 179 RTB fee cost $0 to SFPD's budget fund.
[2016/2/8 - 11:02:50] Vehicle Slot ID 180 RTB fee cost $0 to SFPD's budget fund.
[2016/2/8 - 11:02:50] Vehicle Slot ID 180 RTB fee cost $0 to SFPD's budget fund.
[2016/2/8 - 11:02:50] Vehicle Slot ID 181 RTB fee cost $0 to SFPD's budget fund.
[2016/2/8 - 11:02:50] Vehicle Slot ID 181 RTB fee cost $0 to SFPD's budget fund.
[2016/2/8 - 11:02:50] Vehicle Slot ID 182 RTB fee cost $0 to SFPD's budget fund.
[2016/2/8 - 11:02:50] Vehicle Slot ID 182 RTB fee cost $0 to SFPD's budget fund.
[2016/2/8 - 11:02:50] Vehicle Slot ID 183 RTB fee cost $0 to SFPD's budget fund.
[2016/2/8 - 11:02:50] Vehicle Slot ID 183 RTB fee cost $0 to SFPD's budget fund.
[2016/2/8 - 11:02:50] Vehicle Slot ID 184 RTB fee cost $0 to SFPD's budget fund.
[2016/2/8 - 11:02:50] Vehicle Slot ID 184 RTB fee cost $0 to SFPD's budget fund.
[2016/2/8 - 11:02:50] Vehicle Slot ID 185 RTB fee cost $0 to SFPD's budget fund.
[2016/2/8 - 11:02:50] Vehicle Slot ID 185 RTB fee cost $0 to SFPD's budget fund.
[2016/2/8 - 11:02:50] Vehicle Slot ID 186 RTB fee cost $0 to SFPD's budget fund.
[2016/2/8 - 11:02:50] Vehicle Slot ID 186 RTB fee cost $0 to SFPD's budget fund.
[2016/2/8 - 11:02:50] Vehicle Slot ID 187 RTB fee cost $0 to SFPD's budget fund.
[2016/2/8 - 11:02:50] Vehicle Slot ID 187 RTB fee cost $0 to SFPD's budget fund.
[2016/2/8 - 11:02:50] Vehicle Slot ID 188 RTB fee cost $0 to SFPD's budget fund.
[2016/2/8 - 11:02:50] Vehicle Slot ID 188 RTB fee cost $0 to SFPD's budget fund.
[2016/2/8 - 11:02:50] Vehicle Slot ID 189 RTB fee cost $0 to SFPD's budget fund.
[2016/2/8 - 11:02:50] Vehicle Slot ID 189 RTB fee cost $0 to SFPD's budget fund.
[2016/2/8 - 11:02:50] Vehicle Slot ID 190 RTB fee cost $0 to SFPD's budget fund.
[2016/2/8 - 11:02:50] Vehicle Slot ID 190 RTB fee cost $0 to SFPD's budget fund.
[2016/2/8 - 11:02:50] Vehicle Slot ID 191 RTB fee cost $0 to SFPD's budget fund.
[2016/2/8 - 11:02:50] Vehicle Slot ID 191 RTB fee cost $0 to SFPD's budget fund.
[2016/2/8 - 11:02:50] Vehicle Slot ID 192 RTB fee cost $0 to SFPD's budget fund.
[2016/2/8 - 11:02:50] Vehicle Slot ID 192 RTB fee cost $0 to SFPD's budget fund.
[2016/2/8 - 11:03:10] Bin Harry took a vest out of the SFPD locker at a cost of 1 HG Material.
[2016/2/8 - 11:03:15] Bin Harry took a vest for their car out of the SFPD locker at a cost of 1 HG Material.
[2016/2/8 - 11:06:57] Vehicle Slot ID 166 RTB fee cost $0 to SFPD's budget fund.
[2016/2/8 - 11:06:57] Vehicle Slot ID 166 RTB fee cost $0 to SFPD's budget fund.
[2016/2/8 - 11:06:57] Vehicle Slot ID 169 RTB fee cost $0 to SFPD's budget fund.
[2016/2/8 - 11:06:57] Vehicle Slot ID 169 RTB fee cost $0 to SFPD's budget fund.
[2016/2/8 - 11:06:57] Vehicle Slot ID 170 RTB fee cost $0 to SFPD's budget fund.
[2016/2/8 - 11:06:57] Vehicle Slot ID 170 RTB fee cost $0 to SFPD's budget fund.
[2016/2/8 - 11:06:57] Vehicle Slot ID 171 RTB fee cost $0 to SFPD's budget fund.
[2016/2/8 - 11:06:57] Vehicle Slot ID 171 RTB fee cost $0 to SFPD's budget fund.
[2016/2/8 - 11:06:57] Vehicle Slot ID 172 RTB fee cost $0 to SFPD's budget fund.
[2016/2/8 - 11:06:57] Vehicle Slot ID 172 RTB fee cost $0 to SFPD's budget fund.
[2016/2/8 - 11:06:57] Vehicle Slot ID 173 RTB fee cost $0 to SFPD's budget fund.
[2016/2/8 - 11:06:57] Vehicle Slot ID 173 RTB fee cost $0 to SFPD's budget fund.
[2016/2/8 - 11:06:57] Vehicle Slot ID 174 RTB fee cost $0 to SFPD's budget fund.
[2016/2/8 - 11:06:57] Vehicle Slot ID 174 RTB fee cost $0 to SFPD's budget fund.
[2016/2/8 - 11:06:57] Vehicle Slot ID 175 RTB fee cost $0 to SFPD's budget fund.
[2016/2/8 - 11:06:57] Vehicle Slot ID 175 RTB fee cost $0 to SFPD's budget fund.
[2016/2/8 - 11:06:57] Vehicle Slot ID 176 RTB fee cost $0 to SFPD's budget fund.
[2016/2/8 - 11:06:57] Vehicle Slot ID 176 RTB fee cost $0 to SFPD's budget fund.
[2016/2/8 - 11:06:57] Vehicle Slot ID 177 RTB fee cost $0 to SFPD's budget fund.
[2016/2/8 - 11:06:57] Vehicle Slot ID 177 RTB fee cost $0 to SFPD's budget fund.
[2016/2/8 - 11:06:57] Vehicle Slot ID 179 RTB fee cost $0 to SFPD's budget fund.
[2016/2/8 - 11:06:57] Vehicle Slot ID 179 RTB fee cost $0 to SFPD's budget fund.
[2016/2/8 - 11:06:57] Vehicle Slot ID 180 RTB fee cost $0 to SFPD's budget fund.
[2016/2/8 - 11:06:57] Vehicle Slot ID 180 RTB fee cost $0 to SFPD's budget fund.
[2016/2/8 - 11:06:57] Vehicle Slot ID 181 RTB fee cost $0 to SFPD's budget fund.
[2016/2/8 - 11:06:57] Vehicle Slot ID 181 RTB fee cost $0 to SFPD's budget fund.
[2016/2/8 - 11:06:57] Vehicle Slot ID 182 RTB fee cost $0 to SFPD's budget fund.
[2016/2/8 - 11:06:57] Vehicle Slot ID 182 RTB fee cost $0 to SFPD's budget fund.
[2016/2/8 - 11:06:57] Vehicle Slot ID 183 RTB fee cost $0 to SFPD's budget fund.
[2016/2/8 - 11:06:57] Vehicle Slot ID 183 RTB fee cost $0 to SFPD's budget fund.
[2016/2/8 - 11:06:57] Vehicle Slot ID 184 RTB fee cost $0 to SFPD's budget fund.
[2016/2/8 - 11:06:57] Vehicle Slot ID 184 RTB fee cost $0 to SFPD's budget fund.
[2016/2/8 - 11:06:57] Vehicle Slot ID 185 RTB fee cost $0 to SFPD's budget fund.
[2016/2/8 - 11:06:57] Vehicle Slot ID 185 RTB fee cost $0 to SFPD's budget fund.
[2016/2/8 - 11:06:57] Vehicle Slot ID 186 RTB fee cost $0 to SFPD's budget fund.
[2016/2/8 - 11:06:57] Vehicle Slot ID 186 RTB fee cost $0 to SFPD's budget fund.
[2016/2/8 - 11:06:57] Vehicle Slot ID 187 RTB fee cost $0 to SFPD's budget fund.
[2016/2/8 - 11:06:57] Vehicle Slot ID 187 RTB fee cost $0 to SFPD's budget fund.
[2016/2/8 - 11:06:57] Vehicle Slot ID 188 RTB fee cost $0 to SFPD's budget fund.
[2016/2/8 - 11:06:57] Vehicle Slot ID 188 RTB fee cost $0 to SFPD's budget fund.
[2016/2/8 - 11:06:57] Vehicle Slot ID 189 RTB fee cost $0 to SFPD's budget fund.
[2016/2/8 - 11:06:57] Vehicle Slot ID 189 RTB fee cost $0 to SFPD's budget fund.
[2016/2/8 - 11:06:57] Vehicle Slot ID 190 RTB fee cost $0 to SFPD's budget fund.
[2016/2/8 - 11:06:57] Vehicle Slot ID 190 RTB fee cost $0 to SFPD's budget fund.
[2016/2/8 - 11:06:57] Vehicle Slot ID 191 RTB fee cost $0 to SFPD's budget fund.
[2016/2/8 - 11:06:57] Vehicle Slot ID 191 RTB fee cost $0 to SFPD's budget fund.
[2016/2/8 - 11:06:57] Vehicle Slot ID 192 RTB fee cost $0 to SFPD's budget fund.
[2016/2/8 - 11:06:57] Vehicle Slot ID 192 RTB fee cost $0 to SFPD's budget fund.
[2016/2/8 - 11:11:24] Smith Robeo took a vest out of the SFPD locker at a cost of 1 HG Material.
[2016/2/8 - 11:11:29] Smith Robeo took a M4 out of the SFPD locker at a cost of 0 HG Materials.
[2016/2/8 - 11:11:33] Smith Robeo took a Desert Eagle out of the SFPD locker at a cost of 0 HG Materials.
[2016/2/8 - 11:11:35] Smith Robeo took a Combat Shotgun out of the SFPD locker at a cost of 0 HG Materials.
[2016/2/8 - 11:13:31] Doctor Tom took a vest out of the SFPD locker at a cost of 1 HG Material.
[2016/2/8 - 11:13:36] Doctor Tom took a vest for their car out of the SFPD locker at a cost of 1 HG Material.
[2016/2/8 - 11:29:05] Bin Harry took a vest out of the SFPD locker at a cost of 1 HG Material.
[2016/2/8 - 11:29:11] Smith Robeo took a vest out of the SFPD locker at a cost of 1 HG Material.
[2016/2/8 - 11:29:18] Smith Robeo took a Desert Eagle out of the SFPD locker at a cost of 0 HG Materials.
[2016/2/8 - 11:29:21] Smith Robeo took a M4 out of the SFPD locker at a cost of 0 HG Materials.
[2016/2/8 - 11:29:24] Smith Robeo took a Sniper Rifle out of the SFPD locker at a cost of 0 HG Materials.
[2016/2/8 - 11:31:48] Sirius Do took a Nite Stick out of the SFPD locker at a cost of 0 HG Materials.
[2016/2/8 - 11:31:49] Sirius Do took a vest out of the SFPD locker at a cost of 1 HG Material.
[2016/2/8 - 11:31:56] Sirius Do took a M4 out of the SFPD locker at a cost of 0 HG Materials.
[2016/2/8 - 11:40:36] Sirius Do took a vest out of the SFPD locker at a cost of 1 HG Material.
[2016/2/8 - 11:40:42] Sirius Do took a Sniper Rifle out of the SFPD locker at a cost of 0 HG Materials.
[2016/2/8 - 11:43:19] Doctor Tom took a vest out of the SFPD locker at a cost of 1 HG Material.
[2016/2/8 - 11:43:22] Doctor Tom took a vest out of the SFPD locker at a cost of 1 HG Material.
[2016/2/8 - 11:43:25] Doctor Tom took a vest for their car out of the SFPD locker at a cost of 1 HG Material.
[2016/2/8 - 11:43:27] Doctor Tom took a MP5 out of the SFPD locker at a cost of 0 HG Materials.
[2016/2/8 - 11:43:29] Doctor Tom took a Desert Eagle out of the SFPD locker at a cost of 0 HG Materials.
[2016/2/8 - 11:43:31] Doctor Tom took a M4 out of the SFPD locker at a cost of 0 HG Materials.
[2016/2/8 - 11:43:34] Doctor Tom took a Combat Shotgun out of the SFPD locker at a cost of 0 HG Materials.
[2016/2/8 - 11:43:36] Doctor Tom took a Sniper Rifle out of the SFPD locker at a cost of 0 HG Materials.
[2016/2/8 - 11:45:28] Bin Harry took a vest out of the SFPD locker at a cost of 1 HG Material.
[2016/2/8 - 11:45:34] Bin Harry took a vest for their car out of the SFPD locker at a cost of 1 HG Material.
[2016/2/8 - 11:57:15] Sirius Do took a vest out of the SFPD locker at a cost of 1 HG Material.
[2016/2/8 - 12:00:57] The faction vault is at $96,760
[2016/2/8 - 12:00:57] Vehicle ID 617 (Slot ID 166) Maintainence fee cost $0 to SFPD's budget fund.
[2016/2/8 - 12:00:57] Vehicle ID 620 (Slot ID 169) Maintainence fee cost $0 to SFPD's budget fund.
[2016/2/8 - 12:00:57] Vehicle ID 621 (Slot ID 170) Maintainence fee cost $0 to SFPD's budget fund.
[2016/2/8 - 12:00:57] Vehicle ID 622 (Slot ID 171) Maintainence fee cost $0 to SFPD's budget fund.
[2016/2/8 - 12:00:57] Vehicle ID 623 (Slot ID 172) Maintainence fee cost $0 to SFPD's budget fund.
[2016/2/8 - 12:00:57] Vehicle ID 624 (Slot ID 173) Maintainence fee cost $0 to SFPD's budget fund.
[2016/2/8 - 12:00:57] Vehicle ID 625 (Slot ID 174) Maintainence fee cost $0 to SFPD's budget fund.
[2016/2/8 - 12:00:57] Vehicle ID 626 (Slot ID 175) Maintainence fee cost $0 to SFPD's budget fund.
[2016/2/8 - 12:00:57] Vehicle ID 627 (Slot ID 176) Maintainence fee cost $0 to SFPD's budget fund.
[2016/2/8 - 12:00:57] Vehicle ID 628 (Slot ID 177) Maintainence fee cost $0 to SFPD's budget fund.
[2016/2/8 - 12:00:57] Vehicle ID 630 (Slot ID 179) Maintainence fee cost $0 to SFPD's budget fund.
[2016/2/8 - 12:00:57] Vehicle ID 631 (Slot ID 180) Maintainence fee cost $0 to SFPD's budget fund.
[2016/2/8 - 12:00:57] Vehicle ID 632 (Slot ID 181) Maintainence fee cost $0 to SFPD's budget fund.
[2016/2/8 - 12:00:57] Vehicle ID 633 (Slot ID 182) Maintainence fee cost $0 to SFPD's budget fund.
[2016/2/8 - 12:00:57] Vehicle ID 634 (Slot ID 183) Maintainence fee cost $0 to SFPD's budget fund.
[2016/2/8 - 12:00:57] Vehicle ID 635 (Slot ID 184) Maintainence fee cost $0 to SFPD's budget fund.
[2016/2/8 - 12:00:57] Vehicle ID 636 (Slot ID 185) Maintainence fee cost $0 to SFPD's budget fund.
[2016/2/8 - 12:00:57] Vehicle ID 637 (Slot ID 186) Maintainence fee cost $0 to SFPD's budget fund.
[2016/2/8 - 12:00:57] Vehicle ID 638 (Slot ID 187) Maintainence fee cost $0 to SFPD's budget fund.
[2016/2/8 - 12:00:57] Vehicle ID 639 (Slot ID 188) Maintainence fee cost $0 to SFPD's budget fund.
[2016/2/8 - 12:00:57] Vehicle ID 640 (Slot ID 189) Maintainence fee cost $0 to SFPD's budget fund.
[2016/2/8 - 12:00:57] Vehicle ID 641 (Slot ID 190) Maintainence fee cost $0 to SFPD's budget fund.
[2016/2/8 - 12:00:57] Vehicle ID 642 (Slot ID 191) Maintainence fee cost $0 to SFPD's budget fund.
[2016/2/8 - 12:00:57] Vehicle ID 643 (Slot ID 192) Maintainence fee cost $0 to SFPD's budget fund.
[2016/2/8 - 12:10:56] Sirius Do took a vest out of the SFPD locker at a cost of 1 HG Material.
[2016/2/8 - 12:10:57] Sirius Do took a Nite Stick out of the SFPD locker at a cost of 0 HG Materials.
[2016/2/8 - 12:11:01] Sirius Do took a Combat Shotgun out of the SFPD locker at a cost of 0 HG Materials.
[2016/2/8 - 12:23:00] Bin Harry took a vest out of the SFPD locker at a cost of 1 HG Material.
[2016/2/8 - 12:23:05] Bin Harry took a M4 out of the SFPD locker at a cost of 0 HG Materials.
[2016/2/8 - 12:23:08] Bin Harry took a Combat Shotgun out of the SFPD locker at a cost of 0 HG Materials.
[2016/2/8 - 12:24:59] Huy Thai took a vest out of the SFPD locker at a cost of 1 HG Material.
[2016/2/8 - 12:34:52] Huy Thai took a vest out of the SFPD locker at a cost of 1 HG Material.
[2016/2/8 - 12:34:55] Huy Thai took a vest out of the SFPD locker at a cost of 1 HG Material.
[2016/2/8 - 12:39:13] Smith Robeo took a vest out of the SFPD locker at a cost of 1 HG Material.
[2016/2/8 - 12:39:16] Alaxca DaiCa took a vest out of the SFPD locker at a cost of 1 HG Material.
[2016/2/8 - 12:39:18] Smith Robeo took a Desert Eagle out of the SFPD locker at a cost of 0 HG Materials.
[2016/2/8 - 12:39:21] Smith Robeo took a M4 out of the SFPD locker at a cost of 0 HG Materials.
[2016/2/8 - 12:44:03] Nick took a vest out of the SFPD locker at a cost of 1 HG Material.
[2016/2/8 - 12:44:06] Nick took a vest for their car out of the SFPD locker at a cost of 1 HG Material.
[2016/2/8 - 12:44:06] Doctor Tom took a vest out of the SFPD locker at a cost of 1 HG Material.
[2016/2/8 - 12:44:23] Huy Thai took a vest out of the SFPD locker at a cost of 1 HG Material.
[2016/2/8 - 12:45:28] Nick took a vest for their car out of the SFPD locker at a cost of 1 HG Material.
[2016/2/8 - 12:47:01] Nick took a vest for their car out of the SFPD locker at a cost of 1 HG Material.
[2016/2/8 - 12:53:21] Vehicle Slot ID 182 RTB fee cost $0 to SFPD's budget fund.
[2016/2/8 - 12:53:21] Vehicle Slot ID 182 RTB fee cost $0 to SFPD's budget fund.
[2016/2/8 - 12:53:21] Vehicle Slot ID 183 RTB fee cost $0 to SFPD's budget fund.
[2016/2/8 - 12:53:21] Vehicle Slot ID 183 RTB fee cost $0 to SFPD's budget fund.
[2016/2/8 - 12:53:21] Vehicle Slot ID 184 RTB fee cost $0 to SFPD's budget fund.
[2016/2/8 - 12:53:21] Vehicle Slot ID 184 RTB fee cost $0 to SFPD's budget fund.
[2016/2/8 - 12:53:21] Vehicle Slot ID 185 RTB fee cost $0 to SFPD's budget fund.
[2016/2/8 - 12:53:21] Vehicle Slot ID 185 RTB fee cost $0 to SFPD's budget fund.
[2016/2/8 - 12:53:21] Vehicle Slot ID 186 RTB fee cost $0 to SFPD's budget fund.
[2016/2/8 - 12:53:21] Vehicle Slot ID 186 RTB fee cost $0 to SFPD's budget fund.
[2016/2/8 - 12:53:21] Vehicle Slot ID 187 RTB fee cost $0 to SFPD's budget fund.
[2016/2/8 - 12:53:21] Vehicle Slot ID 187 RTB fee cost $0 to SFPD's budget fund.
[2016/2/8 - 12:53:21] Vehicle Slot ID 188 RTB fee cost $0 to SFPD's budget fund.
[2016/2/8 - 12:53:21] Vehicle Slot ID 188 RTB fee cost $0 to SFPD's budget fund.
[2016/2/8 - 12:53:21] Vehicle Slot ID 189 RTB fee cost $0 to SFPD's budget fund.
[2016/2/8 - 12:53:21] Vehicle Slot ID 189 RTB fee cost $0 to SFPD's budget fund.
[2016/2/8 - 13:00:48] The faction vault is at $96,760
[2016/2/8 - 13:00:49] Vehicle ID 617 (Slot ID 166) Maintainence fee cost $0 to SFPD's budget fund.
[2016/2/8 - 13:00:49] Vehicle ID 620 (Slot ID 169) Maintainence fee cost $0 to SFPD's budget fund.
[2016/2/8 - 13:00:49] Vehicle ID 621 (Slot ID 170) Maintainence fee cost $0 to SFPD's budget fund.
[2016/2/8 - 13:00:49] Vehicle ID 622 (Slot ID 171) Maintainence fee cost $0 to SFPD's budget fund.
[2016/2/8 - 13:00:49] Vehicle ID 623 (Slot ID 172) Maintainence fee cost $0 to SFPD's budget fund.
[2016/2/8 - 13:00:49] Vehicle ID 624 (Slot ID 173) Maintainence fee cost $0 to SFPD's budget fund.
[2016/2/8 - 13:00:49] Vehicle ID 625 (Slot ID 174) Maintainence fee cost $0 to SFPD's budget fund.
[2016/2/8 - 13:00:49] Vehicle ID 626 (Slot ID 175) Maintainence fee cost $0 to SFPD's budget fund.
[2016/2/8 - 13:00:49] Vehicle ID 627 (Slot ID 176) Maintainence fee cost $0 to SFPD's budget fund.
[2016/2/8 - 13:00:49] Vehicle ID 628 (Slot ID 177) Maintainence fee cost $0 to SFPD's budget fund.
[2016/2/8 - 13:00:49] Vehicle ID 630 (Slot ID 179) Maintainence fee cost $0 to SFPD's budget fund.
[2016/2/8 - 13:00:49] Vehicle ID 631 (Slot ID 180) Maintainence fee cost $0 to SFPD's budget fund.
[2016/2/8 - 13:00:49] Vehicle ID 632 (Slot ID 181) Maintainence fee cost $0 to SFPD's budget fund.
[2016/2/8 - 13:00:49] Vehicle ID 633 (Slot ID 182) Maintainence fee cost $0 to SFPD's budget fund.
[2016/2/8 - 13:00:49] Vehicle ID 634 (Slot ID 183) Maintainence fee cost $0 to SFPD's budget fund.
[2016/2/8 - 13:00:49] Vehicle ID 635 (Slot ID 184) Maintainence fee cost $0 to SFPD's budget fund.
[2016/2/8 - 13:00:49] Vehicle ID 636 (Slot ID 185) Maintainence fee cost $0 to SFPD's budget fund.
[2016/2/8 - 13:00:49] Vehicle ID 637 (Slot ID 186) Maintainence fee cost $0 to SFPD's budget fund.
[2016/2/8 - 13:00:49] Vehicle ID 638 (Slot ID 187) Maintainence fee cost $0 to SFPD's budget fund.
[2016/2/8 - 13:00:49] Vehicle ID 639 (Slot ID 188) Maintainence fee cost $0 to SFPD's budget fund.
[2016/2/8 - 13:00:49] Vehicle ID 640 (Slot ID 189) Maintainence fee cost $0 to SFPD's budget fund.
[2016/2/8 - 13:00:49] Vehicle ID 641 (Slot ID 190) Maintainence fee cost $0 to SFPD's budget fund.
[2016/2/8 - 13:00:49] Vehicle ID 642 (Slot ID 191) Maintainence fee cost $0 to SFPD's budget fund.
[2016/2/8 - 13:00:49] Vehicle ID 643 (Slot ID 192) Maintainence fee cost $0 to SFPD's budget fund.
[2016/2/8 - 13:15:53] Smith Robeo took a vest out of the SFPD locker at a cost of 1 HG Material.
[2016/2/8 - 13:15:57] Smith Robeo took a Combat Shotgun out of the SFPD locker at a cost of 0 HG Materials.
[2016/2/8 - 15:00:19] The faction vault is at $96,760
[2016/2/8 - 15:00:19] Vehicle ID 617 (Slot ID 166) Maintainence fee cost $0 to SFPD's budget fund.
[2016/2/8 - 15:00:19] Vehicle ID 620 (Slot ID 169) Maintainence fee cost $0 to SFPD's budget fund.
[2016/2/8 - 15:00:19] Vehicle ID 621 (Slot ID 170) Maintainence fee cost $0 to SFPD's budget fund.
[2016/2/8 - 15:00:19] Vehicle ID 622 (Slot ID 171) Maintainence fee cost $0 to SFPD's budget fund.
[2016/2/8 - 15:00:19] Vehicle ID 623 (Slot ID 172) Maintainence fee cost $0 to SFPD's budget fund.
[2016/2/8 - 15:00:19] Vehicle ID 624 (Slot ID 173) Maintainence fee cost $0 to SFPD's budget fund.
[2016/2/8 - 15:00:19] Vehicle ID 625 (Slot ID 174) Maintainence fee cost $0 to SFPD's budget fund.
[2016/2/8 - 15:00:19] Vehicle ID 626 (Slot ID 175) Maintainence fee cost $0 to SFPD's budget fund.
[2016/2/8 - 15:00:19] Vehicle ID 627 (Slot ID 176) Maintainence fee cost $0 to SFPD's budget fund.
[2016/2/8 - 15:00:19] Vehicle ID 628 (Slot ID 177) Maintainence fee cost $0 to SFPD's budget fund.
[2016/2/8 - 15:00:19] Vehicle ID 630 (Slot ID 179) Maintainence fee cost $0 to SFPD's budget fund.
[2016/2/8 - 15:00:19] Vehicle ID 631 (Slot ID 180) Maintainence fee cost $0 to SFPD's budget fund.
[2016/2/8 - 15:00:19] Vehicle ID 632 (Slot ID 181) Maintainence fee cost $0 to SFPD's budget fund.
[2016/2/8 - 15:00:19] Vehicle ID 633 (Slot ID 182) Maintainence fee cost $0 to SFPD's budget fund.
[2016/2/8 - 15:00:19] Vehicle ID 634 (Slot ID 183) Maintainence fee cost $0 to SFPD's budget fund.
[2016/2/8 - 15:00:19] Vehicle ID 635 (Slot ID 184) Maintainence fee cost $0 to SFPD's budget fund.
[2016/2/8 - 15:00:19] Vehicle ID 636 (Slot ID 185) Maintainence fee cost $0 to SFPD's budget fund.
[2016/2/8 - 15:00:19] Vehicle ID 637 (Slot ID 186) Maintainence fee cost $0 to SFPD's budget fund.
[2016/2/8 - 15:00:19] Vehicle ID 638 (Slot ID 187) Maintainence fee cost $0 to SFPD's budget fund.
[2016/2/8 - 15:00:19] Vehicle ID 639 (Slot ID 188) Maintainence fee cost $0 to SFPD's budget fund.
[2016/2/8 - 15:00:19] Vehicle ID 640 (Slot ID 189) Maintainence fee cost $0 to SFPD's budget fund.
[2016/2/8 - 15:00:19] Vehicle ID 641 (Slot ID 190) Maintainence fee cost $0 to SFPD's budget fund.
[2016/2/8 - 15:00:19] Vehicle ID 642 (Slot ID 191) Maintainence fee cost $0 to SFPD's budget fund.
[2016/2/8 - 15:00:19] Vehicle ID 643 (Slot ID 192) Maintainence fee cost $0 to SFPD's budget fund.
[2016/2/8 - 16:00:43] The faction vault is at $96,760
[2016/2/8 - 16:00:43] Vehicle ID 619 (Slot ID 166) Maintainence fee cost $0 to SFPD's budget fund.
[2016/2/8 - 16:00:43] Vehicle ID 622 (Slot ID 169) Maintainence fee cost $0 to SFPD's budget fund.
[2016/2/8 - 16:00:43] Vehicle ID 623 (Slot ID 170) Maintainence fee cost $0 to SFPD's budget fund.
[2016/2/8 - 16:00:43] Vehicle ID 624 (Slot ID 171) Maintainence fee cost $0 to SFPD's budget fund.
[2016/2/8 - 16:00:43] Vehicle ID 625 (Slot ID 172) Maintainence fee cost $0 to SFPD's budget fund.
[2016/2/8 - 16:00:43] Vehicle ID 626 (Slot ID 173) Maintainence fee cost $0 to SFPD's budget fund.
[2016/2/8 - 16:00:43] Vehicle ID 627 (Slot ID 174) Maintainence fee cost $0 to SFPD's budget fund.
[2016/2/8 - 16:00:43] Vehicle ID 628 (Slot ID 175) Maintainence fee cost $0 to SFPD's budget fund.
[2016/2/8 - 16:00:43] Vehicle ID 629 (Slot ID 176) Maintainence fee cost $0 to SFPD's budget fund.
[2016/2/8 - 16:00:43] Vehicle ID 630 (Slot ID 177) Maintainence fee cost $0 to SFPD's budget fund.
[2016/2/8 - 16:00:43] Vehicle ID 632 (Slot ID 179) Maintainence fee cost $0 to SFPD's budget fund.
[2016/2/8 - 16:00:43] Vehicle ID 633 (Slot ID 180) Maintainence fee cost $0 to SFPD's budget fund.
[2016/2/8 - 16:00:43] Vehicle ID 634 (Slot ID 181) Maintainence fee cost $0 to SFPD's budget fund.
[2016/2/8 - 16:00:43] Vehicle ID 635 (Slot ID 182) Maintainence fee cost $0 to SFPD's budget fund.
[2016/2/8 - 16:00:43] Vehicle ID 636 (Slot ID 183) Maintainence fee cost $0 to SFPD's budget fund.
[2016/2/8 - 16:00:43] Vehicle ID 637 (Slot ID 184) Maintainence fee cost $0 to SFPD's budget fund.
[2016/2/8 - 16:00:43] Vehicle ID 638 (Slot ID 185) Maintainence fee cost $0 to SFPD's budget fund.
[2016/2/8 - 16:00:43] Vehicle ID 639 (Slot ID 186) Maintainence fee cost $0 to SFPD's budget fund.
[2016/2/8 - 16:00:43] Vehicle ID 640 (Slot ID 187) Maintainence fee cost $0 to SFPD's budget fund.
[2016/2/8 - 16:00:43] Vehicle ID 641 (Slot ID 188) Maintainence fee cost $0 to SFPD's budget fund.
[2016/2/8 - 16:00:43] Vehicle ID 642 (Slot ID 189) Maintainence fee cost $0 to SFPD's budget fund.
[2016/2/8 - 16:00:43] Vehicle ID 643 (Slot ID 190) Maintainence fee cost $0 to SFPD's budget fund.
[2016/2/8 - 16:00:43] Vehicle ID 644 (Slot ID 191) Maintainence fee cost $0 to SFPD's budget fund.
[2016/2/8 - 16:00:43] Vehicle ID 645 (Slot ID 192) Maintainence fee cost $0 to SFPD's budget fund.
[2016/2/8 - 17:00:21] The faction vault is at $96,760
[2016/2/8 - 17:00:21] Vehicle ID 619 (Slot ID 166) Maintainence fee cost $0 to SFPD's budget fund.
[2016/2/8 - 17:00:21] Vehicle ID 622 (Slot ID 169) Maintainence fee cost $0 to SFPD's budget fund.
[2016/2/8 - 17:00:21] Vehicle ID 623 (Slot ID 170) Maintainence fee cost $0 to SFPD's budget fund.
[2016/2/8 - 17:00:21] Vehicle ID 624 (Slot ID 171) Maintainence fee cost $0 to SFPD's budget fund.
[2016/2/8 - 17:00:21] Vehicle ID 625 (Slot ID 172) Maintainence fee cost $0 to SFPD's budget fund.
[2016/2/8 - 17:00:21] Vehicle ID 626 (Slot ID 173) Maintainence fee cost $0 to SFPD's budget fund.
[2016/2/8 - 17:00:21] Vehicle ID 627 (Slot ID 174) Maintainence fee cost $0 to SFPD's budget fund.
[2016/2/8 - 17:00:21] Vehicle ID 628 (Slot ID 175) Maintainence fee cost $0 to SFPD's budget fund.
[2016/2/8 - 17:00:21] Vehicle ID 629 (Slot ID 176) Maintainence fee cost $0 to SFPD's budget fund.
[2016/2/8 - 17:00:21] Vehicle ID 630 (Slot ID 177) Maintainence fee cost $0 to SFPD's budget fund.
[2016/2/8 - 17:00:21] Vehicle ID 632 (Slot ID 179) Maintainence fee cost $0 to SFPD's budget fund.
[2016/2/8 - 17:00:21] Vehicle ID 633 (Slot ID 180) Maintainence fee cost $0 to SFPD's budget fund.
[2016/2/8 - 17:00:21] Vehicle ID 634 (Slot ID 181) Maintainence fee cost $0 to SFPD's budget fund.
[2016/2/8 - 17:00:21] Vehicle ID 635 (Slot ID 182) Maintainence fee cost $0 to SFPD's budget fund.
[2016/2/8 - 17:00:21] Vehicle ID 636 (Slot ID 183) Maintainence fee cost $0 to SFPD's budget fund.
[2016/2/8 - 17:00:21] Vehicle ID 637 (Slot ID 184) Maintainence fee cost $0 to SFPD's budget fund.
[2016/2/8 - 17:00:21] Vehicle ID 638 (Slot ID 185) Maintainence fee cost $0 to SFPD's budget fund.
[2016/2/8 - 17:00:21] Vehicle ID 639 (Slot ID 186) Maintainence fee cost $0 to SFPD's budget fund.
[2016/2/8 - 17:00:21] Vehicle ID 640 (Slot ID 187) Maintainence fee cost $0 to SFPD's budget fund.
[2016/2/8 - 17:00:21] Vehicle ID 641 (Slot ID 188) Maintainence fee cost $0 to SFPD's budget fund.
[2016/2/8 - 17:00:21] Vehicle ID 642 (Slot ID 189) Maintainence fee cost $0 to SFPD's budget fund.
[2016/2/8 - 17:00:21] Vehicle ID 643 (Slot ID 190) Maintainence fee cost $0 to SFPD's budget fund.
[2016/2/8 - 17:00:21] Vehicle ID 644 (Slot ID 191) Maintainence fee cost $0 to SFPD's budget fund.
[2016/2/8 - 17:00:21] Vehicle ID 645 (Slot ID 192) Maintainence fee cost $0 to SFPD's budget fund.
[2016/2/8 - 18:00:59] The faction vault is at $96,760
[2016/2/8 - 18:00:59] Vehicle ID 619 (Slot ID 166) Maintainence fee cost $0 to SFPD's budget fund.
[2016/2/8 - 18:00:59] Vehicle ID 622 (Slot ID 169) Maintainence fee cost $0 to SFPD's budget fund.
[2016/2/8 - 18:00:59] Vehicle ID 623 (Slot ID 170) Maintainence fee cost $0 to SFPD's budget fund.
[2016/2/8 - 18:00:59] Vehicle ID 624 (Slot ID 171) Maintainence fee cost $0 to SFPD's budget fund.
[2016/2/8 - 18:00:59] Vehicle ID 625 (Slot ID 172) Maintainence fee cost $0 to SFPD's budget fund.
[2016/2/8 - 18:00:59] Vehicle ID 626 (Slot ID 173) Maintainence fee cost $0 to SFPD's budget fund.
[2016/2/8 - 18:00:59] Vehicle ID 627 (Slot ID 174) Maintainence fee cost $0 to SFPD's budget fund.
[2016/2/8 - 18:00:59] Vehicle ID 628 (Slot ID 175) Maintainence fee cost $0 to SFPD's budget fund.
[2016/2/8 - 18:00:59] Vehicle ID 629 (Slot ID 176) Maintainence fee cost $0 to SFPD's budget fund.
[2016/2/8 - 18:00:59] Vehicle ID 630 (Slot ID 177) Maintainence fee cost $0 to SFPD's budget fund.
[2016/2/8 - 18:00:59] Vehicle ID 632 (Slot ID 179) Maintainence fee cost $0 to SFPD's budget fund.
[2016/2/8 - 18:00:59] Vehicle ID 633 (Slot ID 180) Maintainence fee cost $0 to SFPD's budget fund.
[2016/2/8 - 18:00:59] Vehicle ID 634 (Slot ID 181) Maintainence fee cost $0 to SFPD's budget fund.
[2016/2/8 - 18:00:59] Vehicle ID 635 (Slot ID 182) Maintainence fee cost $0 to SFPD's budget fund.
[2016/2/8 - 18:00:59] Vehicle ID 636 (Slot ID 183) Maintainence fee cost $0 to SFPD's budget fund.
[2016/2/8 - 18:00:59] Vehicle ID 637 (Slot ID 184) Maintainence fee cost $0 to SFPD's budget fund.
[2016/2/8 - 18:00:59] Vehicle ID 638 (Slot ID 185) Maintainence fee cost $0 to SFPD's budget fund.
[2016/2/8 - 18:00:59] Vehicle ID 639 (Slot ID 186) Maintainence fee cost $0 to SFPD's budget fund.
[2016/2/8 - 18:00:59] Vehicle ID 640 (Slot ID 187) Maintainence fee cost $0 to SFPD's budget fund.
[2016/2/8 - 18:00:59] Vehicle ID 641 (Slot ID 188) Maintainence fee cost $0 to SFPD's budget fund.
[2016/2/8 - 18:00:59] Vehicle ID 642 (Slot ID 189) Maintainence fee cost $0 to SFPD's budget fund.
[2016/2/8 - 18:00:59] Vehicle ID 643 (Slot ID 190) Maintainence fee cost $0 to SFPD's budget fund.
[2016/2/8 - 18:00:59] Vehicle ID 644 (Slot ID 191) Maintainence fee cost $0 to SFPD's budget fund.
[2016/2/8 - 18:00:59] Vehicle ID 645 (Slot ID 192) Maintainence fee cost $0 to SFPD's budget fund.
[2016/2/8 - 19:00:14] The faction vault is at $96,760
[2016/2/8 - 19:00:14] Vehicle ID 619 (Slot ID 166) Maintainence fee cost $0 to SFPD's budget fund.
[2016/2/8 - 19:00:14] Vehicle ID 622 (Slot ID 169) Maintainence fee cost $0 to SFPD's budget fund.
[2016/2/8 - 19:00:14] Vehicle ID 623 (Slot ID 170) Maintainence fee cost $0 to SFPD's budget fund.
[2016/2/8 - 19:00:14] Vehicle ID 624 (Slot ID 171) Maintainence fee cost $0 to SFPD's budget fund.
[2016/2/8 - 19:00:14] Vehicle ID 625 (Slot ID 172) Maintainence fee cost $0 to SFPD's budget fund.
[2016/2/8 - 19:00:14] Vehicle ID 626 (Slot ID 173) Maintainence fee cost $0 to SFPD's budget fund.
[2016/2/8 - 19:00:14] Vehicle ID 627 (Slot ID 174) Maintainence fee cost $0 to SFPD's budget fund.
[2016/2/8 - 19:00:14] Vehicle ID 628 (Slot ID 175) Maintainence fee cost $0 to SFPD's budget fund.
[2016/2/8 - 19:00:14] Vehicle ID 629 (Slot ID 176) Maintainence fee cost $0 to SFPD's budget fund.
[2016/2/8 - 19:00:14] Vehicle ID 630 (Slot ID 177) Maintainence fee cost $0 to SFPD's budget fund.
[2016/2/8 - 19:00:14] Vehicle ID 632 (Slot ID 179) Maintainence fee cost $0 to SFPD's budget fund.
[2016/2/8 - 19:00:14] Vehicle ID 633 (Slot ID 180) Maintainence fee cost $0 to SFPD's budget fund.
[2016/2/8 - 19:00:14] Vehicle ID 634 (Slot ID 181) Maintainence fee cost $0 to SFPD's budget fund.
[2016/2/8 - 19:00:14] Vehicle ID 635 (Slot ID 182) Maintainence fee cost $0 to SFPD's budget fund.
[2016/2/8 - 19:00:14] Vehicle ID 636 (Slot ID 183) Maintainence fee cost $0 to SFPD's budget fund.
[2016/2/8 - 19:00:14] Vehicle ID 637 (Slot ID 184) Maintainence fee cost $0 to SFPD's budget fund.
[2016/2/8 - 19:00:14] Vehicle ID 638 (Slot ID 185) Maintainence fee cost $0 to SFPD's budget fund.
[2016/2/8 - 19:00:14] Vehicle ID 639 (Slot ID 186) Maintainence fee cost $0 to SFPD's budget fund.
[2016/2/8 - 19:00:14] Vehicle ID 640 (Slot ID 187) Maintainence fee cost $0 to SFPD's budget fund.
[2016/2/8 - 19:00:14] Vehicle ID 641 (Slot ID 188) Maintainence fee cost $0 to SFPD's budget fund.
[2016/2/8 - 19:00:14] Vehicle ID 642 (Slot ID 189) Maintainence fee cost $0 to SFPD's budget fund.
[2016/2/8 - 19:00:14] Vehicle ID 643 (Slot ID 190) Maintainence fee cost $0 to SFPD's budget fund.
[2016/2/8 - 19:00:14] Vehicle ID 644 (Slot ID 191) Maintainence fee cost $0 to SFPD's budget fund.
[2016/2/8 - 19:00:14] Vehicle ID 645 (Slot ID 192) Maintainence fee cost $0 to SFPD's budget fund.
[2016/2/8 - 20:00:30] The faction vault is at $96,760
[2016/2/8 - 20:00:30] Vehicle ID 619 (Slot ID 166) Maintainence fee cost $0 to SFPD's budget fund.
[2016/2/8 - 20:00:30] Vehicle ID 622 (Slot ID 169) Maintainence fee cost $0 to SFPD's budget fund.
[2016/2/8 - 20:00:30] Vehicle ID 623 (Slot ID 170) Maintainence fee cost $0 to SFPD's budget fund.
[2016/2/8 - 20:00:30] Vehicle ID 624 (Slot ID 171) Maintainence fee cost $0 to SFPD's budget fund.
[2016/2/8 - 20:00:30] Vehicle ID 625 (Slot ID 172) Maintainence fee cost $0 to SFPD's budget fund.
[2016/2/8 - 20:00:30] Vehicle ID 626 (Slot ID 173) Maintainence fee cost $0 to SFPD's budget fund.
[2016/2/8 - 20:00:30] Vehicle ID 627 (Slot ID 174) Maintainence fee cost $0 to SFPD's budget fund.
[2016/2/8 - 20:00:30] Vehicle ID 628 (Slot ID 175) Maintainence fee cost $0 to SFPD's budget fund.
[2016/2/8 - 20:00:30] Vehicle ID 629 (Slot ID 176) Maintainence fee cost $0 to SFPD's budget fund.
[2016/2/8 - 20:00:30] Vehicle ID 630 (Slot ID 177) Maintainence fee cost $0 to SFPD's budget fund.
[2016/2/8 - 20:00:30] Vehicle ID 632 (Slot ID 179) Maintainence fee cost $0 to SFPD's budget fund.
[2016/2/8 - 20:00:30] Vehicle ID 633 (Slot ID 180) Maintainence fee cost $0 to SFPD's budget fund.
[2016/2/8 - 20:00:30] Vehicle ID 634 (Slot ID 181) Maintainence fee cost $0 to SFPD's budget fund.
[2016/2/8 - 20:00:30] Vehicle ID 635 (Slot ID 182) Maintainence fee cost $0 to SFPD's budget fund.
[2016/2/8 - 20:00:30] Vehicle ID 636 (Slot ID 183) Maintainence fee cost $0 to SFPD's budget fund.
[2016/2/8 - 20:00:30] Vehicle ID 637 (Slot ID 184) Maintainence fee cost $0 to SFPD's budget fund.
[2016/2/8 - 20:00:30] Vehicle ID 638 (Slot ID 185) Maintainence fee cost $0 to SFPD's budget fund.
[2016/2/8 - 20:00:30] Vehicle ID 639 (Slot ID 186) Maintainence fee cost $0 to SFPD's budget fund.
[2016/2/8 - 20:00:30] Vehicle ID 640 (Slot ID 187) Maintainence fee cost $0 to SFPD's budget fund.
[2016/2/8 - 20:00:30] Vehicle ID 641 (Slot ID 188) Maintainence fee cost $0 to SFPD's budget fund.
[2016/2/8 - 20:00:30] Vehicle ID 642 (Slot ID 189) Maintainence fee cost $0 to SFPD's budget fund.
[2016/2/8 - 20:00:30] Vehicle ID 643 (Slot ID 190) Maintainence fee cost $0 to SFPD's budget fund.
[2016/2/8 - 20:00:30] Vehicle ID 644 (Slot ID 191) Maintainence fee cost $0 to SFPD's budget fund.
[2016/2/8 - 20:00:30] Vehicle ID 645 (Slot ID 192) Maintainence fee cost $0 to SFPD's budget fund.
[2016/2/8 - 21:00:45] The faction vault is at $96,760
[2016/2/8 - 21:00:45] Vehicle ID 622 (Slot ID 169) Maintainence fee cost $0 to SFPD's budget fund.
[2016/2/8 - 21:00:45] Vehicle ID 623 (Slot ID 170) Maintainence fee cost $0 to SFPD's budget fund.
[2016/2/8 - 21:00:45] Vehicle ID 624 (Slot ID 171) Maintainence fee cost $0 to SFPD's budget fund.
[2016/2/8 - 21:00:45] Vehicle ID 625 (Slot ID 172) Maintainence fee cost $0 to SFPD's budget fund.
[2016/2/8 - 21:00:45] Vehicle ID 626 (Slot ID 173) Maintainence fee cost $0 to SFPD's budget fund.
[2016/2/8 - 21:00:45] Vehicle ID 627 (Slot ID 174) Maintainence fee cost $0 to SFPD's budget fund.
[2016/2/8 - 21:00:45] Vehicle ID 628 (Slot ID 175) Maintainence fee cost $0 to SFPD's budget fund.
[2016/2/8 - 21:00:45] Vehicle ID 629 (Slot ID 176) Maintainence fee cost $0 to SFPD's budget fund.
[2016/2/8 - 21:00:45] Vehicle ID 630 (Slot ID 177) Maintainence fee cost $0 to SFPD's budget fund.
[2016/2/8 - 21:00:45] Vehicle ID 632 (Slot ID 179) Maintainence fee cost $0 to SFPD's budget fund.
[2016/2/8 - 21:00:45] Vehicle ID 633 (Slot ID 180) Maintainence fee cost $0 to SFPD's budget fund.
[2016/2/8 - 21:00:45] Vehicle ID 634 (Slot ID 181) Maintainence fee cost $0 to SFPD's budget fund.
[2016/2/8 - 21:00:45] Vehicle ID 635 (Slot ID 182) Maintainence fee cost $0 to SFPD's budget fund.
[2016/2/8 - 21:00:45] Vehicle ID 636 (Slot ID 183) Maintainence fee cost $0 to SFPD's budget fund.
[2016/2/8 - 21:00:45] Vehicle ID 637 (Slot ID 184) Maintainence fee cost $0 to SFPD's budget fund.
[2016/2/8 - 21:00:45] Vehicle ID 638 (Slot ID 185) Maintainence fee cost $0 to SFPD's budget fund.
[2016/2/8 - 21:00:45] Vehicle ID 639 (Slot ID 186) Maintainence fee cost $0 to SFPD's budget fund.
[2016/2/8 - 21:00:45] Vehicle ID 640 (Slot ID 187) Maintainence fee cost $0 to SFPD's budget fund.
[2016/2/8 - 21:00:45] Vehicle ID 641 (Slot ID 188) Maintainence fee cost $0 to SFPD's budget fund.
[2016/2/8 - 21:00:45] Vehicle ID 642 (Slot ID 189) Maintainence fee cost $0 to SFPD's budget fund.
[2016/2/8 - 21:00:45] Vehicle ID 643 (Slot ID 190) Maintainence fee cost $0 to SFPD's budget fund.
[2016/2/8 - 21:00:45] Vehicle ID 644 (Slot ID 191) Maintainence fee cost $0 to SFPD's budget fund.
[2016/2/8 - 21:00:45] Vehicle ID 645 (Slot ID 192) Maintainence fee cost $0 to SFPD's budget fund.
[2016/2/8 - 23:00:42] The faction vault is at $96,760
[2016/2/8 - 23:00:42] Vehicle ID 614 (Slot ID 169) Maintainence fee cost $0 to SFPD's budget fund.
[2016/2/8 - 23:00:42] Vehicle ID 615 (Slot ID 170) Maintainence fee cost $0 to SFPD's budget fund.
[2016/2/8 - 23:00:42] Vehicle ID 616 (Slot ID 171) Maintainence fee cost $0 to SFPD's budget fund.
[2016/2/8 - 23:00:42] Vehicle ID 617 (Slot ID 172) Maintainence fee cost $0 to SFPD's budget fund.
[2016/2/8 - 23:00:42] Vehicle ID 618 (Slot ID 173) Maintainence fee cost $0 to SFPD's budget fund.
[2016/2/8 - 23:00:42] Vehicle ID 619 (Slot ID 174) Maintainence fee cost $0 to SFPD's budget fund.
[2016/2/8 - 23:00:42] Vehicle ID 620 (Slot ID 175) Maintainence fee cost $0 to SFPD's budget fund.
[2016/2/8 - 23:00:42] Vehicle ID 621 (Slot ID 176) Maintainence fee cost $0 to SFPD's budget fund.
[2016/2/8 - 23:00:42] Vehicle ID 622 (Slot ID 177) Maintainence fee cost $0 to SFPD's budget fund.
[2016/2/8 - 23:00:42] Vehicle ID 624 (Slot ID 179) Maintainence fee cost $0 to SFPD's budget fund.
[2016/2/8 - 23:00:42] Vehicle ID 625 (Slot ID 180) Maintainence fee cost $0 to SFPD's budget fund.
[2016/2/8 - 23:00:42] Vehicle ID 626 (Slot ID 181) Maintainence fee cost $0 to SFPD's budget fund.
[2016/2/8 - 23:00:42] Vehicle ID 627 (Slot ID 182) Maintainence fee cost $0 to SFPD's budget fund.
[2016/2/8 - 23:00:42] Vehicle ID 628 (Slot ID 183) Maintainence fee cost $0 to SFPD's budget fund.
[2016/2/8 - 23:00:42] Vehicle ID 629 (Slot ID 184) Maintainence fee cost $0 to SFPD's budget fund.
[2016/2/8 - 23:00:42] Vehicle ID 630 (Slot ID 185) Maintainence fee cost $0 to SFPD's budget fund.
[2016/2/8 - 23:00:42] Vehicle ID 631 (Slot ID 186) Maintainence fee cost $0 to SFPD's budget fund.
[2016/2/8 - 23:00:42] Vehicle ID 632 (Slot ID 187) Maintainence fee cost $0 to SFPD's budget fund.
[2016/2/8 - 23:00:42] Vehicle ID 633 (Slot ID 188) Maintainence fee cost $0 to SFPD's budget fund.
[2016/2/8 - 23:00:42] Vehicle ID 634 (Slot ID 189) Maintainence fee cost $0 to SFPD's budget fund.
[2016/2/8 - 23:00:42] Vehicle ID 635 (Slot ID 190) Maintainence fee cost $0 to SFPD's budget fund.
[2016/2/8 - 23:00:42] Vehicle ID 636 (Slot ID 191) Maintainence fee cost $0 to SFPD's budget fund.
[2016/2/8 - 23:00:42] Vehicle ID 637 (Slot ID 192) Maintainence fee cost $0 to SFPD's budget fund.
