[2016/2/3 - 0:00:02] The faction vault is at $6,197,966
[2016/2/3 - 0:00:02] SA Gov Paid $81,000 to FBI budget fund.
[2016/2/3 - 1:00:56] The faction vault is at $6,278,966
[2016/2/3 - 1:00:57] SA Gov Paid $81,000 to FBI budget fund.
[2016/2/3 - 3:00:40] The faction vault is at $6,359,966
[2016/2/3 - 3:00:41] SA Gov Paid $81,000 to FBI budget fund.
[2016/2/3 - 4:00:18] The faction vault is at $6,440,966
[2016/2/3 - 4:00:18] SA Gov Paid $81,000 to FBI budget fund.
[2016/2/3 - 5:00:52] The faction vault is at $6,521,966
[2016/2/3 - 5:00:53] SA Gov Paid $81,000 to FBI budget fund.
[2016/2/3 - 6:00:16] The faction vault is at $6,602,966
[2016/2/3 - 6:00:16] SA Gov Paid $81,000 to FBI budget fund.
[2016/2/3 - 7:00:02] The faction vault is at $6,683,966
[2016/2/3 - 7:00:02] SA Gov Paid $81,000 to FBI budget fund.
[2016/2/3 - 8:00:30] The faction vault is at $6,764,966
[2016/2/3 - 8:00:30] SA Gov Paid $81,000 to FBI budget fund.
[2016/2/3 - 9:01:03] The faction vault is at $6,845,966
[2016/2/3 - 9:01:04] SA Gov Paid $81,000 to FBI budget fund.
[2016/2/3 - 10:01:00] The faction vault is at $6,926,966
[2016/2/3 - 10:01:01] SA Gov Paid $81,000 to FBI budget fund.
[2016/2/3 - 10:27:45] David Vila took a Parachute out of the FBI locker at a cost of 0 HG Materials.
[2016/2/3 - 10:27:47] David Vila took a vest out of the FBI locker at a cost of 1 HG Material.
[2016/2/3 - 10:27:49] David Vila took a vest for their car out of the FBI locker at a cost of 1 HG Material.
[2016/2/3 - 10:38:38] Bet Stom took a vest out of the FBI locker at a cost of 1 HG Material.
[2016/2/3 - 10:39:28] Bet Stom took a M4 out of the FBI locker at a cost of 8 HG Materials.
[2016/2/3 - 10:39:32] Bet Stom took a Combat Shotgun out of the FBI locker at a cost of 12 HG Materials.
[2016/2/3 - 10:39:36] Bet Stom took a Sniper Rifle out of the FBI locker at a cost of 10 HG Materials.
[2016/2/3 - 10:46:31] David Vila took a vest out of the FBI locker at a cost of 1 HG Material.
[2016/2/3 - 11:00:55] The faction vault is at $7,007,966
[2016/2/3 - 11:00:55] SA Gov Paid $81,000 to FBI budget fund.
[2016/2/3 - 11:01:54] Bet Stom took a vest out of the FBI locker at a cost of 1 HG Material.
[2016/2/3 - 11:01:55] Bet Stom took a vest out of the FBI locker at a cost of 1 HG Material.
[2016/2/3 - 11:01:58] Bet Stom took a Desert Eagle out of the FBI locker at a cost of 3 HG Materials.
[2016/2/3 - 11:02:02] Bet Stom took a M4 out of the FBI locker at a cost of 8 HG Materials.
[2016/2/3 - 11:02:10] Bet Stom took a Combat Shotgun out of the FBI locker at a cost of 12 HG Materials.
[2016/2/3 - 11:02:13] Bet Stom took a Sniper Rifle out of the FBI locker at a cost of 10 HG Materials.
[2016/2/3 - 11:02:22] Bet Stom took a vest for their car out of the FBI locker at a cost of 1 HG Material.
[2016/2/3 - 11:12:38] Bet Stom took a vest out of the FBI locker at a cost of 1 HG Material.
[2016/2/3 - 11:12:40] Bet Stom took a vest out of the FBI locker at a cost of 1 HG Material.
[2016/2/3 - 11:12:42] Bet Stom took a vest for their car out of the FBI locker at a cost of 1 HG Material.
[2016/2/3 - 11:12:48] Bet Stom took a Combat Shotgun out of the FBI locker at a cost of 12 HG Materials.
[2016/2/3 - 11:12:50] Bet Stom took a M4 out of the FBI locker at a cost of 8 HG Materials.
[2016/2/3 - 11:12:53] Bet Stom took a Desert Eagle out of the FBI locker at a cost of 3 HG Materials.
[2016/2/3 - 11:12:57] Bet Stom took a Sniper Rifle out of the FBI locker at a cost of 10 HG Materials.
[2016/2/3 - 11:33:10] Bet Stom took a vest out of the FBI locker at a cost of 1 HG Material.
[2016/2/3 - 11:33:14] Bet Stom took a vest out of the FBI locker at a cost of 1 HG Material.
[2016/2/3 - 11:33:16] Bet Stom took a vest for their car out of the FBI locker at a cost of 1 HG Material.
[2016/2/3 - 11:34:02] Bet Stom took a Desert Eagle out of the FBI locker at a cost of 3 HG Materials.
[2016/2/3 - 11:34:05] Bet Stom took a M4 out of the FBI locker at a cost of 8 HG Materials.
[2016/2/3 - 11:34:07] Bet Stom took a Combat Shotgun out of the FBI locker at a cost of 12 HG Materials.
[2016/2/3 - 11:34:11] Bet Stom took a Sniper Rifle out of the FBI locker at a cost of 10 HG Materials.
[2016/2/3 - 11:34:17] Bet Stom took a AK47 out of the FBI locker at a cost of 8 HG Materials.
[2016/2/3 - 12:00:39] The faction vault is at $7,088,966
[2016/2/3 - 12:00:39] SA Gov Paid $81,000 to FBI budget fund.
[2016/2/3 - 13:00:22] The faction vault is at $7,169,966
[2016/2/3 - 13:00:22] SA Gov Paid $81,000 to FBI budget fund.
[2016/2/3 - 14:00:56] The faction vault is at $7,250,966
[2016/2/3 - 14:00:56] SA Gov Paid $81,000 to FBI budget fund.
[2016/2/3 - 15:01:04] The faction vault is at $7,331,966
[2016/2/3 - 15:01:04] SA Gov Paid $81,000 to FBI budget fund.
[2016/2/3 - 16:00:49] The faction vault is at $7,412,966
[2016/2/3 - 16:00:49] SA Gov Paid $81,000 to FBI budget fund.
[2016/2/3 - 17:01:02] The faction vault is at $7,493,966
[2016/2/3 - 17:01:02] SA Gov Paid $81,000 to FBI budget fund.
[2016/2/3 - 17:49:47] Bet Stom took a vest out of the FBI locker at a cost of 1 HG Material.
[2016/2/3 - 17:53:56] Bet Stom took a vest out of the FBI locker at a cost of 1 HG Material.
[2016/2/3 - 17:54:00] Bet Stom took a Desert Eagle out of the FBI locker at a cost of 3 HG Materials.
[2016/2/3 - 17:54:09] Bet Stom took a M4 out of the FBI locker at a cost of 8 HG Materials.
[2016/2/3 - 17:54:12] Bet Stom took a Combat Shotgun out of the FBI locker at a cost of 12 HG Materials.
[2016/2/3 - 17:54:16] Bet Stom took a Sniper Rifle out of the FBI locker at a cost of 10 HG Materials.
[2016/2/3 - 18:00:24] The faction vault is at $7,574,966
[2016/2/3 - 18:00:24] SA Gov Paid $81,000 to FBI budget fund.
[2016/2/3 - 18:07:07] David Money took a Combat Shotgun out of the FBI locker at a cost of 12 HG Materials.
[2016/2/3 - 18:07:13] David Money took a M4 out of the FBI locker at a cost of 8 HG Materials.
[2016/2/3 - 18:07:16] David Money took a Combat Shotgun out of the FBI locker at a cost of 12 HG Materials.
[2016/2/3 - 18:07:19] David Money took a Sniper Rifle out of the FBI locker at a cost of 10 HG Materials.
[2016/2/3 - 18:07:21] David Money took a vest out of the FBI locker at a cost of 1 HG Material.
[2016/2/3 - 18:07:23] David Money took a vest for their car out of the FBI locker at a cost of 1 HG Material.
[2016/2/3 - 18:42:28] Bet Stom took a vest out of the FBI locker at a cost of 1 HG Material.
[2016/2/3 - 18:42:33] Bet Stom took a vest out of the FBI locker at a cost of 1 HG Material.
[2016/2/3 - 18:42:43] Bet Stom took a vest for their car out of the FBI locker at a cost of 1 HG Material.
[2016/2/3 - 18:42:50] Bet Stom took a Desert Eagle out of the FBI locker at a cost of 3 HG Materials.
[2016/2/3 - 18:42:53] Bet Stom took a M4 out of the FBI locker at a cost of 8 HG Materials.
[2016/2/3 - 18:42:57] Bet Stom took a Combat Shotgun out of the FBI locker at a cost of 12 HG Materials.
[2016/2/3 - 18:56:13] David Money took a Combat Shotgun out of the FBI locker at a cost of 12 HG Materials.
[2016/2/3 - 18:56:15] David Money took a M4 out of the FBI locker at a cost of 8 HG Materials.
[2016/2/3 - 18:56:18] David Money took a Sniper Rifle out of the FBI locker at a cost of 10 HG Materials.
[2016/2/3 - 18:56:20] David Money took a Nite Stick out of the FBI locker at a cost of 0 HG Materials.
[2016/2/3 - 18:56:25] David Money took a MP5 out of the FBI locker at a cost of 5 HG Materials.
[2016/2/3 - 18:56:29] David Money took a vest for their car out of the FBI locker at a cost of 1 HG Material.
[2016/2/3 - 19:00:06] The faction vault is at $7,655,966
[2016/2/3 - 19:00:06] SA Gov Paid $81,000 to FBI budget fund.
[2016/2/3 - 19:07:02] Be Vy has been arrested by David Money and fined $30000. $10000 has been sent to FBI's budget fund.
[2016/2/3 - 19:19:37] An Beo has been arrested by David Money and fined $30000. $10000 has been sent to FBI's budget fund.
[2016/2/3 - 19:23:01] Bet Stom took a Combat Shotgun out of the FBI locker at a cost of 12 HG Materials.
[2016/2/3 - 19:23:04] Bet Stom took a M4 out of the FBI locker at a cost of 8 HG Materials.
[2016/2/3 - 19:23:06] Bet Stom took a vest out of the FBI locker at a cost of 1 HG Material.
[2016/2/3 - 19:23:33] Bet Stom took a vest out of the FBI locker at a cost of 1 HG Material.
[2016/2/3 - 19:24:17] David Money took a Combat Shotgun out of the FBI locker at a cost of 12 HG Materials.
[2016/2/3 - 19:24:19] David Money took a M4 out of the FBI locker at a cost of 8 HG Materials.
[2016/2/3 - 19:24:21] David Money took a Sniper Rifle out of the FBI locker at a cost of 10 HG Materials.
[2016/2/3 - 19:24:28] David Money took a Nite Stick out of the FBI locker at a cost of 0 HG Materials.
[2016/2/3 - 19:34:16] Phong Goodboy has been arrested by David Money and fined $30000. $10000 has been sent to FBI's budget fund.
[2016/2/3 - 19:42:18] Bet Stom took a vest out of the FBI locker at a cost of 1 HG Material.
[2016/2/3 - 19:42:28] Bet Stom took a AK47 out of the FBI locker at a cost of 8 HG Materials.
[2016/2/3 - 19:42:32] Bet Stom took a vest for their car out of the FBI locker at a cost of 1 HG Material.
[2016/2/3 - 19:47:52] David Tien took a vest out of the FBI locker at a cost of 1 HG Material.
[2016/2/3 - 19:47:55] David Tien took a Desert Eagle out of the FBI locker at a cost of 3 HG Materials.
[2016/2/3 - 19:48:07] David Tien took a MP5 out of the FBI locker at a cost of 5 HG Materials.
[2016/2/3 - 19:48:12] David Tien took a Shotgun out of the FBI locker at a cost of 3 HG Materials.
[2016/2/3 - 19:48:41] David Tien took a vest for their car out of the FBI locker at a cost of 1 HG Material.
[2016/2/3 - 19:51:12] NguyenThi HuynhThi took a vest out of the FBI locker at a cost of 1 HG Material.
[2016/2/3 - 19:51:27] NguyenThi HuynhThi took a Desert Eagle out of the FBI locker at a cost of 3 HG Materials.
[2016/2/3 - 19:52:31] NguyenThi HuynhThi took a vest for their car out of the FBI locker at a cost of 1 HG Material.
[2016/2/3 - 19:52:59] NguyenThi HuynhThi took a MP5 out of the FBI locker at a cost of 5 HG Materials.
[2016/2/3 - 19:52:59] Fate Jonhson took a vest out of the FBI locker at a cost of 1 HG Material.
[2016/2/3 - 19:53:10] Fate Jonhson took a vest for their car out of the FBI locker at a cost of 1 HG Material.
[2016/2/3 - 19:53:14] Fate Jonhson took a vest out of the FBI locker at a cost of 1 HG Material.
[2016/2/3 - 19:53:20] Fate Jonhson took a Desert Eagle out of the FBI locker at a cost of 3 HG Materials.
[2016/2/3 - 19:53:24] Fate Jonhson took a MP5 out of the FBI locker at a cost of 5 HG Materials.
[2016/2/3 - 19:53:26] Fate Jonhson took a Nite Stick out of the FBI locker at a cost of 0 HG Materials.
[2016/2/3 - 19:57:24] NguyenThi HuynhThi took a vest out of the FBI locker at a cost of 1 HG Material.
[2016/2/3 - 19:57:26] NguyenThi HuynhThi took a Desert Eagle out of the FBI locker at a cost of 3 HG Materials.
[2016/2/3 - 19:57:29] NguyenThi HuynhThi took a MP5 out of the FBI locker at a cost of 5 HG Materials.
[2016/2/3 - 19:59:49] Tyn Changes took a M4 out of the FBI locker at a cost of 8 HG Materials.
[2016/2/3 - 19:59:56] Tyn Changes took a Desert Eagle out of the FBI locker at a cost of 3 HG Materials.
[2016/2/3 - 20:00:51] Tyn Changes took a vest out of the FBI locker at a cost of 1 HG Material.
[2016/2/3 - 20:01:05] The faction vault is at $7,766,966
[2016/2/3 - 20:01:05] SA Gov Paid $81,000 to FBI budget fund.
[2016/2/3 - 20:01:05] Vehicle ID 552 (Slot ID 80) Maintainence fee cost $0 to FBI's budget fund.
[2016/2/3 - 20:05:18] Fate Jonhson took a vest out of the FBI locker at a cost of 1 HG Material.
[2016/2/3 - 20:05:20] Bet Stom took a vest out of the FBI locker at a cost of 1 HG Material.
[2016/2/3 - 20:08:50] David Anonymos took a vest out of the FBI locker at a cost of 1 HG Material.
[2016/2/3 - 20:08:55] David Anonymos took a Nite Stick out of the FBI locker at a cost of 0 HG Materials.
[2016/2/3 - 20:09:10] David Anonymos took a Spray Can out of the FBI locker at a cost of 0 HG Materials.
[2016/2/3 - 20:09:12] David Anonymos took a Teargas out of the FBI locker at a cost of 1 HG Materials.
[2016/2/3 - 20:09:14] David Anonymos took a Desert Eagle out of the FBI locker at a cost of 3 HG Materials.
[2016/2/3 - 20:09:17] David Anonymos took a Desert Eagle out of the FBI locker at a cost of 3 HG Materials.
[2016/2/3 - 20:09:19] David Anonymos took a Shotgun out of the FBI locker at a cost of 3 HG Materials.
[2016/2/3 - 20:09:22] David Anonymos took a MP5 out of the FBI locker at a cost of 5 HG Materials.
[2016/2/3 - 20:09:26] David Anonymos took a vest out of the FBI locker at a cost of 1 HG Material.
[2016/2/3 - 20:09:27] David Anonymos took a vest for their car out of the FBI locker at a cost of 1 HG Material.
[2016/2/3 - 20:16:01] Tyn Changes took a vest out of the FBI locker at a cost of 1 HG Material.
[2016/2/3 - 20:23:26] David Anonymos took a vest out of the FBI locker at a cost of 1 HG Material.
[2016/2/3 - 20:23:28] David Anonymos took a Nite Stick out of the FBI locker at a cost of 0 HG Materials.
[2016/2/3 - 20:23:30] David Anonymos took a Spray Can out of the FBI locker at a cost of 0 HG Materials.
[2016/2/3 - 20:23:32] David Anonymos took a Teargas out of the FBI locker at a cost of 1 HG Materials.
[2016/2/3 - 20:23:34] David Anonymos took a Desert Eagle out of the FBI locker at a cost of 3 HG Materials.
[2016/2/3 - 20:23:36] David Anonymos took a Shotgun out of the FBI locker at a cost of 3 HG Materials.
[2016/2/3 - 20:23:38] David Anonymos took a MP5 out of the FBI locker at a cost of 5 HG Materials.
[2016/2/3 - 20:23:42] David Anonymos took a vest out of the FBI locker at a cost of 1 HG Material.
[2016/2/3 - 20:23:45] David Anonymos took a vest for their car out of the FBI locker at a cost of 1 HG Material.
[2016/2/3 - 20:26:24] Bet Stom took a vest out of the FBI locker at a cost of 1 HG Material.
[2016/2/3 - 20:28:50] EVO Shark has been arrested by NguyenThi HuynhThi and fined $30000. $10000 has been sent to FBI's budget fund.
[2016/2/3 - 20:31:22] David Money has withdrawn $13 from FBI's Budget Fund - reason: 7857966
[2016/2/3 - 20:33:38] David Money has withdrawn $7000000 from FBI's Budget Fund - reason: mua xe
[2016/2/3 - 20:34:06] David Money da dong gop $7,100,000 de FBI von ngan sach.
[2016/2/3 - 20:40:39] Bet Stom took a vest out of the FBI locker at a cost of 1 HG Material.
[2016/2/3 - 20:40:42] Bet Stom took a vest for their car out of the FBI locker at a cost of 1 HG Material.
[2016/2/3 - 20:40:47] Bet Stom took a Desert Eagle out of the FBI locker at a cost of 3 HG Materials.
[2016/2/3 - 20:40:51] Bet Stom took a M4 out of the FBI locker at a cost of 8 HG Materials.
[2016/2/3 - 20:40:52] Fate Jonhson took a vest out of the FBI locker at a cost of 1 HG Material.
[2016/2/3 - 20:40:54] Fate Jonhson took a Desert Eagle out of the FBI locker at a cost of 3 HG Materials.
[2016/2/3 - 20:40:55] Bet Stom took a Combat Shotgun out of the FBI locker at a cost of 12 HG Materials.
[2016/2/3 - 20:40:56] Fate Jonhson took a Nite Stick out of the FBI locker at a cost of 0 HG Materials.
[2016/2/3 - 20:41:02] Fate Jonhson took a MP5 out of the FBI locker at a cost of 5 HG Materials.
[2016/2/3 - 20:41:06] Fate Jonhson took a vest for their car out of the FBI locker at a cost of 1 HG Material.
[2016/2/3 - 20:50:42] NguyenThi HuynhThi took a vest out of the FBI locker at a cost of 1 HG Material.
[2016/2/3 - 20:50:44] NguyenThi HuynhThi took a vest for their car out of the FBI locker at a cost of 1 HG Material.
[2016/2/3 - 20:50:48] NguyenThi HuynhThi took a vest out of the FBI locker at a cost of 1 HG Material.
[2016/2/3 - 20:50:55] NguyenThi HuynhThi took a M4 out of the FBI locker at a cost of 8 HG Materials.
[2016/2/3 - 20:51:13] Fate Jonhson took a vest out of the FBI locker at a cost of 1 HG Material.
[2016/2/3 - 20:51:15] Fate Jonhson took a vest for their car out of the FBI locker at a cost of 1 HG Material.
[2016/2/3 - 20:51:46] Bet Stom took a vest out of the FBI locker at a cost of 1 HG Material.
[2016/2/3 - 20:51:47] Bet Stom took a vest for their car out of the FBI locker at a cost of 1 HG Material.
[2016/2/3 - 20:55:45] Tyn Changes took a vest out of the FBI locker at a cost of 1 HG Material.
[2016/2/3 - 20:55:49] Tyn Changes took a Desert Eagle out of the FBI locker at a cost of 3 HG Materials.
[2016/2/3 - 20:55:53] Tyn Changes took a MP5 out of the FBI locker at a cost of 5 HG Materials.
[2016/2/3 - 20:55:56] Tyn Changes took a M4 out of the FBI locker at a cost of 8 HG Materials.
[2016/2/3 - 20:56:02] Tyn Changes took a AK47 out of the FBI locker at a cost of 8 HG Materials.
[2016/2/3 - 20:56:11] Tyn Changes took a Combat Shotgun out of the FBI locker at a cost of 12 HG Materials.
[2016/2/3 - 20:56:19] Tyn Changes took a Sniper Rifle out of the FBI locker at a cost of 10 HG Materials.
[2016/2/3 - 21:00:54] The faction vault is at $7,957,953
[2016/2/3 - 21:00:54] SA Gov Paid $81,000 to FBI budget fund.
[2016/2/3 - 21:00:54] Vehicle ID 552 (Slot ID 80) Maintainence fee cost $0 to FBI's budget fund.
[2016/2/3 - 21:00:54] Vehicle ID 495 (Slot ID 81) Maintainence fee cost $0 to FBI's budget fund.
[2016/2/3 - 21:00:54] Vehicle ID 559 (Slot ID 82) Maintainence fee cost $0 to FBI's budget fund.
[2016/2/3 - 21:00:54] Vehicle ID 560 (Slot ID 83) Maintainence fee cost $0 to FBI's budget fund.
[2016/2/3 - 21:00:54] Vehicle ID 561 (Slot ID 84) Maintainence fee cost $0 to FBI's budget fund.
[2016/2/3 - 21:00:54] Vehicle ID 562 (Slot ID 85) Maintainence fee cost $0 to FBI's budget fund.
[2016/2/3 - 21:00:54] Vehicle ID 563 (Slot ID 86) Maintainence fee cost $0 to FBI's budget fund.
[2016/2/3 - 21:00:54] Vehicle ID 547 (Slot ID 87) Maintainence fee cost $0 to FBI's budget fund.
[2016/2/3 - 21:00:54] Vehicle ID 546 (Slot ID 88) Maintainence fee cost $0 to FBI's budget fund.
[2016/2/3 - 22:00:51] The faction vault is at $8,038,953
[2016/2/3 - 22:00:51] SA Gov Paid $81,000 to FBI budget fund.
[2016/2/3 - 22:00:51] Vehicle ID 535 (Slot ID 80) Maintainence fee cost $0 to FBI's budget fund.
[2016/2/3 - 22:00:51] Vehicle ID 536 (Slot ID 81) Maintainence fee cost $0 to FBI's budget fund.
[2016/2/3 - 22:00:51] Vehicle ID 537 (Slot ID 82) Maintainence fee cost $0 to FBI's budget fund.
[2016/2/3 - 22:00:51] Vehicle ID 538 (Slot ID 83) Maintainence fee cost $0 to FBI's budget fund.
[2016/2/3 - 22:00:51] Vehicle ID 539 (Slot ID 84) Maintainence fee cost $0 to FBI's budget fund.
[2016/2/3 - 22:00:51] Vehicle ID 540 (Slot ID 85) Maintainence fee cost $0 to FBI's budget fund.
[2016/2/3 - 22:00:51] Vehicle ID 541 (Slot ID 86) Maintainence fee cost $0 to FBI's budget fund.
[2016/2/3 - 22:00:51] Vehicle ID 542 (Slot ID 87) Maintainence fee cost $0 to FBI's budget fund.
[2016/2/3 - 22:00:51] Vehicle ID 543 (Slot ID 88) Maintainence fee cost $0 to FBI's budget fund.
[2016/2/3 - 23:00:38] The faction vault is at $8,119,953
[2016/2/3 - 23:00:38] SA Gov Paid $81,000 to FBI budget fund.
[2016/2/3 - 23:00:38] Vehicle ID 535 (Slot ID 80) Maintainence fee cost $0 to FBI's budget fund.
[2016/2/3 - 23:00:38] Vehicle ID 536 (Slot ID 81) Maintainence fee cost $0 to FBI's budget fund.
[2016/2/3 - 23:00:38] Vehicle ID 537 (Slot ID 82) Maintainence fee cost $0 to FBI's budget fund.
[2016/2/3 - 23:00:38] Vehicle ID 538 (Slot ID 83) Maintainence fee cost $0 to FBI's budget fund.
[2016/2/3 - 23:00:39] Vehicle ID 539 (Slot ID 84) Maintainence fee cost $0 to FBI's budget fund.
[2016/2/3 - 23:00:39] Vehicle ID 540 (Slot ID 85) Maintainence fee cost $0 to FBI's budget fund.
[2016/2/3 - 23:00:39] Vehicle ID 541 (Slot ID 86) Maintainence fee cost $0 to FBI's budget fund.
[2016/2/3 - 23:00:39] Vehicle ID 542 (Slot ID 87) Maintainence fee cost $0 to FBI's budget fund.
[2016/2/3 - 23:00:39] Vehicle ID 543 (Slot ID 88) Maintainence fee cost $0 to FBI's budget fund.
