[2016/2/4 - 0:00:41] The faction vault is at $8,200,953
[2016/2/4 - 0:00:41] SA Gov Paid $81,000 to FBI budget fund.
[2016/2/4 - 0:00:41] Vehicle ID 535 (Slot ID 80) Maintainence fee cost $0 to FBI's budget fund.
[2016/2/4 - 0:00:41] Vehicle ID 536 (Slot ID 81) Maintainence fee cost $0 to FBI's budget fund.
[2016/2/4 - 0:00:41] Vehicle ID 537 (Slot ID 82) Maintainence fee cost $0 to FBI's budget fund.
[2016/2/4 - 0:00:41] Vehicle ID 538 (Slot ID 83) Maintainence fee cost $0 to FBI's budget fund.
[2016/2/4 - 0:00:41] Vehicle ID 539 (Slot ID 84) Maintainence fee cost $0 to FBI's budget fund.
[2016/2/4 - 0:00:41] Vehicle ID 540 (Slot ID 85) Maintainence fee cost $0 to FBI's budget fund.
[2016/2/4 - 0:00:41] Vehicle ID 541 (Slot ID 86) Maintainence fee cost $0 to FBI's budget fund.
[2016/2/4 - 0:00:41] Vehicle ID 542 (Slot ID 87) Maintainence fee cost $0 to FBI's budget fund.
[2016/2/4 - 0:00:41] Vehicle ID 543 (Slot ID 88) Maintainence fee cost $0 to FBI's budget fund.
[2016/2/4 - 1:00:05] The faction vault is at $8,281,953
[2016/2/4 - 1:00:06] SA Gov Paid $81,000 to FBI budget fund.
[2016/2/4 - 1:00:06] Vehicle ID 535 (Slot ID 80) Maintainence fee cost $0 to FBI's budget fund.
[2016/2/4 - 1:00:06] Vehicle ID 536 (Slot ID 81) Maintainence fee cost $0 to FBI's budget fund.
[2016/2/4 - 1:00:06] Vehicle ID 537 (Slot ID 82) Maintainence fee cost $0 to FBI's budget fund.
[2016/2/4 - 1:00:06] Vehicle ID 538 (Slot ID 83) Maintainence fee cost $0 to FBI's budget fund.
[2016/2/4 - 1:00:06] Vehicle ID 539 (Slot ID 84) Maintainence fee cost $0 to FBI's budget fund.
[2016/2/4 - 1:00:06] Vehicle ID 540 (Slot ID 85) Maintainence fee cost $0 to FBI's budget fund.
[2016/2/4 - 1:00:06] Vehicle ID 541 (Slot ID 86) Maintainence fee cost $0 to FBI's budget fund.
[2016/2/4 - 1:00:06] Vehicle ID 542 (Slot ID 87) Maintainence fee cost $0 to FBI's budget fund.
[2016/2/4 - 1:00:06] Vehicle ID 543 (Slot ID 88) Maintainence fee cost $0 to FBI's budget fund.
[2016/2/4 - 2:00:02] The faction vault is at $8,362,953
[2016/2/4 - 2:00:03] SA Gov Paid $81,000 to FBI budget fund.
[2016/2/4 - 2:00:04] Vehicle ID 535 (Slot ID 80) Maintainence fee cost $0 to FBI's budget fund.
[2016/2/4 - 2:00:04] Vehicle ID 536 (Slot ID 81) Maintainence fee cost $0 to FBI's budget fund.
[2016/2/4 - 2:00:04] Vehicle ID 537 (Slot ID 82) Maintainence fee cost $0 to FBI's budget fund.
[2016/2/4 - 2:00:04] Vehicle ID 538 (Slot ID 83) Maintainence fee cost $0 to FBI's budget fund.
[2016/2/4 - 2:00:04] Vehicle ID 539 (Slot ID 84) Maintainence fee cost $0 to FBI's budget fund.
[2016/2/4 - 2:00:04] Vehicle ID 540 (Slot ID 85) Maintainence fee cost $0 to FBI's budget fund.
[2016/2/4 - 2:00:04] Vehicle ID 541 (Slot ID 86) Maintainence fee cost $0 to FBI's budget fund.
[2016/2/4 - 2:00:04] Vehicle ID 542 (Slot ID 87) Maintainence fee cost $0 to FBI's budget fund.
[2016/2/4 - 2:00:04] Vehicle ID 543 (Slot ID 88) Maintainence fee cost $0 to FBI's budget fund.
[2016/2/4 - 3:00:03] The faction vault is at $8,443,953
[2016/2/4 - 3:00:03] SA Gov Paid $81,000 to FBI budget fund.
[2016/2/4 - 3:00:03] Vehicle ID 535 (Slot ID 80) Maintainence fee cost $0 to FBI's budget fund.
[2016/2/4 - 3:00:03] Vehicle ID 536 (Slot ID 81) Maintainence fee cost $0 to FBI's budget fund.
[2016/2/4 - 3:00:03] Vehicle ID 537 (Slot ID 82) Maintainence fee cost $0 to FBI's budget fund.
[2016/2/4 - 3:00:03] Vehicle ID 538 (Slot ID 83) Maintainence fee cost $0 to FBI's budget fund.
[2016/2/4 - 3:00:03] Vehicle ID 539 (Slot ID 84) Maintainence fee cost $0 to FBI's budget fund.
[2016/2/4 - 3:00:04] Vehicle ID 540 (Slot ID 85) Maintainence fee cost $0 to FBI's budget fund.
[2016/2/4 - 3:00:04] Vehicle ID 541 (Slot ID 86) Maintainence fee cost $0 to FBI's budget fund.
[2016/2/4 - 3:00:04] Vehicle ID 542 (Slot ID 87) Maintainence fee cost $0 to FBI's budget fund.
[2016/2/4 - 3:00:04] Vehicle ID 543 (Slot ID 88) Maintainence fee cost $0 to FBI's budget fund.
[2016/2/4 - 4:00:40] The faction vault is at $8,524,953
[2016/2/4 - 4:00:40] SA Gov Paid $81,000 to FBI budget fund.
[2016/2/4 - 4:00:40] Vehicle ID 535 (Slot ID 80) Maintainence fee cost $0 to FBI's budget fund.
[2016/2/4 - 4:00:40] Vehicle ID 536 (Slot ID 81) Maintainence fee cost $0 to FBI's budget fund.
[2016/2/4 - 4:00:40] Vehicle ID 537 (Slot ID 82) Maintainence fee cost $0 to FBI's budget fund.
[2016/2/4 - 4:00:40] Vehicle ID 538 (Slot ID 83) Maintainence fee cost $0 to FBI's budget fund.
[2016/2/4 - 4:00:40] Vehicle ID 539 (Slot ID 84) Maintainence fee cost $0 to FBI's budget fund.
[2016/2/4 - 4:00:40] Vehicle ID 540 (Slot ID 85) Maintainence fee cost $0 to FBI's budget fund.
[2016/2/4 - 4:00:40] Vehicle ID 541 (Slot ID 86) Maintainence fee cost $0 to FBI's budget fund.
[2016/2/4 - 4:00:40] Vehicle ID 542 (Slot ID 87) Maintainence fee cost $0 to FBI's budget fund.
[2016/2/4 - 4:00:40] Vehicle ID 543 (Slot ID 88) Maintainence fee cost $0 to FBI's budget fund.
[2016/2/4 - 5:00:14] The faction vault is at $8,605,953
[2016/2/4 - 5:00:14] SA Gov Paid $81,000 to FBI budget fund.
[2016/2/4 - 5:00:14] Vehicle ID 535 (Slot ID 80) Maintainence fee cost $0 to FBI's budget fund.
[2016/2/4 - 5:00:14] Vehicle ID 536 (Slot ID 81) Maintainence fee cost $0 to FBI's budget fund.
[2016/2/4 - 5:00:14] Vehicle ID 537 (Slot ID 82) Maintainence fee cost $0 to FBI's budget fund.
[2016/2/4 - 5:00:14] Vehicle ID 538 (Slot ID 83) Maintainence fee cost $0 to FBI's budget fund.
[2016/2/4 - 5:00:14] Vehicle ID 539 (Slot ID 84) Maintainence fee cost $0 to FBI's budget fund.
[2016/2/4 - 5:00:14] Vehicle ID 540 (Slot ID 85) Maintainence fee cost $0 to FBI's budget fund.
[2016/2/4 - 5:00:14] Vehicle ID 541 (Slot ID 86) Maintainence fee cost $0 to FBI's budget fund.
[2016/2/4 - 5:00:14] Vehicle ID 542 (Slot ID 87) Maintainence fee cost $0 to FBI's budget fund.
[2016/2/4 - 5:00:14] Vehicle ID 543 (Slot ID 88) Maintainence fee cost $0 to FBI's budget fund.
[2016/2/4 - 6:00:45] The faction vault is at $8,686,953
[2016/2/4 - 6:00:46] SA Gov Paid $81,000 to FBI budget fund.
[2016/2/4 - 6:00:46] Vehicle ID 535 (Slot ID 80) Maintainence fee cost $0 to FBI's budget fund.
[2016/2/4 - 6:00:46] Vehicle ID 536 (Slot ID 81) Maintainence fee cost $0 to FBI's budget fund.
[2016/2/4 - 6:00:46] Vehicle ID 537 (Slot ID 82) Maintainence fee cost $0 to FBI's budget fund.
[2016/2/4 - 6:00:46] Vehicle ID 538 (Slot ID 83) Maintainence fee cost $0 to FBI's budget fund.
[2016/2/4 - 6:00:46] Vehicle ID 539 (Slot ID 84) Maintainence fee cost $0 to FBI's budget fund.
[2016/2/4 - 6:00:46] Vehicle ID 540 (Slot ID 85) Maintainence fee cost $0 to FBI's budget fund.
[2016/2/4 - 6:00:46] Vehicle ID 541 (Slot ID 86) Maintainence fee cost $0 to FBI's budget fund.
[2016/2/4 - 6:00:46] Vehicle ID 542 (Slot ID 87) Maintainence fee cost $0 to FBI's budget fund.
[2016/2/4 - 6:00:46] Vehicle ID 543 (Slot ID 88) Maintainence fee cost $0 to FBI's budget fund.
[2016/2/4 - 7:00:30] The faction vault is at $8,767,953
[2016/2/4 - 7:00:30] SA Gov Paid $81,000 to FBI budget fund.
[2016/2/4 - 7:00:30] Vehicle ID 535 (Slot ID 80) Maintainence fee cost $0 to FBI's budget fund.
[2016/2/4 - 7:00:30] Vehicle ID 536 (Slot ID 81) Maintainence fee cost $0 to FBI's budget fund.
[2016/2/4 - 7:00:30] Vehicle ID 537 (Slot ID 82) Maintainence fee cost $0 to FBI's budget fund.
[2016/2/4 - 7:00:30] Vehicle ID 538 (Slot ID 83) Maintainence fee cost $0 to FBI's budget fund.
[2016/2/4 - 7:00:30] Vehicle ID 539 (Slot ID 84) Maintainence fee cost $0 to FBI's budget fund.
[2016/2/4 - 7:00:30] Vehicle ID 540 (Slot ID 85) Maintainence fee cost $0 to FBI's budget fund.
[2016/2/4 - 7:00:30] Vehicle ID 541 (Slot ID 86) Maintainence fee cost $0 to FBI's budget fund.
[2016/2/4 - 7:00:30] Vehicle ID 542 (Slot ID 87) Maintainence fee cost $0 to FBI's budget fund.
[2016/2/4 - 7:00:30] Vehicle ID 543 (Slot ID 88) Maintainence fee cost $0 to FBI's budget fund.
[2016/2/4 - 8:00:08] The faction vault is at $8,848,953
[2016/2/4 - 8:00:08] SA Gov Paid $81,000 to FBI budget fund.
[2016/2/4 - 8:00:08] Vehicle ID 535 (Slot ID 80) Maintainence fee cost $0 to FBI's budget fund.
[2016/2/4 - 8:00:08] Vehicle ID 536 (Slot ID 81) Maintainence fee cost $0 to FBI's budget fund.
[2016/2/4 - 8:00:08] Vehicle ID 537 (Slot ID 82) Maintainence fee cost $0 to FBI's budget fund.
[2016/2/4 - 8:00:08] Vehicle ID 538 (Slot ID 83) Maintainence fee cost $0 to FBI's budget fund.
[2016/2/4 - 8:00:08] Vehicle ID 539 (Slot ID 84) Maintainence fee cost $0 to FBI's budget fund.
[2016/2/4 - 8:00:08] Vehicle ID 540 (Slot ID 85) Maintainence fee cost $0 to FBI's budget fund.
[2016/2/4 - 8:00:08] Vehicle ID 541 (Slot ID 86) Maintainence fee cost $0 to FBI's budget fund.
[2016/2/4 - 8:00:08] Vehicle ID 542 (Slot ID 87) Maintainence fee cost $0 to FBI's budget fund.
[2016/2/4 - 8:00:08] Vehicle ID 543 (Slot ID 88) Maintainence fee cost $0 to FBI's budget fund.
[2016/2/4 - 9:01:08] The faction vault is at $8,929,953
[2016/2/4 - 9:01:08] SA Gov Paid $81,000 to FBI budget fund.
[2016/2/4 - 9:01:08] Vehicle ID 535 (Slot ID 80) Maintainence fee cost $0 to FBI's budget fund.
[2016/2/4 - 9:01:08] Vehicle ID 536 (Slot ID 81) Maintainence fee cost $0 to FBI's budget fund.
[2016/2/4 - 9:01:09] Vehicle ID 537 (Slot ID 82) Maintainence fee cost $0 to FBI's budget fund.
[2016/2/4 - 9:01:09] Vehicle ID 538 (Slot ID 83) Maintainence fee cost $0 to FBI's budget fund.
[2016/2/4 - 9:01:09] Vehicle ID 539 (Slot ID 84) Maintainence fee cost $0 to FBI's budget fund.
[2016/2/4 - 9:01:09] Vehicle ID 540 (Slot ID 85) Maintainence fee cost $0 to FBI's budget fund.
[2016/2/4 - 9:01:09] Vehicle ID 541 (Slot ID 86) Maintainence fee cost $0 to FBI's budget fund.
[2016/2/4 - 9:01:09] Vehicle ID 542 (Slot ID 87) Maintainence fee cost $0 to FBI's budget fund.
[2016/2/4 - 9:01:09] Vehicle ID 543 (Slot ID 88) Maintainence fee cost $0 to FBI's budget fund.
[2016/2/4 - 9:49:19] Vehicle Slot ID 85 RTB fee cost $0 to FBI's budget fund.
[2016/2/4 - 10:00:37] The faction vault is at $9,010,953
[2016/2/4 - 10:00:37] SA Gov Paid $81,000 to FBI budget fund.
[2016/2/4 - 10:00:37] Vehicle ID 535 (Slot ID 80) Maintainence fee cost $0 to FBI's budget fund.
[2016/2/4 - 10:00:37] Vehicle ID 536 (Slot ID 81) Maintainence fee cost $0 to FBI's budget fund.
[2016/2/4 - 10:00:37] Vehicle ID 537 (Slot ID 82) Maintainence fee cost $0 to FBI's budget fund.
[2016/2/4 - 10:00:37] Vehicle ID 538 (Slot ID 83) Maintainence fee cost $0 to FBI's budget fund.
[2016/2/4 - 10:00:37] Vehicle ID 539 (Slot ID 84) Maintainence fee cost $0 to FBI's budget fund.
[2016/2/4 - 10:00:37] Vehicle ID 540 (Slot ID 85) Maintainence fee cost $0 to FBI's budget fund.
[2016/2/4 - 10:00:37] Vehicle ID 541 (Slot ID 86) Maintainence fee cost $0 to FBI's budget fund.
[2016/2/4 - 10:00:37] Vehicle ID 542 (Slot ID 87) Maintainence fee cost $0 to FBI's budget fund.
[2016/2/4 - 10:00:37] Vehicle ID 543 (Slot ID 88) Maintainence fee cost $0 to FBI's budget fund.
[2016/2/4 - 11:00:41] The faction vault is at $9,091,953
[2016/2/4 - 11:00:41] SA Gov Paid $81,000 to FBI budget fund.
[2016/2/4 - 11:00:41] Vehicle ID 535 (Slot ID 80) Maintainence fee cost $0 to FBI's budget fund.
[2016/2/4 - 11:00:41] Vehicle ID 536 (Slot ID 81) Maintainence fee cost $0 to FBI's budget fund.
[2016/2/4 - 11:00:42] Vehicle ID 537 (Slot ID 82) Maintainence fee cost $0 to FBI's budget fund.
[2016/2/4 - 11:00:42] Vehicle ID 538 (Slot ID 83) Maintainence fee cost $0 to FBI's budget fund.
[2016/2/4 - 11:00:42] Vehicle ID 539 (Slot ID 84) Maintainence fee cost $0 to FBI's budget fund.
[2016/2/4 - 11:00:42] Vehicle ID 540 (Slot ID 85) Maintainence fee cost $0 to FBI's budget fund.
[2016/2/4 - 11:00:42] Vehicle ID 541 (Slot ID 86) Maintainence fee cost $0 to FBI's budget fund.
[2016/2/4 - 11:00:42] Vehicle ID 542 (Slot ID 87) Maintainence fee cost $0 to FBI's budget fund.
[2016/2/4 - 11:00:42] Vehicle ID 543 (Slot ID 88) Maintainence fee cost $0 to FBI's budget fund.
[2016/2/4 - 11:34:52] Tyn Changes took a Shotgun out of the FBI locker at a cost of $d.
[2016/2/4 - 11:34:56] Tyn Changes took a M4 out of the FBI locker at a cost of $d.
[2016/2/4 - 11:35:09] Tyn Changes took a Desert Eagle out of the FBI locker at a cost of $d.
[2016/2/4 - 11:35:14] Tyn Changes took a Desert Eagle out of the FBI locker at a cost of $d.
[2016/2/4 - 11:35:19] Tyn Changes took a MP5 out of the FBI locker at a cost of $d.
[2016/2/4 - 11:35:22] Tyn Changes took a M4 out of the FBI locker at a cost of $d.
[2016/2/4 - 11:35:26] Tyn Changes took a Combat Shotgun out of the FBI locker at a cost of $d.
[2016/2/4 - 11:35:30] Tyn Changes took a Sniper Rifle out of the FBI locker at a cost of $d.
[2016/2/4 - 11:38:24] Tyn Changes took a vest out of the FBI locker at a cost of $2,500.
[2016/2/4 - 12:01:00] The faction vault is at $9,170,401
[2016/2/4 - 12:01:00] SA Gov Paid $81,000 to FBI budget fund.
[2016/2/4 - 12:01:00] Vehicle ID 535 (Slot ID 80) Maintainence fee cost $0 to FBI's budget fund.
[2016/2/4 - 12:01:00] Vehicle ID 536 (Slot ID 81) Maintainence fee cost $0 to FBI's budget fund.
[2016/2/4 - 12:01:00] Vehicle ID 537 (Slot ID 82) Maintainence fee cost $0 to FBI's budget fund.
[2016/2/4 - 12:01:00] Vehicle ID 538 (Slot ID 83) Maintainence fee cost $0 to FBI's budget fund.
[2016/2/4 - 12:01:00] Vehicle ID 539 (Slot ID 84) Maintainence fee cost $0 to FBI's budget fund.
[2016/2/4 - 12:01:00] Vehicle ID 540 (Slot ID 85) Maintainence fee cost $0 to FBI's budget fund.
[2016/2/4 - 12:01:00] Vehicle ID 541 (Slot ID 86) Maintainence fee cost $0 to FBI's budget fund.
[2016/2/4 - 12:01:00] Vehicle ID 542 (Slot ID 87) Maintainence fee cost $0 to FBI's budget fund.
[2016/2/4 - 12:01:00] Vehicle ID 543 (Slot ID 88) Maintainence fee cost $0 to FBI's budget fund.
[2016/2/4 - 12:11:14] Tyn Changes took a vest out of the FBI locker at a cost of $2,500.
[2016/2/4 - 12:24:26] Tyn Changes took a MP5 out of the FBI locker at a cost of $d.
[2016/2/4 - 12:24:30] Tyn Changes took a Shotgun out of the FBI locker at a cost of $d.
[2016/2/4 - 12:24:35] Tyn Changes took a M4 out of the FBI locker at a cost of $d.
[2016/2/4 - 12:24:56] David Tom took a M4 out of the FBI locker at a cost of $d.
[2016/2/4 - 12:24:58] David Tom took a Combat Shotgun out of the FBI locker at a cost of $d.
[2016/2/4 - 12:25:01] David Tom took a Sniper Rifle out of the FBI locker at a cost of $d.
[2016/2/4 - 12:25:02] David Tom took a Nite Stick out of the FBI locker at a cost of $d.
[2016/2/4 - 12:29:46] Tran Thuy Hoang took a Nite Stick out of the FBI locker at a cost of $d.
[2016/2/4 - 12:29:57] Tran Thuy Hoang took a Desert Eagle out of the FBI locker at a cost of $d.
[2016/2/4 - 12:30:01] Tran Thuy Hoang took a Spray Can out of the FBI locker at a cost of $d.
[2016/2/4 - 12:30:03] Tran Thuy Hoang took a M4 out of the FBI locker at a cost of $d.
[2016/2/4 - 12:31:27] Exciter Do took a M4 out of the FBI locker at a cost of $d.
[2016/2/4 - 12:31:32] Exciter Do took a Desert Eagle out of the FBI locker at a cost of $d.
[2016/2/4 - 12:33:13] Tyn Changes took a vest out of the FBI locker at a cost of $2,500.
[2016/2/4 - 12:33:50] David Tom took a vest out of the FBI locker at a cost of $2,500.
[2016/2/4 - 12:33:52] David Tom took a vest for their car out of the FBI locker at a cost of $3,000 to the budget fund.
[2016/2/4 - 12:36:40] Exciter Do took a M4 out of the FBI locker at a cost of $d.
[2016/2/4 - 12:36:42] Exciter Do took a Desert Eagle out of the FBI locker at a cost of $d.
[2016/2/4 - 12:36:48] Exciter Do took a Nite Stick out of the FBI locker at a cost of $d.
[2016/2/4 - 12:42:41] David Anonymos took a Nite Stick out of the FBI locker at a cost of $d.
[2016/2/4 - 12:42:43] David Anonymos took a Spray Can out of the FBI locker at a cost of $d.
[2016/2/4 - 12:42:45] David Anonymos took a Teargas out of the FBI locker at a cost of $d.
[2016/2/4 - 12:42:47] David Anonymos took a Desert Eagle out of the FBI locker at a cost of $d.
[2016/2/4 - 12:42:50] David Anonymos took a Combat Shotgun out of the FBI locker at a cost of $d.
[2016/2/4 - 12:42:52] David Anonymos took a vest out of the FBI locker at a cost of $2,500.
[2016/2/4 - 12:42:56] David Anonymos took a vest for their car out of the FBI locker at a cost of $3,000 to the budget fund.
[2016/2/4 - 12:43:12] David Tom took a Nite Stick out of the FBI locker at a cost of $d.
[2016/2/4 - 12:43:14] David Tom took a Combat Shotgun out of the FBI locker at a cost of $d.
[2016/2/4 - 12:43:17] David Tom took a Sniper Rifle out of the FBI locker at a cost of $d.
[2016/2/4 - 12:43:19] David Tom took a M4 out of the FBI locker at a cost of $d.
[2016/2/4 - 12:43:22] David Tom took a Nite Stick out of the FBI locker at a cost of $d.
[2016/2/4 - 12:45:14] Tyn Changes took a Desert Eagle out of the FBI locker at a cost of $d.
[2016/2/4 - 12:45:17] Tyn Changes took a vest out of the FBI locker at a cost of $2,500.
[2016/2/4 - 12:45:21] Tyn Changes took a MP5 out of the FBI locker at a cost of $d.
[2016/2/4 - 12:45:25] Tyn Changes took a M4 out of the FBI locker at a cost of $d.
[2016/2/4 - 12:45:28] Tyn Changes took a Combat Shotgun out of the FBI locker at a cost of $d.
[2016/2/4 - 12:45:33] Tyn Changes took a Sniper Rifle out of the FBI locker at a cost of $d.
[2016/2/4 - 12:45:40] Tyn Changes took a MP5 out of the FBI locker at a cost of $d.
[2016/2/4 - 13:00:57] The faction vault is at $9,232,733
[2016/2/4 - 13:00:57] SA Gov Paid $81,000 to FBI budget fund.
[2016/2/4 - 13:00:57] Vehicle ID 535 (Slot ID 80) Maintainence fee cost $0 to FBI's budget fund.
[2016/2/4 - 13:00:57] Vehicle ID 536 (Slot ID 81) Maintainence fee cost $0 to FBI's budget fund.
[2016/2/4 - 13:00:58] Vehicle ID 537 (Slot ID 82) Maintainence fee cost $0 to FBI's budget fund.
[2016/2/4 - 13:00:58] Vehicle ID 538 (Slot ID 83) Maintainence fee cost $0 to FBI's budget fund.
[2016/2/4 - 13:00:58] Vehicle ID 539 (Slot ID 84) Maintainence fee cost $0 to FBI's budget fund.
[2016/2/4 - 13:00:58] Vehicle ID 540 (Slot ID 85) Maintainence fee cost $0 to FBI's budget fund.
[2016/2/4 - 13:00:58] Vehicle ID 541 (Slot ID 86) Maintainence fee cost $0 to FBI's budget fund.
[2016/2/4 - 13:00:58] Vehicle ID 542 (Slot ID 87) Maintainence fee cost $0 to FBI's budget fund.
[2016/2/4 - 13:00:58] Vehicle ID 543 (Slot ID 88) Maintainence fee cost $0 to FBI's budget fund.
[2016/2/4 - 13:16:58] Tyn Changes took a vest out of the FBI locker at a cost of $2,500.
[2016/2/4 - 13:17:01] Tyn Changes took a Shotgun out of the FBI locker at a cost of $d.
[2016/2/4 - 13:55:23] Tyn Changes took a vest out of the FBI locker at a cost of $2,500.
[2016/2/4 - 14:00:21] The faction vault is at $9,308,730
[2016/2/4 - 14:00:21] SA Gov Paid $81,000 to FBI budget fund.
[2016/2/4 - 14:00:21] Vehicle ID 535 (Slot ID 80) Maintainence fee cost $0 to FBI's budget fund.
[2016/2/4 - 14:00:21] Vehicle ID 536 (Slot ID 81) Maintainence fee cost $0 to FBI's budget fund.
[2016/2/4 - 14:00:21] Vehicle ID 537 (Slot ID 82) Maintainence fee cost $0 to FBI's budget fund.
[2016/2/4 - 14:00:21] Vehicle ID 538 (Slot ID 83) Maintainence fee cost $0 to FBI's budget fund.
[2016/2/4 - 14:00:21] Vehicle ID 539 (Slot ID 84) Maintainence fee cost $0 to FBI's budget fund.
[2016/2/4 - 14:00:21] Vehicle ID 540 (Slot ID 85) Maintainence fee cost $0 to FBI's budget fund.
[2016/2/4 - 14:00:21] Vehicle ID 541 (Slot ID 86) Maintainence fee cost $0 to FBI's budget fund.
[2016/2/4 - 14:00:21] Vehicle ID 542 (Slot ID 87) Maintainence fee cost $0 to FBI's budget fund.
[2016/2/4 - 14:00:21] Vehicle ID 543 (Slot ID 88) Maintainence fee cost $0 to FBI's budget fund.
[2016/2/4 - 14:08:12] Vehicle Slot ID 85 RTB fee cost $0 to FBI's budget fund.
[2016/2/4 - 14:19:56] Tyn Changes took a Desert Eagle out of the FBI locker at a cost of $d.
[2016/2/4 - 14:19:58] Tyn Changes took a Shotgun out of the FBI locker at a cost of $d.
[2016/2/4 - 14:20:02] Tyn Changes took a MP5 out of the FBI locker at a cost of $d.
[2016/2/4 - 14:20:05] Tyn Changes took a M4 out of the FBI locker at a cost of $d.
[2016/2/4 - 14:20:14] Tyn Changes took a Combat Shotgun out of the FBI locker at a cost of $d.
[2016/2/4 - 14:41:49] Tyn Changes took a vest out of the FBI locker at a cost of $2,500.
[2016/2/4 - 14:41:55] Tyn Changes took a Desert Eagle out of the FBI locker at a cost of $d.
[2016/2/4 - 14:41:57] Tyn Changes took a Shotgun out of the FBI locker at a cost of $d.
[2016/2/4 - 14:42:00] Tyn Changes took a MP5 out of the FBI locker at a cost of $d.
[2016/2/4 - 14:42:03] Tyn Changes took a M4 out of the FBI locker at a cost of $d.
[2016/2/4 - 14:42:06] Tyn Changes took a Combat Shotgun out of the FBI locker at a cost of $d.
[2016/2/4 - 15:00:21] The faction vault is at $9,387,168
[2016/2/4 - 15:00:21] SA Gov Paid $81,000 to FBI budget fund.
[2016/2/4 - 15:00:21] Vehicle ID 535 (Slot ID 80) Maintainence fee cost $0 to FBI's budget fund.
[2016/2/4 - 15:00:21] Vehicle ID 536 (Slot ID 81) Maintainence fee cost $0 to FBI's budget fund.
[2016/2/4 - 15:00:21] Vehicle ID 537 (Slot ID 82) Maintainence fee cost $0 to FBI's budget fund.
[2016/2/4 - 15:00:21] Vehicle ID 538 (Slot ID 83) Maintainence fee cost $0 to FBI's budget fund.
[2016/2/4 - 15:00:21] Vehicle ID 539 (Slot ID 84) Maintainence fee cost $0 to FBI's budget fund.
[2016/2/4 - 15:00:21] Vehicle ID 540 (Slot ID 85) Maintainence fee cost $0 to FBI's budget fund.
[2016/2/4 - 15:00:21] Vehicle ID 541 (Slot ID 86) Maintainence fee cost $0 to FBI's budget fund.
[2016/2/4 - 15:00:21] Vehicle ID 542 (Slot ID 87) Maintainence fee cost $0 to FBI's budget fund.
[2016/2/4 - 15:00:21] Vehicle ID 543 (Slot ID 88) Maintainence fee cost $0 to FBI's budget fund.
[2016/2/4 - 15:12:59] Exciter Do took a M4 out of the FBI locker at a cost of $d.
[2016/2/4 - 15:13:16] Exciter Do took a Desert Eagle out of the FBI locker at a cost of $d.
[2016/2/4 - 15:20:50] David Hai took a M4 out of the FBI locker at a cost of $d.
[2016/2/4 - 15:20:56] David Hai took a vest for their car out of the FBI locker at a cost of $3,000 to the budget fund.
[2016/2/4 - 15:21:13] David Hai took a Nite Stick out of the FBI locker at a cost of $d.
[2016/2/4 - 15:21:17] David Hai took a Spray Can out of the FBI locker at a cost of $d.
[2016/2/4 - 15:21:27] David Hai took a Desert Eagle out of the FBI locker at a cost of $d.
[2016/2/4 - 15:29:20] David Tien took a Desert Eagle out of the FBI locker at a cost of $d.
[2016/2/4 - 15:29:25] David Tien took a Shotgun out of the FBI locker at a cost of $d.
[2016/2/4 - 15:29:28] David Tien took a Spray Can out of the FBI locker at a cost of $d.
[2016/2/4 - 15:29:36] David Tien took a MP5 out of the FBI locker at a cost of $d.
[2016/2/4 - 15:29:39] David Tien took a Teargas out of the FBI locker at a cost of $d.
[2016/2/4 - 15:29:43] David Tien took a Spray Can out of the FBI locker at a cost of $d.
[2016/2/4 - 15:30:08] David Tien took a vest out of the FBI locker at a cost of $2,500.
[2016/2/4 - 15:30:09] David Tien took a vest for their car out of the FBI locker at a cost of $3,000 to the budget fund.
[2016/2/4 - 15:34:10] David Hai took a Nite Stick out of the FBI locker at a cost of $d.
[2016/2/4 - 15:34:37] David Hai took a M4 out of the FBI locker at a cost of $d.
[2016/2/4 - 15:34:41] David Hai took a Combat Shotgun out of the FBI locker at a cost of $d.
[2016/2/4 - 15:34:45] David Hai took a Spray Can out of the FBI locker at a cost of $d.
[2016/2/4 - 15:35:20] David Hai took a Sniper Rifle out of the FBI locker at a cost of $d.
[2016/2/4 - 15:37:31] Exciter Do took a vest for their car out of the FBI locker at a cost of $3,000 to the budget fund.
[2016/2/4 - 15:44:46] David Tien took a Desert Eagle out of the FBI locker at a cost of $d.
[2016/2/4 - 15:44:49] David Tien took a Nite Stick out of the FBI locker at a cost of $d.
[2016/2/4 - 15:44:53] David Tien took a MP5 out of the FBI locker at a cost of $d.
[2016/2/4 - 15:44:56] David Tien took a MP5 out of the FBI locker at a cost of $d.
[2016/2/4 - 15:45:00] David Tien took a vest for their car out of the FBI locker at a cost of $3,000 to the budget fund.
[2016/2/4 - 16:00:21] The faction vault is at $9,453,591
[2016/2/4 - 16:00:21] SA Gov Paid $81,000 to FBI budget fund.
[2016/2/4 - 16:00:22] Vehicle ID 535 (Slot ID 80) Maintainence fee cost $0 to FBI's budget fund.
[2016/2/4 - 16:00:22] Vehicle ID 536 (Slot ID 81) Maintainence fee cost $0 to FBI's budget fund.
[2016/2/4 - 16:00:22] Vehicle ID 537 (Slot ID 82) Maintainence fee cost $0 to FBI's budget fund.
[2016/2/4 - 16:00:22] Vehicle ID 538 (Slot ID 83) Maintainence fee cost $0 to FBI's budget fund.
[2016/2/4 - 16:00:22] Vehicle ID 539 (Slot ID 84) Maintainence fee cost $0 to FBI's budget fund.
[2016/2/4 - 16:00:22] Vehicle ID 540 (Slot ID 85) Maintainence fee cost $0 to FBI's budget fund.
[2016/2/4 - 16:00:22] Vehicle ID 541 (Slot ID 86) Maintainence fee cost $0 to FBI's budget fund.
[2016/2/4 - 16:00:22] Vehicle ID 542 (Slot ID 87) Maintainence fee cost $0 to FBI's budget fund.
[2016/2/4 - 16:00:22] Vehicle ID 543 (Slot ID 88) Maintainence fee cost $0 to FBI's budget fund.
[2016/2/4 - 16:39:13] David Tom took a M4 out of the FBI locker at a cost of $d.
[2016/2/4 - 16:39:16] David Tom took a M4 out of the FBI locker at a cost of $d.
[2016/2/4 - 16:39:18] David Tom took a Combat Shotgun out of the FBI locker at a cost of $d.
[2016/2/4 - 16:39:20] David Tom took a Sniper Rifle out of the FBI locker at a cost of $d.
[2016/2/4 - 16:39:22] David Tom took a Sniper Rifle out of the FBI locker at a cost of $d.
[2016/2/4 - 16:39:25] David Tom took a MP5 out of the FBI locker at a cost of $d.
[2016/2/4 - 16:39:26] David Tom took a Desert Eagle out of the FBI locker at a cost of $d.
[2016/2/4 - 16:39:29] David Tom took a Nite Stick out of the FBI locker at a cost of $d.
[2016/2/4 - 16:52:00] David Tom took a Nite Stick out of the FBI locker at a cost of $d.
[2016/2/4 - 16:52:05] David Tom took a Desert Eagle out of the FBI locker at a cost of $d.
[2016/2/4 - 16:52:07] David Tom took a M4 out of the FBI locker at a cost of $d.
[2016/2/4 - 16:52:09] David Tom took a Combat Shotgun out of the FBI locker at a cost of $d.
[2016/2/4 - 16:52:11] David Tom took a Sniper Rifle out of the FBI locker at a cost of $d.
[2016/2/4 - 16:52:14] David Tom took a vest for their car out of the FBI locker at a cost of $3,000 to the budget fund.
[2016/2/4 - 16:52:16] David Tom took a vest out of the FBI locker at a cost of $2,500.
[2016/2/4 - 16:59:58] David Tom took a Desert Eagle out of the FBI locker at a cost of $d.
[2016/2/4 - 17:00:00] David Tom took a Combat Shotgun out of the FBI locker at a cost of $d.
[2016/2/4 - 17:00:08] David Tom took a M4 out of the FBI locker at a cost of $d.
[2016/2/4 - 17:00:17] David Tom took a Sniper Rifle out of the FBI locker at a cost of $d.
[2016/2/4 - 17:00:57] The faction vault is at $9,528,969
[2016/2/4 - 17:00:57] SA Gov Paid $81,000 to FBI budget fund.
[2016/2/4 - 17:00:57] Vehicle ID 535 (Slot ID 80) Maintainence fee cost $0 to FBI's budget fund.
[2016/2/4 - 17:00:57] Vehicle ID 536 (Slot ID 81) Maintainence fee cost $0 to FBI's budget fund.
[2016/2/4 - 17:00:57] Vehicle ID 537 (Slot ID 82) Maintainence fee cost $0 to FBI's budget fund.
[2016/2/4 - 17:00:57] Vehicle ID 538 (Slot ID 83) Maintainence fee cost $0 to FBI's budget fund.
[2016/2/4 - 17:00:58] Vehicle ID 539 (Slot ID 84) Maintainence fee cost $0 to FBI's budget fund.
[2016/2/4 - 17:00:58] Vehicle ID 540 (Slot ID 85) Maintainence fee cost $0 to FBI's budget fund.
[2016/2/4 - 17:00:58] Vehicle ID 541 (Slot ID 86) Maintainence fee cost $0 to FBI's budget fund.
[2016/2/4 - 17:00:58] Vehicle ID 542 (Slot ID 87) Maintainence fee cost $0 to FBI's budget fund.
[2016/2/4 - 17:00:58] Vehicle ID 543 (Slot ID 88) Maintainence fee cost $0 to FBI's budget fund.
[2016/2/4 - 17:08:24] David Hai took a vest for their car out of the FBI locker at a cost of $3,000 to the budget fund.
[2016/2/4 - 17:08:29] David Hai took a vest out of the FBI locker at a cost of $2,500.
[2016/2/4 - 17:08:36] David Hai took a Nite Stick out of the FBI locker at a cost of $d.
[2016/2/4 - 17:08:38] David Hai took a Spray Can out of the FBI locker at a cost of $d.
[2016/2/4 - 17:08:40] David Hai took a Teargas out of the FBI locker at a cost of $d.
[2016/2/4 - 17:09:08] David Hai took a vest out of the FBI locker at a cost of $2,500.
[2016/2/4 - 17:09:14] David Hai took a M4 out of the FBI locker at a cost of $d.
[2016/2/4 - 17:09:20] David Hai took a MP5 out of the FBI locker at a cost of $d.
[2016/2/4 - 17:09:25] David Hai took a Desert Eagle out of the FBI locker at a cost of $d.
[2016/2/4 - 17:56:30] Tyn Changes took a Desert Eagle out of the FBI locker at a cost of $d.
[2016/2/4 - 17:56:33] Tyn Changes took a Shotgun out of the FBI locker at a cost of $d.
[2016/2/4 - 17:56:36] Tyn Changes took a MP5 out of the FBI locker at a cost of $d.
[2016/2/4 - 17:56:39] Tyn Changes took a M4 out of the FBI locker at a cost of $d.
[2016/2/4 - 17:56:49] Tyn Changes took a Sniper Rifle out of the FBI locker at a cost of $d.
[2016/2/4 - 17:57:02] Tyn Changes took a Combat Shotgun out of the FBI locker at a cost of $d.
[2016/2/4 - 17:57:10] Tyn Changes took a vest out of the FBI locker at a cost of $2,500.
[2016/2/4 - 18:01:03] The faction vault is at $9,599,411
[2016/2/4 - 18:01:03] SA Gov Paid $81,000 to FBI budget fund.
[2016/2/4 - 18:01:03] Vehicle ID 535 (Slot ID 80) Maintainence fee cost $0 to FBI's budget fund.
[2016/2/4 - 18:01:03] Vehicle ID 536 (Slot ID 81) Maintainence fee cost $0 to FBI's budget fund.
[2016/2/4 - 18:01:03] Vehicle ID 537 (Slot ID 82) Maintainence fee cost $0 to FBI's budget fund.
[2016/2/4 - 18:01:03] Vehicle ID 538 (Slot ID 83) Maintainence fee cost $0 to FBI's budget fund.
[2016/2/4 - 18:01:03] Vehicle ID 539 (Slot ID 84) Maintainence fee cost $0 to FBI's budget fund.
[2016/2/4 - 18:01:03] Vehicle ID 540 (Slot ID 85) Maintainence fee cost $0 to FBI's budget fund.
[2016/2/4 - 18:01:03] Vehicle ID 541 (Slot ID 86) Maintainence fee cost $0 to FBI's budget fund.
[2016/2/4 - 18:01:03] Vehicle ID 542 (Slot ID 87) Maintainence fee cost $0 to FBI's budget fund.
[2016/2/4 - 18:01:03] Vehicle ID 543 (Slot ID 88) Maintainence fee cost $0 to FBI's budget fund.
[2016/2/4 - 18:16:18] Tyn Changes took a vest out of the FBI locker at a cost of $2,500.
[2016/2/4 - 18:16:22] Tyn Changes took a Desert Eagle out of the FBI locker at a cost of $d.
[2016/2/4 - 18:16:24] Tyn Changes took a Shotgun out of the FBI locker at a cost of $d.
[2016/2/4 - 18:16:27] Tyn Changes took a MP5 out of the FBI locker at a cost of $d.
[2016/2/4 - 18:16:29] Tyn Changes took a M4 out of the FBI locker at a cost of $d.
[2016/2/4 - 18:16:32] Tyn Changes took a Combat Shotgun out of the FBI locker at a cost of $d.
[2016/2/4 - 18:31:29] Tyn Changes took a Desert Eagle out of the FBI locker at a cost of $d.
[2016/2/4 - 18:31:35] Tyn Changes took a Shotgun out of the FBI locker at a cost of $d.
[2016/2/4 - 18:31:38] Tyn Changes took a MP5 out of the FBI locker at a cost of $d.
[2016/2/4 - 18:31:44] Tyn Changes took a MP5 out of the FBI locker at a cost of $d.
[2016/2/4 - 18:31:48] Tyn Changes took a M4 out of the FBI locker at a cost of $d.
[2016/2/4 - 18:31:50] Tyn Changes took a Combat Shotgun out of the FBI locker at a cost of $d.
[2016/2/4 - 18:32:05] Tyn Changes took a vest out of the FBI locker at a cost of $2,500.
[2016/2/4 - 18:32:13] Tyn Changes took a Sniper Rifle out of the FBI locker at a cost of $d.
[2016/2/4 - 19:00:04] The faction vault is at $9,675,334
[2016/2/4 - 19:00:04] SA Gov Paid $81,000 to FBI budget fund.
[2016/2/4 - 19:00:04] Vehicle ID 535 (Slot ID 80) Maintainence fee cost $0 to FBI's budget fund.
[2016/2/4 - 19:00:04] Vehicle ID 536 (Slot ID 81) Maintainence fee cost $0 to FBI's budget fund.
[2016/2/4 - 19:00:04] Vehicle ID 537 (Slot ID 82) Maintainence fee cost $0 to FBI's budget fund.
[2016/2/4 - 19:00:04] Vehicle ID 538 (Slot ID 83) Maintainence fee cost $0 to FBI's budget fund.
[2016/2/4 - 19:00:04] Vehicle ID 539 (Slot ID 84) Maintainence fee cost $0 to FBI's budget fund.
[2016/2/4 - 19:00:04] Vehicle ID 540 (Slot ID 85) Maintainence fee cost $0 to FBI's budget fund.
[2016/2/4 - 19:00:04] Vehicle ID 541 (Slot ID 86) Maintainence fee cost $0 to FBI's budget fund.
[2016/2/4 - 19:00:04] Vehicle ID 542 (Slot ID 87) Maintainence fee cost $0 to FBI's budget fund.
[2016/2/4 - 19:00:04] Vehicle ID 543 (Slot ID 88) Maintainence fee cost $0 to FBI's budget fund.
[2016/2/4 - 19:01:47] David Hai took a vest out of the FBI locker at a cost of $2,500.
[2016/2/4 - 19:01:55] David Hai took a Sniper Rifle out of the FBI locker at a cost of $d.
[2016/2/4 - 19:02:11] David Hai took a Combat Shotgun out of the FBI locker at a cost of $d.
[2016/2/4 - 19:02:15] David Hai took a M4 out of the FBI locker at a cost of $d.
[2016/2/4 - 19:02:29] David Hai took a Shotgun out of the FBI locker at a cost of $d.
[2016/2/4 - 19:02:38] David Hai took a Spray Can out of the FBI locker at a cost of $d.
[2016/2/4 - 19:02:58] David Hai took a Combat Shotgun out of the FBI locker at a cost of $d.
[2016/2/4 - 19:19:44] Fate Jonhson took a M4 out of the FBI locker at a cost of $d.
[2016/2/4 - 19:25:27] Tyn Changes took a Desert Eagle out of the FBI locker at a cost of $d.
[2016/2/4 - 19:25:29] Tyn Changes took a Shotgun out of the FBI locker at a cost of $d.
[2016/2/4 - 19:25:32] Tyn Changes took a MP5 out of the FBI locker at a cost of $d.
[2016/2/4 - 19:25:34] Tyn Changes took a M4 out of the FBI locker at a cost of $d.
[2016/2/4 - 19:25:37] Tyn Changes took a Combat Shotgun out of the FBI locker at a cost of $d.
[2016/2/4 - 19:25:40] Tyn Changes took a Sniper Rifle out of the FBI locker at a cost of $d.
[2016/2/4 - 19:25:45] Tyn Changes took a vest out of the FBI locker at a cost of $2,500.
[2016/2/4 - 19:46:09] David Anonymos took a Nite Stick out of the FBI locker at a cost of $d.
[2016/2/4 - 19:46:11] David Anonymos took a Spray Can out of the FBI locker at a cost of $d.
[2016/2/4 - 19:46:13] David Anonymos took a Teargas out of the FBI locker at a cost of $d.
[2016/2/4 - 19:46:15] David Anonymos took a Desert Eagle out of the FBI locker at a cost of $d.
[2016/2/4 - 19:46:18] David Anonymos took a MP5 out of the FBI locker at a cost of $d.
[2016/2/4 - 19:46:21] David Anonymos took a Combat Shotgun out of the FBI locker at a cost of $d.
[2016/2/4 - 19:46:27] David Anonymos took a vest for their car out of the FBI locker at a cost of $3,000 to the budget fund.
[2016/2/4 - 19:58:18] thinh balaa has been arrested by David Tom and fined $30000. $10000 has been sent to FBI's budget fund.
[2016/2/4 - 20:00:10] The faction vault is at $9,758,219
[2016/2/4 - 20:00:10] SA Gov Paid $81,000 to FBI budget fund.
[2016/2/4 - 20:00:10] Vehicle ID 535 (Slot ID 80) Maintainence fee cost $0 to FBI's budget fund.
[2016/2/4 - 20:00:10] Vehicle ID 536 (Slot ID 81) Maintainence fee cost $0 to FBI's budget fund.
[2016/2/4 - 20:00:10] Vehicle ID 537 (Slot ID 82) Maintainence fee cost $0 to FBI's budget fund.
[2016/2/4 - 20:00:10] Vehicle ID 538 (Slot ID 83) Maintainence fee cost $0 to FBI's budget fund.
[2016/2/4 - 20:00:10] Vehicle ID 539 (Slot ID 84) Maintainence fee cost $0 to FBI's budget fund.
[2016/2/4 - 20:00:11] Vehicle ID 540 (Slot ID 85) Maintainence fee cost $0 to FBI's budget fund.
[2016/2/4 - 20:00:11] Vehicle ID 541 (Slot ID 86) Maintainence fee cost $0 to FBI's budget fund.
[2016/2/4 - 20:00:11] Vehicle ID 542 (Slot ID 87) Maintainence fee cost $0 to FBI's budget fund.
[2016/2/4 - 20:00:11] Vehicle ID 543 (Slot ID 88) Maintainence fee cost $0 to FBI's budget fund.
[2016/2/4 - 20:05:17] Fate Jonhson took a M4 out of the FBI locker at a cost of $d.
[2016/2/4 - 20:05:19] Fate Jonhson took a Desert Eagle out of the FBI locker at a cost of $d.
[2016/2/4 - 20:10:53] Bet Stom took a vest out of the FBI locker at a cost of $2,500.
[2016/2/4 - 20:10:56] Bet Stom took a Desert Eagle out of the FBI locker at a cost of $d.
[2016/2/4 - 20:11:03] Bet Stom took a Combat Shotgun out of the FBI locker at a cost of $d.
[2016/2/4 - 20:11:06] Bet Stom took a M4 out of the FBI locker at a cost of $d.
[2016/2/4 - 20:11:18] David Hai took a vest out of the FBI locker at a cost of $2,500.
[2016/2/4 - 20:11:19] Bet Stom took a vest for their car out of the FBI locker at a cost of $3,000 to the budget fund.
[2016/2/4 - 20:12:20] Fate Jonhson took a M4 out of the FBI locker at a cost of $d.
[2016/2/4 - 20:12:26] Fate Jonhson took a MP5 out of the FBI locker at a cost of $d.
[2016/2/4 - 20:12:30] Bet Stom took a Sniper Rifle out of the FBI locker at a cost of $d.
[2016/2/4 - 20:12:30] Fate Jonhson took a Desert Eagle out of the FBI locker at a cost of $d.
[2016/2/4 - 20:12:37] Fate Jonhson took a M4 out of the FBI locker at a cost of $d.
[2016/2/4 - 20:12:38] Fate Jonhson took a Desert Eagle out of the FBI locker at a cost of $d.
[2016/2/4 - 20:12:42] Fate Jonhson took a vest for their car out of the FBI locker at a cost of $3,000 to the budget fund.
[2016/2/4 - 20:12:52] Fate Jonhson took a vest out of the FBI locker at a cost of $2,500.
[2016/2/4 - 20:15:13] Vehicle Slot ID 88 RTB fee cost $0 to FBI's budget fund.
[2016/2/4 - 20:15:18] Vehicle Slot ID 88 RTB fee cost $0 to FBI's budget fund.
[2016/2/4 - 20:15:21] Vehicle Slot ID 85 RTB fee cost $0 to FBI's budget fund.
[2016/2/4 - 20:15:32] Vehicle Slot ID 88 RTB fee cost $0 to FBI's budget fund.
[2016/2/4 - 20:15:36] Vehicle Slot ID 88 RTB fee cost $0 to FBI's budget fund.
[2016/2/4 - 20:15:39] Vehicle Slot ID 88 RTB fee cost $0 to FBI's budget fund.
[2016/2/4 - 20:20:43] David Anonymos took a Nite Stick out of the FBI locker at a cost of $d.
[2016/2/4 - 20:20:45] David Anonymos took a Spray Can out of the FBI locker at a cost of $d.
[2016/2/4 - 20:20:47] David Anonymos took a Teargas out of the FBI locker at a cost of $d.
[2016/2/4 - 20:20:51] David Anonymos took a Desert Eagle out of the FBI locker at a cost of $d.
[2016/2/4 - 20:20:54] David Anonymos took a MP5 out of the FBI locker at a cost of $d.
[2016/2/4 - 20:20:57] David Anonymos took a Combat Shotgun out of the FBI locker at a cost of $d.
[2016/2/4 - 20:21:01] David Anonymos took a vest for their car out of the FBI locker at a cost of $3,000 to the budget fund.
[2016/2/4 - 20:44:43] Fate Jonhson took a M4 out of the FBI locker at a cost of $d.
[2016/2/4 - 20:44:48] Fate Jonhson took a Desert Eagle out of the FBI locker at a cost of $d.
[2016/2/4 - 20:44:50] Fate Jonhson took a MP5 out of the FBI locker at a cost of $d.
[2016/2/4 - 20:47:03] Fate Jonhson took a vest for their car out of the FBI locker at a cost of $3,000 to the budget fund.
[2016/2/4 - 20:47:08] Bet Stom took a Desert Eagle out of the FBI locker at a cost of $d.
[2016/2/4 - 20:47:13] Bet Stom took a M4 out of the FBI locker at a cost of $d.
[2016/2/4 - 20:47:16] Bet Stom took a Combat Shotgun out of the FBI locker at a cost of $d.
[2016/2/4 - 20:47:20] Bet Stom took a Sniper Rifle out of the FBI locker at a cost of $d.
[2016/2/4 - 20:47:26] Bet Stom took a vest for their car out of the FBI locker at a cost of $3,000 to the budget fund.
[2016/2/4 - 20:49:24] David Hai took a vest out of the FBI locker at a cost of $2,500.
[2016/2/4 - 20:49:32] David Hai took a Nite Stick out of the FBI locker at a cost of $d.
[2016/2/4 - 20:49:35] David Hai took a Spray Can out of the FBI locker at a cost of $d.
[2016/2/4 - 20:49:42] David Hai took a M4 out of the FBI locker at a cost of $d.
[2016/2/4 - 20:49:44] David Tom took a vest out of the FBI locker at a cost of $2,500.
[2016/2/4 - 20:49:46] David Tom took a vest for their car out of the FBI locker at a cost of $3,000 to the budget fund.
[2016/2/4 - 20:49:49] David Tom took a M4 out of the FBI locker at a cost of $d.
[2016/2/4 - 20:49:49] David Hai took a Desert Eagle out of the FBI locker at a cost of $d.
[2016/2/4 - 20:49:51] David Tom took a Sniper Rifle out of the FBI locker at a cost of $d.
[2016/2/4 - 20:49:52] David Tom took a Combat Shotgun out of the FBI locker at a cost of $d.
[2016/2/4 - 20:49:54] David Tom took a Desert Eagle out of the FBI locker at a cost of $d.
[2016/2/4 - 20:49:58] David Hai took a Sniper Rifle out of the FBI locker at a cost of $d.
[2016/2/4 - 20:50:05] David Hai took a Shotgun out of the FBI locker at a cost of $d.
[2016/2/4 - 21:00:13] The faction vault is at $9,808,521
[2016/2/4 - 21:00:13] SA Gov Paid $81,000 to FBI budget fund.
[2016/2/4 - 21:00:13] Vehicle ID 535 (Slot ID 80) Maintainence fee cost $0 to FBI's budget fund.
[2016/2/4 - 21:00:13] Vehicle ID 536 (Slot ID 81) Maintainence fee cost $0 to FBI's budget fund.
[2016/2/4 - 21:00:13] Vehicle ID 537 (Slot ID 82) Maintainence fee cost $0 to FBI's budget fund.
[2016/2/4 - 21:00:13] Vehicle ID 538 (Slot ID 83) Maintainence fee cost $0 to FBI's budget fund.
[2016/2/4 - 21:00:13] Vehicle ID 539 (Slot ID 84) Maintainence fee cost $0 to FBI's budget fund.
[2016/2/4 - 21:00:13] Vehicle ID 540 (Slot ID 85) Maintainence fee cost $0 to FBI's budget fund.
[2016/2/4 - 21:00:13] Vehicle ID 541 (Slot ID 86) Maintainence fee cost $0 to FBI's budget fund.
[2016/2/4 - 21:00:13] Vehicle ID 542 (Slot ID 87) Maintainence fee cost $0 to FBI's budget fund.
[2016/2/4 - 21:00:13] Vehicle ID 543 (Slot ID 88) Maintainence fee cost $0 to FBI's budget fund.
[2016/2/4 - 21:08:04] Bet Stom took a vest out of the FBI locker at a cost of $2,500.
[2016/2/4 - 21:08:06] Bet Stom took a vest for their car out of the FBI locker at a cost of $3,000 to the budget fund.
[2016/2/4 - 21:08:06] Fate Jonhson took a vest for their car out of the FBI locker at a cost of $3,000 to the budget fund.
[2016/2/4 - 21:11:34] David Tom took a Nite Stick out of the FBI locker at a cost of $d.
[2016/2/4 - 21:11:36] David Tom took a M4 out of the FBI locker at a cost of $d.
[2016/2/4 - 21:11:39] David Tom took a Combat Shotgun out of the FBI locker at a cost of $d.
[2016/2/4 - 21:11:50] David Tom took a Sniper Rifle out of the FBI locker at a cost of $d.
[2016/2/4 - 21:11:52] David Tom took a M4 out of the FBI locker at a cost of $d.
[2016/2/4 - 21:11:55] David Tom took a Combat Shotgun out of the FBI locker at a cost of $d.
[2016/2/4 - 21:18:17] Vehicle Slot ID 80 RTB fee cost $0 to FBI's budget fund.
[2016/2/4 - 21:18:17] Vehicle Slot ID 80 RTB fee cost $0 to FBI's budget fund.
[2016/2/4 - 21:18:17] Vehicle Slot ID 81 RTB fee cost $0 to FBI's budget fund.
[2016/2/4 - 21:18:17] Vehicle Slot ID 81 RTB fee cost $0 to FBI's budget fund.
[2016/2/4 - 21:18:17] Vehicle Slot ID 82 RTB fee cost $0 to FBI's budget fund.
[2016/2/4 - 21:18:17] Vehicle Slot ID 82 RTB fee cost $0 to FBI's budget fund.
[2016/2/4 - 21:18:17] Vehicle Slot ID 83 RTB fee cost $0 to FBI's budget fund.
[2016/2/4 - 21:18:17] Vehicle Slot ID 83 RTB fee cost $0 to FBI's budget fund.
[2016/2/4 - 21:18:18] Vehicle Slot ID 84 RTB fee cost $0 to FBI's budget fund.
[2016/2/4 - 21:18:18] Vehicle Slot ID 84 RTB fee cost $0 to FBI's budget fund.
[2016/2/4 - 21:18:18] Vehicle Slot ID 85 RTB fee cost $0 to FBI's budget fund.
[2016/2/4 - 21:18:18] Vehicle Slot ID 85 RTB fee cost $0 to FBI's budget fund.
[2016/2/4 - 21:18:18] Vehicle Slot ID 86 RTB fee cost $0 to FBI's budget fund.
[2016/2/4 - 21:18:18] Vehicle Slot ID 86 RTB fee cost $0 to FBI's budget fund.
[2016/2/4 - 21:18:18] Vehicle Slot ID 87 RTB fee cost $0 to FBI's budget fund.
[2016/2/4 - 21:18:18] Vehicle Slot ID 87 RTB fee cost $0 to FBI's budget fund.
[2016/2/4 - 21:18:18] Vehicle Slot ID 88 RTB fee cost $0 to FBI's budget fund.
[2016/2/4 - 21:18:18] Vehicle Slot ID 88 RTB fee cost $0 to FBI's budget fund.
[2016/2/4 - 22:00:04] The faction vault is at $9,880,971
[2016/2/4 - 22:00:04] SA Gov Paid $81,000 to FBI budget fund.
[2016/2/4 - 22:00:04] Vehicle ID 535 (Slot ID 80) Maintainence fee cost $0 to FBI's budget fund.
[2016/2/4 - 22:00:04] Vehicle ID 536 (Slot ID 81) Maintainence fee cost $0 to FBI's budget fund.
[2016/2/4 - 22:00:04] Vehicle ID 537 (Slot ID 82) Maintainence fee cost $0 to FBI's budget fund.
[2016/2/4 - 22:00:04] Vehicle ID 538 (Slot ID 83) Maintainence fee cost $0 to FBI's budget fund.
[2016/2/4 - 22:00:04] Vehicle ID 539 (Slot ID 84) Maintainence fee cost $0 to FBI's budget fund.
[2016/2/4 - 22:00:04] Vehicle ID 540 (Slot ID 85) Maintainence fee cost $0 to FBI's budget fund.
[2016/2/4 - 22:00:04] Vehicle ID 541 (Slot ID 86) Maintainence fee cost $0 to FBI's budget fund.
[2016/2/4 - 22:00:04] Vehicle ID 542 (Slot ID 87) Maintainence fee cost $0 to FBI's budget fund.
[2016/2/4 - 22:00:04] Vehicle ID 543 (Slot ID 88) Maintainence fee cost $0 to FBI's budget fund.
[2016/2/4 - 23:00:52] The faction vault is at $9,961,971
[2016/2/4 - 23:00:53] SA Gov Paid $81,000 to FBI budget fund.
[2016/2/4 - 23:00:53] Vehicle ID 535 (Slot ID 80) Maintainence fee cost $0 to FBI's budget fund.
[2016/2/4 - 23:00:53] Vehicle ID 536 (Slot ID 81) Maintainence fee cost $0 to FBI's budget fund.
[2016/2/4 - 23:00:53] Vehicle ID 537 (Slot ID 82) Maintainence fee cost $0 to FBI's budget fund.
[2016/2/4 - 23:00:53] Vehicle ID 538 (Slot ID 83) Maintainence fee cost $0 to FBI's budget fund.
[2016/2/4 - 23:00:53] Vehicle ID 539 (Slot ID 84) Maintainence fee cost $0 to FBI's budget fund.
[2016/2/4 - 23:00:53] Vehicle ID 540 (Slot ID 85) Maintainence fee cost $0 to FBI's budget fund.
[2016/2/4 - 23:00:53] Vehicle ID 541 (Slot ID 86) Maintainence fee cost $0 to FBI's budget fund.
[2016/2/4 - 23:00:53] Vehicle ID 542 (Slot ID 87) Maintainence fee cost $0 to FBI's budget fund.
[2016/2/4 - 23:00:53] Vehicle ID 543 (Slot ID 88) Maintainence fee cost $0 to FBI's budget fund.
