[2016/2/5 - 0:00:31] The faction vault is at $10,042,971
[2016/2/5 - 0:00:31] SA Gov Paid $81,000 to FBI budget fund.
[2016/2/5 - 0:00:31] Vehicle ID 535 (Slot ID 80) Maintainence fee cost $0 to FBI's budget fund.
[2016/2/5 - 0:00:31] Vehicle ID 536 (Slot ID 81) Maintainence fee cost $0 to FBI's budget fund.
[2016/2/5 - 0:00:31] Vehicle ID 537 (Slot ID 82) Maintainence fee cost $0 to FBI's budget fund.
[2016/2/5 - 0:00:31] Vehicle ID 538 (Slot ID 83) Maintainence fee cost $0 to FBI's budget fund.
[2016/2/5 - 0:00:31] Vehicle ID 539 (Slot ID 84) Maintainence fee cost $0 to FBI's budget fund.
[2016/2/5 - 0:00:31] Vehicle ID 540 (Slot ID 85) Maintainence fee cost $0 to FBI's budget fund.
[2016/2/5 - 0:00:31] Vehicle ID 541 (Slot ID 86) Maintainence fee cost $0 to FBI's budget fund.
[2016/2/5 - 0:00:31] Vehicle ID 542 (Slot ID 87) Maintainence fee cost $0 to FBI's budget fund.
[2016/2/5 - 0:00:31] Vehicle ID 543 (Slot ID 88) Maintainence fee cost $0 to FBI's budget fund.
[2016/2/5 - 1:00:19] The faction vault is at $10,123,971
[2016/2/5 - 1:00:20] SA Gov Paid $81,000 to FBI budget fund.
[2016/2/5 - 1:00:20] Vehicle ID 535 (Slot ID 80) Maintainence fee cost $0 to FBI's budget fund.
[2016/2/5 - 1:00:20] Vehicle ID 536 (Slot ID 81) Maintainence fee cost $0 to FBI's budget fund.
[2016/2/5 - 1:00:20] Vehicle ID 537 (Slot ID 82) Maintainence fee cost $0 to FBI's budget fund.
[2016/2/5 - 1:00:20] Vehicle ID 538 (Slot ID 83) Maintainence fee cost $0 to FBI's budget fund.
[2016/2/5 - 1:00:20] Vehicle ID 539 (Slot ID 84) Maintainence fee cost $0 to FBI's budget fund.
[2016/2/5 - 1:00:20] Vehicle ID 540 (Slot ID 85) Maintainence fee cost $0 to FBI's budget fund.
[2016/2/5 - 1:00:20] Vehicle ID 541 (Slot ID 86) Maintainence fee cost $0 to FBI's budget fund.
[2016/2/5 - 1:00:20] Vehicle ID 542 (Slot ID 87) Maintainence fee cost $0 to FBI's budget fund.
[2016/2/5 - 1:00:20] Vehicle ID 543 (Slot ID 88) Maintainence fee cost $0 to FBI's budget fund.
[2016/2/5 - 2:00:53] The faction vault is at $10,204,971
[2016/2/5 - 2:00:53] SA Gov Paid $81,000 to FBI budget fund.
[2016/2/5 - 2:00:54] Vehicle ID 535 (Slot ID 80) Maintainence fee cost $0 to FBI's budget fund.
[2016/2/5 - 2:00:54] Vehicle ID 536 (Slot ID 81) Maintainence fee cost $0 to FBI's budget fund.
[2016/2/5 - 2:00:54] Vehicle ID 537 (Slot ID 82) Maintainence fee cost $0 to FBI's budget fund.
[2016/2/5 - 2:00:54] Vehicle ID 538 (Slot ID 83) Maintainence fee cost $0 to FBI's budget fund.
[2016/2/5 - 2:00:54] Vehicle ID 539 (Slot ID 84) Maintainence fee cost $0 to FBI's budget fund.
[2016/2/5 - 2:00:54] Vehicle ID 540 (Slot ID 85) Maintainence fee cost $0 to FBI's budget fund.
[2016/2/5 - 2:00:54] Vehicle ID 541 (Slot ID 86) Maintainence fee cost $0 to FBI's budget fund.
[2016/2/5 - 2:00:54] Vehicle ID 542 (Slot ID 87) Maintainence fee cost $0 to FBI's budget fund.
[2016/2/5 - 2:00:54] Vehicle ID 543 (Slot ID 88) Maintainence fee cost $0 to FBI's budget fund.
[2016/2/5 - 4:00:08] The faction vault is at $10,285,971
[2016/2/5 - 4:00:08] SA Gov Paid $81,000 to FBI budget fund.
[2016/2/5 - 4:00:08] Vehicle ID 535 (Slot ID 80) Maintainence fee cost $0 to FBI's budget fund.
[2016/2/5 - 4:00:08] Vehicle ID 536 (Slot ID 81) Maintainence fee cost $0 to FBI's budget fund.
[2016/2/5 - 4:00:08] Vehicle ID 537 (Slot ID 82) Maintainence fee cost $0 to FBI's budget fund.
[2016/2/5 - 4:00:08] Vehicle ID 538 (Slot ID 83) Maintainence fee cost $0 to FBI's budget fund.
[2016/2/5 - 4:00:08] Vehicle ID 539 (Slot ID 84) Maintainence fee cost $0 to FBI's budget fund.
[2016/2/5 - 4:00:08] Vehicle ID 540 (Slot ID 85) Maintainence fee cost $0 to FBI's budget fund.
[2016/2/5 - 4:00:08] Vehicle ID 541 (Slot ID 86) Maintainence fee cost $0 to FBI's budget fund.
[2016/2/5 - 4:00:08] Vehicle ID 542 (Slot ID 87) Maintainence fee cost $0 to FBI's budget fund.
[2016/2/5 - 4:00:08] Vehicle ID 543 (Slot ID 88) Maintainence fee cost $0 to FBI's budget fund.
[2016/2/5 - 5:00:53] The faction vault is at $10,366,971
[2016/2/5 - 5:00:53] SA Gov Paid $81,000 to FBI budget fund.
[2016/2/5 - 5:00:53] Vehicle ID 535 (Slot ID 80) Maintainence fee cost $0 to FBI's budget fund.
[2016/2/5 - 5:00:53] Vehicle ID 536 (Slot ID 81) Maintainence fee cost $0 to FBI's budget fund.
[2016/2/5 - 5:00:53] Vehicle ID 537 (Slot ID 82) Maintainence fee cost $0 to FBI's budget fund.
[2016/2/5 - 5:00:53] Vehicle ID 538 (Slot ID 83) Maintainence fee cost $0 to FBI's budget fund.
[2016/2/5 - 5:00:53] Vehicle ID 539 (Slot ID 84) Maintainence fee cost $0 to FBI's budget fund.
[2016/2/5 - 5:00:53] Vehicle ID 540 (Slot ID 85) Maintainence fee cost $0 to FBI's budget fund.
[2016/2/5 - 5:00:53] Vehicle ID 541 (Slot ID 86) Maintainence fee cost $0 to FBI's budget fund.
[2016/2/5 - 5:00:53] Vehicle ID 542 (Slot ID 87) Maintainence fee cost $0 to FBI's budget fund.
[2016/2/5 - 5:00:53] Vehicle ID 543 (Slot ID 88) Maintainence fee cost $0 to FBI's budget fund.
[2016/2/5 - 6:00:35] The faction vault is at $10,447,971
[2016/2/5 - 6:00:35] SA Gov Paid $81,000 to FBI budget fund.
[2016/2/5 - 6:00:35] Vehicle ID 535 (Slot ID 80) Maintainence fee cost $0 to FBI's budget fund.
[2016/2/5 - 6:00:35] Vehicle ID 536 (Slot ID 81) Maintainence fee cost $0 to FBI's budget fund.
[2016/2/5 - 6:00:35] Vehicle ID 537 (Slot ID 82) Maintainence fee cost $0 to FBI's budget fund.
[2016/2/5 - 6:00:35] Vehicle ID 538 (Slot ID 83) Maintainence fee cost $0 to FBI's budget fund.
[2016/2/5 - 6:00:35] Vehicle ID 539 (Slot ID 84) Maintainence fee cost $0 to FBI's budget fund.
[2016/2/5 - 6:00:35] Vehicle ID 540 (Slot ID 85) Maintainence fee cost $0 to FBI's budget fund.
[2016/2/5 - 6:00:35] Vehicle ID 541 (Slot ID 86) Maintainence fee cost $0 to FBI's budget fund.
[2016/2/5 - 6:00:35] Vehicle ID 542 (Slot ID 87) Maintainence fee cost $0 to FBI's budget fund.
[2016/2/5 - 6:00:35] Vehicle ID 543 (Slot ID 88) Maintainence fee cost $0 to FBI's budget fund.
[2016/2/5 - 7:00:52] The faction vault is at $10,528,971
[2016/2/5 - 7:00:52] SA Gov Paid $81,000 to FBI budget fund.
[2016/2/5 - 7:00:52] Vehicle ID 535 (Slot ID 80) Maintainence fee cost $0 to FBI's budget fund.
[2016/2/5 - 7:00:52] Vehicle ID 536 (Slot ID 81) Maintainence fee cost $0 to FBI's budget fund.
[2016/2/5 - 7:00:52] Vehicle ID 537 (Slot ID 82) Maintainence fee cost $0 to FBI's budget fund.
[2016/2/5 - 7:00:52] Vehicle ID 538 (Slot ID 83) Maintainence fee cost $0 to FBI's budget fund.
[2016/2/5 - 7:00:52] Vehicle ID 539 (Slot ID 84) Maintainence fee cost $0 to FBI's budget fund.
[2016/2/5 - 7:00:52] Vehicle ID 540 (Slot ID 85) Maintainence fee cost $0 to FBI's budget fund.
[2016/2/5 - 7:00:52] Vehicle ID 541 (Slot ID 86) Maintainence fee cost $0 to FBI's budget fund.
[2016/2/5 - 7:00:52] Vehicle ID 542 (Slot ID 87) Maintainence fee cost $0 to FBI's budget fund.
[2016/2/5 - 7:00:52] Vehicle ID 543 (Slot ID 88) Maintainence fee cost $0 to FBI's budget fund.
[2016/2/5 - 7:34:50] David Hai took a Sniper Rifle out of the FBI locker at a cost of $d.
[2016/2/5 - 7:34:56] David Hai took a Combat Shotgun out of the FBI locker at a cost of $d.
[2016/2/5 - 7:35:00] David Hai took a M4 out of the FBI locker at a cost of $d.
[2016/2/5 - 7:35:03] David Hai took a Nite Stick out of the FBI locker at a cost of $d.
[2016/2/5 - 7:35:04] David Hai took a Spray Can out of the FBI locker at a cost of $d.
[2016/2/5 - 7:35:09] David Hai took a Desert Eagle out of the FBI locker at a cost of $d.
[2016/2/5 - 7:35:15] David Hai took a MP5 out of the FBI locker at a cost of $d.
[2016/2/5 - 7:35:20] David Hai took a Shotgun out of the FBI locker at a cost of $d.
[2016/2/5 - 7:35:33] David Hai took a Combat Shotgun out of the FBI locker at a cost of $d.
[2016/2/5 - 8:00:39] The faction vault is at $10,609,918
[2016/2/5 - 8:00:39] SA Gov Paid $81,000 to FBI budget fund.
[2016/2/5 - 8:00:39] Vehicle ID 535 (Slot ID 80) Maintainence fee cost $0 to FBI's budget fund.
[2016/2/5 - 8:00:39] Vehicle ID 536 (Slot ID 81) Maintainence fee cost $0 to FBI's budget fund.
[2016/2/5 - 8:00:39] Vehicle ID 537 (Slot ID 82) Maintainence fee cost $0 to FBI's budget fund.
[2016/2/5 - 8:00:39] Vehicle ID 538 (Slot ID 83) Maintainence fee cost $0 to FBI's budget fund.
[2016/2/5 - 8:00:39] Vehicle ID 539 (Slot ID 84) Maintainence fee cost $0 to FBI's budget fund.
[2016/2/5 - 8:00:39] Vehicle ID 540 (Slot ID 85) Maintainence fee cost $0 to FBI's budget fund.
[2016/2/5 - 8:00:39] Vehicle ID 541 (Slot ID 86) Maintainence fee cost $0 to FBI's budget fund.
[2016/2/5 - 8:00:39] Vehicle ID 542 (Slot ID 87) Maintainence fee cost $0 to FBI's budget fund.
[2016/2/5 - 8:00:39] Vehicle ID 543 (Slot ID 88) Maintainence fee cost $0 to FBI's budget fund.
[2016/2/5 - 8:09:25] David Hai da sua xe 540 voi so tien $1,000 tai diem sua xe cua FBI's.
[2016/2/5 - 8:18:36] Vehicle Slot ID 85 RTB fee cost $0 to FBI's budget fund.
[2016/2/5 - 8:18:36] Vehicle Slot ID 85 RTB fee cost $0 to FBI's budget fund.
[2016/2/5 - 8:19:54] David Hai took a Sniper Rifle out of the FBI locker at a cost of $d.
[2016/2/5 - 8:19:58] David Hai took a Combat Shotgun out of the FBI locker at a cost of $d.
[2016/2/5 - 8:20:01] David Hai took a M4 out of the FBI locker at a cost of $d.
[2016/2/5 - 8:20:03] David Hai took a Nite Stick out of the FBI locker at a cost of $d.
[2016/2/5 - 8:20:07] David Hai took a Spray Can out of the FBI locker at a cost of $d.
[2016/2/5 - 8:20:10] David Hai took a Desert Eagle out of the FBI locker at a cost of $d.
[2016/2/5 - 8:42:23] David Tom took a M4 out of the FBI locker at a cost of $d.
[2016/2/5 - 8:42:25] David Tom took a Combat Shotgun out of the FBI locker at a cost of $d.
[2016/2/5 - 8:42:28] David Tom took a Sniper Rifle out of the FBI locker at a cost of $d.
[2016/2/5 - 8:42:31] David Tom took a vest for their car out of the FBI locker at a cost of $3,000 to the budget fund.
[2016/2/5 - 8:54:31] David Hai took a Sniper Rifle out of the FBI locker at a cost of $d.
[2016/2/5 - 8:54:35] David Hai took a M4 out of the FBI locker at a cost of $d.
[2016/2/5 - 8:54:44] David Hai took a Combat Shotgun out of the FBI locker at a cost of $d.
[2016/2/5 - 8:54:46] David Hai took a Nite Stick out of the FBI locker at a cost of $d.
[2016/2/5 - 8:54:48] David Hai took a Spray Can out of the FBI locker at a cost of $d.
[2016/2/5 - 9:00:17] The faction vault is at $10,686,825
[2016/2/5 - 9:00:17] SA Gov Paid $81,000 to FBI budget fund.
[2016/2/5 - 9:00:17] Vehicle ID 535 (Slot ID 80) Maintainence fee cost $0 to FBI's budget fund.
[2016/2/5 - 9:00:17] Vehicle ID 536 (Slot ID 81) Maintainence fee cost $0 to FBI's budget fund.
[2016/2/5 - 9:00:17] Vehicle ID 537 (Slot ID 82) Maintainence fee cost $0 to FBI's budget fund.
[2016/2/5 - 9:00:17] Vehicle ID 538 (Slot ID 83) Maintainence fee cost $0 to FBI's budget fund.
[2016/2/5 - 9:00:17] Vehicle ID 539 (Slot ID 84) Maintainence fee cost $0 to FBI's budget fund.
[2016/2/5 - 9:00:17] Vehicle ID 540 (Slot ID 85) Maintainence fee cost $0 to FBI's budget fund.
[2016/2/5 - 9:00:17] Vehicle ID 541 (Slot ID 86) Maintainence fee cost $0 to FBI's budget fund.
[2016/2/5 - 9:00:17] Vehicle ID 542 (Slot ID 87) Maintainence fee cost $0 to FBI's budget fund.
[2016/2/5 - 9:00:17] Vehicle ID 543 (Slot ID 88) Maintainence fee cost $0 to FBI's budget fund.
[2016/2/5 - 13:53:08] Fate Jonhson took a vest for their car out of the FBI locker at a cost of $3,000 to the budget fund.
[2016/2/5 - 13:53:10] Fate Jonhson took a vest out of the FBI locker at a cost of $2,500.
[2016/2/5 - 14:00:18] The faction vault is at $10,762,325
[2016/2/5 - 14:00:18] SA Gov Paid $81,000 to FBI budget fund.
[2016/2/5 - 14:00:18] Vehicle ID 535 (Slot ID 80) Maintainence fee cost $0 to FBI's budget fund.
[2016/2/5 - 14:00:18] Vehicle ID 536 (Slot ID 81) Maintainence fee cost $0 to FBI's budget fund.
[2016/2/5 - 14:00:18] Vehicle ID 537 (Slot ID 82) Maintainence fee cost $0 to FBI's budget fund.
[2016/2/5 - 14:00:18] Vehicle ID 538 (Slot ID 83) Maintainence fee cost $0 to FBI's budget fund.
[2016/2/5 - 14:00:18] Vehicle ID 539 (Slot ID 84) Maintainence fee cost $0 to FBI's budget fund.
[2016/2/5 - 14:00:18] Vehicle ID 540 (Slot ID 85) Maintainence fee cost $0 to FBI's budget fund.
[2016/2/5 - 14:00:18] Vehicle ID 541 (Slot ID 86) Maintainence fee cost $0 to FBI's budget fund.
[2016/2/5 - 14:00:18] Vehicle ID 542 (Slot ID 87) Maintainence fee cost $0 to FBI's budget fund.
[2016/2/5 - 14:00:18] Vehicle ID 543 (Slot ID 88) Maintainence fee cost $0 to FBI's budget fund.
[2016/2/5 - 14:02:59] Bet Stom took a vest out of the FBI locker at a cost of $2,500.
[2016/2/5 - 14:03:01] Bet Stom took a vest for their car out of the FBI locker at a cost of $3,000 to the budget fund.
[2016/2/5 - 14:11:36] Fate Jonhson took a vest out of the FBI locker at a cost of $2,500.
[2016/2/5 - 14:12:28] Bet Stom took a vest out of the FBI locker at a cost of $2,500.
[2016/2/5 - 14:12:39] Exciter Do took a M4 out of the FBI locker at a cost of $d.
[2016/2/5 - 14:14:02] Fate Jonhson took a vest out of the FBI locker at a cost of $2,500.
[2016/2/5 - 14:42:43] David Hai took a vest out of the FBI locker at a cost of $2,500.
[2016/2/5 - 14:42:55] David Hai took a Nite Stick out of the FBI locker at a cost of $d.
[2016/2/5 - 14:42:57] David Hai took a Spray Can out of the FBI locker at a cost of $d.
[2016/2/5 - 14:43:00] David Hai took a Sniper Rifle out of the FBI locker at a cost of $d.
[2016/2/5 - 14:43:03] David Hai took a Combat Shotgun out of the FBI locker at a cost of $d.
[2016/2/5 - 14:43:07] David Hai took a M4 out of the FBI locker at a cost of $d.
[2016/2/5 - 14:43:11] David Hai took a MP5 out of the FBI locker at a cost of $d.
[2016/2/5 - 14:45:52] Fate Jonhson took a M4 out of the FBI locker at a cost of $d.
[2016/2/5 - 14:45:56] Fate Jonhson took a MP5 out of the FBI locker at a cost of $d.
[2016/2/5 - 14:45:58] Fate Jonhson took a Sniper Rifle out of the FBI locker at a cost of $d.
[2016/2/5 - 14:46:30] Bet Stom took a Desert Eagle out of the FBI locker at a cost of $d.
[2016/2/5 - 14:46:34] Bet Stom took a M4 out of the FBI locker at a cost of $d.
[2016/2/5 - 14:46:37] Bet Stom took a Combat Shotgun out of the FBI locker at a cost of $d.
[2016/2/5 - 14:46:39] Bet Stom took a Sniper Rifle out of the FBI locker at a cost of $d.
[2016/2/5 - 14:46:45] ton ngo khong took a Combat Shotgun out of the FBI locker at a cost of $d.
[2016/2/5 - 14:46:49] ton ngo khong took a Desert Eagle out of the FBI locker at a cost of $d.
[2016/2/5 - 14:47:07] ton ngo khong took a M4 out of the FBI locker at a cost of $d.
[2016/2/5 - 15:00:14] The faction vault is at $10,827,703
[2016/2/5 - 15:00:14] SA Gov Paid $81,000 to FBI budget fund.
[2016/2/5 - 15:00:14] Vehicle ID 535 (Slot ID 80) Maintainence fee cost $0 to FBI's budget fund.
[2016/2/5 - 15:00:14] Vehicle ID 536 (Slot ID 81) Maintainence fee cost $0 to FBI's budget fund.
[2016/2/5 - 15:00:14] Vehicle ID 537 (Slot ID 82) Maintainence fee cost $0 to FBI's budget fund.
[2016/2/5 - 15:00:14] Vehicle ID 538 (Slot ID 83) Maintainence fee cost $0 to FBI's budget fund.
[2016/2/5 - 15:00:14] Vehicle ID 539 (Slot ID 84) Maintainence fee cost $0 to FBI's budget fund.
[2016/2/5 - 15:00:14] Vehicle ID 540 (Slot ID 85) Maintainence fee cost $0 to FBI's budget fund.
[2016/2/5 - 15:00:14] Vehicle ID 541 (Slot ID 86) Maintainence fee cost $0 to FBI's budget fund.
[2016/2/5 - 15:00:14] Vehicle ID 542 (Slot ID 87) Maintainence fee cost $0 to FBI's budget fund.
[2016/2/5 - 15:00:14] Vehicle ID 543 (Slot ID 88) Maintainence fee cost $0 to FBI's budget fund.
[2016/2/5 - 15:03:18] Bet Stom took a Desert Eagle out of the FBI locker at a cost of $d.
[2016/2/5 - 15:03:21] Bet Stom took a M4 out of the FBI locker at a cost of $d.
[2016/2/5 - 15:03:23] Bet Stom took a Combat Shotgun out of the FBI locker at a cost of $d.
[2016/2/5 - 15:03:25] Bet Stom took a Sniper Rifle out of the FBI locker at a cost of $d.
[2016/2/5 - 15:03:28] Bet Stom took a vest for their car out of the FBI locker at a cost of $3,000 to the budget fund.
[2016/2/5 - 15:09:16] David Hai took a Combat Shotgun out of the FBI locker at a cost of $d.
[2016/2/5 - 15:09:21] David Hai took a M4 out of the FBI locker at a cost of $d.
[2016/2/5 - 15:09:25] David Hai took a Sniper Rifle out of the FBI locker at a cost of $d.
[2016/2/5 - 15:09:30] David Hai took a Nite Stick out of the FBI locker at a cost of $d.
[2016/2/5 - 15:09:37] David Hai took a Spray Can out of the FBI locker at a cost of $d.
[2016/2/5 - 15:09:42] David Hai took a Desert Eagle out of the FBI locker at a cost of $d.
[2016/2/5 - 15:15:46] Fate Jonhson took a vest for their car out of the FBI locker at a cost of $3,000 to the budget fund.
[2016/2/5 - 15:15:47] Bet Stom took a vest out of the FBI locker at a cost of $2,500.
[2016/2/5 - 15:15:49] Bet Stom took a vest for their car out of the FBI locker at a cost of $3,000 to the budget fund.
[2016/2/5 - 15:21:48] Fate Jonhson took a M4 out of the FBI locker at a cost of $d.
[2016/2/5 - 15:21:50] Fate Jonhson took a Sniper Rifle out of the FBI locker at a cost of $d.
[2016/2/5 - 15:21:52] Fate Jonhson took a MP5 out of the FBI locker at a cost of $d.
[2016/2/5 - 15:22:33] Bet Stom took a Desert Eagle out of the FBI locker at a cost of $d.
[2016/2/5 - 15:22:37] Bet Stom took a M4 out of the FBI locker at a cost of $d.
[2016/2/5 - 15:22:39] Bet Stom took a Combat Shotgun out of the FBI locker at a cost of $d.
[2016/2/5 - 15:22:44] Bet Stom took a Sniper Rifle out of the FBI locker at a cost of $d.
[2016/2/5 - 15:39:45] Fate Jonhson took a vest out of the FBI locker at a cost of $2,500.
[2016/2/5 - 15:39:50] Bet Stom took a vest out of the FBI locker at a cost of $2,500.
[2016/2/5 - 15:39:51] Fate Jonhson took a vest out of the FBI locker at a cost of $2,500.
[2016/2/5 - 15:40:17] Bet Stom took a vest for their car out of the FBI locker at a cost of $3,000 to the budget fund.
[2016/2/5 - 15:45:43] Bet Stom took a vest out of the FBI locker at a cost of $2,500.
[2016/2/5 - 15:45:48] Bet Stom took a Desert Eagle out of the FBI locker at a cost of $d.
[2016/2/5 - 15:45:52] Bet Stom took a M4 out of the FBI locker at a cost of $d.
[2016/2/5 - 15:45:54] Bet Stom took a Combat Shotgun out of the FBI locker at a cost of $d.
[2016/2/5 - 15:45:57] Bet Stom took a Sniper Rifle out of the FBI locker at a cost of $d.
[2016/2/5 - 15:51:33] Fate Jonhson took a vest out of the FBI locker at a cost of $2,500.
[2016/2/5 - 16:00:14] The faction vault is at $10,881,548
[2016/2/5 - 16:00:14] SA Gov Paid $81,000 to FBI budget fund.
[2016/2/5 - 16:00:14] Vehicle ID 535 (Slot ID 80) Maintainence fee cost $0 to FBI's budget fund.
[2016/2/5 - 16:00:14] Vehicle ID 536 (Slot ID 81) Maintainence fee cost $0 to FBI's budget fund.
[2016/2/5 - 16:00:14] Vehicle ID 537 (Slot ID 82) Maintainence fee cost $0 to FBI's budget fund.
[2016/2/5 - 16:00:14] Vehicle ID 538 (Slot ID 83) Maintainence fee cost $0 to FBI's budget fund.
[2016/2/5 - 16:00:14] Vehicle ID 539 (Slot ID 84) Maintainence fee cost $0 to FBI's budget fund.
[2016/2/5 - 16:00:14] Vehicle ID 540 (Slot ID 85) Maintainence fee cost $0 to FBI's budget fund.
[2016/2/5 - 16:00:14] Vehicle ID 541 (Slot ID 86) Maintainence fee cost $0 to FBI's budget fund.
[2016/2/5 - 16:00:14] Vehicle ID 542 (Slot ID 87) Maintainence fee cost $0 to FBI's budget fund.
[2016/2/5 - 16:00:14] Vehicle ID 543 (Slot ID 88) Maintainence fee cost $0 to FBI's budget fund.
[2016/2/5 - 16:02:45] William Steven took a Nite Stick out of the FBI locker at a cost of $d.
[2016/2/5 - 16:02:47] William Steven took a Spray Can out of the FBI locker at a cost of $d.
[2016/2/5 - 16:02:48] William Steven took a Teargas out of the FBI locker at a cost of $d.
[2016/2/5 - 16:02:50] William Steven took a Shotgun out of the FBI locker at a cost of $d.
[2016/2/5 - 16:02:52] William Steven took a MP5 out of the FBI locker at a cost of $d.
[2016/2/5 - 16:03:01] William Steven took a Combat Shotgun out of the FBI locker at a cost of $d.
[2016/2/5 - 16:03:03] William Steven took a M4 out of the FBI locker at a cost of $d.
[2016/2/5 - 16:03:05] William Steven took a Sniper Rifle out of the FBI locker at a cost of $d.
[2016/2/5 - 16:03:38] William Steven took a MP5 out of the FBI locker at a cost of $d.
[2016/2/5 - 16:03:41] William Steven took a Shotgun out of the FBI locker at a cost of $d.
[2016/2/5 - 16:24:53] Fate Jonhson took a vest out of the FBI locker at a cost of $2,500.
[2016/2/5 - 16:25:48] Fate Jonhson took a Nite Stick out of the FBI locker at a cost of $d.
[2016/2/5 - 16:25:50] Fate Jonhson took a vest out of the FBI locker at a cost of $2,500.
[2016/2/5 - 17:00:01] The faction vault is at $10,957,501
[2016/2/5 - 17:00:01] SA Gov Paid $81,000 to FBI budget fund.
[2016/2/5 - 17:00:01] Vehicle ID 535 (Slot ID 80) Maintainence fee cost $0 to FBI's budget fund.
[2016/2/5 - 17:00:01] Vehicle ID 536 (Slot ID 81) Maintainence fee cost $0 to FBI's budget fund.
[2016/2/5 - 17:00:01] Vehicle ID 537 (Slot ID 82) Maintainence fee cost $0 to FBI's budget fund.
[2016/2/5 - 17:00:01] Vehicle ID 538 (Slot ID 83) Maintainence fee cost $0 to FBI's budget fund.
[2016/2/5 - 17:00:01] Vehicle ID 539 (Slot ID 84) Maintainence fee cost $0 to FBI's budget fund.
[2016/2/5 - 17:00:01] Vehicle ID 540 (Slot ID 85) Maintainence fee cost $0 to FBI's budget fund.
[2016/2/5 - 17:00:01] Vehicle ID 541 (Slot ID 86) Maintainence fee cost $0 to FBI's budget fund.
[2016/2/5 - 17:00:01] Vehicle ID 542 (Slot ID 87) Maintainence fee cost $0 to FBI's budget fund.
[2016/2/5 - 17:00:01] Vehicle ID 543 (Slot ID 88) Maintainence fee cost $0 to FBI's budget fund.
[2016/2/5 - 17:00:14] Vehicle Slot ID 85 RTB fee cost $0 to FBI's budget fund.
[2016/2/5 - 17:22:15] Vehicle Slot ID 83 RTB fee cost $0 to FBI's budget fund.
[2016/2/5 - 17:29:33] Vehicle Slot ID 86 RTB fee cost $0 to FBI's budget fund.
[2016/2/5 - 18:00:57] The faction vault is at $11,038,501
[2016/2/5 - 18:00:57] SA Gov Paid $81,000 to FBI budget fund.
[2016/2/5 - 18:00:57] Vehicle ID 535 (Slot ID 80) Maintainence fee cost $0 to FBI's budget fund.
[2016/2/5 - 18:00:57] Vehicle ID 536 (Slot ID 81) Maintainence fee cost $0 to FBI's budget fund.
[2016/2/5 - 18:00:57] Vehicle ID 537 (Slot ID 82) Maintainence fee cost $0 to FBI's budget fund.
[2016/2/5 - 18:00:57] Vehicle ID 538 (Slot ID 83) Maintainence fee cost $0 to FBI's budget fund.
[2016/2/5 - 18:00:57] Vehicle ID 539 (Slot ID 84) Maintainence fee cost $0 to FBI's budget fund.
[2016/2/5 - 18:00:57] Vehicle ID 540 (Slot ID 85) Maintainence fee cost $0 to FBI's budget fund.
[2016/2/5 - 18:00:57] Vehicle ID 541 (Slot ID 86) Maintainence fee cost $0 to FBI's budget fund.
[2016/2/5 - 18:00:57] Vehicle ID 542 (Slot ID 87) Maintainence fee cost $0 to FBI's budget fund.
[2016/2/5 - 18:00:57] Vehicle ID 543 (Slot ID 88) Maintainence fee cost $0 to FBI's budget fund.
[2016/2/5 - 18:10:03] Vehicle Slot ID 84 RTB fee cost $0 to FBI's budget fund.
[2016/2/5 - 18:31:20] Vehicle Slot ID 87 RTB fee cost $0 to FBI's budget fund.
[2016/2/5 - 19:00:14] The faction vault is at $11,119,501
[2016/2/5 - 19:00:15] SA Gov Paid $81,000 to FBI budget fund.
[2016/2/5 - 19:00:16] Vehicle ID 535 (Slot ID 80) Maintainence fee cost $0 to FBI's budget fund.
[2016/2/5 - 19:00:16] Vehicle ID 536 (Slot ID 81) Maintainence fee cost $0 to FBI's budget fund.
[2016/2/5 - 19:00:16] Vehicle ID 537 (Slot ID 82) Maintainence fee cost $0 to FBI's budget fund.
[2016/2/5 - 19:00:16] Vehicle ID 538 (Slot ID 83) Maintainence fee cost $0 to FBI's budget fund.
[2016/2/5 - 19:00:16] Vehicle ID 539 (Slot ID 84) Maintainence fee cost $0 to FBI's budget fund.
[2016/2/5 - 19:00:16] Vehicle ID 540 (Slot ID 85) Maintainence fee cost $0 to FBI's budget fund.
[2016/2/5 - 19:00:16] Vehicle ID 541 (Slot ID 86) Maintainence fee cost $0 to FBI's budget fund.
[2016/2/5 - 19:00:16] Vehicle ID 542 (Slot ID 87) Maintainence fee cost $0 to FBI's budget fund.
[2016/2/5 - 19:00:16] Vehicle ID 543 (Slot ID 88) Maintainence fee cost $0 to FBI's budget fund.
[2016/2/5 - 19:04:03] William Steven took a vest for their car out of the FBI locker at a cost of $3,000 to the budget fund.
[2016/2/5 - 19:40:31] Vehicle Slot ID 80 RTB fee cost $0 to FBI's budget fund.
[2016/2/5 - 19:40:31] Vehicle Slot ID 80 RTB fee cost $0 to FBI's budget fund.
[2016/2/5 - 19:40:31] Vehicle Slot ID 81 RTB fee cost $0 to FBI's budget fund.
[2016/2/5 - 19:40:32] Vehicle Slot ID 81 RTB fee cost $0 to FBI's budget fund.
[2016/2/5 - 19:40:32] Vehicle Slot ID 82 RTB fee cost $0 to FBI's budget fund.
[2016/2/5 - 19:40:32] Vehicle Slot ID 82 RTB fee cost $0 to FBI's budget fund.
[2016/2/5 - 19:40:32] Vehicle Slot ID 83 RTB fee cost $0 to FBI's budget fund.
[2016/2/5 - 19:40:32] Vehicle Slot ID 83 RTB fee cost $0 to FBI's budget fund.
[2016/2/5 - 19:40:32] Vehicle Slot ID 84 RTB fee cost $0 to FBI's budget fund.
[2016/2/5 - 19:40:32] Vehicle Slot ID 84 RTB fee cost $0 to FBI's budget fund.
[2016/2/5 - 19:40:32] Vehicle Slot ID 85 RTB fee cost $0 to FBI's budget fund.
[2016/2/5 - 19:40:32] Vehicle Slot ID 85 RTB fee cost $0 to FBI's budget fund.
[2016/2/5 - 19:40:32] Vehicle Slot ID 86 RTB fee cost $0 to FBI's budget fund.
[2016/2/5 - 19:40:32] Vehicle Slot ID 86 RTB fee cost $0 to FBI's budget fund.
[2016/2/5 - 19:40:32] Vehicle Slot ID 87 RTB fee cost $0 to FBI's budget fund.
[2016/2/5 - 19:40:32] Vehicle Slot ID 87 RTB fee cost $0 to FBI's budget fund.
[2016/2/5 - 19:40:32] Vehicle Slot ID 88 RTB fee cost $0 to FBI's budget fund.
[2016/2/5 - 19:40:32] Vehicle Slot ID 88 RTB fee cost $0 to FBI's budget fund.
[2016/2/5 - 19:41:23] Vehicle Slot ID 80 RTB fee cost $0 to FBI's budget fund.
[2016/2/5 - 19:41:23] Vehicle Slot ID 80 RTB fee cost $0 to FBI's budget fund.
[2016/2/5 - 19:41:23] Vehicle Slot ID 81 RTB fee cost $0 to FBI's budget fund.
[2016/2/5 - 19:41:23] Vehicle Slot ID 81 RTB fee cost $0 to FBI's budget fund.
[2016/2/5 - 19:41:23] Vehicle Slot ID 82 RTB fee cost $0 to FBI's budget fund.
[2016/2/5 - 19:41:23] Vehicle Slot ID 82 RTB fee cost $0 to FBI's budget fund.
[2016/2/5 - 19:41:23] Vehicle Slot ID 83 RTB fee cost $0 to FBI's budget fund.
[2016/2/5 - 19:41:23] Vehicle Slot ID 83 RTB fee cost $0 to FBI's budget fund.
[2016/2/5 - 19:41:23] Vehicle Slot ID 84 RTB fee cost $0 to FBI's budget fund.
[2016/2/5 - 19:41:23] Vehicle Slot ID 84 RTB fee cost $0 to FBI's budget fund.
[2016/2/5 - 19:41:24] Vehicle Slot ID 85 RTB fee cost $0 to FBI's budget fund.
[2016/2/5 - 19:41:24] Vehicle Slot ID 85 RTB fee cost $0 to FBI's budget fund.
[2016/2/5 - 19:41:24] Vehicle Slot ID 86 RTB fee cost $0 to FBI's budget fund.
[2016/2/5 - 19:41:24] Vehicle Slot ID 86 RTB fee cost $0 to FBI's budget fund.
[2016/2/5 - 19:41:24] Vehicle Slot ID 87 RTB fee cost $0 to FBI's budget fund.
[2016/2/5 - 19:41:24] Vehicle Slot ID 87 RTB fee cost $0 to FBI's budget fund.
[2016/2/5 - 19:41:24] Vehicle Slot ID 88 RTB fee cost $0 to FBI's budget fund.
[2016/2/5 - 19:41:24] Vehicle Slot ID 88 RTB fee cost $0 to FBI's budget fund.
[2016/2/5 - 19:56:25] Tyn Changes took a vest out of the FBI locker at a cost of $2,500.
[2016/2/5 - 19:56:28] Tyn Changes took a Desert Eagle out of the FBI locker at a cost of $d.
[2016/2/5 - 19:56:30] Tyn Changes took a Shotgun out of the FBI locker at a cost of $d.
[2016/2/5 - 19:56:35] Tyn Changes took a MP5 out of the FBI locker at a cost of $d.
[2016/2/5 - 19:56:38] Tyn Changes took a M4 out of the FBI locker at a cost of $d.
[2016/2/5 - 19:56:41] Tyn Changes took a Combat Shotgun out of the FBI locker at a cost of $d.
[2016/2/5 - 19:56:44] Tyn Changes took a Sniper Rifle out of the FBI locker at a cost of $d.
[2016/2/5 - 20:01:01] The faction vault is at $11,194,960
[2016/2/5 - 20:01:01] SA Gov Paid $81,000 to FBI budget fund.
[2016/2/5 - 20:01:01] Vehicle ID 535 (Slot ID 80) Maintainence fee cost $0 to FBI's budget fund.
[2016/2/5 - 20:01:01] Vehicle ID 536 (Slot ID 81) Maintainence fee cost $0 to FBI's budget fund.
[2016/2/5 - 20:01:01] Vehicle ID 537 (Slot ID 82) Maintainence fee cost $0 to FBI's budget fund.
[2016/2/5 - 20:01:01] Vehicle ID 538 (Slot ID 83) Maintainence fee cost $0 to FBI's budget fund.
[2016/2/5 - 20:01:01] Vehicle ID 539 (Slot ID 84) Maintainence fee cost $0 to FBI's budget fund.
[2016/2/5 - 20:01:01] Vehicle ID 540 (Slot ID 85) Maintainence fee cost $0 to FBI's budget fund.
[2016/2/5 - 20:01:01] Vehicle ID 541 (Slot ID 86) Maintainence fee cost $0 to FBI's budget fund.
[2016/2/5 - 20:01:01] Vehicle ID 542 (Slot ID 87) Maintainence fee cost $0 to FBI's budget fund.
[2016/2/5 - 20:01:01] Vehicle ID 543 (Slot ID 88) Maintainence fee cost $0 to FBI's budget fund.
[2016/2/5 - 20:01:25] Vehicle Slot ID 80 RTB fee cost $0 to FBI's budget fund.
[2016/2/5 - 20:01:26] Vehicle Slot ID 80 RTB fee cost $0 to FBI's budget fund.
[2016/2/5 - 20:01:26] Vehicle Slot ID 81 RTB fee cost $0 to FBI's budget fund.
[2016/2/5 - 20:01:26] Vehicle Slot ID 81 RTB fee cost $0 to FBI's budget fund.
[2016/2/5 - 20:01:26] Vehicle Slot ID 82 RTB fee cost $0 to FBI's budget fund.
[2016/2/5 - 20:01:26] Vehicle Slot ID 82 RTB fee cost $0 to FBI's budget fund.
[2016/2/5 - 20:01:26] Vehicle Slot ID 83 RTB fee cost $0 to FBI's budget fund.
[2016/2/5 - 20:01:26] Vehicle Slot ID 83 RTB fee cost $0 to FBI's budget fund.
[2016/2/5 - 20:01:26] Vehicle Slot ID 84 RTB fee cost $0 to FBI's budget fund.
[2016/2/5 - 20:01:26] Vehicle Slot ID 84 RTB fee cost $0 to FBI's budget fund.
[2016/2/5 - 20:01:26] Vehicle Slot ID 85 RTB fee cost $0 to FBI's budget fund.
[2016/2/5 - 20:01:26] Vehicle Slot ID 85 RTB fee cost $0 to FBI's budget fund.
[2016/2/5 - 20:01:26] Vehicle Slot ID 86 RTB fee cost $0 to FBI's budget fund.
[2016/2/5 - 20:01:26] Vehicle Slot ID 86 RTB fee cost $0 to FBI's budget fund.
[2016/2/5 - 20:01:26] Vehicle Slot ID 87 RTB fee cost $0 to FBI's budget fund.
[2016/2/5 - 20:01:26] Vehicle Slot ID 87 RTB fee cost $0 to FBI's budget fund.
[2016/2/5 - 20:01:26] Vehicle Slot ID 88 RTB fee cost $0 to FBI's budget fund.
[2016/2/5 - 20:01:26] Vehicle Slot ID 88 RTB fee cost $0 to FBI's budget fund.
[2016/2/5 - 20:05:24] Vehicle Slot ID 80 RTB fee cost $0 to FBI's budget fund.
[2016/2/5 - 20:05:24] Vehicle Slot ID 80 RTB fee cost $0 to FBI's budget fund.
[2016/2/5 - 20:05:24] Vehicle Slot ID 81 RTB fee cost $0 to FBI's budget fund.
[2016/2/5 - 20:05:24] Vehicle Slot ID 81 RTB fee cost $0 to FBI's budget fund.
[2016/2/5 - 20:05:24] Vehicle Slot ID 82 RTB fee cost $0 to FBI's budget fund.
[2016/2/5 - 20:05:24] Vehicle Slot ID 82 RTB fee cost $0 to FBI's budget fund.
[2016/2/5 - 20:05:24] Vehicle Slot ID 83 RTB fee cost $0 to FBI's budget fund.
[2016/2/5 - 20:05:24] Vehicle Slot ID 83 RTB fee cost $0 to FBI's budget fund.
[2016/2/5 - 20:05:24] Vehicle Slot ID 84 RTB fee cost $0 to FBI's budget fund.
[2016/2/5 - 20:05:24] Vehicle Slot ID 84 RTB fee cost $0 to FBI's budget fund.
[2016/2/5 - 20:05:24] Vehicle Slot ID 85 RTB fee cost $0 to FBI's budget fund.
[2016/2/5 - 20:05:24] Vehicle Slot ID 85 RTB fee cost $0 to FBI's budget fund.
[2016/2/5 - 20:05:24] Vehicle Slot ID 86 RTB fee cost $0 to FBI's budget fund.
[2016/2/5 - 20:05:24] Vehicle Slot ID 86 RTB fee cost $0 to FBI's budget fund.
[2016/2/5 - 20:05:24] Vehicle Slot ID 87 RTB fee cost $0 to FBI's budget fund.
[2016/2/5 - 20:05:25] Vehicle Slot ID 87 RTB fee cost $0 to FBI's budget fund.
[2016/2/5 - 20:05:25] Vehicle Slot ID 88 RTB fee cost $0 to FBI's budget fund.
[2016/2/5 - 20:05:25] Vehicle Slot ID 88 RTB fee cost $0 to FBI's budget fund.
[2016/2/5 - 20:30:50] Tyn Changes took a vest out of the FBI locker at a cost of $2,500.
[2016/2/5 - 20:30:53] Tyn Changes took a Desert Eagle out of the FBI locker at a cost of $d.
[2016/2/5 - 20:30:55] Tyn Changes took a Shotgun out of the FBI locker at a cost of $d.
[2016/2/5 - 20:30:58] Tyn Changes took a MP5 out of the FBI locker at a cost of $d.
[2016/2/5 - 20:31:00] Tyn Changes took a M4 out of the FBI locker at a cost of $d.
[2016/2/5 - 20:31:03] Tyn Changes took a Combat Shotgun out of the FBI locker at a cost of $d.
[2016/2/5 - 20:31:08] Tyn Changes took a Sniper Rifle out of the FBI locker at a cost of $d.
[2016/2/5 - 20:55:04] Tyn Changes took a Desert Eagle out of the FBI locker at a cost of $d.
[2016/2/5 - 20:55:10] Tyn Changes took a MP5 out of the FBI locker at a cost of $d.
[2016/2/5 - 20:55:13] Tyn Changes took a M4 out of the FBI locker at a cost of $d.
[2016/2/5 - 20:55:19] Tyn Changes took a Combat Shotgun out of the FBI locker at a cost of $d.
[2016/2/5 - 20:55:24] Tyn Changes took a Sniper Rifle out of the FBI locker at a cost of $d.
[2016/2/5 - 20:55:32] Tyn Changes took a vest out of the FBI locker at a cost of $2,500.
[2016/2/5 - 21:00:48] The faction vault is at $11,270,881
[2016/2/5 - 21:00:48] SA Gov Paid $81,000 to FBI budget fund.
[2016/2/5 - 21:00:48] Vehicle ID 535 (Slot ID 80) Maintainence fee cost $0 to FBI's budget fund.
[2016/2/5 - 21:00:48] Vehicle ID 536 (Slot ID 81) Maintainence fee cost $0 to FBI's budget fund.
[2016/2/5 - 21:00:48] Vehicle ID 537 (Slot ID 82) Maintainence fee cost $0 to FBI's budget fund.
[2016/2/5 - 21:00:48] Vehicle ID 538 (Slot ID 83) Maintainence fee cost $0 to FBI's budget fund.
[2016/2/5 - 21:00:48] Vehicle ID 539 (Slot ID 84) Maintainence fee cost $0 to FBI's budget fund.
[2016/2/5 - 21:00:48] Vehicle ID 540 (Slot ID 85) Maintainence fee cost $0 to FBI's budget fund.
[2016/2/5 - 21:00:48] Vehicle ID 541 (Slot ID 86) Maintainence fee cost $0 to FBI's budget fund.
[2016/2/5 - 21:00:48] Vehicle ID 542 (Slot ID 87) Maintainence fee cost $0 to FBI's budget fund.
[2016/2/5 - 21:00:48] Vehicle ID 543 (Slot ID 88) Maintainence fee cost $0 to FBI's budget fund.
[2016/2/5 - 21:19:13] Tyn Changes took a Desert Eagle out of the FBI locker at a cost of $d.
[2016/2/5 - 21:19:15] Tyn Changes took a MP5 out of the FBI locker at a cost of $d.
[2016/2/5 - 21:19:17] Tyn Changes took a M4 out of the FBI locker at a cost of $d.
[2016/2/5 - 21:19:20] Tyn Changes took a Combat Shotgun out of the FBI locker at a cost of $d.
[2016/2/5 - 21:19:23] Tyn Changes took a Sniper Rifle out of the FBI locker at a cost of $d.
[2016/2/5 - 21:24:12] Tyn Changes took a vest out of the FBI locker at a cost of $2,500.
[2016/2/5 - 21:44:47] William Steven took a Nite Stick out of the FBI locker at a cost of $d.
[2016/2/5 - 21:44:49] William Steven took a Spray Can out of the FBI locker at a cost of $d.
[2016/2/5 - 21:44:50] William Steven took a Teargas out of the FBI locker at a cost of $d.
[2016/2/5 - 21:44:54] William Steven took a vest for their car out of the FBI locker at a cost of $3,000 to the budget fund.
[2016/2/5 - 22:00:30] The faction vault is at $11,346,342
[2016/2/5 - 22:00:30] SA Gov Paid $81,000 to FBI budget fund.
[2016/2/5 - 22:00:30] Vehicle ID 535 (Slot ID 80) Maintainence fee cost $0 to FBI's budget fund.
[2016/2/5 - 22:00:30] Vehicle ID 536 (Slot ID 81) Maintainence fee cost $0 to FBI's budget fund.
[2016/2/5 - 22:00:30] Vehicle ID 537 (Slot ID 82) Maintainence fee cost $0 to FBI's budget fund.
[2016/2/5 - 22:00:30] Vehicle ID 538 (Slot ID 83) Maintainence fee cost $0 to FBI's budget fund.
[2016/2/5 - 22:00:30] Vehicle ID 539 (Slot ID 84) Maintainence fee cost $0 to FBI's budget fund.
[2016/2/5 - 22:00:30] Vehicle ID 540 (Slot ID 85) Maintainence fee cost $0 to FBI's budget fund.
[2016/2/5 - 22:00:30] Vehicle ID 541 (Slot ID 86) Maintainence fee cost $0 to FBI's budget fund.
[2016/2/5 - 22:00:30] Vehicle ID 542 (Slot ID 87) Maintainence fee cost $0 to FBI's budget fund.
[2016/2/5 - 22:00:30] Vehicle ID 543 (Slot ID 88) Maintainence fee cost $0 to FBI's budget fund.
[2016/2/5 - 22:15:29] Tyn Changes took a Desert Eagle out of the FBI locker at a cost of $d.
[2016/2/5 - 22:15:31] Tyn Changes took a Shotgun out of the FBI locker at a cost of $d.
[2016/2/5 - 22:15:34] Tyn Changes took a MP5 out of the FBI locker at a cost of $d.
[2016/2/5 - 22:15:37] Tyn Changes took a M4 out of the FBI locker at a cost of $d.
[2016/2/5 - 22:15:51] Tyn Changes took a Sniper Rifle out of the FBI locker at a cost of $d.
[2016/2/5 - 22:16:10] Tyn Changes took a Combat Shotgun out of the FBI locker at a cost of $d.
[2016/2/5 - 22:28:15] William Steven took a Nite Stick out of the FBI locker at a cost of $d.
[2016/2/5 - 23:00:08] The faction vault is at $11,427,301
[2016/2/5 - 23:00:08] SA Gov Paid $81,000 to FBI budget fund.
[2016/2/5 - 23:00:08] Vehicle ID 535 (Slot ID 80) Maintainence fee cost $0 to FBI's budget fund.
[2016/2/5 - 23:00:08] Vehicle ID 536 (Slot ID 81) Maintainence fee cost $0 to FBI's budget fund.
[2016/2/5 - 23:00:08] Vehicle ID 537 (Slot ID 82) Maintainence fee cost $0 to FBI's budget fund.
[2016/2/5 - 23:00:08] Vehicle ID 538 (Slot ID 83) Maintainence fee cost $0 to FBI's budget fund.
[2016/2/5 - 23:00:08] Vehicle ID 539 (Slot ID 84) Maintainence fee cost $0 to FBI's budget fund.
[2016/2/5 - 23:00:08] Vehicle ID 540 (Slot ID 85) Maintainence fee cost $0 to FBI's budget fund.
[2016/2/5 - 23:00:08] Vehicle ID 541 (Slot ID 86) Maintainence fee cost $0 to FBI's budget fund.
[2016/2/5 - 23:00:08] Vehicle ID 542 (Slot ID 87) Maintainence fee cost $0 to FBI's budget fund.
[2016/2/5 - 23:00:08] Vehicle ID 543 (Slot ID 88) Maintainence fee cost $0 to FBI's budget fund.
