[2016/2/6 - 0:00:05] The faction vault is at $11,508,301
[2016/2/6 - 0:00:05] SA Gov Paid $81,000 to FBI budget fund.
[2016/2/6 - 0:00:05] Vehicle ID 535 (Slot ID 80) Maintainence fee cost $0 to FBI's budget fund.
[2016/2/6 - 0:00:05] Vehicle ID 536 (Slot ID 81) Maintainence fee cost $0 to FBI's budget fund.
[2016/2/6 - 0:00:05] Vehicle ID 537 (Slot ID 82) Maintainence fee cost $0 to FBI's budget fund.
[2016/2/6 - 0:00:05] Vehicle ID 538 (Slot ID 83) Maintainence fee cost $0 to FBI's budget fund.
[2016/2/6 - 0:00:05] Vehicle ID 539 (Slot ID 84) Maintainence fee cost $0 to FBI's budget fund.
[2016/2/6 - 0:00:05] Vehicle ID 540 (Slot ID 85) Maintainence fee cost $0 to FBI's budget fund.
[2016/2/6 - 0:00:05] Vehicle ID 541 (Slot ID 86) Maintainence fee cost $0 to FBI's budget fund.
[2016/2/6 - 0:00:05] Vehicle ID 542 (Slot ID 87) Maintainence fee cost $0 to FBI's budget fund.
[2016/2/6 - 0:00:05] Vehicle ID 543 (Slot ID 88) Maintainence fee cost $0 to FBI's budget fund.
[2016/2/6 - 1:00:50] The faction vault is at $11,589,301
[2016/2/6 - 1:00:50] SA Gov Paid $81,000 to FBI budget fund.
[2016/2/6 - 1:00:50] Vehicle ID 535 (Slot ID 80) Maintainence fee cost $0 to FBI's budget fund.
[2016/2/6 - 1:00:50] Vehicle ID 536 (Slot ID 81) Maintainence fee cost $0 to FBI's budget fund.
[2016/2/6 - 1:00:50] Vehicle ID 537 (Slot ID 82) Maintainence fee cost $0 to FBI's budget fund.
[2016/2/6 - 1:00:50] Vehicle ID 538 (Slot ID 83) Maintainence fee cost $0 to FBI's budget fund.
[2016/2/6 - 1:00:50] Vehicle ID 539 (Slot ID 84) Maintainence fee cost $0 to FBI's budget fund.
[2016/2/6 - 1:00:50] Vehicle ID 540 (Slot ID 85) Maintainence fee cost $0 to FBI's budget fund.
[2016/2/6 - 1:00:50] Vehicle ID 541 (Slot ID 86) Maintainence fee cost $0 to FBI's budget fund.
[2016/2/6 - 1:00:50] Vehicle ID 542 (Slot ID 87) Maintainence fee cost $0 to FBI's budget fund.
[2016/2/6 - 1:00:50] Vehicle ID 543 (Slot ID 88) Maintainence fee cost $0 to FBI's budget fund.
[2016/2/6 - 2:00:14] The faction vault is at $11,670,301
[2016/2/6 - 2:00:14] SA Gov Paid $81,000 to FBI budget fund.
[2016/2/6 - 2:00:14] Vehicle ID 535 (Slot ID 80) Maintainence fee cost $0 to FBI's budget fund.
[2016/2/6 - 2:00:14] Vehicle ID 536 (Slot ID 81) Maintainence fee cost $0 to FBI's budget fund.
[2016/2/6 - 2:00:14] Vehicle ID 537 (Slot ID 82) Maintainence fee cost $0 to FBI's budget fund.
[2016/2/6 - 2:00:14] Vehicle ID 538 (Slot ID 83) Maintainence fee cost $0 to FBI's budget fund.
[2016/2/6 - 2:00:14] Vehicle ID 539 (Slot ID 84) Maintainence fee cost $0 to FBI's budget fund.
[2016/2/6 - 2:00:14] Vehicle ID 540 (Slot ID 85) Maintainence fee cost $0 to FBI's budget fund.
[2016/2/6 - 2:00:14] Vehicle ID 541 (Slot ID 86) Maintainence fee cost $0 to FBI's budget fund.
[2016/2/6 - 2:00:14] Vehicle ID 542 (Slot ID 87) Maintainence fee cost $0 to FBI's budget fund.
[2016/2/6 - 2:00:14] Vehicle ID 543 (Slot ID 88) Maintainence fee cost $0 to FBI's budget fund.
[2016/2/6 - 3:00:12] The faction vault is at $11,751,301
[2016/2/6 - 3:00:12] SA Gov Paid $81,000 to FBI budget fund.
[2016/2/6 - 3:00:12] Vehicle ID 535 (Slot ID 80) Maintainence fee cost $0 to FBI's budget fund.
[2016/2/6 - 3:00:12] Vehicle ID 536 (Slot ID 81) Maintainence fee cost $0 to FBI's budget fund.
[2016/2/6 - 3:00:12] Vehicle ID 537 (Slot ID 82) Maintainence fee cost $0 to FBI's budget fund.
[2016/2/6 - 3:00:12] Vehicle ID 538 (Slot ID 83) Maintainence fee cost $0 to FBI's budget fund.
[2016/2/6 - 3:00:12] Vehicle ID 539 (Slot ID 84) Maintainence fee cost $0 to FBI's budget fund.
[2016/2/6 - 3:00:12] Vehicle ID 540 (Slot ID 85) Maintainence fee cost $0 to FBI's budget fund.
[2016/2/6 - 3:00:12] Vehicle ID 541 (Slot ID 86) Maintainence fee cost $0 to FBI's budget fund.
[2016/2/6 - 3:00:12] Vehicle ID 542 (Slot ID 87) Maintainence fee cost $0 to FBI's budget fund.
[2016/2/6 - 3:00:12] Vehicle ID 543 (Slot ID 88) Maintainence fee cost $0 to FBI's budget fund.
[2016/2/6 - 4:00:07] The faction vault is at $11,832,301
[2016/2/6 - 4:00:07] SA Gov Paid $81,000 to FBI budget fund.
[2016/2/6 - 4:00:07] Vehicle ID 535 (Slot ID 80) Maintainence fee cost $0 to FBI's budget fund.
[2016/2/6 - 4:00:07] Vehicle ID 536 (Slot ID 81) Maintainence fee cost $0 to FBI's budget fund.
[2016/2/6 - 4:00:08] Vehicle ID 537 (Slot ID 82) Maintainence fee cost $0 to FBI's budget fund.
[2016/2/6 - 4:00:08] Vehicle ID 538 (Slot ID 83) Maintainence fee cost $0 to FBI's budget fund.
[2016/2/6 - 4:00:08] Vehicle ID 539 (Slot ID 84) Maintainence fee cost $0 to FBI's budget fund.
[2016/2/6 - 4:00:08] Vehicle ID 540 (Slot ID 85) Maintainence fee cost $0 to FBI's budget fund.
[2016/2/6 - 4:00:08] Vehicle ID 541 (Slot ID 86) Maintainence fee cost $0 to FBI's budget fund.
[2016/2/6 - 4:00:08] Vehicle ID 542 (Slot ID 87) Maintainence fee cost $0 to FBI's budget fund.
[2016/2/6 - 4:00:08] Vehicle ID 543 (Slot ID 88) Maintainence fee cost $0 to FBI's budget fund.
[2016/2/6 - 4:02:37] Vehicle Slot ID 80 RTB fee cost $0 to FBI's budget fund.
[2016/2/6 - 4:02:37] Vehicle Slot ID 81 RTB fee cost $0 to FBI's budget fund.
[2016/2/6 - 4:02:37] Vehicle Slot ID 82 RTB fee cost $0 to FBI's budget fund.
[2016/2/6 - 4:02:38] Vehicle Slot ID 83 RTB fee cost $0 to FBI's budget fund.
[2016/2/6 - 4:02:38] Vehicle Slot ID 84 RTB fee cost $0 to FBI's budget fund.
[2016/2/6 - 4:02:38] Vehicle Slot ID 85 RTB fee cost $0 to FBI's budget fund.
[2016/2/6 - 4:02:38] Vehicle Slot ID 86 RTB fee cost $0 to FBI's budget fund.
[2016/2/6 - 4:02:38] Vehicle Slot ID 87 RTB fee cost $0 to FBI's budget fund.
[2016/2/6 - 4:02:38] Vehicle Slot ID 88 RTB fee cost $0 to FBI's budget fund.
[2016/2/6 - 5:00:09] The faction vault is at $11,913,301
[2016/2/6 - 5:00:09] SA Gov Paid $81,000 to FBI budget fund.
[2016/2/6 - 5:00:09] Vehicle ID 535 (Slot ID 80) Maintainence fee cost $0 to FBI's budget fund.
[2016/2/6 - 5:00:09] Vehicle ID 536 (Slot ID 81) Maintainence fee cost $0 to FBI's budget fund.
[2016/2/6 - 5:00:09] Vehicle ID 537 (Slot ID 82) Maintainence fee cost $0 to FBI's budget fund.
[2016/2/6 - 5:00:09] Vehicle ID 538 (Slot ID 83) Maintainence fee cost $0 to FBI's budget fund.
[2016/2/6 - 5:00:09] Vehicle ID 539 (Slot ID 84) Maintainence fee cost $0 to FBI's budget fund.
[2016/2/6 - 5:00:09] Vehicle ID 540 (Slot ID 85) Maintainence fee cost $0 to FBI's budget fund.
[2016/2/6 - 5:00:09] Vehicle ID 541 (Slot ID 86) Maintainence fee cost $0 to FBI's budget fund.
[2016/2/6 - 5:00:09] Vehicle ID 542 (Slot ID 87) Maintainence fee cost $0 to FBI's budget fund.
[2016/2/6 - 5:00:09] Vehicle ID 543 (Slot ID 88) Maintainence fee cost $0 to FBI's budget fund.
[2016/2/6 - 6:00:43] The faction vault is at $11,994,301
[2016/2/6 - 6:00:43] SA Gov Paid $81,000 to FBI budget fund.
[2016/2/6 - 6:00:43] Vehicle ID 535 (Slot ID 80) Maintainence fee cost $0 to FBI's budget fund.
[2016/2/6 - 6:00:43] Vehicle ID 536 (Slot ID 81) Maintainence fee cost $0 to FBI's budget fund.
[2016/2/6 - 6:00:43] Vehicle ID 537 (Slot ID 82) Maintainence fee cost $0 to FBI's budget fund.
[2016/2/6 - 6:00:43] Vehicle ID 538 (Slot ID 83) Maintainence fee cost $0 to FBI's budget fund.
[2016/2/6 - 6:00:43] Vehicle ID 539 (Slot ID 84) Maintainence fee cost $0 to FBI's budget fund.
[2016/2/6 - 6:00:43] Vehicle ID 540 (Slot ID 85) Maintainence fee cost $0 to FBI's budget fund.
[2016/2/6 - 6:00:43] Vehicle ID 541 (Slot ID 86) Maintainence fee cost $0 to FBI's budget fund.
[2016/2/6 - 6:00:43] Vehicle ID 542 (Slot ID 87) Maintainence fee cost $0 to FBI's budget fund.
[2016/2/6 - 6:00:43] Vehicle ID 543 (Slot ID 88) Maintainence fee cost $0 to FBI's budget fund.
[2016/2/6 - 7:00:58] The faction vault is at $12,075,301
[2016/2/6 - 7:00:58] SA Gov Paid $81,000 to FBI budget fund.
[2016/2/6 - 7:00:58] Vehicle ID 535 (Slot ID 80) Maintainence fee cost $0 to FBI's budget fund.
[2016/2/6 - 7:00:58] Vehicle ID 536 (Slot ID 81) Maintainence fee cost $0 to FBI's budget fund.
[2016/2/6 - 7:00:58] Vehicle ID 537 (Slot ID 82) Maintainence fee cost $0 to FBI's budget fund.
[2016/2/6 - 7:00:58] Vehicle ID 538 (Slot ID 83) Maintainence fee cost $0 to FBI's budget fund.
[2016/2/6 - 7:00:58] Vehicle ID 539 (Slot ID 84) Maintainence fee cost $0 to FBI's budget fund.
[2016/2/6 - 7:00:58] Vehicle ID 540 (Slot ID 85) Maintainence fee cost $0 to FBI's budget fund.
[2016/2/6 - 7:00:58] Vehicle ID 541 (Slot ID 86) Maintainence fee cost $0 to FBI's budget fund.
[2016/2/6 - 7:00:58] Vehicle ID 542 (Slot ID 87) Maintainence fee cost $0 to FBI's budget fund.
[2016/2/6 - 7:00:58] Vehicle ID 543 (Slot ID 88) Maintainence fee cost $0 to FBI's budget fund.
[2016/2/6 - 7:21:16] Tyn Changes took a vest out of the FBI locker at a cost of $2,500.
[2016/2/6 - 7:43:18] Tyn Changes took a Desert Eagle out of the FBI locker at a cost of $d.
[2016/2/6 - 7:43:21] Tyn Changes took a MP5 out of the FBI locker at a cost of $d.
[2016/2/6 - 7:43:26] Tyn Changes took a M4 out of the FBI locker at a cost of $d.
[2016/2/6 - 7:43:29] Tyn Changes took a Combat Shotgun out of the FBI locker at a cost of $d.
[2016/2/6 - 7:43:33] Tyn Changes took a Sniper Rifle out of the FBI locker at a cost of $d.
[2016/2/6 - 7:43:49] Tyn Changes took a vest out of the FBI locker at a cost of $2,500.
[2016/2/6 - 8:00:01] The faction vault is at $12,151,263
[2016/2/6 - 8:00:01] SA Gov Paid $81,000 to FBI budget fund.
[2016/2/6 - 8:00:02] Vehicle ID 535 (Slot ID 80) Maintainence fee cost $0 to FBI's budget fund.
[2016/2/6 - 8:00:02] Vehicle ID 536 (Slot ID 81) Maintainence fee cost $0 to FBI's budget fund.
[2016/2/6 - 8:00:02] Vehicle ID 537 (Slot ID 82) Maintainence fee cost $0 to FBI's budget fund.
[2016/2/6 - 8:00:02] Vehicle ID 538 (Slot ID 83) Maintainence fee cost $0 to FBI's budget fund.
[2016/2/6 - 8:00:02] Vehicle ID 539 (Slot ID 84) Maintainence fee cost $0 to FBI's budget fund.
[2016/2/6 - 8:00:02] Vehicle ID 540 (Slot ID 85) Maintainence fee cost $0 to FBI's budget fund.
[2016/2/6 - 8:00:02] Vehicle ID 541 (Slot ID 86) Maintainence fee cost $0 to FBI's budget fund.
[2016/2/6 - 8:00:02] Vehicle ID 542 (Slot ID 87) Maintainence fee cost $0 to FBI's budget fund.
[2016/2/6 - 8:00:02] Vehicle ID 543 (Slot ID 88) Maintainence fee cost $0 to FBI's budget fund.
[2016/2/6 - 8:27:49] Exciter Do took a M4 out of the FBI locker at a cost of $d.
[2016/2/6 - 8:27:53] Exciter Do took a Combat Shotgun out of the FBI locker at a cost of $d.
[2016/2/6 - 8:27:56] Exciter Do took a Sniper Rifle out of the FBI locker at a cost of $d.
[2016/2/6 - 8:28:01] Exciter Do took a Spray Can out of the FBI locker at a cost of $d.
[2016/2/6 - 9:00:45] The faction vault is at $12,232,233
[2016/2/6 - 9:00:45] SA Gov Paid $81,000 to FBI budget fund.
[2016/2/6 - 9:00:45] Vehicle ID 535 (Slot ID 80) Maintainence fee cost $0 to FBI's budget fund.
[2016/2/6 - 9:00:45] Vehicle ID 536 (Slot ID 81) Maintainence fee cost $0 to FBI's budget fund.
[2016/2/6 - 9:00:45] Vehicle ID 537 (Slot ID 82) Maintainence fee cost $0 to FBI's budget fund.
[2016/2/6 - 9:00:45] Vehicle ID 538 (Slot ID 83) Maintainence fee cost $0 to FBI's budget fund.
[2016/2/6 - 9:00:45] Vehicle ID 539 (Slot ID 84) Maintainence fee cost $0 to FBI's budget fund.
[2016/2/6 - 9:00:45] Vehicle ID 540 (Slot ID 85) Maintainence fee cost $0 to FBI's budget fund.
[2016/2/6 - 9:00:45] Vehicle ID 541 (Slot ID 86) Maintainence fee cost $0 to FBI's budget fund.
[2016/2/6 - 9:00:45] Vehicle ID 542 (Slot ID 87) Maintainence fee cost $0 to FBI's budget fund.
[2016/2/6 - 9:00:45] Vehicle ID 543 (Slot ID 88) Maintainence fee cost $0 to FBI's budget fund.
[2016/2/6 - 9:09:51] Tyn Changes took a Desert Eagle out of the FBI locker at a cost of $d.
[2016/2/6 - 9:09:53] Tyn Changes took a MP5 out of the FBI locker at a cost of $d.
[2016/2/6 - 9:09:56] Tyn Changes took a M4 out of the FBI locker at a cost of $d.
[2016/2/6 - 9:09:59] Tyn Changes took a Combat Shotgun out of the FBI locker at a cost of $d.
[2016/2/6 - 9:10:02] Tyn Changes took a Sniper Rifle out of the FBI locker at a cost of $d.
[2016/2/6 - 9:10:04] Tyn Changes took a vest out of the FBI locker at a cost of $2,500.
[2016/2/6 - 9:12:15] Ton Ngo Khong took a Nite Stick out of the FBI locker at a cost of $d.
[2016/2/6 - 9:12:17] Ton Ngo Khong took a Spray Can out of the FBI locker at a cost of $d.
[2016/2/6 - 9:12:25] Ton Ngo Khong took a MP5 out of the FBI locker at a cost of $d.
[2016/2/6 - 9:12:57] Ton Ngo Khong took a Sniper Rifle out of the FBI locker at a cost of $d.
[2016/2/6 - 9:34:07] Ton Ngo Khong took a Sniper Rifle out of the FBI locker at a cost of $d.
[2016/2/6 - 9:34:10] Ton Ngo Khong took a Combat Shotgun out of the FBI locker at a cost of $d.
[2016/2/6 - 9:34:16] Ton Ngo Khong took a M4 out of the FBI locker at a cost of $d.
[2016/2/6 - 9:34:21] Ton Ngo Khong took a Nite Stick out of the FBI locker at a cost of $d.
[2016/2/6 - 9:34:23] Ton Ngo Khong took a Spray Can out of the FBI locker at a cost of $d.
[2016/2/6 - 9:34:26] Ton Ngo Khong took a Desert Eagle out of the FBI locker at a cost of $d.
[2016/2/6 - 9:34:29] Tyn Changes took a Desert Eagle out of the FBI locker at a cost of $d.
[2016/2/6 - 9:34:31] Tyn Changes took a MP5 out of the FBI locker at a cost of $d.
[2016/2/6 - 9:34:35] Tyn Changes took a M4 out of the FBI locker at a cost of $d.
[2016/2/6 - 9:34:38] Tyn Changes took a MP5 out of the FBI locker at a cost of $d.
[2016/2/6 - 9:34:40] Tyn Changes took a Combat Shotgun out of the FBI locker at a cost of $d.
[2016/2/6 - 9:34:43] Tyn Changes took a Sniper Rifle out of the FBI locker at a cost of $d.
[2016/2/6 - 9:34:45] Tyn Changes took a vest out of the FBI locker at a cost of $2,500.
[2016/2/6 - 9:54:47] Tyn Changes took a Desert Eagle out of the FBI locker at a cost of $d.
[2016/2/6 - 9:54:50] Tyn Changes took a MP5 out of the FBI locker at a cost of $d.
[2016/2/6 - 9:54:52] Tyn Changes took a MP5 out of the FBI locker at a cost of $d.
[2016/2/6 - 9:54:57] Tyn Changes took a M4 out of the FBI locker at a cost of $d.
[2016/2/6 - 9:55:02] Tyn Changes took a Combat Shotgun out of the FBI locker at a cost of $d.
[2016/2/6 - 9:55:06] Tyn Changes took a Sniper Rifle out of the FBI locker at a cost of $d.
[2016/2/6 - 10:00:28] The faction vault is at $12,313,190
[2016/2/6 - 10:00:28] SA Gov Paid $81,000 to FBI budget fund.
[2016/2/6 - 10:00:28] Vehicle ID 535 (Slot ID 80) Maintainence fee cost $0 to FBI's budget fund.
[2016/2/6 - 10:00:28] Vehicle ID 536 (Slot ID 81) Maintainence fee cost $0 to FBI's budget fund.
[2016/2/6 - 10:00:28] Vehicle ID 537 (Slot ID 82) Maintainence fee cost $0 to FBI's budget fund.
[2016/2/6 - 10:00:28] Vehicle ID 538 (Slot ID 83) Maintainence fee cost $0 to FBI's budget fund.
[2016/2/6 - 10:00:28] Vehicle ID 539 (Slot ID 84) Maintainence fee cost $0 to FBI's budget fund.
[2016/2/6 - 10:00:28] Vehicle ID 540 (Slot ID 85) Maintainence fee cost $0 to FBI's budget fund.
[2016/2/6 - 10:00:28] Vehicle ID 541 (Slot ID 86) Maintainence fee cost $0 to FBI's budget fund.
[2016/2/6 - 10:00:28] Vehicle ID 542 (Slot ID 87) Maintainence fee cost $0 to FBI's budget fund.
[2016/2/6 - 10:00:28] Vehicle ID 543 (Slot ID 88) Maintainence fee cost $0 to FBI's budget fund.
[2016/2/6 - 10:57:26] Ton Ngo Khong took a Sniper Rifle out of the FBI locker at a cost of $d.
[2016/2/6 - 10:57:29] Ton Ngo Khong took a Combat Shotgun out of the FBI locker at a cost of $d.
[2016/2/6 - 10:57:38] Ton Ngo Khong took a M4 out of the FBI locker at a cost of $d.
[2016/2/6 - 10:57:43] Ton Ngo Khong took a Nite Stick out of the FBI locker at a cost of $d.
[2016/2/6 - 10:57:46] Ton Ngo Khong took a Spray Can out of the FBI locker at a cost of $d.
[2016/2/6 - 10:57:53] Ton Ngo Khong took a MP5 out of the FBI locker at a cost of $d.
[2016/2/6 - 11:00:03] The faction vault is at $12,394,155
[2016/2/6 - 11:00:04] SA Gov Paid $81,000 to FBI budget fund.
[2016/2/6 - 11:00:04] Vehicle ID 535 (Slot ID 80) Maintainence fee cost $0 to FBI's budget fund.
[2016/2/6 - 11:00:04] Vehicle ID 536 (Slot ID 81) Maintainence fee cost $0 to FBI's budget fund.
[2016/2/6 - 11:00:04] Vehicle ID 537 (Slot ID 82) Maintainence fee cost $0 to FBI's budget fund.
[2016/2/6 - 11:00:04] Vehicle ID 538 (Slot ID 83) Maintainence fee cost $0 to FBI's budget fund.
[2016/2/6 - 11:00:04] Vehicle ID 539 (Slot ID 84) Maintainence fee cost $0 to FBI's budget fund.
[2016/2/6 - 11:00:04] Vehicle ID 540 (Slot ID 85) Maintainence fee cost $0 to FBI's budget fund.
[2016/2/6 - 11:00:04] Vehicle ID 541 (Slot ID 86) Maintainence fee cost $0 to FBI's budget fund.
[2016/2/6 - 11:00:04] Vehicle ID 542 (Slot ID 87) Maintainence fee cost $0 to FBI's budget fund.
[2016/2/6 - 11:00:04] Vehicle ID 543 (Slot ID 88) Maintainence fee cost $0 to FBI's budget fund.
[2016/2/6 - 12:00:04] The faction vault is at $12,475,155
[2016/2/6 - 12:00:05] SA Gov Paid $81,000 to FBI budget fund.
[2016/2/6 - 12:00:05] Vehicle ID 535 (Slot ID 80) Maintainence fee cost $0 to FBI's budget fund.
[2016/2/6 - 12:00:05] Vehicle ID 536 (Slot ID 81) Maintainence fee cost $0 to FBI's budget fund.
[2016/2/6 - 12:00:05] Vehicle ID 537 (Slot ID 82) Maintainence fee cost $0 to FBI's budget fund.
[2016/2/6 - 12:00:05] Vehicle ID 538 (Slot ID 83) Maintainence fee cost $0 to FBI's budget fund.
[2016/2/6 - 12:00:05] Vehicle ID 539 (Slot ID 84) Maintainence fee cost $0 to FBI's budget fund.
[2016/2/6 - 12:00:05] Vehicle ID 540 (Slot ID 85) Maintainence fee cost $0 to FBI's budget fund.
[2016/2/6 - 12:00:05] Vehicle ID 541 (Slot ID 86) Maintainence fee cost $0 to FBI's budget fund.
[2016/2/6 - 12:00:05] Vehicle ID 542 (Slot ID 87) Maintainence fee cost $0 to FBI's budget fund.
[2016/2/6 - 12:00:05] Vehicle ID 543 (Slot ID 88) Maintainence fee cost $0 to FBI's budget fund.
[2016/2/6 - 13:00:56] The faction vault is at $12,556,155
[2016/2/6 - 13:00:56] SA Gov Paid $81,000 to FBI budget fund.
[2016/2/6 - 13:00:56] Vehicle ID 535 (Slot ID 80) Maintainence fee cost $0 to FBI's budget fund.
[2016/2/6 - 13:00:56] Vehicle ID 536 (Slot ID 81) Maintainence fee cost $0 to FBI's budget fund.
[2016/2/6 - 13:00:56] Vehicle ID 537 (Slot ID 82) Maintainence fee cost $0 to FBI's budget fund.
[2016/2/6 - 13:00:56] Vehicle ID 538 (Slot ID 83) Maintainence fee cost $0 to FBI's budget fund.
[2016/2/6 - 13:00:56] Vehicle ID 539 (Slot ID 84) Maintainence fee cost $0 to FBI's budget fund.
[2016/2/6 - 13:00:56] Vehicle ID 540 (Slot ID 85) Maintainence fee cost $0 to FBI's budget fund.
[2016/2/6 - 13:00:56] Vehicle ID 541 (Slot ID 86) Maintainence fee cost $0 to FBI's budget fund.
[2016/2/6 - 13:00:56] Vehicle ID 542 (Slot ID 87) Maintainence fee cost $0 to FBI's budget fund.
[2016/2/6 - 13:00:56] Vehicle ID 543 (Slot ID 88) Maintainence fee cost $0 to FBI's budget fund.
[2016/2/6 - 14:00:19] The faction vault is at $12,637,155
[2016/2/6 - 14:00:19] SA Gov Paid $81,000 to FBI budget fund.
[2016/2/6 - 14:00:19] Vehicle ID 535 (Slot ID 80) Maintainence fee cost $0 to FBI's budget fund.
[2016/2/6 - 14:00:19] Vehicle ID 536 (Slot ID 81) Maintainence fee cost $0 to FBI's budget fund.
[2016/2/6 - 14:00:19] Vehicle ID 537 (Slot ID 82) Maintainence fee cost $0 to FBI's budget fund.
[2016/2/6 - 14:00:19] Vehicle ID 538 (Slot ID 83) Maintainence fee cost $0 to FBI's budget fund.
[2016/2/6 - 14:00:19] Vehicle ID 539 (Slot ID 84) Maintainence fee cost $0 to FBI's budget fund.
[2016/2/6 - 14:00:19] Vehicle ID 540 (Slot ID 85) Maintainence fee cost $0 to FBI's budget fund.
[2016/2/6 - 14:00:19] Vehicle ID 541 (Slot ID 86) Maintainence fee cost $0 to FBI's budget fund.
[2016/2/6 - 14:00:19] Vehicle ID 542 (Slot ID 87) Maintainence fee cost $0 to FBI's budget fund.
[2016/2/6 - 14:00:19] Vehicle ID 543 (Slot ID 88) Maintainence fee cost $0 to FBI's budget fund.
[2016/2/6 - 15:00:34] The faction vault is at $12,718,155
[2016/2/6 - 15:00:34] SA Gov Paid $81,000 to FBI budget fund.
[2016/2/6 - 15:00:34] Vehicle ID 535 (Slot ID 80) Maintainence fee cost $0 to FBI's budget fund.
[2016/2/6 - 15:00:34] Vehicle ID 536 (Slot ID 81) Maintainence fee cost $0 to FBI's budget fund.
[2016/2/6 - 15:00:34] Vehicle ID 537 (Slot ID 82) Maintainence fee cost $0 to FBI's budget fund.
[2016/2/6 - 15:00:34] Vehicle ID 538 (Slot ID 83) Maintainence fee cost $0 to FBI's budget fund.
[2016/2/6 - 15:00:34] Vehicle ID 539 (Slot ID 84) Maintainence fee cost $0 to FBI's budget fund.
[2016/2/6 - 15:00:34] Vehicle ID 540 (Slot ID 85) Maintainence fee cost $0 to FBI's budget fund.
[2016/2/6 - 15:00:34] Vehicle ID 541 (Slot ID 86) Maintainence fee cost $0 to FBI's budget fund.
[2016/2/6 - 15:00:34] Vehicle ID 542 (Slot ID 87) Maintainence fee cost $0 to FBI's budget fund.
[2016/2/6 - 15:00:34] Vehicle ID 543 (Slot ID 88) Maintainence fee cost $0 to FBI's budget fund.
[2016/2/6 - 15:10:38] Vehicle Slot ID 80 RTB fee cost $0 to FBI's budget fund.
[2016/2/6 - 15:10:39] Vehicle Slot ID 80 RTB fee cost $0 to FBI's budget fund.
[2016/2/6 - 15:10:39] Vehicle Slot ID 81 RTB fee cost $0 to FBI's budget fund.
[2016/2/6 - 15:10:39] Vehicle Slot ID 81 RTB fee cost $0 to FBI's budget fund.
[2016/2/6 - 15:10:39] Vehicle Slot ID 82 RTB fee cost $0 to FBI's budget fund.
[2016/2/6 - 15:10:39] Vehicle Slot ID 82 RTB fee cost $0 to FBI's budget fund.
[2016/2/6 - 15:10:39] Vehicle Slot ID 83 RTB fee cost $0 to FBI's budget fund.
[2016/2/6 - 15:10:39] Vehicle Slot ID 83 RTB fee cost $0 to FBI's budget fund.
[2016/2/6 - 15:10:39] Vehicle Slot ID 84 RTB fee cost $0 to FBI's budget fund.
[2016/2/6 - 15:10:39] Vehicle Slot ID 84 RTB fee cost $0 to FBI's budget fund.
[2016/2/6 - 15:10:39] Vehicle Slot ID 85 RTB fee cost $0 to FBI's budget fund.
[2016/2/6 - 15:10:39] Vehicle Slot ID 85 RTB fee cost $0 to FBI's budget fund.
[2016/2/6 - 15:10:39] Vehicle Slot ID 86 RTB fee cost $0 to FBI's budget fund.
[2016/2/6 - 15:10:39] Vehicle Slot ID 86 RTB fee cost $0 to FBI's budget fund.
[2016/2/6 - 15:10:39] Vehicle Slot ID 87 RTB fee cost $0 to FBI's budget fund.
[2016/2/6 - 15:10:39] Vehicle Slot ID 87 RTB fee cost $0 to FBI's budget fund.
[2016/2/6 - 15:10:39] Vehicle Slot ID 88 RTB fee cost $0 to FBI's budget fund.
[2016/2/6 - 15:10:39] Vehicle Slot ID 88 RTB fee cost $0 to FBI's budget fund.
[2016/2/6 - 15:10:48] Vehicle Slot ID 80 RTB fee cost $0 to FBI's budget fund.
[2016/2/6 - 15:10:48] Vehicle Slot ID 80 RTB fee cost $0 to FBI's budget fund.
[2016/2/6 - 15:10:48] Vehicle Slot ID 81 RTB fee cost $0 to FBI's budget fund.
[2016/2/6 - 15:10:48] Vehicle Slot ID 81 RTB fee cost $0 to FBI's budget fund.
[2016/2/6 - 15:10:48] Vehicle Slot ID 82 RTB fee cost $0 to FBI's budget fund.
[2016/2/6 - 15:10:48] Vehicle Slot ID 82 RTB fee cost $0 to FBI's budget fund.
[2016/2/6 - 15:10:48] Vehicle Slot ID 83 RTB fee cost $0 to FBI's budget fund.
[2016/2/6 - 15:10:48] Vehicle Slot ID 83 RTB fee cost $0 to FBI's budget fund.
[2016/2/6 - 15:10:48] Vehicle Slot ID 84 RTB fee cost $0 to FBI's budget fund.
[2016/2/6 - 15:10:48] Vehicle Slot ID 84 RTB fee cost $0 to FBI's budget fund.
[2016/2/6 - 15:10:48] Vehicle Slot ID 85 RTB fee cost $0 to FBI's budget fund.
[2016/2/6 - 15:10:48] Vehicle Slot ID 85 RTB fee cost $0 to FBI's budget fund.
[2016/2/6 - 15:10:48] Vehicle Slot ID 86 RTB fee cost $0 to FBI's budget fund.
[2016/2/6 - 15:10:48] Vehicle Slot ID 86 RTB fee cost $0 to FBI's budget fund.
[2016/2/6 - 15:10:48] Vehicle Slot ID 87 RTB fee cost $0 to FBI's budget fund.
[2016/2/6 - 15:10:48] Vehicle Slot ID 87 RTB fee cost $0 to FBI's budget fund.
[2016/2/6 - 15:10:48] Vehicle Slot ID 88 RTB fee cost $0 to FBI's budget fund.
[2016/2/6 - 15:10:48] Vehicle Slot ID 88 RTB fee cost $0 to FBI's budget fund.
[2016/2/6 - 15:36:29] Vehicle Slot ID 80 RTB fee cost $0 to FBI's budget fund.
[2016/2/6 - 15:36:29] Vehicle Slot ID 80 RTB fee cost $0 to FBI's budget fund.
[2016/2/6 - 15:36:29] Vehicle Slot ID 81 RTB fee cost $0 to FBI's budget fund.
[2016/2/6 - 15:36:29] Vehicle Slot ID 81 RTB fee cost $0 to FBI's budget fund.
[2016/2/6 - 15:36:29] Vehicle Slot ID 82 RTB fee cost $0 to FBI's budget fund.
[2016/2/6 - 15:36:29] Vehicle Slot ID 82 RTB fee cost $0 to FBI's budget fund.
[2016/2/6 - 15:36:29] Vehicle Slot ID 83 RTB fee cost $0 to FBI's budget fund.
[2016/2/6 - 15:36:29] Vehicle Slot ID 83 RTB fee cost $0 to FBI's budget fund.
[2016/2/6 - 15:36:29] Vehicle Slot ID 84 RTB fee cost $0 to FBI's budget fund.
[2016/2/6 - 15:36:30] Vehicle Slot ID 84 RTB fee cost $0 to FBI's budget fund.
[2016/2/6 - 15:36:30] Vehicle Slot ID 85 RTB fee cost $0 to FBI's budget fund.
[2016/2/6 - 15:36:30] Vehicle Slot ID 85 RTB fee cost $0 to FBI's budget fund.
[2016/2/6 - 15:36:30] Vehicle Slot ID 86 RTB fee cost $0 to FBI's budget fund.
[2016/2/6 - 15:36:30] Vehicle Slot ID 86 RTB fee cost $0 to FBI's budget fund.
[2016/2/6 - 15:36:30] Vehicle Slot ID 87 RTB fee cost $0 to FBI's budget fund.
[2016/2/6 - 15:36:30] Vehicle Slot ID 87 RTB fee cost $0 to FBI's budget fund.
[2016/2/6 - 15:36:30] Vehicle Slot ID 88 RTB fee cost $0 to FBI's budget fund.
[2016/2/6 - 15:36:30] Vehicle Slot ID 88 RTB fee cost $0 to FBI's budget fund.
[2016/2/6 - 16:00:54] The faction vault is at $12,799,155
[2016/2/6 - 16:00:54] SA Gov Paid $81,000 to FBI budget fund.
[2016/2/6 - 16:00:54] Vehicle ID 535 (Slot ID 80) Maintainence fee cost $0 to FBI's budget fund.
[2016/2/6 - 16:00:54] Vehicle ID 536 (Slot ID 81) Maintainence fee cost $0 to FBI's budget fund.
[2016/2/6 - 16:00:54] Vehicle ID 537 (Slot ID 82) Maintainence fee cost $0 to FBI's budget fund.
[2016/2/6 - 16:00:54] Vehicle ID 538 (Slot ID 83) Maintainence fee cost $0 to FBI's budget fund.
[2016/2/6 - 16:00:54] Vehicle ID 539 (Slot ID 84) Maintainence fee cost $0 to FBI's budget fund.
[2016/2/6 - 16:00:54] Vehicle ID 540 (Slot ID 85) Maintainence fee cost $0 to FBI's budget fund.
[2016/2/6 - 16:00:54] Vehicle ID 541 (Slot ID 86) Maintainence fee cost $0 to FBI's budget fund.
[2016/2/6 - 16:00:54] Vehicle ID 542 (Slot ID 87) Maintainence fee cost $0 to FBI's budget fund.
[2016/2/6 - 16:00:54] Vehicle ID 543 (Slot ID 88) Maintainence fee cost $0 to FBI's budget fund.
[2016/2/6 - 16:01:37] Ton Ngo Khong took a Sniper Rifle out of the FBI locker at a cost of $d.
[2016/2/6 - 16:01:41] Ton Ngo Khong took a M4 out of the FBI locker at a cost of $d.
[2016/2/6 - 16:01:44] Ton Ngo Khong took a Combat Shotgun out of the FBI locker at a cost of $d.
[2016/2/6 - 16:01:53] Ton Ngo Khong took a Desert Eagle out of the FBI locker at a cost of $d.
[2016/2/6 - 16:01:55] Ton Ngo Khong took a Nite Stick out of the FBI locker at a cost of $d.
[2016/2/6 - 16:01:57] Ton Ngo Khong took a Spray Can out of the FBI locker at a cost of $d.
[2016/2/6 - 16:10:03] David Tien took a Desert Eagle out of the FBI locker at a cost of $d.
[2016/2/6 - 16:10:06] David Tien took a MP5 out of the FBI locker at a cost of $d.
[2016/2/6 - 16:10:11] David Tien took a MP5 out of the FBI locker at a cost of $d.
[2016/2/6 - 16:10:21] David Tien took a M4 out of the FBI locker at a cost of $d.
[2016/2/6 - 16:10:47] David Tien took a M4 out of the FBI locker at a cost of $d.
[2016/2/6 - 16:10:52] David Tien took a Combat Shotgun out of the FBI locker at a cost of $d.
[2016/2/6 - 16:10:54] David Tien took a Combat Shotgun out of the FBI locker at a cost of $d.
[2016/2/6 - 16:10:59] David Tien took a Nite Stick out of the FBI locker at a cost of $d.
[2016/2/6 - 16:11:05] David Tien took a vest for their car out of the FBI locker at a cost of $3,000 to the budget fund.
[2016/2/6 - 16:13:54] Ton Ngo Khong took a vest out of the FBI locker at a cost of $2,500.
[2016/2/6 - 16:34:27] Vehicle Slot ID 80 RTB fee cost $0 to FBI's budget fund.
[2016/2/6 - 16:34:27] Vehicle Slot ID 80 RTB fee cost $0 to FBI's budget fund.
[2016/2/6 - 16:34:27] Vehicle Slot ID 81 RTB fee cost $0 to FBI's budget fund.
[2016/2/6 - 16:34:27] Vehicle Slot ID 81 RTB fee cost $0 to FBI's budget fund.
[2016/2/6 - 16:34:28] Vehicle Slot ID 82 RTB fee cost $0 to FBI's budget fund.
[2016/2/6 - 16:34:28] Vehicle Slot ID 82 RTB fee cost $0 to FBI's budget fund.
[2016/2/6 - 16:34:28] Vehicle Slot ID 83 RTB fee cost $0 to FBI's budget fund.
[2016/2/6 - 16:34:28] Vehicle Slot ID 83 RTB fee cost $0 to FBI's budget fund.
[2016/2/6 - 16:34:28] Vehicle Slot ID 84 RTB fee cost $0 to FBI's budget fund.
[2016/2/6 - 16:34:28] Vehicle Slot ID 84 RTB fee cost $0 to FBI's budget fund.
[2016/2/6 - 16:34:28] Vehicle Slot ID 85 RTB fee cost $0 to FBI's budget fund.
[2016/2/6 - 16:34:28] Vehicle Slot ID 85 RTB fee cost $0 to FBI's budget fund.
[2016/2/6 - 16:34:28] Vehicle Slot ID 86 RTB fee cost $0 to FBI's budget fund.
[2016/2/6 - 16:34:28] Vehicle Slot ID 86 RTB fee cost $0 to FBI's budget fund.
[2016/2/6 - 16:34:29] Vehicle Slot ID 87 RTB fee cost $0 to FBI's budget fund.
[2016/2/6 - 16:34:29] Vehicle Slot ID 87 RTB fee cost $0 to FBI's budget fund.
[2016/2/6 - 16:34:29] Vehicle Slot ID 88 RTB fee cost $0 to FBI's budget fund.
[2016/2/6 - 16:34:29] Vehicle Slot ID 88 RTB fee cost $0 to FBI's budget fund.
[2016/2/6 - 16:39:21] Ton Ngo Khong took a Sniper Rifle out of the FBI locker at a cost of $d.
[2016/2/6 - 16:39:23] Ton Ngo Khong took a Combat Shotgun out of the FBI locker at a cost of $d.
[2016/2/6 - 16:39:27] Ton Ngo Khong took a M4 out of the FBI locker at a cost of $d.
[2016/2/6 - 17:00:34] The faction vault is at $12,874,539
[2016/2/6 - 17:00:34] SA Gov Paid $81,000 to FBI budget fund.
[2016/2/6 - 17:00:34] Vehicle ID 535 (Slot ID 80) Maintainence fee cost $0 to FBI's budget fund.
[2016/2/6 - 17:00:34] Vehicle ID 536 (Slot ID 81) Maintainence fee cost $0 to FBI's budget fund.
[2016/2/6 - 17:00:34] Vehicle ID 537 (Slot ID 82) Maintainence fee cost $0 to FBI's budget fund.
[2016/2/6 - 17:00:34] Vehicle ID 538 (Slot ID 83) Maintainence fee cost $0 to FBI's budget fund.
[2016/2/6 - 17:00:34] Vehicle ID 539 (Slot ID 84) Maintainence fee cost $0 to FBI's budget fund.
[2016/2/6 - 17:00:34] Vehicle ID 540 (Slot ID 85) Maintainence fee cost $0 to FBI's budget fund.
[2016/2/6 - 17:00:34] Vehicle ID 541 (Slot ID 86) Maintainence fee cost $0 to FBI's budget fund.
[2016/2/6 - 17:00:34] Vehicle ID 542 (Slot ID 87) Maintainence fee cost $0 to FBI's budget fund.
[2016/2/6 - 17:00:34] Vehicle ID 543 (Slot ID 88) Maintainence fee cost $0 to FBI's budget fund.
[2016/2/6 - 17:13:52] Vehicle Slot ID 80 RTB fee cost $0 to FBI's budget fund.
[2016/2/6 - 17:13:52] Vehicle Slot ID 80 RTB fee cost $0 to FBI's budget fund.
[2016/2/6 - 17:13:52] Vehicle Slot ID 81 RTB fee cost $0 to FBI's budget fund.
[2016/2/6 - 17:13:52] Vehicle Slot ID 81 RTB fee cost $0 to FBI's budget fund.
[2016/2/6 - 17:13:52] Vehicle Slot ID 82 RTB fee cost $0 to FBI's budget fund.
[2016/2/6 - 17:13:53] Vehicle Slot ID 82 RTB fee cost $0 to FBI's budget fund.
[2016/2/6 - 17:13:53] Vehicle Slot ID 83 RTB fee cost $0 to FBI's budget fund.
[2016/2/6 - 17:13:53] Vehicle Slot ID 83 RTB fee cost $0 to FBI's budget fund.
[2016/2/6 - 17:13:53] Vehicle Slot ID 84 RTB fee cost $0 to FBI's budget fund.
[2016/2/6 - 17:13:53] Vehicle Slot ID 84 RTB fee cost $0 to FBI's budget fund.
[2016/2/6 - 17:13:53] Vehicle Slot ID 85 RTB fee cost $0 to FBI's budget fund.
[2016/2/6 - 17:13:53] Vehicle Slot ID 85 RTB fee cost $0 to FBI's budget fund.
[2016/2/6 - 17:13:53] Vehicle Slot ID 86 RTB fee cost $0 to FBI's budget fund.
[2016/2/6 - 17:13:53] Vehicle Slot ID 86 RTB fee cost $0 to FBI's budget fund.
[2016/2/6 - 17:13:53] Vehicle Slot ID 87 RTB fee cost $0 to FBI's budget fund.
[2016/2/6 - 17:13:53] Vehicle Slot ID 87 RTB fee cost $0 to FBI's budget fund.
[2016/2/6 - 17:13:53] Vehicle Slot ID 88 RTB fee cost $0 to FBI's budget fund.
[2016/2/6 - 17:13:53] Vehicle Slot ID 88 RTB fee cost $0 to FBI's budget fund.
[2016/2/6 - 18:00:26] The faction vault is at $12,955,539
[2016/2/6 - 18:00:26] SA Gov Paid $81,000 to FBI budget fund.
[2016/2/6 - 18:00:26] Vehicle ID 535 (Slot ID 80) Maintainence fee cost $0 to FBI's budget fund.
[2016/2/6 - 18:00:26] Vehicle ID 536 (Slot ID 81) Maintainence fee cost $0 to FBI's budget fund.
[2016/2/6 - 18:00:26] Vehicle ID 537 (Slot ID 82) Maintainence fee cost $0 to FBI's budget fund.
[2016/2/6 - 18:00:26] Vehicle ID 538 (Slot ID 83) Maintainence fee cost $0 to FBI's budget fund.
[2016/2/6 - 18:00:26] Vehicle ID 539 (Slot ID 84) Maintainence fee cost $0 to FBI's budget fund.
[2016/2/6 - 18:00:26] Vehicle ID 540 (Slot ID 85) Maintainence fee cost $0 to FBI's budget fund.
[2016/2/6 - 18:00:26] Vehicle ID 541 (Slot ID 86) Maintainence fee cost $0 to FBI's budget fund.
[2016/2/6 - 18:00:26] Vehicle ID 542 (Slot ID 87) Maintainence fee cost $0 to FBI's budget fund.
[2016/2/6 - 18:00:26] Vehicle ID 543 (Slot ID 88) Maintainence fee cost $0 to FBI's budget fund.
[2016/2/6 - 18:41:50] Vehicle Slot ID 80 RTB fee cost $0 to FBI's budget fund.
[2016/2/6 - 18:41:50] Vehicle Slot ID 80 RTB fee cost $0 to FBI's budget fund.
[2016/2/6 - 18:41:50] Vehicle Slot ID 81 RTB fee cost $0 to FBI's budget fund.
[2016/2/6 - 18:41:50] Vehicle Slot ID 81 RTB fee cost $0 to FBI's budget fund.
[2016/2/6 - 18:41:50] Vehicle Slot ID 82 RTB fee cost $0 to FBI's budget fund.
[2016/2/6 - 18:41:50] Vehicle Slot ID 82 RTB fee cost $0 to FBI's budget fund.
[2016/2/6 - 18:41:50] Vehicle Slot ID 83 RTB fee cost $0 to FBI's budget fund.
[2016/2/6 - 18:41:50] Vehicle Slot ID 83 RTB fee cost $0 to FBI's budget fund.
[2016/2/6 - 18:41:50] Vehicle Slot ID 84 RTB fee cost $0 to FBI's budget fund.
[2016/2/6 - 18:41:50] Vehicle Slot ID 84 RTB fee cost $0 to FBI's budget fund.
[2016/2/6 - 18:41:50] Vehicle Slot ID 85 RTB fee cost $0 to FBI's budget fund.
[2016/2/6 - 18:41:50] Vehicle Slot ID 85 RTB fee cost $0 to FBI's budget fund.
[2016/2/6 - 18:41:50] Vehicle Slot ID 86 RTB fee cost $0 to FBI's budget fund.
[2016/2/6 - 18:41:50] Vehicle Slot ID 86 RTB fee cost $0 to FBI's budget fund.
[2016/2/6 - 18:41:51] Vehicle Slot ID 87 RTB fee cost $0 to FBI's budget fund.
[2016/2/6 - 18:41:51] Vehicle Slot ID 87 RTB fee cost $0 to FBI's budget fund.
[2016/2/6 - 18:41:51] Vehicle Slot ID 88 RTB fee cost $0 to FBI's budget fund.
[2016/2/6 - 18:41:51] Vehicle Slot ID 88 RTB fee cost $0 to FBI's budget fund.
[2016/2/6 - 19:00:18] The faction vault is at $13,036,539
[2016/2/6 - 19:00:19] SA Gov Paid $81,000 to FBI budget fund.
[2016/2/6 - 19:00:19] Vehicle ID 535 (Slot ID 80) Maintainence fee cost $0 to FBI's budget fund.
[2016/2/6 - 19:00:19] Vehicle ID 536 (Slot ID 81) Maintainence fee cost $0 to FBI's budget fund.
[2016/2/6 - 19:00:19] Vehicle ID 537 (Slot ID 82) Maintainence fee cost $0 to FBI's budget fund.
[2016/2/6 - 19:00:19] Vehicle ID 538 (Slot ID 83) Maintainence fee cost $0 to FBI's budget fund.
[2016/2/6 - 19:00:19] Vehicle ID 539 (Slot ID 84) Maintainence fee cost $0 to FBI's budget fund.
[2016/2/6 - 19:00:19] Vehicle ID 540 (Slot ID 85) Maintainence fee cost $0 to FBI's budget fund.
[2016/2/6 - 19:00:19] Vehicle ID 541 (Slot ID 86) Maintainence fee cost $0 to FBI's budget fund.
[2016/2/6 - 19:00:19] Vehicle ID 542 (Slot ID 87) Maintainence fee cost $0 to FBI's budget fund.
[2016/2/6 - 19:00:19] Vehicle ID 543 (Slot ID 88) Maintainence fee cost $0 to FBI's budget fund.
[2016/2/6 - 20:00:43] The faction vault is at $13,117,539
[2016/2/6 - 20:00:44] SA Gov Paid $81,000 to FBI budget fund.
[2016/2/6 - 20:00:44] Vehicle ID 535 (Slot ID 80) Maintainence fee cost $0 to FBI's budget fund.
[2016/2/6 - 20:00:44] Vehicle ID 536 (Slot ID 81) Maintainence fee cost $0 to FBI's budget fund.
[2016/2/6 - 20:00:44] Vehicle ID 537 (Slot ID 82) Maintainence fee cost $0 to FBI's budget fund.
[2016/2/6 - 20:00:44] Vehicle ID 538 (Slot ID 83) Maintainence fee cost $0 to FBI's budget fund.
[2016/2/6 - 20:00:44] Vehicle ID 539 (Slot ID 84) Maintainence fee cost $0 to FBI's budget fund.
[2016/2/6 - 20:00:44] Vehicle ID 540 (Slot ID 85) Maintainence fee cost $0 to FBI's budget fund.
[2016/2/6 - 20:00:44] Vehicle ID 541 (Slot ID 86) Maintainence fee cost $0 to FBI's budget fund.
[2016/2/6 - 20:00:44] Vehicle ID 542 (Slot ID 87) Maintainence fee cost $0 to FBI's budget fund.
[2016/2/6 - 20:00:44] Vehicle ID 543 (Slot ID 88) Maintainence fee cost $0 to FBI's budget fund.
[2016/2/6 - 20:26:47] Ton Ngo Khong took a vest out of the FBI locker at a cost of $2,500.
[2016/2/6 - 20:26:51] Ton Ngo Khong took a Nite Stick out of the FBI locker at a cost of $d.
[2016/2/6 - 20:26:55] Ton Ngo Khong took a Sniper Rifle out of the FBI locker at a cost of $d.
[2016/2/6 - 20:26:58] Ton Ngo Khong took a Combat Shotgun out of the FBI locker at a cost of $d.
[2016/2/6 - 20:27:00] Ton Ngo Khong took a M4 out of the FBI locker at a cost of $d.
[2016/2/6 - 20:27:03] Ton Ngo Khong took a Desert Eagle out of the FBI locker at a cost of $d.
[2016/2/6 - 20:27:07] Ton Ngo Khong took a MP5 out of the FBI locker at a cost of $d.
[2016/2/6 - 20:52:21] Ton Ngo Khong took a vest for their car out of the FBI locker at a cost of $3,000 to the budget fund.
[2016/2/6 - 20:52:24] Ton Ngo Khong took a vest out of the FBI locker at a cost of $2,500.
[2016/2/6 - 20:52:27] Ton Ngo Khong took a Sniper Rifle out of the FBI locker at a cost of $d.
[2016/2/6 - 20:52:30] Ton Ngo Khong took a Combat Shotgun out of the FBI locker at a cost of $d.
[2016/2/6 - 20:52:32] Ton Ngo Khong took a M4 out of the FBI locker at a cost of $d.
[2016/2/6 - 20:52:38] Ton Ngo Khong took a Nite Stick out of the FBI locker at a cost of $d.
[2016/2/6 - 20:52:42] Ton Ngo Khong took a Desert Eagle out of the FBI locker at a cost of $d.
[2016/2/6 - 20:52:44] Ton Ngo Khong took a MP5 out of the FBI locker at a cost of $d.
[2016/2/6 - 21:01:01] The faction vault is at $13,190,463
[2016/2/6 - 21:01:01] SA Gov Paid $81,000 to FBI budget fund.
[2016/2/6 - 21:01:01] Vehicle ID 535 (Slot ID 80) Maintainence fee cost $0 to FBI's budget fund.
[2016/2/6 - 21:01:01] Vehicle ID 536 (Slot ID 81) Maintainence fee cost $0 to FBI's budget fund.
[2016/2/6 - 21:01:01] Vehicle ID 537 (Slot ID 82) Maintainence fee cost $0 to FBI's budget fund.
[2016/2/6 - 21:01:01] Vehicle ID 538 (Slot ID 83) Maintainence fee cost $0 to FBI's budget fund.
[2016/2/6 - 21:01:02] Vehicle ID 539 (Slot ID 84) Maintainence fee cost $0 to FBI's budget fund.
[2016/2/6 - 21:01:02] Vehicle ID 540 (Slot ID 85) Maintainence fee cost $0 to FBI's budget fund.
[2016/2/6 - 21:01:02] Vehicle ID 541 (Slot ID 86) Maintainence fee cost $0 to FBI's budget fund.
[2016/2/6 - 21:01:02] Vehicle ID 542 (Slot ID 87) Maintainence fee cost $0 to FBI's budget fund.
[2016/2/6 - 21:01:02] Vehicle ID 543 (Slot ID 88) Maintainence fee cost $0 to FBI's budget fund.
[2016/2/6 - 22:00:13] The faction vault is at $13,271,463
[2016/2/6 - 22:00:13] SA Gov Paid $81,000 to FBI budget fund.
[2016/2/6 - 22:00:13] Vehicle ID 535 (Slot ID 80) Maintainence fee cost $0 to FBI's budget fund.
[2016/2/6 - 22:00:13] Vehicle ID 536 (Slot ID 81) Maintainence fee cost $0 to FBI's budget fund.
[2016/2/6 - 22:00:13] Vehicle ID 537 (Slot ID 82) Maintainence fee cost $0 to FBI's budget fund.
[2016/2/6 - 22:00:13] Vehicle ID 538 (Slot ID 83) Maintainence fee cost $0 to FBI's budget fund.
[2016/2/6 - 22:00:14] Vehicle ID 539 (Slot ID 84) Maintainence fee cost $0 to FBI's budget fund.
[2016/2/6 - 22:00:14] Vehicle ID 540 (Slot ID 85) Maintainence fee cost $0 to FBI's budget fund.
[2016/2/6 - 22:00:14] Vehicle ID 541 (Slot ID 86) Maintainence fee cost $0 to FBI's budget fund.
[2016/2/6 - 22:00:14] Vehicle ID 542 (Slot ID 87) Maintainence fee cost $0 to FBI's budget fund.
[2016/2/6 - 22:00:14] Vehicle ID 543 (Slot ID 88) Maintainence fee cost $0 to FBI's budget fund.
