[2016/2/7 - 0:01:01] The faction vault is at $13,352,463
[2016/2/7 - 0:01:01] SA Gov Paid $81,000 to FBI budget fund.
[2016/2/7 - 0:01:01] Vehicle ID 535 (Slot ID 80) Maintainence fee cost $0 to FBI's budget fund.
[2016/2/7 - 0:01:01] Vehicle ID 536 (Slot ID 81) Maintainence fee cost $0 to FBI's budget fund.
[2016/2/7 - 0:01:01] Vehicle ID 537 (Slot ID 82) Maintainence fee cost $0 to FBI's budget fund.
[2016/2/7 - 0:01:01] Vehicle ID 538 (Slot ID 83) Maintainence fee cost $0 to FBI's budget fund.
[2016/2/7 - 0:01:01] Vehicle ID 539 (Slot ID 84) Maintainence fee cost $0 to FBI's budget fund.
[2016/2/7 - 0:01:01] Vehicle ID 540 (Slot ID 85) Maintainence fee cost $0 to FBI's budget fund.
[2016/2/7 - 0:01:01] Vehicle ID 541 (Slot ID 86) Maintainence fee cost $0 to FBI's budget fund.
[2016/2/7 - 0:01:01] Vehicle ID 542 (Slot ID 87) Maintainence fee cost $0 to FBI's budget fund.
[2016/2/7 - 0:01:01] Vehicle ID 543 (Slot ID 88) Maintainence fee cost $0 to FBI's budget fund.
[2016/2/7 - 1:00:13] The faction vault is at $13,433,463
[2016/2/7 - 1:00:13] SA Gov Paid $81,000 to FBI budget fund.
[2016/2/7 - 1:00:13] Vehicle ID 535 (Slot ID 80) Maintainence fee cost $0 to FBI's budget fund.
[2016/2/7 - 1:00:13] Vehicle ID 536 (Slot ID 81) Maintainence fee cost $0 to FBI's budget fund.
[2016/2/7 - 1:00:13] Vehicle ID 537 (Slot ID 82) Maintainence fee cost $0 to FBI's budget fund.
[2016/2/7 - 1:00:13] Vehicle ID 538 (Slot ID 83) Maintainence fee cost $0 to FBI's budget fund.
[2016/2/7 - 1:00:13] Vehicle ID 539 (Slot ID 84) Maintainence fee cost $0 to FBI's budget fund.
[2016/2/7 - 1:00:13] Vehicle ID 540 (Slot ID 85) Maintainence fee cost $0 to FBI's budget fund.
[2016/2/7 - 1:00:13] Vehicle ID 541 (Slot ID 86) Maintainence fee cost $0 to FBI's budget fund.
[2016/2/7 - 1:00:13] Vehicle ID 542 (Slot ID 87) Maintainence fee cost $0 to FBI's budget fund.
[2016/2/7 - 1:00:13] Vehicle ID 543 (Slot ID 88) Maintainence fee cost $0 to FBI's budget fund.
[2016/2/7 - 2:00:29] The faction vault is at $13,514,463
[2016/2/7 - 2:00:29] SA Gov Paid $81,000 to FBI budget fund.
[2016/2/7 - 2:00:29] Vehicle ID 535 (Slot ID 80) Maintainence fee cost $0 to FBI's budget fund.
[2016/2/7 - 2:00:29] Vehicle ID 536 (Slot ID 81) Maintainence fee cost $0 to FBI's budget fund.
[2016/2/7 - 2:00:29] Vehicle ID 537 (Slot ID 82) Maintainence fee cost $0 to FBI's budget fund.
[2016/2/7 - 2:00:29] Vehicle ID 538 (Slot ID 83) Maintainence fee cost $0 to FBI's budget fund.
[2016/2/7 - 2:00:29] Vehicle ID 539 (Slot ID 84) Maintainence fee cost $0 to FBI's budget fund.
[2016/2/7 - 2:00:29] Vehicle ID 540 (Slot ID 85) Maintainence fee cost $0 to FBI's budget fund.
[2016/2/7 - 2:00:29] Vehicle ID 541 (Slot ID 86) Maintainence fee cost $0 to FBI's budget fund.
[2016/2/7 - 2:00:29] Vehicle ID 542 (Slot ID 87) Maintainence fee cost $0 to FBI's budget fund.
[2016/2/7 - 2:00:29] Vehicle ID 543 (Slot ID 88) Maintainence fee cost $0 to FBI's budget fund.
[2016/2/7 - 3:01:02] The faction vault is at $13,595,463
[2016/2/7 - 3:01:02] SA Gov Paid $81,000 to FBI budget fund.
[2016/2/7 - 3:01:02] Vehicle ID 535 (Slot ID 80) Maintainence fee cost $0 to FBI's budget fund.
[2016/2/7 - 3:01:02] Vehicle ID 536 (Slot ID 81) Maintainence fee cost $0 to FBI's budget fund.
[2016/2/7 - 3:01:02] Vehicle ID 537 (Slot ID 82) Maintainence fee cost $0 to FBI's budget fund.
[2016/2/7 - 3:01:02] Vehicle ID 538 (Slot ID 83) Maintainence fee cost $0 to FBI's budget fund.
[2016/2/7 - 3:01:02] Vehicle ID 539 (Slot ID 84) Maintainence fee cost $0 to FBI's budget fund.
[2016/2/7 - 3:01:02] Vehicle ID 540 (Slot ID 85) Maintainence fee cost $0 to FBI's budget fund.
[2016/2/7 - 3:01:02] Vehicle ID 541 (Slot ID 86) Maintainence fee cost $0 to FBI's budget fund.
[2016/2/7 - 3:01:02] Vehicle ID 542 (Slot ID 87) Maintainence fee cost $0 to FBI's budget fund.
[2016/2/7 - 3:01:02] Vehicle ID 543 (Slot ID 88) Maintainence fee cost $0 to FBI's budget fund.
[2016/2/7 - 4:00:13] The faction vault is at $13,676,463
[2016/2/7 - 4:00:13] SA Gov Paid $81,000 to FBI budget fund.
[2016/2/7 - 4:00:13] Vehicle ID 535 (Slot ID 80) Maintainence fee cost $0 to FBI's budget fund.
[2016/2/7 - 4:00:13] Vehicle ID 536 (Slot ID 81) Maintainence fee cost $0 to FBI's budget fund.
[2016/2/7 - 4:00:13] Vehicle ID 537 (Slot ID 82) Maintainence fee cost $0 to FBI's budget fund.
[2016/2/7 - 4:00:13] Vehicle ID 538 (Slot ID 83) Maintainence fee cost $0 to FBI's budget fund.
[2016/2/7 - 4:00:13] Vehicle ID 539 (Slot ID 84) Maintainence fee cost $0 to FBI's budget fund.
[2016/2/7 - 4:00:13] Vehicle ID 540 (Slot ID 85) Maintainence fee cost $0 to FBI's budget fund.
[2016/2/7 - 4:00:13] Vehicle ID 541 (Slot ID 86) Maintainence fee cost $0 to FBI's budget fund.
[2016/2/7 - 4:00:13] Vehicle ID 542 (Slot ID 87) Maintainence fee cost $0 to FBI's budget fund.
[2016/2/7 - 4:00:13] Vehicle ID 543 (Slot ID 88) Maintainence fee cost $0 to FBI's budget fund.
[2016/2/7 - 5:00:52] The faction vault is at $13,757,463
[2016/2/7 - 5:00:52] SA Gov Paid $81,000 to FBI budget fund.
[2016/2/7 - 5:00:52] Vehicle ID 535 (Slot ID 80) Maintainence fee cost $0 to FBI's budget fund.
[2016/2/7 - 5:00:52] Vehicle ID 536 (Slot ID 81) Maintainence fee cost $0 to FBI's budget fund.
[2016/2/7 - 5:00:52] Vehicle ID 537 (Slot ID 82) Maintainence fee cost $0 to FBI's budget fund.
[2016/2/7 - 5:00:52] Vehicle ID 538 (Slot ID 83) Maintainence fee cost $0 to FBI's budget fund.
[2016/2/7 - 5:00:52] Vehicle ID 539 (Slot ID 84) Maintainence fee cost $0 to FBI's budget fund.
[2016/2/7 - 5:00:52] Vehicle ID 540 (Slot ID 85) Maintainence fee cost $0 to FBI's budget fund.
[2016/2/7 - 5:00:52] Vehicle ID 541 (Slot ID 86) Maintainence fee cost $0 to FBI's budget fund.
[2016/2/7 - 5:00:52] Vehicle ID 542 (Slot ID 87) Maintainence fee cost $0 to FBI's budget fund.
[2016/2/7 - 5:00:52] Vehicle ID 543 (Slot ID 88) Maintainence fee cost $0 to FBI's budget fund.
[2016/2/7 - 6:00:33] The faction vault is at $13,838,463
[2016/2/7 - 6:00:33] SA Gov Paid $81,000 to FBI budget fund.
[2016/2/7 - 6:00:33] Vehicle ID 535 (Slot ID 80) Maintainence fee cost $0 to FBI's budget fund.
[2016/2/7 - 6:00:33] Vehicle ID 536 (Slot ID 81) Maintainence fee cost $0 to FBI's budget fund.
[2016/2/7 - 6:00:33] Vehicle ID 537 (Slot ID 82) Maintainence fee cost $0 to FBI's budget fund.
[2016/2/7 - 6:00:33] Vehicle ID 538 (Slot ID 83) Maintainence fee cost $0 to FBI's budget fund.
[2016/2/7 - 6:00:33] Vehicle ID 539 (Slot ID 84) Maintainence fee cost $0 to FBI's budget fund.
[2016/2/7 - 6:00:33] Vehicle ID 540 (Slot ID 85) Maintainence fee cost $0 to FBI's budget fund.
[2016/2/7 - 6:00:33] Vehicle ID 541 (Slot ID 86) Maintainence fee cost $0 to FBI's budget fund.
[2016/2/7 - 6:00:33] Vehicle ID 542 (Slot ID 87) Maintainence fee cost $0 to FBI's budget fund.
[2016/2/7 - 6:00:33] Vehicle ID 543 (Slot ID 88) Maintainence fee cost $0 to FBI's budget fund.
[2016/2/7 - 7:00:22] The faction vault is at $13,919,463
[2016/2/7 - 7:00:22] SA Gov Paid $81,000 to FBI budget fund.
[2016/2/7 - 7:00:22] Vehicle ID 535 (Slot ID 80) Maintainence fee cost $0 to FBI's budget fund.
[2016/2/7 - 7:00:22] Vehicle ID 536 (Slot ID 81) Maintainence fee cost $0 to FBI's budget fund.
[2016/2/7 - 7:00:22] Vehicle ID 537 (Slot ID 82) Maintainence fee cost $0 to FBI's budget fund.
[2016/2/7 - 7:00:22] Vehicle ID 538 (Slot ID 83) Maintainence fee cost $0 to FBI's budget fund.
[2016/2/7 - 7:00:22] Vehicle ID 539 (Slot ID 84) Maintainence fee cost $0 to FBI's budget fund.
[2016/2/7 - 7:00:22] Vehicle ID 540 (Slot ID 85) Maintainence fee cost $0 to FBI's budget fund.
[2016/2/7 - 7:00:22] Vehicle ID 541 (Slot ID 86) Maintainence fee cost $0 to FBI's budget fund.
[2016/2/7 - 7:00:22] Vehicle ID 542 (Slot ID 87) Maintainence fee cost $0 to FBI's budget fund.
[2016/2/7 - 7:00:22] Vehicle ID 543 (Slot ID 88) Maintainence fee cost $0 to FBI's budget fund.
[2016/2/7 - 7:37:21] Tyn Changes took a Desert Eagle out of the FBI locker at a cost of $d.
[2016/2/7 - 7:37:23] Tyn Changes took a Shotgun out of the FBI locker at a cost of $d.
[2016/2/7 - 7:37:26] Tyn Changes took a MP5 out of the FBI locker at a cost of $d.
[2016/2/7 - 7:37:29] Tyn Changes took a M4 out of the FBI locker at a cost of $d.
[2016/2/7 - 7:38:21] Tyn Changes took a vest out of the FBI locker at a cost of $2,500.
[2016/2/7 - 8:00:32] The faction vault is at $14,000,463
[2016/2/7 - 8:00:32] SA Gov Paid $81,000 to FBI budget fund.
[2016/2/7 - 8:00:32] Vehicle ID 535 (Slot ID 80) Maintainence fee cost $0 to FBI's budget fund.
[2016/2/7 - 8:00:32] Vehicle ID 536 (Slot ID 81) Maintainence fee cost $0 to FBI's budget fund.
[2016/2/7 - 8:00:32] Vehicle ID 537 (Slot ID 82) Maintainence fee cost $0 to FBI's budget fund.
[2016/2/7 - 8:00:32] Vehicle ID 538 (Slot ID 83) Maintainence fee cost $0 to FBI's budget fund.
[2016/2/7 - 8:00:32] Vehicle ID 539 (Slot ID 84) Maintainence fee cost $0 to FBI's budget fund.
[2016/2/7 - 8:00:32] Vehicle ID 540 (Slot ID 85) Maintainence fee cost $0 to FBI's budget fund.
[2016/2/7 - 8:00:32] Vehicle ID 541 (Slot ID 86) Maintainence fee cost $0 to FBI's budget fund.
[2016/2/7 - 8:00:32] Vehicle ID 542 (Slot ID 87) Maintainence fee cost $0 to FBI's budget fund.
[2016/2/7 - 8:00:32] Vehicle ID 543 (Slot ID 88) Maintainence fee cost $0 to FBI's budget fund.
[2016/2/7 - 8:05:09] Vehicle Slot ID 80 RTB fee cost $0 to FBI's budget fund.
[2016/2/7 - 8:05:09] Vehicle Slot ID 80 RTB fee cost $0 to FBI's budget fund.
[2016/2/7 - 8:05:09] Vehicle Slot ID 81 RTB fee cost $0 to FBI's budget fund.
[2016/2/7 - 8:05:09] Vehicle Slot ID 81 RTB fee cost $0 to FBI's budget fund.
[2016/2/7 - 8:05:09] Vehicle Slot ID 82 RTB fee cost $0 to FBI's budget fund.
[2016/2/7 - 8:05:09] Vehicle Slot ID 82 RTB fee cost $0 to FBI's budget fund.
[2016/2/7 - 8:05:09] Vehicle Slot ID 83 RTB fee cost $0 to FBI's budget fund.
[2016/2/7 - 8:05:09] Vehicle Slot ID 83 RTB fee cost $0 to FBI's budget fund.
[2016/2/7 - 8:05:09] Vehicle Slot ID 84 RTB fee cost $0 to FBI's budget fund.
[2016/2/7 - 8:05:09] Vehicle Slot ID 84 RTB fee cost $0 to FBI's budget fund.
[2016/2/7 - 8:05:09] Vehicle Slot ID 85 RTB fee cost $0 to FBI's budget fund.
[2016/2/7 - 8:05:09] Vehicle Slot ID 85 RTB fee cost $0 to FBI's budget fund.
[2016/2/7 - 8:05:09] Vehicle Slot ID 86 RTB fee cost $0 to FBI's budget fund.
[2016/2/7 - 8:05:09] Vehicle Slot ID 86 RTB fee cost $0 to FBI's budget fund.
[2016/2/7 - 8:05:09] Vehicle Slot ID 87 RTB fee cost $0 to FBI's budget fund.
[2016/2/7 - 8:05:09] Vehicle Slot ID 87 RTB fee cost $0 to FBI's budget fund.
[2016/2/7 - 8:05:09] Vehicle Slot ID 88 RTB fee cost $0 to FBI's budget fund.
[2016/2/7 - 8:05:09] Vehicle Slot ID 88 RTB fee cost $0 to FBI's budget fund.
[2016/2/7 - 8:14:32] Thomas Dat has been arrested by Ton Ngo Khong and fined $10000. $3333 has been sent to FBI's budget fund.
[2016/2/7 - 8:52:16] Ton Ngo Khong took a Sniper Rifle out of the FBI locker at a cost of $d.
[2016/2/7 - 8:52:18] Ton Ngo Khong took a Combat Shotgun out of the FBI locker at a cost of $d.
[2016/2/7 - 8:52:21] Ton Ngo Khong took a M4 out of the FBI locker at a cost of $d.
[2016/2/7 - 8:52:24] Ton Ngo Khong took a MP5 out of the FBI locker at a cost of $d.
[2016/2/7 - 8:52:27] Ton Ngo Khong took a Desert Eagle out of the FBI locker at a cost of $d.
[2016/2/7 - 8:52:29] Ton Ngo Khong took a Nite Stick out of the FBI locker at a cost of $d.
[2016/2/7 - 9:00:17] The faction vault is at $14,084,758
[2016/2/7 - 9:00:17] SA Gov Paid $81,000 to FBI budget fund.
[2016/2/7 - 9:00:17] Vehicle ID 535 (Slot ID 80) Maintainence fee cost $0 to FBI's budget fund.
[2016/2/7 - 9:00:17] Vehicle ID 536 (Slot ID 81) Maintainence fee cost $0 to FBI's budget fund.
[2016/2/7 - 9:00:17] Vehicle ID 537 (Slot ID 82) Maintainence fee cost $0 to FBI's budget fund.
[2016/2/7 - 9:00:17] Vehicle ID 538 (Slot ID 83) Maintainence fee cost $0 to FBI's budget fund.
[2016/2/7 - 9:00:17] Vehicle ID 539 (Slot ID 84) Maintainence fee cost $0 to FBI's budget fund.
[2016/2/7 - 9:00:17] Vehicle ID 540 (Slot ID 85) Maintainence fee cost $0 to FBI's budget fund.
[2016/2/7 - 9:00:17] Vehicle ID 541 (Slot ID 86) Maintainence fee cost $0 to FBI's budget fund.
[2016/2/7 - 9:00:17] Vehicle ID 542 (Slot ID 87) Maintainence fee cost $0 to FBI's budget fund.
[2016/2/7 - 9:00:17] Vehicle ID 543 (Slot ID 88) Maintainence fee cost $0 to FBI's budget fund.
[2016/2/7 - 9:24:51] Vehicle Slot ID 80 RTB fee cost $0 to FBI's budget fund.
[2016/2/7 - 9:24:52] Vehicle Slot ID 80 RTB fee cost $0 to FBI's budget fund.
[2016/2/7 - 9:24:52] Vehicle Slot ID 81 RTB fee cost $0 to FBI's budget fund.
[2016/2/7 - 9:24:52] Vehicle Slot ID 81 RTB fee cost $0 to FBI's budget fund.
[2016/2/7 - 9:24:52] Vehicle Slot ID 82 RTB fee cost $0 to FBI's budget fund.
[2016/2/7 - 9:24:52] Vehicle Slot ID 82 RTB fee cost $0 to FBI's budget fund.
[2016/2/7 - 9:24:52] Vehicle Slot ID 83 RTB fee cost $0 to FBI's budget fund.
[2016/2/7 - 9:24:52] Vehicle Slot ID 83 RTB fee cost $0 to FBI's budget fund.
[2016/2/7 - 9:24:52] Vehicle Slot ID 84 RTB fee cost $0 to FBI's budget fund.
[2016/2/7 - 9:24:52] Vehicle Slot ID 84 RTB fee cost $0 to FBI's budget fund.
[2016/2/7 - 9:24:52] Vehicle Slot ID 85 RTB fee cost $0 to FBI's budget fund.
[2016/2/7 - 9:24:52] Vehicle Slot ID 85 RTB fee cost $0 to FBI's budget fund.
[2016/2/7 - 9:24:52] Vehicle Slot ID 86 RTB fee cost $0 to FBI's budget fund.
[2016/2/7 - 9:24:52] Vehicle Slot ID 86 RTB fee cost $0 to FBI's budget fund.
[2016/2/7 - 9:24:52] Vehicle Slot ID 87 RTB fee cost $0 to FBI's budget fund.
[2016/2/7 - 9:24:52] Vehicle Slot ID 87 RTB fee cost $0 to FBI's budget fund.
[2016/2/7 - 9:24:52] Vehicle Slot ID 88 RTB fee cost $0 to FBI's budget fund.
[2016/2/7 - 9:24:52] Vehicle Slot ID 88 RTB fee cost $0 to FBI's budget fund.
[2016/2/7 - 10:00:04] The faction vault is at $14,165,758
[2016/2/7 - 10:00:04] SA Gov Paid $81,000 to FBI budget fund.
[2016/2/7 - 10:00:04] Vehicle ID 535 (Slot ID 80) Maintainence fee cost $0 to FBI's budget fund.
[2016/2/7 - 10:00:04] Vehicle ID 536 (Slot ID 81) Maintainence fee cost $0 to FBI's budget fund.
[2016/2/7 - 10:00:04] Vehicle ID 537 (Slot ID 82) Maintainence fee cost $0 to FBI's budget fund.
[2016/2/7 - 10:00:04] Vehicle ID 538 (Slot ID 83) Maintainence fee cost $0 to FBI's budget fund.
[2016/2/7 - 10:00:04] Vehicle ID 539 (Slot ID 84) Maintainence fee cost $0 to FBI's budget fund.
[2016/2/7 - 10:00:04] Vehicle ID 540 (Slot ID 85) Maintainence fee cost $0 to FBI's budget fund.
[2016/2/7 - 10:00:04] Vehicle ID 541 (Slot ID 86) Maintainence fee cost $0 to FBI's budget fund.
[2016/2/7 - 10:00:04] Vehicle ID 542 (Slot ID 87) Maintainence fee cost $0 to FBI's budget fund.
[2016/2/7 - 10:00:04] Vehicle ID 543 (Slot ID 88) Maintainence fee cost $0 to FBI's budget fund.
[2016/2/7 - 10:49:15] Tyn Changes took a Desert Eagle out of the FBI locker at a cost of $d.
[2016/2/7 - 10:49:19] Tyn Changes took a Shotgun out of the FBI locker at a cost of $d.
[2016/2/7 - 10:49:22] Tyn Changes took a M4 out of the FBI locker at a cost of $d.
[2016/2/7 - 10:49:24] Tyn Changes took a MP5 out of the FBI locker at a cost of $d.
[2016/2/7 - 10:49:31] Tyn Changes took a vest out of the FBI locker at a cost of $2,500.
[2016/2/7 - 11:00:50] The faction vault is at $14,244,239
[2016/2/7 - 11:00:50] SA Gov Paid $81,000 to FBI budget fund.
[2016/2/7 - 11:00:50] Vehicle ID 535 (Slot ID 80) Maintainence fee cost $0 to FBI's budget fund.
[2016/2/7 - 11:00:50] Vehicle ID 536 (Slot ID 81) Maintainence fee cost $0 to FBI's budget fund.
[2016/2/7 - 11:00:50] Vehicle ID 537 (Slot ID 82) Maintainence fee cost $0 to FBI's budget fund.
[2016/2/7 - 11:00:50] Vehicle ID 538 (Slot ID 83) Maintainence fee cost $0 to FBI's budget fund.
[2016/2/7 - 11:00:50] Vehicle ID 539 (Slot ID 84) Maintainence fee cost $0 to FBI's budget fund.
[2016/2/7 - 11:00:50] Vehicle ID 540 (Slot ID 85) Maintainence fee cost $0 to FBI's budget fund.
[2016/2/7 - 11:00:50] Vehicle ID 541 (Slot ID 86) Maintainence fee cost $0 to FBI's budget fund.
[2016/2/7 - 11:00:50] Vehicle ID 542 (Slot ID 87) Maintainence fee cost $0 to FBI's budget fund.
[2016/2/7 - 11:00:50] Vehicle ID 543 (Slot ID 88) Maintainence fee cost $0 to FBI's budget fund.
[2016/2/7 - 12:00:30] The faction vault is at $14,325,239
[2016/2/7 - 12:00:30] SA Gov Paid $81,000 to FBI budget fund.
[2016/2/7 - 12:00:30] Vehicle ID 535 (Slot ID 80) Maintainence fee cost $0 to FBI's budget fund.
[2016/2/7 - 12:00:30] Vehicle ID 536 (Slot ID 81) Maintainence fee cost $0 to FBI's budget fund.
[2016/2/7 - 12:00:30] Vehicle ID 537 (Slot ID 82) Maintainence fee cost $0 to FBI's budget fund.
[2016/2/7 - 12:00:30] Vehicle ID 538 (Slot ID 83) Maintainence fee cost $0 to FBI's budget fund.
[2016/2/7 - 12:00:30] Vehicle ID 539 (Slot ID 84) Maintainence fee cost $0 to FBI's budget fund.
[2016/2/7 - 12:00:30] Vehicle ID 540 (Slot ID 85) Maintainence fee cost $0 to FBI's budget fund.
[2016/2/7 - 12:00:30] Vehicle ID 541 (Slot ID 86) Maintainence fee cost $0 to FBI's budget fund.
[2016/2/7 - 12:00:30] Vehicle ID 542 (Slot ID 87) Maintainence fee cost $0 to FBI's budget fund.
[2016/2/7 - 12:00:30] Vehicle ID 543 (Slot ID 88) Maintainence fee cost $0 to FBI's budget fund.
[2016/2/7 - 13:00:01] The faction vault is at $14,406,239
[2016/2/7 - 13:00:02] SA Gov Paid $81,000 to FBI budget fund.
[2016/2/7 - 13:00:02] Vehicle ID 535 (Slot ID 80) Maintainence fee cost $0 to FBI's budget fund.
[2016/2/7 - 13:00:02] Vehicle ID 536 (Slot ID 81) Maintainence fee cost $0 to FBI's budget fund.
[2016/2/7 - 13:00:02] Vehicle ID 537 (Slot ID 82) Maintainence fee cost $0 to FBI's budget fund.
[2016/2/7 - 13:00:02] Vehicle ID 538 (Slot ID 83) Maintainence fee cost $0 to FBI's budget fund.
[2016/2/7 - 13:00:02] Vehicle ID 539 (Slot ID 84) Maintainence fee cost $0 to FBI's budget fund.
[2016/2/7 - 13:00:02] Vehicle ID 540 (Slot ID 85) Maintainence fee cost $0 to FBI's budget fund.
[2016/2/7 - 13:00:02] Vehicle ID 541 (Slot ID 86) Maintainence fee cost $0 to FBI's budget fund.
[2016/2/7 - 13:00:02] Vehicle ID 542 (Slot ID 87) Maintainence fee cost $0 to FBI's budget fund.
[2016/2/7 - 13:00:02] Vehicle ID 543 (Slot ID 88) Maintainence fee cost $0 to FBI's budget fund.
[2016/2/7 - 13:39:43] Ton Ngo Khong took a Sniper Rifle out of the FBI locker at a cost of $d.
[2016/2/7 - 13:39:46] Ton Ngo Khong took a Combat Shotgun out of the FBI locker at a cost of $d.
[2016/2/7 - 13:39:48] Ton Ngo Khong took a M4 out of the FBI locker at a cost of $d.
[2016/2/7 - 13:39:51] Ton Ngo Khong took a Desert Eagle out of the FBI locker at a cost of $d.
[2016/2/7 - 13:39:54] Ton Ngo Khong took a Nite Stick out of the FBI locker at a cost of $d.
[2016/2/7 - 13:39:58] Ton Ngo Khong took a MP5 out of the FBI locker at a cost of $d.
[2016/2/7 - 13:40:23] Ton Ngo Khong took a vest out of the FBI locker at a cost of $2,500.
[2016/2/7 - 13:57:38] Ton Ngo Khong took a vest out of the FBI locker at a cost of $2,500.
[2016/2/7 - 13:57:42] Ton Ngo Khong took a Sniper Rifle out of the FBI locker at a cost of $d.
[2016/2/7 - 13:57:45] Ton Ngo Khong took a Combat Shotgun out of the FBI locker at a cost of $d.
[2016/2/7 - 13:57:53] Ton Ngo Khong took a M4 out of the FBI locker at a cost of $d.
[2016/2/7 - 13:57:55] Ton Ngo Khong took a Desert Eagle out of the FBI locker at a cost of $d.
[2016/2/7 - 13:57:57] Ton Ngo Khong took a MP5 out of the FBI locker at a cost of $d.
[2016/2/7 - 13:58:02] Ton Ngo Khong took a Nite Stick out of the FBI locker at a cost of $d.
[2016/2/7 - 14:00:50] The faction vault is at $14,482,163
[2016/2/7 - 14:00:50] SA Gov Paid $81,000 to FBI budget fund.
[2016/2/7 - 14:00:50] Vehicle ID 535 (Slot ID 80) Maintainence fee cost $0 to FBI's budget fund.
[2016/2/7 - 14:00:50] Vehicle ID 536 (Slot ID 81) Maintainence fee cost $0 to FBI's budget fund.
[2016/2/7 - 14:00:50] Vehicle ID 537 (Slot ID 82) Maintainence fee cost $0 to FBI's budget fund.
[2016/2/7 - 14:00:50] Vehicle ID 538 (Slot ID 83) Maintainence fee cost $0 to FBI's budget fund.
[2016/2/7 - 14:00:50] Vehicle ID 539 (Slot ID 84) Maintainence fee cost $0 to FBI's budget fund.
[2016/2/7 - 14:00:50] Vehicle ID 540 (Slot ID 85) Maintainence fee cost $0 to FBI's budget fund.
[2016/2/7 - 14:00:50] Vehicle ID 541 (Slot ID 86) Maintainence fee cost $0 to FBI's budget fund.
[2016/2/7 - 14:00:50] Vehicle ID 542 (Slot ID 87) Maintainence fee cost $0 to FBI's budget fund.
[2016/2/7 - 14:00:50] Vehicle ID 543 (Slot ID 88) Maintainence fee cost $0 to FBI's budget fund.
[2016/2/7 - 14:30:37] Vehicle Slot ID 84 RTB fee cost $0 to FBI's budget fund.
[2016/2/7 - 15:00:11] The faction vault is at $14,563,163
[2016/2/7 - 15:00:12] SA Gov Paid $81,000 to FBI budget fund.
[2016/2/7 - 15:00:12] Vehicle ID 535 (Slot ID 80) Maintainence fee cost $0 to FBI's budget fund.
[2016/2/7 - 15:00:12] Vehicle ID 536 (Slot ID 81) Maintainence fee cost $0 to FBI's budget fund.
[2016/2/7 - 15:00:12] Vehicle ID 537 (Slot ID 82) Maintainence fee cost $0 to FBI's budget fund.
[2016/2/7 - 15:00:12] Vehicle ID 538 (Slot ID 83) Maintainence fee cost $0 to FBI's budget fund.
[2016/2/7 - 15:00:12] Vehicle ID 539 (Slot ID 84) Maintainence fee cost $0 to FBI's budget fund.
[2016/2/7 - 15:00:12] Vehicle ID 540 (Slot ID 85) Maintainence fee cost $0 to FBI's budget fund.
[2016/2/7 - 15:00:12] Vehicle ID 541 (Slot ID 86) Maintainence fee cost $0 to FBI's budget fund.
[2016/2/7 - 15:00:12] Vehicle ID 542 (Slot ID 87) Maintainence fee cost $0 to FBI's budget fund.
[2016/2/7 - 15:00:12] Vehicle ID 543 (Slot ID 88) Maintainence fee cost $0 to FBI's budget fund.
[2016/2/7 - 15:37:04] Tyn Changes took a Desert Eagle out of the FBI locker at a cost of $d.
[2016/2/7 - 15:37:06] Tyn Changes took a Shotgun out of the FBI locker at a cost of $d.
[2016/2/7 - 15:37:09] Tyn Changes took a MP5 out of the FBI locker at a cost of $d.
[2016/2/7 - 15:37:13] Tyn Changes took a M4 out of the FBI locker at a cost of $d.
[2016/2/7 - 15:37:48] Tyn Changes took a vest out of the FBI locker at a cost of $2,500.
[2016/2/7 - 15:51:39] Tyn Changes took a Desert Eagle out of the FBI locker at a cost of $d.
[2016/2/7 - 15:51:41] Tyn Changes took a Shotgun out of the FBI locker at a cost of $d.
[2016/2/7 - 15:51:43] Tyn Changes took a MP5 out of the FBI locker at a cost of $d.
[2016/2/7 - 15:51:46] Tyn Changes took a M4 out of the FBI locker at a cost of $d.
[2016/2/7 - 15:51:49] Tyn Changes took a Combat Shotgun out of the FBI locker at a cost of $d.
[2016/2/7 - 15:58:44] Vehicle Slot ID 87 RTB fee cost $0 to FBI's budget fund.
[2016/2/7 - 16:00:33] The faction vault is at $14,641,613
[2016/2/7 - 16:00:33] SA Gov Paid $81,000 to FBI budget fund.
[2016/2/7 - 16:00:33] Vehicle ID 535 (Slot ID 80) Maintainence fee cost $0 to FBI's budget fund.
[2016/2/7 - 16:00:33] Vehicle ID 536 (Slot ID 81) Maintainence fee cost $0 to FBI's budget fund.
[2016/2/7 - 16:00:33] Vehicle ID 537 (Slot ID 82) Maintainence fee cost $0 to FBI's budget fund.
[2016/2/7 - 16:00:33] Vehicle ID 538 (Slot ID 83) Maintainence fee cost $0 to FBI's budget fund.
[2016/2/7 - 16:00:33] Vehicle ID 539 (Slot ID 84) Maintainence fee cost $0 to FBI's budget fund.
[2016/2/7 - 16:00:33] Vehicle ID 540 (Slot ID 85) Maintainence fee cost $0 to FBI's budget fund.
[2016/2/7 - 16:00:33] Vehicle ID 541 (Slot ID 86) Maintainence fee cost $0 to FBI's budget fund.
[2016/2/7 - 16:00:33] Vehicle ID 542 (Slot ID 87) Maintainence fee cost $0 to FBI's budget fund.
[2016/2/7 - 16:00:33] Vehicle ID 543 (Slot ID 88) Maintainence fee cost $0 to FBI's budget fund.
[2016/2/7 - 16:01:59] Vehicle Slot ID 80 RTB fee cost $0 to FBI's budget fund.
[2016/2/7 - 16:01:59] Vehicle Slot ID 80 RTB fee cost $0 to FBI's budget fund.
[2016/2/7 - 16:01:59] Vehicle Slot ID 81 RTB fee cost $0 to FBI's budget fund.
[2016/2/7 - 16:01:59] Vehicle Slot ID 81 RTB fee cost $0 to FBI's budget fund.
[2016/2/7 - 16:01:59] Vehicle Slot ID 82 RTB fee cost $0 to FBI's budget fund.
[2016/2/7 - 16:01:59] Vehicle Slot ID 82 RTB fee cost $0 to FBI's budget fund.
[2016/2/7 - 16:01:59] Vehicle Slot ID 83 RTB fee cost $0 to FBI's budget fund.
[2016/2/7 - 16:01:59] Vehicle Slot ID 83 RTB fee cost $0 to FBI's budget fund.
[2016/2/7 - 16:01:59] Vehicle Slot ID 84 RTB fee cost $0 to FBI's budget fund.
[2016/2/7 - 16:01:59] Vehicle Slot ID 84 RTB fee cost $0 to FBI's budget fund.
[2016/2/7 - 16:01:59] Vehicle Slot ID 85 RTB fee cost $0 to FBI's budget fund.
[2016/2/7 - 16:01:59] Vehicle Slot ID 85 RTB fee cost $0 to FBI's budget fund.
[2016/2/7 - 16:01:59] Vehicle Slot ID 86 RTB fee cost $0 to FBI's budget fund.
[2016/2/7 - 16:01:59] Vehicle Slot ID 86 RTB fee cost $0 to FBI's budget fund.
[2016/2/7 - 16:01:59] Vehicle Slot ID 87 RTB fee cost $0 to FBI's budget fund.
[2016/2/7 - 16:01:59] Vehicle Slot ID 87 RTB fee cost $0 to FBI's budget fund.
[2016/2/7 - 16:01:59] Vehicle Slot ID 88 RTB fee cost $0 to FBI's budget fund.
[2016/2/7 - 16:01:59] Vehicle Slot ID 88 RTB fee cost $0 to FBI's budget fund.
[2016/2/7 - 16:03:34] Tyn Changes took a Desert Eagle out of the FBI locker at a cost of $d.
[2016/2/7 - 16:03:45] Tyn Changes took a vest out of the FBI locker at a cost of $2,500.
[2016/2/7 - 16:05:33] Vehicle Slot ID 80 RTB fee cost $0 to FBI's budget fund.
[2016/2/7 - 16:05:33] Vehicle Slot ID 80 RTB fee cost $0 to FBI's budget fund.
[2016/2/7 - 16:05:33] Vehicle Slot ID 81 RTB fee cost $0 to FBI's budget fund.
[2016/2/7 - 16:05:33] Vehicle Slot ID 81 RTB fee cost $0 to FBI's budget fund.
[2016/2/7 - 16:05:33] Vehicle Slot ID 82 RTB fee cost $0 to FBI's budget fund.
[2016/2/7 - 16:05:33] Vehicle Slot ID 82 RTB fee cost $0 to FBI's budget fund.
[2016/2/7 - 16:05:33] Vehicle Slot ID 83 RTB fee cost $0 to FBI's budget fund.
[2016/2/7 - 16:05:33] Vehicle Slot ID 83 RTB fee cost $0 to FBI's budget fund.
[2016/2/7 - 16:05:33] Vehicle Slot ID 84 RTB fee cost $0 to FBI's budget fund.
[2016/2/7 - 16:05:33] Vehicle Slot ID 84 RTB fee cost $0 to FBI's budget fund.
[2016/2/7 - 16:05:33] Vehicle Slot ID 85 RTB fee cost $0 to FBI's budget fund.
[2016/2/7 - 16:05:33] Vehicle Slot ID 85 RTB fee cost $0 to FBI's budget fund.
[2016/2/7 - 16:05:33] Vehicle Slot ID 86 RTB fee cost $0 to FBI's budget fund.
[2016/2/7 - 16:05:33] Vehicle Slot ID 86 RTB fee cost $0 to FBI's budget fund.
[2016/2/7 - 16:05:33] Vehicle Slot ID 87 RTB fee cost $0 to FBI's budget fund.
[2016/2/7 - 16:05:33] Vehicle Slot ID 87 RTB fee cost $0 to FBI's budget fund.
[2016/2/7 - 16:05:33] Vehicle Slot ID 88 RTB fee cost $0 to FBI's budget fund.
[2016/2/7 - 16:05:33] Vehicle Slot ID 88 RTB fee cost $0 to FBI's budget fund.
[2016/2/7 - 16:26:54] Vehicle Slot ID 80 RTB fee cost $0 to FBI's budget fund.
[2016/2/7 - 16:26:54] Vehicle Slot ID 80 RTB fee cost $0 to FBI's budget fund.
[2016/2/7 - 16:26:54] Vehicle Slot ID 81 RTB fee cost $0 to FBI's budget fund.
[2016/2/7 - 16:26:54] Vehicle Slot ID 81 RTB fee cost $0 to FBI's budget fund.
[2016/2/7 - 16:26:54] Vehicle Slot ID 82 RTB fee cost $0 to FBI's budget fund.
[2016/2/7 - 16:26:54] Vehicle Slot ID 82 RTB fee cost $0 to FBI's budget fund.
[2016/2/7 - 16:26:54] Vehicle Slot ID 83 RTB fee cost $0 to FBI's budget fund.
[2016/2/7 - 16:26:54] Vehicle Slot ID 83 RTB fee cost $0 to FBI's budget fund.
[2016/2/7 - 16:26:54] Vehicle Slot ID 84 RTB fee cost $0 to FBI's budget fund.
[2016/2/7 - 16:26:54] Vehicle Slot ID 84 RTB fee cost $0 to FBI's budget fund.
[2016/2/7 - 16:26:54] Vehicle Slot ID 85 RTB fee cost $0 to FBI's budget fund.
[2016/2/7 - 16:26:54] Vehicle Slot ID 85 RTB fee cost $0 to FBI's budget fund.
[2016/2/7 - 16:26:54] Vehicle Slot ID 86 RTB fee cost $0 to FBI's budget fund.
[2016/2/7 - 16:26:54] Vehicle Slot ID 86 RTB fee cost $0 to FBI's budget fund.
[2016/2/7 - 16:26:54] Vehicle Slot ID 87 RTB fee cost $0 to FBI's budget fund.
[2016/2/7 - 16:26:54] Vehicle Slot ID 87 RTB fee cost $0 to FBI's budget fund.
[2016/2/7 - 16:26:54] Vehicle Slot ID 88 RTB fee cost $0 to FBI's budget fund.
[2016/2/7 - 16:26:54] Vehicle Slot ID 88 RTB fee cost $0 to FBI's budget fund.
[2016/2/7 - 17:00:49] The faction vault is at $14,720,110
[2016/2/7 - 17:00:50] SA Gov Paid $81,000 to FBI budget fund.
[2016/2/7 - 17:00:50] Vehicle ID 535 (Slot ID 80) Maintainence fee cost $0 to FBI's budget fund.
[2016/2/7 - 17:00:50] Vehicle ID 536 (Slot ID 81) Maintainence fee cost $0 to FBI's budget fund.
[2016/2/7 - 17:00:50] Vehicle ID 537 (Slot ID 82) Maintainence fee cost $0 to FBI's budget fund.
[2016/2/7 - 17:00:50] Vehicle ID 538 (Slot ID 83) Maintainence fee cost $0 to FBI's budget fund.
[2016/2/7 - 17:00:50] Vehicle ID 539 (Slot ID 84) Maintainence fee cost $0 to FBI's budget fund.
[2016/2/7 - 17:00:50] Vehicle ID 540 (Slot ID 85) Maintainence fee cost $0 to FBI's budget fund.
[2016/2/7 - 17:00:50] Vehicle ID 541 (Slot ID 86) Maintainence fee cost $0 to FBI's budget fund.
[2016/2/7 - 17:00:50] Vehicle ID 542 (Slot ID 87) Maintainence fee cost $0 to FBI's budget fund.
[2016/2/7 - 17:00:50] Vehicle ID 543 (Slot ID 88) Maintainence fee cost $0 to FBI's budget fund.
[2016/2/7 - 18:00:36] The faction vault is at $14,801,110
[2016/2/7 - 18:00:36] SA Gov Paid $81,000 to FBI budget fund.
[2016/2/7 - 18:00:37] Vehicle ID 535 (Slot ID 80) Maintainence fee cost $0 to FBI's budget fund.
[2016/2/7 - 18:00:37] Vehicle ID 536 (Slot ID 81) Maintainence fee cost $0 to FBI's budget fund.
[2016/2/7 - 18:00:37] Vehicle ID 537 (Slot ID 82) Maintainence fee cost $0 to FBI's budget fund.
[2016/2/7 - 18:00:37] Vehicle ID 538 (Slot ID 83) Maintainence fee cost $0 to FBI's budget fund.
[2016/2/7 - 18:00:37] Vehicle ID 539 (Slot ID 84) Maintainence fee cost $0 to FBI's budget fund.
[2016/2/7 - 18:00:37] Vehicle ID 540 (Slot ID 85) Maintainence fee cost $0 to FBI's budget fund.
[2016/2/7 - 18:00:37] Vehicle ID 541 (Slot ID 86) Maintainence fee cost $0 to FBI's budget fund.
[2016/2/7 - 18:00:37] Vehicle ID 542 (Slot ID 87) Maintainence fee cost $0 to FBI's budget fund.
[2016/2/7 - 18:00:37] Vehicle ID 543 (Slot ID 88) Maintainence fee cost $0 to FBI's budget fund.
[2016/2/7 - 19:00:39] The faction vault is at $14,882,110
[2016/2/7 - 19:00:39] SA Gov Paid $81,000 to FBI budget fund.
[2016/2/7 - 19:00:39] Vehicle ID 535 (Slot ID 80) Maintainence fee cost $0 to FBI's budget fund.
[2016/2/7 - 19:00:39] Vehicle ID 536 (Slot ID 81) Maintainence fee cost $0 to FBI's budget fund.
[2016/2/7 - 19:00:39] Vehicle ID 537 (Slot ID 82) Maintainence fee cost $0 to FBI's budget fund.
[2016/2/7 - 19:00:39] Vehicle ID 538 (Slot ID 83) Maintainence fee cost $0 to FBI's budget fund.
[2016/2/7 - 19:00:39] Vehicle ID 539 (Slot ID 84) Maintainence fee cost $0 to FBI's budget fund.
[2016/2/7 - 19:00:39] Vehicle ID 540 (Slot ID 85) Maintainence fee cost $0 to FBI's budget fund.
[2016/2/7 - 19:00:39] Vehicle ID 541 (Slot ID 86) Maintainence fee cost $0 to FBI's budget fund.
[2016/2/7 - 19:00:39] Vehicle ID 542 (Slot ID 87) Maintainence fee cost $0 to FBI's budget fund.
[2016/2/7 - 19:00:39] Vehicle ID 543 (Slot ID 88) Maintainence fee cost $0 to FBI's budget fund.
[2016/2/7 - 20:00:23] The faction vault is at $14,963,110
[2016/2/7 - 20:00:23] SA Gov Paid $81,000 to FBI budget fund.
[2016/2/7 - 20:00:23] Vehicle ID 535 (Slot ID 80) Maintainence fee cost $0 to FBI's budget fund.
[2016/2/7 - 20:00:23] Vehicle ID 536 (Slot ID 81) Maintainence fee cost $0 to FBI's budget fund.
[2016/2/7 - 20:00:23] Vehicle ID 537 (Slot ID 82) Maintainence fee cost $0 to FBI's budget fund.
[2016/2/7 - 20:00:23] Vehicle ID 538 (Slot ID 83) Maintainence fee cost $0 to FBI's budget fund.
[2016/2/7 - 20:00:23] Vehicle ID 539 (Slot ID 84) Maintainence fee cost $0 to FBI's budget fund.
[2016/2/7 - 20:00:23] Vehicle ID 540 (Slot ID 85) Maintainence fee cost $0 to FBI's budget fund.
[2016/2/7 - 20:00:23] Vehicle ID 541 (Slot ID 86) Maintainence fee cost $0 to FBI's budget fund.
[2016/2/7 - 20:00:23] Vehicle ID 542 (Slot ID 87) Maintainence fee cost $0 to FBI's budget fund.
[2016/2/7 - 20:00:23] Vehicle ID 543 (Slot ID 88) Maintainence fee cost $0 to FBI's budget fund.
[2016/2/7 - 20:54:30] David Anonymos took a Sniper Rifle out of the FBI locker at a cost of $d.
[2016/2/7 - 20:54:33] David Anonymos took a M4 out of the FBI locker at a cost of $d.
[2016/2/7 - 20:54:37] David Anonymos took a vest for their car out of the FBI locker at a cost of $3,000 to the budget fund.
[2016/2/7 - 20:54:39] David Anonymos took a vest out of the FBI locker at a cost of $2,500.
[2016/2/7 - 20:58:38] Ton Ngo Khong took a vest out of the FBI locker at a cost of $2,500.
[2016/2/7 - 20:58:40] Ton Ngo Khong took a Sniper Rifle out of the FBI locker at a cost of $d.
[2016/2/7 - 20:58:43] Ton Ngo Khong took a Combat Shotgun out of the FBI locker at a cost of $d.
[2016/2/7 - 20:58:46] Ton Ngo Khong took a M4 out of the FBI locker at a cost of $d.
[2016/2/7 - 20:58:49] Ton Ngo Khong took a Desert Eagle out of the FBI locker at a cost of $d.
[2016/2/7 - 20:58:51] Ton Ngo Khong took a Nite Stick out of the FBI locker at a cost of $d.
[2016/2/7 - 20:58:56] Ton Ngo Khong took a Spray Can out of the FBI locker at a cost of $d.
[2016/2/7 - 21:00:10] The faction vault is at $15,036,059
[2016/2/7 - 21:00:10] SA Gov Paid $81,000 to FBI budget fund.
[2016/2/7 - 21:00:10] Vehicle ID 535 (Slot ID 80) Maintainence fee cost $0 to FBI's budget fund.
[2016/2/7 - 21:00:10] Vehicle ID 536 (Slot ID 81) Maintainence fee cost $0 to FBI's budget fund.
[2016/2/7 - 21:00:10] Vehicle ID 537 (Slot ID 82) Maintainence fee cost $0 to FBI's budget fund.
[2016/2/7 - 21:00:10] Vehicle ID 538 (Slot ID 83) Maintainence fee cost $0 to FBI's budget fund.
[2016/2/7 - 21:00:10] Vehicle ID 539 (Slot ID 84) Maintainence fee cost $0 to FBI's budget fund.
[2016/2/7 - 21:00:10] Vehicle ID 540 (Slot ID 85) Maintainence fee cost $0 to FBI's budget fund.
[2016/2/7 - 21:00:10] Vehicle ID 541 (Slot ID 86) Maintainence fee cost $0 to FBI's budget fund.
[2016/2/7 - 21:00:10] Vehicle ID 542 (Slot ID 87) Maintainence fee cost $0 to FBI's budget fund.
[2016/2/7 - 21:00:10] Vehicle ID 543 (Slot ID 88) Maintainence fee cost $0 to FBI's budget fund.
[2016/2/7 - 21:03:04] Vehicle Slot ID 80 RTB fee cost $0 to FBI's budget fund.
[2016/2/7 - 21:03:04] Vehicle Slot ID 80 RTB fee cost $0 to FBI's budget fund.
[2016/2/7 - 21:03:04] Vehicle Slot ID 81 RTB fee cost $0 to FBI's budget fund.
[2016/2/7 - 21:03:04] Vehicle Slot ID 81 RTB fee cost $0 to FBI's budget fund.
[2016/2/7 - 21:03:04] Vehicle Slot ID 82 RTB fee cost $0 to FBI's budget fund.
[2016/2/7 - 21:03:05] Vehicle Slot ID 82 RTB fee cost $0 to FBI's budget fund.
[2016/2/7 - 21:03:05] Vehicle Slot ID 83 RTB fee cost $0 to FBI's budget fund.
[2016/2/7 - 21:03:05] Vehicle Slot ID 83 RTB fee cost $0 to FBI's budget fund.
[2016/2/7 - 21:03:05] Vehicle Slot ID 84 RTB fee cost $0 to FBI's budget fund.
[2016/2/7 - 21:03:05] Vehicle Slot ID 84 RTB fee cost $0 to FBI's budget fund.
[2016/2/7 - 21:03:05] Vehicle Slot ID 85 RTB fee cost $0 to FBI's budget fund.
[2016/2/7 - 21:03:05] Vehicle Slot ID 85 RTB fee cost $0 to FBI's budget fund.
[2016/2/7 - 21:03:05] Vehicle Slot ID 86 RTB fee cost $0 to FBI's budget fund.
[2016/2/7 - 21:03:05] Vehicle Slot ID 86 RTB fee cost $0 to FBI's budget fund.
[2016/2/7 - 21:03:05] Vehicle Slot ID 87 RTB fee cost $0 to FBI's budget fund.
[2016/2/7 - 21:03:05] Vehicle Slot ID 87 RTB fee cost $0 to FBI's budget fund.
[2016/2/7 - 21:03:05] Vehicle Slot ID 88 RTB fee cost $0 to FBI's budget fund.
[2016/2/7 - 21:03:05] Vehicle Slot ID 88 RTB fee cost $0 to FBI's budget fund.
[2016/2/7 - 21:11:28] Ton Ngo Khong took a vest out of the FBI locker at a cost of $2,500.
[2016/2/7 - 21:11:32] Ton Ngo Khong took a Sniper Rifle out of the FBI locker at a cost of $d.
[2016/2/7 - 21:11:35] Ton Ngo Khong took a Combat Shotgun out of the FBI locker at a cost of $d.
[2016/2/7 - 21:11:38] Ton Ngo Khong took a M4 out of the FBI locker at a cost of $d.
[2016/2/7 - 21:11:40] Ton Ngo Khong took a Nite Stick out of the FBI locker at a cost of $d.
[2016/2/7 - 21:11:41] Ton Ngo Khong took a Spray Can out of the FBI locker at a cost of $d.
[2016/2/7 - 21:11:44] Ton Ngo Khong took a Desert Eagle out of the FBI locker at a cost of $d.
[2016/2/7 - 22:00:30] The faction vault is at $15,114,526
[2016/2/7 - 22:00:31] SA Gov Paid $81,000 to FBI budget fund.
[2016/2/7 - 22:00:31] Vehicle ID 535 (Slot ID 80) Maintainence fee cost $0 to FBI's budget fund.
[2016/2/7 - 22:00:31] Vehicle ID 536 (Slot ID 81) Maintainence fee cost $0 to FBI's budget fund.
[2016/2/7 - 22:00:31] Vehicle ID 537 (Slot ID 82) Maintainence fee cost $0 to FBI's budget fund.
[2016/2/7 - 22:00:31] Vehicle ID 538 (Slot ID 83) Maintainence fee cost $0 to FBI's budget fund.
[2016/2/7 - 22:00:31] Vehicle ID 539 (Slot ID 84) Maintainence fee cost $0 to FBI's budget fund.
[2016/2/7 - 22:00:31] Vehicle ID 540 (Slot ID 85) Maintainence fee cost $0 to FBI's budget fund.
[2016/2/7 - 22:00:31] Vehicle ID 541 (Slot ID 86) Maintainence fee cost $0 to FBI's budget fund.
[2016/2/7 - 22:00:31] Vehicle ID 542 (Slot ID 87) Maintainence fee cost $0 to FBI's budget fund.
[2016/2/7 - 22:00:31] Vehicle ID 543 (Slot ID 88) Maintainence fee cost $0 to FBI's budget fund.
[2016/2/7 - 22:27:11] Vehicle Slot ID 80 RTB fee cost $0 to FBI's budget fund.
[2016/2/7 - 22:27:11] Vehicle Slot ID 80 RTB fee cost $0 to FBI's budget fund.
[2016/2/7 - 22:27:11] Vehicle Slot ID 81 RTB fee cost $0 to FBI's budget fund.
[2016/2/7 - 22:27:11] Vehicle Slot ID 81 RTB fee cost $0 to FBI's budget fund.
[2016/2/7 - 22:27:11] Vehicle Slot ID 82 RTB fee cost $0 to FBI's budget fund.
[2016/2/7 - 22:27:11] Vehicle Slot ID 82 RTB fee cost $0 to FBI's budget fund.
[2016/2/7 - 22:27:11] Vehicle Slot ID 83 RTB fee cost $0 to FBI's budget fund.
[2016/2/7 - 22:27:11] Vehicle Slot ID 83 RTB fee cost $0 to FBI's budget fund.
[2016/2/7 - 22:27:11] Vehicle Slot ID 84 RTB fee cost $0 to FBI's budget fund.
[2016/2/7 - 22:27:11] Vehicle Slot ID 84 RTB fee cost $0 to FBI's budget fund.
[2016/2/7 - 22:27:11] Vehicle Slot ID 85 RTB fee cost $0 to FBI's budget fund.
[2016/2/7 - 22:27:11] Vehicle Slot ID 85 RTB fee cost $0 to FBI's budget fund.
[2016/2/7 - 22:27:11] Vehicle Slot ID 86 RTB fee cost $0 to FBI's budget fund.
[2016/2/7 - 22:27:11] Vehicle Slot ID 86 RTB fee cost $0 to FBI's budget fund.
[2016/2/7 - 22:27:12] Vehicle Slot ID 87 RTB fee cost $0 to FBI's budget fund.
[2016/2/7 - 22:27:12] Vehicle Slot ID 87 RTB fee cost $0 to FBI's budget fund.
[2016/2/7 - 22:27:12] Vehicle Slot ID 88 RTB fee cost $0 to FBI's budget fund.
[2016/2/7 - 22:27:12] Vehicle Slot ID 88 RTB fee cost $0 to FBI's budget fund.
[2016/2/7 - 23:00:39] The faction vault is at $15,195,526
[2016/2/7 - 23:00:40] SA Gov Paid $81,000 to FBI budget fund.
[2016/2/7 - 23:00:40] Vehicle ID 535 (Slot ID 80) Maintainence fee cost $0 to FBI's budget fund.
[2016/2/7 - 23:00:40] Vehicle ID 536 (Slot ID 81) Maintainence fee cost $0 to FBI's budget fund.
[2016/2/7 - 23:00:40] Vehicle ID 537 (Slot ID 82) Maintainence fee cost $0 to FBI's budget fund.
[2016/2/7 - 23:00:40] Vehicle ID 538 (Slot ID 83) Maintainence fee cost $0 to FBI's budget fund.
[2016/2/7 - 23:00:40] Vehicle ID 539 (Slot ID 84) Maintainence fee cost $0 to FBI's budget fund.
[2016/2/7 - 23:00:40] Vehicle ID 540 (Slot ID 85) Maintainence fee cost $0 to FBI's budget fund.
[2016/2/7 - 23:00:40] Vehicle ID 541 (Slot ID 86) Maintainence fee cost $0 to FBI's budget fund.
[2016/2/7 - 23:00:40] Vehicle ID 542 (Slot ID 87) Maintainence fee cost $0 to FBI's budget fund.
[2016/2/7 - 23:00:40] Vehicle ID 543 (Slot ID 88) Maintainence fee cost $0 to FBI's budget fund.
