[2016/2/2 - 9:52:59] Mafia John invited xBoss Mystoganx to None.
[2016/2/2 - 9:53:13] Mafia John set xBoss Mystoganx rank from 0 to 1 in None.
[2016/2/2 - 9:53:19] Mafia John set xBoss Mystoganx rank from 1 to 2 in None.
[2016/2/2 - 9:53:22] Mafia John set xBoss Mystoganx rank from 2 to 5 in None.
[2016/2/2 - 9:53:37] Mafia John set xBoss Mystoganx rank from 5 to 6 in None.
[2016/2/2 - 9:56:13] xBoss Mystoganx invited Judy Won to None.
[2016/2/2 - 9:56:57] Mafia John set Judy Won rank from 0 to 5 in None.
[2016/2/2 - 9:58:15] Mafia John set Judy Won rank from 5 to 6 in None.
[2016/2/2 - 9:58:59] xBoss Mystoganx adjusted Family§Boss§Trùm Los Santos§]'s name to Family§Boss§Trùm Los Santos§]
[2016/2/2 - 9:59:05] xBoss Mystoganx adjusted Family§Boss§Trùm§Los Santos§'s name to Family§Boss§Trùm§Los Santos§
[2016/2/2 - 10:00:57] Judy Won invited luong le to Family§Boss§Trùm§Los Santos§.
[2016/2/2 - 10:01:52] xBoss Mystoganx invited Ballas SicNey to Family§Boss§Trùm§Los Santos§.
[2016/2/2 - 10:03:16] Mafia John set Ballas SicNey rank from 0 to 5 in Family§Boss§Trùm§Los Santos§.
[2016/2/2 - 10:03:23] Judy Won invited Sip Do to Family§Boss§Trùm§Los Santos§.
[2016/2/2 - 10:03:47] Mafia John set Sip Do rank from 0 to 5 in Family§Boss§Trùm§Los Santos§.
[2016/2/2 - 10:04:17] Mafia John set luong le rank from 0 to 5 in Family§Boss§Trùm§Los Santos§.
[2016/2/2 - 10:04:58] xBoss Mystoganx adjusted Family§Boss§Trùm§Los Santos§'s division 1 to Team Mafia
[2016/2/2 - 10:05:04] xBoss Mystoganx adjusted Family§Boss§Trùm§Los Santos§'s division 2 to Team SatThu
[2016/2/2 - 10:05:12] xBoss Mystoganx adjusted Family§Boss§Trùm§Los Santos§'s division 3 to Team KillRent
[2016/2/2 - 10:05:33] xBoss Mystoganx adjusted Family§Boss§Trùm§Los Santos§'s division 4 to Team Boss
[2016/2/2 - 10:05:37] Judy Won set luong le rank from 5 to 3 in Family§Boss§Trùm§Los Santos§.
[2016/2/2 - 10:05:49] xBoss Mystoganx adjusted Family§Boss§Trùm§Los Santos§'s division 3 to Team KillRent
[2016/2/2 - 10:05:59] xBoss Mystoganx adjusted Family§Boss§Trùm§Los Santos§'s division 2 to Team SatThu
[2016/2/2 - 10:06:04] xBoss Mystoganx adjusted Family§Boss§Trùm§Los Santos§'s division 2 to Team SatThu
[2016/2/2 - 10:06:20] xBoss Mystoganx adjusted Family§Boss§Trùm§Los Santos§'s division 1 to Team Mafia
[2016/2/2 - 10:08:24] xBoss Mystoganx invited Charlie Puth to Family§Boss§Trùm§Los Santos§.
[2016/2/2 - 10:08:59] xBoss Mystoganx set Charlie Puth rank from 0 to 2 in Family§Boss§Trùm§Los Santos§.
[2016/2/2 - 10:39:44] Judy Won invited Ferreira Wilward to Family§Boss§Trùm§Los Santos§.
[2016/2/2 - 10:40:06] Judy Won set Ferreira Wilward rank from 0 to 5 in Family§Boss§Trùm§Los Santos§.
[2016/2/2 - 10:42:34] Ferreira Wilward has quit Family§Boss§Trùm§Los Santos§ as rank 5
[2016/2/2 - 11:41:20] Bay Stone has quit None as rank 6
