[2016/2/7 - 7:38:40] Nguyen Ngoc Tram invited Harry Jinr to §Family§Boss§Trùm§IS§KhungBo§.
[2016/2/7 - 9:00:08] xBoss Vyx invited Kid Elextro to §Family§Boss§Trùm§IS§KhungBo§.
[2016/2/7 - 9:00:19] xBoss Vyx set Kid Elextro rank from 0 to 4 in §Family§Boss§Trùm§IS§KhungBo§.
[2016/2/7 - 9:07:07] xBoss Vyx invited xBoss Kuto to §Family§Boss§Trùm§IS§KhungBo§.
[2016/2/7 - 9:08:12] xBoss Toganx invited xBoss Kuto to §Family§Boss§Trùm§IS§KhungBo§.
[2016/2/7 - 9:13:42] xBoss Toganx invited xBoss Kuto to §Family§Boss§Trùm§IS§KhungBo§.
[2016/2/7 - 9:43:38] xBoss Vyx set xBoss Kyx rank from 4 to 5 in §Family§Boss§Trùm§IS§KhungBo§.
[2016/2/7 - 10:11:37] xBoss Toganx set xBoss Ku rank from 6 to 5 in §Family§Boss§Trùm§IS§KhungBo§.
[2016/2/7 - 10:11:38] xBoss Toganx set xBoss Ku rank from 5 to 6 in §Family§Boss§Trùm§IS§KhungBo§.
[2016/2/7 - 10:15:20] xBoss Toganx set Avengers Nghia rank from 5 to 6 in §Family§Boss§Trùm§IS§KhungBo§.
[2016/2/7 - 10:15:24] xBoss Toganx da di chuyen Avengers Nghia den bo phan §Team Boss§.
[2016/2/7 - 14:23:22] Alex Hai has quit §Family§Boss§Trùm§IS§KhungBo§ as rank 6
[2016/2/7 - 14:30:39] Nathan Erwin has quit §Family§Boss§Trùm§IS§KhungBo§ as rank 5
[2016/2/7 - 14:57:47] EVO Shark has quit §Family§Boss§Trùm§IS§KhungBo§ as rank 0
[2016/2/7 - 18:04:30] xBoss Kyx invited NGcity CTL to §Family§Boss§Trùm§IS§KhungBo§.
[2016/2/7 - 18:43:16] xBoss Kyx has quit §Family§Boss§Trùm§IS§KhungBo§ as rank 5
[2016/2/7 - 18:57:28] Nguyen Ngoc Tram invited Xuan Quynh to §Family§Boss§Trùm§IS§KhungBo§.
[2016/2/7 - 19:30:09] Avengers Nghia set thach huy rank from 3 to 4 in §Family§Boss§Trùm§IS§KhungBo§.
[2016/2/7 - 19:57:04] Girl Ngoc set Ti Quays rank from 0 to 4 in §Family§Boss§Trùm§IS§KhungBo§.
[2016/2/7 - 19:58:54] Girl Ngoc uninvited Ti Quays from §Family§Boss§Trùm§IS§KhungBo§.
[2016/2/7 - 19:59:14] Girl Ngoc uninvited thach huy from §Family§Boss§Trùm§IS§KhungBo§.
