[2016/2/2 - 10:59:19] xBoss Mystoganx adjusted §Family§Boss§Killer's name to §Family§Boss§Killer
[2016/2/2 - 10:59:40] xBoss Mystoganx adjusted §Family§Boss§Killer§Trùm§'s name to §Family§Boss§Killer§Trùm§
[2016/2/2 - 10:59:51] xBoss Mystoganx invited Sip Do to §Family§Boss§Killer§Trùm§.
[2016/2/2 - 10:59:56] xBoss Mystoganx invited Judy Won to §Family§Boss§Killer§Trùm§.
[2016/2/2 - 11:00:03] xBoss Mystoganx invited Mafia John to §Family§Boss§Killer§Trùm§.
[2016/2/2 - 11:00:13] xBoss Mystoganx set Sip Do rank from 0 to 5 in §Family§Boss§Killer§Trùm§.
[2016/2/2 - 11:00:36] xBoss Mystoganx set Judy Won rank from 0 to 6 in §Family§Boss§Killer§Trùm§.
[2016/2/2 - 11:00:39] xBoss Mystoganx set Mafia John rank from 0 to 6 in §Family§Boss§Killer§Trùm§.
[2016/2/2 - 11:10:21] Judy Won invited Ferreira Wilward to §Family§Boss§Killer§Trùm§.
[2016/2/2 - 11:17:00] Judy Won invited Ferreira Wilward to §Family§Boss§Killer§Trùm§.
[2016/2/2 - 11:40:32] Boss Togan set Sip Do rank from 5 to 6 in §Family§Boss§Killer§Trùm§.
[2016/2/2 - 13:12:42] Boss Togan adjusted §Family§Boss§Killer§Trùm§'s safe
[2016/2/2 - 13:13:40] Sip Do has deposited 1,000,000 materials into §Family§Boss§Killer§Trùm§'s safe
[2016/2/2 - 13:14:09] Boss Togan adjusted §Family§Boss§Killer§Trùm§'s safe
[2016/2/2 - 16:12:19] Boss John set Judy Won rank from 6 to 5 in §Family§Boss§Killer§Trùm§.
[2016/2/2 - 16:12:32] Boss John set Judy Won rank from 5 to 6 in §Family§Boss§Killer§Trùm§.
[2016/2/2 - 17:01:57] Sip Do invited Upin Matthew to §Family§Boss§Killer§Trùm§.
[2016/2/2 - 17:40:12] Boss John invited Mafia Winter to §Family§Boss§Killer§Trùm§.
[2016/2/2 - 17:40:39] Boss John set Mafia Winter rank from 0 to 3 in §Family§Boss§Killer§Trùm§.
[2016/2/2 - 17:44:30] Boss John adjusted §Family§Boss§Killer§Trùm§'s MOTD (slot 2) to 2
[2016/2/2 - 17:44:32] Boss John adjusted §Family§Boss§Killer§Trùm§'s MOTD (slot 2) to 2
[2016/2/2 - 17:44:34] Boss John adjusted §Family§Boss§Killer§Trùm§'s MOTD (slot 2) to 99
[2016/2/2 - 17:44:36] Boss John adjusted §Family§Boss§Killer§Trùm§'s MOTD (slot 2) to 9
[2016/2/2 - 17:50:20] Boss John set Mafia Winter rank from 3 to 6 in §Family§Boss§Killer§Trùm§.
[2016/2/2 - 19:48:09] Boss Togan invited KuBin Handsomes to §Family§Boss§Killer§Trùm§.
[2016/2/2 - 19:48:11] Boss Togan invited Avengers Loli to §Family§Boss§Killer§Trùm§.
[2016/2/2 - 19:48:30] Boss Togan set KuBin Handsomes rank from 0 to 3 in §Family§Boss§Killer§Trùm§.
[2016/2/2 - 19:48:37] Boss Togan set Avengers Loli rank from 0 to 4 in §Family§Boss§Killer§Trùm§.
[2016/2/2 - 20:11:20] Boss Togan invited Thang ta to §Family§Boss§Killer§Trùm§.
[2016/2/2 - 20:11:26] Boss Togan invited Nathan Erwin to §Family§Boss§Killer§Trùm§.
[2016/2/2 - 20:14:08] Boss Togan set Thang ta rank from 0 to 3 in §Family§Boss§Killer§Trùm§.
[2016/2/2 - 20:17:30] Sip Do invited Nguyen Ngoc Tram to §Family§Boss§Killer§Trùm§.
[2016/2/2 - 20:19:30] Sip Do set Nguyen Ngoc Tram rank from 0 to 5 in §Family§Boss§Killer§Trùm§.
[2016/2/2 - 20:41:17] Boss Togan invited Hidan Cerberus to §Family§Boss§Killer§Trùm§.
[2016/2/2 - 20:53:20] Boss Togan set Nguyen Ngoc Tram rank from 5 to 6 in §Family§Boss§Killer§Trùm§.
[2016/2/2 - 20:59:05] Boss Togan invited Micheal Bradley to §Family§Boss§Killer§Trùm§.
[2016/2/2 - 20:59:30] Nguyen Ngoc Tram has deposited $3,000,000 into §Family§Boss§Killer§Trùm§'s bank account.
[2016/2/2 - 20:59:33] Nguyen Ngoc Tram has deposited $30,000,000 into §Family§Boss§Killer§Trùm§'s bank account.
