[2016/2/3 - 6:45:01] Nguyen Ngoc Tram da di chuyen Nguyen Ngoc Tram den bo phan None.
[2016/2/3 - 6:45:03] Nguyen Ngoc Tram da di chuyen Nguyen Ngoc Tram den bo phan None.
[2016/2/3 - 6:45:04] Nguyen Ngoc Tram da di chuyen Nguyen Ngoc Tram den bo phan None.
[2016/2/3 - 6:45:14] Nguyen Ngoc Tram da di chuyen Nguyen Ngoc Tram den bo phan None.
[2016/2/3 - 6:46:24] Nguyen Ngoc Tram adjusted §Family§Boss§Killer§Trùm§'s division 1 to newbie
[2016/2/3 - 6:46:44] Nguyen Ngoc Tram adjusted §Family§Boss§Killer§Trùm§'s division 2 to Lao Tu
[2016/2/3 - 6:46:56] Nguyen Ngoc Tram adjusted §Family§Boss§Killer§Trùm§'s division 3 to Lao Ca
[2016/2/3 - 6:47:02] Nguyen Ngoc Tram adjusted §Family§Boss§Killer§Trùm§'s division 4 to Lao Luyen
[2016/2/3 - 7:49:18] Nguyen Ngoc Tram invited Uzimaki Naruto to §Family§Boss§Killer§Trùm§.
[2016/2/3 - 8:08:25] Nguyen Ngoc Tram da di chuyen Nathan Erwin den bo phan newbie.
[2016/2/3 - 8:23:09] Nguyen Ngoc Tram da di chuyen Mafia Winter den bo phan Lao Luyen.
[2016/2/3 - 8:33:38] Nguyen Ngoc Tram da di chuyen Sip Do den bo phan Lao Luyen.
[2016/2/3 - 8:49:00] Nguyen Ngoc Tram invited Ong Gia to §Family§Boss§Killer§Trùm§.
[2016/2/3 - 9:14:56] Boss Togan set Nathan Erwin rank from 0 to 3 in §Family§Boss§Killer§Trùm§.
[2016/2/3 - 9:16:31] Nguyen Ngoc Tram da di chuyen Boss Togan den bo phan Lao Luyen.
[2016/2/3 - 9:23:30] Boss Togan adjusted §Family§Boss§Killer§Trùm§'s division 4 to Team Boss
[2016/2/3 - 9:23:49] Boss Togan adjusted §Family§Boss§Killer§Trùm§'s division 1 to Team SatThu
[2016/2/3 - 9:24:00] Boss Togan adjusted §Family§Boss§Killer§Trùm§'s division 2 to Team Giet Thu
[2016/2/3 - 9:24:05] Boss Togan adjusted §Family§Boss§Killer§Trùm§'s division 2 to Team GietThue
[2016/2/3 - 9:24:09] Boss Togan adjusted §Family§Boss§Killer§Trùm§'s division 2 to TeamGietThue
[2016/2/3 - 9:24:15] Boss Togan adjusted §Family§Boss§Killer§Trùm§'s division 2 to TeamG etThue
[2016/2/3 - 9:24:19] Judy Won invited Thien Nha to §Family§Boss§Killer§Trùm§.
[2016/2/3 - 9:24:20] Boss Togan adjusted §Family§Boss§Killer§Trùm§'s division 2 to Team KillRent
[2016/2/3 - 9:24:27] Boss Togan adjusted §Family§Boss§Killer§Trùm§'s division 2 to Team KillRent
[2016/2/3 - 9:24:33] Boss Togan adjusted §Family§Boss§Killer§Trùm§'s division 2 to Team KillRent
[2016/2/3 - 9:25:33] Nguyen Ngoc Tram invited Winx Hoang to §Family§Boss§Killer§Trùm§.
[2016/2/3 - 9:25:37] Boss Togan set Nathan Erwin rank from 3 to 5 in §Family§Boss§Killer§Trùm§.
[2016/2/3 - 9:26:04] Judy Won set Thien Nha rank from 0 to 3 in §Family§Boss§Killer§Trùm§.
[2016/2/3 - 9:27:58] Judy Won set Nathan Erwin rank from 5 to 3 in §Family§Boss§Killer§Trùm§.
[2016/2/3 - 9:28:12] Judy Won set Thien Nha rank from 3 to 1 in §Family§Boss§Killer§Trùm§.
[2016/2/3 - 9:39:45] Boss Togan set Nathan Erwin rank from 3 to 6 in §Family§Boss§Killer§Trùm§.
[2016/2/3 - 9:40:55] Boss Togan invited Boss kun to §Family§Boss§Killer§Trùm§.
[2016/2/3 - 9:52:17] Nathan Erwin adjusted §Family§Boss§Killer§Trùm§'s MOTD (slot 1) to Anh Em Hoa Dong Khong Cai Nhau 
[2016/2/3 - 9:52:29] Nathan Erwin adjusted §Family§Boss§Killer§Trùm§'s MOTD (slot 2) to F3  La Mot Family RP Nhe
[2016/2/3 - 10:00:36] Judy Won set Nathan Erwin rank from 6 to 3 in §Family§Boss§Killer§Trùm§.
[2016/2/3 - 10:01:13] Uzimaki Naruto has quit §Family§Boss§Killer§Trùm§ as rank 0
[2016/2/3 - 10:02:33] Boss Togan set Mafia Winter rank from 6 to 1 in §Family§Boss§Killer§Trùm§.
[2016/2/3 - 10:07:12] Winx Hoang has quit §Family§Boss§Killer§Trùm§ as rank 0
[2016/2/3 - 10:17:58] Boss Togan invited Bill Yakuza to §Family§Boss§Killer§Trùm§.
[2016/2/3 - 10:25:29] Boss Togan invited phat HDD to §Family§Boss§Killer§Trùm§.
[2016/2/3 - 10:29:22] Boss Togan adjusted §Family§Boss§Trum§KhungBo§'s name to §Family§Boss§Trum§KhungBo§
[2016/2/3 - 10:34:29] Judy Won da di chuyen Judy Won den bo phan Team SatThu.
[2016/2/3 - 10:39:07] Boss Togan set Thien Nha rank from 1 to 3 in §Family§Boss§Trum§KhungBo§.
[2016/2/3 - 10:39:44] Sip Do invited xDragon John to §Family§Boss§Trum§KhungBo§.
[2016/2/3 - 10:39:59] Boss Togan set xDragon John rank from 0 to 6 in §Family§Boss§Trum§KhungBo§.
[2016/2/3 - 10:42:14] Boss Togan set Mafia Winter rank from 1 to 6 in §Family§Boss§Trum§KhungBo§.
[2016/2/3 - 10:43:22] Boss Togan invited Duy Lan to §Family§Boss§Trum§KhungBo§.
[2016/2/3 - 10:43:25] Boss Togan invited Nguyen Bon to §Family§Boss§Trum§KhungBo§.
[2016/2/3 - 10:43:40] Boss Togan set Nguyen Bon rank from 0 to 6 in §Family§Boss§Trum§KhungBo§.
[2016/2/3 - 10:45:38] Judy Won invited khanh nhoz to §Family§Boss§Trum§KhungBo§.
[2016/2/3 - 10:58:29] Nguyen Ngoc Tram invited Moster Giang to §Family§Boss§Trum§KhungBo§.
[2016/2/3 - 11:05:19] Boss Togan invited Avengers Nghia to §Family§Boss§Trum§KhungBo§.
[2016/2/3 - 11:07:43] Mafia Winter set Mafia Winter rank from 6 to 1 in §Family§Boss§Trum§KhungBo§.
[2016/2/3 - 11:08:30] Nguyen Ngoc Tram da di chuyen xDragon John den bo phan Team Boss.
[2016/2/3 - 11:08:30] xDragon John set Mafia Winter rank from 1 to 5 in §Family§Boss§Trum§KhungBo§.
[2016/2/3 - 11:08:35] xDragon John set Mafia Winter rank from 5 to 6 in §Family§Boss§Trum§KhungBo§.
[2016/2/3 - 11:10:26] Boss Togan invited Ti Quays to §Family§Boss§Trum§KhungBo§.
[2016/2/3 - 11:11:52] Moster Giang has quit §Family§Boss§Trum§KhungBo§ as rank 0
[2016/2/3 - 11:13:54] Mafia Winter set khanh nhoz rank from 0 to 5 in §Family§Boss§Trum§KhungBo§.
[2016/2/3 - 11:14:25] xDragon John set khanh nhoz rank from 5 to 6 in §Family§Boss§Trum§KhungBo§.
[2016/2/3 - 11:15:01] xDragon John set Avengers Nghia rank from 0 to 5 in §Family§Boss§Trum§KhungBo§.
[2016/2/3 - 11:42:16] Judy Won set Mafia Winter rank from 6 to 5 in §Family§Boss§Trum§KhungBo§.
[2016/2/3 - 11:49:04] xDragon John invited Huys Doremon to §Family§Boss§Trum§KhungBo§.
[2016/2/3 - 11:49:36] xDragon John set Huys Doremon rank from 0 to 3 in §Family§Boss§Trum§KhungBo§.
[2016/2/3 - 11:50:08] xDragon John set Huys Doremon rank from 3 to 3 in §Family§Boss§Trum§KhungBo§.
[2016/2/3 - 11:50:09] xDragon John set Huys Doremon rank from 3 to 3 in §Family§Boss§Trum§KhungBo§.
[2016/2/3 - 11:50:09] xDragon John set Huys Doremon rank from 3 to 3 in §Family§Boss§Trum§KhungBo§.
[2016/2/3 - 11:52:27] xDragon John set Mafia Winter rank from 5 to 6 in §Family§Boss§Trum§KhungBo§.
[2016/2/3 - 13:02:42] Nguyen Ngoc Tram da di chuyen Thien Nha den bo phan Team KillRent.
[2016/2/3 - 14:12:59] Nguyen Ngoc Tram da di chuyen Judy Won den bo phan Team Boss.
[2016/2/3 - 14:16:56] Judy Won set khanh nhoz rank from 6 to 5 in §Family§Boss§Trum§KhungBo§.
[2016/2/3 - 14:29:22] Judy Won has quit §Family§Boss§Trum§KhungBo§ as rank 6
[2016/2/3 - 15:06:24] khanh nhoz has quit §Family§Boss§Trum§KhungBo§ as rank 5
[2016/2/3 - 16:08:33] Huys Doremon has quit §Family§Boss§Trum§KhungBo§ as rank 3
[2016/2/3 - 17:54:31] Nguyen Bon set Nguyen Ngoc Tram rank from 6 to 6 in §Family§Boss§Trum§KhungBo§.
[2016/2/3 - 17:54:32] Nguyen Bon set Nguyen Ngoc Tram rank from 6 to 6 in §Family§Boss§Trum§KhungBo§.
[2016/2/3 - 17:54:32] Nguyen Bon set Nguyen Ngoc Tram rank from 6 to 6 in §Family§Boss§Trum§KhungBo§.
[2016/2/3 - 17:54:33] Nguyen Bon set Nguyen Ngoc Tram rank from 6 to 6 in §Family§Boss§Trum§KhungBo§.
[2016/2/3 - 17:54:33] Nguyen Bon set Nguyen Ngoc Tram rank from 6 to 6 in §Family§Boss§Trum§KhungBo§.
[2016/2/3 - 17:54:33] Nguyen Bon set Nguyen Ngoc Tram rank from 6 to 6 in §Family§Boss§Trum§KhungBo§.
[2016/2/3 - 17:59:34] Nguyen Bon invited An Beo to §Family§Boss§Trum§KhungBo§.
[2016/2/3 - 17:59:43] Nguyen Bon uninvited An Beo from §Family§Boss§Trum§KhungBo§.
[2016/2/3 - 18:02:00] Nguyen Ngoc Tram invited An Beo to §Family§Boss§Trum§KhungBo§.
[2016/2/3 - 18:10:07] Nguyen Bon invited Be Vy to §Family§Boss§Trum§KhungBo§.
[2016/2/3 - 18:10:42] Nguyen Ngoc Tram da di chuyen An Beo den bo phan Team SatThu.
[2016/2/3 - 18:17:01] Boss Togan invited EVO Shark to §Family§Boss§Trum§KhungBo§.
[2016/2/3 - 18:17:45] Boss Togan invited EVO Shark to §Family§Boss§Trum§KhungBo§.
[2016/2/3 - 18:29:33] Nguyen Bon has quit §Family§Boss§Trum§KhungBo§ as rank 6
[2016/2/3 - 20:17:44] Nguyen Ngoc Tram has quit §Family§Boss§Trum§KhungBo§ as rank 6
[2016/2/3 - 20:34:27] Sip Do invited Nguyen Ngoc Tram to §Family§Boss§Trum§KhungBo§.
[2016/2/3 - 20:34:34] Sip Do set Nguyen Ngoc Tram rank from 0 to 6 in §Family§Boss§Trum§KhungBo§.
[2016/2/3 - 20:34:41] Nguyen Ngoc Tram da di chuyen Nguyen Ngoc Tram den bo phan Team Boss.
[2016/2/3 - 20:49:46] Sip Do invited Jack Grap to §Family§Boss§Trum§KhungBo§.
[2016/2/3 - 20:50:15] Sip Do set Jack Grap rank from 0 to 4 in §Family§Boss§Trum§KhungBo§.
[2016/2/3 - 20:50:38] xDragon John set Jack Grap rank from 4 to 6 in §Family§Boss§Trum§KhungBo§.
[2016/2/3 - 20:55:08] Jack Grap adjusted §Family§Boss§Trum§KhungBo§'s MOTD (slot 3) to 1
[2016/2/3 - 20:56:06] Sip Do da di chuyen Jack Grap den bo phan Team SatThu.
[2016/2/3 - 20:56:07] Sip Do da di chuyen Jack Grap den bo phan Team KillRent.
[2016/2/3 - 20:56:09] Sip Do da di chuyen Jack Grap den bo phan Lao Ca.
[2016/2/3 - 20:56:10] Sip Do da di chuyen Jack Grap den bo phan Team Boss.
