[2016/2/5 - 8:04:42] Nguyen Ngoc Tram invited Monkey.D Luffy to §Family§Boss§Trùm§KhungBo§.
[2016/2/5 - 8:05:46] Avengers Nghia has quit §Family§Boss§Trùm§KhungBo§ as rank 0
[2016/2/5 - 8:13:30] Bay Stone uninvited Mafia Winter from §Family§Boss§Trùm§KhungBo§.
[2016/2/5 - 8:25:04] Bay Stone invited Nguyen Bon to §Family§Boss§Trùm§KhungBo§.
[2016/2/5 - 8:27:21] Bay Stone uninvited Nguyen Bon from §Family§Boss§Trùm§KhungBo§.
[2016/2/5 - 8:43:19] xBoss Toganx invited Avengers Nghia to §Family§Boss§Trùm§KhungBo§.
[2016/2/5 - 8:43:47] xBoss Toganx set Avengers Nghia rank from 0 to 5 in §Family§Boss§Trùm§KhungBo§.
[2016/2/5 - 14:31:05] Hidan Cerberus has quit §Family§Boss§Trùm§KhungBo§ as rank 0
[2016/2/5 - 15:30:05] Bay Stone has quit §Family§Boss§Trùm§KhungBo§ as rank 6
[2016/2/5 - 16:30:53] xBoss Toganx invited Darcy Bradley to §Family§Boss§Trùm§KhungBo§.
[2016/2/5 - 16:31:17] Avengers Nghia set Darcy Bradley rank from 0 to 3 in §Family§Boss§Trùm§KhungBo§.
[2016/2/5 - 16:40:30] xBoss Toganx set Robbie Williams rank from 0 to 5 in §Family§Boss§Trùm§KhungBo§.
[2016/2/5 - 17:16:26] xBoss Toganx invited OngTrum Mafia to §Family§Boss§Trùm§KhungBo§.
[2016/2/5 - 17:47:08] Robbie Williams invited King Thien to §Family§Boss§Trùm§KhungBo§.
[2016/2/5 - 18:40:33] xBoss Toganx invited Carl Johnson to §Family§Boss§Trùm§KhungBo§.
[2016/2/5 - 19:10:44] xBoss Toganx has quit §Family§Boss§Trùm§KhungBo§ as rank 6
[2016/2/5 - 19:11:02] Nguyen Ngoc Tram invited xBoss Toganx to §Family§Boss§Trùm§KhungBo§.
[2016/2/5 - 19:27:10] xBoss Duy invited TamHoang Ballas to §Family§Boss§Trùm§KhungBo§.
[2016/2/5 - 20:03:52] Nguyen Ngoc Tram invited xBoss Toganx to §Family§Boss§Trùm§KhungBo§.
[2016/2/5 - 20:03:59] Nguyen Ngoc Tram set xBoss Toganx rank from 0 to 6 in §Family§Boss§Trùm§KhungBo§.
[2016/2/5 - 20:04:20] xBoss Toganx da di chuyen xBoss Toganx den bo phan §Boss Team§.
[2016/2/5 - 20:07:21] Darcy Bradley has quit §Family§Boss§Trùm§KhungBo§ as rank 3
[2016/2/5 - 20:26:30] MonKey.D Luffy has quit §Family§Boss§Trùm§KhungBo§ as rank 0
[2016/2/5 - 20:54:06] Bon Star has quit §Family§Boss§Trùm§KhungBo§ as rank 0
[2016/2/5 - 21:06:44] TamHoang Ballas has quit §Family§Boss§Trùm§KhungBo§ as rank 0
