[2016/2/6 - 10:19:40] Nguyen Ngoc Tram invited Park Soeng Hip to §Family§Boss§Trùm§KhungBo§.
[2016/2/6 - 10:27:13] xBoss Toganx invited Huys Doremon to §Family§Boss§Trùm§KhungBo§.
[2016/2/6 - 10:28:36] xBoss Toganx set Huys Doremon rank from 0 to 2 in §Family§Boss§Trùm§KhungBo§.
[2016/2/6 - 10:28:50] xBoss Toganx invited Doctor Sabo to §Family§Boss§Trùm§KhungBo§.
[2016/2/6 - 10:28:58] xBoss Toganx set Doctor Sabo rank from 0 to 6 in §Family§Boss§Trùm§KhungBo§.
[2016/2/6 - 10:34:31] xBoss Toganx invited akira tung to §Family§Boss§Trùm§KhungBo§.
[2016/2/6 - 10:40:11] xBoss Toganx da di chuyen Doctor Sabo den bo phan §Boss Team§.
[2016/2/6 - 10:54:16] xBoss Toganx invited NatHan eRwIn to §Family§Boss§Trùm§KhungBo§.
[2016/2/6 - 10:54:44] xBoss Toganx set NatHan eRwIn rank from 0 to 5 in §Family§Boss§Trùm§KhungBo§.
[2016/2/6 - 10:54:48] xBoss Toganx invited Thanh Mafia to §Family§Boss§Trùm§KhungBo§.
[2016/2/6 - 10:58:21] xBoss Toganx invited Red Dragon to §Family§Boss§Trùm§KhungBo§.
[2016/2/6 - 10:58:31] xBoss Toganx set Red Dragon rank from 0 to 6 in §Family§Boss§Trùm§KhungBo§.
[2016/2/6 - 10:59:26] xBoss Toganx invited Inter Huy to §Family§Boss§Trùm§KhungBo§.
[2016/2/6 - 11:01:21] xBoss Toganx da di chuyen Red Dragon den bo phan §Boss Team§.
[2016/2/6 - 11:04:37] Inter Huy has quit §Family§Boss§Trùm§KhungBo§ as rank 0
[2016/2/6 - 11:37:29] xBoss Toganx invited Charlie Puth to §Family§Boss§Trùm§KhungBo§.
[2016/2/6 - 11:45:17] xBoss Toganx set Charlie Puth rank from 0 to 5 in §Family§Boss§Trùm§KhungBo§.
[2016/2/6 - 12:44:26] xBoss Toganx invited Kevil phuc to §Family§Boss§Trùm§KhungBo§.
[2016/2/6 - 13:33:08] Thang Ta has quit §Family§Boss§Trùm§KhungBo§ as rank 3
[2016/2/6 - 16:06:28] Nguyen Ngoc Tram invited thach huy to §Family§Boss§Trùm§KhungBo§.
[2016/2/6 - 16:08:07] Nguyen Ngoc Tram invited thach huy to §Family§Boss§Trùm§KhungBo§.
[2016/2/6 - 17:00:50] xBoss Toganx invited xBoss Vyx to §Family§Boss§Trùm§KhungBo§.
[2016/2/6 - 17:04:28] xBoss Toganx invited xBoss Vyx to §Family§Boss§Trùm§KhungBo§.
[2016/2/6 - 17:04:47] xBoss Toganx set xBoss Vyx rank from 0 to 6 in §Family§Boss§Trùm§KhungBo§.
[2016/2/6 - 17:05:34] xBoss Toganx da di chuyen xBoss Vyx den bo phan §Boss Team§.
[2016/2/6 - 17:16:13] xBoss Toganx set thach huy rank from 0 to 3 in §Family§Boss§Trùm§KhungBo§.
[2016/2/6 - 17:57:32] Nguyen Ngoc Tram invited Kelvin Jonhson to §Family§Boss§Trùm§KhungBo§.
[2016/2/6 - 17:57:34] xBoss Toganx invited Kelvin Jonhson to §Family§Boss§Trùm§KhungBo§.
[2016/2/6 - 18:00:05] xBoss Toganx set Kelvin Jonhson rank from 0 to 4 in §Family§Boss§Trùm§KhungBo§.
[2016/2/6 - 18:03:52] xBoss Toganx set Robbie Williams rank from 5 to 6 in §Family§Boss§Trùm§KhungBo§.
[2016/2/6 - 18:04:03] xBoss Toganx da di chuyen Robbie Williams den bo phan §Boss Team§.
[2016/2/6 - 18:05:27] xBoss Toganx invited xBoss Titggox to §Family§Boss§Trùm§KhungBo§.
[2016/2/6 - 18:05:52] xBoss Toganx invited Boti Bots to §Family§Boss§Trùm§KhungBo§.
[2016/2/6 - 18:09:41] xBoss Toganx adjusted §Family§Boss§IS§Trùm§'s name to §Family§Boss§IS§Trùm§
[2016/2/6 - 18:21:54] xBoss Toganx set Kelvin Jonhson rank from 4 to 5 in §Family§Boss§IS§Trùm§.
[2016/2/6 - 18:25:47] xBoss Toganx invited Kelvin Stars to §Family§Boss§IS§Trùm§.
[2016/2/6 - 18:26:51] xBoss Toganx adjusted §Family§Boss§Trùm§IS§KhungBo§'s name to §Family§Boss§Trùm§IS§KhungBo§
[2016/2/6 - 18:32:26] xBoss Toganx da di chuyen Kelvin Jonhson den bo phan §Boss Team§.
[2016/2/6 - 18:40:04] xBoss Toganx invited Kelvin Kute to §Family§Boss§Trùm§IS§KhungBo§.
[2016/2/6 - 18:46:17] xBoss Toganx set xBoss Kute rank from 0 to 5 in §Family§Boss§Trùm§IS§KhungBo§.
[2016/2/6 - 18:48:07] xBoss Toganx da di chuyen xBoss Kute den bo phan §Boss Team§.
[2016/2/6 - 18:48:14] xBoss Toganx set xBoss Kute rank from 5 to 6 in §Family§Boss§Trùm§IS§KhungBo§.
[2016/2/6 - 18:48:17] xBoss Toganx set xBoss Ku rank from 5 to 6 in §Family§Boss§Trùm§IS§KhungBo§.
[2016/2/6 - 18:49:57] xBoss Toganx adjusted §Family§Boss§Trùm§IS§KhungBo§'s division 4 to §Boss SatThu§
[2016/2/6 - 19:22:11] xBoss Kute set thach huy rank from 3 to 1 in §Family§Boss§Trùm§IS§KhungBo§.
[2016/2/6 - 19:22:18] xBoss Kute set thach huy rank from 1 to 6 in §Family§Boss§Trùm§IS§KhungBo§.
[2016/2/6 - 19:22:20] xBoss Kute set thach huy rank from 6 to 5 in §Family§Boss§Trùm§IS§KhungBo§.
[2016/2/6 - 19:22:22] xBoss Kute set thach huy rank from 5 to 3 in §Family§Boss§Trùm§IS§KhungBo§.
[2016/2/6 - 19:33:57] xBoss Kute invited huy ngoan to §Family§Boss§Trùm§IS§KhungBo§.
[2016/2/6 - 19:42:24] xBoss Ku invited huy ngoan to §Family§Boss§Trùm§IS§KhungBo§.
[2016/2/6 - 19:50:14] xBoss Kute set thach huy rank from 3 to 1 in §Family§Boss§Trùm§IS§KhungBo§.
[2016/2/6 - 19:50:55] Robbie Williams set thach huy rank from 1 to 3 in §Family§Boss§Trùm§IS§KhungBo§.
[2016/2/6 - 20:02:30] xBoss Kute invited Phap SiuNhon to §Family§Boss§Trùm§IS§KhungBo§.
[2016/2/6 - 20:02:47] xBoss Kute set Phap SiuNhon rank from 0 to 3 in §Family§Boss§Trùm§IS§KhungBo§.
[2016/2/6 - 20:05:09] xBoss Toganx set Phap SiuNhon rank from 3 to 6 in §Family§Boss§Trùm§IS§KhungBo§.
[2016/2/6 - 20:05:13] xBoss Toganx da di chuyen Phap SiuNhon den bo phan §Boss SatThu§.
[2016/2/6 - 20:07:48] Phap SiuNhon da di chuyen Phap SiuNhon den bo phan Linh Moi.
[2016/2/6 - 20:07:49] Phap SiuNhon da di chuyen Phap SiuNhon den bo phan Dan Anh.
[2016/2/6 - 20:07:52] Phap SiuNhon da di chuyen Phap SiuNhon den bo phan §Team SatThu§.
[2016/2/6 - 20:07:54] Phap SiuNhon da di chuyen Phap SiuNhon den bo phan §Boss SatThu§.
[2016/2/6 - 20:17:51] xBoss Toganx invited Kim Joon to §Family§Boss§Trùm§IS§KhungBo§.
[2016/2/6 - 20:18:44] xBoss Toganx adjusted §Family§Boss§Trùm§IS§KhungBo§'s division 1 to §Team Tiger§
[2016/2/6 - 20:19:10] xBoss Toganx adjusted §Family§Boss§Trùm§IS§KhungBo§'s division 2 to §Team Biet Kic
[2016/2/6 - 20:19:21] xBoss Toganx adjusted §Family§Boss§Trùm§IS§KhungBo§'s division 3 to §Team SatThu§
[2016/2/6 - 20:19:30] xBoss Toganx adjusted §Family§Boss§Trùm§IS§KhungBo§'s division 4 to §Team Boss§
