[2016/2/4 - 8:06:20] Mafia Winter invited Nguyen Ngoc Tram to None.
[2016/2/4 - 8:23:01] Boss Togan has quit None as rank 6
[2016/2/4 - 8:25:40] Boss Togan adjusted §Family§Boss§Trùm§KhungBo§'s name to §Family§Boss§Trùm§KhungBo§
[2016/2/4 - 8:25:48] Boss Togan invited Nguyen Ngoc Tram to §Family§Boss§Trùm§KhungBo§.
[2016/2/4 - 8:26:36] Boss Togan set Nguyen Ngoc Tram rank from 0 to 6 in §Family§Boss§Trùm§KhungBo§.
[2016/2/4 - 8:28:00] Boss Togan invited Bay Stone to §Family§Boss§Trùm§KhungBo§.
[2016/2/4 - 8:28:10] Boss Togan set Bay Stone rank from 0 to 6 in §Family§Boss§Trùm§KhungBo§.
[2016/2/4 - 8:40:49] Boss Togan invited xDragon Duy to §Family§Boss§Trùm§KhungBo§.
[2016/2/4 - 8:41:33] Boss Togan invited Winx Hoang to §Family§Boss§Trùm§KhungBo§.
[2016/2/4 - 9:02:19] xBoss Toganx invited Super Bon to §Family§Boss§Trùm§KhungBo§.
[2016/2/4 - 9:03:35] Jack Grap set xBoss Toganx rank from 6 to 1 in §Family§Boss§Trùm§KhungBo§.
[2016/2/4 - 9:03:44] Jack Grap set xBoss Toganx rank from 1 to 6 in §Family§Boss§Trùm§KhungBo§.
[2016/2/4 - 9:03:57] Jack Grap has quit §Family§Boss§Trùm§KhungBo§ as rank 6
[2016/2/4 - 9:04:42] xBoss Toganx invited SG Hades to §Family§Boss§Trùm§KhungBo§.
[2016/2/4 - 9:09:26] Avengers Nghia has quit §Family§Boss§Trùm§KhungBo§ as rank 5
[2016/2/4 - 9:10:48] Winx Hoang has quit §Family§Boss§Trùm§KhungBo§ as rank 0
[2016/2/4 - 9:12:42] Nguyen Ngoc Tram set xBoss Toganx rank from 6 to 5 in §Family§Boss§Trùm§KhungBo§.
[2016/2/4 - 9:13:19] Nguyen Ngoc Tram set xBoss Toganx rank from 5 to 6 in §Family§Boss§Trùm§KhungBo§.
[2016/2/4 - 9:15:36] xBoss Toganx set xBoss Duy rank from 0 to 3 in §Family§Boss§Trùm§KhungBo§.
[2016/2/4 - 10:11:53] Nguyen Ngoc Tram invited xDragon Kute to §Family§Boss§Trùm§KhungBo§.
[2016/2/4 - 10:20:24] Mafia Winter set xDragon Kute rank from 0 to 5 in §Family§Boss§Trùm§KhungBo§.
[2016/2/4 - 10:23:19] xDragon Kute set xBoss Duy rank from 3 to 3 in §Family§Boss§Trùm§KhungBo§.
[2016/2/4 - 10:23:22] xDragon Kute set xBoss Duy rank from 3 to 3 in §Family§Boss§Trùm§KhungBo§.
[2016/2/4 - 10:23:23] xDragon Kute set xBoss Duy rank from 3 to 3 in §Family§Boss§Trùm§KhungBo§.
[2016/2/4 - 10:23:24] xDragon Kute set xBoss Duy rank from 3 to 3 in §Family§Boss§Trùm§KhungBo§.
[2016/2/4 - 10:45:52] Nguyen Ngoc Tram invited Judy Won to §Family§Boss§Trùm§KhungBo§.
[2016/2/4 - 10:50:56] Nguyen Ngoc Tram set Judy Won rank from 0 to 6 in §Family§Boss§Trùm§KhungBo§.
[2016/2/4 - 11:15:20] Thien Nha has quit §Family§Boss§Trùm§KhungBo§ as rank 3
[2016/2/4 - 11:18:45] xDragon Kute invited Thien Nha to §Family§Boss§Trùm§KhungBo§.
[2016/2/4 - 11:18:52] xDragon Kute invited Thien Nha to §Family§Boss§Trùm§KhungBo§.
[2016/2/4 - 11:18:54] xDragon Kute invited Thien Nha to §Family§Boss§Trùm§KhungBo§.
[2016/2/4 - 11:18:54] xDragon Kute invited Thien Nha to §Family§Boss§Trùm§KhungBo§.
[2016/2/4 - 11:18:55] xDragon Kute invited Thien Nha to §Family§Boss§Trùm§KhungBo§.
[2016/2/4 - 11:19:33] Nguyen Ngoc Tram invited Park Soeng Hip to §Family§Boss§Trùm§KhungBo§.
[2016/2/4 - 11:19:46] xDragon Kute set Thien Nha rank from 0 to 5 in §Family§Boss§Trùm§KhungBo§.
[2016/2/4 - 11:19:48] xDragon Kute set Thien Nha rank from 5 to 1 in §Family§Boss§Trùm§KhungBo§.
[2016/2/4 - 11:19:50] xDragon Kute set Thien Nha rank from 1 to 0 in §Family§Boss§Trùm§KhungBo§.
[2016/2/4 - 11:19:57] xDragon Kute set Thien Nha rank from 0 to 5 in §Family§Boss§Trùm§KhungBo§.
[2016/2/4 - 11:19:59] xDragon Kute set Thien Nha rank from 5 to 1 in §Family§Boss§Trùm§KhungBo§.
[2016/2/4 - 11:20:01] xDragon Kute set Thien Nha rank from 1 to 0 in §Family§Boss§Trùm§KhungBo§.
[2016/2/4 - 11:20:05] Thien Nha has quit §Family§Boss§Trùm§KhungBo§ as rank 0
[2016/2/4 - 11:23:25] Nguyen Ngoc Tram invited Naruto.Yeu Hinata to §Family§Boss§Trùm§KhungBo§.
[2016/2/4 - 11:33:21] xDragon Kute invited Loi Long to §Family§Boss§Trùm§KhungBo§.
[2016/2/4 - 11:33:21] Bay Stone uninvited xDragon Kute from §Family§Boss§Trùm§KhungBo§.
[2016/2/4 - 11:35:42] Naruto.Yeu Hinata has quit §Family§Boss§Trùm§KhungBo§ as rank 0
[2016/2/4 - 12:29:00] Nguyen Ngoc Tram da di chuyen Nguyen Ngoc Tram den bo phan None.
[2016/2/4 - 12:38:11] Judy Won invited Vu Vit to §Family§Boss§Trùm§KhungBo§.
[2016/2/4 - 13:26:18] Bay Stone invited Be Ha to §Family§Boss§Trùm§KhungBo§.
[2016/2/4 - 13:26:44] Bay Stone uninvited Be Ha from §Family§Boss§Trùm§KhungBo§.
[2016/2/4 - 13:27:14] Bay Stone invited Be Ha to §Family§Boss§Trùm§KhungBo§.
[2016/2/4 - 13:41:48] Nguyen Ngoc Tram invited Avengers Nghia to §Family§Boss§Trùm§KhungBo§.
[2016/2/4 - 14:02:05] Judy Won set Mafia Winter rank from 6 to 5 in §Family§Boss§Trùm§KhungBo§.
[2016/2/4 - 14:13:28] Nathan Erwin has quit §Family§Boss§Trùm§KhungBo§ as rank 3
[2016/2/4 - 15:42:10] phat HDD has quit §Family§Boss§Trùm§KhungBo§ as rank 0
[2016/2/4 - 17:20:05] Bay Stone adjusted §Family§Boss§Trùm§KhungBo§'s MOTD (slot 2) to chuc Team nam moi vui ve Nhe :))
[2016/2/4 - 17:21:03] Bay Stone adjusted §Family§Boss§Trùm§KhungBo§'s division 3 to d
[2016/2/4 - 17:23:42] Bay Stone adjusted §Family§Boss§Trùm§KhungBo§'s division 0 to Linh Moi
[2016/2/4 - 17:23:51] Bay Stone adjusted §Family§Boss§Trùm§KhungBo§'s division 1 to Dan Em
[2016/2/4 - 17:24:00] Bay Stone adjusted §Family§Boss§Trùm§KhungBo§'s division 2 to Dan Anh
[2016/2/4 - 17:24:11] Bay Stone adjusted §Family§Boss§Trùm§KhungBo§'s division 3 to Dan Choi
[2016/2/4 - 17:24:25] Bay Stone adjusted §Family§Boss§Trùm§KhungBo§'s division 4 to Quan Ly
[2016/2/4 - 17:25:19] Bay Stone adjusted §Family§Boss§Trùm§KhungBo§'s division 0 to Dai Ca
[2016/2/4 - 17:25:33] Bay Stone adjusted §Family§Boss§Trùm§KhungBo§'s division 1 to Linh Moi
[2016/2/4 - 17:25:39] xBoss Toganx adjusted §Family§Boss§Trùm§KhungBo§'s division 4 to §Boss Team§
[2016/2/4 - 17:25:56] Bay Stone adjusted §Family§Boss§Trùm§KhungBo§'s division 3 to Dan Anh
[2016/2/4 - 17:26:19] xBoss Toganx da di chuyen xBoss Toganx den bo phan §Boss Team§.
[2016/2/4 - 17:26:31] xBoss Toganx set xBoss Duy rank from 3 to 5 in §Family§Boss§Trùm§KhungBo§.
[2016/2/4 - 17:27:05] xBoss Toganx adjusted §Family§Boss§Trùm§KhungBo§'s division 3 to §Team SatThu§
[2016/2/4 - 17:27:52] xBoss Toganx set An Beo rank from 0 to 4 in §Family§Boss§Trùm§KhungBo§.
[2016/2/4 - 17:28:49] xBoss Toganx set SG Hades rank from 0 to 6 in §Family§Boss§Trùm§KhungBo§.
[2016/2/4 - 17:53:54] xBoss Toganx invited Robbie Williams to §Family§Boss§Trùm§KhungBo§.
[2016/2/4 - 17:53:55] xBoss Toganx invited Tran Thuy Hoang to §Family§Boss§Trùm§KhungBo§.
[2016/2/4 - 17:58:51] xBoss Toganx set Tran Thuy Hoang rank from 0 to 6 in §Family§Boss§Trùm§KhungBo§.
[2016/2/4 - 18:00:24] Tran Thuy Hoang da di chuyen Tran Thuy Hoang den bo phan §Boss Team§.
[2016/2/4 - 18:03:40] xBoss Toganx da di chuyen SG Hades den bo phan §Boss Team§.
[2016/2/4 - 18:21:54] xBoss Toganx invited Kiet Fujiku to §Family§Boss§Trùm§KhungBo§.
[2016/2/4 - 18:44:07] xBoss Toganx invited Will Stun to §Family§Boss§Trùm§KhungBo§.
[2016/2/4 - 18:58:06] Micheal Bradley has quit §Family§Boss§Trùm§KhungBo§ as rank 0
