[2016/2/2 - 0:00:36] The faction vault is at $46,325,473
[2016/2/2 - 0:00:36] SA Gov Paid $145,000 to LSPD budget fund.
[2016/2/2 - 1:00:56] The faction vault is at $46,470,473
[2016/2/2 - 1:00:56] SA Gov Paid $145,000 to LSPD budget fund.
[2016/2/2 - 2:00:48] The faction vault is at $46,615,473
[2016/2/2 - 2:00:48] SA Gov Paid $145,000 to LSPD budget fund.
[2016/2/2 - 3:00:19] The faction vault is at $46,760,473
[2016/2/2 - 3:00:19] SA Gov Paid $145,000 to LSPD budget fund.
[2016/2/2 - 4:01:03] The faction vault is at $46,905,473
[2016/2/2 - 4:01:04] SA Gov Paid $145,000 to LSPD budget fund.
[2016/2/2 - 5:00:25] The faction vault is at $47,050,473
[2016/2/2 - 5:00:25] SA Gov Paid $145,000 to LSPD budget fund.
[2016/2/2 - 6:00:49] The faction vault is at $47,195,473
[2016/2/2 - 6:00:49] SA Gov Paid $145,000 to LSPD budget fund.
[2016/2/2 - 7:00:22] The faction vault is at $47,340,473
[2016/2/2 - 7:00:22] SA Gov Paid $145,000 to LSPD budget fund.
[2016/2/2 - 8:01:00] The faction vault is at $47,485,473
[2016/2/2 - 8:01:00] SA Gov Paid $145,000 to LSPD budget fund.
[2016/2/2 - 9:00:40] The faction vault is at $47,630,473
[2016/2/2 - 9:00:40] SA Gov Paid $145,000 to LSPD budget fund.
[2016/2/2 - 10:00:37] The faction vault is at $47,775,473
[2016/2/2 - 10:00:37] SA Gov Paid $145,000 to LSPD budget fund.
[2016/2/2 - 10:00:37] Vehicle ID 464 (Slot ID 0) Maintainence fee cost $0 to LSPD's budget fund.
[2016/2/2 - 11:00:35] The faction vault is at $47,920,473
[2016/2/2 - 11:00:35] SA Gov Paid $145,000 to LSPD budget fund.
[2016/2/2 - 12:00:26] The faction vault is at $48,065,473
[2016/2/2 - 12:00:26] SA Gov Paid $145,000 to LSPD budget fund.
[2016/2/2 - 13:00:21] The faction vault is at $48,210,473
[2016/2/2 - 13:00:21] SA Gov Paid $145,000 to LSPD budget fund.
[2016/2/2 - 14:00:35] The faction vault is at $48,355,473
[2016/2/2 - 14:00:35] SA Gov Paid $145,000 to LSPD budget fund.
[2016/2/2 - 15:00:37] The faction vault is at $48,500,473
[2016/2/2 - 15:00:37] SA Gov Paid $145,000 to LSPD budget fund.
[2016/2/2 - 15:05:59] David Vila took a Teargas out of the LSPD locker at a cost of 1 HG Materials.
[2016/2/2 - 15:07:23] David Vila took a vest for their car out of the LSPD locker at a personal cost of $3,000.
[2016/2/2 - 15:07:27] David Vila took a vest out of the LSPD locker at a personal cost of $2,500.
[2016/2/2 - 15:20:14] Quang TRung took a vest out of the LSPD locker at a personal cost of $2,500.
[2016/2/2 - 15:20:16] Quang TRung took a vest for their car out of the LSPD locker at a personal cost of $3,000.
[2016/2/2 - 16:00:58] The faction vault is at $48,645,473
[2016/2/2 - 16:00:59] SA Gov Paid $145,000 to LSPD budget fund.
[2016/2/2 - 17:00:33] The faction vault is at $48,790,473
[2016/2/2 - 17:00:33] SA Gov Paid $145,000 to LSPD budget fund.
[2016/2/2 - 18:00:50] The faction vault is at $48,935,473
[2016/2/2 - 18:00:50] SA Gov Paid $145,000 to LSPD budget fund.
[2016/2/2 - 19:00:06] The faction vault is at $49,080,473
[2016/2/2 - 19:00:06] SA Gov Paid $145,000 to LSPD budget fund.
[2016/2/2 - 20:00:33] The faction vault is at $49,225,473
[2016/2/2 - 20:00:33] SA Gov Paid $145,000 to LSPD budget fund.
[2016/2/2 - 21:00:00] The faction vault is at $49,370,473
[2016/2/2 - 21:00:00] SA Gov Paid $145,000 to LSPD budget fund.
[2016/2/2 - 22:00:24] The faction vault is at $49,515,473
[2016/2/2 - 22:00:24] SA Gov Paid $145,000 to LSPD budget fund.
[2016/2/2 - 23:00:26] The faction vault is at $49,660,473
[2016/2/2 - 23:00:26] SA Gov Paid $145,000 to LSPD budget fund.
