[2016/2/3 - 0:00:01] The faction vault is at $49,805,473
[2016/2/3 - 0:00:01] SA Gov Paid $145,000 to LSPD budget fund.
[2016/2/3 - 1:00:56] The faction vault is at $49,950,473
[2016/2/3 - 1:00:56] SA Gov Paid $145,000 to LSPD budget fund.
[2016/2/3 - 3:00:40] The faction vault is at $50,095,473
[2016/2/3 - 3:00:40] SA Gov Paid $145,000 to LSPD budget fund.
[2016/2/3 - 4:00:13] The faction vault is at $50,240,473
[2016/2/3 - 4:00:18] SA Gov Paid $145,000 to LSPD budget fund.
[2016/2/3 - 5:00:52] The faction vault is at $50,385,473
[2016/2/3 - 5:00:52] SA Gov Paid $145,000 to LSPD budget fund.
[2016/2/3 - 6:00:15] The faction vault is at $50,530,473
[2016/2/3 - 6:00:15] SA Gov Paid $145,000 to LSPD budget fund.
[2016/2/3 - 7:00:02] The faction vault is at $50,675,473
[2016/2/3 - 7:00:02] SA Gov Paid $145,000 to LSPD budget fund.
[2016/2/3 - 8:00:30] The faction vault is at $50,820,473
[2016/2/3 - 8:00:30] SA Gov Paid $145,000 to LSPD budget fund.
[2016/2/3 - 9:01:03] The faction vault is at $50,965,473
[2016/2/3 - 9:01:03] SA Gov Paid $145,000 to LSPD budget fund.
[2016/2/3 - 10:01:00] The faction vault is at $51,110,473
[2016/2/3 - 10:01:00] SA Gov Paid $145,000 to LSPD budget fund.
[2016/2/3 - 10:27:33] Mia khung took a vest for their car out of the LSPD locker at a personal cost of $3,000.
[2016/2/3 - 11:00:55] The faction vault is at $51,255,473
[2016/2/3 - 11:00:55] SA Gov Paid $145,000 to LSPD budget fund.
[2016/2/3 - 11:54:21] Thinh Pro took a vest for their car out of the LSPD locker at a personal cost of $3,000.
[2016/2/3 - 11:54:24] Thinh Pro took a vest out of the LSPD locker at a personal cost of $2,500.
[2016/2/3 - 12:00:38] The faction vault is at $51,400,473
[2016/2/3 - 12:00:38] SA Gov Paid $145,000 to LSPD budget fund.
[2016/2/3 - 13:00:21] The faction vault is at $51,545,473
[2016/2/3 - 13:00:21] SA Gov Paid $145,000 to LSPD budget fund.
[2016/2/3 - 14:00:55] The faction vault is at $51,690,473
[2016/2/3 - 14:00:55] SA Gov Paid $145,000 to LSPD budget fund.
[2016/2/3 - 15:01:04] The faction vault is at $51,835,473
[2016/2/3 - 15:01:04] SA Gov Paid $145,000 to LSPD budget fund.
[2016/2/3 - 16:00:48] The faction vault is at $51,980,473
[2016/2/3 - 16:00:49] SA Gov Paid $145,000 to LSPD budget fund.
[2016/2/3 - 17:01:02] The faction vault is at $52,125,473
[2016/2/3 - 17:01:02] SA Gov Paid $145,000 to LSPD budget fund.
[2016/2/3 - 18:00:24] The faction vault is at $52,270,473
[2016/2/3 - 18:00:24] SA Gov Paid $145,000 to LSPD budget fund.
[2016/2/3 - 19:00:06] The faction vault is at $52,415,473
[2016/2/3 - 19:00:06] SA Gov Paid $145,000 to LSPD budget fund.
[2016/2/3 - 20:01:04] The faction vault is at $52,560,473
[2016/2/3 - 20:01:04] SA Gov Paid $145,000 to LSPD budget fund.
[2016/2/3 - 21:00:53] The faction vault is at $52,705,473
[2016/2/3 - 21:00:54] SA Gov Paid $145,000 to LSPD budget fund.
[2016/2/3 - 22:00:50] The faction vault is at $52,850,473
[2016/2/3 - 22:00:51] SA Gov Paid $145,000 to LSPD budget fund.
[2016/2/3 - 23:00:38] The faction vault is at $52,995,473
[2016/2/3 - 23:00:38] SA Gov Paid $145,000 to LSPD budget fund.
