[2016/2/4 - 0:00:41] The faction vault is at $53,140,473
[2016/2/4 - 0:00:41] SA Gov Paid $145,000 to LSPD budget fund.
[2016/2/4 - 1:00:05] The faction vault is at $53,285,473
[2016/2/4 - 1:00:05] SA Gov Paid $145,000 to LSPD budget fund.
[2016/2/4 - 2:00:02] The faction vault is at $53,430,473
[2016/2/4 - 2:00:02] SA Gov Paid $145,000 to LSPD budget fund.
[2016/2/4 - 3:00:03] The faction vault is at $53,575,473
[2016/2/4 - 3:00:03] SA Gov Paid $145,000 to LSPD budget fund.
[2016/2/4 - 4:00:39] The faction vault is at $53,720,473
[2016/2/4 - 4:00:39] SA Gov Paid $145,000 to LSPD budget fund.
[2016/2/4 - 5:00:13] The faction vault is at $53,865,473
[2016/2/4 - 5:00:13] SA Gov Paid $145,000 to LSPD budget fund.
[2016/2/4 - 6:00:45] The faction vault is at $54,010,473
[2016/2/4 - 6:00:45] SA Gov Paid $145,000 to LSPD budget fund.
[2016/2/4 - 7:00:30] The faction vault is at $54,155,473
[2016/2/4 - 7:00:30] SA Gov Paid $145,000 to LSPD budget fund.
[2016/2/4 - 8:00:08] The faction vault is at $54,300,473
[2016/2/4 - 8:00:08] SA Gov Paid $145,000 to LSPD budget fund.
[2016/2/4 - 9:01:08] The faction vault is at $54,445,473
[2016/2/4 - 9:01:08] SA Gov Paid $145,000 to LSPD budget fund.
[2016/2/4 - 10:00:36] The faction vault is at $54,590,473
[2016/2/4 - 10:00:37] SA Gov Paid $145,000 to LSPD budget fund.
[2016/2/4 - 11:00:41] The faction vault is at $54,735,473
[2016/2/4 - 11:00:41] SA Gov Paid $145,000 to LSPD budget fund.
[2016/2/4 - 11:40:32] Naruto.Yeu Hinata took a vest out of the LSPD locker at a personal cost of $2,500.
[2016/2/4 - 11:40:33] Naruto.Yeu Hinata took a vest for their car out of the LSPD locker at a personal cost of $3,000.
[2016/2/4 - 11:56:43] Dizz Nica took a vest out of the LSPD locker at a personal cost of $2,500.
[2016/2/4 - 11:56:45] Dizz Nica took a vest for their car out of the LSPD locker at a personal cost of $3,000.
[2016/2/4 - 11:57:19] Tuan Nguyen took a vest out of the LSPD locker at a personal cost of $2,500.
[2016/2/4 - 12:01:00] The faction vault is at $54,880,473
[2016/2/4 - 12:01:00] SA Gov Paid $145,000 to LSPD budget fund.
[2016/2/4 - 13:00:57] The faction vault is at $55,025,473
[2016/2/4 - 13:00:57] SA Gov Paid $145,000 to LSPD budget fund.
[2016/2/4 - 14:00:20] The faction vault is at $55,170,473
[2016/2/4 - 14:00:21] SA Gov Paid $145,000 to LSPD budget fund.
[2016/2/4 - 14:39:32] Naruto.Yeu Hinata took a vest out of the LSPD locker at a personal cost of $2,500.
[2016/2/4 - 14:39:34] Naruto.Yeu Hinata took a vest for their car out of the LSPD locker at a personal cost of $3,000.
[2016/2/4 - 15:00:20] The faction vault is at $55,315,473
[2016/2/4 - 15:00:21] SA Gov Paid $145,000 to LSPD budget fund.
[2016/2/4 - 16:00:21] The faction vault is at $55,460,473
[2016/2/4 - 16:00:21] SA Gov Paid $145,000 to LSPD budget fund.
[2016/2/4 - 17:00:56] The faction vault is at $55,605,473
[2016/2/4 - 17:00:57] SA Gov Paid $145,000 to LSPD budget fund.
[2016/2/4 - 18:01:03] The faction vault is at $55,750,473
[2016/2/4 - 18:01:03] SA Gov Paid $145,000 to LSPD budget fund.
[2016/2/4 - 19:00:04] The faction vault is at $55,895,473
[2016/2/4 - 19:00:04] SA Gov Paid $145,000 to LSPD budget fund.
[2016/2/4 - 20:00:10] The faction vault is at $56,040,473
[2016/2/4 - 20:00:10] SA Gov Paid $145,000 to LSPD budget fund.
[2016/2/4 - 21:00:13] The faction vault is at $56,185,473
[2016/2/4 - 21:00:13] SA Gov Paid $145,000 to LSPD budget fund.
[2016/2/4 - 22:00:04] The faction vault is at $56,330,473
[2016/2/4 - 22:00:04] SA Gov Paid $145,000 to LSPD budget fund.
[2016/2/4 - 23:00:52] The faction vault is at $56,475,473
[2016/2/4 - 23:00:52] SA Gov Paid $145,000 to LSPD budget fund.
