[2016/2/6 - 0:00:05] The faction vault is at $59,375,473
[2016/2/6 - 0:00:05] SA Gov Paid $145,000 to LSPD budget fund.
[2016/2/6 - 1:00:50] The faction vault is at $59,520,473
[2016/2/6 - 1:00:50] SA Gov Paid $145,000 to LSPD budget fund.
[2016/2/6 - 2:00:13] The faction vault is at $59,665,473
[2016/2/6 - 2:00:13] SA Gov Paid $145,000 to LSPD budget fund.
[2016/2/6 - 3:00:11] The faction vault is at $59,810,473
[2016/2/6 - 3:00:11] SA Gov Paid $145,000 to LSPD budget fund.
[2016/2/6 - 4:00:07] The faction vault is at $59,955,473
[2016/2/6 - 4:00:07] SA Gov Paid $145,000 to LSPD budget fund.
[2016/2/6 - 5:00:09] The faction vault is at $60,100,473
[2016/2/6 - 5:00:09] SA Gov Paid $145,000 to LSPD budget fund.
[2016/2/6 - 6:00:43] The faction vault is at $60,245,473
[2016/2/6 - 6:00:43] SA Gov Paid $145,000 to LSPD budget fund.
[2016/2/6 - 7:00:58] The faction vault is at $60,390,473
[2016/2/6 - 7:00:58] SA Gov Paid $145,000 to LSPD budget fund.
[2016/2/6 - 7:16:03] Legend Dat took a vest out of the LSPD locker at a personal cost of $2,500.
[2016/2/6 - 7:16:05] Legend Dat took a vest for their car out of the LSPD locker at a personal cost of $3,000.
[2016/2/6 - 7:34:20] Legend Dat took a vest out of the LSPD locker at a personal cost of $2,500.
[2016/2/6 - 8:00:01] The faction vault is at $60,535,473
[2016/2/6 - 8:00:01] SA Gov Paid $145,000 to LSPD budget fund.
[2016/2/6 - 8:47:22] Ethan Jockey took a vest for their car out of the LSPD locker at a personal cost of $3,000.
[2016/2/6 - 8:47:25] Ethan Jockey took a vest out of the LSPD locker at a personal cost of $2,500.
[2016/2/6 - 8:48:16] Tuan Nguyen took a vest out of the LSPD locker at a personal cost of $2,500.
[2016/2/6 - 8:48:19] Tuan Nguyen took a vest for their car out of the LSPD locker at a personal cost of $3,000.
[2016/2/6 - 9:00:21] Alex Ken took a vest for their car out of the LSPD locker at a personal cost of $3,000.
[2016/2/6 - 9:00:45] The faction vault is at $60,680,473
[2016/2/6 - 9:00:45] SA Gov Paid $145,000 to LSPD budget fund.
[2016/2/6 - 9:01:26] Legend Dat took a vest out of the LSPD locker at a personal cost of $2,500.
[2016/2/6 - 9:01:27] Legend Dat took a vest for their car out of the LSPD locker at a personal cost of $3,000.
[2016/2/6 - 9:02:14] Ethan Jockey took a vest out of the LSPD locker at a personal cost of $2,500.
[2016/2/6 - 9:15:25] Ethan Jockey took a vest for their car out of the LSPD locker at a personal cost of $3,000.
[2016/2/6 - 9:15:27] Ethan Jockey took a vest out of the LSPD locker at a personal cost of $2,500.
[2016/2/6 - 10:00:27] The faction vault is at $60,825,473
[2016/2/6 - 10:00:27] SA Gov Paid $145,000 to LSPD budget fund.
[2016/2/6 - 10:57:33] Legend Dat took a vest out of the LSPD locker at a personal cost of $2,500.
[2016/2/6 - 10:57:34] Legend Dat took a vest for their car out of the LSPD locker at a personal cost of $3,000.
[2016/2/6 - 11:00:03] The faction vault is at $60,970,473
[2016/2/6 - 11:00:03] SA Gov Paid $145,000 to LSPD budget fund.
[2016/2/6 - 11:31:34] Ethan Jockey took a vest for their car out of the LSPD locker at a personal cost of $3,000.
[2016/2/6 - 11:31:36] Ethan Jockey took a vest out of the LSPD locker at a personal cost of $2,500.
[2016/2/6 - 11:50:18] Ethan Jockey took a vest for their car out of the LSPD locker at a personal cost of $3,000.
[2016/2/6 - 11:50:19] Ethan Jockey took a vest out of the LSPD locker at a personal cost of $2,500.
[2016/2/6 - 12:00:04] The faction vault is at $61,115,473
[2016/2/6 - 12:00:04] SA Gov Paid $145,000 to LSPD budget fund.
[2016/2/6 - 12:07:05] MInh Duc took a vest for their car out of the LSPD locker at a personal cost of $3,000.
[2016/2/6 - 12:07:12] MInh Duc took a vest out of the LSPD locker at a personal cost of $2,500.
[2016/2/6 - 13:00:56] The faction vault is at $61,260,473
[2016/2/6 - 13:00:56] SA Gov Paid $145,000 to LSPD budget fund.
[2016/2/6 - 14:00:18] The faction vault is at $61,405,473
[2016/2/6 - 14:00:19] SA Gov Paid $145,000 to LSPD budget fund.
[2016/2/6 - 15:00:34] The faction vault is at $61,550,473
[2016/2/6 - 15:00:34] SA Gov Paid $145,000 to LSPD budget fund.
[2016/2/6 - 16:00:54] The faction vault is at $61,695,473
[2016/2/6 - 16:00:54] SA Gov Paid $145,000 to LSPD budget fund.
[2016/2/6 - 16:44:32] Ethan Jockey took a vest for their car out of the LSPD locker at a personal cost of $3,000.
[2016/2/6 - 16:44:34] Ethan Jockey took a vest out of the LSPD locker at a personal cost of $2,500.
[2016/2/6 - 17:00:34] The faction vault is at $61,840,473
[2016/2/6 - 17:00:34] SA Gov Paid $145,000 to LSPD budget fund.
[2016/2/6 - 18:00:25] The faction vault is at $61,985,473
[2016/2/6 - 18:00:26] SA Gov Paid $145,000 to LSPD budget fund.
[2016/2/6 - 19:00:17] The faction vault is at $62,130,473
[2016/2/6 - 19:00:17] SA Gov Paid $145,000 to LSPD budget fund.
[2016/2/6 - 19:16:28] Ethan Jockey took a vest for their car out of the LSPD locker at a personal cost of $3,000.
[2016/2/6 - 19:16:30] Ethan Jockey took a vest out of the LSPD locker at a personal cost of $2,500.
[2016/2/6 - 20:00:40] Ethan Jockey took a vest for their car out of the LSPD locker at a personal cost of $3,000.
[2016/2/6 - 20:00:42] Ethan Jockey took a vest out of the LSPD locker at a personal cost of $2,500.
[2016/2/6 - 20:00:43] The faction vault is at $62,275,473
[2016/2/6 - 20:00:43] SA Gov Paid $145,000 to LSPD budget fund.
[2016/2/6 - 20:05:00] Ethan Jockey took a vest out of the LSPD locker at a personal cost of $2,500.
[2016/2/6 - 20:29:56] Ethan Jockey took a vest for their car out of the LSPD locker at a personal cost of $3,000.
[2016/2/6 - 20:29:57] Ethan Jockey took a vest out of the LSPD locker at a personal cost of $2,500.
[2016/2/6 - 20:48:36] Ethan Jockey took a vest for their car out of the LSPD locker at a personal cost of $3,000.
[2016/2/6 - 20:48:38] Ethan Jockey took a vest out of the LSPD locker at a personal cost of $2,500.
[2016/2/6 - 21:01:01] The faction vault is at $62,420,473
[2016/2/6 - 21:01:01] SA Gov Paid $145,000 to LSPD budget fund.
[2016/2/6 - 21:18:23] Ethan Jockey took a vest for their car out of the LSPD locker at a personal cost of $3,000.
[2016/2/6 - 21:18:25] Ethan Jockey took a vest out of the LSPD locker at a personal cost of $2,500.
[2016/2/6 - 22:00:13] The faction vault is at $62,565,473
[2016/2/6 - 22:00:13] SA Gov Paid $145,000 to LSPD budget fund.
