[2016/2/7 - 0:01:01] The faction vault is at $62,710,473
[2016/2/7 - 0:01:01] SA Gov Paid $145,000 to LSPD budget fund.
[2016/2/7 - 1:00:13] The faction vault is at $62,855,473
[2016/2/7 - 1:00:13] SA Gov Paid $145,000 to LSPD budget fund.
[2016/2/7 - 2:00:29] The faction vault is at $63,000,473
[2016/2/7 - 2:00:29] SA Gov Paid $145,000 to LSPD budget fund.
[2016/2/7 - 3:01:02] The faction vault is at $63,145,473
[2016/2/7 - 3:01:02] SA Gov Paid $145,000 to LSPD budget fund.
[2016/2/7 - 4:00:13] The faction vault is at $63,290,473
[2016/2/7 - 4:00:13] SA Gov Paid $145,000 to LSPD budget fund.
[2016/2/7 - 5:00:52] The faction vault is at $63,435,473
[2016/2/7 - 5:00:52] SA Gov Paid $145,000 to LSPD budget fund.
[2016/2/7 - 6:00:33] The faction vault is at $63,580,473
[2016/2/7 - 6:00:33] SA Gov Paid $145,000 to LSPD budget fund.
[2016/2/7 - 7:00:22] The faction vault is at $63,725,473
[2016/2/7 - 7:00:22] SA Gov Paid $145,000 to LSPD budget fund.
[2016/2/7 - 8:00:32] The faction vault is at $63,870,473
[2016/2/7 - 8:00:32] SA Gov Paid $145,000 to LSPD budget fund.
[2016/2/7 - 9:00:17] The faction vault is at $64,015,473
[2016/2/7 - 9:00:17] SA Gov Paid $145,000 to LSPD budget fund.
[2016/2/7 - 10:00:04] The faction vault is at $64,160,473
[2016/2/7 - 10:00:04] SA Gov Paid $145,000 to LSPD budget fund.
[2016/2/7 - 10:21:52] Dizz Nica took a vest out of the LSPD locker at a personal cost of $2,500.
[2016/2/7 - 10:21:55] Dizz Nica took a vest for their car out of the LSPD locker at a personal cost of $3,000.
[2016/2/7 - 10:50:06] Dizz Nica took a vest for their car out of the LSPD locker at a personal cost of $3,000.
[2016/2/7 - 11:00:50] The faction vault is at $64,305,473
[2016/2/7 - 11:00:50] SA Gov Paid $145,000 to LSPD budget fund.
[2016/2/7 - 11:05:41] Mafia Xuyen has been arrested by Dizz Nica and fined $30000. $10000 has been sent to LSPD's budget fund.
[2016/2/7 - 12:00:30] The faction vault is at $64,460,473
[2016/2/7 - 12:00:30] SA Gov Paid $145,000 to LSPD budget fund.
[2016/2/7 - 13:00:01] The faction vault is at $64,605,473
[2016/2/7 - 13:00:01] SA Gov Paid $145,000 to LSPD budget fund.
[2016/2/7 - 13:09:17] Ghost Hunter took a vest for their car out of the LSPD locker at a personal cost of $3,000.
[2016/2/7 - 13:09:18] Ghost Hunter took a vest out of the LSPD locker at a personal cost of $2,500.
[2016/2/7 - 13:25:51] Ghost Hunter took a vest for their car out of the LSPD locker at a personal cost of $3,000.
[2016/2/7 - 13:25:53] Ghost Hunter took a vest out of the LSPD locker at a personal cost of $2,500.
[2016/2/7 - 14:00:50] The faction vault is at $64,750,473
[2016/2/7 - 14:00:50] SA Gov Paid $145,000 to LSPD budget fund.
[2016/2/7 - 14:13:08] Ghost Hunter took a vest for their car out of the LSPD locker at a personal cost of $3,000.
[2016/2/7 - 14:13:09] Ghost Hunter took a vest out of the LSPD locker at a personal cost of $2,500.
[2016/2/7 - 14:54:43] EVO Shark has been arrested by Ghost Hunter and fined $30000. $10000 has been sent to LSPD's budget fund.
[2016/2/7 - 15:00:11] The faction vault is at $64,905,473
[2016/2/7 - 15:00:11] SA Gov Paid $145,000 to LSPD budget fund.
[2016/2/7 - 15:27:29] Ghost Hunter took a vest for their car out of the LSPD locker at a personal cost of $3,000.
[2016/2/7 - 15:27:31] Ghost Hunter took a vest out of the LSPD locker at a personal cost of $2,500.
[2016/2/7 - 15:52:32] Ghost Hunter took a vest for their car out of the LSPD locker at a personal cost of $3,000.
[2016/2/7 - 15:52:34] Ghost Hunter took a vest out of the LSPD locker at a personal cost of $2,500.
[2016/2/7 - 16:00:33] The faction vault is at $65,050,473
[2016/2/7 - 16:00:33] SA Gov Paid $145,000 to LSPD budget fund.
[2016/2/7 - 17:00:49] The faction vault is at $65,195,473
[2016/2/7 - 17:00:49] SA Gov Paid $145,000 to LSPD budget fund.
[2016/2/7 - 18:00:36] The faction vault is at $65,340,473
[2016/2/7 - 18:00:36] SA Gov Paid $145,000 to LSPD budget fund.
[2016/2/7 - 19:00:38] The faction vault is at $65,485,473
[2016/2/7 - 19:00:39] SA Gov Paid $145,000 to LSPD budget fund.
[2016/2/7 - 20:00:23] The faction vault is at $65,630,473
[2016/2/7 - 20:00:23] SA Gov Paid $145,000 to LSPD budget fund.
[2016/2/7 - 21:00:10] The faction vault is at $65,775,473
[2016/2/7 - 21:00:10] SA Gov Paid $145,000 to LSPD budget fund.
[2016/2/7 - 22:00:30] The faction vault is at $65,920,473
[2016/2/7 - 22:00:30] SA Gov Paid $145,000 to LSPD budget fund.
[2016/2/7 - 23:00:38] The faction vault is at $66,065,473
[2016/2/7 - 23:00:39] SA Gov Paid $145,000 to LSPD budget fund.
